number,value,datetime_start,datetime_complete,duration,params_dropout_rate,params_learning_rate,params_weight_decay,user_attrs_best_val_metrics,user_attrs_model_name,user_attrs_train_loss_history,user_attrs_val_loss_history,user_attrs_val_overall_metrics_history,state
10,0.8275862068965517,2026-07-29 17:15:32.561600,2026-07-29 17:19:16.296398,0 days 00:03:43.734798,0.5,0.0720697219669244,1.4768182810242165e-05,"{'overall': {'n': 31, 'accuracy': 0.8387096774193549, 'precision': 0.8, 'recall': 0.8571428571428571, 'sensitivity': 0.8571428571428571, 'specificity': 0.8235294117647058, 'balanced_accuracy': 0.8403361344537814, 'f1': 0.8275862068965517, 'confusion_matrix': [[14, 3], [2, 12]], 'auc': 0.8445378151260504, 'roc_curve': {'fpr': [0.0, 0.11764705882352941, 0.11764705882352941, 0.11764705882352941, 0.17647058823529413, 0.17647058823529413, 0.4117647058823529, 0.4117647058823529, 1.0], 'tpr': [0.0, 0.2857142857142857, 0.42857142857142855, 0.6428571428571429, 0.6428571428571429, 0.8571428571428571, 0.8571428571428571, 1.0, 1.0]}}, 'India': {'n': 14, 'accuracy': 0.7142857142857143, 'precision': 0.8, 'recall': 0.8, 'sensitivity': 0.8, 'specificity': 0.5, 'balanced_accuracy': 0.65, 'f1': 0.8, 'confusion_matrix': [[2, 2], [2, 8]], 'auc': 0.6375, 'roc_curve': {'fpr': [0.0, 0.25, 0.25, 0.25, 0.5, 0.5, 1.0], 'tpr': [0.0, 0.1, 0.3, 0.5, 0.5, 1.0, 1.0]}}, 'Italy': {'n': 17, 'accuracy': 0.9411764705882353, 'precision': 0.8, 'recall': 1.0, 'sensitivity': 1.0, 'specificity': 0.9230769230769231, 'balanced_accuracy': 0.9615384615384616, 'f1': 0.8888888888888888, 'confusion_matrix': [[12, 1], [0, 4]], 'auc': 0.951923076923077, 'roc_curve': {'fpr': [0.0, 0.07692307692307693, 0.07692307692307693, 1.0], 'tpr': [0.0, 0.75, 1.0, 1.0]}}}",vit_l_16_forniceal_palpebral_v2,"[4.120327024334142, 2.468760422298172, 2.6524624759648123, 2.046453979918036, 2.88444861587213, 5.164958078034365, 4.79804988783233, 3.587025837022431, 1.1227002111421962, 3.4734980216643123, 4.5454764722966825, 1.9206773219380662, 2.196927703157172]","[2.4779954321922792, 3.010141227274172, 3.2383247587469315, 3.4309523624758564, 4.22467694834115, 1.7782069188692877, 6.510251399009459, 3.1209068798249766, 5.698459486326864, 11.387462462148358, 3.32480406017238, 3.1315929235950595, 7.762494210315298]","[{'accuracy': 0.6774193548387096, 'f1': 0.6428571428571429, 'sensitivity': 0.6428571428571429, 'specificity': 0.7058823529411765}, {'accuracy': 0.6451612903225806, 'f1': 0.5217391304347826, 'sensitivity': 0.42857142857142855, 'specificity': 0.8235294117647058}, {'accuracy': 0.6451612903225806, 'f1': 0.5217391304347826, 'sensitivity': 0.42857142857142855, 'specificity': 0.8235294117647058}, {'accuracy': 0.5806451612903226, 'f1': 0.48, 'sensitivity': 0.42857142857142855, 'specificity': 0.7058823529411765}, {'accuracy': 0.6451612903225806, 'f1': 0.47619047619047616, 'sensitivity': 0.35714285714285715, 'specificity': 0.8823529411764706}, {'accuracy': 0.8387096774193549, 'f1': 0.8275862068965517, 'sensitivity': 0.8571428571428571, 'specificity': 0.8235294117647058}, {'accuracy': 0.5483870967741935, 'f1': 0.6666666666666666, 'sensitivity': 1.0, 'specificity': 0.17647058823529413}, {'accuracy': 0.7419354838709677, 'f1': 0.7647058823529411, 'sensitivity': 0.9285714285714286, 'specificity': 0.5882352941176471}, {'accuracy': 0.6129032258064516, 'f1': 0.45454545454545453, 'sensitivity': 0.35714285714285715, 'specificity': 0.8235294117647058}, {'accuracy': 0.4838709677419355, 'f1': 0.6363636363636364, 'sensitivity': 1.0, 'specificity': 0.058823529411764705}, {'accuracy': 0.7419354838709677, 'f1': 0.6666666666666666, 'sensitivity': 0.5714285714285714, 'specificity': 0.8823529411764706}, {'accuracy': 0.7419354838709677, 'f1': 0.7142857142857143, 'sensitivity': 0.7142857142857143, 'specificity': 0.7647058823529411}, {'accuracy': 0.6451612903225806, 'f1': 0.47619047619047616, 'sensitivity': 0.35714285714285715, 'specificity': 0.8823529411764706}]",COMPLETE
11,0.8,2026-07-29 17:19:16.296815,2026-07-29 17:23:50.448146,0 days 00:04:34.151331,0.5,0.0051986853853332885,0.0001398005360250269,"{'overall': {'n': 31, 'accuracy': 0.8064516129032258, 'precision': 0.75, 'recall': 0.8571428571428571, 'sensitivity': 0.8571428571428571, 'specificity': 0.7647058823529411, 'balanced_accuracy': 0.8109243697478992, 'f1': 0.8, 'confusion_matrix': [[13, 4], [2, 12]], 'auc': 0.8487394957983193, 'roc_curve': {'fpr': [0.0, 0.0, 0.0, 0.058823529411764705, 0.058823529411764705, 0.11764705882352941, 0.11764705882352941, 0.23529411764705882, 0.23529411764705882, 0.29411764705882354, 0.29411764705882354, 0.47058823529411764, 0.47058823529411764, 1.0], 'tpr': [0.0, 0.07142857142857142, 0.21428571428571427, 0.21428571428571427, 0.2857142857142857, 0.2857142857142857, 0.6428571428571429, 0.6428571428571429, 0.8571428571428571, 0.8571428571428571, 0.9285714285714286, 0.9285714285714286, 1.0, 1.0]}}, 'India': {'n': 14, 'accuracy': 0.7857142857142857, 'precision': 0.8888888888888888, 'recall': 0.8, 'sensitivity': 0.8, 'specificity': 0.75, 'balanced_accuracy': 0.775, 'f1': 0.8421052631578947, 'confusion_matrix': [[3, 1], [2, 8]], 'auc': 0.725, 'roc_curve': {'fpr': [0.0, 0.25, 0.25, 0.5, 0.5, 1.0], 'tpr': [0.0, 0.0, 0.9, 0.9, 1.0, 1.0]}}, 'Italy': {'n': 17, 'accuracy': 0.8235294117647058, 'precision': 0.5714285714285714, 'recall': 1.0, 'sensitivity': 1.0, 'specificity': 0.7692307692307693, 'balanced_accuracy': 0.8846153846153846, 'f1': 0.7272727272727273, 'confusion_matrix': [[10, 3], [0, 4]], 'auc': 0.9807692307692308, 'roc_curve': {'fpr': [0.0, 0.0, 0.0, 0.07692307692307693, 0.07692307692307693, 1.0], 'tpr': [0.0, 0.25, 0.75, 0.75, 1.0, 1.0]}}}",vit_l_16_forniceal_palpebral_v2,"[0.9884760996111396, 0.7115072522844587, 0.5369210018187153, 0.5302178245417926, 0.4695208484218234, 0.5242819873755481, 0.48228024260527425, 0.41588206193885024, 0.390968726808522, 0.45420981284712447, 0.4403320904694447, 0.39494747207278297, 0.3383168657215274, 0.4153008656639631, 0.5108434213262026, 0.531527245125803]","[0.8123847428829439, 0.7187983061998121, 0.7372002654498623, 0.6462223462520107, 0.7245025298287792, 0.6043340227296276, 0.760252716079835, 0.8207549767628792, 0.5775616293953311, 0.6150155730785862, 0.7348054673883223, 0.6052447504574253, 0.6171197915269483, 0.8865918793505237, 0.6126216611554546, 0.6157682836055756]","[{'accuracy': 0.6451612903225806, 'f1': 0.5217391304347826, 'sensitivity': 0.42857142857142855, 'specificity': 0.8235294117647058}, {'accuracy': 0.7419354838709677, 'f1': 0.6363636363636364, 'sensitivity': 0.5, 'specificity': 0.9411764705882353}, {'accuracy': 0.6451612903225806, 'f1': 0.5217391304347826, 'sensitivity': 0.42857142857142855, 'specificity': 0.8235294117647058}, {'accuracy': 0.7419354838709677, 'f1': 0.75, 'sensitivity': 0.8571428571428571, 'specificity': 0.6470588235294118}, {'accuracy': 0.6451612903225806, 'f1': 0.5217391304347826, 'sensitivity': 0.42857142857142855, 'specificity': 0.8235294117647058}, {'accuracy': 0.7741935483870968, 'f1': 0.7586206896551724, 'sensitivity': 0.7857142857142857, 'specificity': 0.7647058823529411}, {'accuracy': 0.7096774193548387, 'f1': 0.7428571428571429, 'sensitivity': 0.9285714285714286, 'specificity': 0.5294117647058824}, {'accuracy': 0.6451612903225806, 'f1': 0.47619047619047616, 'sensitivity': 0.35714285714285715, 'specificity': 0.8823529411764706}, {'accuracy': 0.7741935483870968, 'f1': 0.7741935483870968, 'sensitivity': 0.8571428571428571, 'specificity': 0.7058823529411765}, {'accuracy': 0.7419354838709677, 'f1': 0.6923076923076923, 'sensitivity': 0.6428571428571429, 'specificity': 0.8235294117647058}, {'accuracy': 0.6774193548387096, 'f1': 0.5454545454545454, 'sensitivity': 0.42857142857142855, 'specificity': 0.8823529411764706}, {'accuracy': 0.7419354838709677, 'f1': 0.7142857142857143, 'sensitivity': 0.7142857142857143, 'specificity': 0.7647058823529411}, {'accuracy': 0.7741935483870968, 'f1': 0.7407407407407407, 'sensitivity': 0.7142857142857143, 'specificity': 0.8235294117647058}, {'accuracy': 0.6774193548387096, 'f1': 0.5454545454545454, 'sensitivity': 0.42857142857142855, 'specificity': 0.8823529411764706}, {'accuracy': 0.8064516129032258, 'f1': 0.8, 'sensitivity': 0.8571428571428571, 'specificity': 0.7647058823529411}, {'accuracy': 0.7419354838709677, 'f1': 0.7647058823529411, 'sensitivity': 0.9285714285714286, 'specificity': 0.5882352941176471}]",COMPLETE
