number,value,datetime_start,datetime_complete,duration,params_dropout_rate,params_learning_rate,params_weight_decay,user_attrs_best_val_metrics,user_attrs_model_name,user_attrs_train_loss_history,user_attrs_val_loss_history,user_attrs_val_overall_metrics_history,state
11,0.7878787878787878,2026-07-29 10:19:43.947768,2026-07-29 10:20:08.961884,0 days 00:00:25.014116,0.2,0.00010456212519927677,3.5710047510092684e-05,"{'overall': {'n': 33, 'accuracy': 0.7878787878787878, 'precision': 0.6842105263157895, 'recall': 0.9285714285714286, 'sensitivity': 0.9285714285714286, 'specificity': 0.6842105263157895, 'balanced_accuracy': 0.8063909774436091, 'f1': 0.7878787878787878, 'confusion_matrix': [[13, 6], [1, 13]], 'auc': 0.8082706766917294, 'roc_curve': {'fpr': [0.0, 0.0, 0.0, 0.05263157894736842, 0.05263157894736842, 0.3157894736842105, 0.3157894736842105, 1.0], 'tpr': [0.0, 0.07142857142857142, 0.21428571428571427, 0.21428571428571427, 0.42857142857142855, 0.42857142857142855, 1.0, 1.0]}}, 'India': {'n': 14, 'accuracy': 0.7142857142857143, 'precision': 0.75, 'recall': 0.9, 'sensitivity': 0.9, 'specificity': 0.25, 'balanced_accuracy': 0.575, 'f1': 0.8181818181818182, 'confusion_matrix': [[1, 3], [1, 9]], 'auc': 0.5, 'roc_curve': {'fpr': [0.0, 0.0, 0.0, 0.25, 0.25, 0.75, 0.75, 1.0], 'tpr': [0.0, 0.1, 0.2, 0.2, 0.4, 0.4, 1.0, 1.0]}}, 'Italy': {'n': 19, 'accuracy': 0.8421052631578947, 'precision': 0.5714285714285714, 'recall': 1.0, 'sensitivity': 1.0, 'specificity': 0.8, 'balanced_accuracy': 0.9, 'f1': 0.7272727272727273, 'confusion_matrix': [[12, 3], [0, 4]], 'auc': 0.9, 'roc_curve': {'fpr': [0.0, 0.0, 0.0, 0.2, 0.2, 1.0], 'tpr': [0.0, 0.25, 0.5, 0.5, 1.0, 1.0]}}}",regnet_y_400mf_palpebral_v2,"[0.9138185818069029, 0.8358680878253962, 0.8117846945263693, 0.7536726147923248, 0.7642018202914308, 0.7418004171737772, 0.7459474936226346, 0.7545596321687004, 0.7364010672695589, 0.7049043304872828, 0.7399396868731012, 0.7428001583806726, 0.7033439428601044, 0.7177880382695735, 0.6932711005210876, 0.7121324215503718, 0.7182056051216378, 0.6892948478262946, 0.7023921044457038, 0.6853918089771902, 0.6939190886668022, 0.6405173303275709, 0.6876462433511847, 0.6433731084627821, 0.68559889564451, 0.6588077391220244, 0.641518550203336, 0.6389637735505768, 0.6804484440790897, 0.6751629516778402, 0.6273798946513246, 0.7000648781953268, 0.63532765772169, 0.6392238870361783, 0.6591790567170706, 0.6014434118934026, 0.638268575368338, 0.6418260706971023, 0.6463218019498105, 0.6385599623452749, 0.6473204114579207, 0.6257518058186335, 0.6351563587093985]","[0.8791507030978347, 0.8498870495593909, 0.81174139362393, 0.8214913444085554, 0.831329163276788, 0.8253285523616907, 0.7737759965838809, 0.7977235281106198, 0.7977529276501049, 0.7777492096929839, 0.7794816385615956, 0.790430056326317, 0.7775578751708522, 0.7480188752665664, 0.7393878030054497, 0.7580886573502512, 0.7771462057576035, 0.7601301101121035, 0.7426542368802157, 0.7466954245711818, 0.7318504434643369, 0.7376849940328887, 0.7212934430801508, 0.7492178768822642, 0.7301923740993846, 0.723890893387072, 0.6897256789785443, 0.6966073856209264, 0.7022514216827623, 0.736802005406582, 0.7058093294952855, 0.7008193099137509, 0.6886412085908832, 0.6725630326704546, 0.6757135589917501, 0.6684130791461829, 0.6807110779213182, 0.6967033364556052, 0.680988528511741, 0.6733527328028823, 0.6947974201404687, 0.6872363831057693, 0.684769251129844]","[{'accuracy': 0.5757575757575758, 'f1': 0.0, 'sensitivity': 0.0, 'specificity': 1.0}, {'accuracy': 0.5757575757575758, 'f1': 0.0, 'sensitivity': 0.0, 'specificity': 1.0}, {'accuracy': 0.6363636363636364, 'f1': 0.4, 'sensitivity': 0.2857142857142857, 'specificity': 0.8947368421052632}, {'accuracy': 0.48484848484848486, 'f1': 0.32, 'sensitivity': 0.2857142857142857, 'specificity': 0.631578947368421}, {'accuracy': 0.48484848484848486, 'f1': 0.41379310344827586, 'sensitivity': 0.42857142857142855, 'specificity': 0.5263157894736842}, {'accuracy': 0.45454545454545453, 'f1': 0.4, 'sensitivity': 0.42857142857142855, 'specificity': 0.47368421052631576}, {'accuracy': 0.6060606060606061, 'f1': 0.5517241379310345, 'sensitivity': 0.5714285714285714, 'specificity': 0.631578947368421}, {'accuracy': 0.5454545454545454, 'f1': 0.4827586206896552, 'sensitivity': 0.5, 'specificity': 0.5789473684210527}, {'accuracy': 0.3939393939393939, 'f1': 0.4117647058823529, 'sensitivity': 0.5, 'specificity': 0.3157894736842105}, {'accuracy': 0.6060606060606061, 'f1': 0.5185185185185185, 'sensitivity': 0.5, 'specificity': 0.6842105263157895}, {'accuracy': 0.6060606060606061, 'f1': 0.5517241379310345, 'sensitivity': 0.5714285714285714, 'specificity': 0.631578947368421}, {'accuracy': 0.5757575757575758, 'f1': 0.5, 'sensitivity': 0.5, 'specificity': 0.631578947368421}, {'accuracy': 0.5151515151515151, 'f1': 0.42857142857142855, 'sensitivity': 0.42857142857142855, 'specificity': 0.5789473684210527}, {'accuracy': 0.5454545454545454, 'f1': 0.5454545454545454, 'sensitivity': 0.6428571428571429, 'specificity': 0.47368421052631576}, {'accuracy': 0.6363636363636364, 'f1': 0.625, 'sensitivity': 0.7142857142857143, 'specificity': 0.5789473684210527}, {'accuracy': 0.6060606060606061, 'f1': 0.5517241379310345, 'sensitivity': 0.5714285714285714, 'specificity': 0.631578947368421}, {'accuracy': 0.5757575757575758, 'f1': 0.46153846153846156, 'sensitivity': 0.42857142857142855, 'specificity': 0.6842105263157895}, {'accuracy': 0.6666666666666666, 'f1': 0.56, 'sensitivity': 0.5, 'specificity': 0.7894736842105263}, {'accuracy': 0.6666666666666666, 'f1': 0.5925925925925926, 'sensitivity': 0.5714285714285714, 'specificity': 0.7368421052631579}, {'accuracy': 0.6363636363636364, 'f1': 0.5714285714285714, 'sensitivity': 0.5714285714285714, 'specificity': 0.6842105263157895}, {'accuracy': 0.6060606060606061, 'f1': 0.5517241379310345, 'sensitivity': 0.5714285714285714, 'specificity': 0.631578947368421}, {'accuracy': 0.5757575757575758, 'f1': 0.5333333333333333, 'sensitivity': 0.5714285714285714, 'specificity': 0.5789473684210527}, {'accuracy': 0.6060606060606061, 'f1': 0.5806451612903226, 'sensitivity': 0.6428571428571429, 'specificity': 0.5789473684210527}, {'accuracy': 0.5757575757575758, 'f1': 0.5333333333333333, 'sensitivity': 0.5714285714285714, 'specificity': 0.5789473684210527}, {'accuracy': 0.6363636363636364, 'f1': 0.6, 'sensitivity': 0.6428571428571429, 'specificity': 0.631578947368421}, {'accuracy': 0.6363636363636364, 'f1': 0.5714285714285714, 'sensitivity': 0.5714285714285714, 'specificity': 0.6842105263157895}, {'accuracy': 0.7272727272727273, 'f1': 0.7096774193548387, 'sensitivity': 0.7857142857142857, 'specificity': 0.6842105263157895}, {'accuracy': 0.696969696969697, 'f1': 0.6153846153846154, 'sensitivity': 0.5714285714285714, 'specificity': 0.7894736842105263}, {'accuracy': 0.6363636363636364, 'f1': 0.5714285714285714, 'sensitivity': 0.5714285714285714, 'specificity': 0.6842105263157895}, {'accuracy': 0.6666666666666666, 'f1': 0.56, 'sensitivity': 0.5, 'specificity': 0.7894736842105263}, {'accuracy': 0.696969696969697, 'f1': 0.6428571428571429, 'sensitivity': 0.6428571428571429, 'specificity': 0.7368421052631579}, {'accuracy': 0.696969696969697, 'f1': 0.6428571428571429, 'sensitivity': 0.6428571428571429, 'specificity': 0.7368421052631579}, {'accuracy': 0.7272727272727273, 'f1': 0.6896551724137931, 'sensitivity': 0.7142857142857143, 'specificity': 0.7368421052631579}, {'accuracy': 0.7575757575757576, 'f1': 0.75, 'sensitivity': 0.8571428571428571, 'specificity': 0.6842105263157895}, {'accuracy': 0.7575757575757576, 'f1': 0.75, 'sensitivity': 0.8571428571428571, 'specificity': 0.6842105263157895}, {'accuracy': 0.7878787878787878, 'f1': 0.7878787878787878, 'sensitivity': 0.9285714285714286, 'specificity': 0.6842105263157895}, {'accuracy': 0.696969696969697, 'f1': 0.6666666666666666, 'sensitivity': 0.7142857142857143, 'specificity': 0.6842105263157895}, {'accuracy': 0.696969696969697, 'f1': 0.6153846153846154, 'sensitivity': 0.5714285714285714, 'specificity': 0.7894736842105263}, {'accuracy': 0.6363636363636364, 'f1': 0.5714285714285714, 'sensitivity': 0.5714285714285714, 'specificity': 0.6842105263157895}, {'accuracy': 0.7272727272727273, 'f1': 0.7096774193548387, 'sensitivity': 0.7857142857142857, 'specificity': 0.6842105263157895}, {'accuracy': 0.7575757575757576, 'f1': 0.7333333333333333, 'sensitivity': 0.7857142857142857, 'specificity': 0.7368421052631579}, {'accuracy': 0.7575757575757576, 'f1': 0.7333333333333333, 'sensitivity': 0.7857142857142857, 'specificity': 0.7368421052631579}, {'accuracy': 0.7272727272727273, 'f1': 0.6896551724137931, 'sensitivity': 0.7142857142857143, 'specificity': 0.7368421052631579}]",COMPLETE
