number,value,datetime_start,datetime_complete,duration,params_dropout_rate,params_learning_rate,params_weight_decay,user_attrs_best_val_metrics,user_attrs_model_name,user_attrs_train_loss_history,user_attrs_val_loss_history,user_attrs_val_overall_metrics_history,state
6,0.7878787878787878,2026-07-29 10:17:48.715386,2026-07-29 10:18:01.750792,0 days 00:00:13.035406,0.5,0.0023345864076016252,0.0002267398652378039,"{'overall': {'n': 33, 'accuracy': 0.7878787878787878, 'precision': 0.6842105263157895, 'recall': 0.9285714285714286, 'sensitivity': 0.9285714285714286, 'specificity': 0.6842105263157895, 'balanced_accuracy': 0.8063909774436091, 'f1': 0.7878787878787878, 'confusion_matrix': [[13, 6], [1, 13]], 'auc': 0.8421052631578947, 'roc_curve': {'fpr': [0.0, 0.05263157894736842, 0.05263157894736842, 0.10526315789473684, 0.10526315789473684, 0.15789473684210525, 0.15789473684210525, 0.21052631578947367, 0.21052631578947367, 0.3157894736842105, 0.3157894736842105, 1.0], 'tpr': [0.0, 0.0, 0.35714285714285715, 0.35714285714285715, 0.5714285714285714, 0.5714285714285714, 0.6428571428571429, 0.6428571428571429, 0.7142857142857143, 0.7142857142857143, 1.0, 1.0]}}, 'India': {'n': 14, 'accuracy': 0.7142857142857143, 'precision': 0.75, 'recall': 0.9, 'sensitivity': 0.9, 'specificity': 0.25, 'balanced_accuracy': 0.575, 'f1': 0.8181818181818182, 'confusion_matrix': [[1, 3], [1, 9]], 'auc': 0.5, 'roc_curve': {'fpr': [0.0, 0.25, 0.25, 0.5, 0.5, 0.75, 0.75, 1.0], 'tpr': [0.0, 0.0, 0.4, 0.4, 0.6, 0.6, 1.0, 1.0]}}, 'Italy': {'n': 19, 'accuracy': 0.8421052631578947, 'precision': 0.5714285714285714, 'recall': 1.0, 'sensitivity': 1.0, 'specificity': 0.8, 'balanced_accuracy': 0.9, 'f1': 0.7272727272727273, 'confusion_matrix': [[12, 3], [0, 4]], 'auc': 0.9666666666666667, 'roc_curve': {'fpr': [0.0, 0.0, 0.0, 0.13333333333333333, 0.13333333333333333, 1.0], 'tpr': [0.0, 0.25, 0.75, 0.75, 1.0, 1.0]}}}",regnet_y_400mf_palpebral_v2,"[0.8379002205583433, 0.7848215932088183, 0.6963751245018662, 0.649602185811428, 0.6134590143399523, 0.6578127801023572, 0.6203679477931648, 0.6447125199614772, 0.5714207078447405, 0.5441311487298928, 0.5553410140094378, 0.6051623584418897, 0.6142357643076916, 0.5946135524882387, 0.5547124514516616, 0.5226842571568016, 0.5543695013254684, 0.572276926988008, 0.6713632155727867, 0.5731711286977427, 0.6124837463659956, 0.48206754275505115]","[0.8999720920215953, 0.7573432416626902, 0.7164566625248302, 0.6611903815558462, 0.6216793349294951, 0.610675679914879, 0.6493690158381606, 0.598665739550735, 0.6054583498925874, 0.5678088773380626, 0.560141202175256, 0.5603958115433202, 0.5487329995993412, 0.5801543250228419, 0.5206844156438654, 0.5294624530907833, 0.5380359490712484, 0.5248093388297341, 0.5542983647548791, 0.5569405808593287, 0.5565075476964315, 0.5482867016936793]","[{'accuracy': 0.42424242424242425, 'f1': 0.5957446808510638, 'sensitivity': 1.0, 'specificity': 0.0}, {'accuracy': 0.5757575757575758, 'f1': 0.5625, 'sensitivity': 0.6428571428571429, 'specificity': 0.5263157894736842}, {'accuracy': 0.6666666666666666, 'f1': 0.6857142857142857, 'sensitivity': 0.8571428571428571, 'specificity': 0.5263157894736842}, {'accuracy': 0.7272727272727273, 'f1': 0.7272727272727273, 'sensitivity': 0.8571428571428571, 'specificity': 0.631578947368421}, {'accuracy': 0.696969696969697, 'f1': 0.6666666666666666, 'sensitivity': 0.7142857142857143, 'specificity': 0.6842105263157895}, {'accuracy': 0.7272727272727273, 'f1': 0.7096774193548387, 'sensitivity': 0.7857142857142857, 'specificity': 0.6842105263157895}, {'accuracy': 0.6666666666666666, 'f1': 0.5925925925925926, 'sensitivity': 0.5714285714285714, 'specificity': 0.7368421052631579}, {'accuracy': 0.696969696969697, 'f1': 0.6666666666666666, 'sensitivity': 0.7142857142857143, 'specificity': 0.6842105263157895}, {'accuracy': 0.7575757575757576, 'f1': 0.7142857142857143, 'sensitivity': 0.7142857142857143, 'specificity': 0.7894736842105263}, {'accuracy': 0.7575757575757576, 'f1': 0.7142857142857143, 'sensitivity': 0.7142857142857143, 'specificity': 0.7894736842105263}, {'accuracy': 0.7878787878787878, 'f1': 0.7878787878787878, 'sensitivity': 0.9285714285714286, 'specificity': 0.6842105263157895}, {'accuracy': 0.7272727272727273, 'f1': 0.6896551724137931, 'sensitivity': 0.7142857142857143, 'specificity': 0.7368421052631579}, {'accuracy': 0.7878787878787878, 'f1': 0.7878787878787878, 'sensitivity': 0.9285714285714286, 'specificity': 0.6842105263157895}, {'accuracy': 0.7878787878787878, 'f1': 0.7407407407407407, 'sensitivity': 0.7142857142857143, 'specificity': 0.8421052631578947}, {'accuracy': 0.7878787878787878, 'f1': 0.7878787878787878, 'sensitivity': 0.9285714285714286, 'specificity': 0.6842105263157895}, {'accuracy': 0.7272727272727273, 'f1': 0.7096774193548387, 'sensitivity': 0.7857142857142857, 'specificity': 0.6842105263157895}, {'accuracy': 0.7272727272727273, 'f1': 0.7096774193548387, 'sensitivity': 0.7857142857142857, 'specificity': 0.6842105263157895}, {'accuracy': 0.7575757575757576, 'f1': 0.7333333333333333, 'sensitivity': 0.7857142857142857, 'specificity': 0.7368421052631579}, {'accuracy': 0.7878787878787878, 'f1': 0.7878787878787878, 'sensitivity': 0.9285714285714286, 'specificity': 0.6842105263157895}, {'accuracy': 0.7272727272727273, 'f1': 0.7096774193548387, 'sensitivity': 0.7857142857142857, 'specificity': 0.6842105263157895}, {'accuracy': 0.7878787878787878, 'f1': 0.7878787878787878, 'sensitivity': 0.9285714285714286, 'specificity': 0.6842105263157895}, {'accuracy': 0.7575757575757576, 'f1': 0.7333333333333333, 'sensitivity': 0.7857142857142857, 'specificity': 0.7368421052631579}]",COMPLETE
7,0.8484848484848485,2026-07-29 10:18:01.751217,2026-07-29 10:18:12.329650,0 days 00:00:10.578433,0.2,0.005987474910461402,1.3783237455007196e-06,"{'overall': {'n': 33, 'accuracy': 0.8484848484848485, 'precision': 0.7368421052631579, 'recall': 1.0, 'sensitivity': 1.0, 'specificity': 0.7368421052631579, 'balanced_accuracy': 0.868421052631579, 'f1': 0.8484848484848485, 'confusion_matrix': [[14, 5], [0, 14]], 'auc': 0.830827067669173, 'roc_curve': {'fpr': [0.0, 0.05263157894736842, 0.05263157894736842, 0.10526315789473684, 0.10526315789473684, 0.21052631578947367, 0.21052631578947367, 0.2631578947368421, 0.2631578947368421, 1.0], 'tpr': [0.0, 0.0, 0.2857142857142857, 0.2857142857142857, 0.42857142857142855, 0.42857142857142855, 0.6428571428571429, 0.6428571428571429, 1.0, 1.0]}}, 'India': {'n': 14, 'accuracy': 0.7857142857142857, 'precision': 0.7692307692307693, 'recall': 1.0, 'sensitivity': 1.0, 'specificity': 0.25, 'balanced_accuracy': 0.625, 'f1': 0.8695652173913043, 'confusion_matrix': [[1, 3], [0, 10]], 'auc': 0.425, 'roc_curve': {'fpr': [0.0, 0.25, 0.25, 0.5, 0.5, 0.75, 0.75, 1.0], 'tpr': [0.0, 0.0, 0.3, 0.3, 0.4, 0.4, 1.0, 1.0]}}, 'Italy': {'n': 19, 'accuracy': 0.8947368421052632, 'precision': 0.6666666666666666, 'recall': 1.0, 'sensitivity': 1.0, 'specificity': 0.8666666666666667, 'balanced_accuracy': 0.9333333333333333, 'f1': 0.8, 'confusion_matrix': [[13, 2], [0, 4]], 'auc': 0.9666666666666667, 'roc_curve': {'fpr': [0.0, 0.0, 0.0, 0.06666666666666667, 0.06666666666666667, 1.0], 'tpr': [0.0, 0.25, 0.5, 0.5, 1.0, 1.0]}}}",regnet_y_400mf_palpebral_v2,"[0.7687473668167922, 0.5915682584244684, 0.5276663406005758, 0.5024156483593366, 0.5126120947449413, 0.4113559979476676, 0.579728703230422, 0.6281961992086954, 0.6817919134304223, 0.5426396573616179, 0.5291874775823379, 0.5159437293248461, 0.5221147770123766, 0.48783122328732975, 0.5284988496279874, 0.5187487985124651, 0.5454884132012626, 0.5012783443690926]","[0.7298602696621057, 0.6221577254208651, 0.5713461167884596, 0.5580472621050748, 0.5219909422325365, 0.5074817592447455, 0.5161228396675803, 0.5548369162010424, 0.6536932930801854, 0.5027484568682584, 0.479247378580498, 0.48801845131498395, 0.5147674589446096, 0.5373826026916504, 0.5767527638059674, 0.5024159026868416, 0.5011665965571548, 0.5222026218067516]","[{'accuracy': 0.6060606060606061, 'f1': 0.3157894736842105, 'sensitivity': 0.21428571428571427, 'specificity': 0.8947368421052632}, {'accuracy': 0.7575757575757576, 'f1': 0.7777777777777778, 'sensitivity': 1.0, 'specificity': 0.5789473684210527}, {'accuracy': 0.8484848484848485, 'f1': 0.8484848484848485, 'sensitivity': 1.0, 'specificity': 0.7368421052631579}, {'accuracy': 0.8181818181818182, 'f1': 0.8235294117647058, 'sensitivity': 1.0, 'specificity': 0.6842105263157895}, {'accuracy': 0.7878787878787878, 'f1': 0.7741935483870968, 'sensitivity': 0.8571428571428571, 'specificity': 0.7368421052631579}, {'accuracy': 0.8181818181818182, 'f1': 0.8125, 'sensitivity': 0.9285714285714286, 'specificity': 0.7368421052631579}, {'accuracy': 0.7878787878787878, 'f1': 0.7586206896551724, 'sensitivity': 0.7857142857142857, 'specificity': 0.7894736842105263}, {'accuracy': 0.696969696969697, 'f1': 0.6153846153846154, 'sensitivity': 0.5714285714285714, 'specificity': 0.7894736842105263}, {'accuracy': 0.6363636363636364, 'f1': 0.4, 'sensitivity': 0.2857142857142857, 'specificity': 0.8947368421052632}, {'accuracy': 0.8484848484848485, 'f1': 0.8484848484848485, 'sensitivity': 1.0, 'specificity': 0.7368421052631579}, {'accuracy': 0.8484848484848485, 'f1': 0.8484848484848485, 'sensitivity': 1.0, 'specificity': 0.7368421052631579}, {'accuracy': 0.8181818181818182, 'f1': 0.8, 'sensitivity': 0.8571428571428571, 'specificity': 0.7894736842105263}, {'accuracy': 0.8181818181818182, 'f1': 0.8125, 'sensitivity': 0.9285714285714286, 'specificity': 0.7368421052631579}, {'accuracy': 0.8484848484848485, 'f1': 0.8484848484848485, 'sensitivity': 1.0, 'specificity': 0.7368421052631579}, {'accuracy': 0.7272727272727273, 'f1': 0.6086956521739131, 'sensitivity': 0.5, 'specificity': 0.8947368421052632}, {'accuracy': 0.8181818181818182, 'f1': 0.8125, 'sensitivity': 0.9285714285714286, 'specificity': 0.7368421052631579}, {'accuracy': 0.8484848484848485, 'f1': 0.8484848484848485, 'sensitivity': 1.0, 'specificity': 0.7368421052631579}, {'accuracy': 0.7878787878787878, 'f1': 0.7586206896551724, 'sensitivity': 0.7857142857142857, 'specificity': 0.7894736842105263}]",COMPLETE
8,0.875,2026-07-29 10:18:12.329971,2026-07-29 10:18:36.336734,0 days 00:00:24.006763,0.2,0.00015673095467235422,0.0007025166339242157,"{'overall': {'n': 33, 'accuracy': 0.8787878787878788, 'precision': 0.7777777777777778, 'recall': 1.0, 'sensitivity': 1.0, 'specificity': 0.7894736842105263, 'balanced_accuracy': 0.8947368421052632, 'f1': 0.875, 'confusion_matrix': [[15, 4], [0, 14]], 'auc': 0.8909774436090225, 'roc_curve': {'fpr': [0.0, 0.0, 0.05263157894736842, 0.05263157894736842, 0.10526315789473684, 0.10526315789473684, 0.15789473684210525, 0.15789473684210525, 0.21052631578947367, 0.21052631578947367, 1.0], 'tpr': [0.0, 0.07142857142857142, 0.07142857142857142, 0.5, 0.5, 0.5714285714285714, 0.5714285714285714, 0.7857142857142857, 0.7857142857142857, 1.0, 1.0]}}, 'India': {'n': 14, 'accuracy': 0.8571428571428571, 'precision': 0.8333333333333334, 'recall': 1.0, 'sensitivity': 1.0, 'specificity': 0.5, 'balanced_accuracy': 0.75, 'f1': 0.9090909090909091, 'confusion_matrix': [[2, 2], [0, 10]], 'auc': 0.675, 'roc_curve': {'fpr': [0.0, 0.0, 0.25, 0.25, 0.5, 0.5, 1.0], 'tpr': [0.0, 0.1, 0.1, 0.6, 0.6, 1.0, 1.0]}}, 'Italy': {'n': 19, 'accuracy': 0.8947368421052632, 'precision': 0.6666666666666666, 'recall': 1.0, 'sensitivity': 1.0, 'specificity': 0.8666666666666667, 'balanced_accuracy': 0.9333333333333333, 'f1': 0.8, 'confusion_matrix': [[13, 2], [0, 4]], 'auc': 0.9166666666666667, 'roc_curve': {'fpr': [0.0, 0.0, 0.06666666666666667, 0.06666666666666667, 0.13333333333333333, 0.13333333333333333, 1.0], 'tpr': [0.0, 0.25, 0.25, 0.5, 0.5, 1.0, 1.0]}}}",regnet_y_400mf_palpebral_v2,"[0.8505564150431298, 0.8048052732518177, 0.8056922602337717, 0.8169283590569402, 0.7843064800003506, 0.777680015721858, 0.7800233312789967, 0.7759267056225151, 0.7617690555307249, 0.7555458375949733, 0.7451498196614499, 0.7147571120830561, 0.7179566250731614, 0.7223031469528248, 0.7267820898270765, 0.6713091877122589, 0.7150480739328245, 0.6685829458647217, 0.6154900295844931, 0.6462122434811877, 0.6854533561018129, 0.6750537863630333, 0.6815501660700666, 0.6604700309551315, 0.6461618601881116, 0.6493960907127684, 0.6411770345359449, 0.6433103947055261, 0.6186552292463795, 0.6372725138601089, 0.6130927201138426, 0.605107901506866, 0.6232441450586382, 0.6253752913696087, 0.6128910760216365, 0.6421810578036782, 0.5986265496702383, 0.5845859496798737, 0.6010577283947673, 0.6253098296803354, 0.5630620844316798, 0.5684506668160293]","[0.8156966603163517, 0.8373925613634514, 0.795260367971478, 0.7777755802327936, 0.7160675615975352, 0.6984202356049509, 0.6873440850864757, 0.7207343072602244, 0.6892381834261345, 0.6824434381542783, 0.6821774009502295, 0.6790683215314691, 0.6787973859093406, 0.6757181557742032, 0.6921242782563874, 0.693495284427296, 0.640931329943917, 0.660118579864502, 0.6219418247540792, 0.6234345436096191, 0.6044544505350518, 0.6211300745154872, 0.6249298814571265, 0.6266115127187787, 0.6506813602014021, 0.6051727984890793, 0.5854144674358945, 0.5977895693345503, 0.6049647132555643, 0.6404980132074067, 0.6197726274981643, 0.5775219888398142, 0.5942466728615038, 0.5732291304703915, 0.5595387762243097, 0.5751328901811079, 0.595663971973188, 0.5989700790607568, 0.6276430325074629, 0.6018798080357638, 0.5648468841205944, 0.5715129736698035]","[{'accuracy': 0.42424242424242425, 'f1': 0.4864864864864865, 'sensitivity': 0.6428571428571429, 'specificity': 0.2631578947368421}, {'accuracy': 0.45454545454545453, 'f1': 0.5714285714285714, 'sensitivity': 0.8571428571428571, 'specificity': 0.15789473684210525}, {'accuracy': 0.45454545454545453, 'f1': 0.5909090909090909, 'sensitivity': 0.9285714285714286, 'specificity': 0.10526315789473684}, {'accuracy': 0.5454545454545454, 'f1': 0.6153846153846154, 'sensitivity': 0.8571428571428571, 'specificity': 0.3157894736842105}, {'accuracy': 0.6666666666666666, 'f1': 0.6666666666666666, 'sensitivity': 0.7857142857142857, 'specificity': 0.5789473684210527}, {'accuracy': 0.696969696969697, 'f1': 0.7058823529411765, 'sensitivity': 0.8571428571428571, 'specificity': 0.5789473684210527}, {'accuracy': 0.7272727272727273, 'f1': 0.7272727272727273, 'sensitivity': 0.8571428571428571, 'specificity': 0.631578947368421}, {'accuracy': 0.6666666666666666, 'f1': 0.6857142857142857, 'sensitivity': 0.8571428571428571, 'specificity': 0.5263157894736842}, {'accuracy': 0.7878787878787878, 'f1': 0.8, 'sensitivity': 1.0, 'specificity': 0.631578947368421}, {'accuracy': 0.7878787878787878, 'f1': 0.8, 'sensitivity': 1.0, 'specificity': 0.631578947368421}, {'accuracy': 0.7575757575757576, 'f1': 0.7777777777777778, 'sensitivity': 1.0, 'specificity': 0.5789473684210527}, {'accuracy': 0.7272727272727273, 'f1': 0.7096774193548387, 'sensitivity': 0.7857142857142857, 'specificity': 0.6842105263157895}, {'accuracy': 0.696969696969697, 'f1': 0.6666666666666666, 'sensitivity': 0.7142857142857143, 'specificity': 0.6842105263157895}, {'accuracy': 0.7575757575757576, 'f1': 0.75, 'sensitivity': 0.8571428571428571, 'specificity': 0.6842105263157895}, {'accuracy': 0.7575757575757576, 'f1': 0.7647058823529411, 'sensitivity': 0.9285714285714286, 'specificity': 0.631578947368421}, {'accuracy': 0.8181818181818182, 'f1': 0.8, 'sensitivity': 0.8571428571428571, 'specificity': 0.7894736842105263}, {'accuracy': 0.8181818181818182, 'f1': 0.8, 'sensitivity': 0.8571428571428571, 'specificity': 0.7894736842105263}, {'accuracy': 0.8181818181818182, 'f1': 0.8235294117647058, 'sensitivity': 1.0, 'specificity': 0.6842105263157895}, {'accuracy': 0.8181818181818182, 'f1': 0.8125, 'sensitivity': 0.9285714285714286, 'specificity': 0.7368421052631579}, {'accuracy': 0.8484848484848485, 'f1': 0.8387096774193549, 'sensitivity': 0.9285714285714286, 'specificity': 0.7894736842105263}, {'accuracy': 0.8484848484848485, 'f1': 0.8387096774193549, 'sensitivity': 0.9285714285714286, 'specificity': 0.7894736842105263}, {'accuracy': 0.8787878787878788, 'f1': 0.875, 'sensitivity': 1.0, 'specificity': 0.7894736842105263}, {'accuracy': 0.8181818181818182, 'f1': 0.8, 'sensitivity': 0.8571428571428571, 'specificity': 0.7894736842105263}, {'accuracy': 0.7878787878787878, 'f1': 0.7741935483870968, 'sensitivity': 0.8571428571428571, 'specificity': 0.7368421052631579}, {'accuracy': 0.7878787878787878, 'f1': 0.7741935483870968, 'sensitivity': 0.8571428571428571, 'specificity': 0.7368421052631579}, {'accuracy': 0.8484848484848485, 'f1': 0.8387096774193549, 'sensitivity': 0.9285714285714286, 'specificity': 0.7894736842105263}, {'accuracy': 0.8484848484848485, 'f1': 0.8387096774193549, 'sensitivity': 0.9285714285714286, 'specificity': 0.7894736842105263}, {'accuracy': 0.8787878787878788, 'f1': 0.875, 'sensitivity': 1.0, 'specificity': 0.7894736842105263}, {'accuracy': 0.8484848484848485, 'f1': 0.8484848484848485, 'sensitivity': 1.0, 'specificity': 0.7368421052631579}, {'accuracy': 0.8181818181818182, 'f1': 0.8235294117647058, 'sensitivity': 1.0, 'specificity': 0.6842105263157895}, {'accuracy': 0.8181818181818182, 'f1': 0.8, 'sensitivity': 0.8571428571428571, 'specificity': 0.7894736842105263}, {'accuracy': 0.8787878787878788, 'f1': 0.875, 'sensitivity': 1.0, 'specificity': 0.7894736842105263}, {'accuracy': 0.8787878787878788, 'f1': 0.875, 'sensitivity': 1.0, 'specificity': 0.7894736842105263}, {'accuracy': 0.8787878787878788, 'f1': 0.875, 'sensitivity': 1.0, 'specificity': 0.7894736842105263}, {'accuracy': 0.8787878787878788, 'f1': 0.875, 'sensitivity': 1.0, 'specificity': 0.7894736842105263}, {'accuracy': 0.8787878787878788, 'f1': 0.875, 'sensitivity': 1.0, 'specificity': 0.7894736842105263}, {'accuracy': 0.8484848484848485, 'f1': 0.8387096774193549, 'sensitivity': 0.9285714285714286, 'specificity': 0.7894736842105263}, {'accuracy': 0.8484848484848485, 'f1': 0.8387096774193549, 'sensitivity': 0.9285714285714286, 'specificity': 0.7894736842105263}, {'accuracy': 0.8181818181818182, 'f1': 0.8125, 'sensitivity': 0.9285714285714286, 'specificity': 0.7368421052631579}, {'accuracy': 0.8484848484848485, 'f1': 0.8484848484848485, 'sensitivity': 1.0, 'specificity': 0.7368421052631579}, {'accuracy': 0.8484848484848485, 'f1': 0.8387096774193549, 'sensitivity': 0.9285714285714286, 'specificity': 0.7894736842105263}, {'accuracy': 0.8484848484848485, 'f1': 0.8387096774193549, 'sensitivity': 0.9285714285714286, 'specificity': 0.7894736842105263}]",COMPLETE
