number,value,datetime_start,datetime_complete,duration,params_dropout_rate,params_learning_rate,params_weight_decay,user_attrs_best_val_metrics,user_attrs_model_name,user_attrs_train_loss_history,user_attrs_val_loss_history,user_attrs_val_overall_metrics_history,state
4,0.8888888888888888,2026-08-09 02:37:22.649434,2026-08-09 02:38:39.673506,0 days 00:01:17.024072,0.2,0.0008179499475211679,3.752055855124284e-05,"{'overall': {'n': 33, 'accuracy': 0.9090909090909091, 'precision': 0.9230769230769231, 'recall': 0.8571428571428571, 'sensitivity': 0.8571428571428571, 'specificity': 0.9473684210526315, 'balanced_accuracy': 0.9022556390977443, 'f1': 0.8888888888888888, 'confusion_matrix': [[18, 1], [2, 12]], 'auc': 0.9511278195488722, 'roc_curve': {'fpr': [0.0, 0.0, 0.0, 0.05263157894736842, 0.05263157894736842, 0.10526315789473684, 0.10526315789473684, 0.3157894736842105, 0.3157894736842105, 1.0], 'tpr': [0.0, 0.07142857142857142, 0.5, 0.5, 0.8571428571428571, 0.8571428571428571, 0.9285714285714286, 0.9285714285714286, 1.0, 1.0]}}, 'India': {'n': 14, 'accuracy': 0.8571428571428571, 'precision': 0.9, 'recall': 0.9, 'sensitivity': 0.9, 'specificity': 0.75, 'balanced_accuracy': 0.825, 'f1': 0.9, 'confusion_matrix': [[3, 1], [1, 9]], 'auc': 0.85, 'roc_curve': {'fpr': [0.0, 0.0, 0.0, 0.25, 0.25, 0.5, 0.5, 1.0], 'tpr': [0.0, 0.1, 0.5, 0.5, 0.9, 0.9, 1.0, 1.0]}}, 'Italy': {'n': 19, 'accuracy': 0.9473684210526315, 'precision': 1.0, 'recall': 0.75, 'sensitivity': 0.75, 'specificity': 1.0, 'balanced_accuracy': 0.875, 'f1': 0.8571428571428571, 'confusion_matrix': [[15, 0], [1, 3]], 'auc': 0.9666666666666667, 'roc_curve': {'fpr': [0.0, 0.0, 0.0, 0.13333333333333333, 0.13333333333333333, 1.0], 'tpr': [0.0, 0.25, 0.75, 0.75, 1.0, 1.0]}}}",coatnet_3_palpebral_new_way,"[0.8464255928993225, 0.8027062309498818, 0.7264309906406908, 0.6758196628251613, 0.6982780908117231, 0.6686513337078474, 0.6176598218103119, 0.6084075641158401, 0.5849166346701565, 0.6400536326383124, 0.6856984807955508, 0.599603599270448, 0.6379372955158057, 0.5524705076059758]","[0.6167858405546709, 0.7219058338439825, 1.0472755070888635, 0.9497201370470452, 0.692397370482936, 0.533630761233243, 0.38927858887296735, 0.40052873076814594, 0.4668314818179969, 0.39284444216525916, 0.48060513987685693, 0.5310608184698856, 0.46444386785680597, 0.4801864271814173]","[{'accuracy': 0.7272727272727273, 'f1': 0.7428571428571429, 'sensitivity': 0.9285714285714286, 'specificity': 0.5789473684210527}, {'accuracy': 0.6363636363636364, 'f1': 0.7, 'sensitivity': 1.0, 'specificity': 0.3684210526315789}, {'accuracy': 0.45454545454545453, 'f1': 0.6086956521739131, 'sensitivity': 1.0, 'specificity': 0.05263157894736842}, {'accuracy': 0.5151515151515151, 'f1': 0.6363636363636364, 'sensitivity': 1.0, 'specificity': 0.15789473684210525}, {'accuracy': 0.6060606060606061, 'f1': 0.6829268292682927, 'sensitivity': 1.0, 'specificity': 0.3157894736842105}, {'accuracy': 0.6666666666666666, 'f1': 0.6857142857142857, 'sensitivity': 0.8571428571428571, 'specificity': 0.5263157894736842}, {'accuracy': 0.8787878787878788, 'f1': 0.8571428571428571, 'sensitivity': 0.8571428571428571, 'specificity': 0.8947368421052632}, {'accuracy': 0.9090909090909091, 'f1': 0.8888888888888888, 'sensitivity': 0.8571428571428571, 'specificity': 0.9473684210526315}, {'accuracy': 0.7575757575757576, 'f1': 0.7777777777777778, 'sensitivity': 1.0, 'specificity': 0.5789473684210527}, {'accuracy': 0.8787878787878788, 'f1': 0.8666666666666667, 'sensitivity': 0.9285714285714286, 'specificity': 0.8421052631578947}, {'accuracy': 0.8181818181818182, 'f1': 0.75, 'sensitivity': 0.6428571428571429, 'specificity': 0.9473684210526315}, {'accuracy': 0.7575757575757576, 'f1': 0.7777777777777778, 'sensitivity': 1.0, 'specificity': 0.5789473684210527}, {'accuracy': 0.8181818181818182, 'f1': 0.7692307692307693, 'sensitivity': 0.7142857142857143, 'specificity': 0.8947368421052632}, {'accuracy': 0.7878787878787878, 'f1': 0.8, 'sensitivity': 1.0, 'specificity': 0.631578947368421}]",COMPLETE
5,0.8387096774193549,2026-08-09 02:38:39.673919,2026-08-09 02:39:51.300391,0 days 00:01:11.626472,0.2,0.07154800196121129,0.0005104598996197309,"{'overall': {'n': 33, 'accuracy': 0.8484848484848485, 'precision': 0.7647058823529411, 'recall': 0.9285714285714286, 'sensitivity': 0.9285714285714286, 'specificity': 0.7894736842105263, 'balanced_accuracy': 0.8590225563909775, 'f1': 0.8387096774193549, 'confusion_matrix': [[15, 4], [1, 13]], 'auc': 0.881578947368421, 'roc_curve': {'fpr': [0.0, 0.15789473684210525, 0.21052631578947367, 0.21052631578947367, 0.3684210526315789, 0.3684210526315789, 1.0], 'tpr': [0.0, 0.7857142857142857, 0.7857142857142857, 0.9285714285714286, 0.9285714285714286, 1.0, 1.0]}}, 'India': {'n': 14, 'accuracy': 0.8571428571428571, 'precision': 0.9, 'recall': 0.9, 'sensitivity': 0.9, 'specificity': 0.75, 'balanced_accuracy': 0.825, 'f1': 0.9, 'confusion_matrix': [[3, 1], [1, 9]], 'auc': 0.8, 'roc_curve': {'fpr': [0.0, 0.25, 0.25, 0.75, 0.75, 1.0], 'tpr': [0.0, 0.8, 0.9, 0.9, 1.0, 1.0]}}, 'Italy': {'n': 19, 'accuracy': 0.8421052631578947, 'precision': 0.5714285714285714, 'recall': 1.0, 'sensitivity': 1.0, 'specificity': 0.8, 'balanced_accuracy': 0.9, 'f1': 0.7272727272727273, 'confusion_matrix': [[12, 3], [0, 4]], 'auc': 0.9, 'roc_curve': {'fpr': [0.0, 0.13333333333333333, 0.2, 0.2, 1.0], 'tpr': [0.0, 0.75, 0.75, 1.0, 1.0]}}}",coatnet_3_palpebral_new_way,"[17.6719692495485, 14.829320174968796, 7.995130257890714, 6.2166448160512555, 11.288435752818126, 8.637926742730551, 5.139155997345779, 6.846395612552466, 7.17207192111489, 3.8555871287718513, 5.640196572865872, 4.931108373679862, 4.916726616044707]","[3.8793191620797822, 9.330815459742691, 11.079601056648023, 14.156596053730357, 28.160027012680516, 2.863363554983428, 5.181746974135891, 3.989494554924242, 3.6212606719045928, 4.935550025015166, 4.112349539092093, 5.41653534860322, 7.746308572364576]","[{'accuracy': 0.7575757575757576, 'f1': 0.6363636363636364, 'sensitivity': 0.5, 'specificity': 0.9473684210526315}, {'accuracy': 0.5151515151515151, 'f1': 0.6190476190476191, 'sensitivity': 0.9285714285714286, 'specificity': 0.21052631578947367}, {'accuracy': 0.42424242424242425, 'f1': 0.4864864864864865, 'sensitivity': 0.6428571428571429, 'specificity': 0.2631578947368421}, {'accuracy': 0.5454545454545454, 'f1': 0.6511627906976745, 'sensitivity': 1.0, 'specificity': 0.21052631578947367}, {'accuracy': 0.48484848484848486, 'f1': 0.6222222222222222, 'sensitivity': 1.0, 'specificity': 0.10526315789473684}, {'accuracy': 0.8484848484848485, 'f1': 0.8387096774193549, 'sensitivity': 0.9285714285714286, 'specificity': 0.7894736842105263}, {'accuracy': 0.7878787878787878, 'f1': 0.6666666666666666, 'sensitivity': 0.5, 'specificity': 1.0}, {'accuracy': 0.8181818181818182, 'f1': 0.75, 'sensitivity': 0.6428571428571429, 'specificity': 0.9473684210526315}, {'accuracy': 0.8181818181818182, 'f1': 0.8, 'sensitivity': 0.8571428571428571, 'specificity': 0.7894736842105263}, {'accuracy': 0.6666666666666666, 'f1': 0.7027027027027027, 'sensitivity': 0.9285714285714286, 'specificity': 0.47368421052631576}, {'accuracy': 0.8484848484848485, 'f1': 0.8387096774193549, 'sensitivity': 0.9285714285714286, 'specificity': 0.7894736842105263}, {'accuracy': 0.7878787878787878, 'f1': 0.7878787878787878, 'sensitivity': 0.9285714285714286, 'specificity': 0.6842105263157895}, {'accuracy': 0.696969696969697, 'f1': 0.7222222222222222, 'sensitivity': 0.9285714285714286, 'specificity': 0.5263157894736842}]",COMPLETE
6,0.88,2026-08-09 02:39:51.300712,2026-08-09 02:41:08.332743,0 days 00:01:17.032031,0.2,0.002691422871453577,0.0008513157404824219,"{'overall': {'n': 33, 'accuracy': 0.9090909090909091, 'precision': 1.0, 'recall': 0.7857142857142857, 'sensitivity': 0.7857142857142857, 'specificity': 1.0, 'balanced_accuracy': 0.8928571428571428, 'f1': 0.88, 'confusion_matrix': [[19, 0], [3, 11]], 'auc': 0.9586466165413534, 'roc_curve': {'fpr': [0.0, 0.0, 0.0, 0.05263157894736842, 0.05263157894736842, 0.2631578947368421, 0.2631578947368421, 1.0], 'tpr': [0.0, 0.07142857142857142, 0.7857142857142857, 0.7857142857142857, 0.8571428571428571, 0.8571428571428571, 1.0, 1.0]}}, 'India': {'n': 14, 'accuracy': 0.9285714285714286, 'precision': 1.0, 'recall': 0.9, 'sensitivity': 0.9, 'specificity': 1.0, 'balanced_accuracy': 0.95, 'f1': 0.9473684210526315, 'confusion_matrix': [[4, 0], [1, 9]], 'auc': 0.975, 'roc_curve': {'fpr': [0.0, 0.0, 0.0, 0.25, 0.25, 1.0], 'tpr': [0.0, 0.1, 0.9, 0.9, 1.0, 1.0]}}, 'Italy': {'n': 19, 'accuracy': 0.8947368421052632, 'precision': 1.0, 'recall': 0.5, 'sensitivity': 0.5, 'specificity': 1.0, 'balanced_accuracy': 0.75, 'f1': 0.6666666666666666, 'confusion_matrix': [[15, 0], [2, 2]], 'auc': 0.9666666666666667, 'roc_curve': {'fpr': [0.0, 0.0, 0.0, 0.06666666666666667, 0.06666666666666667, 1.0], 'tpr': [0.0, 0.25, 0.5, 0.5, 1.0, 1.0]}}}",coatnet_3_palpebral_new_way,"[1.0488190721991837, 0.9723812002219901, 0.8048113505571883, 0.9815706354103341, 0.5745586186450049, 0.5942140940009364, 0.5649262098287116, 0.6345948371666157, 0.5544423413592459, 0.6266690753153618, 0.5629414489727147, 0.555625246060605, 0.7318973426787269, 0.5441548208527217]","[0.5577436432693944, 0.8984936439629757, 0.6346684748476202, 0.7339577169129343, 1.0444371664162837, 0.4905856631018899, 0.3491354963996194, 0.48082484620990174, 0.4432986071615508, 0.5089427521734526, 0.4543087048964067, 0.9571991544781309, 0.6062779860063032, 0.5826025623263735]","[{'accuracy': 0.7272727272727273, 'f1': 0.7428571428571429, 'sensitivity': 0.9285714285714286, 'specificity': 0.5789473684210527}, {'accuracy': 0.5454545454545454, 'f1': 0.6511627906976745, 'sensitivity': 1.0, 'specificity': 0.21052631578947367}, {'accuracy': 0.7272727272727273, 'f1': 0.7096774193548387, 'sensitivity': 0.7857142857142857, 'specificity': 0.6842105263157895}, {'accuracy': 0.6060606060606061, 'f1': 0.6486486486486487, 'sensitivity': 0.8571428571428571, 'specificity': 0.42105263157894735}, {'accuracy': 0.5757575757575758, 'f1': 0.6666666666666666, 'sensitivity': 1.0, 'specificity': 0.2631578947368421}, {'accuracy': 0.7878787878787878, 'f1': 0.8, 'sensitivity': 1.0, 'specificity': 0.631578947368421}, {'accuracy': 0.8484848484848485, 'f1': 0.8484848484848485, 'sensitivity': 1.0, 'specificity': 0.7368421052631579}, {'accuracy': 0.7878787878787878, 'f1': 0.8, 'sensitivity': 1.0, 'specificity': 0.631578947368421}, {'accuracy': 0.9090909090909091, 'f1': 0.88, 'sensitivity': 0.7857142857142857, 'specificity': 1.0}, {'accuracy': 0.8181818181818182, 'f1': 0.8235294117647058, 'sensitivity': 1.0, 'specificity': 0.6842105263157895}, {'accuracy': 0.7575757575757576, 'f1': 0.7333333333333333, 'sensitivity': 0.7857142857142857, 'specificity': 0.7368421052631579}, {'accuracy': 0.6666666666666666, 'f1': 0.717948717948718, 'sensitivity': 1.0, 'specificity': 0.42105263157894735}, {'accuracy': 0.7878787878787878, 'f1': 0.6666666666666666, 'sensitivity': 0.5, 'specificity': 1.0}, {'accuracy': 0.8181818181818182, 'f1': 0.8235294117647058, 'sensitivity': 1.0, 'specificity': 0.6842105263157895}]",COMPLETE
7,0.8387096774193549,2026-08-09 02:41:08.333150,2026-08-09 02:45:11.039120,0 days 00:04:02.705970,0.2,0.00011137414908293505,2.2059282146979313e-05,"{'overall': {'n': 33, 'accuracy': 0.8484848484848485, 'precision': 0.7647058823529411, 'recall': 0.9285714285714286, 'sensitivity': 0.9285714285714286, 'specificity': 0.7894736842105263, 'balanced_accuracy': 0.8590225563909775, 'f1': 0.8387096774193549, 'confusion_matrix': [[15, 4], [1, 13]], 'auc': 0.887218045112782, 'roc_curve': {'fpr': [0.0, 0.0, 0.0, 0.05263157894736842, 0.05263157894736842, 0.21052631578947367, 0.21052631578947367, 0.5789473684210527, 0.5789473684210527, 1.0], 'tpr': [0.0, 0.07142857142857142, 0.42857142857142855, 0.42857142857142855, 0.6428571428571429, 0.6428571428571429, 0.9285714285714286, 0.9285714285714286, 1.0, 1.0]}}, 'India': {'n': 14, 'accuracy': 0.7857142857142857, 'precision': 0.7692307692307693, 'recall': 1.0, 'sensitivity': 1.0, 'specificity': 0.25, 'balanced_accuracy': 0.625, 'f1': 0.8695652173913043, 'confusion_matrix': [[1, 3], [0, 10]], 'auc': 0.725, 'roc_curve': {'fpr': [0.0, 0.0, 0.0, 0.25, 0.25, 0.75, 0.75, 1.0], 'tpr': [0.0, 0.1, 0.5, 0.5, 0.7, 0.7, 1.0, 1.0]}}, 'Italy': {'n': 19, 'accuracy': 0.8947368421052632, 'precision': 0.75, 'recall': 0.75, 'sensitivity': 0.75, 'specificity': 0.9333333333333333, 'balanced_accuracy': 0.8416666666666667, 'f1': 0.75, 'confusion_matrix': [[14, 1], [1, 3]], 'auc': 0.8666666666666667, 'roc_curve': {'fpr': [0.0, 0.0, 0.0, 0.06666666666666667, 0.06666666666666667, 0.4666666666666667, 0.4666666666666667, 1.0], 'tpr': [0.0, 0.25, 0.5, 0.5, 0.75, 0.75, 1.0, 1.0]}}}",coatnet_3_palpebral_new_way,"[1.1008776714470212, 0.969978308046101, 0.8005164376157798, 0.7785541281005405, 0.8504457892171594, 0.7121565495895235, 0.6580873877796906, 0.7630567882234687, 0.714708024697588, 0.6114582825970176, 0.7190773191041504, 0.6164624564695043, 0.7140336928778137, 0.6594887442936171, 0.6855630047668685, 0.6733116100955483, 0.758566014814061, 0.5990670426002401, 0.5742215462867787, 0.6363047807421905, 0.6652421410510082, 0.6973520280509595, 0.5821954276388055, 0.6194037775330196, 0.6608392890320708, 0.6069574551471811, 0.6196306225479833, 0.6236648938513749, 0.598683931969649, 0.5852251526535741, 0.6954229035914339, 0.5589738448724052, 0.6213526625112192, 0.5508366846880376, 0.6182886466679983, 0.5442708778065561, 0.671698612093136, 0.5186863048187155, 0.5352190959927262, 0.5926912944048446, 0.5063181851083869, 0.6077643680256724, 0.6276166225900713, 0.6800778768709953, 0.6342231978643809]","[0.9086825269641299, 0.7890579863028093, 0.7204419374465942, 0.655018743240472, 0.7286844018733862, 0.7141836935823614, 0.616381540442958, 0.566167125196168, 0.5658450776880438, 0.5722552574042118, 0.5667128725485369, 0.5583440264066061, 0.5552424770413023, 0.5472773214181265, 0.5424370747624021, 0.5331270586360585, 0.5291609547354958, 0.5240936875343323, 0.5264836197549646, 0.5193315473469821, 0.5132933511878505, 0.5153809262044502, 0.5013807036659934, 0.49691266002077045, 0.49395429546182806, 0.49657600034366955, 0.4899990269632051, 0.4880471807537657, 0.48716626564661664, 0.4817032380537553, 0.47512304241007025, 0.47663345662030304, 0.48180501388781, 0.4771758010893157, 0.47444968512563995, 0.4682411714033647, 0.46540669780789, 0.46015763463396014, 0.46396761229543976, 0.4658041506102591, 0.4649610501347166, 0.46638235540101025, 0.4662977149992278, 0.46707645329562103, 0.4641255393172755]","[{'accuracy': 0.3939393939393939, 'f1': 0.3333333333333333, 'sensitivity': 0.35714285714285715, 'specificity': 0.42105263157894735}, {'accuracy': 0.5757575757575758, 'f1': 0.5333333333333333, 'sensitivity': 0.5714285714285714, 'specificity': 0.5789473684210527}, {'accuracy': 0.5757575757575758, 'f1': 0.5625, 'sensitivity': 0.6428571428571429, 'specificity': 0.5263157894736842}, {'accuracy': 0.6666666666666666, 'f1': 0.6451612903225806, 'sensitivity': 0.7142857142857143, 'specificity': 0.631578947368421}, {'accuracy': 0.6363636363636364, 'f1': 0.6666666666666666, 'sensitivity': 0.8571428571428571, 'specificity': 0.47368421052631576}, {'accuracy': 0.7575757575757576, 'f1': 0.75, 'sensitivity': 0.8571428571428571, 'specificity': 0.6842105263157895}, {'accuracy': 0.7878787878787878, 'f1': 0.7586206896551724, 'sensitivity': 0.7857142857142857, 'specificity': 0.7894736842105263}, {'accuracy': 0.7878787878787878, 'f1': 0.7586206896551724, 'sensitivity': 0.7857142857142857, 'specificity': 0.7894736842105263}, {'accuracy': 0.696969696969697, 'f1': 0.6666666666666666, 'sensitivity': 0.7142857142857143, 'specificity': 0.6842105263157895}, {'accuracy': 0.7272727272727273, 'f1': 0.6896551724137931, 'sensitivity': 0.7142857142857143, 'specificity': 0.7368421052631579}, {'accuracy': 0.7272727272727273, 'f1': 0.6896551724137931, 'sensitivity': 0.7142857142857143, 'specificity': 0.7368421052631579}, {'accuracy': 0.7878787878787878, 'f1': 0.7741935483870968, 'sensitivity': 0.8571428571428571, 'specificity': 0.7368421052631579}, {'accuracy': 0.7878787878787878, 'f1': 0.7878787878787878, 'sensitivity': 0.9285714285714286, 'specificity': 0.6842105263157895}, {'accuracy': 0.7878787878787878, 'f1': 0.7878787878787878, 'sensitivity': 0.9285714285714286, 'specificity': 0.6842105263157895}, {'accuracy': 0.7878787878787878, 'f1': 0.7878787878787878, 'sensitivity': 0.9285714285714286, 'specificity': 0.6842105263157895}, {'accuracy': 0.8484848484848485, 'f1': 0.8387096774193549, 'sensitivity': 0.9285714285714286, 'specificity': 0.7894736842105263}, {'accuracy': 0.8484848484848485, 'f1': 0.8387096774193549, 'sensitivity': 0.9285714285714286, 'specificity': 0.7894736842105263}, {'accuracy': 0.8181818181818182, 'f1': 0.8, 'sensitivity': 0.8571428571428571, 'specificity': 0.7894736842105263}, {'accuracy': 0.8181818181818182, 'f1': 0.8125, 'sensitivity': 0.9285714285714286, 'specificity': 0.7368421052631579}, {'accuracy': 0.8181818181818182, 'f1': 0.8125, 'sensitivity': 0.9285714285714286, 'specificity': 0.7368421052631579}, {'accuracy': 0.8181818181818182, 'f1': 0.8, 'sensitivity': 0.8571428571428571, 'specificity': 0.7894736842105263}, {'accuracy': 0.7878787878787878, 'f1': 0.7586206896551724, 'sensitivity': 0.7857142857142857, 'specificity': 0.7894736842105263}, {'accuracy': 0.8181818181818182, 'f1': 0.8, 'sensitivity': 0.8571428571428571, 'specificity': 0.7894736842105263}, {'accuracy': 0.8181818181818182, 'f1': 0.8, 'sensitivity': 0.8571428571428571, 'specificity': 0.7894736842105263}, {'accuracy': 0.8181818181818182, 'f1': 0.8, 'sensitivity': 0.8571428571428571, 'specificity': 0.7894736842105263}, {'accuracy': 0.7878787878787878, 'f1': 0.7741935483870968, 'sensitivity': 0.8571428571428571, 'specificity': 0.7368421052631579}, {'accuracy': 0.7878787878787878, 'f1': 0.7741935483870968, 'sensitivity': 0.8571428571428571, 'specificity': 0.7368421052631579}, {'accuracy': 0.7878787878787878, 'f1': 0.7741935483870968, 'sensitivity': 0.8571428571428571, 'specificity': 0.7368421052631579}, {'accuracy': 0.8181818181818182, 'f1': 0.8, 'sensitivity': 0.8571428571428571, 'specificity': 0.7894736842105263}, {'accuracy': 0.7878787878787878, 'f1': 0.7741935483870968, 'sensitivity': 0.8571428571428571, 'specificity': 0.7368421052631579}, {'accuracy': 0.8181818181818182, 'f1': 0.8, 'sensitivity': 0.8571428571428571, 'specificity': 0.7894736842105263}, {'accuracy': 0.8181818181818182, 'f1': 0.8, 'sensitivity': 0.8571428571428571, 'specificity': 0.7894736842105263}, {'accuracy': 0.8181818181818182, 'f1': 0.8, 'sensitivity': 0.8571428571428571, 'specificity': 0.7894736842105263}, {'accuracy': 0.8181818181818182, 'f1': 0.8, 'sensitivity': 0.8571428571428571, 'specificity': 0.7894736842105263}, {'accuracy': 0.8181818181818182, 'f1': 0.8, 'sensitivity': 0.8571428571428571, 'specificity': 0.7894736842105263}, {'accuracy': 0.8181818181818182, 'f1': 0.8125, 'sensitivity': 0.9285714285714286, 'specificity': 0.7368421052631579}, {'accuracy': 0.8181818181818182, 'f1': 0.8125, 'sensitivity': 0.9285714285714286, 'specificity': 0.7368421052631579}, {'accuracy': 0.8181818181818182, 'f1': 0.8, 'sensitivity': 0.8571428571428571, 'specificity': 0.7894736842105263}, {'accuracy': 0.8181818181818182, 'f1': 0.8, 'sensitivity': 0.8571428571428571, 'specificity': 0.7894736842105263}, {'accuracy': 0.8181818181818182, 'f1': 0.8, 'sensitivity': 0.8571428571428571, 'specificity': 0.7894736842105263}, {'accuracy': 0.8484848484848485, 'f1': 0.8387096774193549, 'sensitivity': 0.9285714285714286, 'specificity': 0.7894736842105263}, {'accuracy': 0.8181818181818182, 'f1': 0.8, 'sensitivity': 0.8571428571428571, 'specificity': 0.7894736842105263}, {'accuracy': 0.8181818181818182, 'f1': 0.8125, 'sensitivity': 0.9285714285714286, 'specificity': 0.7368421052631579}, {'accuracy': 0.8181818181818182, 'f1': 0.8125, 'sensitivity': 0.9285714285714286, 'specificity': 0.7368421052631579}, {'accuracy': 0.8181818181818182, 'f1': 0.8125, 'sensitivity': 0.9285714285714286, 'specificity': 0.7368421052631579}]",COMPLETE
