number,value,datetime_start,datetime_complete,duration,params_dropout_rate,params_learning_rate,params_weight_decay,user_attrs_best_val_metrics,user_attrs_model_name,user_attrs_train_loss_history,user_attrs_val_loss_history,user_attrs_val_overall_metrics_history,state
5,0.9333333333333333,2026-08-09 01:19:57.011789,2026-08-09 01:32:42.964873,0 days 00:12:45.953084,0.5,0.0001235308191492332,1.0422971466648463e-06,"{'overall': {'n': 33, 'accuracy': 0.9393939393939394, 'precision': 0.875, 'recall': 1.0, 'sensitivity': 1.0, 'specificity': 0.8947368421052632, 'balanced_accuracy': 0.9473684210526316, 'f1': 0.9333333333333333, 'confusion_matrix': [[17, 2], [0, 14]], 'auc': 0.9699248120300752, 'roc_curve': {'fpr': [0.0, 0.0, 0.0, 0.05263157894736842, 0.05263157894736842, 0.10526315789473684, 0.10526315789473684, 1.0], 'tpr': [0.0, 0.07142857142857142, 0.5714285714285714, 0.5714285714285714, 0.8571428571428571, 0.8571428571428571, 1.0, 1.0]}}, 'India': {'n': 14, 'accuracy': 1.0, 'precision': 1.0, 'recall': 1.0, 'sensitivity': 1.0, 'specificity': 1.0, 'balanced_accuracy': 1.0, 'f1': 1.0, 'confusion_matrix': [[4, 0], [0, 10]], 'auc': 1.0, 'roc_curve': {'fpr': [0.0, 0.0, 0.0, 1.0], 'tpr': [0.0, 0.1, 1.0, 1.0]}}, 'Italy': {'n': 19, 'accuracy': 0.8947368421052632, 'precision': 0.6666666666666666, 'recall': 1.0, 'sensitivity': 1.0, 'specificity': 0.8666666666666667, 'balanced_accuracy': 0.9333333333333333, 'f1': 0.8, 'confusion_matrix': [[13, 2], [0, 4]], 'auc': 0.9500000000000001, 'roc_curve': {'fpr': [0.0, 0.0, 0.0, 0.06666666666666667, 0.06666666666666667, 0.13333333333333333, 0.13333333333333333, 1.0], 'tpr': [0.0, 0.25, 0.5, 0.5, 0.75, 0.75, 1.0, 1.0]}}}",convnext_base_palpebral_new_way,"[0.8351073880858769, 0.8403233305507938, 0.8138613689024716, 0.8317816336423356, 0.8347108158844196, 0.8243236158857282, 0.8271624331442725, 0.805780896682613, 0.7969956946688772, 0.8121681785741389, 0.7878603820769202, 0.7790090082496997, 0.8039366926578496, 0.7793070488418175, 0.7713551446302047, 0.7639113056738644, 0.7713117690275837, 0.7610334596097075, 0.7560800211319071, 0.7681385551067378, 0.7492753610705698, 0.7549779533550439, 0.7593508370664735, 0.7478893375554622, 0.7511552323568735, 0.752004172628289, 0.7396215109635662, 0.7471280161118665, 0.7081371316846633, 0.7090251879976285, 0.735509548755671, 0.7293124068651767, 0.7348195922295779, 0.7362686435118416, 0.7130140717455883, 0.7258257210649401, 0.7238342580416345, 0.7196497782966159, 0.6876411986666799, 0.7068281607912076, 0.7024928426110981, 0.7073423495355821, 0.6953337500426943, 0.7051151497474569, 0.6924054977909618, 0.7005236330411292, 0.7105267249195781, 0.6800613277005834, 0.6856897118075794, 0.6697348897030811, 0.6847321963468135, 0.6687122220235155, 0.6787646254956328, 0.6738041682748606, 0.6870638538670066, 0.6986826070097109, 0.6840885755242101, 0.6809001178141462, 0.6600777573932876, 0.6711114423953934, 0.6486854119016635, 0.6709900664177951, 0.6681348006456893, 0.6835324594516627, 0.6542583159263561, 0.6316945442300759, 0.652836876199735, 0.6184123920289096, 0.6291293000543354, 0.6413876907714945, 0.6490204661887213, 0.6402401809660804, 0.6457532695587108, 0.6182967329656841, 0.6391355908469648, 0.6295309647029599, 0.6281726920841545, 0.6255774403249981, 0.6382582625805937, 0.6262098862635379, 0.6199517198745778, 0.644305601419992, 0.6592738423126423, 0.6222654987644676, 0.613852136577202, 0.6159375100735797, 0.6029812898856914, 0.6013713897458765, 0.6135468617180325, 0.613244983139417, 0.6228711691913226, 0.6293643973521049, 0.6225215528185004, 0.6269182724668491, 0.6236896866204723, 0.6054786273975246, 0.615830942100247, 0.5800697799549986, 0.5880012370103243, 0.6203934613442579, 0.6158379024227724, 0.6034255943550969, 0.5925782437356103, 0.6080429676352748, 0.6315183505317233, 0.5948053357616955, 0.6010820790631881, 0.5795200100008225, 0.6019494225647276, 0.6037725308873007, 0.5866321467405913, 0.6146391030178954, 0.6072813083004478, 0.5852383777795248, 0.5754178703226001, 0.5690932222549488, 0.6162284435025903, 0.5993387268868503, 0.5832640710255957, 0.5760131521730234, 0.5928168198130778, 0.576653285926541, 0.5721387200008164, 0.6512259687019499, 0.6051125931029289, 0.587221341812058, 0.5854399306884664, 0.5821450206617645, 0.5729084685938248, 0.5696136560661114, 0.5723813030103974, 0.5585749686159045, 0.5895294176032212, 0.5855614290332163, 0.5591094560970534, 0.5795158984645313, 0.5775804997279944, 0.5593739858526268, 0.5635921785373561, 0.5631233647169657, 0.5844556059663659, 0.5413692534364611, 0.5657059881860846, 0.5847758662621707, 0.5661013000058812, 0.5753660194131712, 0.575233345197526, 0.5304973405718014, 0.5858863844776785, 0.5701864626233941, 0.5675697358238776, 0.5760074684162013, 0.5692386275885121, 0.5675801926890746, 0.5536592375758468, 0.5671201664090946, 0.5226311458657119, 0.5618740683359815, 0.5355099558040796, 0.572055047316267, 0.5533947115702345, 0.5447094041780131, 0.5375261204132181, 0.5479193992962111, 0.560632376086633, 0.5605898610014, 0.5918663361214644, 0.5780050194026619, 0.5570515390263487, 0.5612204422224436, 0.5797733135570754, 0.5635276993378898, 0.5538031373987135, 0.5329444439995368, 0.5272043647355591, 0.5413320873746809, 0.5439804030569974, 0.5205724270927985, 0.5295232656775721, 0.5481576866266743, 0.5351615800762808, 0.5273092685156311, 0.5342345642333, 0.5755930302158886, 0.536238487982592, 0.5713153390694927, 0.5536465782992888, 0.5483210067085872, 0.5202257619393582, 0.5162710251397644, 0.5250283736266838, 0.5417098584554053, 0.5602494762433285, 0.5144208373612915, 0.498635247843155, 0.5155013760194084, 0.5120950793193666, 0.5312557723743236, 0.5310705762035799, 0.5261946438953576, 0.5275519993526256, 0.5328328048946053, 0.513393833739868, 0.5101886825845731, 0.5053622572627289, 0.5282966837977732, 0.5270100156992477, 0.4899642354999946, 0.5472886353139056, 0.5626415562945486, 0.5435871683209148, 0.5240725148592563, 0.5405257052143678, 0.5116237934851489, 0.5516850849650553, 0.5331804266828575, 0.5739909153900399, 0.5368403358175265, 0.5608231516073872, 0.51495434472103, 0.5102615666310519, 0.5000511557850617, 0.5183952087598132, 0.5373834213673674, 0.5250702415475782, 0.5610861351947911, 0.5397755736546801, 0.539764214035691, 0.5055443356368715, 0.5210839281018996, 0.5450961052976697, 0.517727255821228, 0.5126622563955799, 0.5607435944064564, 0.5092058852808365, 0.5026434134963332, 0.5419162503930907, 0.4887763646659472, 0.503920475773464, 0.5123961709982512, 0.5499299219901989, 0.4973106198752953, 0.5037559294542729, 0.49868189735917856, 0.5120355036874481, 0.5067324093635509, 0.5055400054186385, 0.4980891023250605, 0.543519260867542, 0.5240964419794398]","[0.8324701208056826, 0.8252827272270665, 0.8190087368994048, 0.812775787078973, 0.8067199533635919, 0.8009642163912455, 0.7952993963703965, 0.7896348364425428, 0.7838409344355265, 0.7785068931001605, 0.7730018135273096, 0.7680357766873909, 0.7632720470428467, 0.7583827575047811, 0.7534952542998574, 0.7487068031773423, 0.7442203290534742, 0.7397370374563969, 0.7351887623469034, 0.7306710662263812, 0.726006724617698, 0.721338664040421, 0.7169679042064783, 0.7127105503371267, 0.7084072683796738, 0.7044305837515629, 0.7006552472259059, 0.696721795833472, 0.6926978320786448, 0.6886998776233557, 0.6848416798042528, 0.6810938770120795, 0.6772831895134666, 0.6736799695275046, 0.6700153025713834, 0.6665560476707689, 0.6633139595840917, 0.6602091500253389, 0.657113147504402, 0.6539777688907854, 0.6506906955531149, 0.6474500226252007, 0.644328155300834, 0.6413124366240068, 0.638379844752225, 0.6356200756448688, 0.6326246388030775, 0.6299165162173185, 0.6270651799259763, 0.6243549332474218, 0.621484221834125, 0.6187548781886245, 0.6160446477658821, 0.6134397839054917, 0.6110086242357889, 0.6087645743832444, 0.6064412340973363, 0.6041306419806047, 0.6018212329257618, 0.5995218880248793, 0.5972415028196393, 0.5949690956057925, 0.5926221591053586, 0.590339051954674, 0.5879868034160498, 0.58577032883962, 0.5836972323330966, 0.5816367250500303, 0.579458444407492, 0.5774488557468761, 0.5756595821091623, 0.5739256251942028, 0.5722461794361924, 0.570354391228069, 0.5684143810561209, 0.5667875950986688, 0.5651040312015649, 0.5634382312948053, 0.5617826779683431, 0.5601030497839956, 0.5582789634213303, 0.5566340323650476, 0.5550588477741588, 0.5535749287316294, 0.5520240899288293, 0.5505800518122587, 0.549040310310595, 0.5474640781229193, 0.5459492062077378, 0.5445091634085684, 0.5431251742623069, 0.5415638143366034, 0.5400320020588961, 0.5387995152762441, 0.5375219222271082, 0.5361533345598163, 0.534744716051853, 0.5332656448537653, 0.5317823995243419, 0.5303320306720156, 0.5290775190700184, 0.5277541261730772, 0.5265621994480942, 0.5253769845673533, 0.524149988636826, 0.5229340683330189, 0.5216650095852938, 0.5204739678989757, 0.5192070404688517, 0.5180120540387703, 0.5167350407802698, 0.5155586329373446, 0.5144686518293439, 0.5134477868224635, 0.5122960083412401, 0.511082006223274, 0.5098659016869285, 0.508813121102073, 0.507858496723753, 0.5069051077871611, 0.5060398253527555, 0.5049804774197665, 0.5040310007153135, 0.5032103242296161, 0.5024855209119392, 0.5017668875780973, 0.5009321588458437, 0.4999828085754857, 0.49908414392760303, 0.4981225331624349, 0.497248447302616, 0.4962912075447314, 0.4952981038527055, 0.49427630684592505, 0.49329728068727435, 0.49250586466355756, 0.49168584924755676, 0.49081162972883746, 0.489876440077117, 0.4890485785224221, 0.48830794926845666, 0.48741227930242365, 0.48668261007829144, 0.48604061025561707, 0.4854344418554595, 0.4848396994850852, 0.4841078953309493, 0.4832284595027114, 0.4824673695997758, 0.48192162585980963, 0.48109637607227673, 0.48052562366832385, 0.4797563733476581, 0.47909016320199677, 0.47853024439378217, 0.4779631694157918, 0.47747820073908026, 0.47679539160294965, 0.4762120283011234, 0.475605769590898, 0.47492350231517444, 0.4742246252117735, 0.4736128178509799, 0.4728831847508748, 0.47214065898548474, 0.4715272946791215, 0.47105181578433875, 0.47051843007405597, 0.469986106410171, 0.46937525994849927, 0.4687219605301366, 0.46817062117836694, 0.46773538806221704, 0.46726934837572504, 0.4667049826997699, 0.4662004962111964, 0.4656788363601222, 0.4650484070633397, 0.46434070847251196, 0.4635510625261249, 0.46292849020524457, 0.46225809328483813, 0.46174033121629193, 0.4612770044442379, 0.46094415043339587, 0.46066877697453357, 0.46035588871348987, 0.45988410169428046, 0.459522753050833, 0.45910727616512415, 0.4586587313449744, 0.45827219702980737, 0.45798373944831616, 0.45764866019740247, 0.45686793327331543, 0.4563172586036451, 0.4557165196447661, 0.4551323146531076, 0.4546030579191266, 0.45407938957214355, 0.45356590097600763, 0.45303851546663226, 0.45264706467137195, 0.45222509268558386, 0.4518929756048954, 0.45120556065530487, 0.4508566531268033, 0.45031015078226727, 0.44979632623267896, 0.44931407047040534, 0.4491593332001657, 0.4490265159895926, 0.4487803488066702, 0.44859368512124725, 0.448397109002778, 0.448013627167904, 0.44788176724405, 0.4478535760532726, 0.44805145263671875, 0.44821897420016205, 0.44820203925624036, 0.44792021043372876, 0.4474432612910415, 0.44689402797005395, 0.44635793657013867, 0.4460684313918605, 0.4460811867858424, 0.4459553270628958, 0.4457100521434437, 0.4454344330411969, 0.4450046474283392, 0.4446366519638986, 0.44433391094207764, 0.44372698393735016, 0.44323266997481836, 0.4428036863153631, 0.4423542275573268, 0.44198225844990124, 0.44185025402993866, 0.4415730418580951, 0.4414169318748243, 0.44119806000680634, 0.4412571227911747, 0.44116222497188684, 0.44073878635059704, 0.4405255751176314, 0.44004958326166327, 0.43961271372708405, 0.43940810001257696, 0.4392121199405555]","[{'accuracy': 0.48484848484848486, 'f1': 0.0, 'sensitivity': 0.0, 'specificity': 0.8421052631578947}, {'accuracy': 0.45454545454545453, 'f1': 0.0, 'sensitivity': 0.0, 'specificity': 0.7894736842105263}, {'accuracy': 0.48484848484848486, 'f1': 0.10526315789473684, 'sensitivity': 0.07142857142857142, 'specificity': 0.7894736842105263}, {'accuracy': 0.5454545454545454, 'f1': 0.2857142857142857, 'sensitivity': 0.21428571428571427, 'specificity': 0.7894736842105263}, {'accuracy': 0.5454545454545454, 'f1': 0.2857142857142857, 'sensitivity': 0.21428571428571427, 'specificity': 0.7894736842105263}, {'accuracy': 0.6666666666666666, 'f1': 0.42105263157894735, 'sensitivity': 0.2857142857142857, 'specificity': 0.9473684210526315}, {'accuracy': 0.7575757575757576, 'f1': 0.6363636363636364, 'sensitivity': 0.5, 'specificity': 0.9473684210526315}, {'accuracy': 0.8181818181818182, 'f1': 0.75, 'sensitivity': 0.6428571428571429, 'specificity': 0.9473684210526315}, {'accuracy': 0.7878787878787878, 'f1': 0.72, 'sensitivity': 0.6428571428571429, 'specificity': 0.8947368421052632}, {'accuracy': 0.8181818181818182, 'f1': 0.7692307692307693, 'sensitivity': 0.7142857142857143, 'specificity': 0.8947368421052632}, {'accuracy': 0.8484848484848485, 'f1': 0.8275862068965517, 'sensitivity': 0.8571428571428571, 'specificity': 0.8421052631578947}, {'accuracy': 0.8484848484848485, 'f1': 0.8275862068965517, 'sensitivity': 0.8571428571428571, 'specificity': 0.8421052631578947}, {'accuracy': 0.8787878787878788, 'f1': 0.8571428571428571, 'sensitivity': 0.8571428571428571, 'specificity': 0.8947368421052632}, {'accuracy': 0.8787878787878788, 'f1': 0.8571428571428571, 'sensitivity': 0.8571428571428571, 'specificity': 0.8947368421052632}, {'accuracy': 0.8484848484848485, 'f1': 0.8148148148148148, 'sensitivity': 0.7857142857142857, 'specificity': 0.8947368421052632}, {'accuracy': 0.8484848484848485, 'f1': 0.8148148148148148, 'sensitivity': 0.7857142857142857, 'specificity': 0.8947368421052632}, {'accuracy': 0.8484848484848485, 'f1': 0.8148148148148148, 'sensitivity': 0.7857142857142857, 'specificity': 0.8947368421052632}, {'accuracy': 0.8181818181818182, 'f1': 0.7857142857142857, 'sensitivity': 0.7857142857142857, 'specificity': 0.8421052631578947}, {'accuracy': 0.8484848484848485, 'f1': 0.8275862068965517, 'sensitivity': 0.8571428571428571, 'specificity': 0.8421052631578947}, {'accuracy': 0.8484848484848485, 'f1': 0.8275862068965517, 'sensitivity': 0.8571428571428571, 'specificity': 0.8421052631578947}, {'accuracy': 0.8484848484848485, 'f1': 0.8275862068965517, 'sensitivity': 0.8571428571428571, 'specificity': 0.8421052631578947}, {'accuracy': 0.8484848484848485, 'f1': 0.8275862068965517, 'sensitivity': 0.8571428571428571, 'specificity': 0.8421052631578947}, {'accuracy': 0.8484848484848485, 'f1': 0.8275862068965517, 'sensitivity': 0.8571428571428571, 'specificity': 0.8421052631578947}, {'accuracy': 0.8787878787878788, 'f1': 0.8666666666666667, 'sensitivity': 0.9285714285714286, 'specificity': 0.8421052631578947}, {'accuracy': 0.8787878787878788, 'f1': 0.8666666666666667, 'sensitivity': 0.9285714285714286, 'specificity': 0.8421052631578947}, {'accuracy': 0.8787878787878788, 'f1': 0.8571428571428571, 'sensitivity': 0.8571428571428571, 'specificity': 0.8947368421052632}, {'accuracy': 0.8787878787878788, 'f1': 0.8571428571428571, 'sensitivity': 0.8571428571428571, 'specificity': 0.8947368421052632}, {'accuracy': 0.8787878787878788, 'f1': 0.8571428571428571, 'sensitivity': 0.8571428571428571, 'specificity': 0.8947368421052632}, {'accuracy': 0.8787878787878788, 'f1': 0.8571428571428571, 'sensitivity': 0.8571428571428571, 'specificity': 0.8947368421052632}, {'accuracy': 0.8787878787878788, 'f1': 0.8571428571428571, 'sensitivity': 0.8571428571428571, 'specificity': 0.8947368421052632}, {'accuracy': 0.8787878787878788, 'f1': 0.8571428571428571, 'sensitivity': 0.8571428571428571, 'specificity': 0.8947368421052632}, {'accuracy': 0.9090909090909091, 'f1': 0.896551724137931, 'sensitivity': 0.9285714285714286, 'specificity': 0.8947368421052632}, {'accuracy': 0.9090909090909091, 'f1': 0.896551724137931, 'sensitivity': 0.9285714285714286, 'specificity': 0.8947368421052632}, {'accuracy': 0.9090909090909091, 'f1': 0.896551724137931, 'sensitivity': 0.9285714285714286, 'specificity': 0.8947368421052632}, {'accuracy': 0.9090909090909091, 'f1': 0.896551724137931, 'sensitivity': 0.9285714285714286, 'specificity': 0.8947368421052632}, {'accuracy': 0.9090909090909091, 'f1': 0.896551724137931, 'sensitivity': 0.9285714285714286, 'specificity': 0.8947368421052632}, {'accuracy': 0.9393939393939394, 'f1': 0.9333333333333333, 'sensitivity': 1.0, 'specificity': 0.8947368421052632}, {'accuracy': 0.9393939393939394, 'f1': 0.9333333333333333, 'sensitivity': 1.0, 'specificity': 0.8947368421052632}, {'accuracy': 0.9393939393939394, 'f1': 0.9333333333333333, 'sensitivity': 1.0, 'specificity': 0.8947368421052632}, {'accuracy': 0.9090909090909091, 'f1': 0.896551724137931, 'sensitivity': 0.9285714285714286, 'specificity': 0.8947368421052632}, {'accuracy': 0.9090909090909091, 'f1': 0.896551724137931, 'sensitivity': 0.9285714285714286, 'specificity': 0.8947368421052632}, {'accuracy': 0.9090909090909091, 'f1': 0.896551724137931, 'sensitivity': 0.9285714285714286, 'specificity': 0.8947368421052632}, {'accuracy': 0.9090909090909091, 'f1': 0.896551724137931, 'sensitivity': 0.9285714285714286, 'specificity': 0.8947368421052632}, {'accuracy': 0.9090909090909091, 'f1': 0.896551724137931, 'sensitivity': 0.9285714285714286, 'specificity': 0.8947368421052632}, {'accuracy': 0.9090909090909091, 'f1': 0.896551724137931, 'sensitivity': 0.9285714285714286, 'specificity': 0.8947368421052632}, {'accuracy': 0.9090909090909091, 'f1': 0.896551724137931, 'sensitivity': 0.9285714285714286, 'specificity': 0.8947368421052632}, {'accuracy': 0.9090909090909091, 'f1': 0.896551724137931, 'sensitivity': 0.9285714285714286, 'specificity': 0.8947368421052632}, {'accuracy': 0.9090909090909091, 'f1': 0.896551724137931, 'sensitivity': 0.9285714285714286, 'specificity': 0.8947368421052632}, {'accuracy': 0.9090909090909091, 'f1': 0.896551724137931, 'sensitivity': 0.9285714285714286, 'specificity': 0.8947368421052632}, {'accuracy': 0.9090909090909091, 'f1': 0.896551724137931, 'sensitivity': 0.9285714285714286, 'specificity': 0.8947368421052632}, {'accuracy': 0.9090909090909091, 'f1': 0.896551724137931, 'sensitivity': 0.9285714285714286, 'specificity': 0.8947368421052632}, {'accuracy': 0.9090909090909091, 'f1': 0.896551724137931, 'sensitivity': 0.9285714285714286, 'specificity': 0.8947368421052632}, {'accuracy': 0.9090909090909091, 'f1': 0.896551724137931, 'sensitivity': 0.9285714285714286, 'specificity': 0.8947368421052632}, {'accuracy': 0.8787878787878788, 'f1': 0.8666666666666667, 'sensitivity': 0.9285714285714286, 'specificity': 0.8421052631578947}, {'accuracy': 0.8787878787878788, 'f1': 0.8666666666666667, 'sensitivity': 0.9285714285714286, 'specificity': 0.8421052631578947}, {'accuracy': 0.8787878787878788, 'f1': 0.8666666666666667, 'sensitivity': 0.9285714285714286, 'specificity': 0.8421052631578947}, {'accuracy': 0.8787878787878788, 'f1': 0.8666666666666667, 'sensitivity': 0.9285714285714286, 'specificity': 0.8421052631578947}, {'accuracy': 0.9090909090909091, 'f1': 0.896551724137931, 'sensitivity': 0.9285714285714286, 'specificity': 0.8947368421052632}, {'accuracy': 0.9090909090909091, 'f1': 0.896551724137931, 'sensitivity': 0.9285714285714286, 'specificity': 0.8947368421052632}, {'accuracy': 0.9090909090909091, 'f1': 0.896551724137931, 'sensitivity': 0.9285714285714286, 'specificity': 0.8947368421052632}, {'accuracy': 0.9090909090909091, 'f1': 0.896551724137931, 'sensitivity': 0.9285714285714286, 'specificity': 0.8947368421052632}, {'accuracy': 0.9090909090909091, 'f1': 0.896551724137931, 'sensitivity': 0.9285714285714286, 'specificity': 0.8947368421052632}, {'accuracy': 0.9090909090909091, 'f1': 0.896551724137931, 'sensitivity': 0.9285714285714286, 'specificity': 0.8947368421052632}, {'accuracy': 0.9090909090909091, 'f1': 0.896551724137931, 'sensitivity': 0.9285714285714286, 'specificity': 0.8947368421052632}, {'accuracy': 0.9090909090909091, 'f1': 0.896551724137931, 'sensitivity': 0.9285714285714286, 'specificity': 0.8947368421052632}, {'accuracy': 0.9090909090909091, 'f1': 0.896551724137931, 'sensitivity': 0.9285714285714286, 'specificity': 0.8947368421052632}, {'accuracy': 0.9090909090909091, 'f1': 0.896551724137931, 'sensitivity': 0.9285714285714286, 'specificity': 0.8947368421052632}, {'accuracy': 0.8787878787878788, 'f1': 0.8666666666666667, 'sensitivity': 0.9285714285714286, 'specificity': 0.8421052631578947}, {'accuracy': 0.8787878787878788, 'f1': 0.8666666666666667, 'sensitivity': 0.9285714285714286, 'specificity': 0.8421052631578947}, {'accuracy': 0.8787878787878788, 'f1': 0.8666666666666667, 'sensitivity': 0.9285714285714286, 'specificity': 0.8421052631578947}, {'accuracy': 0.8787878787878788, 'f1': 0.8666666666666667, 'sensitivity': 0.9285714285714286, 'specificity': 0.8421052631578947}, {'accuracy': 0.8787878787878788, 'f1': 0.8666666666666667, 'sensitivity': 0.9285714285714286, 'specificity': 0.8421052631578947}, {'accuracy': 0.8787878787878788, 'f1': 0.8666666666666667, 'sensitivity': 0.9285714285714286, 'specificity': 0.8421052631578947}, {'accuracy': 0.8787878787878788, 'f1': 0.8666666666666667, 'sensitivity': 0.9285714285714286, 'specificity': 0.8421052631578947}, {'accuracy': 0.8787878787878788, 'f1': 0.8666666666666667, 'sensitivity': 0.9285714285714286, 'specificity': 0.8421052631578947}, {'accuracy': 0.8787878787878788, 'f1': 0.8666666666666667, 'sensitivity': 0.9285714285714286, 'specificity': 0.8421052631578947}, {'accuracy': 0.8787878787878788, 'f1': 0.8666666666666667, 'sensitivity': 0.9285714285714286, 'specificity': 0.8421052631578947}, {'accuracy': 0.8787878787878788, 'f1': 0.8666666666666667, 'sensitivity': 0.9285714285714286, 'specificity': 0.8421052631578947}, {'accuracy': 0.8787878787878788, 'f1': 0.8666666666666667, 'sensitivity': 0.9285714285714286, 'specificity': 0.8421052631578947}, {'accuracy': 0.8787878787878788, 'f1': 0.8666666666666667, 'sensitivity': 0.9285714285714286, 'specificity': 0.8421052631578947}, {'accuracy': 0.9090909090909091, 'f1': 0.8965