number,value,datetime_start,datetime_complete,duration,params_dropout_rate,params_learning_rate,params_weight_decay,user_attrs_best_val_metrics,user_attrs_model_name,user_attrs_train_loss_history,user_attrs_val_loss_history,user_attrs_val_overall_metrics_history,state
7,0.9333333333333333,2026-08-09 03:51:17.091345,2026-08-09 04:17:26.360583,0 days 00:26:09.269238,0.2,0.00011137414908293505,2.2059282146979313e-05,"{'overall': {'n': 33, 'accuracy': 0.9393939393939394, 'precision': 0.875, 'recall': 1.0, 'sensitivity': 1.0, 'specificity': 0.8947368421052632, 'balanced_accuracy': 0.9473684210526316, 'f1': 0.9333333333333333, 'confusion_matrix': [[17, 2], [0, 14]], 'auc': 0.9586466165413534, 'roc_curve': {'fpr': [0.0, 0.0, 0.0, 0.05263157894736842, 0.05263157894736842, 0.10526315789473684, 0.10526315789473684, 1.0], 'tpr': [0.0, 0.07142857142857142, 0.35714285714285715, 0.35714285714285715, 0.8571428571428571, 0.8571428571428571, 1.0, 1.0]}}, 'India': {'n': 14, 'accuracy': 0.9285714285714286, 'precision': 0.9090909090909091, 'recall': 1.0, 'sensitivity': 1.0, 'specificity': 0.75, 'balanced_accuracy': 0.875, 'f1': 0.9523809523809523, 'confusion_matrix': [[3, 1], [0, 10]], 'auc': 0.975, 'roc_curve': {'fpr': [0.0, 0.0, 0.0, 0.25, 0.25, 1.0], 'tpr': [0.0, 0.1, 0.9, 0.9, 1.0, 1.0]}}, 'Italy': {'n': 19, 'accuracy': 0.9473684210526315, 'precision': 0.8, 'recall': 1.0, 'sensitivity': 1.0, 'specificity': 0.9333333333333333, 'balanced_accuracy': 0.9666666666666667, 'f1': 0.8888888888888888, 'confusion_matrix': [[14, 1], [0, 4]], 'auc': 0.9333333333333333, 'roc_curve': {'fpr': [0.0, 0.06666666666666667, 0.06666666666666667, 1.0], 'tpr': [0.0, 0.0, 1.0, 1.0]}}}",convnext_large_palpebral_new_way,"[0.8078523345340957, 0.7919811499829323, 0.7864066263697794, 0.7785301741385302, 0.7792820594958122, 0.7729083118059777, 0.7710472787452849, 0.770097609782061, 0.7667504904285961, 0.7701532473627305, 0.7564277293666309, 0.764118282210748, 0.7473001140632377, 0.7416467840308385, 0.7539134159782864, 0.7401429892375769, 0.728311225278488, 0.7364744397978119, 0.7233394747538282, 0.7237498807591318, 0.7268407684288277, 0.7245750300931615, 0.71340675740842, 0.7078511628094099, 0.7159668751899769, 0.7131233712695292, 0.7074904726041074, 0.7052761008407896, 0.6960978729045944, 0.7051781790935441, 0.7078570119592528, 0.6815363441082026, 0.6994636540381324, 0.6929866012358508, 0.6826331212820597, 0.6807642733024446, 0.6704867387449505, 0.6760413666434636, 0.6834080945577053, 0.6658679353480308, 0.660456049126505, 0.6624863459574466, 0.6703231638630495, 0.6573468932252846, 0.6584508904558144, 0.656355082988739, 0.6482297864970782, 0.6619962686734484, 0.6515380767797003, 0.6579002043269327, 0.6470980612647454, 0.6338052619371982, 0.6633006065886542, 0.6410880601958723, 0.6334536470324788, 0.6616877613478149, 0.6536121174989157, 0.6545205313638346, 0.6308630795668293, 0.6381946719245405, 0.6426243663623633, 0.630283062031727, 0.6259970514979584, 0.6373869828041027, 0.6221891744247335, 0.6133852060267467, 0.634921953772867, 0.6262485436256359, 0.6233123663245448, 0.6280054300036652, 0.6332637636077325, 0.6083670258522034, 0.61073045383226, 0.6079942240620291, 0.6223629448587531, 0.6085702228230356, 0.6204947118727576, 0.6124901747861445, 0.6144063314854704, 0.5980239522378177, 0.6210794535693743, 0.6006683513818197, 0.6035332616591296, 0.595244324365199, 0.6051033573434842, 0.6110790170581135, 0.6056863503740323, 0.6033821603320292, 0.597214335242644, 0.6123450453707714, 0.6028683852675735, 0.604202983789886, 0.5911136245885432, 0.606693371044879, 0.5978861470885625, 0.5958517324056057, 0.5886590350542636, 0.5853382167437219, 0.5846587269511444, 0.5762045134771738, 0.5909769416644873, 0.579554554642431, 0.5816744538332452, 0.5790302852131674, 0.5850736569884597, 0.5533895200451479, 0.5885157360146377, 0.5949240046621158, 0.6013049041198579, 0.5678671026071965, 0.5994328019634777, 0.5875946026764168, 0.5698664291015524, 0.570243970842551, 0.5643836058528218, 0.5675094743438115, 0.5930373842353063, 0.5745362564427963, 0.5745467618601212, 0.5672716549690197, 0.5552647133536687, 0.5603404881938404, 0.5594589907601969, 0.5620347182482284, 0.5677428103440645, 0.5575211067862859, 0.551012460759144, 0.569508902679216, 0.5487903984177191, 0.550828818848591, 0.5764501371131038, 0.5596819958149992, 0.5721500713304178, 0.5479824910100722, 0.5584189907604495, 0.5509565492339482, 0.5547112850163947, 0.5544720015778447, 0.5675225589449042, 0.5335397641390365, 0.5452528061061506, 0.5440790913752372, 0.5688761567437886, 0.5540536721021134, 0.5522138235584789, 0.55868555062654, 0.5306773829144358, 0.5660842467617515, 0.551174900389665, 0.5448365006225788, 0.5488845072439964, 0.5254668565775384, 0.5324763497769438, 0.5299307021084211, 0.5569927187155415, 0.5220616655239206, 0.5112830960987419, 0.5423102019638415, 0.5518677826748778, 0.5463841214085257, 0.5731469211199426, 0.5490798200203093, 0.5717906249280007, 0.5364657869402146, 0.5384232832106534, 0.549749521624963, 0.5156275574734669, 0.5207333290419042, 0.5144039568127385, 0.5358633987161497, 0.5583135055390415, 0.528554858750855, 0.54025723878911, 0.5541255837244703, 0.5394153610760013, 0.5181314487330961, 0.5188522188868744, 0.5271493034647, 0.5465601986607179, 0.506104129237055, 0.5112831116906854, 0.5174263962451985, 0.5444113462176544, 0.5187577332881902, 0.5220211270629176, 0.5215983631595081, 0.5314341669051063, 0.5488822862801962, 0.5532884518831771, 0.5552231933896905, 0.5381667961347971, 0.5329504478846164, 0.5317258957206019, 0.5185814507749696, 0.5214980242662872, 0.5205653740080777, 0.5379647588887752, 0.5522069382351755, 0.5004235257376108, 0.5318761990954545, 0.5085176693287906, 0.545942268624211, 0.5120994440767149, 0.5234131895943194, 0.5147229322534523, 0.5219204185024792, 0.5120599656705035, 0.519683104871914, 0.5227381488345316, 0.5351909140482644, 0.5190267835231807, 0.49988083432841773, 0.5444507979794054, 0.49348849137097794, 0.5062448293562757, 0.5045905600715157, 0.513456598220282, 0.5108303289539766, 0.5335698309323645, 0.5155112715746393, 0.5127942483156722, 0.5155240088109149, 0.5066836967768259, 0.5155644851015103, 0.5235549122687208, 0.5108589308940812, 0.5189508604292838, 0.5047110625055452, 0.5034456452391795, 0.5236814811529703, 0.5307983483699773, 0.521898677017515, 0.49168335641456756, 0.5159065078031149, 0.49842360951253123, 0.5365692708665961, 0.49457999333640595, 0.5111656188964844, 0.5184319840361741, 0.495214423991197, 0.5168416709299909, 0.49330611832883975, 0.4890043054590162, 0.5218206142747639, 0.49259431038471246, 0.5045710557343944, 0.48537431252713237, 0.5207796586270363, 0.5008893952464426, 0.4893319618622988]","[0.8057284409349615, 0.7976550730791959, 0.7903895016872522, 0.7835534395593585, 0.776691658930345, 0.7703168735359655, 0.7638912742788141, 0.7575335051074172, 0.7519500436204852, 0.7464054750673699, 0.7410961624347803, 0.73593803246816, 0.7304161805095095, 0.7250078374689276, 0.7202044725418091, 0.7154987544724436, 0.710779323722377, 0.7060249610380693, 0.7014604626279889, 0.6966835910623724, 0.6924115925124197, 0.6882119503888217, 0.6841775395653464, 0.6801365324945161, 0.6762410998344421, 0.6721946434541182, 0.6685556931929155, 0.6648071281837694, 0.6610482967261112, 0.6574051795583783, 0.6540531976656481, 0.6505287840510859, 0.6469283212314952, 0.6433972364122217, 0.6405160670930689, 0.6371456727837072, 0.6337103825626951, 0.6302051092639114, 0.6269807255629337, 0.6237949331601461, 0.6204586950215426, 0.6171718257846255, 0.6141981771498015, 0.6112811493151116, 0.6085098927671259, 0.605728167476076, 0.6029375014883099, 0.6002648364413868, 0.5975168347358704, 0.5948904409553065, 0.5922013051582106, 0.5895138057795438, 0.5870674180262017, 0.5846185593894033, 0.5820569287646901, 0.5798257300347993, 0.5777309338251749, 0.5755253849607526, 0.5733969211578369, 0.5711511463829966, 0.5689844940647935, 0.5667274648492987, 0.5645318374489293, 0.5624549786249796, 0.5604869578823899, 0.5583547335682493, 0.556419798822114, 0.5545381650780187, 0.5526588956514994, 0.550774796442552, 0.5489865180217859, 0.5471300247943762, 0.5452789808764602, 0.5434779145500876, 0.5416971770199862, 0.5400023099147913, 0.5385914968721794, 0.5370678576556119, 0.5356187441132285, 0.534067993814295, 0.5325719298738422, 0.5311061523177407, 0.5296551549073422, 0.5280830914323981, 0.5264891458280159, 0.5249149185238462, 0.5233645330775868, 0.5217732913566359, 0.5202805056716456, 0.5190533074465665, 0.5179306124195908, 0.5165480772654215, 0.5152116869435166, 0.5140232642491659, 0.512685194159999, 0.5113229390346643, 0.5101198933341287, 0.508935292561849, 0.5075550440585974, 0.5062826835747921, 0.5050618540156971, 0.5039352178573608, 0.5028231505191687, 0.5016353347084739, 0.5005656336293076, 0.499348571806243, 0.49824242158369586, 0.49726089925477, 0.4963416872602521, 0.4953421860030203, 0.49446881901134143, 0.49366438750064734, 0.4929173137202407, 0.49198610854871344, 0.4910023682045214, 0.4899198394833189, 0.4889822620334047, 0.4881323070237131, 0.4873524687506936, 0.48654073296171246, 0.4858038786685828, 0.484880779728745, 0.4840429551673658, 0.48310964396505646, 0.48228484934026544, 0.481493050401861, 0.48067577318711713, 0.479827982006651, 0.4790437402147235, 0.47844114809325244, 0.4777738361647635, 0.477194424831506, 0.4765576413183501, 0.47583927530230896, 0.4751345424941092, 0.4743503151517926, 0.4737857435688828, 0.4731267943526759, 0.4725660699786562, 0.4718982125773574, 0.4712680939472083, 0.47060740355289343, 0.46983353658155963, 0.4691420685161244, 0.46851623780799634, 0.46786786931933777, 0.4671845725088408, 0.4665155988751036, 0.4660120371616248, 0.4655415506073923, 0.4652168642390858, 0.46476585214788263, 0.46401551275542285, 0.46333776820789685, 0.4627075990041097, 0.46222524931936554, 0.46154902198097925, 0.46092355612552527, 0.4605558966145371, 0.4601247346762455, 0.4597205501614195, 0.4593364614428896, 0.4589352318734834, 0.45854175813270337, 0.45810898506280145, 0.45770119175766455, 0.4573253465421272, 0.4570327094106963, 0.4564850221980702, 0.4558761481082801, 0.455502860473864, 0.455138163133101, 0.45477890968322754, 0.45429686705271405, 0.4540860941915801, 0.45364149411519367, 0.4529806339379513, 0.45215289520494867, 0.45136681470004, 0.4509008436491995, 0.450399940664118, 0.4499085166237571, 0.44943431290713226, 0.44904665874712396, 0.4485755616968328, 0.4481574333075321, 0.4476967255274455, 0.4473676717642582, 0.44697264830271405, 0.44667327404022217, 0.44647413672822894, 0.44624682267506915, 0.44590623089761444, 0.4455577532450358, 0.4451810952388879, 0.4447580034082586, 0.4444708029429118, 0.4443720579147339, 0.444075067838033, 0.4437382221221924, 0.4433277195150202, 0.44291627045833704, 0.4424308357816754, 0.44216308088013623, 0.44198344693039404, 0.44177765557260223, 0.44147206075263745, 0.4411608630960638, 0.4409029194802949, 0.440631956765146, 0.44015039097179065, 0.4399789174397786, 0.4399426958777688, 0.43970584869384766, 0.43955923932971375, 0.4392566572536122, 0.4390660054755933, 0.43883950421304413, 0.4385822288917773, 0.43823895671150903, 0.43806461131933966, 0.4377485658183242, 0.43740903608726733, 0.43711388833595044, 0.43700798352559406, 0.436809727639863, 0.43662819356629345, 0.4362783720999053, 0.435934760353782, 0.43561096624894574, 0.4355000438112201, 0.4353623462445808, 0.4352791453852798, 0.43508135188709607, 0.43484780282685254, 0.4345293767524488, 0.434435071367206, 0.43431518294594507, 0.4341992898420854, 0.43404578440117114, 0.4338381868420225, 0.4336267456863866, 0.43331839821555396, 0.43303698481935443, 0.43277092413468793, 0.4324293497836951, 0.43221819762027625, 0.4320046901702881, 0.43196836384859955, 0.43174868641477643]","[{'accuracy': 0.5757575757575758, 'f1': 0.0, 'sensitivity': 0.0, 'specificity': 1.0}, {'accuracy': 0.5757575757575758, 'f1': 0.0, 'sensitivity': 0.0, 'specificity': 1.0}, {'accuracy': 0.6060606060606061, 'f1': 0.13333333333333333, 'sensitivity': 0.07142857142857142, 'specificity': 1.0}, {'accuracy': 0.6666666666666666, 'f1': 0.35294117647058826, 'sensitivity': 0.21428571428571427, 'specificity': 1.0}, {'accuracy': 0.696969696969697, 'f1': 0.5, 'sensitivity': 0.35714285714285715, 'specificity': 0.9473684210526315}, {'accuracy': 0.7272727272727273, 'f1': 0.5714285714285714, 'sensitivity': 0.42857142857142855, 'specificity': 0.9473684210526315}, {'accuracy': 0.8484848484848485, 'f1': 0.8, 'sensitivity': 0.7142857142857143, 'specificity': 0.9473684210526315}, {'accuracy': 0.8484848484848485, 'f1': 0.8148148148148148, 'sensitivity': 0.7857142857142857, 'specificity': 0.8947368421052632}, {'accuracy': 0.8484848484848485, 'f1': 0.8148148148148148, 'sensitivity': 0.7857142857142857, 'specificity': 0.8947368421052632}, {'accuracy': 0.8484848484848485, 'f1': 0.8148148148148148, 'sensitivity': 0.7857142857142857, 'specificity': 0.8947368421052632}, {'accuracy': 0.8787878787878788, 'f1': 0.8571428571428571, 'sensitivity': 0.8571428571428571, 'specificity': 0.8947368421052632}, {'accuracy': 0.8787878787878788, 'f1': 0.8571428571428571, 'sensitivity': 0.8571428571428571, 'specificity': 0.8947368421052632}, {'accuracy': 0.8787878787878788, 'f1': 0.8571428571428571, 'sensitivity': 0.8571428571428571, 'specificity': 0.8947368421052632}, {'accuracy': 0.9090909090909091, 'f1': 0.896551724137931, 'sensitivity': 0.9285714285714286, 'specificity': 0.8947368421052632}, {'accuracy': 0.9090909090909091, 'f1': 0.896551724137931, 'sensitivity': 0.9285714285714286, 'specificity': 0.8947368421052632}, {'accuracy': 0.8787878787878788, 'f1': 0.8571428571428571, 'sensitivity': 0.8571428571428571, 'specificity': 0.8947368421052632}, {'accuracy': 0.8787878787878788, 'f1': 0.8571428571428571, 'sensitivity': 0.8571428571428571, 'specificity': 0.8947368421052632}, {'accuracy': 0.8787878787878788, 'f1': 0.8571428571428571, 'sensitivity': 0.8571428571428571, 'specificity': 0.8947368421052632}, {'accuracy': 0.8787878787878788, 'f1': 0.8571428571428571, 'sensitivity': 0.8571428571428571, 'specificity': 0.8947368421052632}, {'accuracy': 0.8787878787878788, 'f1': 0.8571428571428571, 'sensitivity': 0.8571428571428571, 'specificity': 0.8947368421052632}, {'accuracy': 0.8787878787878788, 'f1': 0.8571428571428571, 'sensitivity': 0.8571428571428571, 'specificity': 0.8947368421052632}, {'accuracy': 0.8787878787878788, 'f1': 0.8571428571428571, 'sensitivity': 0.8571428571428571, 'specificity': 0.8947368421052632}, {'accuracy': 0.8787878787878788, 'f1': 0.8571428571428571, 'sensitivity': 0.8571428571428571, 'specificity': 0.8947368421052632}, {'accuracy': 0.8787878787878788, 'f1': 0.8571428571428571, 'sensitivity': 0.8571428571428571, 'specificity': 0.8947368421052632}, {'accuracy': 0.8787878787878788, 'f1': 0.8571428571428571, 'sensitivity': 0.8571428571428571, 'specificity': 0.8947368421052632}, {'accuracy': 0.8787878787878788, 'f1': 0.8571428571428571, 'sensitivity': 0.8571428571428571, 'specificity': 0.8947368421052632}, {'accuracy': 0.8787878787878788, 'f1': 0.8571428571428571, 'sensitivity': 0.8571428571428571, 'specificity': 0.8947368421052632}, {'accuracy': 0.8787878787878788, 'f1': 0.8571428571428571, 'sensitivity': 0.8571428571428571, 'specificity': 0.8947368421052632}, {'accuracy': 0.8787878787878788, 'f1': 0.8571428571428571, 'sensitivity': 0.8571428571428571, 'specificity': 0.8947368421052632}, {'accuracy': 0.8787878787878788, 'f1': 0.8571428571428571, 'sensitivity': 0.8571428571428571, 'specificity': 0.8947368421052632}, {'accuracy': 0.8787878787878788, 'f1': 0.8571428571428571, 'sensitivity': 0.8571428571428571, 'specificity': 0.8947368421052632}, {'accuracy': 0.8787878787878788, 'f1': 0.8571428571428571, 'sensitivity': 0.8571428571428571, 'specificity': 0.8947368421052632}, {'accuracy': 0.8787878787878788, 'f1': 0.8571428571428571, 'sensitivity': 0.8571428571428571, 'specificity': 0.8947368421052632}, {'accuracy': 0.8787878787878788, 'f1': 0.8571428571428571, 'sensitivity': 0.8571428571428571, 'specificity': 0.8947368421052632}, {'accuracy': 0.8787878787878788, 'f1': 0.8571428571428571, 'sensitivity': 0.8571428571428571, 'specificity': 0.8947368421052632}, {'accuracy': 0.8787878787878788, 'f1': 0.8571428571428571, 'sensitivity': 0.8571428571428571, 'specificity': 0.8947368421052632}, {'accuracy': 0.8787878787878788, 'f1': 0.8571428571428571, 'sensitivity': 0.8571428571428571, 'specificity': 0.8947368421052632}, {'accuracy': 0.8787878787878788, 'f1': 0.8571428571428571, 'sensitivity': 0.8571428571428571, 'specificity': 0.8947368421052632}, {'accuracy': 0.8787878787878788, 'f1': 0.8571428571428571, 'sensitivity': 0.8571428571428571, 'specificity': 0.8947368421052632}, {'accuracy': 0.8787878787878788, 'f1': 0.8571428571428571, 'sensitivity': 0.8571428571428571, 'specificity': 0.8947368421052632}, {'accuracy': 0.8787878787878788, 'f1': 0.8571428571428571, 'sensitivity': 0.8571428571428571, 'specificity': 0.8947368421052632}, {'accuracy': 0.8787878787878788, 'f1': 0.8571428571428571, 'sensitivity': 0.8571428571428571, 'specificity': 0.8947368421052632}, {'accuracy': 0.8787878787878788, 'f1': 0.8571428571428571, 'sensitivity': 0.8571428571428571, 'specificity': 0.8947368421052632}, {'accuracy': 0.9090909090909091, 'f1': 0.896551724137931, 'sensitivity': 0.9285714285714286, 'specificity': 0.8947368421052632}, {'accuracy': 0.9090909090909091, 'f1': 0.896551724137931, 'sensitivity': 0.9285714285714286, 'specificity': 0.8947368421052632}, {'accuracy': 0.8787878787878788, 'f1': 0.8571428571428571, 'sensitivity': 0.8571428571428571, 'specificity': 0.8947368421052632}, {'accuracy': 0.8787878787878788, 'f1': 0.8571428571428571, 'sensitivity': 0.8571428571428571, 'specificity': 0.8947368421052632}, {'accuracy': 0.8787878787878788, 'f1': 0.8571428571428571, 'sensitivity': 0.8571428571428571, 'specificity': 0.8947368421052632}, {'accuracy': 0.8787878787878788, 'f1': 0.8571428571428571, 'sensitivity': 0.8571428571428571, 'specificity': 0.8947368421052632}, {'accuracy': 0.8787878787878788, 'f1': 0.8571428571428571, 'sensitivity': 0.8571428571428571, 'specificity': 0.8947368421052632}, {'accuracy': 0.8787878787878788, 'f1': 0.8571428571428571, 'sensitivity': 0.8571428571428571, 'specificity': 0.8947368421052632}, {'accuracy': 0.8787878787878788, 'f1': 0.8571428571428571, 'sensitivity': 0.8571428571428571, 'specificity': 0.8947368421052632}, {'accuracy': 0.8787878787878788, 'f1': 0.8571428571428571, 'sensitivity': 0.8571428571428571, 'specificity': 0.8947368421052632}, {'accuracy': 0.8787878787878788, 'f1': 0.8571428571428571, 'sensitivity': 0.8571428571428571, 'specificity': 0.8947368421052632}, {'accuracy': 0.8787878787878788, 'f1': 0.8571428571428571, 'sensitivity': 0.8571428571428571, 'specificity': 0.8947368421052632}, {'accuracy': 0.8787878787878788, 'f1': 0.8571428571428571, 'sensitivity': 0.8571428571428571, 'specificity': 0.8947368421052632}, {'accuracy': 0.8787878787878788, 'f1': 0.8571428571428571, 'sensitivity': 0.8571428571428571, 'specificity': 0.8947368421052632}, {'accuracy': 0.8787878787878788, 'f1': 0.8571428571428571, 'sensitivity': 0.8571428571428571, 'specificity': 0.8947368421052632}, {'accuracy': 0.8787878787878788, 'f1': 0.8571428571428571, 'sensitivity': 0.8571428571428571, 'specificity': 0.8947368421052632}, {'accuracy': 0.8787878787878788, 'f1': 0.8571428571428571, 'sensitivity': 0.8571428571428571, 'specificity': 0.8947368421052632}, {'accuracy': 0.8787878787878788, 'f1': 0.8571428571428571, 'sensitivity': 0.8571428571428571, 'specificity': 0.8947368421052632}, {'accuracy': 0.8787878787878788, 'f1': 0.8571428571428571, 'sensitivity': 0.8571428571428571, 'specificity': 0.8947368421052632}, {'accuracy': 0.8787878787878788, 'f1': 0.8571428571428571, 'sensitivity': 0.8571428571428571, 'specificity': 0.8947368421052632}, {'accuracy': 0.8787878787878788, 'f1': 0.8571428571428571, 'sensitivity': 0.8571428571428571, 'specificity': 0.8947368421052632}, {'accuracy': 0.8787878787878788, 'f1': 0.8571428571428571, 'sensitivity': 0.8571428571428571, 'specificity': 0.8947368421052632}, {'accuracy': 0.8787878787878788, 'f1': 0.8571428571428571, 'sensitivity': 0.8571428571428571, 'specificity': 0.8947368421052632}, {'accuracy': 0.8787878787878788, 'f1': 0.8571428571428571, 'sensitivity': 0.8571428571428571, 'specificity': 0.8947368421052632}, {'accuracy': 0.8787878787878788, 'f1': 0.8571428571428571, 'sensitivity': 0.8571428571428571, 'specificity': 0.8947368421052632}, {'accuracy': 0.8787878787878788, 'f1': 0.8571428571428571, 'sensitivity': 0.8571428571428571, 'specificity': 0.8947368421052632}, {'accuracy': 0.8787878787878788, 'f1': 0.8571428571428571, 'sensitivity': 0.8571428571428571, 'specificity': 0.8947368421052632}, {'accuracy': 0.8787878787878788, 'f1': 0.8571428571428571, 'sensitivity': 0.8571428571428571, 'specificity': 0.8947368421052632}, {'accuracy': 0.9090909090909091, 'f1': 0.896551724137931, 'sensitivity': 0.9285714285714286, 'specificity': 0.8947368421052632}, {'accuracy': 0.8787878787878788, 'f1': 0.8571428571428571, 'sensitivity': 0.8571428571428571, 'specificity': 0.8947368421052632}, {'accuracy': 0.8787878787878788, 'f1': 0.8571428571428571, 'sensitivity': 0.8571428571428571, 'specificity': 0.8947368421052632}, {'accuracy': 0.8787878787878788, 'f1': 0.8571428571428571, 'sensitivity': 0.8571428571428571, 'specificity': 0.8947368421052632}, {'accuracy': 0.8787878787878788, 'f1': 0.8571428571428571, 'sensitivity': 0.8571428571428571, 'specificity': 0.8947368421052632}, {'accuracy': 0.8787878787878788, 'f1': 0.8571428571428571, 'sensitivity': 0.8571428571428571, 'specificity': 0.8947368421052632}, {'accuracy': 0.9090909090909091, 'f1': 0.896551724137931, 'sensitivity': 0.9285714285714286, 'specificity': 0.8947368421052632}, {'accuracy': 0.8787878787878788, 'f1': 0.8571428571428571, 'sensitivity': 0.8571428571428571, 'specificity': 0.8947368421052632}, {'accuracy': 0.9090909090909091, 'f1': 0.896551724137931, 'sensitivity': 0.9285714285714286, 'specificity': 0.8947368421052632}, {'accuracy': 0.9090909090909091,