number,value,datetime_start,datetime_complete,duration,params_dropout_rate,params_learning_rate,params_weight_decay,user_attrs_best_val_metrics,user_attrs_model_name,user_attrs_train_loss_history,user_attrs_val_loss_history,user_attrs_val_overall_metrics_history,state
9,0.896551724137931,2026-08-09 04:43:29.274948,2026-08-09 04:44:35.344350,0 days 00:01:06.069402,0.2,0.011868009901799844,1.2723208072531627e-05,"{'overall': {'n': 33, 'accuracy': 0.9090909090909091, 'precision': 0.8666666666666667, 'recall': 0.9285714285714286, 'sensitivity': 0.9285714285714286, 'specificity': 0.8947368421052632, 'balanced_accuracy': 0.9116541353383458, 'f1': 0.896551724137931, 'confusion_matrix': [[17, 2], [1, 13]], 'auc': 0.9473684210526316, 'roc_curve': {'fpr': [0.0, 0.0, 0.0, 0.05263157894736842, 0.05263157894736842, 0.21052631578947367, 0.21052631578947367, 1.0], 'tpr': [0.0, 0.07142857142857142, 0.21428571428571427, 0.21428571428571427, 0.9285714285714286, 0.9285714285714286, 1.0, 1.0]}}, 'India': {'n': 14, 'accuracy': 0.8571428571428571, 'precision': 0.9, 'recall': 0.9, 'sensitivity': 0.9, 'specificity': 0.75, 'balanced_accuracy': 0.825, 'f1': 0.9, 'confusion_matrix': [[3, 1], [1, 9]], 'auc': 0.925, 'roc_curve': {'fpr': [0.0, 0.0, 0.0, 0.75, 0.75, 1.0], 'tpr': [0.0, 0.1, 0.9, 0.9, 1.0, 1.0]}}, 'Italy': {'n': 19, 'accuracy': 0.9473684210526315, 'precision': 0.8, 'recall': 1.0, 'sensitivity': 1.0, 'specificity': 0.9333333333333333, 'balanced_accuracy': 0.9666666666666667, 'f1': 0.8888888888888888, 'confusion_matrix': [[14, 1], [0, 4]], 'auc': 0.9333333333333333, 'roc_curve': {'fpr': [0.0, 0.06666666666666667, 0.06666666666666667, 1.0], 'tpr': [0.0, 0.0, 1.0, 1.0]}}}",convnext_large_palpebral_new_way,"[0.8830176662925063, 0.6266835505599218, 0.5999112073948841, 0.5188967664510209, 0.532177810242634, 0.5208864650189482, 0.46360746322088686, 0.4489707374414861, 0.4117894847661454, 0.42160978775150726]","[0.6174907178589792, 0.46265852451324463, 0.39034357937899505, 0.42123924602161755, 0.4163071025501598, 0.4454680356112393, 0.5075617920268666, 0.46607826695297705, 0.45974396214340674, 0.44137580466992926]","[{'accuracy': 0.696969696969697, 'f1': 0.5, 'sensitivity': 0.35714285714285715, 'specificity': 0.9473684210526315}, {'accuracy': 0.8484848484848485, 'f1': 0.8484848484848485, 'sensitivity': 1.0, 'specificity': 0.7368421052631579}, {'accuracy': 0.9090909090909091, 'f1': 0.896551724137931, 'sensitivity': 0.9285714285714286, 'specificity': 0.8947368421052632}, {'accuracy': 0.8787878787878788, 'f1': 0.875, 'sensitivity': 1.0, 'specificity': 0.7894736842105263}, {'accuracy': 0.8484848484848485, 'f1': 0.8387096774193549, 'sensitivity': 0.9285714285714286, 'specificity': 0.7894736842105263}, {'accuracy': 0.8484848484848485, 'f1': 0.8148148148148148, 'sensitivity': 0.7857142857142857, 'specificity': 0.8947368421052632}, {'accuracy': 0.7878787878787878, 'f1': 0.8, 'sensitivity': 1.0, 'specificity': 0.631578947368421}, {'accuracy': 0.7878787878787878, 'f1': 0.7586206896551724, 'sensitivity': 0.7857142857142857, 'specificity': 0.7894736842105263}, {'accuracy': 0.7878787878787878, 'f1': 0.7586206896551724, 'sensitivity': 0.7857142857142857, 'specificity': 0.7894736842105263}, {'accuracy': 0.8484848484848485, 'f1': 0.8275862068965517, 'sensitivity': 0.8571428571428571, 'specificity': 0.8421052631578947}]",COMPLETE
