number,value,datetime_start,datetime_complete,duration,params_dropout_rate,params_learning_rate,params_weight_decay,user_attrs_best_val_metrics,user_attrs_model_name,user_attrs_train_loss_history,user_attrs_val_loss_history,user_attrs_val_overall_metrics_history,state
1,0.896551724137931,2026-08-09 01:07:03.953862,2026-08-09 01:15:36.291124,0 days 00:08:32.337262,0.5,0.00029380279387035364,2.9375384576328313e-06,"{'overall': {'n': 33, 'accuracy': 0.9090909090909091, 'precision': 0.8666666666666667, 'recall': 0.9285714285714286, 'sensitivity': 0.9285714285714286, 'specificity': 0.8947368421052632, 'balanced_accuracy': 0.9116541353383458, 'f1': 0.896551724137931, 'confusion_matrix': [[17, 2], [1, 13]], 'auc': 0.943609022556391, 'roc_curve': {'fpr': [0.0, 0.0, 0.0, 0.05263157894736842, 0.05263157894736842, 0.10526315789473684, 0.10526315789473684, 0.2631578947368421, 0.2631578947368421, 1.0], 'tpr': [0.0, 0.07142857142857142, 0.2857142857142857, 0.2857142857142857, 0.8571428571428571, 0.8571428571428571, 0.9285714285714286, 0.9285714285714286, 1.0, 1.0]}}, 'India': {'n': 14, 'accuracy': 0.9285714285714286, 'precision': 1.0, 'recall': 0.9, 'sensitivity': 0.9, 'specificity': 1.0, 'balanced_accuracy': 0.95, 'f1': 0.9473684210526315, 'confusion_matrix': [[4, 0], [1, 9]], 'auc': 0.975, 'roc_curve': {'fpr': [0.0, 0.0, 0.0, 0.25, 0.25, 1.0], 'tpr': [0.0, 0.1, 0.9, 0.9, 1.0, 1.0]}}, 'Italy': {'n': 19, 'accuracy': 0.8947368421052632, 'precision': 0.6666666666666666, 'recall': 1.0, 'sensitivity': 1.0, 'specificity': 0.8666666666666667, 'balanced_accuracy': 0.9333333333333333, 'f1': 0.8, 'confusion_matrix': [[13, 2], [0, 4]], 'auc': 0.9166666666666667, 'roc_curve': {'fpr': [0.0, 0.06666666666666667, 0.06666666666666667, 0.13333333333333333, 0.13333333333333333, 1.0], 'tpr': [0.0, 0.0, 0.75, 0.75, 1.0, 1.0]}}}",convnext_base_palpebral_new_way,"[0.7739884087581508, 0.775062248012088, 0.7850594986353489, 0.7730814735621017, 0.7748631538934265, 0.7438657256151666, 0.7466245340985178, 0.7265160727185129, 0.7357964286741042, 0.7252666523914464, 0.7132437651520533, 0.719845110217467, 0.7104393571417853, 0.6798103838566912, 0.719942577627321, 0.6939568728800641, 0.6724744395704458, 0.6770565399270974, 0.6638423350473114, 0.6731166638285908, 0.6492546473117854, 0.6509233713150024, 0.657286655823916, 0.6391196203547598, 0.6535553494036592, 0.6518294653355681, 0.6193386904451231, 0.6441021261625732, 0.627076475430798, 0.6330264862010021, 0.6135234161718002, 0.6165452354791149, 0.6297337045732713, 0.614227736233086, 0.6070119955681808, 0.6168108357498977, 0.5933570877605716, 0.6197082060851798, 0.5843228914879806, 0.5669718657108332, 0.5976139607018982, 0.5862815849828404, 0.5922325814007133, 0.5802777085872676, 0.5893074238537163, 0.5944395511355621, 0.6029390428239936, 0.5639239028589615, 0.5741562681482327, 0.5942983208902625, 0.576234603559734, 0.5632554545307791, 0.5642950988763216, 0.5373811121807982, 0.5584177031422293, 0.5483785990058192, 0.5745888490550566, 0.5938562425161829, 0.5791581711232268, 0.5513238099631884, 0.5663786903517136, 0.5438661050322829, 0.5507650229315094, 0.5890712288041778, 0.5805722092161115, 0.5634814015287437, 0.5319162476931186, 0.5521046077178804, 0.5742101274578777, 0.5413077189432864, 0.5133080687743938, 0.5552307971265932, 0.5334026027988914, 0.5559116388788287, 0.5474364552276814, 0.5319729476969763, 0.5285964481877965, 0.5378875594265413, 0.5448536071556294, 0.5284796072947269, 0.5598506570257098, 0.5316097844910148, 0.5262414550544411, 0.5542199524822614, 0.5334335383989953, 0.5421106554814522, 0.5299368180976008, 0.5143178567191623, 0.49898839095570396, 0.5431125213373575, 0.5385901643740421, 0.5009248746151955, 0.5042213369284244, 0.5382869322568375, 0.5056367234283725, 0.55138572122877, 0.48714849135733596, 0.5170115435755016, 0.5334184939498143, 0.5135651143970869, 0.5380140535089354, 0.4971814049000772, 0.5249986253826824, 0.49649922658276086, 0.5043481363365981, 0.493006731105956, 0.4709005792014646, 0.5144348235319782, 0.5287843607119377, 0.5521667414153648, 0.5256185233592987, 0.4914572606023574, 0.500240947829177, 0.511175427610511, 0.5305763964621436, 0.5009278489264432, 0.4833299067636199, 0.5189427579475554, 0.5111816116910897, 0.5011279202060194, 0.48113033629411106, 0.5015582868594997, 0.49993998049110766, 0.5034240022400357, 0.5253209290125512, 0.5054171608378556, 0.4714695057332121, 0.4939409395716838, 0.4925065739265341, 0.5077656766042015, 0.49470046340235024, 0.4990187812325181, 0.46577584447450193, 0.4990750507803153, 0.4824463693511407, 0.4755849102080263, 0.4948060449385485, 0.4977379348499096, 0.49173342471091164, 0.4954296638634031, 0.5076237285374016, 0.4835690889532203, 0.4861493501442158, 0.5396853630116444, 0.5187442855329703, 0.5303260822169829, 0.5028675609077049, 0.4944568154038183, 0.5049104351081596, 0.49127152956874165, 0.48506958003075706, 0.4802498087188266, 0.5352901780842155, 0.4464185924719501, 0.5057661318226366, 0.4679399523513996, 0.47936135293632154, 0.4929550913785467, 0.48984057342769294, 0.4932200229720564, 0.48874157154007464, 0.44825418954653456, 0.486537570590215, 0.48174374269333897, 0.5069636230831904, 0.49351185007600595, 0.48101019188268296, 0.5011689315568533]","[0.7708784739176432, 0.7552193692236235, 0.7437983823545051, 0.7327733075979984, 0.722824519330805, 0.7121610822099628, 0.7020357630469582, 0.6921107570330302, 0.6825414119344769, 0.6741253480766759, 0.6656948824723562, 0.6571376802343311, 0.6487956001903071, 0.6413797654888846, 0.6341103008299163, 0.6267146341728441, 0.6199862938938718, 0.6137929956118265, 0.6076153155529138, 0.6014922694726423, 0.5955317959640966, 0.5896328886349996, 0.5843371297373916, 0.5788626977891633, 0.5745376276247429, 0.5697488983472189, 0.5654760978438638, 0.5614622524290374, 0.5575161829139247, 0.5537233966769595, 0.5500061241063204, 0.546392717144706, 0.5426521409641613, 0.539166221112916, 0.5359122680895256, 0.5322752829753992, 0.5290182539910981, 0.5261394905321526, 0.5232746962345007, 0.5205347682490493, 0.5183293133070974, 0.5161290963490804, 0.5139356381965406, 0.5110548590168809, 0.5084675514336788, 0.5056115569490375, 0.503543860984571, 0.5017068494449962, 0.49956108223308215, 0.4978947133728952, 0.49598248799641925, 0.4936477162621238, 0.49154161323200574, 0.4894831288944591, 0.487361723726446, 0.4858115477995439, 0.4842783682274096, 0.48209835905017273, 0.48055253606854065, 0.47939718130863074, 0.47814178828037146, 0.4764805490320379, 0.4746450294147838, 0.47280485702283453, 0.4709772232807044, 0.4700047933694088, 0.46910002014853736, 0.4677854126149958, 0.466486475684426, 0.46507944482745545, 0.4634825171846332, 0.4627374735745517, 0.4626352750893795, 0.4622757543217052, 0.4608897765477498, 0.46027805949702405, 0.45914393121545966, 0.45783228946454596, 0.4573035348545421, 0.45604097120689624, 0.4551460923570575, 0.4543994737393928, 0.4530481750314886, 0.4519968285705104, 0.45098731734535913, 0.4497360713554151, 0.44871437910831335, 0.4478413300080733, 0.4471881425741947, 0.44653289607076935, 0.4459722872936364, 0.4445339369051384, 0.4436256632660375, 0.44290362704883923, 0.4427042910546968, 0.4424205946199822, 0.44235870693669177, 0.4415116599111846, 0.44099428075732605, 0.44035974777106085, 0.44002384489232843, 0.4393428491823601, 0.43881037379756116, 0.43778403600056964, 0.43719356349020294, 0.43655568541902484, 0.4359284819978656, 0.4352205991744995, 0.4345724004687685, 0.43374969020034326, 0.43319404125213623, 0.4327283736431237, 0.43211138248443604, 0.43134302803964325, 0.43074645418109314, 0.4305837226636482, 0.43024425795584015, 0.42930632649046, 0.42932003917116107, 0.42879632025054004, 0.4283145413254247, 0.4278592196377841, 0.4269455273946126, 0.42607313213926373, 0.425755804235285, 0.4250661315339984, 0.42433186733361444, 0.4237954616546631, 0.42340970039367676, 0.4234744635495273, 0.42368282693805115, 0.42413478909116803, 0.42422923174771393, 0.42392130331559613, 0.4232433925975453, 0.4223762931245746, 0.42214726679252856, 0.4224377762187611, 0.4219457814187715, 0.4214456225886489, 0.4213604349078554, 0.4213595390319824, 0.42127104239030316, 0.4209601951367927, 0.42130973122336646, 0.4218650803421483, 0.421801740472967, 0.4214345036130963, 0.42073613224607526, 0.4207775881796172, 0.42038413250085077, 0.4199587648565119, 0.4203470403497869, 0.42000850041707355, 0.4195729168978604, 0.41907471599000873, 0.41891041668978607, 0.41932798876906885, 0.4199616981275154, 0.4186246106118867, 0.4180394447211063, 0.41823378476229583, 0.4181502876859723, 0.4189234141147498, 0.4198394399700743, 0.4195088039744984, 0.41896544803272595, 0.4185097073063706]","[{'accuracy': 0.45454545454545453, 'f1': 0.6086956521739131, 'sensitivity': 1.0, 'specificity': 0.05263157894736842}, {'accuracy': 0.7878787878787878, 'f1': 0.7878787878787878, 'sensitivity': 0.9285714285714286, 'specificity': 0.6842105263157895}, {'accuracy': 0.8787878787878788, 'f1': 0.8571428571428571, 'sensitivity': 0.8571428571428571, 'specificity': 0.8947368421052632}, {'accuracy': 0.9090909090909091, 'f1': 0.8888888888888888, 'sensitivity': 0.8571428571428571, 'specificity': 0.9473684210526315}, {'accuracy': 0.9090909090909091, 'f1': 0.8888888888888888, 'sensitivity': 0.8571428571428571, 'specificity': 0.9473684210526315}, {'accuracy': 0.8787878787878788, 'f1': 0.8571428571428571, 'sensitivity': 0.8571428571428571, 'specificity': 0.8947368421052632}, {'accuracy': 0.9090909090909091, 'f1': 0.896551724137931, 'sensitivity': 0.9285714285714286, 'specificity': 0.8947368421052632}, {'accuracy': 0.9090909090909091, 'f1': 0.896551724137931, 'sensitivity': 0.9285714285714286, 'specificity': 0.8947368421052632}, {'accuracy': 0.8787878787878788, 'f1': 0.8666666666666667, 'sensitivity': 0.9285714285714286, 'specificity': 0.8421052631578947}, {'accuracy': 0.9090909090909091, 'f1': 0.896551724137931, 'sensitivity': 0.9285714285714286, 'specificity': 0.8947368421052632}, {'accuracy': 0.9090909090909091, 'f1': 0.896551724137931, 'sensitivity': 0.9285714285714286, 'specificity': 0.8947368421052632}, {'accuracy': 0.8787878787878788, 'f1': 0.8666666666666667, 'sensitivity': 0.9285714285714286, 'specificity': 0.8421052631578947}, {'accuracy': 0.8484848484848485, 'f1': 0.8387096774193549, 'sensitivity': 0.9285714285714286, 'specificity': 0.7894736842105263}, {'accuracy': 0.8484848484848485, 'f1': 0.8387096774193549, 'sensitivity': 0.9285714285714286, 'specificity': 0.7894736842105263}, {'accuracy': 0.8484848484848485, 'f1': 0.8387096774193549, 'sensitivity': 0.9285714285714286, 'specificity': 0.7894736842105263}, {'accuracy': 0.8484848484848485, 'f1': 0.8387096774193549, 'sensitivity': 0.9285714285714286, 'specificity': 0.7894736842105263}, {'accuracy': 0.9090909090909091, 'f1': 0.896551724137931, 'sensitivity': 0.9285714285714286, 'specificity': 0.8947368421052632}, {'accuracy': 0.9090909090909091, 'f1': 0.896551724137931, 'sensitivity': 0.9285714285714286, 'specificity': 0.8947368421052632}, {'accuracy': 0.9090909090909091, 'f1': 0.896551724137931, 'sensitivity': 0.9285714285714286, 'specificity': 0.8947368421052632}, {'accuracy': 0.9090909090909091, 'f1': 0.896551724137931, 'sensitivity': 0.9285714285714286, 'specificity': 0.8947368421052632}, {'accuracy': 0.9090909090909091, 'f1': 0.896551724137931, 'sensitivity': 0.9285714285714286, 'specificity': 0.8947368421052632}, {'accuracy': 0.9090909090909091, 'f1': 0.896551724137931, 'sensitivity': 0.9285714285714286, 'specificity': 0.8947368421052632}, {'accuracy': 0.8484848484848485, 'f1': 0.8387096774193549, 'sensitivity': 0.9285714285714286, 'specificity': 0.7894736842105263}, {'accuracy': 0.8484848484848485, 'f1': 0.8387096774193549, 'sensitivity': 0.9285714285714286, 'specificity': 0.7894736842105263}, {'accuracy': 0.8484848484848485, 'f1': 0.8387096774193549, 'sensitivity': 0.9285714285714286, 'specificity': 0.7894736842105263}, {'accuracy': 0.8484848484848485, 'f1': 0.8387096774193549, 'sensitivity': 0.9285714285714286, 'specificity': 0.7894736842105263}, {'accuracy': 0.8484848484848485, 'f1': 0.8387096774193549, 'sensitivity': 0.9285714285714286, 'specificity': 0.7894736842105263}, {'accuracy': 0.8484848484848485, 'f1': 0.8387096774193549, 'sensitivity': 0.9285714285714286, 'specificity': 0.7894736842105263}, {'accuracy': 0.8484848484848485, 'f1': 0.8387096774193549, 'sensitivity': 0.9285714285714286, 'specificity': 0.7894736842105263}, {'accuracy': 0.8484848484848485, 'f1': 0.8387096774193549, 'sensitivity': 0.9285714285714286, 'specificity': 0.7894736842105263}, {'accuracy': 0.8484848484848485, 'f1': 0.8387096774193549, 'sensitivity': 0.9285714285714286, 'specificity': 0.7894736842105263}, {'accuracy': 0.8484848484848485, 'f1': 0.8387096774193549, 'sensitivity': 0.9285714285714286, 'specificity': 0.7894736842105263}, {'accuracy': 0.8484848484848485, 'f1': 0.8387096774193549, 'sensitivity': 0.9285714285714286, 'specificity': 0.7894736842105263}, {'accuracy': 0.8484848484848485, 'f1': 0.8387096774193549, 'sensitivity': 0.9285714285714286, 'specificity': 0.7894736842105263}, {'accuracy': 0.8484848484848485, 'f1': 0.8387096774193549, 'sensitivity': 0.9285714285714286, 'specificity': 0.7894736842105263}, {'accuracy': 0.8484848484848485, 'f1': 0.8387096774193549, 'sensitivity': 0.9285714285714286, 'specificity': 0.7894736842105263}, {'accuracy': 0.8484848484848485, 'f1': 0.8387096774193549, 'sensitivity': 0.9285714285714286, 'specificity': 0.7894736842105263}, {'accuracy': 0.8484848484848485, 'f1': 0.8387096774193549, 'sensitivity': 0.9285714285714286, 'specificity': 0.7894736842105263}, {'accuracy': 0.8484848484848485, 'f1': 0.8387096774193549, 'sensitivity': 0.9285714285714286, 'specificity': 0.7894736842105263}, {'accuracy': 0.8484848484848485, 'f1': 0.8387096774193549, 'sensitivity': 0.9285714285714286, 'specificity': 0.7894736842105263}, {'accuracy': 0.8484848484848485, 'f1': 0.8387096774193549, 'sensitivity': 0.9285714285714286, 'specificity': 0.7894736842105263}, {'accuracy': 0.8484848484848485, 'f1': 0.8387096774193549, 'sensitivity': 0.9285714285714286, 'specificity': 0.7894736842105263}, {'accuracy': 0.8484848484848485, 'f1': 0.8387096774193549, 'sensitivity': 0.9285714285714286, 'specificity': 0.7894736842105263}, {'accuracy': 0.8484848484848485, 'f1': 0.8387096774193549, 'sensitivity': 0.9285714285714286, 'specificity': 0.7894736842105263}, {'accuracy': 0.8484848484848485, 'f1': 0.8387096774193549, 'sensitivity': 0.9285714285714286, 'specificity': 0.7894736842105263}, {'accuracy': 0.8484848484848485, 'f1': 0.8387096774193549, 'sensitivity': 0.9285714285714286, 'specificity': 0.7894736842105263}, {'accuracy': 0.8484848484848485, 'f1': 0.8387096774193549, 'sensitivity': 0.9285714285714286, 'specificity': 0.7894736842105263}, {'accuracy': 0.8484848484848485, 'f1': 0.8387096774193549, 'sensitivity': 0.9285714285714286, 'specificity': 0.7894736842105263}, {'accuracy': 0.8484848484848485, 'f1': 0.8387096774193549, 'sensitivity': 0.9285714285714286, 'specificity': 0.7894736842105263}, {'accuracy': 0.8484848484848485, 'f1': 0.8387096774193549, 'sensitivity': 0.9285714285714286, 'specificity': 0.7894736842105263}, {'accuracy': 0.8484848484848485, 'f1': 0.8387096774193549, 'sensitivity': 0.9285714285714286, 'specificity': 0.7894736842105263}, {'accuracy': 0.8484848484848485, 'f1': 0.8387096774193549, 'sensitivity': 0.9285714285714286, 'specificity': 0.7894736842105263}, {'accuracy': 0.8484848484848485, 'f1': 0.8387096774193549, 'sensitivity': 0.9285714285714286, 'specificity': 0.7894736842105263}, {'accuracy': 0.8484848484848485, 'f1': 0.8387096774193549, 'sensitivity': 0.9285714285714286, 'specificity': 0.7894736842105263}, {'accuracy': 0.8484848484848485, 'f1': 0.8387096774193549, 'sensitivity': 0.9285714285714286, 'specificity': 0.7894736842105263}, {'accuracy': 0.8484848484848485, 'f1': 0.8387096774193549, 'sensitivity': 0.9285714285714286, 'specificity': 0.7894736842105263}, {'accuracy': 0.8181818181818182, 'f1': 0.8125, 'sensitivity': 0.9285714285714286, 'specificity': 0.7368421052631579}, {'accuracy': 0.8484848484848485, 'f1': 0.8387096774193549, 'sensitivity': 0.9285714285714286, 'specificity': 0.7894736842105263}, {'accuracy': 0.8181818181818182, 'f1': 0.8125, 'sensitivity': 0.9285714285714286, 'specificity': 0.7368421052631579}, {'accuracy': 0.8181818181818182, 'f1': 0.8125, 'sensitivity': 0.9285714285714286, 'specificity': 0.7368421052631579}, {'accuracy': 0.8181818181818182, 'f1': 0.8125, 'sensitivity': 0.9285714285714286, 'specificity': 0.7368421052631579}, {'accuracy': 0.8181818181818182, 'f1': 0.8125, 'sensitivity': 0.9285714285714286, 'specificity': 0.7368421052631579}, {'accuracy': 0.8181818181818182, 'f1': 0.8125, 'sensitivity': 0.9285714285714286, 'specificity': 0.7368421052631579}, {'accuracy': 0.8181818181818182, 'f1': 0.8125, 'sensitivity': 0.9285714285714286, 'specificity': 0.7368421052631579}, {'accuracy': 0.8484848484848485, 'f1': 0.8387096774193549, 'sensitivity': 0.9285714285714286, 'specificity': 0.7894736842105263}, {'accuracy': 0.8484848484848485, 'f1': 0.8387096774193549, 'sensitivity': 0.9285714285714286, 'specificity': 0.7894736842105263}, {'accuracy': 0.8484848484848485, 'f1': 0.8387096774193549, 'sensitivity': 0.9285714285714286, 'specificity': 0.7894736842105263}, {'accuracy': 0.8787878787878788, 'f1': 0.8666666666666667, 'sensitivity': 0.9285714285714286, 'specificity': 0.8421052631578947}, {'accuracy': 0.8787878787878788, 'f1': 0.8666666666666667, 'sensitivity': 0.9285714285714286, 'specificity': 0.8421052631578947}, {'accuracy': 0.8787878787878788, 'f1': 0.8666666666666667, 'sensitivity': 0.9285714285714286, 'specificity': 0.8421052631578947}, {'accuracy': 0.8787878787878788, 'f1': 0.8666666666666667, 'sensitivity': 0.9285714285714286, 'specificity': 0.8421052631578947}, {'accuracy': 0.8181818181818182, 'f1': 0.8125, 'sensitivity': 0.9285714285714286, 'specificity': 0.7368421052631579}, {'accuracy': 0.8181818181818182, 'f1': 0.8125, 'sensitivity': 0.9285714285714286, 'specificity': 0.7368421052631579}, {'accuracy': 0.8181818181818182, 'f1': 0.8125, 'sensitivity': 0.9285714285714286, 'specificity': 0.7368421052631579}, {'accuracy': 0.8181818181818182, 'f1': 0.8125, 'sensitivity': 0.9285714285714286, 'specificity': 0.7368421052631579}, {'accuracy': 0.8181818181818182, 'f1': 0.8125, 'sensitivity': 0.9285714285714286, 'specificity': 0.7368421052631579}, {'accuracy': 0.8181818181818182, 'f1': 0.8125, 'sensitivity': 0.9285714285714286, 'specificity': 0.7368421052631579}, {'accuracy': 0.8181818181818182, 'f1': 0.8125, 'sensitivity': 0.9285714285714286, 'specificity': 0.7368421052631579}, {'accuracy': 0.8181818181818182, 'f1': 0.8125, 'sensitivity': 0.9285714285714286, 'specificity': 0.7368421052631579}, {'accuracy': 0.8181818181818182, 'f1': 0.8125, 'sensitivity': 0.9285714285714286, 'specificity': 0.7368421052631579}, {'accuracy': 0.8181818181818182, 'f1': 0.8125, 'sensitivity': 0.9285714285714286, 'specificity': 0.7368421052631579}, {'accuracy': 0.8181818181818182, 'f1': 0.8125, 'sensitivity': 0.9285714285714286, 'specificity': 0.7368421052631579}, {'accuracy': 0.8181818181818182, 'f1': 0.8125, 'sensitivity': 0.9285714285714286, 'specificity': 0.7368421052631579}, {'accuracy': 0.8181818181818182, 'f1': 0.8125, 'sensitivity': 0.9285714285714286, 'specificity': 0.7368421052631579}, {'accuracy': 0.8181818181818182, 'f1': 0.8125, 'sensitivity': 0.9285714285714286, 'specificity': 0.7368421052631579}, {'accuracy': 0.8181818181818182, 'f1': 0.8125, 'sensitivity': 0.9285714285714286, 'specificity': 0.7368421052631579}, {'accuracy': 0.8181818181818182, 'f1': 0.8125, 'sensitivity': 0.9285714285714286, 'specificity': 0.7368421052631579}, {'accuracy': 0.8181818181818182, 'f1': 0.8125, 'sensitivity': 0.9285714285714286, 'specificity': 0.7368421052631579}, {'accuracy': 0.8181818181818182, 'f1': 0.8125, 'sensitivity': 0.9285714285714286, 'specificity': 0.7368421052631579}, {'accuracy': 0.8181818181818182, 'f1': 0.8125, 'sensitivity': 0.9285714285714286, 'specificity': 0.7368421052631579}, {'accuracy': 0.8181818181818182, 'f1': 0.8125, 'sensitivity': 0.9285714285714286, 'specificity': 0.7368421052631579}, {'accuracy': 0.8181818181818182, 'f1': 0.8125, 'sensitivity': 0.9285714285714286, 'specificity': 0.7368421052631579}, {'accuracy': 0.8181818181818182, 'f1': 0.8125, 'sensitivity': 0.9285714285714286, 'specificity': 0.7368421052631579}, {'accuracy': 0.8181818181818182, 'f1': 0.8125, 'sensitivity': 0.9285714285714286, 'specificity': 0.7368421052631579}, {'accuracy': 0.8181818181818182, 'f1': 0.8125, 'sensitivity': 0.9285714285714286, 'specificity': 0.7368421052631579}, {'accuracy': 0.8181818181818182, 'f1': 0.8125, 'sensitivity': 0.9285714285714286, 'specificity': 0.7368421052631579}, {'accuracy': 0.8181818181818182, 'f1': 0.8125, 'sensitivity': 0.9285714285714286, 'specificity': 0.7368421052631579}, {'accuracy': 0.8181818181818182, 'f1': 0.8125, 'sensitivity': 0.9285714285714286, 'specificity': 0.7368421052631579}, {'accuracy': 0.8181818181818182, 'f1': 0.8125, 'sensitivity': 0.9285714285714286, 'specificity': 0.7368421052631579}, {'accuracy': 0.8181818181818182, 'f1': 0.8125, 'sensitivity': 0.9285714285714286, 'specificity': 0.7368421052631579}, {'accuracy': 0.8181818181818182, 'f1': 0.8125, 'sensitivity': 0.9285714285714286, 'specificity': 0.7368421052631579}, {'accuracy': 0.8181818181818182, 'f1': 0.8125, 'sensitivity': 0.9285714285714286, 'specificity': 0.7368421052631579}, {'accuracy': 0.8181818181818182, 'f1': 0.8125, 'sensitivity': 0.9285714285714286, 'specificity': 0.7368421052631579}, {'accuracy': 0.8181818181818182, 'f1': 0.8125, 'sensitivity': 0.9285714285714286, 'specificity': 0.7368421052631579}, {'accuracy': 0.8181818181818182, 'f1': 0.8125, 'sensitivity': 0.9285714285714286, 'specificity': 0.7368421052631579}, {'accuracy': 0.8181818181818182, 'f1': 0.8125, 'sensitivity': 0.9285714285714286, 'specificity': 0.7368421052631579}, {'accuracy': 0.8181818181818182, 'f1': 0.8125, 'sensitivity': 0.9285714285714286, 'specificity': 0.73684210526315