number,value,datetime_start,datetime_complete,duration,params_dropout_rate,params_learning_rate,params_weight_decay,user_attrs_best_val_metrics,user_attrs_model_name,user_attrs_train_loss_history,user_attrs_val_loss_history,user_attrs_val_overall_metrics_history,state
6,0.8666666666666667,2026-08-09 01:32:42.965281,2026-08-09 01:45:23.626610,0 days 00:12:40.661329,0.5,0.00011321021804230365,1.1547312539151762e-06,"{'overall': {'n': 33, 'accuracy': 0.8787878787878788, 'precision': 0.8125, 'recall': 0.9285714285714286, 'sensitivity': 0.9285714285714286, 'specificity': 0.8421052631578947, 'balanced_accuracy': 0.8853383458646616, 'f1': 0.8666666666666667, 'confusion_matrix': [[16, 3], [1, 13]], 'auc': 0.9360902255639099, 'roc_curve': {'fpr': [0.0, 0.0, 0.0, 0.05263157894736842, 0.05263157894736842, 0.10526315789473684, 0.10526315789473684, 0.15789473684210525, 0.15789473684210525, 0.2631578947368421, 0.2631578947368421, 1.0], 'tpr': [0.0, 0.07142857142857142, 0.2857142857142857, 0.2857142857142857, 0.7857142857142857, 0.7857142857142857, 0.8571428571428571, 0.8571428571428571, 0.9285714285714286, 0.9285714285714286, 1.0, 1.0]}}, 'India': {'n': 14, 'accuracy': 0.8571428571428571, 'precision': 0.9, 'recall': 0.9, 'sensitivity': 0.9, 'specificity': 0.75, 'balanced_accuracy': 0.825, 'f1': 0.9, 'confusion_matrix': [[3, 1], [1, 9]], 'auc': 0.925, 'roc_curve': {'fpr': [0.0, 0.0, 0.0, 0.25, 0.25, 0.5, 0.5, 1.0], 'tpr': [0.0, 0.1, 0.8, 0.8, 0.9, 0.9, 1.0, 1.0]}}, 'Italy': {'n': 19, 'accuracy': 0.8947368421052632, 'precision': 0.6666666666666666, 'recall': 1.0, 'sensitivity': 1.0, 'specificity': 0.8666666666666667, 'balanced_accuracy': 0.9333333333333333, 'f1': 0.8, 'confusion_matrix': [[13, 2], [0, 4]], 'auc': 0.9333333333333333, 'roc_curve': {'fpr': [0.0, 0.06666666666666667, 0.06666666666666667, 1.0], 'tpr': [0.0, 0.0, 1.0, 1.0]}}}",convnext_base_palpebral_new_way,"[0.8082044787754287, 0.7921749163937095, 0.8118746355669388, 0.8003199033389817, 0.7905887704811349, 0.783617246229917, 0.7847270989260137, 0.7831876530552542, 0.7645150233578208, 0.7692242323957532, 0.7710890722590567, 0.7749835304077098, 0.7769281426012911, 0.7593461322468638, 0.7532025903265998, 0.7593273753361987, 0.7431750692279133, 0.7358368382548655, 0.7436106560246044, 0.734238919043383, 0.7187420358720994, 0.7463916180939074, 0.7550243234002827, 0.713977169911593, 0.724133499805501, 0.7291111902685354, 0.713137113890111, 0.7217872928309914, 0.7174451730109208, 0.7064935825518425, 0.7140403500455894, 0.7048598922641072, 0.7171188048179576, 0.708228305870334, 0.7149009463802868, 0.6709520931275476, 0.69189202074973, 0.6979917804926437, 0.7100240817133164, 0.6941609812888089, 0.6772644606647112, 0.689872515122622, 0.6888500349411112, 0.6843354224369226, 0.6642235742499497, 0.6887864683637556, 0.6935516670839676, 0.6817900846336061, 0.6893106142416695, 0.6677226688688165, 0.6974636154459012, 0.6703562033886941, 0.6582291584141207, 0.6608358215022561, 0.68264020160334, 0.6952748760482333, 0.661674372802507, 0.667727277373636, 0.6518742055292951, 0.6542334655262777, 0.6470555663108826, 0.644245667173373, 0.6724296666139009, 0.6412876414147434, 0.6436774332002299, 0.6332225582457536, 0.6379928063872634, 0.6438354403767365, 0.6282857652531554, 0.6422090629078695, 0.6303968236146383, 0.634993344347998, 0.6722295023747628, 0.6380609206805955, 0.6324913837262337, 0.6189408140466702, 0.641250021805037, 0.6525724092066683, 0.6111538402292113, 0.6450231237127292, 0.6339116191232441, 0.6090456413117465, 0.6252733338747593, 0.6180325482065314, 0.6114423357887774, 0.6298035138490184, 0.6314436536751046, 0.6323065970907148, 0.616320294654922, 0.6229583471026642, 0.6321479299210555, 0.638889677082466, 0.6161076738344913, 0.6147563903537018, 0.5988232674977637, 0.6162842752917713, 0.6016536915539116, 0.6190029666913266, 0.6036524547646377, 0.6161301203121413, 0.6085998767259105, 0.5863488024433717, 0.6138505718565934, 0.5967897828051586, 0.629481597846707, 0.5800916670963464, 0.6332410727905122, 0.60141911846123, 0.610244714266417, 0.6101843276560701, 0.6320131914505106, 0.6013240237899175, 0.6266452918778982, 0.5907119575715223, 0.5906305269689749, 0.6125289924097377, 0.5723090637598606, 0.623303101946976, 0.593740012472039, 0.5857532509904824, 0.6136320695182346, 0.5805882495760128, 0.596390904969727, 0.5760251646799757, 0.5918955964757907, 0.5778071738236787, 0.5604958581608652, 0.5542611250814223, 0.5670976686161875, 0.5838259699328846, 0.57286100553361, 0.5799863942411562, 0.569891307132923, 0.5979777677169699, 0.5804090057777254, 0.6076828809763422, 0.5784076590411711, 0.5725793451662885, 0.585362476623611, 0.5865979088063271, 0.5571559312327808, 0.5735866387948295, 0.5793769710900768, 0.57606448183786, 0.5686360664715041, 0.5588032887471432, 0.5792404042174485, 0.6193611941590215, 0.5672292961979544, 0.5753552751825345, 0.5740078225830533, 0.5585796189623953, 0.5490578274853182, 0.542935511529051, 0.5889853574582283, 0.5461136371094659, 0.5877914614235329, 0.5685110810576686, 0.5362572253539862, 0.5483813198986432, 0.5541003174734431, 0.5398634920846548, 0.5712977750411886, 0.5505587314533082, 0.5429483371854618, 0.552585281678383, 0.5420645351046758, 0.5340554881964298, 0.5791368780546631, 0.5411569643889041, 0.5505430876024512, 0.5467417761190048, 0.5362667072292985, 0.5430882431023958, 0.5213131752629944, 0.563309005159416, 0.5413851722186764, 0.5575870940622115, 0.5508364289012176, 0.5842609926564803, 0.5248152597850522, 0.5805903124493479, 0.5552762796152506, 0.5616683077733249, 0.5542335908933981, 0.5472836328658047, 0.5743387329657346, 0.5483580602715347, 0.5182566654603213, 0.550845263414825, 0.5515125044529011, 0.5431075542178375, 0.545358386655517, 0.5634680362726678, 0.567082244434104, 0.5384754116172032, 0.5297339684915858, 0.5437525088423925, 0.528612862359609, 0.5331856422866417, 0.5567015241708188, 0.5354851547455945, 0.5327363661582897, 0.5353373612789128, 0.5542142766200944, 0.5536831838405685, 0.5234899062984038, 0.562407853192841, 0.5446199561586443, 0.55315011621311, 0.5416004630114069, 0.5578591561080605, 0.5310646686332905, 0.5065972335291224, 0.524570529231962, 0.5312316844005458, 0.5531395772435018, 0.5396288538610698, 0.5145638324567025, 0.556641220651715, 0.5553028924970438, 0.5215948273409281, 0.525303038342899, 0.5461229354340509, 0.5312514597216978, 0.549815722056572, 0.5315673779572873, 0.5206215677671875, 0.5357860160979214, 0.5525650810326962, 0.5147925591626704, 0.5347100713395125, 0.5162282599913364, 0.5333230846765026, 0.5144363298321402, 0.5573003524976061, 0.5272295214482491, 0.5192326252034168, 0.5238761155810577, 0.5128611184113863, 0.518010891036482, 0.5192738416179127, 0.5507820209130546, 0.49438405668498664, 0.5486328191315102, 0.5315926213138151, 0.5400388813176692, 0.5304069037469018, 0.5539743142412198, 0.5195357089011085]","[0.7841402797987966, 0.7790858763636965, 0.7740269321383852, 0.7689865466320154, 0.7641398166165208, 0.7594043720852245, 0.7549344192851674, 0.7504590280128248, 0.7459594408671061, 0.7415900338779796, 0.7372932434082031, 0.7328850283767238, 0.7286169565085209, 0.724590494777217, 0.7207417957710497, 0.7170085581866178, 0.7134814045645974, 0.7096450870687311, 0.7057926871559836, 0.7020546197891235, 0.6982432802518209, 0.6944326198462284, 0.6908675612825336, 0.6875491684133356, 0.6841728976278594, 0.6808425585428873, 0.6774448192480839, 0.6739781733715173, 0.6704663905230436, 0.667422407504284, 0.6644580382289309, 0.6614027384555701, 0.6582532308318398, 0.6553728887529084, 0.65247883941188, 0.6495514304348917, 0.6467047866546747, 0.6439810946132197, 0.6413170370188627, 0.6387164357936743, 0.6359742735371445, 0.6331727649226333, 0.6306067343914148, 0.6281971714713357, 0.6258432630336646, 0.6232542052413478, 0.6208121903014906, 0.6184875856746327, 0.6161941470521869, 0.6136828046856504, 0.6112725572152571, 0.6088475025061405, 0.6065085656715162, 0.6043483741355665, 0.6022704713272325, 0.6002874266017567, 0.5982028697476243, 0.5963620254487703, 0.5943459543314847, 0.592399127555616, 0.5904307582161643, 0.5884906649589539, 0.5866294972824327, 0.5847598404595347, 0.5829503174984094, 0.5812564997962026, 0.5793786374005404, 0.5774801951466184, 0.5757817517627369, 0.5740377632054415, 0.5724875710227273, 0.570824101115718, 0.5691533197056163, 0.5677411899422155, 0.5662043275255145, 0.564686737277291, 0.5631280288551793, 0.5614846818374865, 0.5596414081978075, 0.5580814932331895, 0.5564756266998522, 0.554981296712702, 0.5537351496291884, 0.5523187789050016, 0.5509906176364783, 0.5496086207303134, 0.5482853036938291, 0.547058408910578, 0.5457428892453512, 0.5443507866425947, 0.5430411949302211, 0.5417628956563545, 0.5405526955922445, 0.5392602790485729, 0.5380328098932902, 0.5367980671651436, 0.5356058496417422, 0.5344466278047273, 0.5332942370212439, 0.532251831256982, 0.531006654103597, 0.5298151319677179, 0.5287024107846346, 0.5274466131672715, 0.5263336824648308, 0.5251668113650698, 0.5240495963530107, 0.5229454221147479, 0.5218189701889501, 0.520656867460771, 0.5197743719274347, 0.5187838944521818, 0.5177657604217529, 0.516867438952128, 0.5158545284560232, 0.5147880821517019, 0.5137261116143429, 0.512697848406705, 0.5117569475462942, 0.510868003874114, 0.5099903561852195, 0.5090554410761053, 0.5082712065089833, 0.5072044098015988, 0.5062214677984064, 0.5051650567488237, 0.5043919881184896, 0.5034365256627401, 0.5023917718367144, 0.5014746658729784, 0.5006006161371866, 0.4997301246180679, 0.4989105499151981, 0.49822103254722827, 0.49742262291185785, 0.4966395407012015, 0.4959137692595973, 0.4951999440337672, 0.49460743412827, 0.4938876050891298, 0.49333302902452875, 0.4926234194726655, 0.4918746045141509, 0.4912607669830322, 0.4905433004552668, 0.4897949948455348, 0.4890889146111228, 0.48849594954288367, 0.48802068016745825, 0.48734971248742304, 0.486642295664007, 0.4860245061643196, 0.4854438882885557, 0.4848539684758042, 0.4843970970673995, 0.48381966894323175, 0.48322471344109735, 0.482710498752016, 0.48195444092606055, 0.48109496001041296, 0.48027711564844305, 0.4794446085438584, 0.4787387125419848, 0.47821070208693994, 0.47761865456899005, 0.4770531184745557, 0.47659294894247345, 0.4760465874816432, 0.47535336378848914, 0.4747921842517275, 0.474241448171211, 0.47363188411250257, 0.47295760747158166, 0.4722448262301358, 0.4715902660832261, 0.47087655645428284, 0.4704109719305327, 0.46999215718471643, 0.46968647927948926, 0.4693363615960786, 0.46891021728515625, 0.4685124736843687, 0.46796046603809704, 0.4674580024950432, 0.4669423681316954, 0.46627510316444165, 0.465859055519104, 0.4654976526896159, 0.46506717349543714, 0.46457757733084937, 0.46409561417319556, 0.46361290686058276, 0.46323669317996863, 0.4628942518523245, 0.46253833626255847, 0.4623217691074718, 0.46208578167539655, 0.4616627512556134, 0.46127807371544116, 0.4608309738563769, 0.46056756828770495, 0.46005649638898444, 0.4595422600254868, 0.45908953204299463, 0.45875371586192737, 0.4582956451358217, 0.45800488284139923, 0.457422238407713, 0.45718974416906183, 0.45698829491933185, 0.4566179152691003, 0.45648138812094025, 0.4561916481364857, 0.4557489265095104, 0.45535528298580286, 0.45485753362829034, 0.45453923760038434, 0.4541248950091275, 0.45371957981225214, 0.4534341674862486, 0.4533142429409605, 0.4530304345217618, 0.4527352650960286, 0.4525029009038752, 0.45236680363163806, 0.452287677562598, 0.4520064447865342, 0.45177710778785474, 0.45138289711692114, 0.4510220144734238, 0.450460950533549, 0.45013544414982654, 0.44974669543179596, 0.4494552792924823, 0.44925626480218134, 0.44889986876285437, 0.4484685045300108, 0.4482774084264582, 0.44811187007210473, 0.44788456324375037, 0.44752619483254175, 0.4472094304633863, 0.44691079313104803, 0.4465982335986513, 0.4462293530955459, 0.4459510933269154, 0.44577736926801276, 0.44584926330682, 0.44580552072236035, 0.44571582476298016]","[{'accuracy': 0.6666666666666666, 'f1': 0.6857142857142857, 'sensitivity': 0.8571428571428571, 'specificity': 0.5263157894736842}, {'accuracy': 0.696969696969697, 'f1': 0.7058823529411765, 'sensitivity': 0.8571428571428571, 'specificity': 0.5789473684210527}, {'accuracy': 0.7575757575757576, 'f1': 0.75, 'sensitivity': 0.8571428571428571, 'specificity': 0.6842105263157895}, {'accuracy': 0.7575757575757576, 'f1': 0.75, 'sensitivity': 0.8571428571428571, 'specificity': 0.6842105263157895}, {'accuracy': 0.7878787878787878, 'f1': 0.7741935483870968, 'sensitivity': 0.8571428571428571, 'specificity': 0.7368421052631579}, {'accuracy': 0.7575757575757576, 'f1': 0.7333333333333333, 'sensitivity': 0.7857142857142857, 'specificity': 0.7368421052631579}, {'accuracy': 0.7575757575757576, 'f1': 0.7333333333333333, 'sensitivity': 0.7857142857142857, 'specificity': 0.7368421052631579}, {'accuracy': 0.7575757575757576, 'f1': 0.7333333333333333, 'sensitivity': 0.7857142857142857, 'specificity': 0.7368421052631579}, {'accuracy': 0.7575757575757576, 'f1': 0.7333333333333333, 'sensitivity': 0.7857142857142857, 'specificity': 0.7368421052631579}, {'accuracy': 0.7878787878787878, 'f1': 0.7586206896551724, 'sensitivity': 0.7857142857142857, 'specificity': 0.7894736842105263}, {'accuracy': 0.7878787878787878, 'f1': 0.7586206896551724, 'sensitivity': 0.7857142857142857, 'specificity': 0.7894736842105263}, {'accuracy': 0.7878787878787878, 'f1': 0.7586206896551724, 'sensitivity': 0.7857142857142857, 'specificity': 0.7894736842105263}, {'accuracy': 0.7575757575757576, 'f1': 0.7333333333333333, 'sensitivity': 0.7857142857142857, 'specificity': 0.7368421052631579}, {'accuracy': 0.7575757575757576, 'f1': 0.7333333333333333, 'sensitivity': 0.7857142857142857, 'specificity': 0.7368421052631579}, {'accuracy': 0.7878787878787878, 'f1': 0.7586206896551724, 'sensitivity': 0.7857142857142857, 'specificity': 0.7894736842105263}, {'accuracy': 0.8181818181818182, 'f1': 0.7857142857142857, 'sensitivity': 0.7857142857142857, 'specificity': 0.8421052631578947}, {'accuracy': 0.8181818181818182, 'f1': 0.7857142857142857, 'sensitivity': 0.7857142857142857, 'specificity': 0.8421052631578947}, {'accuracy': 0.8181818181818182, 'f1': 0.7857142857142857, 'sensitivity': 0.7857142857142857, 'specificity': 0.8421052631578947}, {'accuracy': 0.8181818181818182, 'f1': 0.7857142857142857, 'sensitivity': 0.7857142857142857, 'specificity': 0.8421052631578947}, {'accuracy': 0.8181818181818182, 'f1': 0.7857142857142857, 'sensitivity': 0.7857142857142857, 'specificity': 0.8421052631578947}, {'accuracy': 0.8181818181818182, 'f1': 0.7857142857142857, 'sensitivity': 0.7857142857142857, 'specificity': 0.8421052631578947}, {'accuracy': 0.8181818181818182, 'f1': 0.7857142857142857, 'sensitivity': 0.7857142857142857, 'specificity': 0.8421052631578947}, {'accuracy': 0.8181818181818182, 'f1': 0.7857142857142857, 'sensitivity': 0.7857142857142857, 'specificity': 0.8421052631578947}, {'accuracy': 0.7878787878787878, 'f1': 0.7586206896551724, 'sensitivity': 0.7857142857142857, 'specificity': 0.7894736842105263}, {'accuracy': 0.8181818181818182, 'f1': 0.7857142857142857, 'sensitivity': 0.7857142857142857, 'specificity': 0.8421052631578947}, {'accuracy': 0.8181818181818182, 'f1': 0.7857142857142857, 'sensitivity': 0.7857142857142857, 'specificity': 0.8421052631578947}, {'accuracy': 0.8484848484848485, 'f1': 0.8148148148148148, 'sensitivity': 0.7857142857142857, 'specificity': 0.8947368421052632}, {'accuracy': 0.8484848484848485, 'f1': 0.8148148148148148, 'sensitivity': 0.7857142857142857, 'specificity': 0.8947368421052632}, {'accuracy': 0.8181818181818182, 'f1': 0.8, 'sensitivity': 0.8571428571428571, 'specificity': 0.7894736842105263}, {'accuracy': 0.8181818181818182, 'f1': 0.8, 'sensitivity': 0.8571428571428571, 'specificity': 0.7894736842105263}, {'accuracy': 0.8181818181818182, 'f1': 0.8, 'sensitivity': 0.8571428571428571, 'specificity': 0.7894736842105263}, {'accuracy': 0.8181818181818182, 'f1': 0.8, 'sensitivity': 0.8571428571428571, 'specificity': 0.7894736842105263}, {'accuracy': 0.8181818181818182, 'f1': 0.8, 'sensitivity': 0.8571428571428571, 'specificity': 0.7894736842105263}, {'accuracy': 0.8484848484848485, 'f1': 0.8275862068965517, 'sensitivity': 0.8571428571428571, 'specificity': 0.8421052631578947}, {'accuracy': 0.8181818181818182, 'f1': 0.8, 'sensitivity': 0.8571428571428571, 'specificity': 0.7894736842105263}, {'accuracy': 0.7878787878787878, 'f1': 0.7741935483870968, 'sensitivity': 0.8571428571428571, 'specificity': 0.7368421052631579}, {'accuracy': 0.7878787878787878, 'f1': 0.7741935483870968, 'sensitivity': 0.8571428571428571, 'specificity': 0.7368421052631579}, {'accuracy': 0.8181818181818182, 'f1': 0.8125, 'sensitivity': 0.9285714285714286, 'specificity': 0.7368421052631579}, {'accuracy': 0.8181818181818182, 'f1': 0.8125, 'sensitivity': 0.9285714285714286, 'specificity': 0.7368421052631579}, {'accuracy': 0.8484848484848485, 'f1': 0.8387096774193549, 'sensitivity': 0.9285714285714286, 'specificity': 0.7894736842105263}, {'accuracy': 0.8484848484848485, 'f1': 0.8275862068965517, 'sensitivity': 0.8571428571428571, 'specificity': 0.8421052631578947}, {'accuracy': 0.8787878787878788, 'f1': 0.8666666666666667, 'sensitivity': 0.9285714285714286, 'specificity': 0.8421052631578947}, {'accuracy': 0.8484848484848485, 'f1': 0.8275862068965517, 'sensitivity': 0.8571428571428571, 'specificity': 0.8421052631578947}, {'accuracy': 0.8484848484848485, 'f1': 0.8275862068965517, 'sensitivity': 0.8571428571428571, 'specificity': 0.8421052631578947}, {'accuracy': 0.8484848484848485, 'f1': 0.8275862068965517, 'sensitivity': 0.8571428571428571, 'specificity': 0.8421052631578947}, {'accuracy': 0.8484848484848485, 'f1': 0.8275862068965517, 'sensitivity': 0.8571428571428571, 'specificity': 0.8421052631578947}, {'accuracy': 0.8484848484848485, 'f1': 0.8275862068965517, 'sensitivity': 0.8571428571428571, 'specificity': 0.8421052631578947}, {'accuracy': 0.8484848484848485, 'f1': 0.8275862068965517, 'sensitivity': 0.8571428571428571, 'specificity': 0.8421052631578947}, {'accuracy': 0.8484848484848485, 'f1': 0.8275862068965517, 'sensitivity': 0.8571428571428571, 'specificity': 0.8421052631578947}, {'accuracy': 0.8484848484848485, 'f1': 0.8275862068965517, 'sensitivity': 0.8571428571428571, 'specificity': 0.8421052631578947}, {'accuracy': 0.8484848484848485, 'f1': 0.8275862068965517, 'sensitivity': 0.8571428571428571, 'specificity': 0.8421052631578947}, {'accuracy': 0.8787878787878788, 'f1': 0.8666666666666667, 'sensitivity': 0.9285714285714286, 'specificity': 0.8421052631578947}, {'accuracy': 0.8787878787878788, 'f1': 0.8666666666666667, 'sensitivity': 0.9285714285714286, 'specificity': 0.8421052631578947}, {'accuracy': 0.8787878787878788, 'f1': 0.8666666666666667, 'sensitivity': 0.9285714285714286, 'specificity': 0.8421052631578947}, {'accuracy': 0.8787878787878788, 'f1': 0.8666666666666667, 'sensitivity': 0.9285714285714286, 'specificity': 0.8421052631578947}, {'accuracy': 0.8787878787878788, 'f1': 0.8666666666666667, 'sensitivity': 0.9285714285714286, 'specificity': 0.8421052631578947}, {'accuracy': 0.8787878787878788, 'f1': 0.8666666666666667, 'sensitivity': 0.9285714285714286, 'specificity': 0.8421052631578947}, {'accuracy': 0.8787878787878788, 'f1': 0.8666666666666667, 'sensitivity': 0.9285714285714286, 'specificity': 0.8421052631578947}, {'accuracy': 0.8484848484848485, 'f1': 0.8275862068965517, 'sensitivity': 0.8571428571428571, 'specificity': 0.8421052631578947}, {'accuracy': 0.8484848484848485, 'f1': 0.8275862068965517, 'sensitivity': 0.8571428571428571, 'specificity': 0.8421052631578947}, {'accuracy': 0.8787878787878788, 'f1': 0.8666666666666667, 'sensitivity': 0.9285714285714286, 'specificity': 0.8421052631578947}, {'accuracy': 0.8787878787878788, 'f1': 0.8666666666666667, 'sensitivity': 0.9285714285714286, 'specificity': 0.8421052631578947}, {'accuracy': 0.8787878787878788, 'f1': 0.8666666666666667, 'sensitivity': 0.9285714285714286, 'specificity': 0.8421052631578947}, {'accuracy': 0.8787878787878788, 'f1': 0.8666666666666667, 'sensitivity': 0.9285714285714286, 'specificity': 0.8421052631578947}, {'accuracy': 0.8787878787878788, 'f1': 0.8666666666666667, 'sensitivity': 0.9285714285714286, 'specificity': 0.8421052631578947}, {'accuracy': 0.8787878787878788, 'f1': 0.8666666666666667, 'sensitivity': 0.9285714285714286, 'specificity': 0.8421052631578947}, {'accuracy': 0.8787878787878788, 'f1': 0.8666666666666667, 'sensitivity': 0.9285714285714286, 'specificity': 0.8421052631578947}, {'accuracy': 0.8787878787878788, 'f1': 0.8666666666666667, 'sensitivity': 0.9285714285714286, 'specificity': 0.8421052631578947}, {'accuracy': 0.8787878787878788, 'f1': 0.8666666666666667, 'sensitivity': 0.9285714285714286, 'specificity': 0.8421052631578947}, {'accuracy': 0.8787878787878788, 'f1': 0.8666666666666667, 'sensitivity': 0.9285714285714286, 'specificity': 0.8421052631578947}, {'accuracy': 0.8787878787878788, 'f1': 0.8666666666666667, 'sensitivity': 0.9285714285714286, 'specificity': 0.8421052631578947}, {'accuracy': 0.8787878787878788, 'f1': 0.8666666666666667, 'sensitivity': 0.9285714285714286, 'specificity': 0.8421052631578947}, {'accuracy': 0.8787878787878788, 'f1': 0.8666666666666667, 'sensitivity': 0.9285714285714286, 'specificity': 0.8421052631578947}, {'accuracy': 0.8484848484848485, 'f1': 0.8387096774193549, 'sensitivity': 0.9285714285714286, 'specificity': 0.7894736842105263}, {'accuracy': 0.8484848484848485, 'f1': 0.8387096774193549, 'sensitivity': 0.9285714285714286, 'specificity': 0.7894736842105263}, {'accuracy': 0.8484848484848485, 'f1': 0.8387096774193549, 'sensitivity': 0.9285714285714286, 'specificity': 0.7894736842105263}, {'accuracy': 0.8484848484848485, 'f1': 0.8387096774193549, 'sensitivity': 0.9285714285714286, 'specificity': 0.7894736842105263}, {'accuracy': 0.8484848484848485, 'f1': 0.8387096774193549, 'sensitivity': 0.9285714285714286, 'specificity': 0.7894736842105263}, {'accuracy': 0.8787878787878788, 'f1': 0.8666666666666667, 'sensitivity': 0.9285714285714286, 'specificity': 0.842105263157