number,value,datetime_start,datetime_complete,duration,params_dropout_rate,params_learning_rate,params_weight_decay,user_attrs_best_val_metrics,user_attrs_model_name,user_attrs_train_loss_history,user_attrs_val_loss_history,user_attrs_val_overall_metrics_history,state
10,0.8666666666666667,2026-08-09 04:44:35.344772,2026-08-09 05:10:40.952345,0 days 00:26:05.607573,0.5,0.00012198405707878372,1.1616552486002009e-06,"{'overall': {'n': 33, 'accuracy': 0.8787878787878788, 'precision': 0.8125, 'recall': 0.9285714285714286, 'sensitivity': 0.9285714285714286, 'specificity': 0.8421052631578947, 'balanced_accuracy': 0.8853383458646616, 'f1': 0.8666666666666667, 'confusion_matrix': [[16, 3], [1, 13]], 'auc': 0.9511278195488722, 'roc_curve': {'fpr': [0.0, 0.0, 0.0, 0.05263157894736842, 0.05263157894736842, 0.15789473684210525, 0.15789473684210525, 1.0], 'tpr': [0.0, 0.07142857142857142, 0.35714285714285715, 0.35714285714285715, 0.8571428571428571, 0.8571428571428571, 1.0, 1.0]}}, 'India': {'n': 14, 'accuracy': 0.7857142857142857, 'precision': 0.8181818181818182, 'recall': 0.9, 'sensitivity': 0.9, 'specificity': 0.5, 'balanced_accuracy': 0.7, 'f1': 0.8571428571428571, 'confusion_matrix': [[2, 2], [1, 9]], 'auc': 0.95, 'roc_curve': {'fpr': [0.0, 0.0, 0.0, 0.5, 0.5, 1.0], 'tpr': [0.0, 0.1, 0.9, 0.9, 1.0, 1.0]}}, 'Italy': {'n': 19, 'accuracy': 0.9473684210526315, 'precision': 0.8, 'recall': 1.0, 'sensitivity': 1.0, 'specificity': 0.9333333333333333, 'balanced_accuracy': 0.9666666666666667, 'f1': 0.8888888888888888, 'confusion_matrix': [[14, 1], [0, 4]], 'auc': 0.9333333333333333, 'roc_curve': {'fpr': [0.0, 0.06666666666666667, 0.06666666666666667, 1.0], 'tpr': [0.0, 0.0, 1.0, 1.0]}}}",convnext_large_palpebral_new_way,"[0.8119283942197333, 0.8059171371112596, 0.79139171412449, 0.7881510012986644, 0.7934752485610002, 0.782654427534697, 0.7883182298268704, 0.7764002183415243, 0.7712718410207736, 0.7738631738732192, 0.7750977893538823, 0.7758354520955623, 0.7584102884033658, 0.7796194083643275, 0.7443247808525894, 0.739834289282363, 0.7458706778406308, 0.7513273946496825, 0.756984157672781, 0.7419186664732876, 0.7450089628333287, 0.7384392615185668, 0.7256519778674801, 0.7470106265402787, 0.7266940360037696, 0.7318243731726084, 0.725702225767224, 0.7084373440963543, 0.7083730259478487, 0.7131707553831946, 0.7153657366897886, 0.7042753767493545, 0.7131268263652625, 0.6831342467409096, 0.7111072725807595, 0.6860387183183076, 0.6979815178359581, 0.6997791568175057, 0.6977613461728127, 0.6947795417135125, 0.6806295766735708, 0.689415171051657, 0.6876334429576697, 0.6863039278036711, 0.682540114746978, 0.6824760535694906, 0.6782354151965767, 0.6880457946006825, 0.6892497144787517, 0.6729339191455714, 0.6673378889134388, 0.6784087857663237, 0.6672632386352843, 0.6509685433463545, 0.6602347473435054, 0.6615591980763619, 0.6561532494248143, 0.6643716065299432, 0.6607811387801013, 0.6511377573802771, 0.647606407175001, 0.6408977824331119, 0.6552805071634962, 0.6398173570632935, 0.6389132627588234, 0.6492351052776867, 0.6248880628718446, 0.6510959907083322, 0.6575937385590661, 0.6219662376586964, 0.6307692547507634, 0.6219865707372199, 0.6278775535671917, 0.6226370741199974, 0.6437493614013622, 0.6522734220454235, 0.6376587831421404, 0.639458456970998, 0.6245369054623787, 0.6269402488177975, 0.6047237949655545, 0.619629512954232, 0.6085165012751194, 0.6123508854417612, 0.6072697769727139, 0.6087638933137552, 0.6082676870143966, 0.6375886880798846, 0.6113521768557315, 0.6359714285427371, 0.6180168717902228, 0.6019410321254604, 0.6170522598241339, 0.6214677517777247, 0.614598690674005, 0.6047960152689195, 0.6130043808987599, 0.5853166564410885, 0.6157509885876384, 0.6198807635054683, 0.5870871950459007, 0.5885211335902183, 0.6199992484604286, 0.5993307469696398, 0.5984636967545314, 0.5846113306007638, 0.6228253501929985, 0.5794357803483673, 0.5825984556943375, 0.5925508058623762, 0.5855187323709198, 0.5931336923150827, 0.5959606818016002, 0.6045455660251592, 0.5999201567757209, 0.5942010038735851, 0.5577309865825224, 0.5879711879799697, 0.6131636441148669, 0.5925433789657442, 0.5808352662238064, 0.6004591785519329, 0.5581808220471768, 0.5887378773941899, 0.6120123957956074, 0.5758776222633211, 0.5836445704990665, 0.5631060039760262, 0.5673766791425794, 0.5676975554188356, 0.5870219796698615, 0.5795196768463842, 0.5728311708431371, 0.5574481408327621, 0.5597172876856974, 0.5633165599494581, 0.5744900857375947, 0.566137936731048, 0.5907598343116558, 0.5480209999526573, 0.5695158282652596, 0.5734587011747803, 0.5764991070655797, 0.583030195030945, 0.5666695848995487, 0.567964622121773, 0.565797909995578, 0.5979629269498863, 0.5251839212234447, 0.5615079856866243, 0.5840949285898777, 0.5763528958851138, 0.5595985751673086, 0.5679707558739264, 0.5511103667170796, 0.5793283783047405, 0.573451215068236, 0.5846115015200432, 0.5517421870042156, 0.5459880094654512, 0.5621506441507907, 0.5425703600542435, 0.5269870215299114, 0.5430545700306924, 0.5477764448582731, 0.5518748851011921, 0.5462978780269623, 0.5399426012639178, 0.53439163569583, 0.5467454431862231, 0.5525769149230806, 0.5534859970705399, 0.5931223615115842, 0.5637969544391759, 0.5612943271138021, 0.5597328251560793, 0.5477006459078252, 0.5712908074161075, 0.5662610266382331, 0.5612486510087322, 0.5743335797297244, 0.5615321496464559, 0.560060249653873, 0.5537926377050134, 0.5535881021954366, 0.5648353399819885, 0.5386844810271105, 0.5287605595115005, 0.5600259797462565, 0.531105950968155, 0.5238630090722974, 0.549258198169683, 0.5391945096830658, 0.5335489250966255, 0.5391059515886749, 0.5166386113261545, 0.5349454488975323, 0.5596075257323435, 0.5369921677949413, 0.5529496567138773, 0.5446968238480043, 0.5632741372316878, 0.514173949199007, 0.5635059045640048, 0.5189226530245598, 0.5570777780962306, 0.5477130991338894, 0.5412791704894692, 0.559462379146096, 0.5280963411394334, 0.5053340212398807, 0.5440059998967001, 0.5330510192754253, 0.5267814107683321, 0.5508880923125917, 0.521478546968359, 0.523293033933008, 0.5115210556036589, 0.5265051134374757, 0.5307056426212488, 0.5317528074150843, 0.5161768201960634, 0.5187400532084585, 0.541794122646976, 0.5166977241339273, 0.5097727692679853, 0.5675783571818017, 0.5401516499503559, 0.5315612167712079, 0.508082152005063, 0.4982677824449855, 0.5013598069449924, 0.5392705881042986, 0.5458246098448899, 0.521017510172547, 0.51377939822658, 0.5178975139232661, 0.5308976714184742, 0.5085842187041478, 0.5222652013728161, 0.5310771595563321, 0.5314380956801358, 0.535346331975318, 0.5148697023754878, 0.5065520804449423, 0.4976612576190999, 0.5129193971488649, 0.5114955313947817, 0.5076965050192068, 0.5097577903444404]","[0.797489583492279, 0.791796731226372, 0.7861201727029049, 0.7804656119057627, 0.7747296131018436, 0.7689032211448207, 0.7635322122862844, 0.7577461112629283, 0.7528059879938761, 0.7477025353547299, 0.7426230040463534, 0.7378277399323203, 0.7329813025214456, 0.7285632256305579, 0.7239767024011323, 0.7191724343733354, 0.7144325881293325, 0.7094958912242543, 0.7048117572611029, 0.700540101889408, 0.6963128248850504, 0.6923136963988795, 0.6881440625046239, 0.684320942922072, 0.680366595586141, 0.6764580083615852, 0.6729144399816339, 0.6692219575246176, 0.6654381137905698, 0.6616979981913711, 0.6577877781607888, 0.6540787653489546, 0.6505970846522938, 0.6472603118780887, 0.6440394204674345, 0.6409548394607775, 0.6378261826255105, 0.6348111891385281, 0.6318215664589044, 0.6288964251677195, 0.6260913574334347, 0.6231804291407267, 0.6204920826536237, 0.6177442904674646, 0.6151105291915663, 0.612351038239219, 0.609450127139236, 0.606834043156017, 0.6043554472200798, 0.6018775647336786, 0.5993867426207571, 0.5969828240799181, 0.5946807825204098, 0.5924084963220538, 0.5900401725913539, 0.5877154902978377, 0.5853181083997091, 0.5830403349616311, 0.5809272094206377, 0.5788858099417253, 0.5767930800264532, 0.5744870521805503, 0.5725465705900481, 0.570461984836694, 0.5682919639529604, 0.5662249398953987, 0.5640712362347227, 0.5620633345661741, 0.5602301955223083, 0.5583997459122629, 0.5564654487552065, 0.5545041145700397, 0.5525945659839746, 0.55076279965314, 0.5491105083263281, 0.5475513140360514, 0.5461567893172755, 0.5447431965307756, 0.5431968479445486, 0.5416489044825236, 0.5400637731407628, 0.5383315122488773, 0.5367825916319182, 0.5352722117395112, 0.533590251749212, 0.5318962985819037, 0.5302387837207678, 0.5288872231136669, 0.5275293624762333, 0.526108362457969, 0.5248896100304343, 0.5236235676389752, 0.5223225969256777, 0.5212664784807147, 0.520036852721012, 0.5188027331323335, 0.5175128091465343, 0.5162537097930908, 0.5150632713780259, 0.5140126835216176, 0.5129149285229769, 0.5118287043137983, 0.5108450217680498, 0.5097431739171346, 0.5084267818566525, 0.5071044582309145, 0.5059559381369388, 0.5048202637470129, 0.5037190372293646, 0.502642981933825, 0.501471757888794, 0.5003303759025804, 0.49937831633018726, 0.4984495567552971, 0.49743279905030224, 0.4965764753746264, 0.4956394217231057, 0.4947308807662039, 0.4939877119931308, 0.49320852395259973, 0.49231002547524194, 0.4914603450081565, 0.49042876561482746, 0.48945105798316724, 0.48860540895751026, 0.4877202727577903, 0.48690683552713104, 0.48602341521870007, 0.4852659593928944, 0.4844049648805098, 0.4836434017528187, 0.4828628121000348, 0.4821480584867073, 0.481474833054976, 0.48066717566865863, 0.47984005465652, 0.47906715219671075, 0.4783402645226681, 0.47759945464856696, 0.4769868922956062, 0.4761963360237353, 0.4755003849665324, 0.47474130355950556, 0.4741488911888816, 0.4734488328297933, 0.4727385441462199, 0.4720489328557795, 0.4714914018457586, 0.4708530144257979, 0.47010967225739453, 0.4694307572913892, 0.46893988956104626, 0.46849063309756195, 0.4679713863315004, 0.4674414179541848, 0.4668139869516546, 0.46629373955004144, 0.4659861001101407, 0.4654044852112279, 0.46477072527914337, 0.4641134955666282, 0.4635530818592418, 0.4629566597216057, 0.4622839761502815, 0.46160024946386163, 0.46101001898447674, 0.4604350147825299, 0.45985287247282086, 0.4592626094818115, 0.4586391340602528, 0.45804183049635455, 0.4575099222587817, 0.4572705752921827, 0.4570739305380619, 0.4568897774725249, 0.45642566680908203, 0.4561038523009329, 0.4557510795015277, 0.4553465048472087, 0.45488464109825366, 0.45466559944730817, 0.45440447330474854, 0.4540893164548007, 0.453813581755667, 0.45351729248509265, 0.45325454076131183, 0.45307872873364075, 0.45266494606480456, 0.4521612326304118, 0.4518435254241481, 0.45144136746724445, 0.45088322234876227, 0.4502221707141761, 0.4496925708019372, 0.4491886550729925, 0.4486089691971288, 0.44816862814354175, 0.4479182344494444, 0.44755718924782495, 0.4472730340379657, 0.4470511999997226, 0.4468209743499756, 0.44641516064152575, 0.4460850376071352, 0.445806470784274, 0.4455241290005771, 0.4452938600019975, 0.4449638850761182, 0.44475216576547333, 0.4446803764863448, 0.44432289311380097, 0.4439636360515248, 0.4436221339485862, 0.44327066161415796, 0.4429305069374316, 0.4425854610674309, 0.44224156394149317, 0.4416700131965406, 0.44119898839430377, 0.4409248756639885, 0.44049054926091974, 0.44012576161008893, 0.43968805038567743, 0.4392548907886852, 0.43894491773663147, 0.4386233958331021, 0.4385096484964544, 0.4385803251555472, 0.4384173010334824, 0.43840985225908685, 0.43825768340717663, 0.43792885000055487, 0.4374935337991426, 0.43730955412893585, 0.4371770511973988, 0.43670819022438745, 0.43653239625872986, 0.4364198988134211, 0.4362223979198571, 0.4358629277258208, 0.4354887767271562, 0.4352781050132983, 0.43503423170609906, 0.4350488005262433, 0.4347731452999693, 0.4342819669029929, 0.43401940302415326, 0.43368352181983716, 0.4333624442418416, 0.4332356055577596]","[{'accuracy': 0.6666666666666666, 'f1': 0.56, 'sensitivity': 0.5, 'specificity': 0.7894736842105263}, {'accuracy': 0.7272727272727273, 'f1': 0.64, 'sensitivity': 0.5714285714285714, 'specificity': 0.8421052631578947}, {'accuracy': 0.7575757575757576, 'f1': 0.6923076923076923, 'sensitivity': 0.6428571428571429, 'specificity': 0.8421052631578947}, {'accuracy': 0.7575757575757576, 'f1': 0.6923076923076923, 'sensitivity': 0.6428571428571429, 'specificity': 0.8421052631578947}, {'accuracy': 0.7575757575757576, 'f1': 0.6923076923076923, 'sensitivity': 0.6428571428571429, 'specificity': 0.8421052631578947}, {'accuracy': 0.7575757575757576, 'f1': 0.6923076923076923, 'sensitivity': 0.6428571428571429, 'specificity': 0.8421052631578947}, {'accuracy': 0.7878787878787878, 'f1': 0.7407407407407407, 'sensitivity': 0.7142857142857143, 'specificity': 0.8421052631578947}, {'accuracy': 0.7878787878787878, 'f1': 0.7407407407407407, 'sensitivity': 0.7142857142857143, 'specificity': 0.8421052631578947}, {'accuracy': 0.7878787878787878, 'f1': 0.7407407407407407, 'sensitivity': 0.7142857142857143, 'specificity': 0.8421052631578947}, {'accuracy': 0.7878787878787878, 'f1': 0.7407407407407407, 'sensitivity': 0.7142857142857143, 'specificity': 0.8421052631578947}, {'accuracy': 0.8181818181818182, 'f1': 0.7857142857142857, 'sensitivity': 0.7857142857142857, 'specificity': 0.8421052631578947}, {'accuracy': 0.8181818181818182, 'f1': 0.7857142857142857, 'sensitivity': 0.7857142857142857, 'specificity': 0.8421052631578947}, {'accuracy': 0.8484848484848485, 'f1': 0.8275862068965517, 'sensitivity': 0.8571428571428571, 'specificity': 0.8421052631578947}, {'accuracy': 0.8484848484848485, 'f1': 0.8275862068965517, 'sensitivity': 0.8571428571428571, 'specificity': 0.8421052631578947}, {'accuracy': 0.8484848484848485, 'f1': 0.8275862068965517, 'sensitivity': 0.8571428571428571, 'specificity': 0.8421052631578947}, {'accuracy': 0.8484848484848485, 'f1': 0.8275862068965517, 'sensitivity': 0.8571428571428571, 'specificity': 0.8421052631578947}, {'accuracy': 0.8484848484848485, 'f1': 0.8275862068965517, 'sensitivity': 0.8571428571428571, 'specificity': 0.8421052631578947}, {'accuracy': 0.8484848484848485, 'f1': 0.8275862068965517, 'sensitivity': 0.8571428571428571, 'specificity': 0.8421052631578947}, {'accuracy': 0.8484848484848485, 'f1': 0.8275862068965517, 'sensitivity': 0.8571428571428571, 'specificity': 0.8421052631578947}, {'accuracy': 0.8484848484848485, 'f1': 0.8275862068965517, 'sensitivity': 0.8571428571428571, 'specificity': 0.8421052631578947}, {'accuracy': 0.8484848484848485, 'f1': 0.8275862068965517, 'sensitivity': 0.8571428571428571, 'specificity': 0.8421052631578947}, {'accuracy': 0.8484848484848485, 'f1': 0.8275862068965517, 'sensitivity': 0.8571428571428571, 'specificity': 0.8421052631578947}, {'accuracy': 0.8484848484848485, 'f1': 0.8275862068965517, 'sensitivity': 0.8571428571428571, 'specificity': 0.8421052631578947}, {'accuracy': 0.8484848484848485, 'f1': 0.8275862068965517, 'sensitivity': 0.8571428571428571, 'specificity': 0.8421052631578947}, {'accuracy': 0.8484848484848485, 'f1': 0.8275862068965517, 'sensitivity': 0.8571428571428571, 'specificity': 0.8421052631578947}, {'accuracy': 0.8484848484848485, 'f1': 0.8275862068965517, 'sensitivity': 0.8571428571428571, 'specificity': 0.8421052631578947}, {'accuracy': 0.8484848484848485, 'f1': 0.8275862068965517, 'sensitivity': 0.8571428571428571, 'specificity': 0.8421052631578947}, {'accuracy': 0.8484848484848485, 'f1': 0.8275862068965517, 'sensitivity': 0.8571428571428571, 'specificity': 0.8421052631578947}, {'accuracy': 0.8484848484848485, 'f1': 0.8275862068965517, 'sensitivity': 0.8571428571428571, 'specificity': 0.8421052631578947}, {'accuracy': 0.8484848484848485, 'f1': 0.8275862068965517, 'sensitivity': 0.8571428571428571, 'specificity': 0.8421052631578947}, {'accuracy': 0.8484848484848485, 'f1': 0.8275862068965517, 'sensitivity': 0.8571428571428571, 'specificity': 0.8421052631578947}, {'accuracy': 0.8484848484848485, 'f1': 0.8275862068965517, 'sensitivity': 0.8571428571428571, 'specificity': 0.8421052631578947}, {'accuracy': 0.8787878787878788, 'f1': 0.8666666666666667, 'sensitivity': 0.9285714285714286, 'specificity': 0.8421052631578947}, {'accuracy': 0.8484848484848485, 'f1': 0.8275862068965517, 'sensitivity': 0.8571428571428571, 'specificity': 0.8421052631578947}, {'accuracy': 0.8484848484848485, 'f1': 0.8275862068965517, 'sensitivity': 0.8571428571428571, 'specificity': 0.8421052631578947}, {'accuracy': 0.8484848484848485, 'f1': 0.8275862068965517, 'sensitivity': 0.8571428571428571, 'specificity': 0.8421052631578947}, {'accuracy': 0.8484848484848485, 'f1': 0.8275862068965517, 'sensitivity': 0.8571428571428571, 'specificity': 0.8421052631578947}, {'accuracy': 0.8484848484848485, 'f1': 0.8275862068965517, 'sensitivity': 0.8571428571428571, 'specificity': 0.8421052631578947}, {'accuracy': 0.8484848484848485, 'f1': 0.8275862068965517, 'sensitivity': 0.8571428571428571, 'specificity': 0.8421052631578947}, {'accuracy': 0.8787878787878788, 'f1': 0.8666666666666667, 'sensitivity': 0.9285714285714286, 'specificity': 0.8421052631578947}, {'accuracy': 0.8787878787878788, 'f1': 0.8666666666666667, 'sensitivity': 0.9285714285714286, 'specificity': 0.8421052631578947}, {'accuracy': 0.8787878787878788, 'f1': 0.8666666666666667, 'sensitivity': 0.9285714285714286, 'specificity': 0.8421052631578947}, {'accuracy': 0.8787878787878788, 'f1': 0.8666666666666667, 'sensitivity': 0.9285714285714286, 'specificity': 0.8421052631578947}, {'accuracy': 0.8787878787878788, 'f1': 0.8666666666666667, 'sensitivity': 0.9285714285714286, 'specificity': 0.8421052631578947}, {'accuracy': 0.8787878787878788, 'f1': 0.8666666666666667, 'sensitivity': 0.9285714285714286, 'specificity': 0.8421052631578947}, {'accuracy': 0.8787878787878788, 'f1': 0.8666666666666667, 'sensitivity': 0.9285714285714286, 'specificity': 0.8421052631578947}, {'accuracy': 0.8787878787878788, 'f1': 0.8666666666666667, 'sensitivity': 0.9285714285714286, 'specificity': 0.8421052631578947}, {'accuracy': 0.8787878787878788, 'f1': 0.8666666666666667, 'sensitivity': 0.9285714285714286, 'specificity': 0.8421052631578947}, {'accuracy': 0.8787878787878788, 'f1': 0.8666666666666667, 'sensitivity': 0.9285714285714286, 'specificity': 0.8421052631578947}, {'accuracy': 0.8787878787878788, 'f1': 0.8666666666666667, 'sensitivity': 0.9285714285714286, 'specificity': 0.8421052631578947}, {'accuracy': 0.8787878787878788, 'f1': 0.8666666666666667, 'sensitivity': 0.9285714285714286, 'specificity': 0.8421052631578947}, {'accuracy': 0.8787878787878788, 'f1': 0.8666666666666667, 'sensitivity': 0.9285714285714286, 'specificity': 0.8421052631578947}, {'accuracy': 0.8787878787878788, 'f1': 0.8666666666666667, 'sensitivity': 0.9285714285714286, 'specificity': 0.8421052631578947}, {'accuracy': 0.8787878787878788, 'f1': 0.8666666666666667, 'sensitivity': 0.9285714285714286, 'specificity': 0.8421052631578947}, {'accuracy': 0.8787878787878788, 'f1': 0.8666666666666667, 'sensitivity': 0.9285714285714286, 'specificity': 0.8421052631578947}, {'accuracy': 0.8787878787878788, 'f1': 0.8666666666666667, 'sensitivity': 0.9285714285714286, 'specificity': 0.8421052631578947}, {'accuracy': 0.8787878787878788, 'f1': 0.8666666666666667, 'sensitivity': 0.9285714285714286, 'specificity': 0.8421052631578947}, {'accuracy': 0.8787878787878788, 'f1': 0.8666666666666667, 'sensitivity': 0.9285714285714286, 'specificity': 0.8421052631578947}, {'accuracy': 0.8787878787878788, 'f1': 0.8666666666666667, 'sensitivity': 0.9285714285714286, 'specificity': 0.8421052631578947}, {'accuracy': 0.8787878787878788, 'f1': 0.8666666666666667, 'sensitivity': 0.9285714285714286, 'specificity': 0.8421052631578947}, {'accuracy': 0.8787878787878788, 'f1': 0.8666666666666667, 'sensitivity': 0.9285714285714286, 'specificity': 0.8421052631578947}, {'accuracy': 0.8787878787878788, 'f1': 0.8666666666666667, 'sensitivity': 0.9285714285714286, 'specificity': 0.8421052631578947}, {'accuracy': 0.8787878787878788, 'f1': 0.8666666666666667, 'sensitivity': 0.9285714285714286, 'specificity': 0.8421052631578947}, {'accuracy': 0.8787878787878788, 'f1': 0.8666666666666667, 'sensitivity': 0.9285714285714286, 'specificity': 0.8421052631578947}, {'accuracy': 0.8787878787878788, 'f1': 0.8666666666666667, 'sensitivity': 0.9285714285714286, 'specificity': 0.8421052631578947}, {'accuracy': 0.8787878787878788, 'f1': 0.8666666666666667, 'sensitivity': 0.9285714285714286, 'specificity': 0.8421052631578947}, {'accuracy': 0.8787878787878788, 'f1': 0.8666666666666667, 'sensitivity': 0.9285714285714286, 'specificity': 0.8421052631578947}, {'accuracy': 0.8787878787878788, 'f1': 0.8666666666666667, 'sensitivity': 0.9285714285714286, 'specificity': 0.8421052631578947}, {'accuracy': 0.8787878787878788, 'f1': 0.8666666666666667, 'sensitivity': 0.9285714285714286, 'specificity': 0.8421052631578947}, {'accuracy': 0.8787878787878788, 'f1': 0.8666666666666667, 'sensitivity': 0.9285714285714286, 'specificity': 0.8421052631578947}, {'accuracy': 0.8787878787878788, 'f1': 0.8666666666666667, 'sensitivity': 0.9285714285714286, 'specificity': 0.8421052631578947}, {'accuracy': 0.8787878787878788, 'f1': 0.8666666666666667, 'sensitivity': 0.9285714285714286, 'specificity': 0.8421052631578947}, {'accuracy': 0.8787878787878788, 'f1': 0.8666666666666667, 'sensitivity': 0.9285714285714286, 'specificity': 0.8421052631578947}, {'accuracy': 0.8787878787878788, 'f1': 0.8666666666666667, 'sensitivity': 0.9285714285714286, 'specificity': 0.8421052631578947}, {'accuracy': 0.8787878787878788, 'f1': 0.8666666666666667, 'sensitivity': 0.9285714285714286, 'specificity': 0.8421052631578947}, {'accuracy': 0.8787878787878788, 'f1': 0.8666666666666667, 'sensitivity': 0.9285714285714286, 'specificity': 0.8421052631578947}, {'accuracy': 0.8787878787878788, 'f1': 0.8666666666666667, 'sensitivity': 0.9285714285714286, 'specificity': 0.8421052631578947}, {'accuracy': 0.8787878787878788, 'f1': 0.8666666666666667, 'sensitivity': 0.9285714285714286, 'specificity': 0.8421052631578947}, {'accuracy': 0.8787878787878788, 'f1': 0.8666666666666667, 'sensitivity': 0.9285714285714286, 'specificity': 0.8421052631578947}, {'accuracy': 0.8787878787878788, 