number,value,datetime_start,datetime_complete,duration,params_dropout_rate,params_learning_rate,params_weight_decay,user_attrs_best_val_metrics,user_attrs_model_name,user_attrs_train_loss_history,user_attrs_val_loss_history,user_attrs_val_overall_metrics_history,state
2,0.9032258064516129,2026-08-09 03:36:31.315288,2026-08-09 03:38:02.170936,0 days 00:01:30.855648,0.5,0.006358358856676255,0.000133112160807369,"{'overall': {'n': 33, 'accuracy': 0.9090909090909091, 'precision': 0.8235294117647058, 'recall': 1.0, 'sensitivity': 1.0, 'specificity': 0.8421052631578947, 'balanced_accuracy': 0.9210526315789473, 'f1': 0.9032258064516129, 'confusion_matrix': [[16, 3], [0, 14]], 'auc': 0.9548872180451127, 'roc_curve': {'fpr': [0.0, 0.0, 0.0, 0.05263157894736842, 0.05263157894736842, 0.15789473684210525, 0.15789473684210525, 1.0], 'tpr': [0.0, 0.07142857142857142, 0.2857142857142857, 0.2857142857142857, 0.9285714285714286, 0.9285714285714286, 1.0, 1.0]}}, 'India': {'n': 14, 'accuracy': 0.8571428571428571, 'precision': 0.8333333333333334, 'recall': 1.0, 'sensitivity': 1.0, 'specificity': 0.5, 'balanced_accuracy': 0.75, 'f1': 0.9090909090909091, 'confusion_matrix': [[2, 2], [0, 10]], 'auc': 0.95, 'roc_curve': {'fpr': [0.0, 0.0, 0.0, 0.5, 0.5, 1.0], 'tpr': [0.0, 0.1, 0.9, 0.9, 1.0, 1.0]}}, 'Italy': {'n': 19, 'accuracy': 0.9473684210526315, 'precision': 0.8, 'recall': 1.0, 'sensitivity': 1.0, 'specificity': 0.9333333333333333, 'balanced_accuracy': 0.9666666666666667, 'f1': 0.8888888888888888, 'confusion_matrix': [[14, 1], [0, 4]], 'auc': 0.9333333333333333, 'roc_curve': {'fpr': [0.0, 0.06666666666666667, 0.06666666666666667, 1.0], 'tpr': [0.0, 0.0, 1.0, 1.0]}}}",convnext_large_palpebral_new_way,"[0.7863957980610677, 0.6840699622962648, 0.6075088843604587, 0.599326045307892, 0.5709583212603007, 0.5055811221631158, 0.5138834856993315, 0.5163605688818244, 0.5244861578704506, 0.5257306848930208, 0.5184100957106281, 0.46977267517948784, 0.48471910471947777, 0.46460693778581175]","[0.6350689927736918, 0.48513163581038965, 0.46194365891543304, 0.415081804448908, 0.41025624853191955, 0.3948176990855824, 0.3921595847967899, 0.40819511991558655, 0.40752728057630133, 0.39871941913257947, 0.40199515313813183, 0.40294332937760785, 0.4146886160879424, 0.4091921430645567]","[{'accuracy': 0.6060606060606061, 'f1': 0.6829268292682927, 'sensitivity': 1.0, 'specificity': 0.3157894736842105}, {'accuracy': 0.8787878787878788, 'f1': 0.8461538461538461, 'sensitivity': 0.7857142857142857, 'specificity': 0.9473684210526315}, {'accuracy': 0.8484848484848485, 'f1': 0.8484848484848485, 'sensitivity': 1.0, 'specificity': 0.7368421052631579}, {'accuracy': 0.9090909090909091, 'f1': 0.9032258064516129, 'sensitivity': 1.0, 'specificity': 0.8421052631578947}, {'accuracy': 0.9090909090909091, 'f1': 0.9032258064516129, 'sensitivity': 1.0, 'specificity': 0.8421052631578947}, {'accuracy': 0.9090909090909091, 'f1': 0.9032258064516129, 'sensitivity': 1.0, 'specificity': 0.8421052631578947}, {'accuracy': 0.8787878787878788, 'f1': 0.8571428571428571, 'sensitivity': 0.8571428571428571, 'specificity': 0.8947368421052632}, {'accuracy': 0.9090909090909091, 'f1': 0.9032258064516129, 'sensitivity': 1.0, 'specificity': 0.8421052631578947}, {'accuracy': 0.9090909090909091, 'f1': 0.9032258064516129, 'sensitivity': 1.0, 'specificity': 0.8421052631578947}, {'accuracy': 0.8787878787878788, 'f1': 0.8666666666666667, 'sensitivity': 0.9285714285714286, 'specificity': 0.8421052631578947}, {'accuracy': 0.8787878787878788, 'f1': 0.8666666666666667, 'sensitivity': 0.9285714285714286, 'specificity': 0.8421052631578947}, {'accuracy': 0.8787878787878788, 'f1': 0.8666666666666667, 'sensitivity': 0.9285714285714286, 'specificity': 0.8421052631578947}, {'accuracy': 0.9090909090909091, 'f1': 0.9032258064516129, 'sensitivity': 1.0, 'specificity': 0.8421052631578947}, {'accuracy': 0.8787878787878788, 'f1': 0.8666666666666667, 'sensitivity': 0.9285714285714286, 'specificity': 0.8421052631578947}]",COMPLETE
3,0.8666666666666667,2026-08-09 03:38:02.171488,2026-08-09 03:39:20.826297,0 days 00:01:18.654809,0.5,0.03142880890840111,4.335281794951567e-06,"{'overall': {'n': 33, 'accuracy': 0.8787878787878788, 'precision': 0.8125, 'recall': 0.9285714285714286, 'sensitivity': 0.9285714285714286, 'specificity': 0.8421052631578947, 'balanced_accuracy': 0.8853383458646616, 'f1': 0.8666666666666667, 'confusion_matrix': [[16, 3], [1, 13]], 'auc': 0.9285714285714286, 'roc_curve': {'fpr': [0.0, 0.0, 0.0, 0.05263157894736842, 0.05263157894736842, 0.10526315789473684, 0.10526315789473684, 0.15789473684210525, 0.15789473684210525, 0.21052631578947367, 0.21052631578947367, 1.0], 'tpr': [0.0, 0.07142857142857142, 0.21428571428571427, 0.21428571428571427, 0.6428571428571429, 0.6428571428571429, 0.8571428571428571, 0.8571428571428571, 0.9285714285714286, 0.9285714285714286, 1.0, 1.0]}}, 'India': {'n': 14, 'accuracy': 0.7857142857142857, 'precision': 0.8181818181818182, 'recall': 0.9, 'sensitivity': 0.9, 'specificity': 0.5, 'balanced_accuracy': 0.7, 'f1': 0.8571428571428571, 'confusion_matrix': [[2, 2], [1, 9]], 'auc': 0.8500000000000001, 'roc_curve': {'fpr': [0.0, 0.0, 0.0, 0.25, 0.25, 0.5, 0.5, 0.75, 0.75, 1.0], 'tpr': [0.0, 0.1, 0.7, 0.7, 0.8, 0.8, 0.9, 0.9, 1.0, 1.0]}}, 'Italy': {'n': 19, 'accuracy': 0.9473684210526315, 'precision': 0.8, 'recall': 1.0, 'sensitivity': 1.0, 'specificity': 0.9333333333333333, 'balanced_accuracy': 0.9666666666666667, 'f1': 0.8888888888888888, 'confusion_matrix': [[14, 1], [0, 4]], 'auc': 0.9333333333333333, 'roc_curve': {'fpr': [0.0, 0.06666666666666667, 0.06666666666666667, 1.0], 'tpr': [0.0, 0.0, 1.0, 1.0]}}}",convnext_large_palpebral_new_way,"[1.4139490395981744, 0.8816587826274088, 0.9215302277874473, 0.5426623803495572, 0.6577843508578294, 0.569597720310388, 0.6345730737739841, 0.5531409959129939, 0.416121242851611, 0.47588430532556497, 0.41846757021960834, 0.5331799569508887]","[0.8160836190888376, 0.6977630709156846, 0.4929481130657774, 0.5496733622117476, 0.3877754644914107, 0.41444128209894354, 0.47362409938465466, 0.5050497777534254, 0.480070330879905, 0.4495137532552083, 0.4387115276221073, 0.44570574615940906]","[{'accuracy': 0.6363636363636364, 'f1': 0.25, 'sensitivity': 0.14285714285714285, 'specificity': 1.0}, {'accuracy': 0.696969696969697, 'f1': 0.7368421052631579, 'sensitivity': 1.0, 'specificity': 0.47368421052631576}, {'accuracy': 0.8181818181818182, 'f1': 0.75, 'sensitivity': 0.6428571428571429, 'specificity': 0.9473684210526315}, {'accuracy': 0.8181818181818182, 'f1': 0.8235294117647058, 'sensitivity': 1.0, 'specificity': 0.6842105263157895}, {'accuracy': 0.8484848484848485, 'f1': 0.8275862068965517, 'sensitivity': 0.8571428571428571, 'specificity': 0.8421052631578947}, {'accuracy': 0.8787878787878788, 'f1': 0.8666666666666667, 'sensitivity': 0.9285714285714286, 'specificity': 0.8421052631578947}, {'accuracy': 0.8484848484848485, 'f1': 0.8484848484848485, 'sensitivity': 1.0, 'specificity': 0.7368421052631579}, {'accuracy': 0.8484848484848485, 'f1': 0.8148148148148148, 'sensitivity': 0.7857142857142857, 'specificity': 0.8947368421052632}, {'accuracy': 0.8181818181818182, 'f1': 0.8125, 'sensitivity': 0.9285714285714286, 'specificity': 0.7368421052631579}, {'accuracy': 0.8484848484848485, 'f1': 0.8275862068965517, 'sensitivity': 0.8571428571428571, 'specificity': 0.8421052631578947}, {'accuracy': 0.8484848484848485, 'f1': 0.8275862068965517, 'sensitivity': 0.8571428571428571, 'specificity': 0.8421052631578947}, {'accuracy': 0.8181818181818182, 'f1': 0.8125, 'sensitivity': 0.9285714285714286, 'specificity': 0.7368421052631579}]",COMPLETE
4,0.9032258064516129,2026-08-09 03:39:20.826763,2026-08-09 03:46:41.734191,0 days 00:07:20.907428,0.2,0.0008179499475211679,3.752055855124284e-05,"{'overall': {'n': 33, 'accuracy': 0.9090909090909091, 'precision': 0.8235294117647058, 'recall': 1.0, 'sensitivity': 1.0, 'specificity': 0.8421052631578947, 'balanced_accuracy': 0.9210526315789473, 'f1': 0.9032258064516129, 'confusion_matrix': [[16, 3], [0, 14]], 'auc': 0.9548872180451127, 'roc_curve': {'fpr': [0.0, 0.0, 0.0, 0.05263157894736842, 0.05263157894736842, 0.15789473684210525, 0.15789473684210525, 1.0], 'tpr': [0.0, 0.07142857142857142, 0.42857142857142855, 0.42857142857142855, 0.8571428571428571, 0.8571428571428571, 1.0, 1.0]}}, 'India': {'n': 14, 'accuracy': 0.8571428571428571, 'precision': 0.8333333333333334, 'recall': 1.0, 'sensitivity': 1.0, 'specificity': 0.5, 'balanced_accuracy': 0.75, 'f1': 0.9090909090909091, 'confusion_matrix': [[2, 2], [0, 10]], 'auc': 0.95, 'roc_curve': {'fpr': [0.0, 0.0, 0.0, 0.5, 0.5, 1.0], 'tpr': [0.0, 0.1, 0.9, 0.9, 1.0, 1.0]}}, 'Italy': {'n': 19, 'accuracy': 0.9473684210526315, 'precision': 0.8, 'recall': 1.0, 'sensitivity': 1.0, 'specificity': 0.9333333333333333, 'balanced_accuracy': 0.9666666666666667, 'f1': 0.8888888888888888, 'confusion_matrix': [[14, 1], [0, 4]], 'auc': 0.9333333333333333, 'roc_curve': {'fpr': [0.0, 0.06666666666666667, 0.06666666666666667, 1.0], 'tpr': [0.0, 0.0, 1.0, 1.0]}}}",convnext_large_palpebral_new_way,"[0.8048447417897104, 0.7637078604161345, 0.7395279975916376, 0.715520472716022, 0.6935852209463814, 0.6904651755528735, 0.6728012238117244, 0.6474877193274088, 0.6431719483129236, 0.61914771676853, 0.6003559748858016, 0.5986819069906576, 0.6202342814167604, 0.5832492026272199, 0.560643763731647, 0.5459873364461179, 0.5708250103407349, 0.5819912296257271, 0.560859554256035, 0.5402907926515238, 0.5399044507386669, 0.5506461475858625, 0.5358784640861662, 0.5387029075464665, 0.5116226278393474, 0.5493456788410415, 0.5290558835528544, 0.519773630116949, 0.517792685142416, 0.5245275532962471, 0.550733479245609, 0.49540794408874006, 0.4968007848357523, 0.5214566252878959, 0.49904870552732455, 0.5399449676867353, 0.47617410152953193, 0.49742564894505686, 0.5046665040862481, 0.4955462100884772, 0.5019684106308893, 0.5116143755565415, 0.46758181823799944, 0.4942171186800824, 0.5180084377724603, 0.4897863229378959, 0.49146071234286226, 0.4680775338845537, 0.46656047054473926, 0.48843069542322726, 0.48824206409075405, 0.47467878638513833, 0.49474654924001127, 0.4826080578052445, 0.49175338595118745, 0.46026634005521305, 0.43611662908895127, 0.4711795131497036, 0.4707280117154911, 0.47481192243809733, 0.4517198609595267, 0.48795756539761626, 0.42008427042045343, 0.4579680364652975, 0.46125836798686853, 0.4599072048995669, 0.4808106854656674, 0.43863648945922096, 0.46121157913018535, 0.45783790788113676]","[0.7655234228480946, 0.7204565929644036, 0.6813909068252101, 0.6476348015395078, 0.6217003428574764, 0.5985972122712568, 0.578281404394092, 0.5597526503331733, 0.5430112571427317, 0.5291466207215281, 0.5166115905299331, 0.5063671018138076, 0.49778326352437335, 0.4902184443040328, 0.48334018750624225, 0.4763366598071474, 0.47031955285505816, 0.46593467033270636, 0.4619095506090106, 0.4584739063725327, 0.45593430779197, 0.45346186016545154, 0.44950869950381195, 0.4470473491784298, 0.44388276157957135, 0.4411850083958019, 0.4394649556188872, 0.43785852735692804, 0.43578708533084753, 0.43323003162037244, 0.43103357517358026, 0.42860723264289624, 0.4263353781266646, 0.4242093129591508, 0.4221668243408203, 0.4235569563778964, 0.42398735971161816, 0.4233643069411769, 0.42255068547797925, 0.42106863224145136, 0.4199338031537605, 0.4194318742463083, 0.4188835620880127, 0.417580423933087, 0.41659021377563477, 0.4176362066557913, 0.4193695169506651, 0.42004657514167554, 0.4182566584962787, 0.4175111958474824, 0.41642102328213776, 0.41601251833366626, 0.4157555175550056, 0.4177529811859131, 0.4161065997499408, 0.4166254925005364, 0.4151134563214851, 0.41390675486940326, 0.41316695646806195, 0.4134791475353819, 0.41339300618027197, 0.41191606810598663, 0.41041838761531946, 0.41121284166971844, 0.4119810407811945, 0.4130254875529896, 0.4125754182988947, 0.41252903504805133, 0.4118968862475771, 0.41135409384062793]","[{'accuracy': 0.696969696969697, 'f1': 0.4444444444444444, 'sensitivity': 0.2857142857142857, 'specificity': 1.0}, {'accuracy': 0.8484848484848485, 'f1': 0.8484848484848485, 'sensitivity': 1.0, 'specificity': 0.7368421052631579}, {'accuracy': 0.8787878787878788, 'f1': 0.875, 'sensitivity': 1.0, 'specificity': 0.7894736842105263}, {'accuracy': 0.8484848484848485, 'f1': 0.8275862068965517, 'sensitivity': 0.8571428571428571, 'specificity': 0.8421052631578947}, {'accuracy': 0.9090909090909091, 'f1': 0.8888888888888888, 'sensitivity': 0.8571428571428571, 'specificity': 0.9473684210526315}, {'accuracy': 0.9090909090909091, 'f1': 0.8888888888888888, 'sensitivity': 0.8571428571428571, 'specificity': 0.9473684210526315}, {'accuracy': 0.9090909090909091, 'f1': 0.9032258064516129, 'sensitivity': 1.0, 'specificity': 0.8421052631578947}, {'accuracy': 0.8787878787878788, 'f1': 0.8666666666666667, 'sensitivity': 0.9285714285714286, 'specificity': 0.8421052631578947}, {'accuracy': 0.8787878787878788, 'f1': 0.8571428571428571, 'sensitivity': 0.8571428571428571, 'specificity': 0.8947368421052632}, {'accuracy': 0.8787878787878788, 'f1': 0.8571428571428571, 'sensitivity': 0.8571428571428571, 'specificity': 0.8947368421052632}, {'accuracy': 0.8787878787878788, 'f1': 0.8666666666666667, 'sensitivity': 0.9285714285714286, 'specificity': 0.8421052631578947}, {'accuracy': 0.8787878787878788, 'f1': 0.8666666666666667, 'sensitivity': 0.9285714285714286, 'specificity': 0.8421052631578947}, {'accuracy': 0.9090909090909091, 'f1': 0.896551724137931, 'sensitivity': 0.9285714285714286, 'specificity': 0.8947368421052632}, {'accuracy': 0.8787878787878788, 'f1': 0.8666666666666667, 'sensitivity': 0.9285714285714286, 'specificity': 0.8421052631578947}, {'accuracy': 0.8787878787878788, 'f1': 0.8666666666666667, 'sensitivity': 0.9285714285714286, 'specificity': 0.8421052631578947}, {'accuracy': 0.9090909090909091, 'f1': 0.896551724137931, 'sensitivity': 0.9285714285714286, 'specificity': 0.8947368421052632}, {'accuracy': 0.9090909090909091, 'f1': 0.896551724137931, 'sensitivity': 0.9285714285714286, 'specificity': 0.8947368421052632}, {'accuracy': 0.8787878787878788, 'f1': 0.8666666666666667, 'sensitivity': 0.9285714285714286, 'specificity': 0.8421052631578947}, {'accuracy': 0.8787878787878788, 'f1': 0.8666666666666667, 'sensitivity': 0.9285714285714286, 'specificity': 0.8421052631578947}, {'accuracy': 0.8787878787878788, 'f1': 0.8666666666666667, 'sensitivity': 0.9285714285714286, 'specificity': 0.8421052631578947}, {'accuracy': 0.8787878787878788, 'f1': 0.8666666666666667, 'sensitivity': 0.9285714285714286, 'specificity': 0.8421052631578947}, {'accuracy': 0.8787878787878788, 'f1': 0.8666666666666667, 'sensitivity': 0.9285714285714286, 'specificity': 0.8421052631578947}, {'accuracy': 0.8787878787878788, 'f1': 0.8666666666666667, 'sensitivity': 0.9285714285714286, 'specificity': 0.8421052631578947}, {'accuracy': 0.8787878787878788, 'f1': 0.8666666666666667, 'sensitivity': 0.9285714285714286, 'specificity': 0.8421052631578947}, {'accuracy': 0.8787878787878788, 'f1': 0.8666666666666667, 'sensitivity': 0.9285714285714286, 'specificity': 0.8421052631578947}, {'accuracy': 0.8787878787878788, 'f1': 0.8666666666666667, 'sensitivity': 0.9285714285714286, 'specificity': 0.8421052631578947}, {'accuracy': 0.8787878787878788, 'f1': 0.8666666666666667, 'sensitivity': 0.9285714285714286, 'specificity': 0.8421052631578947}, {'accuracy': 0.8787878787878788, 'f1': 0.8666666666666667, 'sensitivity': 0.9285714285714286, 'specificity': 0.8421052631578947}, {'accuracy': 0.8787878787878788, 'f1': 0.8666666666666667, 'sensitivity': 0.9285714285714286, 'specificity': 0.8421052631578947}, {'accuracy': 0.8787878787878788, 'f1': 0.8666666666666667, 'sensitivity': 0.9285714285714286, 'specificity': 0.8421052631578947}, {'accuracy': 0.8787878787878788, 'f1': 0.8666666666666667, 'sensitivity': 0.9285714285714286, 'specificity': 0.8421052631578947}, {'accuracy': 0.8787878787878788, 'f1': 0.8666666666666667, 'sensitivity': 0.9285714285714286, 'specificity': 0.8421052631578947}, {'accuracy': 0.8787878787878788, 'f1': 0.8666666666666667, 'sensitivity': 0.9285714285714286, 'specificity': 0.8421052631578947}, {'accuracy': 0.9090909090909091, 'f1': 0.896551724137931, 'sensitivity': 0.9285714285714286, 'specificity': 0.8947368421052632}, {'accuracy': 0.8787878787878788, 'f1': 0.8666666666666667, 'sensitivity': 0.9285714285714286, 'specificity': 0.8421052631578947}, {'accuracy': 0.8787878787878788, 'f1': 0.8666666666666667, 'sensitivity': 0.9285714285714286, 'specificity': 0.8421052631578947}, {'accuracy': 0.8787878787878788, 'f1': 0.8666666666666667, 'sensitivity': 0.9285714285714286, 'specificity': 0.8421052631578947}, {'accuracy': 0.8787878787878788, 'f1': 0.8666666666666667, 'sensitivity': 0.9285714285714286, 'specificity': 0.8421052631578947}, {'accuracy': 0.8787878787878788, 'f1': 0.8666666666666667, 'sensitivity': 0.9285714285714286, 'specificity': 0.8421052631578947}, {'accuracy': 0.8787878787878788, 'f1': 0.8666666666666667, 'sensitivity': 0.9285714285714286, 'specificity': 0.8421052631578947}, {'accuracy': 0.8787878787878788, 'f1': 0.8666666666666667, 'sensitivity': 0.9285714285714286, 'specificity': 0.8421052631578947}, {'accuracy': 0.8787878787878788, 'f1': 0.8666666666666667, 'sensitivity': 0.9285714285714286, 'specificity': 0.8421052631578947}, {'accuracy': 0.8787878787878788, 'f1': 0.8666666666666667, 'sensitivity': 0.9285714285714286, 'specificity': 0.8421052631578947}, {'accuracy': 0.8787878787878788, 'f1': 0.8666666666666667, 'sensitivity': 0.9285714285714286, 'specificity': 0.8421052631578947}, {'accuracy': 0.8787878787878788, 'f1': 0.8666666666666667, 'sensitivity': 0.9285714285714286, 'specificity': 0.8421052631578947}, {'accuracy': 0.8787878787878788, 'f1': 0.8666666666666667, 'sensitivity': 0.9285714285714286, 'specificity': 0.8421052631578947}, {'accuracy': 0.8787878787878788, 'f1': 0.8666666666666667, 'sensitivity': 0.9285714285714286, 'specificity': 0.8421052631578947}, {'accuracy': 0.8787878787878788, 'f1': 0.8666666666666667, 'sensitivity': 0.9285714285714286, 'specificity': 0.8421052631578947}, {'accuracy': 0.8787878787878788, 'f1': 0.8666666666666667, 'sensitivity': 0.9285714285714286, 'specificity': 0.8421052631578947}, {'accuracy': 0.8787878787878788, 'f1': 0.8666666666666667, 'sensitivity': 0.9285714285714286, 'specificity': 0.8421052631578947}, {'accuracy': 0.8484848484848485, 'f1': 0.8275862068965517, 'sensitivity': 0.8571428571428571, 'specificity': 0.8421052631578947}, {'accuracy': 0.8787878787878788, 'f1': 0.8666666666666667, 'sensitivity': 0.9285714285714286, 'specificity': 0.8421052631578947}, {'accuracy': 0.8787878787878788, 'f1': 0.8666666666666667, 'sensitivity': 0.9285714285714286, 'specificity': 0.8421052631578947}, {'accuracy': 0.9090909090909091, 'f1': 0.9032258064516129, 'sensitivity': 1.0, 'specificity': 0.8421052631578947}, {'accuracy': 0.8787878787878788, 'f1': 0.8666666666666667, 'sensitivity': 0.9285714285714286, 'specificity': 0.8421052631578947}, {'accuracy': 0.9090909090909091, 'f1': 0.9032258064516129, 'sensitivity': 1.0, 'specificity': 0.8421052631578947}, {'accuracy': 0.8787878787878788, 'f1': 0.8666666666666667, 'sensitivity': 0.9285714285714286, 'specificity': 0.8421052631578947}, {'accuracy': 0.8787878787878788, 'f1': 0.8666666666666667, 'sensitivity': 0.9285714285714286, 'specificity': 0.8421052631578947}, {'accuracy': 0.8787878787878788, 'f1': 0.8666666666666667, 'sensitivity': 0.9285714285714286, 'specificity': 0.8421052631578947}, {'accuracy': 0.8787878787878788, 'f1': 0.8666666666666667, 'sensitivity': 0.9285714285714286, 'specificity': 0.8421052631578947}, {'accuracy': 0.8787878787878788, 'f1': 0.8666666666666667, 'sensitivity': 0.9285714285714286, 'specificity': 0.8421052631578947}, {'accuracy': 0.8787878787878788, 'f1': 0.8666666666666667, 'sensitivity': 0.9285714285714286, 'specificity': 0.8421052631578947}, {'accuracy': 0.8787878787878788, 'f1': 0.8666666666666667, 'sensitivity': 0.9285714285714286, 'specificity': 0.8421052631578947}, {'accuracy': 0.8787878787878788, 'f1': 0.8666666666666667, 'sensitivity': 0.9285714285714286, 'specificity': 0.8421052631578947}, {'accuracy': 0.8787878787878788, 'f1': 0.8666666666666667, 'sensitivity': 0.9285714285714286, 'specificity': 0.8421052631578947}, {'accuracy': 0.8787878787878788, 'f1': 0.8666666666666667, 'sensitivity': 0.9285714285714286, 'specificity': 0.8421052631578947}, {'accuracy': 0.8484848484848485, 'f1': 0.8275862068965517, 'sensitivity': 0.8571428571428571, 'specificity': 0.8421052631578947}, {'accuracy': 0.8484848484848485, 'f1': 0.8275862068965517, 'sensitivity': 0.8571428571428571, 'specificity': 0.8421052631578947}, {'accuracy': 0.8484848484848485, 'f1': 0.8275862068965517, 'sensitivity': 0.8571428571428571, 'specificity': 0.8421052631578947}, {'accuracy': 0.8484848484848485, 'f1': 0.8275862068965517, 'sensitivity': 0.8571428571428571, 'specificity': 0.8421052631578947}]",COMPLETE
