number,value,datetime_start,datetime_complete,duration,params_dropout_rate,params_learning_rate,params_weight_decay,user_attrs_best_val_metrics,user_attrs_model_name,user_attrs_train_loss_history,user_attrs_val_loss_history,user_attrs_val_overall_metrics_history,state
7,0.8235294117647058,2026-08-09 01:45:23.627027,2026-08-09 01:46:16.858236,0 days 00:00:53.231209,0.5,0.07573772188483917,2.856026597436451e-05,"{'overall': {'n': 33, 'accuracy': 0.8181818181818182, 'precision': 0.7, 'recall': 1.0, 'sensitivity': 1.0, 'specificity': 0.6842105263157895, 'balanced_accuracy': 0.8421052631578947, 'f1': 0.8235294117647058, 'confusion_matrix': [[13, 6], [0, 14]], 'auc': 0.9060150375939849, 'roc_curve': {'fpr': [0.0, 0.0, 0.0, 0.05263157894736842, 0.05263157894736842, 0.10526315789473684, 0.10526315789473684, 0.3157894736842105, 0.3157894736842105, 1.0], 'tpr': [0.0, 0.07142857142857142, 0.35714285714285715, 0.35714285714285715, 0.7142857142857143, 0.7142857142857143, 0.7857142857142857, 0.7857142857142857, 1.0, 1.0]}}, 'India': {'n': 14, 'accuracy': 0.9285714285714286, 'precision': 0.9090909090909091, 'recall': 1.0, 'sensitivity': 1.0, 'specificity': 0.75, 'balanced_accuracy': 0.875, 'f1': 0.9523809523809523, 'confusion_matrix': [[3, 1], [0, 10]], 'auc': 0.925, 'roc_curve': {'fpr': [0.0, 0.0, 0.0, 0.25, 0.25, 1.0], 'tpr': [0.0, 0.1, 0.7, 0.7, 1.0, 1.0]}}, 'Italy': {'n': 19, 'accuracy': 0.7368421052631579, 'precision': 0.4444444444444444, 'recall': 1.0, 'sensitivity': 1.0, 'specificity': 0.6666666666666666, 'balanced_accuracy': 0.8333333333333333, 'f1': 0.6153846153846154, 'confusion_matrix': [[10, 5], [0, 4]], 'auc': 0.9666666666666667, 'roc_curve': {'fpr': [0.0, 0.0, 0.0, 0.06666666666666667, 0.06666666666666667, 1.0], 'tpr': [0.0, 0.25, 0.5, 0.5, 1.0, 1.0]}}}",convnext_base_palpebral_new_way,"[1.872281050839961, 1.5692549541296548, 1.4288031675957686, 0.7387644131452042, 1.3918782780502017, 1.1024165706129263, 1.2996534148588876, 1.1134521503322172, 1.2916311451930873, 0.9696223029237709, 1.0731120093768796, 0.926294811119307, 0.7622502698803579, 0.7188681474584617, 1.029723592546602, 1.1301122793298684, 0.8195113322592729]","[1.2989418723366477, 0.7700968655672941, 0.6094157768018318, 0.9077693910309763, 0.5492765542232629, 0.671754721439246, 0.6812286521449233, 0.5565262707796964, 0.6840775807698568, 0.44942656430331146, 0.5940841761502352, 0.6500899574973367, 0.6262364676504424, 0.530761429757783, 0.8232663327997382, 0.9518437819047407, 1.4825985792911414]","[{'accuracy': 0.696969696969697, 'f1': 0.4444444444444444, 'sensitivity': 0.2857142857142857, 'specificity': 1.0}, {'accuracy': 0.7878787878787878, 'f1': 0.8, 'sensitivity': 1.0, 'specificity': 0.631578947368421}, {'accuracy': 0.8181818181818182, 'f1': 0.7692307692307693, 'sensitivity': 0.7142857142857143, 'specificity': 0.8947368421052632}, {'accuracy': 0.7878787878787878, 'f1': 0.8, 'sensitivity': 1.0, 'specificity': 0.631578947368421}, {'accuracy': 0.8181818181818182, 'f1': 0.7692307692307693, 'sensitivity': 0.7142857142857143, 'specificity': 0.8947368421052632}, {'accuracy': 0.7575757575757576, 'f1': 0.7647058823529411, 'sensitivity': 0.9285714285714286, 'specificity': 0.631578947368421}, {'accuracy': 0.7575757575757576, 'f1': 0.7647058823529411, 'sensitivity': 0.9285714285714286, 'specificity': 0.631578947368421}, {'accuracy': 0.7575757575757576, 'f1': 0.7647058823529411, 'sensitivity': 0.9285714285714286, 'specificity': 0.631578947368421}, {'accuracy': 0.7878787878787878, 'f1': 0.8, 'sensitivity': 1.0, 'specificity': 0.631578947368421}, {'accuracy': 0.8181818181818182, 'f1': 0.8125, 'sensitivity': 0.9285714285714286, 'specificity': 0.7368421052631579}, {'accuracy': 0.8181818181818182, 'f1': 0.8235294117647058, 'sensitivity': 1.0, 'specificity': 0.6842105263157895}, {'accuracy': 0.696969696969697, 'f1': 0.6666666666666666, 'sensitivity': 0.7142857142857143, 'specificity': 0.6842105263157895}, {'accuracy': 0.696969696969697, 'f1': 0.6875, 'sensitivity': 0.7857142857142857, 'specificity': 0.631578947368421}, {'accuracy': 0.7878787878787878, 'f1': 0.8, 'sensitivity': 1.0, 'specificity': 0.631578947368421}, {'accuracy': 0.7878787878787878, 'f1': 0.8, 'sensitivity': 1.0, 'specificity': 0.631578947368421}, {'accuracy': 0.7878787878787878, 'f1': 0.6666666666666666, 'sensitivity': 0.5, 'specificity': 1.0}, {'accuracy': 0.6666666666666666, 'f1': 0.717948717948718, 'sensitivity': 1.0, 'specificity': 0.42105263157894735}]",COMPLETE
8,0.8571428571428571,2026-08-09 01:46:16.858645,2026-08-09 01:46:58.274864,0 days 00:00:41.416219,0.2,0.008533716477932937,0.0008842516536201932,"{'overall': {'n': 33, 'accuracy': 0.8787878787878788, 'precision': 0.8571428571428571, 'recall': 0.8571428571428571, 'sensitivity': 0.8571428571428571, 'specificity': 0.8947368421052632, 'balanced_accuracy': 0.8759398496240601, 'f1': 0.8571428571428571, 'confusion_matrix': [[17, 2], [2, 12]], 'auc': 0.9285714285714286, 'roc_curve': {'fpr': [0.0, 0.0, 0.0, 0.05263157894736842, 0.05263157894736842, 0.10526315789473684, 0.10526315789473684, 0.15789473684210525, 0.15789473684210525, 0.3157894736842105, 0.3157894736842105, 1.0], 'tpr': [0.0, 0.07142857142857142, 0.2857142857142857, 0.2857142857142857, 0.7142857142857143, 0.7142857142857143, 0.8571428571428571, 0.8571428571428571, 0.9285714285714286, 0.9285714285714286, 1.0, 1.0]}}, 'India': {'n': 14, 'accuracy': 0.8571428571428571, 'precision': 1.0, 'recall': 0.8, 'sensitivity': 0.8, 'specificity': 1.0, 'balanced_accuracy': 0.9, 'f1': 0.8888888888888888, 'confusion_matrix': [[4, 0], [2, 8]], 'auc': 0.975, 'roc_curve': {'fpr': [0.0, 0.0, 0.0, 0.25, 0.25, 1.0], 'tpr': [0.0, 0.1, 0.9, 0.9, 1.0, 1.0]}}, 'Italy': {'n': 19, 'accuracy': 0.8947368421052632, 'precision': 0.6666666666666666, 'recall': 1.0, 'sensitivity': 1.0, 'specificity': 0.8666666666666667, 'balanced_accuracy': 0.9333333333333333, 'f1': 0.8, 'confusion_matrix': [[13, 2], [0, 4]], 'auc': 0.9500000000000001, 'roc_curve': {'fpr': [0.0, 0.0, 0.06666666666666667, 0.06666666666666667, 1.0], 'tpr': [0.0, 0.25, 0.25, 1.0, 1.0]}}}",convnext_base_palpebral_new_way,"[0.7728849286275195, 0.6638393054734792, 0.6055992208174522, 0.5933035294346461, 0.5593162490832095, 0.4561493175708695, 0.521519063126962, 0.4197995929133813, 0.48433754775697824, 0.48366136128539283, 0.4466464454369829, 0.45053256150113036, 0.4585257364029916]","[0.7178177978053237, 0.6030833161238468, 0.43602392890236596, 0.4107088898167466, 0.46754710602037836, 0.4029584870193944, 0.40849877126289136, 0.43132911306439026, 0.4146003939888694, 0.42212547677935974, 0.4147008910323634, 0.45940597852071124, 0.4178243333643133]","[{'accuracy': 0.6363636363636364, 'f1': 0.25, 'sensitivity': 0.14285714285714285, 'specificity': 1.0}, {'accuracy': 0.7272727272727273, 'f1': 0.7567567567567568, 'sensitivity': 1.0, 'specificity': 0.5263157894736842}, {'accuracy': 0.8787878787878788, 'f1': 0.8461538461538461, 'sensitivity': 0.7857142857142857, 'specificity': 0.9473684210526315}, {'accuracy': 0.8484848484848485, 'f1': 0.8275862068965517, 'sensitivity': 0.8571428571428571, 'specificity': 0.8421052631578947}, {'accuracy': 0.7878787878787878, 'f1': 0.8, 'sensitivity': 1.0, 'specificity': 0.631578947368421}, {'accuracy': 0.8787878787878788, 'f1': 0.8571428571428571, 'sensitivity': 0.8571428571428571, 'specificity': 0.8947368421052632}, {'accuracy': 0.8484848484848485, 'f1': 0.8387096774193549, 'sensitivity': 0.9285714285714286, 'specificity': 0.7894736842105263}, {'accuracy': 0.7575757575757576, 'f1': 0.7647058823529411, 'sensitivity': 0.9285714285714286, 'specificity': 0.631578947368421}, {'accuracy': 0.7878787878787878, 'f1': 0.7586206896551724, 'sensitivity': 0.7857142857142857, 'specificity': 0.7894736842105263}, {'accuracy': 0.7575757575757576, 'f1': 0.7647058823529411, 'sensitivity': 0.9285714285714286, 'specificity': 0.631578947368421}, {'accuracy': 0.8181818181818182, 'f1': 0.8125, 'sensitivity': 0.9285714285714286, 'specificity': 0.7368421052631579}, {'accuracy': 0.7575757575757576, 'f1': 0.7647058823529411, 'sensitivity': 0.9285714285714286, 'specificity': 0.631578947368421}, {'accuracy': 0.7575757575757576, 'f1': 0.7647058823529411, 'sensitivity': 0.9285714285714286, 'specificity': 0.631578947368421}]",COMPLETE
9,0.8666666666666667,2026-08-09 01:46:58.275269,2026-08-09 01:48:28.161935,0 days 00:01:29.886666,0.5,0.003234746297360854,1.2723208072531627e-05,"{'overall': {'n': 33, 'accuracy': 0.8787878787878788, 'precision': 0.8125, 'recall': 0.9285714285714286, 'sensitivity': 0.9285714285714286, 'specificity': 0.8421052631578947, 'balanced_accuracy': 0.8853383458646616, 'f1': 0.8666666666666667, 'confusion_matrix': [[16, 3], [1, 13]], 'auc': 0.943609022556391, 'roc_curve': {'fpr': [0.0, 0.0, 0.0, 0.05263157894736842, 0.05263157894736842, 0.10526315789473684, 0.10526315789473684, 0.3157894736842105, 0.3157894736842105, 1.0], 'tpr': [0.0, 0.07142857142857142, 0.35714285714285715, 0.35714285714285715, 0.8571428571428571, 0.8571428571428571, 0.9285714285714286, 0.9285714285714286, 1.0, 1.0]}}, 'India': {'n': 14, 'accuracy': 0.9285714285714286, 'precision': 1.0, 'recall': 0.9, 'sensitivity': 0.9, 'specificity': 1.0, 'balanced_accuracy': 0.95, 'f1': 0.9473684210526315, 'confusion_matrix': [[4, 0], [1, 9]], 'auc': 0.975, 'roc_curve': {'fpr': [0.0, 0.0, 0.0, 0.25, 0.25, 1.0], 'tpr': [0.0, 0.1, 0.9, 0.9, 1.0, 1.0]}}, 'Italy': {'n': 19, 'accuracy': 0.8421052631578947, 'precision': 0.5714285714285714, 'recall': 1.0, 'sensitivity': 1.0, 'specificity': 0.8, 'balanced_accuracy': 0.9, 'f1': 0.7272727272727273, 'confusion_matrix': [[12, 3], [0, 4]], 'auc': 0.9500000000000001, 'roc_curve': {'fpr': [0.0, 0.0, 0.06666666666666667, 0.06666666666666667, 1.0], 'tpr': [0.0, 0.25, 0.25, 1.0, 1.0]}}}",convnext_base_palpebral_new_way,"[0.796862976045798, 0.7061133329442005, 0.6349264339895437, 0.6123639937268187, 0.5869102628025787, 0.5458759428649549, 0.5351268635285611, 0.5411174605224306, 0.53992331225351, 0.5354633315509518, 0.49894183735973785, 0.5135912666257644, 0.513031999006966, 0.4837196648910346, 0.46425094825542523, 0.5161573886871338, 0.481112415032671, 0.504313054858454, 0.4674221146975132, 0.5269723741818737, 0.5104096812128232, 0.45214640778421566, 0.4778660192394888, 0.4322838317479519, 0.47826737954916543, 0.45581573761062116, 0.4869185285457712, 0.4491143838459293, 0.48559346459559255]","[0.6970617969830831, 0.5973941810203321, 0.5349756840503577, 0.49321030486713757, 0.4668824492078839, 0.4505545948490952, 0.4398684935136275, 0.43712113481579407, 0.4265255639047334, 0.42254679853265936, 0.4255891062996604, 0.427196741104126, 0.4186958977670381, 0.4157600258335923, 0.4188631231134588, 0.4212988217671712, 0.4150734164498069, 0.41240763664245605, 0.4139116316130667, 0.4132497455134536, 0.41536870869723236, 0.4097061879707105, 0.4106574708765203, 0.4111692760929917, 0.4161958766706062, 0.4169625946969697, 0.4214053515231971, 0.4362705404108221, 0.42341147047100647]","[{'accuracy': 0.8484848484848485, 'f1': 0.8, 'sensitivity': 0.7142857142857143, 'specificity': 0.9473684210526315}, {'accuracy': 0.8484848484848485, 'f1': 0.8387096774193549, 'sensitivity': 0.9285714285714286, 'specificity': 0.7894736842105263}, {'accuracy': 0.8787878787878788, 'f1': 0.8666666666666667, 'sensitivity': 0.9285714285714286, 'specificity': 0.8421052631578947}, {'accuracy': 0.8181818181818182, 'f1': 0.8125, 'sensitivity': 0.9285714285714286, 'specificity': 0.7368421052631579}, {'accuracy': 0.8787878787878788, 'f1': 0.8666666666666667, 'sensitivity': 0.9285714285714286, 'specificity': 0.8421052631578947}, {'accuracy': 0.8787878787878788, 'f1': 0.8666666666666667, 'sensitivity': 0.9285714285714286, 'specificity': 0.8421052631578947}, {'accuracy': 0.8484848484848485, 'f1': 0.8387096774193549, 'sensitivity': 0.9285714285714286, 'specificity': 0.7894736842105263}, {'accuracy': 0.7878787878787878, 'f1': 0.7878787878787878, 'sensitivity': 0.9285714285714286, 'specificity': 0.6842105263157895}, {'accuracy': 0.8484848484848485, 'f1': 0.8387096774193549, 'sensitivity': 0.9285714285714286, 'specificity': 0.7894736842105263}, {'accuracy': 0.8181818181818182, 'f1': 0.8, 'sensitivity': 0.8571428571428571, 'specificity': 0.7894736842105263}, {'accuracy': 0.8181818181818182, 'f1': 0.8125, 'sensitivity': 0.9285714285714286, 'specificity': 0.7368421052631579}, {'accuracy': 0.7878787878787878, 'f1': 0.7878787878787878, 'sensitivity': 0.9285714285714286, 'specificity': 0.6842105263157895}, {'accuracy': 0.8484848484848485, 'f1': 0.8387096774193549, 'sensitivity': 0.9285714285714286, 'specificity': 0.7894736842105263}, {'accuracy': 0.8181818181818182, 'f1': 0.8, 'sensitivity': 0.8571428571428571, 'specificity': 0.7894736842105263}, {'accuracy': 0.7878787878787878, 'f1': 0.7878787878787878, 'sensitivity': 0.9285714285714286, 'specificity': 0.6842105263157895}, {'accuracy': 0.7878787878787878, 'f1': 0.7878787878787878, 'sensitivity': 0.9285714285714286, 'specificity': 0.6842105263157895}, {'accuracy': 0.7878787878787878, 'f1': 0.7878787878787878, 'sensitivity': 0.9285714285714286, 'specificity': 0.6842105263157895}, {'accuracy': 0.8484848484848485, 'f1': 0.8387096774193549, 'sensitivity': 0.9285714285714286, 'specificity': 0.7894736842105263}, {'accuracy': 0.8484848484848485, 'f1': 0.8275862068965517, 'sensitivity': 0.8571428571428571, 'specificity': 0.8421052631578947}, {'accuracy': 0.7878787878787878, 'f1': 0.7878787878787878, 'sensitivity': 0.9285714285714286, 'specificity': 0.6842105263157895}, {'accuracy': 0.7878787878787878, 'f1': 0.7878787878787878, 'sensitivity': 0.9285714285714286, 'specificity': 0.6842105263157895}, {'accuracy': 0.7878787878787878, 'f1': 0.7878787878787878, 'sensitivity': 0.9285714285714286, 'specificity': 0.6842105263157895}, {'accuracy': 0.7878787878787878, 'f1': 0.7878787878787878, 'sensitivity': 0.9285714285714286, 'specificity': 0.6842105263157895}, {'accuracy': 0.7878787878787878, 'f1': 0.7878787878787878, 'sensitivity': 0.9285714285714286, 'specificity': 0.6842105263157895}, {'accuracy': 0.7878787878787878, 'f1': 0.7878787878787878, 'sensitivity': 0.9285714285714286, 'specificity': 0.6842105263157895}, {'accuracy': 0.8181818181818182, 'f1': 0.8, 'sensitivity': 0.8571428571428571, 'specificity': 0.7894736842105263}, {'accuracy': 0.7575757575757576, 'f1': 0.75, 'sensitivity': 0.8571428571428571, 'specificity': 0.6842105263157895}, {'accuracy': 0.7575757575757576, 'f1': 0.7647058823529411, 'sensitivity': 0.9285714285714286, 'specificity': 0.631578947368421}, {'accuracy': 0.7878787878787878, 'f1': 0.7878787878787878, 'sensitivity': 0.9285714285714286, 'specificity': 0.6842105263157895}]",COMPLETE
