number,value,datetime_start,datetime_complete,duration,params_dropout_rate,params_learning_rate,params_weight_decay,user_attrs_best_val_metrics,user_attrs_model_name,user_attrs_train_loss_history,user_attrs_val_loss_history,user_attrs_val_overall_metrics_history,state
5,0.9032258064516129,2026-08-09 03:46:41.734654,2026-08-09 03:48:37.086040,0 days 00:01:55.351386,0.2,0.07154800196121129,0.0005104598996197309,"{'overall': {'n': 33, 'accuracy': 0.9090909090909091, 'precision': 0.8235294117647058, 'recall': 1.0, 'sensitivity': 1.0, 'specificity': 0.8421052631578947, 'balanced_accuracy': 0.9210526315789473, 'f1': 0.9032258064516129, 'confusion_matrix': [[16, 3], [0, 14]], 'auc': 0.9210526315789473, 'roc_curve': {'fpr': [0.0, 0.0, 0.0, 0.05263157894736842, 0.05263157894736842, 0.10526315789473684, 0.10526315789473684, 0.15789473684210525, 0.15789473684210525, 1.0], 'tpr': [0.0, 0.07142857142857142, 0.21428571428571427, 0.21428571428571427, 0.5, 0.5, 0.7857142857142857, 0.7857142857142857, 1.0, 1.0]}}, 'India': {'n': 14, 'accuracy': 0.8571428571428571, 'precision': 0.8333333333333334, 'recall': 1.0, 'sensitivity': 1.0, 'specificity': 0.5, 'balanced_accuracy': 0.75, 'f1': 0.9090909090909091, 'confusion_matrix': [[2, 2], [0, 10]], 'auc': 0.75, 'roc_curve': {'fpr': [0.0, 0.0, 0.0, 0.25, 0.25, 0.5, 0.5, 1.0], 'tpr': [0.0, 0.1, 0.3, 0.3, 0.7, 0.7, 1.0, 1.0]}}, 'Italy': {'n': 19, 'accuracy': 0.9473684210526315, 'precision': 0.8, 'recall': 1.0, 'sensitivity': 1.0, 'specificity': 0.9333333333333333, 'balanced_accuracy': 0.9666666666666667, 'f1': 0.8888888888888888, 'confusion_matrix': [[14, 1], [0, 4]], 'auc': 0.9666666666666667, 'roc_curve': {'fpr': [0.0, 0.0, 0.0, 0.06666666666666667, 0.06666666666666667, 1.0], 'tpr': [0.0, 0.25, 0.5, 0.5, 1.0, 1.0]}}}",convnext_large_palpebral_new_way,"[3.519651416121729, 1.5650278282481314, 1.164393531170902, 0.8199249494154721, 0.655086090627885, 0.6279731748119884, 0.5620442765043271, 0.4412434748466441, 0.5473072741994794, 0.4500050078954128, 0.4257565683481709, 0.43593798923176647, 0.41953987751575494, 0.4564863285481535, 0.5028005299583965, 0.4468174257025813, 0.5397135524560284, 0.6648195344485984]","[2.1690624699448096, 1.1687018726811265, 0.6954614465886896, 0.6015589453957297, 0.5086945331457889, 0.5351171204538057, 0.6188719489357688, 0.5455053647359213, 0.49421732353441644, 0.42946415236501984, 0.3499892263701468, 0.3624186371311997, 0.4579117370374275, 0.5968753352309718, 0.6221281542922511, 0.6401414004239169, 0.541950139132413, 0.6348276138305664]","[{'accuracy': 0.6060606060606061, 'f1': 0.13333333333333333, 'sensitivity': 0.07142857142857142, 'specificity': 1.0}, {'accuracy': 0.7272727272727273, 'f1': 0.7567567567567568, 'sensitivity': 1.0, 'specificity': 0.5263157894736842}, {'accuracy': 0.8181818181818182, 'f1': 0.75, 'sensitivity': 0.6428571428571429, 'specificity': 0.9473684210526315}, {'accuracy': 0.8787878787878788, 'f1': 0.875, 'sensitivity': 1.0, 'specificity': 0.7894736842105263}, {'accuracy': 0.8787878787878788, 'f1': 0.8571428571428571, 'sensitivity': 0.8571428571428571, 'specificity': 0.8947368421052632}, {'accuracy': 0.8484848484848485, 'f1': 0.8387096774193549, 'sensitivity': 0.9285714285714286, 'specificity': 0.7894736842105263}, {'accuracy': 0.8181818181818182, 'f1': 0.7692307692307693, 'sensitivity': 0.7142857142857143, 'specificity': 0.8947368421052632}, {'accuracy': 0.8484848484848485, 'f1': 0.8387096774193549, 'sensitivity': 0.9285714285714286, 'specificity': 0.7894736842105263}, {'accuracy': 0.8181818181818182, 'f1': 0.7692307692307693, 'sensitivity': 0.7142857142857143, 'specificity': 0.8947368421052632}, {'accuracy': 0.9090909090909091, 'f1': 0.9032258064516129, 'sensitivity': 1.0, 'specificity': 0.8421052631578947}, {'accuracy': 0.8787878787878788, 'f1': 0.8666666666666667, 'sensitivity': 0.9285714285714286, 'specificity': 0.8421052631578947}, {'accuracy': 0.8787878787878788, 'f1': 0.8666666666666667, 'sensitivity': 0.9285714285714286, 'specificity': 0.8421052631578947}, {'accuracy': 0.8484848484848485, 'f1': 0.8148148148148148, 'sensitivity': 0.7857142857142857, 'specificity': 0.8947368421052632}, {'accuracy': 0.7878787878787878, 'f1': 0.7878787878787878, 'sensitivity': 0.9285714285714286, 'specificity': 0.6842105263157895}, {'accuracy': 0.7878787878787878, 'f1': 0.7878787878787878, 'sensitivity': 0.9285714285714286, 'specificity': 0.6842105263157895}, {'accuracy': 0.7575757575757576, 'f1': 0.6923076923076923, 'sensitivity': 0.6428571428571429, 'specificity': 0.8421052631578947}, {'accuracy': 0.8181818181818182, 'f1': 0.8125, 'sensitivity': 0.9285714285714286, 'specificity': 0.7368421052631579}, {'accuracy': 0.8484848484848485, 'f1': 0.8484848484848485, 'sensitivity': 1.0, 'specificity': 0.7368421052631579}]",COMPLETE
6,0.896551724137931,2026-08-09 03:48:37.086511,2026-08-09 03:51:17.090838,0 days 00:02:40.004327,0.2,0.002691422871453577,0.0008513157404824219,"{'overall': {'n': 33, 'accuracy': 0.9090909090909091, 'precision': 0.8666666666666667, 'recall': 0.9285714285714286, 'sensitivity': 0.9285714285714286, 'specificity': 0.8947368421052632, 'balanced_accuracy': 0.9116541353383458, 'f1': 0.896551724137931, 'confusion_matrix': [[17, 2], [1, 13]], 'auc': 0.9473684210526315, 'roc_curve': {'fpr': [0.0, 0.0, 0.0, 0.05263157894736842, 0.05263157894736842, 0.10526315789473684, 0.10526315789473684, 0.15789473684210525, 0.15789473684210525, 1.0], 'tpr': [0.0, 0.07142857142857142, 0.35714285714285715, 0.35714285714285715, 0.7142857142857143, 0.7142857142857143, 0.9285714285714286, 0.9285714285714286, 1.0, 1.0]}}, 'India': {'n': 14, 'accuracy': 0.8571428571428571, 'precision': 0.9, 'recall': 0.9, 'sensitivity': 0.9, 'specificity': 0.75, 'balanced_accuracy': 0.825, 'f1': 0.9, 'confusion_matrix': [[3, 1], [1, 9]], 'auc': 0.9, 'roc_curve': {'fpr': [0.0, 0.0, 0.0, 0.25, 0.25, 0.5, 0.5, 1.0], 'tpr': [0.0, 0.1, 0.7, 0.7, 0.9, 0.9, 1.0, 1.0]}}, 'Italy': {'n': 19, 'accuracy': 0.9473684210526315, 'precision': 0.8, 'recall': 1.0, 'sensitivity': 1.0, 'specificity': 0.9333333333333333, 'balanced_accuracy': 0.9666666666666667, 'f1': 0.8888888888888888, 'confusion_matrix': [[14, 1], [0, 4]], 'auc': 0.9333333333333333, 'roc_curve': {'fpr': [0.0, 0.06666666666666667, 0.06666666666666667, 1.0], 'tpr': [0.0, 0.0, 1.0, 1.0]}}}",convnext_large_palpebral_new_way,"[0.8074853921568157, 0.7112819828734492, 0.6485623492310378, 0.5897337825882514, 0.5741570471533087, 0.5697672355253964, 0.5257058617295018, 0.5407820861071151, 0.5179431955545943, 0.5245957792989465, 0.5050459484390865, 0.48267445520849417, 0.48653551067737555, 0.4490467586264705, 0.47116571329287343, 0.4737634064740693, 0.45589654256176476, 0.4721893569491557, 0.49607670307159424, 0.4531833878810832, 0.49329666072959144, 0.45021807496121385, 0.4710970369001098, 0.46979377364480734, 0.467936511860778]","[0.6863304340478146, 0.6026664448506904, 0.53590748165593, 0.4880899985631307, 0.45635125131318066, 0.43777957468321826, 0.4258703715873487, 0.4214259638930812, 0.4215013547377153, 0.41603651913729583, 0.41671874306418677, 0.41497291940631287, 0.4163477565302993, 0.41718488028555206, 0.41460897705771704, 0.40872965436993225, 0.4049336982495857, 0.4020607326969956, 0.40409658894394385, 0.40850890044010046, 0.4076847452105898, 0.41315005042336206, 0.4220862533106948, 0.4195950392520789, 0.42296020189921063]","[{'accuracy': 0.8787878787878788, 'f1': 0.875, 'sensitivity': 1.0, 'specificity': 0.7894736842105263}, {'accuracy': 0.8181818181818182, 'f1': 0.8235294117647058, 'sensitivity': 1.0, 'specificity': 0.6842105263157895}, {'accuracy': 0.9090909090909091, 'f1': 0.8888888888888888, 'sensitivity': 0.8571428571428571, 'specificity': 0.9473684210526315}, {'accuracy': 0.8787878787878788, 'f1': 0.8571428571428571, 'sensitivity': 0.8571428571428571, 'specificity': 0.8947368421052632}, {'accuracy': 0.8787878787878788, 'f1': 0.8666666666666667, 'sensitivity': 0.9285714285714286, 'specificity': 0.8421052631578947}, {'accuracy': 0.8787878787878788, 'f1': 0.8666666666666667, 'sensitivity': 0.9285714285714286, 'specificity': 0.8421052631578947}, {'accuracy': 0.8787878787878788, 'f1': 0.8666666666666667, 'sensitivity': 0.9285714285714286, 'specificity': 0.8421052631578947}, {'accuracy': 0.9090909090909091, 'f1': 0.896551724137931, 'sensitivity': 0.9285714285714286, 'specificity': 0.8947368421052632}, {'accuracy': 0.8787878787878788, 'f1': 0.8666666666666667, 'sensitivity': 0.9285714285714286, 'specificity': 0.8421052631578947}, {'accuracy': 0.8787878787878788, 'f1': 0.8666666666666667, 'sensitivity': 0.9285714285714286, 'specificity': 0.8421052631578947}, {'accuracy': 0.8787878787878788, 'f1': 0.8571428571428571, 'sensitivity': 0.8571428571428571, 'specificity': 0.8947368421052632}, {'accuracy': 0.8787878787878788, 'f1': 0.8666666666666667, 'sensitivity': 0.9285714285714286, 'specificity': 0.8421052631578947}, {'accuracy': 0.8787878787878788, 'f1': 0.8666666666666667, 'sensitivity': 0.9285714285714286, 'specificity': 0.8421052631578947}, {'accuracy': 0.8787878787878788, 'f1': 0.8666666666666667, 'sensitivity': 0.9285714285714286, 'specificity': 0.8421052631578947}, {'accuracy': 0.8787878787878788, 'f1': 0.8666666666666667, 'sensitivity': 0.9285714285714286, 'specificity': 0.8421052631578947}, {'accuracy': 0.8484848484848485, 'f1': 0.8275862068965517, 'sensitivity': 0.8571428571428571, 'specificity': 0.8421052631578947}, {'accuracy': 0.8484848484848485, 'f1': 0.8275862068965517, 'sensitivity': 0.8571428571428571, 'specificity': 0.8421052631578947}, {'accuracy': 0.8484848484848485, 'f1': 0.8275862068965517, 'sensitivity': 0.8571428571428571, 'specificity': 0.8421052631578947}, {'accuracy': 0.8484848484848485, 'f1': 0.8275862068965517, 'sensitivity': 0.8571428571428571, 'specificity': 0.8421052631578947}, {'accuracy': 0.8484848484848485, 'f1': 0.8275862068965517, 'sensitivity': 0.8571428571428571, 'specificity': 0.8421052631578947}, {'accuracy': 0.8484848484848485, 'f1': 0.8275862068965517, 'sensitivity': 0.8571428571428571, 'specificity': 0.8421052631578947}, {'accuracy': 0.8484848484848485, 'f1': 0.8275862068965517, 'sensitivity': 0.8571428571428571, 'specificity': 0.8421052631578947}, {'accuracy': 0.8787878787878788, 'f1': 0.8666666666666667, 'sensitivity': 0.9285714285714286, 'specificity': 0.8421052631578947}, {'accuracy': 0.8484848484848485, 'f1': 0.8275862068965517, 'sensitivity': 0.8571428571428571, 'specificity': 0.8421052631578947}, {'accuracy': 0.8484848484848485, 'f1': 0.8275862068965517, 'sensitivity': 0.8571428571428571, 'specificity': 0.8421052631578947}]",COMPLETE
