number,value,datetime_start,datetime_complete,duration,params_dropout_rate,params_learning_rate,params_weight_decay,user_attrs_best_val_metrics,user_attrs_model_name,user_attrs_train_loss_history,user_attrs_val_loss_history,user_attrs_val_overall_metrics_history,state
7,0.6060606060606061,2026-08-09 05:32:18.438274,2026-08-09 05:39:38.223489,0 days 00:07:19.785215,0.2,0.00011137414908293505,2.2059282146979313e-05,"{'overall': {'n': 31, 'accuracy': 0.5806451612903226, 'precision': 0.5263157894736842, 'recall': 0.7142857142857143, 'sensitivity': 0.7142857142857143, 'specificity': 0.47058823529411764, 'balanced_accuracy': 0.592436974789916, 'f1': 0.6060606060606061, 'confusion_matrix': [[8, 9], [4, 10]], 'auc': 0.5378151260504201, 'roc_curve': {'fpr': [0.0, 0.058823529411764705, 0.23529411764705882, 0.23529411764705882, 0.29411764705882354, 0.29411764705882354, 0.35294117647058826, 0.35294117647058826, 0.47058823529411764, 0.47058823529411764, 0.5294117647058824, 0.5294117647058824, 0.6470588235294118, 0.6470588235294118, 0.7058823529411765, 0.7058823529411765, 1.0], 'tpr': [0.0, 0.0, 0.0, 0.14285714285714285, 0.14285714285714285, 0.35714285714285715, 0.35714285714285715, 0.42857142857142855, 0.42857142857142855, 0.5714285714285714, 0.5714285714285714, 0.7142857142857143, 0.7142857142857143, 0.7857142857142857, 0.7857142857142857, 1.0, 1.0]}}, 'India': {'n': 14, 'accuracy': 0.6428571428571429, 'precision': 0.7777777777777778, 'recall': 0.7, 'sensitivity': 0.7, 'specificity': 0.5, 'balanced_accuracy': 0.6, 'f1': 0.7368421052631579, 'confusion_matrix': [[2, 2], [3, 7]], 'auc': 0.475, 'roc_curve': {'fpr': [0.0, 0.25, 0.25, 0.5, 0.5, 0.75, 0.75, 1.0], 'tpr': [0.0, 0.0, 0.1, 0.1, 0.8, 0.8, 1.0, 1.0]}}, 'Italy': {'n': 17, 'accuracy': 0.5294117647058824, 'precision': 0.3, 'recall': 0.75, 'sensitivity': 0.75, 'specificity': 0.46153846153846156, 'balanced_accuracy': 0.6057692307692308, 'f1': 0.42857142857142855, 'confusion_matrix': [[6, 7], [1, 3]], 'auc': 0.5961538461538461, 'roc_curve': {'fpr': [0.0, 0.07692307692307693, 0.23076923076923078, 0.23076923076923078, 0.46153846153846156, 0.46153846153846156, 0.6923076923076923, 0.6923076923076923, 1.0], 'tpr': [0.0, 0.0, 0.0, 0.5, 0.5, 0.75, 0.75, 1.0, 1.0]}}}",convnext_large_forniceal_palpebral_new_way,"[0.8152817828314645, 0.803705636335879, 0.8020564808326514, 0.7977721930361118, 0.7997709520820047, 0.7990975152878534, 0.7894187833176178, 0.7866924542959045, 0.7780838272198528, 0.7858434534397255, 0.7798069362737694, 0.7773181637939142, 0.7834079022310219, 0.7726887196910625, 0.7665867290529264, 0.7713888514609564, 0.7676474752069331, 0.7643134812919461, 0.7544988612739407, 0.7618832024587255, 0.7603716862444975, 0.7584927540247132, 0.7517096602997813, 0.7473042145067331, 0.7515391030279147, 0.7495443756077566, 0.7416483301694702, 0.7392040697895751, 0.7333280638772615, 0.7366305609949592, 0.7384187242611736, 0.7240794163171936, 0.7422729430555486, 0.7241088297902322, 0.7174486866613634, 0.7199948665236129, 0.7182280092823262, 0.7176990882069075, 0.7301829019371344, 0.7110947999013525, 0.7120109666772441, 0.7082909150999419, 0.7146032639101249, 0.7088515612543845, 0.7105357509081055, 0.7037741468877209, 0.6907928269736621, 0.7021495180876076, 0.686082969717428, 0.6834237214659347, 0.70178497486374, 0.6898609229496547, 0.6765018790757575, 0.7088579799042267, 0.6976621341543133, 0.699631967106644, 0.7027200703718224, 0.6795036058847596, 0.6812156722659156, 0.6823519160147427, 0.6872452546139153, 0.6727501389120711, 0.6639464578660977, 0.6696728885579272, 0.6750018158737494, 0.6654154488018581, 0.6710073299148456, 0.6813493869742568, 0.6570278264227367, 0.6706767232239652, 0.6716785341703972, 0.6626530999229068]","[0.8068457245826721, 0.8070626854896545, 0.8064955472946167, 0.805607795715332, 0.8048334121704102, 0.8042206168174744, 0.8035147786140442, 0.8021558523178101, 0.801520049571991, 0.8003994822502136, 0.7994105815887451, 0.7985774278640747, 0.7977241277694702, 0.7972692251205444, 0.7966772317886353, 0.795940637588501, 0.7954544425010681, 0.7957279086112976, 0.7943539619445801, 0.7930187582969666, 0.792167067527771, 0.7910336852073669, 0.7908251285552979, 0.7905291318893433, 0.7897068858146667, 0.7889068126678467, 0.7883118391036987, 0.7874149084091187, 0.7866708040237427, 0.7862622141838074, 0.7859115600585938, 0.7855937480926514, 0.7854512929916382, 0.7856165766716003, 0.7850915193557739, 0.7845622301101685, 0.7837415337562561, 0.7831306457519531, 0.7827976942062378, 0.7824651598930359, 0.7823848724365234, 0.7822343111038208, 0.7816543579101562, 0.7815043926239014, 0.7813766598701477, 0.7809424996376038, 0.7807163000106812, 0.780590832233429, 0.7799663543701172, 0.7797619700431824, 0.7793768644332886, 0.779129147529602, 0.779144287109375, 0.7789555191993713, 0.7792381048202515, 0.7793859243392944, 0.7786449790000916, 0.7782304883003235, 0.7778210043907166, 0.777969479560852, 0.7786146998405457, 0.7780478596687317, 0.7778434753417969, 0.7780378460884094, 0.777818500995636, 0.7779456973075867, 0.7784889340400696, 0.7789060473442078, 0.7787184715270996, 0.7791089415550232, 0.7786145210266113, 0.778133749961853]","[{'accuracy': 0.5806451612903226, 'f1': 0.6060606060606061, 'sensitivity': 0.7142857142857143, 'specificity': 0.47058823529411764}, {'accuracy': 0.5483870967741935, 'f1': 0.4166666666666667, 'sensitivity': 0.35714285714285715, 'specificity': 0.7058823529411765}, {'accuracy': 0.5161290322580645, 'f1': 0.34782608695652173, 'sensitivity': 0.2857142857142857, 'specificity': 0.7058823529411765}, {'accuracy': 0.5483870967741935, 'f1': 0.4166666666666667, 'sensitivity': 0.35714285714285715, 'specificity': 0.7058823529411765}, {'accuracy': 0.5483870967741935, 'f1': 0.4166666666666667, 'sensitivity': 0.35714285714285715, 'specificity': 0.7058823529411765}, {'accuracy': 0.5483870967741935, 'f1': 0.4166666666666667, 'sensitivity': 0.35714285714285715, 'specificity': 0.7058823529411765}, {'accuracy': 0.5483870967741935, 'f1': 0.4166666666666667, 'sensitivity': 0.35714285714285715, 'specificity': 0.7058823529411765}, {'accuracy': 0.4838709677419355, 'f1': 0.38461538461538464, 'sensitivity': 0.35714285714285715, 'specificity': 0.5882352941176471}, {'accuracy': 0.5483870967741935, 'f1': 0.4166666666666667, 'sensitivity': 0.35714285714285715, 'specificity': 0.7058823529411765}, {'accuracy': 0.5806451612903226, 'f1': 0.48, 'sensitivity': 0.42857142857142855, 'specificity': 0.7058823529411765}, {'accuracy': 0.5806451612903226, 'f1': 0.48, 'sensitivity': 0.42857142857142855, 'specificity': 0.7058823529411765}, {'accuracy': 0.5806451612903226, 'f1': 0.48, 'sensitivity': 0.42857142857142855, 'specificity': 0.7058823529411765}, {'accuracy': 0.6129032258064516, 'f1': 0.5, 'sensitivity': 0.42857142857142855, 'specificity': 0.7647058823529411}, {'accuracy': 0.5806451612903226, 'f1': 0.43478260869565216, 'sensitivity': 0.35714285714285715, 'specificity': 0.7647058823529411}, {'accuracy': 0.5806451612903226, 'f1': 0.43478260869565216, 'sensitivity': 0.35714285714285715, 'specificity': 0.7647058823529411}, {'accuracy': 0.5806451612903226, 'f1': 0.43478260869565216, 'sensitivity': 0.35714285714285715, 'specificity': 0.7647058823529411}, {'accuracy': 0.5806451612903226, 'f1': 0.43478260869565216, 'sensitivity': 0.35714285714285715, 'specificity': 0.7647058823529411}, {'accuracy': 0.6129032258064516, 'f1': 0.45454545454545453, 'sensitivity': 0.35714285714285715, 'specificity': 0.8235294117647058}, {'accuracy': 0.5806451612903226, 'f1': 0.43478260869565216, 'sensitivity': 0.35714285714285715, 'specificity': 0.7647058823529411}, {'accuracy': 0.5806451612903226, 'f1': 0.43478260869565216, 'sensitivity': 0.35714285714285715, 'specificity': 0.7647058823529411}, {'accuracy': 0.5806451612903226, 'f1': 0.43478260869565216, 'sensitivity': 0.35714285714285715, 'specificity': 0.7647058823529411}, {'accuracy': 0.5806451612903226, 'f1': 0.48, 'sensitivity': 0.42857142857142855, 'specificity': 0.7058823529411765}, {'accuracy': 0.5483870967741935, 'f1': 0.4166666666666667, 'sensitivity': 0.35714285714285715, 'specificity': 0.7058823529411765}, {'accuracy': 0.5483870967741935, 'f1': 0.4166666666666667, 'sensitivity': 0.35714285714285715, 'specificity': 0.7058823529411765}, {'accuracy': 0.5483870967741935, 'f1': 0.4166666666666667, 'sensitivity': 0.35714285714285715, 'specificity': 0.7058823529411765}, {'accuracy': 0.5483870967741935, 'f1': 0.4166666666666667, 'sensitivity': 0.35714285714285715, 'specificity': 0.7058823529411765}, {'accuracy': 0.5806451612903226, 'f1': 0.48, 'sensitivity': 0.42857142857142855, 'specificity': 0.7058823529411765}, {'accuracy': 0.5806451612903226, 'f1': 0.48, 'sensitivity': 0.42857142857142855, 'specificity': 0.7058823529411765}, {'accuracy': 0.6129032258064516, 'f1': 0.5384615384615384, 'sensitivity': 0.5, 'specificity': 0.7058823529411765}, {'accuracy': 0.6129032258064516, 'f1': 0.5384615384615384, 'sensitivity': 0.5, 'specificity': 0.7058823529411765}, {'accuracy': 0.6129032258064516, 'f1': 0.5384615384615384, 'sensitivity': 0.5, 'specificity': 0.7058823529411765}, {'accuracy': 0.6129032258064516, 'f1': 0.5384615384615384, 'sensitivity': 0.5, 'specificity': 0.7058823529411765}, {'accuracy': 0.5483870967741935, 'f1': 0.4166666666666667, 'sensitivity': 0.35714285714285715, 'specificity': 0.7058823529411765}, {'accuracy': 0.5483870967741935, 'f1': 0.4166666666666667, 'sensitivity': 0.35714285714285715, 'specificity': 0.7058823529411765}, {'accuracy': 0.5483870967741935, 'f1': 0.4166666666666667, 'sensitivity': 0.35714285714285715, 'specificity': 0.7058823529411765}, {'accuracy': 0.5806451612903226, 'f1': 0.48, 'sensitivity': 0.42857142857142855, 'specificity': 0.7058823529411765}, {'accuracy': 0.6129032258064516, 'f1': 0.5384615384615384, 'sensitivity': 0.5, 'specificity': 0.7058823529411765}, {'accuracy': 0.6129032258064516, 'f1': 0.5384615384615384, 'sensitivity': 0.5, 'specificity': 0.7058823529411765}, {'accuracy': 0.6129032258064516, 'f1': 0.5384615384615384, 'sensitivity': 0.5, 'specificity': 0.7058823529411765}, {'accuracy': 0.6451612903225806, 'f1': 0.5925925925925926, 'sensitivity': 0.5714285714285714, 'specificity': 0.7058823529411765}, {'accuracy': 0.6129032258064516, 'f1': 0.5384615384615384, 'sensitivity': 0.5, 'specificity': 0.7058823529411765}, {'accuracy': 0.6451612903225806, 'f1': 0.5925925925925926, 'sensitivity': 0.5714285714285714, 'specificity': 0.7058823529411765}, {'accuracy': 0.6451612903225806, 'f1': 0.5925925925925926, 'sensitivity': 0.5714285714285714, 'specificity': 0.7058823529411765}, {'accuracy': 0.6451612903225806, 'f1': 0.5925925925925926, 'sensitivity': 0.5714285714285714, 'specificity': 0.7058823529411765}, {'accuracy': 0.6451612903225806, 'f1': 0.5925925925925926, 'sensitivity': 0.5714285714285714, 'specificity': 0.7058823529411765}, {'accuracy': 0.6451612903225806, 'f1': 0.5925925925925926, 'sensitivity': 0.5714285714285714, 'specificity': 0.7058823529411765}, {'accuracy': 0.6129032258064516, 'f1': 0.5384615384615384, 'sensitivity': 0.5, 'specificity': 0.7058823529411765}, {'accuracy': 0.6129032258064516, 'f1': 0.5384615384615384, 'sensitivity': 0.5, 'specificity': 0.7058823529411765}, {'accuracy': 0.6451612903225806, 'f1': 0.5925925925925926, 'sensitivity': 0.5714285714285714, 'specificity': 0.7058823529411765}, {'accuracy': 0.6451612903225806, 'f1': 0.5925925925925926, 'sensitivity': 0.5714285714285714, 'specificity': 0.7058823529411765}, {'accuracy': 0.6129032258064516, 'f1': 0.5714285714285714, 'sensitivity': 0.5714285714285714, 'specificity': 0.6470588235294118}, {'accuracy': 0.6129032258064516, 'f1': 0.5714285714285714, 'sensitivity': 0.5714285714285714, 'specificity': 0.6470588235294118}, {'accuracy': 0.6129032258064516, 'f1': 0.5714285714285714, 'sensitivity': 0.5714285714285714, 'specificity': 0.6470588235294118}, {'accuracy': 0.6129032258064516, 'f1': 0.5714285714285714, 'sensitivity': 0.5714285714285714, 'specificity': 0.6470588235294118}, {'accuracy': 0.6451612903225806, 'f1': 0.5925925925925926, 'sensitivity': 0.5714285714285714, 'specificity': 0.7058823529411765}, {'accuracy': 0.6451612903225806, 'f1': 0.5925925925925926, 'sensitivity': 0.5714285714285714, 'specificity': 0.7058823529411765}, {'accuracy': 0.6129032258064516, 'f1': 0.5714285714285714, 'sensitivity': 0.5714285714285714, 'specificity': 0.6470588235294118}, {'accuracy': 0.6129032258064516, 'f1': 0.5714285714285714, 'sensitivity': 0.5714285714285714, 'specificity': 0.6470588235294118}, {'accuracy': 0.6129032258064516, 'f1': 0.5714285714285714, 'sensitivity': 0.5714285714285714, 'specificity': 0.6470588235294118}, {'accuracy': 0.6129032258064516, 'f1': 0.5714285714285714, 'sensitivity': 0.5714285714285714, 'specificity': 0.6470588235294118}, {'accuracy': 0.5806451612903226, 'f1': 0.5185185185185185, 'sensitivity': 0.5, 'specificity': 0.6470588235294118}, {'accuracy': 0.6129032258064516, 'f1': 0.5714285714285714, 'sensitivity': 0.5714285714285714, 'specificity': 0.6470588235294118}, {'accuracy': 0.6129032258064516, 'f1': 0.5714285714285714, 'sensitivity': 0.5714285714285714, 'specificity': 0.6470588235294118}, {'accuracy': 0.5806451612903226, 'f1': 0.5185185185185185, 'sensitivity': 0.5, 'specificity': 0.6470588235294118}, {'accuracy': 0.6129032258064516, 'f1': 0.5714285714285714, 'sensitivity': 0.5714285714285714, 'specificity': 0.6470588235294118}, {'accuracy': 0.5806451612903226, 'f1': 0.5185185185185185, 'sensitivity': 0.5, 'specificity': 0.6470588235294118}, {'accuracy': 0.5806451612903226, 'f1': 0.5185185185185185, 'sensitivity': 0.5, 'specificity': 0.6470588235294118}, {'accuracy': 0.5806451612903226, 'f1': 0.5185185185185185, 'sensitivity': 0.5, 'specificity': 0.6470588235294118}, {'accuracy': 0.5806451612903226, 'f1': 0.5185185185185185, 'sensitivity': 0.5, 'specificity': 0.6470588235294118}, {'accuracy': 0.6129032258064516, 'f1': 0.5384615384615384, 'sensitivity': 0.5, 'specificity': 0.7058823529411765}, {'accuracy': 0.5806451612903226, 'f1': 0.5185185185185185, 'sensitivity': 0.5, 'specificity': 0.6470588235294118}, {'accuracy': 0.5806451612903226, 'f1': 0.5185185185185185, 'sensitivity': 0.5, 'specificity': 0.6470588235294118}]",COMPLETE
8,0.5789473684210527,2026-08-09 05:39:38.223950,2026-08-09 05:40:36.165584,0 days 00:00:57.941634,0.2,0.008533716477932937,1.217404417807552e-06,"{'overall': {'n': 31, 'accuracy': 0.4838709677419355, 'precision': 0.4583333333333333, 'recall': 0.7857142857142857, 'sensitivity': 0.7857142857142857, 'specificity': 0.23529411764705882, 'balanced_accuracy': 0.5105042016806722, 'f1': 0.5789473684210527, 'confusion_matrix': [[4, 13], [3, 11]], 'auc': 0.5756302521008404, 'roc_curve': {'fpr': [0.0, 0.058823529411764705, 0.11764705882352941, 0.11764705882352941, 0.17647058823529413, 0.17647058823529413, 0.23529411764705882, 0.23529411764705882, 0.47058823529411764, 0.47058823529411764, 0.6470588235294118, 0.6470588235294118, 0.7647058823529411, 0.7647058823529411, 0.8235294117647058, 0.8235294117647058, 1.0], 'tpr': [0.0, 0.0, 0.0, 0.14285714285714285, 0.14285714285714285, 0.35714285714285715, 0.35714285714285715, 0.5, 0.5, 0.6428571428571429, 0.6428571428571429, 0.7142857142857143, 0.7142857142857143, 0.9285714285714286, 0.9285714285714286, 1.0, 1.0]}}, 'India': {'n': 14, 'accuracy': 0.5714285714285714, 'precision': 0.6666666666666666, 'recall': 0.8, 'sensitivity': 0.8, 'specificity': 0.0, 'balanced_accuracy': 0.4, 'f1': 0.7272727272727273, 'confusion_matrix': [[0, 4], [2, 8]], 'auc': 0.575, 'roc_curve': {'fpr': [0.0, 0.0, 0.0, 0.25, 0.25, 0.75, 0.75, 1.0, 1.0], 'tpr': [0.0, 0.1, 0.4, 0.4, 0.6, 0.6, 0.7, 0.7, 1.0]}}, 'Italy': {'n': 17, 'accuracy': 0.4117647058823529, 'precision': 0.25, 'recall': 0.75, 'sensitivity': 0.75, 'specificity': 0.3076923076923077, 'balanced_accuracy': 0.5288461538461539, 'f1': 0.375, 'confusion_matrix': [[4, 9], [1, 3]], 'auc': 0.6923076923076923, 'roc_curve': {'fpr': [0.0, 0.07692307692307693, 0.15384615384615385, 0.15384615384615385, 0.23076923076923078, 0.23076923076923078, 0.6923076923076923, 0.6923076923076923, 1.0], 'tpr': [0.0, 0.0, 0.0, 0.5, 0.5, 0.75, 0.75, 1.0, 1.0]}}}",convnext_large_forniceal_palpebral_new_way,"[0.763773292911296, 0.6766138924222415, 0.6236308906354061, 0.5142450393462668, 0.4905252128231282, 0.5140486217680431, 0.5231425431715387, 0.45754086241430164, 0.4474877415060186]","[0.8087572455406189, 0.8085854649543762, 0.8491581678390503, 0.8851608633995056, 0.8801057934761047, 0.9972997307777405, 0.8790409564971924, 0.8780972361564636, 0.8795956373214722]","[{'accuracy': 0.4838709677419355, 'f1': 0.5789473684210527, 'sensitivity': 0.7857142857142857, 'specificity': 0.23529411764705882}, {'accuracy': 0.5161290322580645, 'f1': 0.5161290322580645, 'sensitivity': 0.5714285714285714, 'specificity': 0.47058823529411764}, {'accuracy': 0.5806451612903226, 'f1': 0.5185185185185185, 'sensitivity': 0.5, 'specificity': 0.6470588235294118}, {'accuracy': 0.5806451612903226, 'f1': 0.5185185185185185, 'sensitivity': 0.5, 'specificity': 0.6470588235294118}, {'accuracy': 0.5161290322580645, 'f1': 0.4827586206896552, 'sensitivity': 0.5, 'specificity': 0.5294117647058824}, {'accuracy': 0.6129032258064516, 'f1': 0.5, 'sensitivity': 0.42857142857142855, 'specificity': 0.7647058823529411}, {'accuracy': 0.5161290322580645, 'f1': 0.4827586206896552, 'sensitivity': 0.5, 'specificity': 0.5294117647058824}, {'accuracy': 0.5483870967741935, 'f1': 0.5, 'sensitivity': 0.5, 'specificity': 0.5882352941176471}, {'accuracy': 0.5806451612903226, 'f1': 0.5185185185185185, 'sensitivity': 0.5, 'specificity': 0.6470588235294118}]",COMPLETE
