number,value,datetime_start,datetime_complete,duration,params_dropout_rate,params_learning_rate,params_weight_decay,user_attrs_best_val_metrics,user_attrs_model_name,user_attrs_train_loss_history,user_attrs_val_loss_history,user_attrs_val_overall_metrics_history,state
3,0.6666666666666666,2026-08-09 05:27:14.018449,2026-08-09 05:28:54.318590,0 days 00:01:40.300141,0.5,0.03142880890840111,4.335281794951567e-06,"{'overall': {'n': 31, 'accuracy': 0.5483870967741935, 'precision': 0.5, 'recall': 1.0, 'sensitivity': 1.0, 'specificity': 0.17647058823529413, 'balanced_accuracy': 0.5882352941176471, 'f1': 0.6666666666666666, 'confusion_matrix': [[3, 14], [0, 14]], 'auc': 0.6428571428571428, 'roc_curve': {'fpr': [0.0, 0.0, 0.0, 0.23529411764705882, 0.23529411764705882, 0.35294117647058826, 0.35294117647058826, 0.5294117647058824, 0.5294117647058824, 0.5882352941176471, 0.5882352941176471, 0.6470588235294118, 0.6470588235294118, 0.7058823529411765, 0.7058823529411765, 0.7647058823529411, 0.7647058823529411, 1.0], 'tpr': [0.0, 0.07142857142857142, 0.35714285714285715, 0.35714285714285715, 0.42857142857142855, 0.42857142857142855, 0.5, 0.5, 0.6428571428571429, 0.6428571428571429, 0.7142857142857143, 0.7142857142857143, 0.8571428571428571, 0.8571428571428571, 0.9285714285714286, 0.9285714285714286, 1.0, 1.0]}}, 'India': {'n': 14, 'accuracy': 0.7142857142857143, 'precision': 0.7142857142857143, 'recall': 1.0, 'sensitivity': 1.0, 'specificity': 0.0, 'balanced_accuracy': 0.5, 'f1': 0.8333333333333334, 'confusion_matrix': [[0, 4], [0, 10]], 'auc': 0.525, 'roc_curve': {'fpr': [0.0, 0.0, 0.0, 0.25, 0.25, 0.5, 0.5, 0.75, 0.75, 1.0, 1.0], 'tpr': [0.0, 0.1, 0.3, 0.3, 0.4, 0.4, 0.5, 0.5, 0.9, 0.9, 1.0]}}, 'Italy': {'n': 17, 'accuracy': 0.4117647058823529, 'precision': 0.2857142857142857, 'recall': 1.0, 'sensitivity': 1.0, 'specificity': 0.23076923076923078, 'balanced_accuracy': 0.6153846153846154, 'f1': 0.4444444444444444, 'confusion_matrix': [[3, 10], [0, 4]], 'auc': 0.8653846153846154, 'roc_curve': {'fpr': [0.0, 0.0, 0.0, 0.5384615384615384, 0.5384615384615384, 1.0], 'tpr': [0.0, 0.25, 0.75, 0.75, 1.0, 1.0]}}}",convnext_large_forniceal_palpebral_new_way,"[0.8544369043947078, 0.9279742350383681, 1.019684261205245, 0.8810592833019438, 0.7336568645879525, 0.47900097548556164, 0.6815984528891894, 0.6661246463555057, 0.5583758992808205, 0.5075130543741239, 0.3690975798027856, 0.6211684475950643, 0.733071552652891, 0.567794030316833, 0.5149892126621843, 0.5544087596896554]","[1.3980903625488281, 1.5302668809890747, 1.470147728919983, 1.0726689100265503, 1.0533133745193481, 1.47344970703125, 1.0068745613098145, 0.9636221528053284, 0.9624326229095459, 0.9679972529411316, 1.0550308227539062, 1.0716960430145264, 1.0276378393173218, 1.04835844039917, 1.1175997257232666, 1.1969375610351562]","[{'accuracy': 0.6129032258064516, 'f1': 0.25, 'sensitivity': 0.14285714285714285, 'specificity': 1.0}, {'accuracy': 0.5483870967741935, 'f1': 0.6666666666666666, 'sensitivity': 1.0, 'specificity': 0.17647058823529413}, {'accuracy': 0.6774193548387096, 'f1': 0.5, 'sensitivity': 0.35714285714285715, 'specificity': 0.9411764705882353}, {'accuracy': 0.5483870967741935, 'f1': 0.5333333333333333, 'sensitivity': 0.5714285714285714, 'specificity': 0.5294117647058824}, {'accuracy': 0.5806451612903226, 'f1': 0.5806451612903226, 'sensitivity': 0.6428571428571429, 'specificity': 0.5294117647058824}, {'accuracy': 0.6451612903225806, 'f1': 0.42105263157894735, 'sensitivity': 0.2857142857142857, 'specificity': 0.9411764705882353}, {'accuracy': 0.5806451612903226, 'f1': 0.6060606060606061, 'sensitivity': 0.7142857142857143, 'specificity': 0.47058823529411764}, {'accuracy': 0.6129032258064516, 'f1': 0.5714285714285714, 'sensitivity': 0.5714285714285714, 'specificity': 0.6470588235294118}, {'accuracy': 0.6451612903225806, 'f1': 0.5925925925925926, 'sensitivity': 0.5714285714285714, 'specificity': 0.7058823529411765}, {'accuracy': 0.5483870967741935, 'f1': 0.5625, 'sensitivity': 0.6428571428571429, 'specificity': 0.47058823529411764}, {'accuracy': 0.6451612903225806, 'f1': 0.56, 'sensitivity': 0.5, 'specificity': 0.7647058823529411}, {'accuracy': 0.5806451612903226, 'f1': 0.6060606060606061, 'sensitivity': 0.7142857142857143, 'specificity': 0.47058823529411764}, {'accuracy': 0.5806451612903226, 'f1': 0.5185185185185185, 'sensitivity': 0.5, 'specificity': 0.6470588235294118}, {'accuracy': 0.6129032258064516, 'f1': 0.5714285714285714, 'sensitivity': 0.5714285714285714, 'specificity': 0.6470588235294118}, {'accuracy': 0.5483870967741935, 'f1': 0.5625, 'sensitivity': 0.6428571428571429, 'specificity': 0.47058823529411764}, {'accuracy': 0.6451612903225806, 'f1': 0.56, 'sensitivity': 0.5, 'specificity': 0.7647058823529411}]",COMPLETE
4,0.5454545454545454,2026-08-09 05:28:54.319010,2026-08-09 05:30:16.550706,0 days 00:01:22.231696,0.2,0.0008179499475211679,3.752055855124284e-05,"{'overall': {'n': 31, 'accuracy': 0.5161290322580645, 'precision': 0.47368421052631576, 'recall': 0.6428571428571429, 'sensitivity': 0.6428571428571429, 'specificity': 0.4117647058823529, 'balanced_accuracy': 0.5273109243697479, 'f1': 0.5454545454545454, 'confusion_matrix': [[7, 10], [5, 9]], 'auc': 0.6218487394957983, 'roc_curve': {'fpr': [0.0, 0.0, 0.0, 0.058823529411764705, 0.058823529411764705, 0.29411764705882354, 0.29411764705882354, 0.47058823529411764, 0.47058823529411764, 0.5294117647058824, 0.5294117647058824, 0.5882352941176471, 0.5882352941176471, 0.6470588235294118, 0.6470588235294118, 0.7058823529411765, 0.7058823529411765, 0.8235294117647058, 0.8235294117647058, 1.0], 'tpr': [0.0, 0.07142857142857142, 0.21428571428571427, 0.21428571428571427, 0.35714285714285715, 0.35714285714285715, 0.5, 0.5, 0.5714285714285714, 0.5714285714285714, 0.6428571428571429, 0.6428571428571429, 0.7142857142857143, 0.7142857142857143, 0.7857142857142857, 0.7857142857142857, 0.8571428571428571, 0.8571428571428571, 1.0, 1.0]}}, 'India': {'n': 14, 'accuracy': 0.42857142857142855, 'precision': 0.625, 'recall': 0.5, 'sensitivity': 0.5, 'specificity': 0.25, 'balanced_accuracy': 0.375, 'f1': 0.5555555555555556, 'confusion_matrix': [[1, 3], [5, 5]], 'auc': 0.55, 'roc_curve': {'fpr': [0.0, 0.0, 0.0, 0.25, 0.25, 0.75, 0.75, 1.0], 'tpr': [0.0, 0.1, 0.2, 0.2, 0.5, 0.5, 1.0, 1.0]}}, 'Italy': {'n': 17, 'accuracy': 0.5882352941176471, 'precision': 0.36363636363636365, 'recall': 1.0, 'sensitivity': 1.0, 'specificity': 0.46153846153846156, 'balanced_accuracy': 0.7307692307692308, 'f1': 0.5333333333333333, 'confusion_matrix': [[6, 7], [0, 4]], 'auc': 0.8653846153846154, 'roc_curve': {'fpr': [0.0, 0.0, 0.0, 0.5384615384615384, 0.5384615384615384, 1.0], 'tpr': [0.0, 0.25, 0.75, 0.75, 1.0, 1.0]}}}",convnext_large_forniceal_palpebral_new_way,"[0.7958079268332241, 0.7797876142320179, 0.7595415638417614, 0.7358799236161369, 0.7252029618438409, 0.6954024085382216, 0.6903620727208196, 0.6697741978022517, 0.668511882525723, 0.6418988485725559, 0.6471604299383099, 0.638678390963548, 0.6164998266161704]","[0.8000412583351135, 0.7898481488227844, 0.78591388463974, 0.7812370657920837, 0.7785134315490723, 0.7770780324935913, 0.777284562587738, 0.7781181335449219, 0.7817085385322571, 0.7799491882324219, 0.7812181115150452, 0.7787961959838867, 0.7811309099197388]","[{'accuracy': 0.6451612903225806, 'f1': 0.5217391304347826, 'sensitivity': 0.42857142857142855, 'specificity': 0.8235294117647058}, {'accuracy': 0.5161290322580645, 'f1': 0.5454545454545454, 'sensitivity': 0.6428571428571429, 'specificity': 0.4117647058823529}, {'accuracy': 0.5483870967741935, 'f1': 0.5333333333333333, 'sensitivity': 0.5714285714285714, 'specificity': 0.5294117647058824}, {'accuracy': 0.5161290322580645, 'f1': 0.5161290322580645, 'sensitivity': 0.5714285714285714, 'specificity': 0.47058823529411764}, {'accuracy': 0.5483870967741935, 'f1': 0.5333333333333333, 'sensitivity': 0.5714285714285714, 'specificity': 0.5294117647058824}, {'accuracy': 0.5483870967741935, 'f1': 0.5333333333333333, 'sensitivity': 0.5714285714285714, 'specificity': 0.5294117647058824}, {'accuracy': 0.5483870967741935, 'f1': 0.5333333333333333, 'sensitivity': 0.5714285714285714, 'specificity': 0.5294117647058824}, {'accuracy': 0.5483870967741935, 'f1': 0.5333333333333333, 'sensitivity': 0.5714285714285714, 'specificity': 0.5294117647058824}, {'accuracy': 0.5806451612903226, 'f1': 0.5185185185185185, 'sensitivity': 0.5, 'specificity': 0.6470588235294118}, {'accuracy': 0.5483870967741935, 'f1': 0.5333333333333333, 'sensitivity': 0.5714285714285714, 'specificity': 0.5294117647058824}, {'accuracy': 0.5483870967741935, 'f1': 0.5333333333333333, 'sensitivity': 0.5714285714285714, 'specificity': 0.5294117647058824}, {'accuracy': 0.5161290322580645, 'f1': 0.5161290322580645, 'sensitivity': 0.5714285714285714, 'specificity': 0.47058823529411764}, {'accuracy': 0.5161290322580645, 'f1': 0.5161290322580645, 'sensitivity': 0.5714285714285714, 'specificity': 0.47058823529411764}]",COMPLETE
5,0.6470588235294118,2026-08-09 05:30:16.551179,2026-08-09 05:31:08.590766,0 days 00:00:52.039587,0.2,0.07154800196121129,0.0005104598996197309,"{'overall': {'n': 31, 'accuracy': 0.6129032258064516, 'precision': 0.55, 'recall': 0.7857142857142857, 'sensitivity': 0.7857142857142857, 'specificity': 0.47058823529411764, 'balanced_accuracy': 0.6281512605042017, 'f1': 0.6470588235294118, 'confusion_matrix': [[8, 9], [3, 11]], 'auc': 0.6890756302521008, 'roc_curve': {'fpr': [0.0, 0.0, 0.0, 0.058823529411764705, 0.058823529411764705, 0.23529411764705882, 0.23529411764705882, 0.47058823529411764, 0.47058823529411764, 0.5294117647058824, 0.5294117647058824, 0.5882352941176471, 0.5882352941176471, 0.7647058823529411, 0.7647058823529411, 1.0], 'tpr': [0.0, 0.07142857142857142, 0.2857142857142857, 0.2857142857142857, 0.42857142857142855, 0.42857142857142855, 0.5, 0.5, 0.5714285714285714, 0.5714285714285714, 0.7857142857142857, 0.7857142857142857, 0.9285714285714286, 0.9285714285714286, 1.0, 1.0]}}, 'India': {'n': 14, 'accuracy': 0.5714285714285714, 'precision': 0.7, 'recall': 0.7, 'sensitivity': 0.7, 'specificity': 0.25, 'balanced_accuracy': 0.475, 'f1': 0.7, 'confusion_matrix': [[1, 3], [3, 7]], 'auc': 0.45, 'roc_curve': {'fpr': [0.0, 0.0, 0.0, 0.25, 0.25, 0.75, 0.75, 1.0, 1.0], 'tpr': [0.0, 0.1, 0.3, 0.3, 0.4, 0.4, 0.7, 0.7, 1.0]}}, 'Italy': {'n': 17, 'accuracy': 0.6470588235294118, 'precision': 0.4, 'recall': 1.0, 'sensitivity': 1.0, 'specificity': 0.5384615384615384, 'balanced_accuracy': 0.7692307692307692, 'f1': 0.5714285714285714, 'confusion_matrix': [[7, 6], [0, 4]], 'auc': 0.8653846153846154, 'roc_curve': {'fpr': [0.0, 0.0, 0.0, 0.07692307692307693, 0.07692307692307693, 0.46153846153846156, 0.46153846153846156, 1.0], 'tpr': [0.0, 0.25, 0.5, 0.5, 0.75, 0.75, 1.0, 1.0]}}}",convnext_large_forniceal_palpebral_new_way,"[1.9243737966024956, 0.915987364288901, 1.2926365668270863, 0.8393480571962538, 0.7232991980046642, 0.7672546161275332, 0.7782894640552754, 0.6570150033146346]","[1.0690524578094482, 2.9095098972320557, 1.5078359842300415, 1.7347568273544312, 1.5010926723480225, 1.3897870779037476, 1.2805774211883545, 1.4344890117645264]","[{'accuracy': 0.5483870967741935, 'f1': 0.5333333333333333, 'sensitivity': 0.5714285714285714, 'specificity': 0.5294117647058824}, {'accuracy': 0.6129032258064516, 'f1': 0.25, 'sensitivity': 0.14285714285714285, 'specificity': 1.0}, {'accuracy': 0.6129032258064516, 'f1': 0.6470588235294118, 'sensitivity': 0.7857142857142857, 'specificity': 0.47058823529411764}, {'accuracy': 0.5806451612903226, 'f1': 0.48, 'sensitivity': 0.42857142857142855, 'specificity': 0.7058823529411765}, {'accuracy': 0.5806451612903226, 'f1': 0.6285714285714286, 'sensitivity': 0.7857142857142857, 'specificity': 0.4117647058823529}, {'accuracy': 0.6451612903225806, 'f1': 0.56, 'sensitivity': 0.5, 'specificity': 0.7647058823529411}, {'accuracy': 0.6129032258064516, 'f1': 0.625, 'sensitivity': 0.7142857142857143, 'specificity': 0.5294117647058824}, {'accuracy': 0.5806451612903226, 'f1': 0.48, 'sensitivity': 0.42857142857142855, 'specificity': 0.7058823529411765}]",COMPLETE
6,0.5925925925925926,2026-08-09 05:31:08.591183,2026-08-09 05:32:18.437825,0 days 00:01:09.846642,0.2,0.002691422871453577,0.0008513157404824219,"{'overall': {'n': 31, 'accuracy': 0.6451612903225806, 'precision': 0.6153846153846154, 'recall': 0.5714285714285714, 'sensitivity': 0.5714285714285714, 'specificity': 0.7058823529411765, 'balanced_accuracy': 0.6386554621848739, 'f1': 0.5925925925925926, 'confusion_matrix': [[12, 5], [6, 8]], 'auc': 0.634453781512605, 'roc_curve': {'fpr': [0.0, 0.058823529411764705, 0.058823529411764705, 0.17647058823529413, 0.17647058823529413, 0.29411764705882354, 0.29411764705882354, 0.5294117647058824, 0.5294117647058824, 0.5882352941176471, 0.5882352941176471, 0.6470588235294118, 0.6470588235294118, 1.0], 'tpr': [0.0, 0.0, 0.21428571428571427, 0.21428571428571427, 0.2857142857142857, 0.2857142857142857, 0.5714285714285714, 0.5714285714285714, 0.6428571428571429, 0.6428571428571429, 0.8571428571428571, 0.8571428571428571, 1.0, 1.0]}}, 'India': {'n': 14, 'accuracy': 0.6428571428571429, 'precision': 1.0, 'recall': 0.5, 'sensitivity': 0.5, 'specificity': 1.0, 'balanced_accuracy': 0.75, 'f1': 0.6666666666666666, 'confusion_matrix': [[4, 0], [5, 5]], 'auc': 0.625, 'roc_curve': {'fpr': [0.0, 0.0, 0.0, 0.75, 0.75, 1.0], 'tpr': [0.0, 0.1, 0.5, 0.5, 1.0, 1.0]}}, 'Italy': {'n': 17, 'accuracy': 0.6470588235294118, 'precision': 0.375, 'recall': 0.75, 'sensitivity': 0.75, 'specificity': 0.6153846153846154, 'balanced_accuracy': 0.6826923076923077, 'f1': 0.5, 'confusion_matrix': [[8, 5], [1, 3]], 'auc': 0.6923076923076923, 'roc_curve': {'fpr': [0.0, 0.07692307692307693, 0.07692307692307693, 0.23076923076923078, 0.23076923076923078, 0.38461538461538464, 0.38461538461538464, 0.5384615384615384, 0.5384615384615384, 1.0], 'tpr': [0.0, 0.0, 0.25, 0.25, 0.5, 0.5, 0.75, 0.75, 1.0, 1.0]}}}",convnext_large_forniceal_palpebral_new_way,"[0.8027912203957435, 0.730225493713301, 0.6922667472540927, 0.6699303603496681, 0.6381858554827112, 0.6031095811298915, 0.5873285296822892, 0.5744976360781663, 0.5561137250086077, 0.542501800927986, 0.538017661798568]","[0.7792906761169434, 0.7834656834602356, 0.7826482653617859, 0.7743257880210876, 0.7886118292808533, 0.799692690372467, 0.7905107140541077, 0.7885092496871948, 0.8000249266624451, 0.8025298118591309, 0.7900349497795105]","[{'accuracy': 0.5483870967741935, 'f1': 0.5625, 'sensitivity': 0.6428571428571429, 'specificity': 0.47058823529411764}, {'accuracy': 0.6451612903225806, 'f1': 0.5925925925925926, 'sensitivity': 0.5714285714285714, 'specificity': 0.7058823529411765}, {'accuracy': 0.6451612903225806, 'f1': 0.5925925925925926, 'sensitivity': 0.5714285714285714, 'specificity': 0.7058823529411765}, {'accuracy': 0.5483870967741935, 'f1': 0.5333333333333333, 'sensitivity': 0.5714285714285714, 'specificity': 0.5294117647058824}, {'accuracy': 0.6451612903225806, 'f1': 0.5925925925925926, 'sensitivity': 0.5714285714285714, 'specificity': 0.7058823529411765}, {'accuracy': 0.6129032258064516, 'f1': 0.5384615384615384, 'sensitivity': 0.5, 'specificity': 0.7058823529411765}, {'accuracy': 0.5806451612903226, 'f1': 0.5517241379310345, 'sensitivity': 0.5714285714285714, 'specificity': 0.5882352941176471}, {'accuracy': 0.5806451612903226, 'f1': 0.5517241379310345, 'sensitivity': 0.5714285714285714, 'specificity': 0.5882352941176471}, {'accuracy': 0.6129032258064516, 'f1': 0.5384615384615384, 'sensitivity': 0.5, 'specificity': 0.7058823529411765}, {'accuracy': 0.5806451612903226, 'f1': 0.5185185185185185, 'sensitivity': 0.5, 'specificity': 0.6470588235294118}, {'accuracy': 0.5806451612903226, 'f1': 0.5185185185185185, 'sensitivity': 0.5, 'specificity': 0.6470588235294118}]",COMPLETE
