number,value,datetime_start,datetime_complete,duration,params_dropout_rate,params_learning_rate,params_weight_decay,user_attrs_best_val_metrics,user_attrs_model_name,user_attrs_train_loss_history,user_attrs_val_loss_history,user_attrs_val_overall_metrics_history,state
8,0.896551724137931,2026-08-09 04:17:26.361002,2026-08-09 04:43:29.274488,0 days 00:26:02.913486,0.2,0.00010887633888418058,1.708059714518454e-05,"{'overall': {'n': 33, 'accuracy': 0.9090909090909091, 'precision': 0.8666666666666667, 'recall': 0.9285714285714286, 'sensitivity': 0.9285714285714286, 'specificity': 0.8947368421052632, 'balanced_accuracy': 0.9116541353383458, 'f1': 0.896551724137931, 'confusion_matrix': [[17, 2], [1, 13]], 'auc': 0.9511278195488723, 'roc_curve': {'fpr': [0.0, 0.0, 0.0, 0.05263157894736842, 0.05263157894736842, 0.10526315789473684, 0.10526315789473684, 0.2631578947368421, 0.2631578947368421, 1.0], 'tpr': [0.0, 0.07142857142857142, 0.42857142857142855, 0.42857142857142855, 0.8571428571428571, 0.8571428571428571, 0.9285714285714286, 0.9285714285714286, 1.0, 1.0]}}, 'India': {'n': 14, 'accuracy': 0.9285714285714286, 'precision': 1.0, 'recall': 0.9, 'sensitivity': 0.9, 'specificity': 1.0, 'balanced_accuracy': 0.95, 'f1': 0.9473684210526315, 'confusion_matrix': [[4, 0], [1, 9]], 'auc': 0.925, 'roc_curve': {'fpr': [0.0, 0.0, 0.0, 0.75, 0.75, 1.0], 'tpr': [0.0, 0.1, 0.9, 0.9, 1.0, 1.0]}}, 'Italy': {'n': 19, 'accuracy': 0.8947368421052632, 'precision': 0.6666666666666666, 'recall': 1.0, 'sensitivity': 1.0, 'specificity': 0.8666666666666667, 'balanced_accuracy': 0.9333333333333333, 'f1': 0.8, 'confusion_matrix': [[13, 2], [0, 4]], 'auc': 0.9166666666666667, 'roc_curve': {'fpr': [0.0, 0.06666666666666667, 0.06666666666666667, 0.13333333333333333, 0.13333333333333333, 1.0], 'tpr': [0.0, 0.0, 0.75, 0.75, 1.0, 1.0]}}}",convnext_large_palpebral_new_way,"[0.7959094501489046, 0.7895340220817667, 0.7848513256635098, 0.7773531967440978, 0.7718539234028746, 0.7804782982693602, 0.7659055235370106, 0.7585914944181379, 0.756951669194051, 0.7584736477460293, 0.7563856808555047, 0.7498822780634393, 0.7515956708137562, 0.7450164272295718, 0.7437143152123256, 0.7436694080466466, 0.7307513845677407, 0.7302358639950783, 0.7316649256163086, 0.7101534522132368, 0.7154131361980312, 0.7147451907593683, 0.7205735697651541, 0.7162176374568056, 0.7074528166789882, 0.7073412178367968, 0.6998692979875779, 0.7117390028688292, 0.6977512181199939, 0.6882194797724288, 0.698632134507034, 0.6962402214277659, 0.6912124899049469, 0.6959381040358386, 0.6708024519168778, 0.6963225149160979, 0.6844077078711908, 0.6648937041396337, 0.675039074673558, 0.680181684872962, 0.6719654151145985, 0.6633360804311487, 0.6647719638237101, 0.6654406024130765, 0.6549161360753293, 0.6712904777747906, 0.6601370288836246, 0.6692016278671113, 0.6628198947338079, 0.6611181544941782, 0.6449794978495466, 0.6455348556404872, 0.6534038557122085, 0.6509716214723145, 0.666154520401102, 0.6403474527479007, 0.6524744531176737, 0.640802995653342, 0.6308824633130964, 0.6447633374605747, 0.6502463347864467, 0.6358918109476961, 0.6124942839540393, 0.6367396459674204, 0.6149016409520282, 0.6213090678319236, 0.6247591940772454, 0.628023463763938, 0.6370244555125962, 0.6328891164419667, 0.6131922586864194, 0.6392488973030191, 0.6214031675793478, 0.6041906022078154, 0.6061161093364488, 0.6144610592071583, 0.6415596410928183, 0.6004283542664636, 0.6077566506057386, 0.5892967625169565, 0.6224173358734081, 0.601178288065045, 0.5879892272665012, 0.6006433770356588, 0.5960593819618225, 0.6060330323036144, 0.5875807736093634, 0.6105461756125191, 0.5850622527646703, 0.602786781772083, 0.6167732619291899, 0.598487575322587, 0.5993440439369505, 0.585974050673428, 0.6020317894733505, 0.598849016309574, 0.5813774955983193, 0.590496296914208, 0.5892991510448077, 0.5958031232388604, 0.5936336635753808, 0.5830609577381058, 0.5865007232356545, 0.5827585987697373, 0.5824592306913919, 0.5788825616141818, 0.5819365619034167, 0.5880822191964712, 0.5563373695935635, 0.5919656631172887, 0.583389401435852, 0.5894604408188372, 0.5674715717107255, 0.5764767346003198, 0.5694431682296147, 0.5746919041043086, 0.5695094020161408, 0.572485263773937, 0.5591340771574058, 0.568605171528873, 0.568594663348419, 0.5891346607776667, 0.5720483119914074, 0.5584089657328776, 0.5582988396385647, 0.5473113312626516, 0.5686777948543725, 0.5498535392300182, 0.5532893941102438, 0.5611464862791907, 0.5671875780781374, 0.5897367142683623, 0.5810061341879383, 0.5732447279999587, 0.5575695704940139, 0.5643764659268966, 0.5436586437635864, 0.5606143194318607, 0.5536868248554255, 0.5463981446840905, 0.5580725460652484, 0.5681729332500736, 0.5460661456284933, 0.5627763816062977, 0.5719326849015344, 0.5340132969894157, 0.5475444904226341, 0.5567784273861259, 0.5585925097497094, 0.5467994560469065, 0.562483887404006, 0.5420645199074651, 0.5606460243660882, 0.5574721338733143, 0.5526191240904347, 0.5479358505729018, 0.5446651435845735, 0.5477818909859815, 0.5520517072140776, 0.5533238627657985, 0.5370423572742387, 0.5220066983968217, 0.5724167590899183, 0.5588739147249436, 0.549236065109834, 0.5473689054021772, 0.5474982601127877, 0.5181874301259881, 0.5415322567453448, 0.5317927000933136, 0.5355623767075949, 0.5425514369610919, 0.5377474776561687, 0.5243502669776512, 0.5383771503997954, 0.530163582981817, 0.5364769261009645, 0.5341668701329768, 0.5604311148851913, 0.5247655885898515, 0.5150979998095936, 0.5253158438679398, 0.509795729292939, 0.5417285972083641, 0.5183150691307143, 0.5328372418880463, 0.5206098244679684, 0.5350726499462759, 0.5437853180414793, 0.5455437310484071, 0.5351071120887403, 0.550742103169296, 0.5075586102656181, 0.5461700973131799, 0.5310916008538757, 0.5421777529432285, 0.5330249757956196, 0.5618207707310354, 0.5413302834460277, 0.5292231010285434, 0.5152406238562224, 0.5201810758240175, 0.5211409555365708, 0.5340648261916559, 0.49600753799969, 0.5321304024450036, 0.5374555244351065, 0.49740570546775464, 0.5177231109300197, 0.5300631381028535, 0.5175472320310327, 0.4997956713303825, 0.5325919764720841, 0.5023810985862025, 0.523221581582202, 0.4995802717887803, 0.5203199694488222, 0.49657686340887813, 0.5219935421517353, 0.5118336042031547, 0.5329134282686853, 0.5064098428416726, 0.5087234685752565, 0.5132874025414321, 0.5371377740474726, 0.5270400757821191, 0.509060305870132, 0.5383657643337123, 0.5126500267856169, 0.4943343550953644, 0.5232372467486274, 0.5246647418729516, 0.5042306326872465, 0.5255845062780065, 0.5204207478769568, 0.5209558424570703, 0.4878638120281775, 0.5198445637889256, 0.5257691898882784, 0.49114606948877804, 0.5110789217696284, 0.510313344712289, 0.5075771544153327, 0.5013506594083167, 0.5043690255935619, 0.506327149489068, 0.5279895572472881, 0.5116444982045534, 0.5227255098867101, 0.5139511989441928]","[0.7888641104553685, 0.7824104645035483, 0.7763300754807212, 0.7699519955750668, 0.7638171134573041, 0.7580033829717925, 0.7523921565576033, 0.7466708060466882, 0.7411621790943723, 0.7359489635987715, 0.7310967337001454, 0.725880767359878, 0.7208976908163591, 0.7161480441237941, 0.7113568457690153, 0.7067479418985771, 0.7023236390316125, 0.697866981679743, 0.69328942082145, 0.6890136834346887, 0.6845936630711411, 0.6803526462930621, 0.6764667684381659, 0.672562200011629, 0.668769095883225, 0.6648068464163578, 0.6608971574089744, 0.6572557760007454, 0.65359171592828, 0.6498138841354486, 0.6460400368228103, 0.642569486842011, 0.6391712300705187, 0.6358943021658695, 0.6325731990915356, 0.6293812050963893, 0.6261029803391659, 0.622892925233552, 0.6197791045362299, 0.6168901035279939, 0.6139915603579897, 0.6110389828681946, 0.6081923950802196, 0.6052822922215317, 0.6023916132522352, 0.5997103235938332, 0.5971930785612627, 0.5947388410568237, 0.5922122380950234, 0.589727445082231, 0.5873585632353118, 0.5849049542889451, 0.5825130271189141, 0.5803812850605358, 0.5782808607274835, 0.5762044227484501, 0.5740626219547156, 0.571968056938865, 0.5698084343563427, 0.5676622065630826, 0.5655963926604299, 0.563585492697629, 0.5614240530765418, 0.5592990066065933, 0.5572573921897195, 0.5552778496886744, 0.5533499573216294, 0.5514949018304999, 0.5496743989713264, 0.5479526014039011, 0.5462669387008204, 0.5445272525151571, 0.5428023573124048, 0.5410980690609325, 0.5391502976417542, 0.5372415997765281, 0.535644505963181, 0.5339650656237747, 0.5324574492194436, 0.5307839548949039, 0.5292698253284801, 0.5278777769117644, 0.5262392289710768, 0.5246019507899429, 0.5231083487019395, 0.5215758229746963, 0.5200720700350675, 0.5187775366234056, 0.5173558574734312, 0.5159910989530159, 0.5146768562721483, 0.5135034178242539, 0.5121919783678922, 0.5110234491752855, 0.5096717386534719, 0.5085163116455078, 0.5074239535765215, 0.50611053091107, 0.5048711661136511, 0.5037449887304595, 0.50261123975118, 0.5014966545682965, 0.5005263595870046, 0.4996145457932443, 0.49872227148576215, 0.4976962985414447, 0.49668430920803186, 0.49581021973581024, 0.4947794025594538, 0.4937851103869351, 0.492814201297182, 0.49195226033528644, 0.4912082318103675, 0.4903651981642752, 0.48935836372953473, 0.48843971165743744, 0.4875142899426547, 0.48645129348292493, 0.48548390648581763, 0.4844655015251853, 0.48360738971016626, 0.4830294666868268, 0.4827402613379739, 0.48201081608280993, 0.48119829640243994, 0.4803776741027832, 0.4795363960844098, 0.4787624893766461, 0.4778973333763354, 0.4771341555046313, 0.47645272269393457, 0.4757537805672848, 0.4751442815318252, 0.47458772587053705, 0.474009141777501, 0.4735524690512455, 0.47285406878500275, 0.4721933531038689, 0.47145358721415204, 0.47090547012560297, 0.4702557686603431, 0.4696245374101581, 0.46887977917989093, 0.468198147687045, 0.4675622925613866, 0.4668340971975615, 0.4661401835354892, 0.46544494412162085, 0.4649266979911111, 0.46435563130812213, 0.46376696499911224, 0.4632181904532693, 0.46260648785215436, 0.46222653172232886, 0.4615972728440256, 0.4610584613048669, 0.46069641546769574, 0.46036871635552606, 0.4601978822187944, 0.459766275954969, 0.4592392119494351, 0.4586342970530192, 0.45824186007181805, 0.4578023173592307, 0.4572526649995284, 0.45669993487271393, 0.45603341044801654, 0.4553124796260487, 0.45477439417983545, 0.45436382654941443, 0.4538061402060769, 0.45328643827727344, 0.4528144453511094, 0.45225645556594385, 0.4518511548186793, 0.45144431880026153, 0.4509882457328565, 0.4505868644425363, 0.45028029066143616, 0.44998408447612415, 0.4496529499689738, 0.44944441679752234, 0.4490558992732655, 0.448590155803796, 0.44807742581223, 0.4478341377142704, 0.44730496045314905, 0.4467737999829379, 0.4464654200004809, 0.4463083129940611, 0.44600102756962634, 0.4456333499966246, 0.44548501751639624, 0.44530178200114856, 0.4449311675447406, 0.4447222659082124, 0.4443860379132358, 0.4440280560291175, 0.4438053405646122, 0.44344890117645264, 0.44313429702412, 0.4429653449492021, 0.4424177516590465, 0.442181590831641, 0.44178186040936096, 0.44124123905644275, 0.44074058893955115, 0.44013913111253217, 0.43953064716223517, 0.439035820238518, 0.4387959458611228, 0.43829861915472784, 0.4380827889297948, 0.43790774634390167, 0.4375760302399144, 0.4373344760952574, 0.43700656023892487, 0.43676978891546075, 0.43658264478047687, 0.43630067146185675, 0.4360415032415679, 0.4359170234564579, 0.43576818162744696, 0.43564923965569696, 0.435466979489182, 0.43540011752735486, 0.43519528345628217, 0.43490978082021076, 0.434620889750394, 0.43438352599288477, 0.4342097116239143, 0.4342508388288093, 0.4338359543771455, 0.4336782152002508, 0.433539376114354, 0.43314358682343457, 0.43302987561081396, 0.4330024646990227, 0.4327359344020034, 0.432778076692061, 0.4327460057807691, 0.4327601663994067, 0.4328015934337269, 0.43264473568309436, 0.4324567101218484, 0.43201549847920734, 0.4317563808325565, 0.4314007975838401, 0.43138253327571985, 0.4315137429670854]","[{'accuracy': 0.6666666666666666, 'f1': 0.717948717948718, 'sensitivity': 1.0, 'specificity': 0.42105263157894735}, {'accuracy': 0.7272727272727273, 'f1': 0.7567567567567568, 'sensitivity': 1.0, 'specificity': 0.5263157894736842}, {'accuracy': 0.7878787878787878, 'f1': 0.7878787878787878, 'sensitivity': 0.9285714285714286, 'specificity': 0.6842105263157895}, {'accuracy': 0.7878787878787878, 'f1': 0.7878787878787878, 'sensitivity': 0.9285714285714286, 'specificity': 0.6842105263157895}, {'accuracy': 0.8181818181818182, 'f1': 0.8125, 'sensitivity': 0.9285714285714286, 'specificity': 0.7368421052631579}, {'accuracy': 0.8787878787878788, 'f1': 0.8666666666666667, 'sensitivity': 0.9285714285714286, 'specificity': 0.8421052631578947}, {'accuracy': 0.8787878787878788, 'f1': 0.8666666666666667, 'sensitivity': 0.9285714285714286, 'specificity': 0.8421052631578947}, {'accuracy': 0.8787878787878788, 'f1': 0.8666666666666667, 'sensitivity': 0.9285714285714286, 'specificity': 0.8421052631578947}, {'accuracy': 0.8787878787878788, 'f1': 0.8666666666666667, 'sensitivity': 0.9285714285714286, 'specificity': 0.8421052631578947}, {'accuracy': 0.9090909090909091, 'f1': 0.896551724137931, 'sensitivity': 0.9285714285714286, 'specificity': 0.8947368421052632}, {'accuracy': 0.9090909090909091, 'f1': 0.8888888888888888, 'sensitivity': 0.8571428571428571, 'specificity': 0.9473684210526315}, {'accuracy': 0.9090909090909091, 'f1': 0.896551724137931, 'sensitivity': 0.9285714285714286, 'specificity': 0.8947368421052632}, {'accuracy': 0.9090909090909091, 'f1': 0.896551724137931, 'sensitivity': 0.9285714285714286, 'specificity': 0.8947368421052632}, {'accuracy': 0.9090909090909091, 'f1': 0.8888888888888888, 'sensitivity': 0.8571428571428571, 'specificity': 0.9473684210526315}, {'accuracy': 0.9090909090909091, 'f1': 0.896551724137931, 'sensitivity': 0.9285714285714286, 'specificity': 0.8947368421052632}, {'accuracy': 0.8787878787878788, 'f1': 0.8666666666666667, 'sensitivity': 0.9285714285714286, 'specificity': 0.8421052631578947}, {'accuracy': 0.9090909090909091, 'f1': 0.896551724137931, 'sensitivity': 0.9285714285714286, 'specificity': 0.8947368421052632}, {'accuracy': 0.9090909090909091, 'f1': 0.896551724137931, 'sensitivity': 0.9285714285714286, 'specificity': 0.8947368421052632}, {'accuracy': 0.9090909090909091, 'f1': 0.896551724137931, 'sensitivity': 0.9285714285714286, 'specificity': 0.8947368421052632}, {'accuracy': 0.9090909090909091, 'f1': 0.896551724137931, 'sensitivity': 0.9285714285714286, 'specificity': 0.8947368421052632}, {'accuracy': 0.8787878787878788, 'f1': 0.8666666666666667, 'sensitivity': 0.9285714285714286, 'specificity': 0.8421052631578947}, {'accuracy': 0.8484848484848485, 'f1': 0.8387096774193549, 'sensitivity': 0.9285714285714286, 'specificity': 0.7894736842105263}, {'accuracy': 0.9090909090909091, 'f1': 0.896551724137931, 'sensitivity': 0.9285714285714286, 'specificity': 0.8947368421052632}, {'accuracy': 0.9090909090909091, 'f1': 0.896551724137931, 'sensitivity': 0.9285714285714286, 'specificity': 0.8947368421052632}, {'accuracy': 0.9090909090909091, 'f1': 0.896551724137931, 'sensitivity': 0.9285714285714286, 'specificity': 0.8947368421052632}, {'accuracy': 0.9090909090909091, 'f1': 0.896551724137931, 'sensitivity': 0.9285714285714286, 'specificity': 0.8947368421052632}, {'accuracy': 0.9090909090909091, 'f1': 0.896551724137931, 'sensitivity': 0.9285714285714286, 'specificity': 0.8947368421052632}, {'accuracy': 0.9090909090909091, 'f1': 0.896551724137931, 'sensitivity': 0.9285714285714286, 'specificity': 0.8947368421052632}, {'accuracy': 0.9090909090909091, 'f1': 0.896551724137931, 'sensitivity': 0.9285714285714286, 'specificity': 0.8947368421052632}, {'accuracy': 0.9090909090909091, 'f1': 0.896551724137931, 'sensitivity': 0.9285714285714286, 'specificity': 0.8947368421052632}, {'accuracy': 0.9090909090909091, 'f1': 0.896551724137931, 'sensitivity': 0.9285714285714286, 'specificity': 0.8947368421052632}, {'accuracy': 0.9090909090909091, 'f1': 0.896551724137931, 'sensitivity': 0.9285714285714286, 'specificity': 0.8947368421052632}, {'accuracy': 0.9090909090909091, 'f1': 0.896551724137931, 'sensitivity': 0.9285714285714286, 'specificity': 0.8947368421052632}, {'accuracy': 0.9090909090909091, 'f1': 0.896551724137931, 'sensitivity': 0.9285714285714286, 'specificity': 0.8947368421052632}, {'accuracy': 0.9090909090909091, 'f1': 0.896551724137931, 'sensitivity': 0.9285714285714286, 'specificity': 0.8947368421052632}, {'accuracy': 0.9090909090909091, 'f1': 0.896551724137931, 'sensitivity': 0.9285714285714286, 'specificity': 0.8947368421052632}, {'accuracy': 0.9090909090909091, 'f1': 0.896551724137931, 'sensitivity': 0.9285714285714286, 'specificity': 0.8947368421052632}, {'accuracy': 0.9090909090909091, 'f1': 0.896551724137931, 'sensitivity': 0.9285714285714286, 'specificity': 0.8947368421052632}, {'accuracy': 0.9090909090909091, 'f1': 0.896551724137931, 'sensitivity': 0.9285714285714286, 'specificity': 0.8947368421052632}, {'accuracy': 0.9090909090909091, 'f1': 0.896551724137931, 'sensitivity': 0.9285714285714286, 'specificity': 0.8947368421052632}, {'accuracy': 0.9090909090909091, 'f1': 0.896551724137931, 'sensitivity': 0.9285714285714286, 'specificity': 0.8947368421052632}, {'accuracy': 0.9090909090909091, 'f1': 0.896551724137931, 'sensitivity': 0.9285714285714286, 'specificity': 0.8947368421052632}, {'accuracy': 0.9090909090909091, 'f1': 0.896551724137931, 'sensitivity': 0.9285714285714286, 'specificity': 0.8947368421052632}, {'accuracy': 0.9090909090909091, 'f1': 0.896551724137931, 'sensitivity': 0.9285714285714286, 'specificity': 0.8947368421052632}, {'accuracy': 0.9090909090909091, 'f1': 0.896551724137931, 'sensitivity': 0.9285714285714286, 'specificity': 0.8947368421052632}, {'accuracy': 0.9090909090909091, 'f1': 0.896551724137931, 'sensitivity': 0.9285714285714286, 'specificity': 0.8947368421052632}, {'accuracy': 0.9090909090909091, 'f1': 0.896551724137931, 'sensitivity': 0.9285714285714286, 'specificity': 0.8947368421052632}, {'accuracy': 0.9090909090909091, 'f1': 0.896551724137931, 'sensitivity': 0.9285714285714286, 'specificity': 0.8947368421052632}, {'accuracy': 0.9090909090909091, 'f1': 0.896551724137931, 'sensitivity': 0.9285714285714286, 'specificity': 0.8947368421052632}, {'accuracy': 0.9090909090909091, 'f1': 0.896551724137931, 'sensitivity': 0.9285714285714286, 'specificity': 0.8947368421052632}, {'accuracy': 0.9090909090909091, 'f1': 0.896551724137931, 'sensitivity': 0.9285714285714286, 'specificity': 0.8947368421052632}, {'accuracy': 0.8787878787878788, 'f1': 0.8666666666666667, 'sensitivity': 0.9285714285714286, 'specificity': 0.8421052631578947}, {'accuracy': 0.9090909090909091, 'f1': 0.896551724137931, 'sensitivity': 0.9285714285714286, 'specificity': 0.8947368421052632}, {'accuracy': 0.9090909090909091, 'f1': 0.896551724137931, 'sensitivity': 0.9285714285714286, 'specificity': 0.8947368421052632}, {'accuracy': 0.8787878787878788, 'f1': 0.8666666666666667, 'sensitivity': 0.9285714285714286, 'specificity': 0.8421052631578947}, {'accuracy': 0.8787878787878788, 'f1': 0.8666666666666667, 'sensitivity': 0.9285714285714286, 'specificity': 0.8421052631578947}, {'accuracy': 0.8787878787878788, 'f1': 0.8666666666666667, 'sensitivity': 0.9285714285714286, 'specificity': 0.8421052631578947}, {'accuracy': 0.8787878787878788, 'f1': 0.8666666666666667, 'sensitivity': 0.9285714285714286, 'specificity': 0.8421052631578947}, {'accuracy': 0.8787878787878788, 'f1': 0.8666666666666667, 'sensitivity': 0.9285714285714286, 'specificity': 0.8421052631578947}, {'accuracy': 0.8787878787878788, 'f1': 0.8666666666666667, 'sensitivity': 0.9285714285714286, 'specificity': 0.8421052631578947}, {'accuracy': 0.8787878787878788, 'f1': 0.8666666666666667, 'sensitivity': 0.9285714285714286, 'specificity': 0.8421052631578947}, {'accuracy': 0.8787878787878788, 'f1': 0.8666666666666667, 'sensitivity': 0.9285714285714286, 'specificity': 0.8421052631578947}, {'accuracy': 0.9090909090909091, 'f1': 0.896551724137931, 'sensitivity': 0.9285714285714286, 'specificity': 0.8947368421052632}, {'accuracy': 0.9090909090909091, 'f1': 0.896551724137931, 'sensitivity': 0.9285714285714286, 'specificity': 0.8947368421052632}, {'accuracy': 0.9090909090909091, 'f1': 0.896551724137931, 'sensitivity': 0.9285714285714286, 'specificity': 0.8947368421052632}, {'accuracy': 0.9090909090909091, 'f1': 0.896551724137931, 'sensitivity': 0.9285714285714286, 'specificity': 0.8947368421052632}, {'accuracy': 0.9090909090909091, 'f1': 0.896551724137931, 'sensitivity': 0.9285714285714286, 'specificity': 0.8947368421052632}, {'accuracy': 0.9090909090909091, 'f1': 0.896551724137931, 'sensitivity': 0.9285714285714286, 'specificity': 0.8947368421052632}, {'accuracy': 0.9090909090909091, 'f1': 0.896551724137931, 'sensitivity': 0.9285714285714286, 'specificity': 0.8947368421052632}, {'accuracy': 0.9090909090909091, 'f1': 0.896551724137931, 'sensitivity': 0.9285714285714286, 'specificity': 0.8947368421052632}, {'accuracy': 0.8787878787878788, 'f1': 0.8666666666666667, 'sensitivity': 0.9285714285714286, 'specificity': 0.8421052631578947}, {'accuracy': 0.8787878787878788, 'f1': 0.8666666666666667, 'sensitivity': 0.9285714285714286, 'specificity': 0.8421052631578947}, {'accuracy': 0.8787878787878788, 'f1': 0.8666666666666667, 'sensitivity': 0.9285714285714286, 'specificity': 0.8421052631578947}, {'accuracy': 0.8787878787878788, 'f1': 0.8666666666666667, 'sensitivity': 0.9285714285714286, 'specificity': 0.8421052631578947}, {'accuracy': 0.8787878787878788, 'f1': 0.8666666666666667, 'sensitivity': 0.9285714285714286, 'specificity': 0.8421052631578947}, {'accuracy': 0.8787878787878788, 'f1': 0.8666666666666667, 'sensitivity': 0.9285714285714286, 'specificity': 0.8421052631578947}, {'accuracy': 0.8787878787878788, 'f1': 0.8666666666666667, 'sensitivity': 0.9285714285714286, 'specificity': 0.8421052631578947}, {'accuracy': 0.8787878787878788, 'f1': 0.8666666666666667, 'sensitivity': 0.9285714285714286, 'specificity': 0.8421052631578947}, {'accuracy': 0.8787878787878788, 'f1': 0.8666666666666667, 'sensitivity': 