number,value,datetime_start,datetime_complete,duration,params_dropout_rate,params_learning_rate,params_weight_decay,user_attrs_best_val_metrics,user_attrs_model_name,user_attrs_train_loss_history,user_attrs_val_loss_history,user_attrs_val_overall_metrics_history,state
10,0.8387096774193549,2026-08-09 01:48:28.162605,2026-08-09 02:01:12.152392,0 days 00:12:43.989787,0.2,0.0001220485242767572,0.0001537467136904321,"{'overall': {'n': 33, 'accuracy': 0.8484848484848485, 'precision': 0.7647058823529411, 'recall': 0.9285714285714286, 'sensitivity': 0.9285714285714286, 'specificity': 0.7894736842105263, 'balanced_accuracy': 0.8590225563909775, 'f1': 0.8387096774193549, 'confusion_matrix': [[15, 4], [1, 13]], 'auc': 0.9323308270676691, 'roc_curve': {'fpr': [0.0, 0.0, 0.0, 0.05263157894736842, 0.05263157894736842, 0.21052631578947367, 0.21052631578947367, 0.3157894736842105, 0.3157894736842105, 1.0], 'tpr': [0.0, 0.07142857142857142, 0.2857142857142857, 0.2857142857142857, 0.8571428571428571, 0.8571428571428571, 0.9285714285714286, 0.9285714285714286, 1.0, 1.0]}}, 'India': {'n': 14, 'accuracy': 0.8571428571428571, 'precision': 0.9, 'recall': 0.9, 'sensitivity': 0.9, 'specificity': 0.75, 'balanced_accuracy': 0.825, 'f1': 0.9, 'confusion_matrix': [[3, 1], [1, 9]], 'auc': 0.95, 'roc_curve': {'fpr': [0.0, 0.0, 0.0, 0.25, 0.25, 1.0], 'tpr': [0.0, 0.1, 0.8, 0.8, 1.0, 1.0]}}, 'Italy': {'n': 19, 'accuracy': 0.8421052631578947, 'precision': 0.5714285714285714, 'recall': 1.0, 'sensitivity': 1.0, 'specificity': 0.8, 'balanced_accuracy': 0.9, 'f1': 0.7272727272727273, 'confusion_matrix': [[12, 3], [0, 4]], 'auc': 0.9500000000000001, 'roc_curve': {'fpr': [0.0, 0.0, 0.06666666666666667, 0.06666666666666667, 1.0], 'tpr': [0.0, 0.25, 0.25, 1.0, 1.0]}}}",convnext_base_palpebral_new_way,"[0.846690764885075, 0.8430946106152819, 0.83525785034066, 0.8280413419205621, 0.8149885022087603, 0.8191846170962251, 0.8026021726873537, 0.803850810654116, 0.7981666689676954, 0.7961578807293974, 0.7932098732878831, 0.794985171185424, 0.7818587146057988, 0.7743969646510699, 0.7689458810730486, 0.7664094879137759, 0.760707398913554, 0.7679593270977602, 0.7667459963962732, 0.7453017645324302, 0.7455617631508025, 0.7376709931733593, 0.7343000201200018, 0.7307756093164154, 0.7170312692787474, 0.7348645175529631, 0.7263872662916878, 0.724432929462155, 0.7151678484796689, 0.7087397062225848, 0.7119646550014319, 0.7111696320653751, 0.7027478774651786, 0.704202978026788, 0.6892711946506374, 0.6946933608970894, 0.70105055625865, 0.6962190759892495, 0.6911642685631253, 0.6888437598746344, 0.7006221496506243, 0.6833555469449782, 0.6672586388145851, 0.6687339867977117, 0.6784119973119521, 0.6716154257193306, 0.6713050374921584, 0.6417219311196283, 0.6528267027526502, 0.6722854525837677, 0.6590090930856616, 0.6513625884687664, 0.6455018859825387, 0.6647174760995321, 0.6406284791744308, 0.6543513816713498, 0.650874548005742, 0.6430151663868633, 0.637521215227266, 0.6388628826236094, 0.6198521315656751, 0.6305038542147504, 0.6377490506266916, 0.6305850207410901, 0.6168996087762694, 0.6305467699537214, 0.6301677136231731, 0.608209956955436, 0.6258097109415673, 0.6169768129752962, 0.6116579388151105, 0.6333259798043611, 0.6210741203352316, 0.6376189605289737, 0.615421757792795, 0.607544983854357, 0.6178036213710608, 0.5958831965528577, 0.6130540524886934, 0.6035357946591662, 0.6051444853378447, 0.6088584172015159, 0.6093149650965305, 0.6031924975628884, 0.613667833489298, 0.6017667134076554, 0.6134437946294318, 0.6080383780776271, 0.5833218610839338, 0.5911264135348087, 0.612535865496326, 0.5999188091581231, 0.5952485184006343, 0.570757480251868, 0.5776919643610519, 0.5744625254972091, 0.5759535727911438, 0.5539464836089026, 0.5821670878012448, 0.5879391112074946, 0.5832203022691588, 0.5623301855775694, 0.584485121515413, 0.5602615826966747, 0.5894683946836863, 0.5754414011311058, 0.5752624983819116, 0.5627596461220293, 0.5659155739064248, 0.5688036119701058, 0.5463428280211442, 0.569714329890068, 0.5750808269772308, 0.5585681800021242, 0.5698308372339665, 0.5542953732787379, 0.5504561761357137, 0.563200928122792, 0.5575372051719009, 0.5287502029084212, 0.5728227740881459, 0.5515699927380543, 0.5918616889328356, 0.5781074928132114, 0.5600119055501672, 0.5487077435515574, 0.5414821108840159, 0.5507589416788113, 0.543944337904848, 0.5332501041178672, 0.5308122532257181, 0.553061711867124, 0.5193808319552845, 0.5510858928920418, 0.5583444845597476, 0.5299713362921152, 0.5368873749347712, 0.5282861598280092, 0.5423874855041504, 0.538303803529171, 0.5627279036881908, 0.5517315430356967, 0.5224390697005569, 0.5438914433220364, 0.5524111741425975, 0.5644668482786772, 0.546326310429352, 0.5251550169180561, 0.5362202292246534, 0.5270421106294291, 0.5409527894676915, 0.5518215803910564, 0.5272877488704707, 0.5473429801448292, 0.5377192919617457, 0.5370889773826726, 0.5378480054290089, 0.5405306235843936, 0.5310396836293454, 0.5235185863955921, 0.5156224460791279, 0.544391986155352, 0.5174354399671618, 0.5248317848767666, 0.5548804540507841, 0.5198896882549816, 0.5416283386432572, 0.5423609444637172, 0.5100406858305268, 0.5047071327436838, 0.509624088047356, 0.5386325286713657, 0.5282730902267607, 0.5527484403146024, 0.5345789440815022, 0.5393785719839942, 0.5466698344969592, 0.534656343278506, 0.5212007170876131, 0.5281388822770277, 0.5200721114281787, 0.5167434468174612, 0.5165308899437355, 0.5416508395940263, 0.5021310211806898, 0.5337901545676175, 0.5051672194177741, 0.5234100017326557, 0.5025849143006155, 0.5440966032988188, 0.5156671965359062, 0.5164303100661726, 0.49637479853156385, 0.5147448580786093, 0.5175590988816015, 0.5510155755952494, 0.5065239869206157, 0.5170313123835634, 0.5012407620616307, 0.5037691301067934, 0.521254425806715, 0.5204873013970078, 0.4906343146665207, 0.5135603408939791, 0.5133072394408927, 0.5184532628943589, 0.5310628568099824, 0.5312186720355457, 0.5530312799460051, 0.4905842120284276, 0.5013832647279398, 0.49405626074367803, 0.49839438981567785, 0.5039932500842391, 0.5309436115997517, 0.5057731803679308, 0.4921779857566025, 0.5367855757277533, 0.4895579499124691, 0.49228853737281647, 0.5051805805291562, 0.5005434625196141, 0.5084631952228925, 0.4946486835448158, 0.5090082171342231, 0.4986230379698292, 0.5137993419012487, 0.48544563126090345, 0.5040562160757204, 0.5231941425247698, 0.5018382567838328, 0.5057946151455507, 0.5065275989226158, 0.4743064184062528, 0.4887031407545734, 0.4851542768494183, 0.5065497029696079, 0.4696496413243527, 0.4903275966644287, 0.4808567079487226, 0.5085060823437394, 0.5045655867121867, 0.48364774991344933, 0.4961693484262125, 0.5288000560754182, 0.5073451326777604, 0.518538164776682, 0.5240480576129939, 0.48745179413170214, 0.47840431668111033]","[0.8650862086902965, 0.8573425321867971, 0.8494897629275466, 0.842125547654701, 0.8349660743366588, 0.8278738838253599, 0.8205927068536932, 0.8138046625888709, 0.807477436282418, 0.8009464325326862, 0.7947688825202711, 0.7887411262049819, 0.7826571572910656, 0.7766203753875963, 0.7703830690094919, 0.7646031614505884, 0.7587087804620917, 0.7531457344690958, 0.7474395975922093, 0.7421407844081069, 0.7368069291114807, 0.7314588481729681, 0.7264759775364038, 0.7213356025291212, 0.7162432237104936, 0.711332998492501, 0.7066835526264075, 0.7019814903085883, 0.6974656437382554, 0.6933176445238518, 0.6890381105018385, 0.6849261450045037, 0.6808546600919781, 0.6768418568553347, 0.672807469512477, 0.6689737285628463, 0.6653133152109204, 0.6617468667752815, 0.6582328839735552, 0.654571199055874, 0.6509971483187242, 0.6473874774846163, 0.6438596627928994, 0.6404432112520392, 0.6371121641361353, 0.6342574574730613, 0.6312815077377089, 0.6281507990577004, 0.6248838413845409, 0.6217288266528737, 0.6189092740868077, 0.6158959811384027, 0.612931200952241, 0.6102458021857522, 0.6074886629075715, 0.6047849293911096, 0.6020399259798455, 0.5994912602684714, 0.5968042016029358, 0.5942520986903798, 0.5916571129452098, 0.5891946987672285, 0.5867806456305764, 0.5844102285125039, 0.582261981386127, 0.5799860936222654, 0.577878424615571, 0.5756323138872782, 0.5735174489743782, 0.5714195190053998, 0.569326538028139, 0.5672542218006018, 0.5653097539237051, 0.5634444175344525, 0.5615669615340956, 0.5597844304460468, 0.5579773440505519, 0.5561545834396825, 0.5543219537445994, 0.5526789173935399, 0.5510071100610675, 0.5493605913537921, 0.5478006890325835, 0.5461786497722972, 0.544493985898567, 0.5427190643368345, 0.5411164670279531, 0.5395510557926062, 0.53795008948355, 0.5364269162669326, 0.5349838336308798, 0.5335223891518333, 0.5320054690043131, 0.5304085847103235, 0.5289306712873054, 0.5275042237657489, 0.5259195385557233, 0.5243636658697417, 0.5227113817677354, 0.5214051802953085, 0.51998525316065, 0.5186452793352532, 0.5174866625756929, 0.5161972876751062, 0.5149820428906065, 0.5137932589559844, 0.5126008048202052, 0.5113567511240641, 0.5099934014407072, 0.5087353135600234, 0.5075743415138938, 0.5064984271020601, 0.5053796045707933, 0.5043372457677667, 0.503280191710501, 0.502197883345864, 0.5009143858244924, 0.500119711413528, 0.4990730719132857, 0.49782642089959345, 0.4966473796150901, 0.49556888233531604, 0.4946080482367313, 0.4938077276403254, 0.4931187160087354, 0.49248804468097107, 0.49174923969037604, 0.49089051737929834, 0.49016655936385645, 0.4894525065566554, 0.4881159428394202, 0.48701104973301745, 0.4858830119624282, 0.4849731416413278, 0.4841164747873942, 0.4833609118606105, 0.4824463923772176, 0.4815996090571086, 0.4806341872070775, 0.4798555085153291, 0.4790942705038822, 0.47847263740770746, 0.4774605830510457, 0.47650605259519635, 0.4757889111836751, 0.47511285001581366, 0.4744640877752593, 0.47388572042638605, 0.4734244310494625, 0.4728817542394002, 0.4724905779867461, 0.47186207410061, 0.4716069878953876, 0.4710696755033551, 0.47057370706038043, 0.4702433203205918, 0.4698590762687452, 0.4692003979827418, 0.4684896396868157, 0.4681631362799442, 0.4672737374450221, 0.46675282536130963, 0.4661578590219671, 0.4652520309795033, 0.46454678159771545, 0.4638159600171176, 0.4633818431334062, 0.46304513830127136, 0.4625395175182458, 0.4618005969307639, 0.4611028071605798, 0.46057725675178296, 0.4601774938178785, 0.4598954843752312, 0.45947147860671533, 0.45892890655633173, 0.45829629175590747, 0.4578768629016298, 0.4571236444242073, 0.45659422874450684, 0.4561636989766901, 0.4554988543192546, 0.4551321304205692, 0.45463411735765863, 0.45437819307500665, 0.4537667686289007, 0.45347202546668774, 0.453101042545203, 0.45275972467480285, 0.45232562585310504, 0.45213009371902, 0.45151670773824054, 0.4509509765740597, 0.45064343466903223, 0.45039090965733386, 0.4503416111975005, 0.45023047562801477, 0.449993296103044, 0.4498790827664462, 0.4495632467847882, 0.44944719473520917, 0.4491165153908007, 0.4489556045243234, 0.44856395865931653, 0.44819781635746814, 0.4477916955947876, 0.44728245879664563, 0.44686226411299274, 0.44611789602221863, 0.44563791607365466, 0.4453917488907323, 0.4447848110487967, 0.44419402425939386, 0.4438546859856808, 0.4435280814315333, 0.4429875070398504, 0.44258040009122906, 0.44238983139847265, 0.44213194196874445, 0.44162617668961035, 0.4412802349437367, 0.4406822847597527, 0.44044657548268634, 0.44029030655369616, 0.4398964896346583, 0.43962326194300794, 0.4392355499845563, 0.4391203829736421, 0.43919579910509515, 0.4390177582249497, 0.4386885780276674, 0.43821661400072504, 0.43785415634964453, 0.43752963615186286, 0.4371003887870095, 0.4368198712666829, 0.4366312460465865, 0.43606056589068787, 0.43549246137792413, 0.4355742570125695, 0.43553544174541126, 0.4354288505785393, 0.4351448723764131, 0.43513929482662317, 0.4350135398633552, 0.43464188503496576, 0.4345485224868312, 0.43397708011396, 0.4337279796600342, 0.4331148320978338]","[{'accuracy': 0.45454545454545453, 'f1': 0.0, 'sensitivity': 0.0, 'specificity': 0.7894736842105263}, {'accuracy': 0.45454545454545453, 'f1': 0.0, 'sensitivity': 0.0, 'specificity': 0.7894736842105263}, {'accuracy': 0.48484848484848486, 'f1': 0.10526315789473684, 'sensitivity': 0.07142857142857142, 'specificity': 0.7894736842105263}, {'accuracy': 0.42424242424242425, 'f1': 0.09523809523809523, 'sensitivity': 0.07142857142857142, 'specificity': 0.6842105263157895}, {'accuracy': 0.3939393939393939, 'f1': 0.16666666666666666, 'sensitivity': 0.14285714285714285, 'specificity': 0.5789473684210527}, {'accuracy': 0.3939393939393939, 'f1': 0.16666666666666666, 'sensitivity': 0.14285714285714285, 'specificity': 0.5789473684210527}, {'accuracy': 0.48484848484848486, 'f1': 0.41379310344827586, 'sensitivity': 0.42857142857142855, 'specificity': 0.5263157894736842}, {'accuracy': 0.48484848484848486, 'f1': 0.41379310344827586, 'sensitivity': 0.42857142857142855, 'specificity': 0.5263157894736842}, {'accuracy': 0.5454545454545454, 'f1': 0.4827586206896552, 'sensitivity': 0.5, 'specificity': 0.5789473684210527}, {'accuracy': 0.5454545454545454, 'f1': 0.4827586206896552, 'sensitivity': 0.5, 'specificity': 0.5789473684210527}, {'accuracy': 0.5757575757575758, 'f1': 0.5333333333333333, 'sensitivity': 0.5714285714285714, 'specificity': 0.5789473684210527}, {'accuracy': 0.5757575757575758, 'f1': 0.5333333333333333, 'sensitivity': 0.5714285714285714, 'specificity': 0.5789473684210527}, {'accuracy': 0.6060606060606061, 'f1': 0.5517241379310345, 'sensitivity': 0.5714285714285714, 'specificity': 0.631578947368421}, {'accuracy': 0.6363636363636364, 'f1': 0.6, 'sensitivity': 0.6428571428571429, 'specificity': 0.631578947368421}, {'accuracy': 0.696969696969697, 'f1': 0.6428571428571429, 'sensitivity': 0.6428571428571429, 'specificity': 0.7368421052631579}, {'accuracy': 0.7272727272727273, 'f1': 0.6896551724137931, 'sensitivity': 0.7142857142857143, 'specificity': 0.7368421052631579}, {'accuracy': 0.7272727272727273, 'f1': 0.6896551724137931, 'sensitivity': 0.7142857142857143, 'specificity': 0.7368421052631579}, {'accuracy': 0.7272727272727273, 'f1': 0.6896551724137931, 'sensitivity': 0.7142857142857143, 'specificity': 0.7368421052631579}, {'accuracy': 0.7272727272727273, 'f1': 0.6896551724137931, 'sensitivity': 0.7142857142857143, 'specificity': 0.7368421052631579}, {'accuracy': 0.7272727272727273, 'f1': 0.6896551724137931, 'sensitivity': 0.7142857142857143, 'specificity': 0.7368421052631579}, {'accuracy': 0.7575757575757576, 'f1': 0.7333333333333333, 'sensitivity': 0.7857142857142857, 'specificity': 0.7368421052631579}, {'accuracy': 0.7575757575757576, 'f1': 0.7333333333333333, 'sensitivity': 0.7857142857142857, 'specificity': 0.7368421052631579}, {'accuracy': 0.7575757575757576, 'f1': 0.7333333333333333, 'sensitivity': 0.7857142857142857, 'specificity': 0.7368421052631579}, {'accuracy': 0.7575757575757576, 'f1': 0.7333333333333333, 'sensitivity': 0.7857142857142857, 'specificity': 0.7368421052631579}, {'accuracy': 0.7575757575757576, 'f1': 0.7333333333333333, 'sensitivity': 0.7857142857142857, 'specificity': 0.7368421052631579}, {'accuracy': 0.7575757575757576, 'f1': 0.7333333333333333, 'sensitivity': 0.7857142857142857, 'specificity': 0.7368421052631579}, {'accuracy': 0.7575757575757576, 'f1': 0.7333333333333333, 'sensitivity': 0.7857142857142857, 'specificity': 0.7368421052631579}, {'accuracy': 0.7575757575757576, 'f1': 0.7333333333333333, 'sensitivity': 0.7857142857142857, 'specificity': 0.7368421052631579}, {'accuracy': 0.7878787878787878, 'f1': 0.7741935483870968, 'sensitivity': 0.8571428571428571, 'specificity': 0.7368421052631579}, {'accuracy': 0.7575757575757576, 'f1': 0.7333333333333333, 'sensitivity': 0.7857142857142857, 'specificity': 0.7368421052631579}, {'accuracy': 0.7878787878787878, 'f1': 0.7741935483870968, 'sensitivity': 0.8571428571428571, 'specificity': 0.7368421052631579}, {'accuracy': 0.7878787878787878, 'f1': 0.7741935483870968, 'sensitivity': 0.8571428571428571, 'specificity': 0.7368421052631579}, {'accuracy': 0.7878787878787878, 'f1': 0.7741935483870968, 'sensitivity': 0.8571428571428571, 'specificity': 0.7368421052631579}, {'accuracy': 0.8181818181818182, 'f1': 0.8125, 'sensitivity': 0.9285714285714286, 'specificity': 0.7368421052631579}, {'accuracy': 0.8181818181818182, 'f1': 0.8125, 'sensitivity': 0.9285714285714286, 'specificity': 0.7368421052631579}, {'accuracy': 0.8181818181818182, 'f1': 0.8125, 'sensitivity': 0.9285714285714286, 'specificity': 0.7368421052631579}, {'accuracy': 0.8181818181818182, 'f1': 0.8125, 'sensitivity': 0.9285714285714286, 'specificity': 0.7368421052631579}, {'accuracy': 0.8181818181818182, 'f1': 0.8125, 'sensitivity': 0.9285714285714286, 'specificity': 0.7368421052631579}, {'accuracy': 0.8181818181818182, 'f1': 0.8125, 'sensitivity': 0.9285714285714286, 'specificity': 0.7368421052631579}, {'accuracy': 0.8181818181818182, 'f1': 0.8125, 'sensitivity': 0.9285714285714286, 'specificity': 0.7368421052631579}, {'accuracy': 0.8181818181818182, 'f1': 0.8125, 'sensitivity': 0.9285714285714286, 'specificity': 0.7368421052631579}, {'accuracy': 0.8181818181818182, 'f1': 0.8125, 'sensitivity': 0.9285714285714286, 'specificity': 0.7368421052631579}, {'accuracy': 0.8181818181818182, 'f1': 0.8125, 'sensitivity': 0.9285714285714286, 'specificity': 0.7368421052631579}, {'accuracy': 0.8181818181818182, 'f1': 0.8125, 'sensitivity': 0.9285714285714286, 'specificity': 0.7368421052631579}, {'accuracy': 0.8181818181818182, 'f1': 0.8125, 'sensitivity': 0.9285714285714286, 'specificity': 0.7368421052631579}, {'accuracy': 0.8181818181818182, 'f1': 0.8125, 'sensitivity': 0.9285714285714286, 'specificity': 0.7368421052631579}, {'accuracy': 0.8181818181818182, 'f1': 0.8125, 'sensitivity': 0.9285714285714286, 'specificity': 0.7368421052631579}, {'accuracy': 0.8181818181818182, 'f1': 0.8125, 'sensitivity': 0.9285714285714286, 'specificity': 0.7368421052631579}, {'accuracy': 0.8181818181818182, 'f1': 0.8125, 'sensitivity': 0.9285714285714286, 'specificity': 0.7368421052631579}, {'accuracy': 0.8181818181818182, 'f1': 0.8125, 'sensitivity': 0.9285714285714286, 'specificity': 0.7368421052631579}, {'accuracy': 0.8181818181818182, 'f1': 0.8125, 'sensitivity': 0.9285714285714286, 'specificity': 0.7368421052631579}, {'accuracy': 0.8181818181818182, 'f1': 0.8125, 'sensitivity': 0.9285714285714286, 'specificity': 0.7368421052631579}, {'accuracy': 0.8181818181818182, 'f1': 0.8125, 'sensitivity': 0.9285714285714286, 'specificity': 0.7368421052631579}, {'accuracy': 0.8181818181818182, 'f1': 0.8125, 'sensitivity': 0.9285714285714286, 'specificity': 0.7368421052631579}, {'accuracy': 0.8181818181818182, 'f1': 0.8125, 'sensitivity': 0.9285714285714286, 'specificity': 0.7368421052631579}, {'accuracy': 0.8181818181818182, 'f1': 0.8125, 'sensitivity': 0.9285714285714286, 'specificity': 0.7368421052631579}, {'accuracy': 0.8181818181818182, 'f1': 0.8125, 'sensitivity': 0.9285714285714286, 'specificity': 0.7368421052631579}, {'accuracy': 0.8181818181818182, 'f1': 0.8125, 'sensitivity': 0.9285714285714286, 'specificity': 0.7368421052631579}, {'accuracy': 0.8181818181818182, 'f1': 0.8125, 'sensitivity': 0.9285714285714286, 'specificity': 0.7368421052631579}, {'accuracy': 0.8181818181818182, 'f1': 0.8125, 'sensitivity': 0.9285714285714286, 'specificity': 0.7368421052631579}, {'accuracy': 0.8181818181818182, 'f1': 0.8125, 'sensitivity': 0.9285714285714286, 'specificity': 0.7368421052631579}, {'accuracy': 0.8181818181818182, 'f1': 0.8125, 'sensitivity': 0.9285714285714286, 'specificity': 0.7368421052631579}, {'accuracy': 0.8181818181818182, 'f1': 0.8125, 'sensitivity': 0.9285714285714286, 'specificity': 0.7368421052631579}, {'accuracy': 0.8181818181818182, 'f1': 0.8125, 'sensitivity': 0.9285714285714286, 'specificity': 0.7368421052631579}, {'accuracy': 0.8181818181818182, 'f1': 0.8125, 'sensitivity': 0.9285714285714286, 'specificity': 0.7368421052631579}, {'accuracy': 0.8181818181818182, 'f1': 0.8125, 'sensitivity': 0.9285714285714286, 'specificity': 0.7368421052631579}, {'accuracy': 0.8181818181818182, 'f1': 0.8125, 'sensitivity': 0.9285714285714286, 'specificity': 0.7368421052631579}, {'accuracy': 0.8181818181818182, 'f1': 0.8125, 'sensitivity': 0.9285714285714286, 'specificity': 0.7368421052631579}, {'accuracy': 0.8181818181818182, 'f1': 0.8125, 'sensitivity': 0.9285714285714286, 'specificity': 0.7368421052631579}, {'accuracy': 0.8181818181818182, 'f1': 0.8125, 'sensitivity': 0.9285714285714286, 'specificity': 0.7368421052631579}, {'accuracy': 0.8181818181818182, 'f1': 0.8125, 'sensitivity': 0.9285714285714286, 'specificity': 0.7368421052631579}, {'accuracy': 0.8181818181818182, 'f1': 0.8125, 'sensitivity': 0.9285714285714286, 'specificity': 0.7368421052631579}, {'accuracy': 0.8484848484848485, 'f1': 0.8387096774193549, 'sensitivity': 0.9285714285714286, 'specificity': 0.7894736842105263}, {'accuracy': 0.8484848484848485, 'f1': 0.8387096774193549, 'sensitivity': 0.9285714285714286, 'specificity': 0.7894736842105263}, {'accuracy': 0.8484848484848485, 'f1': 0.8387096774193549, 'sensitivity': 0.9285714285714286, 'specificity': 0.7894736842105263}, {'accuracy': 0.8484848484848485, 'f1': 0.8387096774193549, 'sensitivity': 0.9285714285714286, 'specificity': 0.7894736842105263}, {'accuracy': 0.8484848484848485, 'f1': 0.8387096774193549, 'sensitivity': 0.9285714285714286, 'specificity': 0.7894736842105263}, {'accuracy': 0.8484848484848485, 'f1': 0.8387096774193549, 'sensitivity': 0.9285714285714286, 'specificity': 0.7894736842105263}, {'accuracy': 0.8484848484848485, 'f1': 0.8387096774193549, 'sensitivity': 0.9285714285714286, 'specificity': 0.7894736842105263}, {'accuracy': 0.8484848484848485, 'f1': 0.8387096774193549, 'sensitivity': 0.9285714285714286, 'specificity': 0.7894736842105263}, {'accuracy': 0.8484848484848485, 'f1': 0.8387096774193549, 'sensitivity': 0.9285714285714286, 'specificity': 0.7894736842105263}, {'accuracy': 0.8484848484848485, 'f1': 0.8387096774193549, 'sensitivity': 0.9285714285714286, 'specificity': 0.7894736842105263}, {'accuracy': 0.8484848484848485, 'f1': 0.8387096774193549, 'sensitivity': 0.9285714285714286,