number,value,datetime_start,datetime_complete,duration,params_dropout_rate,params_learning_rate,params_weight_decay,user_attrs_best_val_metrics,user_attrs_model_name,user_attrs_train_loss_history,user_attrs_val_loss_history,user_attrs_val_overall_metrics_history,state
9,0.6666666666666666,2026-08-09 05:40:36.165949,2026-08-09 05:42:16.570688,0 days 00:01:40.404739,0.2,0.0011249436130085291,0.00011856737112037188,"{'overall': {'n': 31, 'accuracy': 0.5806451612903226, 'precision': 0.52, 'recall': 0.9285714285714286, 'sensitivity': 0.9285714285714286, 'specificity': 0.29411764705882354, 'balanced_accuracy': 0.6113445378151261, 'f1': 0.6666666666666666, 'confusion_matrix': [[5, 12], [1, 13]], 'auc': 0.5966386554621849, 'roc_curve': {'fpr': [0.0, 0.058823529411764705, 0.058823529411764705, 0.23529411764705882, 0.23529411764705882, 0.4117647058823529, 0.4117647058823529, 0.47058823529411764, 0.47058823529411764, 0.5294117647058824, 0.5294117647058824, 0.5882352941176471, 0.5882352941176471, 0.6470588235294118, 0.6470588235294118, 0.8235294117647058, 0.8235294117647058, 1.0], 'tpr': [0.0, 0.0, 0.21428571428571427, 0.21428571428571427, 0.35714285714285715, 0.35714285714285715, 0.5, 0.5, 0.6428571428571429, 0.6428571428571429, 0.7142857142857143, 0.7142857142857143, 0.7857142857142857, 0.7857142857142857, 0.9285714285714286, 0.9285714285714286, 1.0, 1.0]}}, 'India': {'n': 14, 'accuracy': 0.6428571428571429, 'precision': 0.6923076923076923, 'recall': 0.9, 'sensitivity': 0.9, 'specificity': 0.0, 'balanced_accuracy': 0.45, 'f1': 0.782608695652174, 'confusion_matrix': [[0, 4], [1, 9]], 'auc': 0.5, 'roc_curve': {'fpr': [0.0, 0.0, 0.0, 0.25, 0.25, 0.5, 0.5, 0.75, 0.75, 1.0, 1.0], 'tpr': [0.0, 0.1, 0.3, 0.3, 0.4, 0.4, 0.6, 0.6, 0.7, 0.7, 1.0]}}, 'Italy': {'n': 17, 'accuracy': 0.5294117647058824, 'precision': 0.3333333333333333, 'recall': 1.0, 'sensitivity': 1.0, 'specificity': 0.38461538461538464, 'balanced_accuracy': 0.6923076923076923, 'f1': 0.5, 'confusion_matrix': [[5, 8], [0, 4]], 'auc': 0.6538461538461539, 'roc_curve': {'fpr': [0.0, 0.07692307692307693, 0.07692307692307693, 0.3076923076923077, 0.3076923076923077, 0.46153846153846156, 0.46153846153846156, 0.5384615384615384, 0.5384615384615384, 1.0], 'tpr': [0.0, 0.0, 0.25, 0.25, 0.5, 0.5, 0.75, 0.75, 1.0, 1.0]}}}",convnext_large_forniceal_palpebral_new_way,"[0.8041308631702345, 0.7791368284193027, 0.7477441105712839, 0.7264120781502756, 0.7153344932867556, 0.6978100477432718, 0.663415091783822, 0.6735741629892465, 0.6326574971075771, 0.6480815264643455, 0.6165615271548835, 0.6237400344439915, 0.6016507732624911, 0.5785000725668303, 0.6115725762179108, 0.5878738349392301]","[0.8181403279304504, 0.7932348847389221, 0.7885876297950745, 0.7879607677459717, 0.7853214740753174, 0.7871134281158447, 0.7828162312507629, 0.7801070213317871, 0.7792263031005859, 0.7816306948661804, 0.7888423204421997, 0.7900727391242981, 0.784075915813446, 0.7880536913871765, 0.7918601632118225, 0.7873353958129883]","[{'accuracy': 0.5483870967741935, 'f1': 0.0, 'sensitivity': 0.0, 'specificity': 1.0}, {'accuracy': 0.5806451612903226, 'f1': 0.6666666666666666, 'sensitivity': 0.9285714285714286, 'specificity': 0.29411764705882354}, {'accuracy': 0.5806451612903226, 'f1': 0.6060606060606061, 'sensitivity': 0.7142857142857143, 'specificity': 0.47058823529411764}, {'accuracy': 0.5483870967741935, 'f1': 0.5, 'sensitivity': 0.5, 'specificity': 0.5882352941176471}, {'accuracy': 0.5483870967741935, 'f1': 0.5, 'sensitivity': 0.5, 'specificity': 0.5882352941176471}, {'accuracy': 0.5483870967741935, 'f1': 0.46153846153846156, 'sensitivity': 0.42857142857142855, 'specificity': 0.6470588235294118}, {'accuracy': 0.5806451612903226, 'f1': 0.5185185185185185, 'sensitivity': 0.5, 'specificity': 0.6470588235294118}, {'accuracy': 0.5806451612903226, 'f1': 0.5185185185185185, 'sensitivity': 0.5, 'specificity': 0.6470588235294118}, {'accuracy': 0.5483870967741935, 'f1': 0.5, 'sensitivity': 0.5, 'specificity': 0.5882352941176471}, {'accuracy': 0.5483870967741935, 'f1': 0.5, 'sensitivity': 0.5, 'specificity': 0.5882352941176471}, {'accuracy': 0.6129032258064516, 'f1': 0.5384615384615384, 'sensitivity': 0.5, 'specificity': 0.7058823529411765}, {'accuracy': 0.6129032258064516, 'f1': 0.5384615384615384, 'sensitivity': 0.5, 'specificity': 0.7058823529411765}, {'accuracy': 0.5483870967741935, 'f1': 0.5, 'sensitivity': 0.5, 'specificity': 0.5882352941176471}, {'accuracy': 0.5483870967741935, 'f1': 0.5, 'sensitivity': 0.5, 'specificity': 0.5882352941176471}, {'accuracy': 0.5483870967741935, 'f1': 0.5, 'sensitivity': 0.5, 'specificity': 0.5882352941176471}, {'accuracy': 0.5483870967741935, 'f1': 0.5, 'sensitivity': 0.5, 'specificity': 0.5882352941176471}]",COMPLETE
10,0.6,2026-08-09 05:42:16.571108,2026-08-09 05:43:56.562823,0 days 00:01:39.991715,0.5,0.018362839120451776,1.9113354590616596e-05,"{'overall': {'n': 31, 'accuracy': 0.6129032258064516, 'precision': 0.5625, 'recall': 0.6428571428571429, 'sensitivity': 0.6428571428571429, 'specificity': 0.5882352941176471, 'balanced_accuracy': 0.615546218487395, 'f1': 0.6, 'confusion_matrix': [[10, 7], [5, 9]], 'auc': 0.6974789915966386, 'roc_curve': {'fpr': [0.0, 0.0, 0.0, 0.058823529411764705, 0.058823529411764705, 0.29411764705882354, 0.29411764705882354, 0.4117647058823529, 0.4117647058823529, 0.5294117647058824, 0.5294117647058824, 0.7058823529411765, 0.7058823529411765, 0.7647058823529411, 0.7647058823529411, 1.0], 'tpr': [0.0, 0.07142857142857142, 0.14285714285714285, 0.14285714285714285, 0.5, 0.5, 0.5714285714285714, 0.5714285714285714, 0.6428571428571429, 0.6428571428571429, 0.7857142857142857, 0.7857142857142857, 0.9285714285714286, 0.9285714285714286, 1.0, 1.0]}}, 'India': {'n': 14, 'accuracy': 0.5, 'precision': 0.7142857142857143, 'recall': 0.5, 'sensitivity': 0.5, 'specificity': 0.5, 'balanced_accuracy': 0.5, 'f1': 0.5882352941176471, 'confusion_matrix': [[2, 2], [5, 5]], 'auc': 0.55, 'roc_curve': {'fpr': [0.0, 0.0, 0.0, 0.5, 0.5, 1.0, 1.0], 'tpr': [0.0, 0.1, 0.4, 0.4, 0.7, 0.7, 1.0]}}, 'Italy': {'n': 17, 'accuracy': 0.7058823529411765, 'precision': 0.4444444444444444, 'recall': 1.0, 'sensitivity': 1.0, 'specificity': 0.6153846153846154, 'balanced_accuracy': 0.8076923076923077, 'f1': 0.6153846153846154, 'confusion_matrix': [[8, 5], [0, 4]], 'auc': 0.9038461538461537, 'roc_curve': {'fpr': [0.0, 0.0, 0.07692307692307693, 0.07692307692307693, 0.23076923076923078, 0.23076923076923078, 1.0], 'tpr': [0.0, 0.25, 0.25, 0.75, 0.75, 1.0, 1.0]}}}",convnext_large_forniceal_palpebral_new_way,"[0.7819122509891484, 0.6231108924158576, 0.6675061101005191, 0.5819045597193192, 0.6084988770030794, 0.5762661277842359, 0.5011465444045813, 0.5065272442337607, 0.4990523921794632, 0.430823214605552, 0.4010456311864918, 0.4088041786433888, 0.45400476800341183, 0.5630693127508877, 0.49551580714530685, 0.5712322242000476]","[0.9316889643669128, 0.8832263350486755, 0.9739192724227905, 1.0459736585617065, 0.9808980822563171, 1.08213210105896, 0.9335030913352966, 0.9415541887283325, 0.8707756400108337, 0.8783456087112427, 0.9079079031944275, 0.9225924611091614, 1.0406237840652466, 0.9837954044342041, 0.9723491668701172, 0.9834282398223877]","[{'accuracy': 0.6129032258064516, 'f1': 0.3333333333333333, 'sensitivity': 0.21428571428571427, 'specificity': 0.9411764705882353}, {'accuracy': 0.5483870967741935, 'f1': 0.46153846153846156, 'sensitivity': 0.42857142857142855, 'specificity': 0.6470588235294118}, {'accuracy': 0.5483870967741935, 'f1': 0.5625, 'sensitivity': 0.6428571428571429, 'specificity': 0.47058823529411764}, {'accuracy': 0.5806451612903226, 'f1': 0.48, 'sensitivity': 0.42857142857142855, 'specificity': 0.7058823529411765}, {'accuracy': 0.5161290322580645, 'f1': 0.4827586206896552, 'sensitivity': 0.5, 'specificity': 0.5294117647058824}, {'accuracy': 0.6129032258064516, 'f1': 0.5, 'sensitivity': 0.42857142857142855, 'specificity': 0.7647058823529411}, {'accuracy': 0.5161290322580645, 'f1': 0.5161290322580645, 'sensitivity': 0.5714285714285714, 'specificity': 0.47058823529411764}, {'accuracy': 0.6451612903225806, 'f1': 0.56, 'sensitivity': 0.5, 'specificity': 0.7647058823529411}, {'accuracy': 0.5806451612903226, 'f1': 0.5517241379310345, 'sensitivity': 0.5714285714285714, 'specificity': 0.5882352941176471}, {'accuracy': 0.6129032258064516, 'f1': 0.5714285714285714, 'sensitivity': 0.5714285714285714, 'specificity': 0.6470588235294118}, {'accuracy': 0.6451612903225806, 'f1': 0.5925925925925926, 'sensitivity': 0.5714285714285714, 'specificity': 0.7058823529411765}, {'accuracy': 0.5806451612903226, 'f1': 0.5517241379310345, 'sensitivity': 0.5714285714285714, 'specificity': 0.5882352941176471}, {'accuracy': 0.6129032258064516, 'f1': 0.5384615384615384, 'sensitivity': 0.5, 'specificity': 0.7058823529411765}, {'accuracy': 0.5483870967741935, 'f1': 0.5625, 'sensitivity': 0.6428571428571429, 'specificity': 0.47058823529411764}, {'accuracy': 0.6129032258064516, 'f1': 0.6, 'sensitivity': 0.6428571428571429, 'specificity': 0.5882352941176471}, {'accuracy': 0.6451612903225806, 'f1': 0.5925925925925926, 'sensitivity': 0.5714285714285714, 'specificity': 0.7058823529411765}]",COMPLETE
11,0.6666666666666666,2026-08-09 05:43:56.563230,2026-08-09 05:46:06.793865,0 days 00:02:10.230635,0.5,0.05939352229474166,5.4836719648852325e-06,"{'overall': {'n': 31, 'accuracy': 0.6774193548387096, 'precision': 0.625, 'recall': 0.7142857142857143, 'sensitivity': 0.7142857142857143, 'specificity': 0.6470588235294118, 'balanced_accuracy': 0.680672268907563, 'f1': 0.6666666666666666, 'confusion_matrix': [[11, 6], [4, 10]], 'auc': 0.6932773109243697, 'roc_curve': {'fpr': [0.0, 0.0, 0.0, 0.058823529411764705, 0.058823529411764705, 0.11764705882352941, 0.11764705882352941, 0.17647058823529413, 0.17647058823529413, 0.29411764705882354, 0.29411764705882354, 0.35294117647058826, 0.35294117647058826, 0.47058823529411764, 0.47058823529411764, 0.6470588235294118, 0.6470588235294118, 0.7058823529411765, 0.7058823529411765, 0.7647058823529411, 0.7647058823529411, 1.0], 'tpr': [0.0, 0.07142857142857142, 0.14285714285714285, 0.14285714285714285, 0.21428571428571427, 0.21428571428571427, 0.35714285714285715, 0.35714285714285715, 0.42857142857142855, 0.42857142857142855, 0.6428571428571429, 0.6428571428571429, 0.7142857142857143, 0.7142857142857143, 0.7857142857142857, 0.7857142857142857, 0.8571428571428571, 0.8571428571428571, 0.9285714285714286, 0.9285714285714286, 1.0, 1.0]}}, 'India': {'n': 14, 'accuracy': 0.5, 'precision': 0.6666666666666666, 'recall': 0.6, 'sensitivity': 0.6, 'specificity': 0.25, 'balanced_accuracy': 0.425, 'f1': 0.631578947368421, 'confusion_matrix': [[1, 3], [4, 6]], 'auc': 0.4, 'roc_curve': {'fpr': [0.0, 0.0, 0.25, 0.25, 0.5, 0.5, 0.75, 0.75, 1.0, 1.0], 'tpr': [0.0, 0.1, 0.1, 0.3, 0.3, 0.5, 0.5, 0.7, 0.7, 1.0]}}, 'Italy': {'n': 17, 'accuracy': 0.8235294117647058, 'precision': 0.5714285714285714, 'recall': 1.0, 'sensitivity': 1.0, 'specificity': 0.7692307692307693, 'balanced_accuracy': 0.8846153846153846, 'f1': 0.7272727272727273, 'confusion_matrix': [[10, 3], [0, 4]], 'auc': 0.9038461538461537, 'roc_curve': {'fpr': [0.0, 0.0, 0.07692307692307693, 0.07692307692307693, 0.23076923076923078, 0.23076923076923078, 1.0], 'tpr': [0.0, 0.25, 0.25, 0.75, 0.75, 1.0, 1.0]}}}",convnext_large_forniceal_palpebral_new_way,"[2.8340188710867955, 1.4524691250859474, 0.8222563615461596, 0.9487898901206295, 0.7016886612590478, 0.8004753289579534, 0.7823966692905037, 0.838244227730498, 0.8250649579528238, 0.6396785110843425, 0.6424117704638007, 0.4791173156426877, 0.5156616193502128, 0.47695518188736064, 0.6003669390873033, 0.7235630701999275, 0.5652035876196257, 0.6825736321154094, 0.6322523162883966, 0.636866845646683, 0.7617164570458081]","[3.078477382659912, 2.3353188037872314, 2.1533429622650146, 2.073716640472412, 1.47378671169281, 1.3525151014328003, 1.0960242748260498, 1.516679048538208, 1.4362459182739258, 1.315891981124878, 1.3050276041030884, 1.3518201112747192, 1.1177752017974854, 1.0644099712371826, 1.1800892353057861, 1.1909536123275757, 1.7309156656265259, 1.3152432441711426, 1.3457238674163818, 1.3960148096084595, 1.6719622611999512]","[{'accuracy': 0.45161290322580644, 'f1': 0.6222222222222222, 'sensitivity': 1.0, 'specificity': 0.0}, {'accuracy': 0.5806451612903226, 'f1': 0.43478260869565216, 'sensitivity': 0.35714285714285715, 'specificity': 0.7647058823529411}, {'accuracy': 0.5483870967741935, 'f1': 0.631578947368421, 'sensitivity': 0.8571428571428571, 'specificity': 0.29411764705882354}, {'accuracy': 0.6129032258064516, 'f1': 0.5, 'sensitivity': 0.42857142857142855, 'specificity': 0.7647058823529411}, {'accuracy': 0.5806451612903226, 'f1': 0.6060606060606061, 'sensitivity': 0.7142857142857143, 'specificity': 0.47058823529411764}, {'accuracy': 0.6129032258064516, 'f1': 0.5384615384615384, 'sensitivity': 0.5, 'specificity': 0.7058823529411765}, {'accuracy': 0.6774193548387096, 'f1': 0.6666666666666666, 'sensitivity': 0.7142857142857143, 'specificity': 0.6470588235294118}, {'accuracy': 0.6129032258064516, 'f1': 0.5, 'sensitivity': 0.42857142857142855, 'specificity': 0.7647058823529411}, {'accuracy': 0.5483870967741935, 'f1': 0.631578947368421, 'sensitivity': 0.8571428571428571, 'specificity': 0.29411764705882354}, {'accuracy': 0.5483870967741935, 'f1': 0.46153846153846156, 'sensitivity': 0.42857142857142855, 'specificity': 0.6470588235294118}, {'accuracy': 0.5483870967741935, 'f1': 0.5625, 'sensitivity': 0.6428571428571429, 'specificity': 0.47058823529411764}, {'accuracy': 0.5806451612903226, 'f1': 0.5185185185185185, 'sensitivity': 0.5, 'specificity': 0.6470588235294118}, {'accuracy': 0.5161290322580645, 'f1': 0.4827586206896552, 'sensitivity': 0.5, 'specificity': 0.5294117647058824}, {'accuracy': 0.5483870967741935, 'f1': 0.5, 'sensitivity': 0.5, 'specificity': 0.5882352941176471}, {'accuracy': 0.5806451612903226, 'f1': 0.5185185185185185, 'sensitivity': 0.5, 'specificity': 0.6470588235294118}, {'accuracy': 0.5806451612903226, 'f1': 0.5517241379310345, 'sensitivity': 0.5714285714285714, 'specificity': 0.5882352941176471}, {'accuracy': 0.6129032258064516, 'f1': 0.45454545454545453, 'sensitivity': 0.35714285714285715, 'specificity': 0.8235294117647058}, {'accuracy': 0.5483870967741935, 'f1': 0.5625, 'sensitivity': 0.6428571428571429, 'specificity': 0.47058823529411764}, {'accuracy': 0.6129032258064516, 'f1': 0.5384615384615384, 'sensitivity': 0.5, 'specificity': 0.7058823529411765}, {'accuracy': 0.5161290322580645, 'f1': 0.5454545454545454, 'sensitivity': 0.6428571428571429, 'specificity': 0.4117647058823529}, {'accuracy': 0.6774193548387096, 'f1': 0.5454545454545454, 'sensitivity': 0.42857142857142855, 'specificity': 0.8823529411764706}]",COMPLETE
