number,value,datetime_start,datetime_complete,duration,params_dropout_rate,params_learning_rate,params_weight_decay,user_attrs_best_val_metrics,user_attrs_model_name,user_attrs_train_loss_history,user_attrs_val_loss_history,user_attrs_val_overall_metrics_history,state
8,0.7142857142857143,2026-08-08 21:40:52.222317,2026-08-08 21:41:12.006885,0 days 00:00:19.784568,0.2,0.008533716477932937,1.217404417807552e-06,"{'overall': {'n': 33, 'accuracy': 0.7575757575757576, 'precision': 0.7142857142857143, 'recall': 0.7142857142857143, 'sensitivity': 0.7142857142857143, 'specificity': 0.7894736842105263, 'balanced_accuracy': 0.7518796992481203, 'f1': 0.7142857142857143, 'confusion_matrix': [[15, 4], [4, 10]], 'auc': 0.7894736842105263, 'roc_curve': {'fpr': [0.0, 0.0, 0.0, 0.05263157894736842, 0.05263157894736842, 0.15789473684210525, 0.15789473684210525, 0.5263157894736842, 0.5263157894736842, 0.5789473684210527, 0.5789473684210527, 1.0], 'tpr': [0.0, 0.07142857142857142, 0.21428571428571427, 0.21428571428571427, 0.42857142857142855, 0.42857142857142855, 0.7142857142857143, 0.7142857142857143, 0.9285714285714286, 0.9285714285714286, 1.0, 1.0]}}, 'India': {'n': 14, 'accuracy': 0.7142857142857143, 'precision': 0.875, 'recall': 0.7, 'sensitivity': 0.7, 'specificity': 0.75, 'balanced_accuracy': 0.725, 'f1': 0.7777777777777778, 'confusion_matrix': [[3, 1], [3, 7]], 'auc': 0.7, 'roc_curve': {'fpr': [0.0, 0.0, 0.0, 0.25, 0.25, 0.75, 0.75, 1.0], 'tpr': [0.0, 0.1, 0.4, 0.4, 0.7, 0.7, 1.0, 1.0]}}, 'Italy': {'n': 19, 'accuracy': 0.7894736842105263, 'precision': 0.5, 'recall': 0.75, 'sensitivity': 0.75, 'specificity': 0.8, 'balanced_accuracy': 0.775, 'f1': 0.6, 'confusion_matrix': [[12, 3], [1, 3]], 'auc': 0.8333333333333334, 'roc_curve': {'fpr': [0.0, 0.0, 0.06666666666666667, 0.06666666666666667, 0.13333333333333333, 0.13333333333333333, 0.4666666666666667, 0.4666666666666667, 1.0], 'tpr': [0.0, 0.25, 0.25, 0.5, 0.5, 0.75, 0.75, 1.0, 1.0]}}}",efficientnet_b3_palpebral_new_way,"[0.8143759658005064, 0.7741252606278224, 0.6834118066244568, 0.6084499524918613, 0.6263481852234594, 0.5694690157246116, 0.601532709124862, 0.5117260963711517, 0.6219750861853164, 0.4976291788729611, 0.6348736503266341, 0.5603597606254729, 0.4843220767990643, 0.48631194727310284, 0.5361379120523566, 0.5864032874044204, 0.5299685731628873, 0.5347675240987184, 0.4839788158208329, 0.5639647340142964, 0.5234847414177775]","[0.7922111749649048, 0.7613714608279142, 0.7776053168556907, 0.738744733911572, 0.7375771674242887, 0.7897436871673121, 0.7765837799419056, 0.6896710034572717, 0.7302827690586899, 0.69530742818659, 0.7016661022648667, 0.7548044378107245, 0.6773211486411818, 0.6663497578014027, 0.6761481436816129, 0.6738822243430398, 0.6765975735404275, 0.6803594719279896, 0.7389014778715192, 0.7155162782380076, 0.7293797984267726]","[{'accuracy': 0.6060606060606061, 'f1': 0.13333333333333333, 'sensitivity': 0.07142857142857142, 'specificity': 1.0}, {'accuracy': 0.6363636363636364, 'f1': 0.3333333333333333, 'sensitivity': 0.21428571428571427, 'specificity': 0.9473684210526315}, {'accuracy': 0.6060606060606061, 'f1': 0.3157894736842105, 'sensitivity': 0.21428571428571427, 'specificity': 0.8947368421052632}, {'accuracy': 0.6060606060606061, 'f1': 0.5517241379310345, 'sensitivity': 0.5714285714285714, 'specificity': 0.631578947368421}, {'accuracy': 0.6060606060606061, 'f1': 0.3157894736842105, 'sensitivity': 0.21428571428571427, 'specificity': 0.8947368421052632}, {'accuracy': 0.6363636363636364, 'f1': 0.4, 'sensitivity': 0.2857142857142857, 'specificity': 0.8947368421052632}, {'accuracy': 0.6363636363636364, 'f1': 0.5, 'sensitivity': 0.42857142857142855, 'specificity': 0.7894736842105263}, {'accuracy': 0.7272727272727273, 'f1': 0.6896551724137931, 'sensitivity': 0.7142857142857143, 'specificity': 0.7368421052631579}, {'accuracy': 0.7272727272727273, 'f1': 0.64, 'sensitivity': 0.5714285714285714, 'specificity': 0.8421052631578947}, {'accuracy': 0.7272727272727273, 'f1': 0.64, 'sensitivity': 0.5714285714285714, 'specificity': 0.8421052631578947}, {'accuracy': 0.7575757575757576, 'f1': 0.7142857142857143, 'sensitivity': 0.7142857142857143, 'specificity': 0.7894736842105263}, {'accuracy': 0.696969696969697, 'f1': 0.5833333333333334, 'sensitivity': 0.5, 'specificity': 0.8421052631578947}, {'accuracy': 0.696969696969697, 'f1': 0.6153846153846154, 'sensitivity': 0.5714285714285714, 'specificity': 0.7894736842105263}, {'accuracy': 0.7272727272727273, 'f1': 0.6896551724137931, 'sensitivity': 0.7142857142857143, 'specificity': 0.7368421052631579}, {'accuracy': 0.7575757575757576, 'f1': 0.6923076923076923, 'sensitivity': 0.6428571428571429, 'specificity': 0.8421052631578947}, {'accuracy': 0.696969696969697, 'f1': 0.6428571428571429, 'sensitivity': 0.6428571428571429, 'specificity': 0.7368421052631579}, {'accuracy': 0.696969696969697, 'f1': 0.6875, 'sensitivity': 0.7857142857142857, 'specificity': 0.631578947368421}, {'accuracy': 0.7272727272727273, 'f1': 0.6896551724137931, 'sensitivity': 0.7142857142857143, 'specificity': 0.7368421052631579}, {'accuracy': 0.7575757575757576, 'f1': 0.6923076923076923, 'sensitivity': 0.6428571428571429, 'specificity': 0.8421052631578947}, {'accuracy': 0.7575757575757576, 'f1': 0.7142857142857143, 'sensitivity': 0.7142857142857143, 'specificity': 0.7894736842105263}, {'accuracy': 0.7272727272727273, 'f1': 0.6896551724137931, 'sensitivity': 0.7142857142857143, 'specificity': 0.7368421052631579}]",COMPLETE
9,0.6923076923076923,2026-08-08 21:41:12.007271,2026-08-08 21:41:27.301772,0 days 00:00:15.294501,0.2,0.003234746297360854,2.0094111846413368e-05,"{'overall': {'n': 33, 'accuracy': 0.7575757575757576, 'precision': 0.75, 'recall': 0.6428571428571429, 'sensitivity': 0.6428571428571429, 'specificity': 0.8421052631578947, 'balanced_accuracy': 0.7424812030075187, 'f1': 0.6923076923076923, 'confusion_matrix': [[16, 3], [5, 9]], 'auc': 0.7781954887218046, 'roc_curve': {'fpr': [0.0, 0.05263157894736842, 0.05263157894736842, 0.10526315789473684, 0.10526315789473684, 0.15789473684210525, 0.15789473684210525, 0.3157894736842105, 0.3157894736842105, 0.42105263157894735, 0.42105263157894735, 0.5789473684210527, 0.5789473684210527, 0.631578947368421, 0.631578947368421, 1.0], 'tpr': [0.0, 0.0, 0.35714285714285715, 0.35714285714285715, 0.42857142857142855, 0.42857142857142855, 0.6428571428571429, 0.6428571428571429, 0.7857142857142857, 0.7857142857142857, 0.8571428571428571, 0.8571428571428571, 0.9285714285714286, 0.9285714285714286, 1.0, 1.0]}}, 'India': {'n': 14, 'accuracy': 0.5714285714285714, 'precision': 0.75, 'recall': 0.6, 'sensitivity': 0.6, 'specificity': 0.5, 'balanced_accuracy': 0.55, 'f1': 0.6666666666666666, 'confusion_matrix': [[2, 2], [4, 6]], 'auc': 0.5, 'roc_curve': {'fpr': [0.0, 0.0, 0.0, 0.5, 0.5, 0.75, 0.75, 1.0, 1.0], 'tpr': [0.0, 0.1, 0.3, 0.3, 0.6, 0.6, 0.8, 0.8, 1.0]}}, 'Italy': {'n': 19, 'accuracy': 0.8947368421052632, 'precision': 0.75, 'recall': 0.75, 'sensitivity': 0.75, 'specificity': 0.9333333333333333, 'balanced_accuracy': 0.8416666666666667, 'f1': 0.75, 'confusion_matrix': [[14, 1], [1, 3]], 'auc': 0.8666666666666667, 'roc_curve': {'fpr': [0.0, 0.06666666666666667, 0.06666666666666667, 0.3333333333333333, 0.3333333333333333, 1.0], 'tpr': [0.0, 0.0, 0.75, 0.75, 1.0, 1.0]}}}",efficientnet_b3_palpebral_new_way,"[0.80413693623827, 0.7445776387555709, 0.6756081987690452, 0.6472769596718795, 0.6183963603531288, 0.5724554136888871, 0.5859885405230996, 0.6077299463433146, 0.586696205944415, 0.5998310205952221, 0.5740614308426711, 0.5765983939960303, 0.5641194337251171, 0.5557456959951792, 0.5923480107294803, 0.5254853403331429]","[0.7670691230080344, 0.7559564619353323, 0.7435019503940236, 0.7615788091312755, 0.7497478091355526, 0.709104982289401, 0.6954315792430531, 0.6649857578855572, 0.6498052965510975, 0.6797919345624519, 0.7006230571053245, 0.7237435218059656, 0.7237717355742599, 0.7245631579196814, 0.7260222579493667, 0.7289416699698477]","[{'accuracy': 0.6666666666666666, 'f1': 0.42105263157894735, 'sensitivity': 0.2857142857142857, 'specificity': 0.9473684210526315}, {'accuracy': 0.6363636363636364, 'f1': 0.3333333333333333, 'sensitivity': 0.21428571428571427, 'specificity': 0.9473684210526315}, {'accuracy': 0.6666666666666666, 'f1': 0.5217391304347826, 'sensitivity': 0.42857142857142855, 'specificity': 0.8421052631578947}, {'accuracy': 0.6363636363636364, 'f1': 0.4, 'sensitivity': 0.2857142857142857, 'specificity': 0.8947368421052632}, {'accuracy': 0.6060606060606061, 'f1': 0.23529411764705882, 'sensitivity': 0.14285714285714285, 'specificity': 0.9473684210526315}, {'accuracy': 0.7272727272727273, 'f1': 0.5714285714285714, 'sensitivity': 0.42857142857142855, 'specificity': 0.9473684210526315}, {'accuracy': 0.7575757575757576, 'f1': 0.6923076923076923, 'sensitivity': 0.6428571428571429, 'specificity': 0.8421052631578947}, {'accuracy': 0.7272727272727273, 'f1': 0.6896551724137931, 'sensitivity': 0.7142857142857143, 'specificity': 0.7368421052631579}, {'accuracy': 0.696969696969697, 'f1': 0.6666666666666666, 'sensitivity': 0.7142857142857143, 'specificity': 0.6842105263157895}, {'accuracy': 0.696969696969697, 'f1': 0.6428571428571429, 'sensitivity': 0.6428571428571429, 'specificity': 0.7368421052631579}, {'accuracy': 0.6666666666666666, 'f1': 0.56, 'sensitivity': 0.5, 'specificity': 0.7894736842105263}, {'accuracy': 0.6666666666666666, 'f1': 0.5925925925925926, 'sensitivity': 0.5714285714285714, 'specificity': 0.7368421052631579}, {'accuracy': 0.6666666666666666, 'f1': 0.6206896551724138, 'sensitivity': 0.6428571428571429, 'specificity': 0.6842105263157895}, {'accuracy': 0.696969696969697, 'f1': 0.6666666666666666, 'sensitivity': 0.7142857142857143, 'specificity': 0.6842105263157895}, {'accuracy': 0.6666666666666666, 'f1': 0.6206896551724138, 'sensitivity': 0.6428571428571429, 'specificity': 0.6842105263157895}, {'accuracy': 0.6363636363636364, 'f1': 0.5714285714285714, 'sensitivity': 0.5714285714285714, 'specificity': 0.6842105263157895}]",COMPLETE
10,0.6956521739130435,2026-08-08 21:41:27.302130,2026-08-08 21:41:37.744706,0 days 00:00:10.442576,0.5,0.021976264740968022,0.0001537467136904321,"{'overall': {'n': 33, 'accuracy': 0.7878787878787878, 'precision': 0.8888888888888888, 'recall': 0.5714285714285714, 'sensitivity': 0.5714285714285714, 'specificity': 0.9473684210526315, 'balanced_accuracy': 0.7593984962406015, 'f1': 0.6956521739130435, 'confusion_matrix': [[18, 1], [6, 8]], 'auc': 0.793233082706767, 'roc_curve': {'fpr': [0.0, 0.0, 0.0, 0.05263157894736842, 0.05263157894736842, 0.10526315789473684, 0.10526315789473684, 0.15789473684210525, 0.15789473684210525, 0.47368421052631576, 0.47368421052631576, 0.5789473684210527, 0.5789473684210527, 0.7368421052631579, 0.7368421052631579, 1.0], 'tpr': [0.0, 0.07142857142857142, 0.21428571428571427, 0.21428571428571427, 0.5714285714285714, 0.5714285714285714, 0.6428571428571429, 0.6428571428571429, 0.7142857142857143, 0.7142857142857143, 0.7857142857142857, 0.7857142857142857, 0.9285714285714286, 0.9285714285714286, 1.0, 1.0]}}, 'India': {'n': 14, 'accuracy': 0.6428571428571429, 'precision': 1.0, 'recall': 0.5, 'sensitivity': 0.5, 'specificity': 1.0, 'balanced_accuracy': 0.75, 'f1': 0.6666666666666666, 'confusion_matrix': [[4, 0], [5, 5]], 'auc': 0.6749999999999999, 'roc_curve': {'fpr': [0.0, 0.0, 0.0, 0.75, 0.75, 1.0, 1.0], 'tpr': [0.0, 0.1, 0.6, 0.6, 0.9, 0.9, 1.0]}}, 'Italy': {'n': 19, 'accuracy': 0.8947368421052632, 'precision': 0.75, 'recall': 0.75, 'sensitivity': 0.75, 'specificity': 0.9333333333333333, 'balanced_accuracy': 0.8416666666666667, 'f1': 0.75, 'confusion_matrix': [[14, 1], [1, 3]], 'auc': 0.9500000000000001, 'roc_curve': {'fpr': [0.0, 0.0, 0.0, 0.06666666666666667, 0.06666666666666667, 0.13333333333333333, 0.13333333333333333, 1.0], 'tpr': [0.0, 0.25, 0.5, 0.5, 0.75, 0.75, 1.0, 1.0]}}}",efficientnet_b3_palpebral_new_way,"[0.8249649673897699, 0.6901787993134252, 0.6858923269423428, 0.6429218073554387, 0.6902859795172482, 0.7200431811888486, 0.6901504973702083, 0.623417827861988, 0.6403435289070306, 0.6821168665064882, 0.6840140361659575]","[0.781044085820516, 0.7879878119988875, 0.73619616392887, 0.6508661869800452, 0.8073957833376798, 1.0887160301208496, 0.7457107124906598, 0.7656885638381495, 0.9207934032786976, 0.7545892831050989, 0.8351668589042894]","[{'accuracy': 0.5151515151515151, 'f1': 0.5789473684210527, 'sensitivity': 0.7857142857142857, 'specificity': 0.3157894736842105}, {'accuracy': 0.5454545454545454, 'f1': 0.5454545454545454, 'sensitivity': 0.6428571428571429, 'specificity': 0.47368421052631576}, {'accuracy': 0.6666666666666666, 'f1': 0.47619047619047616, 'sensitivity': 0.35714285714285715, 'specificity': 0.8947368421052632}, {'accuracy': 0.7575757575757576, 'f1': 0.6923076923076923, 'sensitivity': 0.6428571428571429, 'specificity': 0.8421052631578947}, {'accuracy': 0.6060606060606061, 'f1': 0.3157894736842105, 'sensitivity': 0.21428571428571427, 'specificity': 0.8947368421052632}, {'accuracy': 0.5757575757575758, 'f1': 0.2222222222222222, 'sensitivity': 0.14285714285714285, 'specificity': 0.8947368421052632}, {'accuracy': 0.7272727272727273, 'f1': 0.5714285714285714, 'sensitivity': 0.42857142857142855, 'specificity': 0.9473684210526315}, {'accuracy': 0.7575757575757576, 'f1': 0.6, 'sensitivity': 0.42857142857142855, 'specificity': 1.0}, {'accuracy': 0.6666666666666666, 'f1': 0.42105263157894735, 'sensitivity': 0.2857142857142857, 'specificity': 0.9473684210526315}, {'accuracy': 0.7878787878787878, 'f1': 0.6956521739130435, 'sensitivity': 0.5714285714285714, 'specificity': 0.9473684210526315}, {'accuracy': 0.7272727272727273, 'f1': 0.5714285714285714, 'sensitivity': 0.42857142857142855, 'specificity': 0.9473684210526315}]",COMPLETE
11,0.64,2026-08-08 21:41:37.745042,2026-08-08 21:41:53.731900,0 days 00:00:15.986858,0.2,0.007252058984932829,1.0670189983799229e-06,"{'overall': {'n': 33, 'accuracy': 0.7272727272727273, 'precision': 0.7272727272727273, 'recall': 0.5714285714285714, 'sensitivity': 0.5714285714285714, 'specificity': 0.8421052631578947, 'balanced_accuracy': 0.706766917293233, 'f1': 0.64, 'confusion_matrix': [[16, 3], [6, 8]], 'auc': 0.7330827067669172, 'roc_curve': {'fpr': [0.0, 0.0, 0.05263157894736842, 0.05263157894736842, 0.10526315789473684, 0.10526315789473684, 0.15789473684210525, 0.15789473684210525, 0.2631578947368421, 0.2631578947368421, 0.3684210526315789, 0.3684210526315789, 0.42105263157894735, 0.42105263157894735, 0.631578947368421, 0.631578947368421, 0.7368421052631579, 0.7368421052631579, 1.0], 'tpr': [0.0, 0.07142857142857142, 0.07142857142857142, 0.35714285714285715, 0.35714285714285715, 0.5, 0.5, 0.5714285714285714, 0.5714285714285714, 0.6428571428571429, 0.6428571428571429, 0.7142857142857143, 0.7142857142857143, 0.7857142857142857, 0.7857142857142857, 0.8571428571428571, 0.8571428571428571, 1.0, 1.0]}}, 'India': {'n': 14, 'accuracy': 0.5, 'precision': 0.7142857142857143, 'recall': 0.5, 'sensitivity': 0.5, 'specificity': 0.5, 'balanced_accuracy': 0.5, 'f1': 0.5882352941176471, 'confusion_matrix': [[2, 2], [5, 5]], 'auc': 0.525, 'roc_curve': {'fpr': [0.0, 0.0, 0.0, 0.25, 0.25, 0.75, 0.75, 1.0, 1.0], 'tpr': [0.0, 0.1, 0.3, 0.3, 0.5, 0.5, 0.8, 0.8, 1.0]}}, 'Italy': {'n': 19, 'accuracy': 0.8947368421052632, 'precision': 0.75, 'recall': 0.75, 'sensitivity': 0.75, 'specificity': 0.9333333333333333, 'balanced_accuracy': 0.8416666666666667, 'f1': 0.75, 'confusion_matrix': [[14, 1], [1, 3]], 'auc': 0.8833333333333334, 'roc_curve': {'fpr': [0.0, 0.0, 0.06666666666666667, 0.06666666666666667, 0.3333333333333333, 0.3333333333333333, 1.0], 'tpr': [0.0, 0.25, 0.25, 0.75, 0.75, 1.0, 1.0]}}}",efficientnet_b3_palpebral_new_way,"[0.805700483701087, 0.7658712634977126, 0.632114498820526, 0.6198508774997383, 0.6464732589311157, 0.5927450341104672, 0.5751164326604629, 0.5550689207797019, 0.5459553970406387, 0.5652282411689, 0.5317003103281488, 0.533604018340837, 0.45062739643829547, 0.5448234428633127, 0.49858486119485057, 0.522435317765798, 0.5018831675021064]","[0.7640080885453657, 0.7495901909741488, 0.776950144406521, 0.8270491036501798, 0.897362394766374, 0.7505617069475579, 0.7619689486243508, 0.7585526379671964, 0.7298149773568818, 0.7052533120820017, 0.7684340910478071, 0.7598547574245569, 0.7250841386390455, 0.720263932690476, 0.7491857283043138, 0.7280095346046217, 0.7476335511063085]","[{'accuracy': 0.7272727272727273, 'f1': 0.6086956521739131, 'sensitivity': 0.5, 'specificity': 0.8947368421052632}, {'accuracy': 0.696969696969697, 'f1': 0.5833333333333334, 'sensitivity': 0.5, 'specificity': 0.8421052631578947}, {'accuracy': 0.6060606060606061, 'f1': 0.38095238095238093, 'sensitivity': 0.2857142857142857, 'specificity': 0.8421052631578947}, {'accuracy': 0.6060606060606061, 'f1': 0.23529411764705882, 'sensitivity': 0.14285714285714285, 'specificity': 0.9473684210526315}, {'accuracy': 0.5757575757575758, 'f1': 0.125, 'sensitivity': 0.07142857142857142, 'specificity': 0.9473684210526315}, {'accuracy': 0.6060606060606061, 'f1': 0.48, 'sensitivity': 0.42857142857142855, 'specificity': 0.7368421052631579}, {'accuracy': 0.6363636363636364, 'f1': 0.5714285714285714, 'sensitivity': 0.5714285714285714, 'specificity': 0.6842105263157895}, {'accuracy': 0.7272727272727273, 'f1': 0.6086956521739131, 'sensitivity': 0.5, 'specificity': 0.8947368421052632}, {'accuracy': 0.696969696969697, 'f1': 0.5833333333333334, 'sensitivity': 0.5, 'specificity': 0.8421052631578947}, {'accuracy': 0.6666666666666666, 'f1': 0.56, 'sensitivity': 0.5, 'specificity': 0.7894736842105263}, {'accuracy': 0.7272727272727273, 'f1': 0.64, 'sensitivity': 0.5714285714285714, 'specificity': 0.8421052631578947}, {'accuracy': 0.7272727272727273, 'f1': 0.64, 'sensitivity': 0.5714285714285714, 'specificity': 0.8421052631578947}, {'accuracy': 0.696969696969697, 'f1': 0.6153846153846154, 'sensitivity': 0.5714285714285714, 'specificity': 0.7894736842105263}, {'accuracy': 0.6363636363636364, 'f1': 0.5714285714285714, 'sensitivity': 0.5714285714285714, 'specificity': 0.6842105263157895}, {'accuracy': 0.696969696969697, 'f1': 0.6153846153846154, 'sensitivity': 0.5714285714285714, 'specificity': 0.7894736842105263}, {'accuracy': 0.6363636363636364, 'f1': 0.5714285714285714, 'sensitivity': 0.5714285714285714, 'specificity': 0.6842105263157895}, {'accuracy': 0.6363636363636364, 'f1': 0.5714285714285714, 'sensitivity': 0.5714285714285714, 'specificity': 0.6842105263157895}]",COMPLETE
