number,value,datetime_start,datetime_complete,duration,params_dropout_rate,params_learning_rate,params_weight_decay,user_attrs_best_val_metrics,user_attrs_model_name,user_attrs_train_loss_history,user_attrs_val_loss_history,user_attrs_val_overall_metrics_history,state
4,0.8387096774193549,2026-08-08 21:45:08.282898,2026-08-08 21:46:11.586281,0 days 00:01:03.303383,0.2,0.0008179499475211679,3.752055855124284e-05,"{'overall': {'n': 31, 'accuracy': 0.8387096774193549, 'precision': 0.7647058823529411, 'recall': 0.9285714285714286, 'sensitivity': 0.9285714285714286, 'specificity': 0.7647058823529411, 'balanced_accuracy': 0.8466386554621849, 'f1': 0.8387096774193549, 'confusion_matrix': [[13, 4], [1, 13]], 'auc': 0.8697478991596638, 'roc_curve': {'fpr': [0.0, 0.0, 0.0, 0.11764705882352941, 0.11764705882352941, 0.17647058823529413, 0.17647058823529413, 0.23529411764705882, 0.23529411764705882, 1.0], 'tpr': [0.0, 0.07142857142857142, 0.21428571428571427, 0.21428571428571427, 0.6428571428571429, 0.6428571428571429, 0.7142857142857143, 0.7142857142857143, 1.0, 1.0]}}, 'India': {'n': 14, 'accuracy': 0.8571428571428571, 'precision': 0.8333333333333334, 'recall': 1.0, 'sensitivity': 1.0, 'specificity': 0.5, 'balanced_accuracy': 0.75, 'f1': 0.9090909090909091, 'confusion_matrix': [[2, 2], [0, 10]], 'auc': 0.7, 'roc_curve': {'fpr': [0.0, 0.0, 0.0, 0.25, 0.25, 0.5, 0.5, 1.0], 'tpr': [0.0, 0.1, 0.2, 0.2, 0.6, 0.6, 1.0, 1.0]}}, 'Italy': {'n': 17, 'accuracy': 0.8235294117647058, 'precision': 0.6, 'recall': 0.75, 'sensitivity': 0.75, 'specificity': 0.8461538461538461, 'balanced_accuracy': 0.7980769230769231, 'f1': 0.6666666666666666, 'confusion_matrix': [[11, 2], [1, 3]], 'auc': 0.9230769230769231, 'roc_curve': {'fpr': [0.0, 0.0, 0.07692307692307693, 0.07692307692307693, 0.15384615384615385, 0.15384615384615385, 1.0], 'tpr': [0.0, 0.25, 0.25, 0.75, 0.75, 1.0, 1.0]}}}",efficientnet_b3_forniceal_palpebral_new_way,"[0.7959781832435504, 0.7800983660886077, 0.7679607272148132, 0.7599264906377209, 0.7293438331610491, 0.7290659384662602, 0.6988442264446596, 0.7112657087189811, 0.6912944207386095, 0.6775066613340054, 0.6786210054442996, 0.6793195086271584, 0.644355051371516, 0.6406291102876469, 0.6241516641208104, 0.653910252107244, 0.6441032010681775, 0.5894453562035853, 0.5995764330941804, 0.6109780016399565, 0.5916441415442901, 0.6156546899250576, 0.5810394846663183, 0.6277400316024313, 0.5994015923973655, 0.598139576360482, 0.601747967961694, 0.5490157350796421, 0.5636594376596463, 0.5756125729911181, 0.5781985346962806, 0.6049622796019729, 0.5361419145752784, 0.5822072138591688, 0.5330297650934077, 0.5651214540410204, 0.5429600501547054, 0.5238609516701731, 0.5376193880223904, 0.5509258983086567, 0.5230152821865212, 0.5122236479707316, 0.5461890105487538, 0.5667183107259323, 0.5572495399689188, 0.5084017679399374, 0.5194349274748847, 0.5520008664552857, 0.48135441359208553, 0.5028418341056019, 0.5431428361101215, 0.5124631759260787, 0.518581364025064, 0.5072339169022178, 0.5271084259967415, 0.49820730090141296, 0.5193533731155655, 0.5067771348823495, 0.4776921568273687, 0.5047022759103451, 0.47861303642493525, 0.512752348873891, 0.4845329875848731, 0.5087874716236478, 0.5076700901093126, 0.49695634537813616, 0.49600187694134357, 0.5188982705680691, 0.5152046031692401, 0.4741685795946186]","[0.808696985244751, 0.8126422166824341, 0.807630181312561, 0.8001230359077454, 0.7677339911460876, 0.7433022260665894, 0.7223869562149048, 0.7058694362640381, 0.692724347114563, 0.677455484867096, 0.6680946946144104, 0.6626948118209839, 0.658888041973114, 0.6602579951286316, 0.6548444032669067, 0.6500230431556702, 0.6458491683006287, 0.6444681286811829, 0.6405127048492432, 0.6319074034690857, 0.6330428123474121, 0.6324533224105835, 0.6271002888679504, 0.6169615387916565, 0.6135522723197937, 0.6147939562797546, 0.6078699231147766, 0.606981635093689, 0.6068412661552429, 0.6057913303375244, 0.6057953834533691, 0.5984089374542236, 0.6061019897460938, 0.5980607271194458, 0.6039115786552429, 0.5972061157226562, 0.5970181822776794, 0.5972965359687805, 0.5927481651306152, 0.5833512544631958, 0.5881307125091553, 0.5816918611526489, 0.571636438369751, 0.5726305246353149, 0.573884904384613, 0.5723031163215637, 0.5625697374343872, 0.5687035322189331, 0.5636746883392334, 0.5617395043373108, 0.5634273290634155, 0.5621665120124817, 0.5632811188697815, 0.556983470916748, 0.5631358027458191, 0.5566433072090149, 0.5579196214675903, 0.5666388273239136, 0.5671924352645874, 0.5689329504966736, 0.5685796737670898, 0.5558019280433655, 0.5490990281105042, 0.555538535118103, 0.5565934777259827, 0.5747034549713135, 0.5754897594451904, 0.5647517442703247, 0.558083713054657, 0.5604254007339478]","[{'accuracy': 0.45161290322580644, 'f1': 0.41379310344827586, 'sensitivity': 0.42857142857142855, 'specificity': 0.47058823529411764}, {'accuracy': 0.3548387096774194, 'f1': 0.16666666666666666, 'sensitivity': 0.14285714285714285, 'specificity': 0.5294117647058824}, {'accuracy': 0.4838709677419355, 'f1': 0.3333333333333333, 'sensitivity': 0.2857142857142857, 'specificity': 0.6470588235294118}, {'accuracy': 0.6451612903225806, 'f1': 0.56, 'sensitivity': 0.5, 'specificity': 0.7647058823529411}, {'accuracy': 0.7096774193548387, 'f1': 0.6666666666666666, 'sensitivity': 0.6428571428571429, 'specificity': 0.7647058823529411}, {'accuracy': 0.7419354838709677, 'f1': 0.7142857142857143, 'sensitivity': 0.7142857142857143, 'specificity': 0.7647058823529411}, {'accuracy': 0.8064516129032258, 'f1': 0.75, 'sensitivity': 0.6428571428571429, 'specificity': 0.9411764705882353}, {'accuracy': 0.8064516129032258, 'f1': 0.7692307692307693, 'sensitivity': 0.7142857142857143, 'specificity': 0.8823529411764706}, {'accuracy': 0.7096774193548387, 'f1': 0.64, 'sensitivity': 0.5714285714285714, 'specificity': 0.8235294117647058}, {'accuracy': 0.8064516129032258, 'f1': 0.8, 'sensitivity': 0.8571428571428571, 'specificity': 0.7647058823529411}, {'accuracy': 0.8387096774193549, 'f1': 0.8387096774193549, 'sensitivity': 0.9285714285714286, 'specificity': 0.7647058823529411}, {'accuracy': 0.7741935483870968, 'f1': 0.7407407407407407, 'sensitivity': 0.7142857142857143, 'specificity': 0.8235294117647058}, {'accuracy': 0.7419354838709677, 'f1': 0.7142857142857143, 'sensitivity': 0.7142857142857143, 'specificity': 0.7647058823529411}, {'accuracy': 0.8064516129032258, 'f1': 0.7692307692307693, 'sensitivity': 0.7142857142857143, 'specificity': 0.8823529411764706}, {'accuracy': 0.8064516129032258, 'f1': 0.7857142857142857, 'sensitivity': 0.7857142857142857, 'specificity': 0.8235294117647058}, {'accuracy': 0.8387096774193549, 'f1': 0.8148148148148148, 'sensitivity': 0.7857142857142857, 'specificity': 0.8823529411764706}, {'accuracy': 0.8387096774193549, 'f1': 0.8148148148148148, 'sensitivity': 0.7857142857142857, 'specificity': 0.8823529411764706}, {'accuracy': 0.8387096774193549, 'f1': 0.8148148148148148, 'sensitivity': 0.7857142857142857, 'specificity': 0.8823529411764706}, {'accuracy': 0.8064516129032258, 'f1': 0.7692307692307693, 'sensitivity': 0.7142857142857143, 'specificity': 0.8823529411764706}, {'accuracy': 0.8064516129032258, 'f1': 0.7692307692307693, 'sensitivity': 0.7142857142857143, 'specificity': 0.8823529411764706}, {'accuracy': 0.7741935483870968, 'f1': 0.7407407407407407, 'sensitivity': 0.7142857142857143, 'specificity': 0.8235294117647058}, {'accuracy': 0.7741935483870968, 'f1': 0.72, 'sensitivity': 0.6428571428571429, 'specificity': 0.8823529411764706}, {'accuracy': 0.7419354838709677, 'f1': 0.6923076923076923, 'sensitivity': 0.6428571428571429, 'specificity': 0.8235294117647058}, {'accuracy': 0.8064516129032258, 'f1': 0.7857142857142857, 'sensitivity': 0.7857142857142857, 'specificity': 0.8235294117647058}, {'accuracy': 0.8387096774193549, 'f1': 0.8275862068965517, 'sensitivity': 0.8571428571428571, 'specificity': 0.8235294117647058}, {'accuracy': 0.8064516129032258, 'f1': 0.7857142857142857, 'sensitivity': 0.7857142857142857, 'specificity': 0.8235294117647058}, {'accuracy': 0.8387096774193549, 'f1': 0.8275862068965517, 'sensitivity': 0.8571428571428571, 'specificity': 0.8235294117647058}, {'accuracy': 0.8064516129032258, 'f1': 0.7692307692307693, 'sensitivity': 0.7142857142857143, 'specificity': 0.8823529411764706}, {'accuracy': 0.7741935483870968, 'f1': 0.72, 'sensitivity': 0.6428571428571429, 'specificity': 0.8823529411764706}, {'accuracy': 0.7741935483870968, 'f1': 0.72, 'sensitivity': 0.6428571428571429, 'specificity': 0.8823529411764706}, {'accuracy': 0.7741935483870968, 'f1': 0.72, 'sensitivity': 0.6428571428571429, 'specificity': 0.8823529411764706}, {'accuracy': 0.7419354838709677, 'f1': 0.6923076923076923, 'sensitivity': 0.6428571428571429, 'specificity': 0.8235294117647058}, {'accuracy': 0.7419354838709677, 'f1': 0.6923076923076923, 'sensitivity': 0.6428571428571429, 'specificity': 0.8235294117647058}, {'accuracy': 0.7741935483870968, 'f1': 0.72, 'sensitivity': 0.6428571428571429, 'specificity': 0.8823529411764706}, {'accuracy': 0.7741935483870968, 'f1': 0.72, 'sensitivity': 0.6428571428571429, 'specificity': 0.8823529411764706}, {'accuracy': 0.7741935483870968, 'f1': 0.72, 'sensitivity': 0.6428571428571429, 'specificity': 0.8823529411764706}, {'accuracy': 0.7741935483870968, 'f1': 0.72, 'sensitivity': 0.6428571428571429, 'specificity': 0.8823529411764706}, {'accuracy': 0.7419354838709677, 'f1': 0.6923076923076923, 'sensitivity': 0.6428571428571429, 'specificity': 0.8235294117647058}, {'accuracy': 0.7741935483870968, 'f1': 0.72, 'sensitivity': 0.6428571428571429, 'specificity': 0.8823529411764706}, {'accuracy': 0.8064516129032258, 'f1': 0.7692307692307693, 'sensitivity': 0.7142857142857143, 'specificity': 0.8823529411764706}, {'accuracy': 0.7741935483870968, 'f1': 0.72, 'sensitivity': 0.6428571428571429, 'specificity': 0.8823529411764706}, {'accuracy': 0.8064516129032258, 'f1': 0.7692307692307693, 'sensitivity': 0.7142857142857143, 'specificity': 0.8823529411764706}, {'accuracy': 0.8387096774193549, 'f1': 0.8148148148148148, 'sensitivity': 0.7857142857142857, 'specificity': 0.8823529411764706}, {'accuracy': 0.8064516129032258, 'f1': 0.7692307692307693, 'sensitivity': 0.7142857142857143, 'specificity': 0.8823529411764706}, {'accuracy': 0.8064516129032258, 'f1': 0.7692307692307693, 'sensitivity': 0.7142857142857143, 'specificity': 0.8823529411764706}, {'accuracy': 0.8064516129032258, 'f1': 0.7692307692307693, 'sensitivity': 0.7142857142857143, 'specificity': 0.8823529411764706}, {'accuracy': 0.8064516129032258, 'f1': 0.7692307692307693, 'sensitivity': 0.7142857142857143, 'specificity': 0.8823529411764706}, {'accuracy': 0.7741935483870968, 'f1': 0.72, 'sensitivity': 0.6428571428571429, 'specificity': 0.8823529411764706}, {'accuracy': 0.7741935483870968, 'f1': 0.72, 'sensitivity': 0.6428571428571429, 'specificity': 0.8823529411764706}, {'accuracy': 0.8064516129032258, 'f1': 0.7692307692307693, 'sensitivity': 0.7142857142857143, 'specificity': 0.8823529411764706}, {'accuracy': 0.7741935483870968, 'f1': 0.72, 'sensitivity': 0.6428571428571429, 'specificity': 0.8823529411764706}, {'accuracy': 0.7741935483870968, 'f1': 0.72, 'sensitivity': 0.6428571428571429, 'specificity': 0.8823529411764706}, {'accuracy': 0.7741935483870968, 'f1': 0.72, 'sensitivity': 0.6428571428571429, 'specificity': 0.8823529411764706}, {'accuracy': 0.8064516129032258, 'f1': 0.7692307692307693, 'sensitivity': 0.7142857142857143, 'specificity': 0.8823529411764706}, {'accuracy': 0.8387096774193549, 'f1': 0.8148148148148148, 'sensitivity': 0.7857142857142857, 'specificity': 0.8823529411764706}, {'accuracy': 0.8387096774193549, 'f1': 0.8148148148148148, 'sensitivity': 0.7857142857142857, 'specificity': 0.8823529411764706}, {'accuracy': 0.8064516129032258, 'f1': 0.7692307692307693, 'sensitivity': 0.7142857142857143, 'specificity': 0.8823529411764706}, {'accuracy': 0.7741935483870968, 'f1': 0.72, 'sensitivity': 0.6428571428571429, 'specificity': 0.8823529411764706}, {'accuracy': 0.7741935483870968, 'f1': 0.72, 'sensitivity': 0.6428571428571429, 'specificity': 0.8823529411764706}, {'accuracy': 0.7419354838709677, 'f1': 0.6666666666666666, 'sensitivity': 0.5714285714285714, 'specificity': 0.8823529411764706}, {'accuracy': 0.7419354838709677, 'f1': 0.6666666666666666, 'sensitivity': 0.5714285714285714, 'specificity': 0.8823529411764706}, {'accuracy': 0.7741935483870968, 'f1': 0.72, 'sensitivity': 0.6428571428571429, 'specificity': 0.8823529411764706}, {'accuracy': 0.7741935483870968, 'f1': 0.72, 'sensitivity': 0.6428571428571429, 'specificity': 0.8823529411764706}, {'accuracy': 0.7741935483870968, 'f1': 0.72, 'sensitivity': 0.6428571428571429, 'specificity': 0.8823529411764706}, {'accuracy': 0.7419354838709677, 'f1': 0.6666666666666666, 'sensitivity': 0.5714285714285714, 'specificity': 0.8823529411764706}, {'accuracy': 0.7419354838709677, 'f1': 0.6666666666666666, 'sensitivity': 0.5714285714285714, 'specificity': 0.8823529411764706}, {'accuracy': 0.7419354838709677, 'f1': 0.6666666666666666, 'sensitivity': 0.5714285714285714, 'specificity': 0.8823529411764706}, {'accuracy': 0.7741935483870968, 'f1': 0.72, 'sensitivity': 0.6428571428571429, 'specificity': 0.8823529411764706}, {'accuracy': 0.8387096774193549, 'f1': 0.8148148148148148, 'sensitivity': 0.7857142857142857, 'specificity': 0.8823529411764706}, {'accuracy': 0.8387096774193549, 'f1': 0.8148148148148148, 'sensitivity': 0.7857142857142857, 'specificity': 0.8823529411764706}]",COMPLETE
5,0.7857142857142857,2026-08-08 21:46:11.586672,2026-08-08 21:46:27.084929,0 days 00:00:15.498257,0.5,0.07734445970634252,0.00047982072674057337,"{'overall': {'n': 31, 'accuracy': 0.8064516129032258, 'precision': 0.7857142857142857, 'recall': 0.7857142857142857, 'sensitivity': 0.7857142857142857, 'specificity': 0.8235294117647058, 'balanced_accuracy': 0.8046218487394958, 'f1': 0.7857142857142857, 'confusion_matrix': [[14, 3], [3, 11]], 'auc': 0.861344537815126, 'roc_curve': {'fpr': [0.0, 0.0, 0.0, 0.058823529411764705, 0.058823529411764705, 0.11764705882352941, 0.11764705882352941, 0.23529411764705882, 0.23529411764705882, 0.47058823529411764, 0.47058823529411764, 0.7058823529411765, 0.7058823529411765, 1.0], 'tpr': [0.0, 0.07142857142857142, 0.2857142857142857, 0.2857142857142857, 0.6428571428571429, 0.6428571428571429, 0.7857142857142857, 0.7857142857142857, 0.8571428571428571, 0.8571428571428571, 0.9285714285714286, 0.9285714285714286, 1.0, 1.0]}}, 'India': {'n': 14, 'accuracy': 0.7857142857142857, 'precision': 0.8888888888888888, 'recall': 0.8, 'sensitivity': 0.8, 'specificity': 0.75, 'balanced_accuracy': 0.775, 'f1': 0.8421052631578947, 'confusion_matrix': [[3, 1], [2, 8]], 'auc': 0.75, 'roc_curve': {'fpr': [0.0, 0.0, 0.0, 0.25, 0.25, 0.5, 0.5, 1.0], 'tpr': [0.0, 0.1, 0.2, 0.2, 0.8, 0.8, 1.0, 1.0]}}, 'Italy': {'n': 17, 'accuracy': 0.8235294117647058, 'precision': 0.6, 'recall': 0.75, 'sensitivity': 0.75, 'specificity': 0.8461538461538461, 'balanced_accuracy': 0.7980769230769231, 'f1': 0.6666666666666666, 'confusion_matrix': [[11, 2], [1, 3]], 'auc': 0.8269230769230769, 'roc_curve': {'fpr': [0.0, 0.0, 0.0, 0.6923076923076923, 0.6923076923076923, 1.0], 'tpr': [0.0, 0.25, 0.75, 0.75, 1.0, 1.0]}}}",efficientnet_b3_forniceal_palpebral_new_way,"[1.123561834802433, 0.9116375146268987, 1.0351394721034433, 0.8968009312136643, 1.23238890511649, 0.9690305164882115, 1.207663536679988, 1.1785147319845601, 1.256995561171551, 1.0519364788418724, 1.4465426526913026, 1.8440299151706048, 1.1925298705392955, 1.389423166002546, 1.3888214932007044, 1.3093270371560337, 1.3848184485013793]","[1.0810060501098633, 1.5600154399871826, 2.2449309825897217, 3.5007436275482178, 1.6868127584457397, 1.9384205341339111, 1.0187321901321411, 1.256027340888977, 1.1570353507995605, 0.8224056959152222, 1.1331281661987305, 1.1145713329315186, 0.8826645612716675, 1.6198558807373047, 0.9215908646583557, 1.0565643310546875, 1.058940052986145]","[{'accuracy': 0.5483870967741935, 'f1': 0.46153846153846156, 'sensitivity': 0.42857142857142855, 'specificity': 0.6470588235294118}, {'accuracy': 0.5161290322580645, 'f1': 0.4, 'sensitivity': 0.35714285714285715, 'specificity': 0.6470588235294118}, {'accuracy': 0.5806451612903226, 'f1': 0.3157894736842105, 'sensitivity': 0.21428571428571427, 'specificity': 0.8823529411764706}, {'accuracy': 0.5806451612903226, 'f1': 0.23529411764705882, 'sensitivity': 0.14285714285714285, 'specificity': 0.9411764705882353}, {'accuracy': 0.5806451612903226, 'f1': 0.43478260869565216, 'sensitivity': 0.35714285714285715, 'specificity': 0.7647058823529411}, {'accuracy': 0.6129032258064516, 'f1': 0.4, 'sensitivity': 0.2857142857142857, 'specificity': 0.8823529411764706}, {'accuracy': 0.7419354838709677, 'f1': 0.7647058823529411, 'sensitivity': 0.9285714285714286, 'specificity': 0.5882352941176471}, {'accuracy': 0.7096774193548387, 'f1': 0.6086956521739131, 'sensitivity': 0.5, 'specificity': 0.8823529411764706}, {'accuracy': 0.6129032258064516, 'f1': 0.45454545454545453, 'sensitivity': 0.35714285714285715, 'specificity': 0.8235294117647058}, {'accuracy': 0.7419354838709677, 'f1': 0.7647058823529411, 'sensitivity': 0.9285714285714286, 'specificity': 0.5882352941176471}, {'accuracy': 0.7419354838709677, 'f1': 0.6363636363636364, 'sensitivity': 0.5, 'specificity': 0.9411764705882353}, {'accuracy': 0.7741935483870968, 'f1': 0.6956521739130435, 'sensitivity': 0.5714285714285714, 'specificity': 0.9411764705882353}, {'accuracy': 0.7419354838709677, 'f1': 0.7142857142857143, 'sensitivity': 0.7142857142857143, 'specificity': 0.7647058823529411}, {'accuracy': 0.7419354838709677, 'f1': 0.6363636363636364, 'sensitivity': 0.5, 'specificity': 0.9411764705882353}, {'accuracy': 0.8064516129032258, 'f1': 0.7857142857142857, 'sensitivity': 0.7857142857142857, 'specificity': 0.8235294117647058}, {'accuracy': 0.7741935483870968, 'f1': 0.72, 'sensitivity': 0.6428571428571429, 'specificity': 0.8823529411764706}, {'accuracy': 0.8064516129032258, 'f1': 0.7857142857142857, 'sensitivity': 0.7857142857142857, 'specificity': 0.8235294117647058}]",COMPLETE
