number,value,datetime_start,datetime_complete,duration,params_dropout_rate,params_learning_rate,params_weight_decay,user_attrs_best_val_metrics,user_attrs_model_name,user_attrs_train_loss_history,user_attrs_val_loss_history,user_attrs_val_overall_metrics_history,state
6,0.72,2026-08-08 21:38:53.856167,2026-08-08 21:39:17.456826,0 days 00:00:23.600659,0.2,0.002691422871453577,0.0008513157404824219,"{'overall': {'n': 33, 'accuracy': 0.7878787878787878, 'precision': 0.8181818181818182, 'recall': 0.6428571428571429, 'sensitivity': 0.6428571428571429, 'specificity': 0.8947368421052632, 'balanced_accuracy': 0.768796992481203, 'f1': 0.72, 'confusion_matrix': [[17, 2], [5, 9]], 'auc': 0.8157894736842105, 'roc_curve': {'fpr': [0.0, 0.05263157894736842, 0.05263157894736842, 0.10526315789473684, 0.10526315789473684, 0.15789473684210525, 0.15789473684210525, 0.3157894736842105, 0.3157894736842105, 0.8421052631578947, 0.8421052631578947, 1.0], 'tpr': [0.0, 0.0, 0.14285714285714285, 0.14285714285714285, 0.7142857142857143, 0.7142857142857143, 0.7857142857142857, 0.7857142857142857, 0.9285714285714286, 0.9285714285714286, 1.0, 1.0]}}, 'India': {'n': 14, 'accuracy': 0.7142857142857143, 'precision': 0.875, 'recall': 0.7, 'sensitivity': 0.7, 'specificity': 0.75, 'balanced_accuracy': 0.725, 'f1': 0.7777777777777778, 'confusion_matrix': [[3, 1], [3, 7]], 'auc': 0.625, 'roc_curve': {'fpr': [0.0, 0.0, 0.0, 0.25, 0.25, 0.75, 0.75, 1.0, 1.0], 'tpr': [0.0, 0.1, 0.2, 0.2, 0.7, 0.7, 0.9, 0.9, 1.0]}}, 'Italy': {'n': 19, 'accuracy': 0.8421052631578947, 'precision': 0.6666666666666666, 'recall': 0.5, 'sensitivity': 0.5, 'specificity': 0.9333333333333333, 'balanced_accuracy': 0.7166666666666667, 'f1': 0.5714285714285714, 'confusion_matrix': [[14, 1], [2, 2]], 'auc': 0.9333333333333333, 'roc_curve': {'fpr': [0.0, 0.06666666666666667, 0.06666666666666667, 1.0], 'tpr': [0.0, 0.0, 1.0, 1.0]}}}",efficientnet_b3_palpebral_new_way,"[0.8085375282148651, 0.7357184681671345, 0.7071800634560995, 0.6393587297161684, 0.6136156415307759, 0.6409743246653222, 0.6212472702493731, 0.6149777462150877, 0.5929187394135835, 0.556412651444113, 0.6133470480015736, 0.5860653815679993, 0.5716970377410484, 0.5536063135854455, 0.5659661233819873, 0.5679511941031904, 0.5651087401718493, 0.6013615822160481, 0.5416094048923215, 0.5269899802492154, 0.5246272525250517, 0.5143205444544356, 0.5445463511328034, 0.503736748798004, 0.4863254510803728]","[0.8041641170328314, 0.7824862924489108, 0.7863726290789518, 0.7533070770176974, 0.7473964420231906, 0.7364085352782047, 0.7147439862742568, 0.6884506687973485, 0.6508770855990323, 0.6581725134994044, 0.6634832873488917, 0.647822228345004, 0.6340805093447367, 0.6493372610121062, 0.6536820729573568, 0.6373502268935695, 0.631577780752471, 0.6268468336625532, 0.6573341579148264, 0.6595831459218805, 0.6321083162770127, 0.6346672484368989, 0.631512620232322, 0.6395174012039647, 0.6393638235149961]","[{'accuracy': 0.5151515151515151, 'f1': 0.38461538461538464, 'sensitivity': 0.35714285714285715, 'specificity': 0.631578947368421}, {'accuracy': 0.6363636363636364, 'f1': 0.6842105263157895, 'sensitivity': 0.9285714285714286, 'specificity': 0.42105263157894735}, {'accuracy': 0.6060606060606061, 'f1': 0.6666666666666666, 'sensitivity': 0.9285714285714286, 'specificity': 0.3684210526315789}, {'accuracy': 0.6363636363636364, 'f1': 0.5714285714285714, 'sensitivity': 0.5714285714285714, 'specificity': 0.6842105263157895}, {'accuracy': 0.6363636363636364, 'f1': 0.3333333333333333, 'sensitivity': 0.21428571428571427, 'specificity': 0.9473684210526315}, {'accuracy': 0.5757575757575758, 'f1': 0.36363636363636365, 'sensitivity': 0.2857142857142857, 'specificity': 0.7894736842105263}, {'accuracy': 0.7272727272727273, 'f1': 0.64, 'sensitivity': 0.5714285714285714, 'specificity': 0.8421052631578947}, {'accuracy': 0.7878787878787878, 'f1': 0.72, 'sensitivity': 0.6428571428571429, 'specificity': 0.8947368421052632}, {'accuracy': 0.7272727272727273, 'f1': 0.64, 'sensitivity': 0.5714285714285714, 'specificity': 0.8421052631578947}, {'accuracy': 0.696969696969697, 'f1': 0.6153846153846154, 'sensitivity': 0.5714285714285714, 'specificity': 0.7894736842105263}, {'accuracy': 0.6363636363636364, 'f1': 0.5384615384615384, 'sensitivity': 0.5, 'specificity': 0.7368421052631579}, {'accuracy': 0.6666666666666666, 'f1': 0.5925925925925926, 'sensitivity': 0.5714285714285714, 'specificity': 0.7368421052631579}, {'accuracy': 0.6666666666666666, 'f1': 0.5925925925925926, 'sensitivity': 0.5714285714285714, 'specificity': 0.7368421052631579}, {'accuracy': 0.6363636363636364, 'f1': 0.5714285714285714, 'sensitivity': 0.5714285714285714, 'specificity': 0.6842105263157895}, {'accuracy': 0.6666666666666666, 'f1': 0.5925925925925926, 'sensitivity': 0.5714285714285714, 'specificity': 0.7368421052631579}, {'accuracy': 0.6666666666666666, 'f1': 0.5925925925925926, 'sensitivity': 0.5714285714285714, 'specificity': 0.7368421052631579}, {'accuracy': 0.6363636363636364, 'f1': 0.5714285714285714, 'sensitivity': 0.5714285714285714, 'specificity': 0.6842105263157895}, {'accuracy': 0.6363636363636364, 'f1': 0.5714285714285714, 'sensitivity': 0.5714285714285714, 'specificity': 0.6842105263157895}, {'accuracy': 0.6363636363636364, 'f1': 0.5714285714285714, 'sensitivity': 0.5714285714285714, 'specificity': 0.6842105263157895}, {'accuracy': 0.6363636363636364, 'f1': 0.5714285714285714, 'sensitivity': 0.5714285714285714, 'specificity': 0.6842105263157895}, {'accuracy': 0.6363636363636364, 'f1': 0.5714285714285714, 'sensitivity': 0.5714285714285714, 'specificity': 0.6842105263157895}, {'accuracy': 0.6363636363636364, 'f1': 0.5714285714285714, 'sensitivity': 0.5714285714285714, 'specificity': 0.6842105263157895}, {'accuracy': 0.6363636363636364, 'f1': 0.5714285714285714, 'sensitivity': 0.5714285714285714, 'specificity': 0.6842105263157895}, {'accuracy': 0.6363636363636364, 'f1': 0.5714285714285714, 'sensitivity': 0.5714285714285714, 'specificity': 0.6842105263157895}, {'accuracy': 0.6363636363636364, 'f1': 0.5714285714285714, 'sensitivity': 0.5714285714285714, 'specificity': 0.6842105263157895}]",COMPLETE
