number,value,datetime_start,datetime_complete,duration,params_dropout_rate,params_learning_rate,params_weight_decay,user_attrs_best_val_metrics,user_attrs_model_name,user_attrs_train_loss_history,user_attrs_val_loss_history,user_attrs_val_overall_metrics_history,state
2,0.6666666666666666,2026-08-08 21:37:37.614680,2026-08-08 21:37:55.442285,0 days 00:00:17.827605,0.5,0.006358358856676255,0.000133112160807369,"{'overall': {'n': 33, 'accuracy': 0.7272727272727273, 'precision': 0.6923076923076923, 'recall': 0.6428571428571429, 'sensitivity': 0.6428571428571429, 'specificity': 0.7894736842105263, 'balanced_accuracy': 0.7161654135338347, 'f1': 0.6666666666666666, 'confusion_matrix': [[15, 4], [5, 9]], 'auc': 0.7857142857142857, 'roc_curve': {'fpr': [0.0, 0.05263157894736842, 0.05263157894736842, 0.10526315789473684, 0.10526315789473684, 0.21052631578947367, 0.21052631578947367, 0.3157894736842105, 0.3157894736842105, 0.5789473684210527, 0.5789473684210527, 0.7368421052631579, 0.7368421052631579, 1.0], 'tpr': [0.0, 0.0, 0.42857142857142855, 0.42857142857142855, 0.5, 0.5, 0.7142857142857143, 0.7142857142857143, 0.8571428571428571, 0.8571428571428571, 0.9285714285714286, 0.9285714285714286, 1.0, 1.0]}}, 'India': {'n': 14, 'accuracy': 0.5714285714285714, 'precision': 0.75, 'recall': 0.6, 'sensitivity': 0.6, 'specificity': 0.5, 'balanced_accuracy': 0.55, 'f1': 0.6666666666666666, 'confusion_matrix': [[2, 2], [4, 6]], 'auc': 0.5750000000000001, 'roc_curve': {'fpr': [0.0, 0.0, 0.0, 0.25, 0.25, 0.5, 0.5, 0.75, 0.75, 1.0, 1.0], 'tpr': [0.0, 0.1, 0.3, 0.3, 0.4, 0.4, 0.7, 0.7, 0.9, 0.9, 1.0]}}, 'Italy': {'n': 19, 'accuracy': 0.8421052631578947, 'precision': 0.6, 'recall': 0.75, 'sensitivity': 0.75, 'specificity': 0.8666666666666667, 'balanced_accuracy': 0.8083333333333333, 'f1': 0.6666666666666666, 'confusion_matrix': [[13, 2], [1, 3]], 'auc': 0.9, 'roc_curve': {'fpr': [0.0, 0.06666666666666667, 0.06666666666666667, 0.2, 0.2, 1.0], 'tpr': [0.0, 0.0, 0.75, 0.75, 1.0, 1.0]}}}",efficientnet_b3_palpebral_new_way,"[0.7991084977491012, 0.7123415383282087, 0.6430333864609927, 0.6491049445228071, 0.5770572167358651, 0.6584142963617843, 0.6483000497154842, 0.5934330828931947, 0.5675329893630072, 0.5918721971132898, 0.5435335280879444, 0.6555460320403245, 0.5790520373559156, 0.5350512641155167, 0.6039531268426125, 0.5864367504783025, 0.5117036929193711, 0.6278439704945545, 0.5815173768444567]","[0.7861605142102097, 0.7733914490902063, 0.7677461432688164, 0.7758429520057909, 0.7851063916177461, 0.7863950187509711, 0.7418697349952929, 0.6890397866566976, 0.6734802867427017, 0.6792112480510365, 0.6794368570501154, 0.672955617760167, 0.6739570913892804, 0.7287653865236224, 0.7339947368159438, 0.7143803076310591, 0.723472945617907, 0.7171529856595126, 0.693798997185447]","[{'accuracy': 0.6666666666666666, 'f1': 0.42105263157894735, 'sensitivity': 0.2857142857142857, 'specificity': 0.9473684210526315}, {'accuracy': 0.6363636363636364, 'f1': 0.5, 'sensitivity': 0.42857142857142855, 'specificity': 0.7894736842105263}, {'accuracy': 0.5757575757575758, 'f1': 0.3, 'sensitivity': 0.21428571428571427, 'specificity': 0.8421052631578947}, {'accuracy': 0.6666666666666666, 'f1': 0.47619047619047616, 'sensitivity': 0.35714285714285715, 'specificity': 0.8947368421052632}, {'accuracy': 0.6363636363636364, 'f1': 0.4, 'sensitivity': 0.2857142857142857, 'specificity': 0.8947368421052632}, {'accuracy': 0.6060606060606061, 'f1': 0.3157894736842105, 'sensitivity': 0.21428571428571427, 'specificity': 0.8947368421052632}, {'accuracy': 0.6363636363636364, 'f1': 0.45454545454545453, 'sensitivity': 0.35714285714285715, 'specificity': 0.8421052631578947}, {'accuracy': 0.7272727272727273, 'f1': 0.6666666666666666, 'sensitivity': 0.6428571428571429, 'specificity': 0.7894736842105263}, {'accuracy': 0.696969696969697, 'f1': 0.6666666666666666, 'sensitivity': 0.7142857142857143, 'specificity': 0.6842105263157895}, {'accuracy': 0.7272727272727273, 'f1': 0.6666666666666666, 'sensitivity': 0.6428571428571429, 'specificity': 0.7894736842105263}, {'accuracy': 0.6666666666666666, 'f1': 0.56, 'sensitivity': 0.5, 'specificity': 0.7894736842105263}, {'accuracy': 0.7272727272727273, 'f1': 0.6666666666666666, 'sensitivity': 0.6428571428571429, 'specificity': 0.7894736842105263}, {'accuracy': 0.696969696969697, 'f1': 0.6428571428571429, 'sensitivity': 0.6428571428571429, 'specificity': 0.7368421052631579}, {'accuracy': 0.6363636363636364, 'f1': 0.5384615384615384, 'sensitivity': 0.5, 'specificity': 0.7368421052631579}, {'accuracy': 0.6363636363636364, 'f1': 0.5384615384615384, 'sensitivity': 0.5, 'specificity': 0.7368421052631579}, {'accuracy': 0.6363636363636364, 'f1': 0.5714285714285714, 'sensitivity': 0.5714285714285714, 'specificity': 0.6842105263157895}, {'accuracy': 0.6363636363636364, 'f1': 0.5714285714285714, 'sensitivity': 0.5714285714285714, 'specificity': 0.6842105263157895}, {'accuracy': 0.6363636363636364, 'f1': 0.5714285714285714, 'sensitivity': 0.5714285714285714, 'specificity': 0.6842105263157895}, {'accuracy': 0.6363636363636364, 'f1': 0.6, 'sensitivity': 0.6428571428571429, 'specificity': 0.631578947368421}]",COMPLETE
3,0.6666666666666666,2026-08-08 21:37:55.442677,2026-08-08 21:38:03.134005,0 days 00:00:07.691328,0.5,0.03142880890840111,4.335281794951567e-06,"{'overall': {'n': 33, 'accuracy': 0.6666666666666666, 'precision': 0.5789473684210527, 'recall': 0.7857142857142857, 'sensitivity': 0.7857142857142857, 'specificity': 0.5789473684210527, 'balanced_accuracy': 0.6823308270676691, 'f1': 0.6666666666666666, 'confusion_matrix': [[11, 8], [3, 11]], 'auc': 0.7631578947368421, 'roc_curve': {'fpr': [0.0, 0.0, 0.05263157894736842, 0.05263157894736842, 0.10526315789473684, 0.10526315789473684, 0.21052631578947367, 0.21052631578947367, 0.3684210526315789, 0.3684210526315789, 0.42105263157894735, 0.42105263157894735, 0.47368421052631576, 0.47368421052631576, 1.0], 'tpr': [0.0, 0.07142857142857142, 0.07142857142857142, 0.21428571428571427, 0.21428571428571427, 0.5, 0.5, 0.5714285714285714, 0.5714285714285714, 0.6428571428571429, 0.6428571428571429, 0.8571428571428571, 0.8571428571428571, 1.0, 1.0]}}, 'India': {'n': 14, 'accuracy': 0.5714285714285714, 'precision': 0.7, 'recall': 0.7, 'sensitivity': 0.7, 'specificity': 0.25, 'balanced_accuracy': 0.475, 'f1': 0.7, 'confusion_matrix': [[1, 3], [3, 7]], 'auc': 0.55, 'roc_curve': {'fpr': [0.0, 0.0, 0.0, 0.25, 0.25, 0.75, 0.75, 1.0, 1.0], 'tpr': [0.0, 0.1, 0.4, 0.4, 0.5, 0.5, 0.8, 0.8, 1.0]}}, 'Italy': {'n': 19, 'accuracy': 0.7368421052631579, 'precision': 0.4444444444444444, 'recall': 1.0, 'sensitivity': 1.0, 'specificity': 0.6666666666666666, 'balanced_accuracy': 0.8333333333333333, 'f1': 0.6153846153846154, 'confusion_matrix': [[10, 5], [0, 4]], 'auc': 0.8333333333333334, 'roc_curve': {'fpr': [0.0, 0.06666666666666667, 0.06666666666666667, 0.13333333333333333, 0.13333333333333333, 0.3333333333333333, 0.3333333333333333, 1.0], 'tpr': [0.0, 0.0, 0.25, 0.25, 0.75, 0.75, 1.0, 1.0]}}}",efficientnet_b3_palpebral_new_way,"[0.8407204261678733, 0.8372933347493607, 0.8292445031222918, 0.9867559521403534, 0.8996365196657496, 0.892617458934026, 0.7330885328204426, 0.8444158770390694]","[0.6676556179017732, 0.8876112193772288, 1.2352200276923901, 1.3927863438924153, 1.293324593341712, 0.6765242923389782, 1.3386210528287021, 1.0882813713767312]","[{'accuracy': 0.7272727272727273, 'f1': 0.6086956521739131, 'sensitivity': 0.5, 'specificity': 0.8947368421052632}, {'accuracy': 0.5757575757575758, 'f1': 0.3, 'sensitivity': 0.21428571428571427, 'specificity': 0.8421052631578947}, {'accuracy': 0.5757575757575758, 'f1': 0.2222222222222222, 'sensitivity': 0.14285714285714285, 'specificity': 0.8947368421052632}, {'accuracy': 0.5757575757575758, 'f1': 0.125, 'sensitivity': 0.07142857142857142, 'specificity': 0.9473684210526315}, {'accuracy': 0.5757575757575758, 'f1': 0.2222222222222222, 'sensitivity': 0.14285714285714285, 'specificity': 0.8947368421052632}, {'accuracy': 0.6666666666666666, 'f1': 0.6666666666666666, 'sensitivity': 0.7857142857142857, 'specificity': 0.5789473684210527}, {'accuracy': 0.5757575757575758, 'f1': 0.125, 'sensitivity': 0.07142857142857142, 'specificity': 0.9473684210526315}, {'accuracy': 0.7272727272727273, 'f1': 0.5714285714285714, 'sensitivity': 0.42857142857142855, 'specificity': 0.9473684210526315}]",COMPLETE
4,0.6470588235294118,2026-08-08 21:38:03.134397,2026-08-08 21:38:46.176212,0 days 00:00:43.041815,0.2,0.0008179499475211679,3.752055855124284e-05,"{'overall': {'n': 33, 'accuracy': 0.6363636363636364, 'precision': 0.55, 'recall': 0.7857142857142857, 'sensitivity': 0.7857142857142857, 'specificity': 0.5263157894736842, 'balanced_accuracy': 0.6560150375939849, 'f1': 0.6470588235294118, 'confusion_matrix': [[10, 9], [3, 11]], 'auc': 0.6842105263157895, 'roc_curve': {'fpr': [0.0, 0.0, 0.05263157894736842, 0.05263157894736842, 0.15789473684210525, 0.15789473684210525, 0.21052631578947367, 0.21052631578947367, 0.3157894736842105, 0.3157894736842105, 0.42105263157894735, 0.42105263157894735, 0.47368421052631576, 0.47368421052631576, 0.631578947368421, 0.631578947368421, 0.7894736842105263, 0.7894736842105263, 1.0], 'tpr': [0.0, 0.07142857142857142, 0.07142857142857142, 0.21428571428571427, 0.21428571428571427, 0.42857142857142855, 0.42857142857142855, 0.5714285714285714, 0.5714285714285714, 0.6428571428571429, 0.6428571428571429, 0.7142857142857143, 0.7142857142857143, 0.7857142857142857, 0.7857142857142857, 0.8571428571428571, 0.8571428571428571, 1.0, 1.0]}}, 'India': {'n': 14, 'accuracy': 0.6428571428571429, 'precision': 0.7272727272727273, 'recall': 0.8, 'sensitivity': 0.8, 'specificity': 0.25, 'balanced_accuracy': 0.525, 'f1': 0.7619047619047619, 'confusion_matrix': [[1, 3], [2, 8]], 'auc': 0.575, 'roc_curve': {'fpr': [0.0, 0.0, 0.0, 0.25, 0.25, 0.5, 0.5, 0.75, 0.75, 1.0], 'tpr': [0.0, 0.1, 0.3, 0.3, 0.4, 0.4, 0.6, 0.6, 1.0, 1.0]}}, 'Italy': {'n': 19, 'accuracy': 0.631578947368421, 'precision': 0.3333333333333333, 'recall': 0.75, 'sensitivity': 0.75, 'specificity': 0.6, 'balanced_accuracy': 0.675, 'f1': 0.46153846153846156, 'confusion_matrix': [[9, 6], [1, 3]], 'auc': 0.7000000000000001, 'roc_curve': {'fpr': [0.0, 0.06666666666666667, 0.13333333333333333, 0.13333333333333333, 0.3333333333333333, 0.3333333333333333, 0.6, 0.6, 1.0], 'tpr': [0.0, 0.0, 0.0, 0.5, 0.5, 0.75, 0.75, 1.0, 1.0]}}}",efficientnet_b3_palpebral_new_way,"[0.8040034980173932, 0.7892951144287917, 0.7676211970531388, 0.7514585813149711, 0.7314848489319252, 0.7162020478817012, 0.7314211216983416, 0.7143217581786857, 0.7141614232631709, 0.6827118361233085, 0.66718586667484, 0.6693606779275351, 0.6631648773389147, 0.6505793715944354, 0.6394739131264339, 0.644662041537809, 0.6284603831783825, 0.6643074486429328, 0.6086563996921311, 0.6287969548181193, 0.639711144349433, 0.6474849139617769, 0.6197606265939624, 0.6042238564680744, 0.6225268876315743, 0.6017076298101058, 0.6044638101628285, 0.6106657555561192, 0.5855348879927831, 0.5702606585641571, 0.5918715400806326, 0.5939224575529035, 0.5926041938611214, 0.5948816068125087, 0.5715718968025106, 0.5801230199289638, 0.6103644007878588, 0.6209997021599322, 0.5999020065692876, 0.546319217081891, 0.597568940247921, 0.5598856115972759, 0.617097002188891, 0.5498138974044496, 0.579324689527221, 0.5504103374007522]","[0.8094553008224025, 0.7969579317352988, 0.8046656684442, 0.7987393357537009, 0.7884412371751034, 0.7951034704844157, 0.7862752134149725, 0.7689117698958425, 0.7375236009106492, 0.7321912330208402, 0.7171428275830818, 0.7104971842332319, 0.7098847230275472, 0.7029597000642256, 0.6961982701763962, 0.6970828012986616, 0.6880632891799464, 0.6893174359292695, 0.6908697576233835, 0.6868316422809254, 0.6866813283978086, 0.6839208530657219, 0.6859344189817255, 0.6809445727955211, 0.684663581125664, 0.6810778812928633, 0.6802088600216489, 0.6817726763811979, 0.6778425375620524, 0.6783438631982515, 0.6755709097240911, 0.6774809432752205, 0.6720745265483856, 0.6759914954503378, 0.6760062123789932, 0.6720140540238583, 0.6707482175393538, 0.6745418906211853, 0.6664856365232756, 0.6675486104054884, 0.6758715257500157, 0.6692554408853705, 0.6742596463723616, 0.6758813514853969, 0.6680616862846144, 0.6666292385621504]","[{'accuracy': 0.3939393939393939, 'f1': 0.5652173913043478, 'sensitivity': 0.9285714285714286, 'specificity': 0.0}, {'accuracy': 0.48484848484848486, 'f1': 0.5641025641025641, 'sensitivity': 0.7857142857142857, 'specificity': 0.2631578947368421}, {'accuracy': 0.48484848484848486, 'f1': 0.45161290322580644, 'sensitivity': 0.5, 'specificity': 0.47368421052631576}, {'accuracy': 0.5757575757575758, 'f1': 0.36363636363636365, 'sensitivity': 0.2857142857142857, 'specificity': 0.7894736842105263}, {'accuracy': 0.6363636363636364, 'f1': 0.5, 'sensitivity': 0.42857142857142855, 'specificity': 0.7894736842105263}, {'accuracy': 0.5757575757575758, 'f1': 0.5625, 'sensitivity': 0.6428571428571429, 'specificity': 0.5263157894736842}, {'accuracy': 0.5757575757575758, 'f1': 0.6111111111111112, 'sensitivity': 0.7857142857142857, 'specificity': 0.42105263157894735}, {'accuracy': 0.6363636363636364, 'f1': 0.6470588235294118, 'sensitivity': 0.7857142857142857, 'specificity': 0.5263157894736842}, {'accuracy': 0.696969696969697, 'f1': 0.6428571428571429, 'sensitivity': 0.6428571428571429, 'specificity': 0.7368421052631579}, {'accuracy': 0.6363636363636364, 'f1': 0.5714285714285714, 'sensitivity': 0.5714285714285714, 'specificity': 0.6842105263157895}, {'accuracy': 0.6363636363636364, 'f1': 0.5714285714285714, 'sensitivity': 0.5714285714285714, 'specificity': 0.6842105263157895}, {'accuracy': 0.6666666666666666, 'f1': 0.6206896551724138, 'sensitivity': 0.6428571428571429, 'specificity': 0.6842105263157895}, {'accuracy': 0.6363636363636364, 'f1': 0.5714285714285714, 'sensitivity': 0.5714285714285714, 'specificity': 0.6842105263157895}, {'accuracy': 0.6363636363636364, 'f1': 0.5714285714285714, 'sensitivity': 0.5714285714285714, 'specificity': 0.6842105263157895}, {'accuracy': 0.6363636363636364, 'f1': 0.5714285714285714, 'sensitivity': 0.5714285714285714, 'specificity': 0.6842105263157895}, {'accuracy': 0.6363636363636364, 'f1': 0.5714285714285714, 'sensitivity': 0.5714285714285714, 'specificity': 0.6842105263157895}, {'accuracy': 0.6363636363636364, 'f1': 0.5714285714285714, 'sensitivity': 0.5714285714285714, 'specificity': 0.6842105263157895}, {'accuracy': 0.6363636363636364, 'f1': 0.5714285714285714, 'sensitivity': 0.5714285714285714, 'specificity': 0.6842105263157895}, {'accuracy': 0.6363636363636364, 'f1': 0.5714285714285714, 'sensitivity': 0.5714285714285714, 'specificity': 0.6842105263157895}, {'accuracy': 0.6363636363636364, 'f1': 0.5714285714285714, 'sensitivity': 0.5714285714285714, 'specificity': 0.6842105263157895}, {'accuracy': 0.6363636363636364, 'f1': 0.5714285714285714, 'sensitivity': 0.5714285714285714, 'specificity': 0.6842105263157895}, {'accuracy': 0.6363636363636364, 'f1': 0.5714285714285714, 'sensitivity': 0.5714285714285714, 'specificity': 0.6842105263157895}, {'accuracy': 0.6363636363636364, 'f1': 0.5714285714285714, 'sensitivity': 0.5714285714285714, 'specificity': 0.6842105263157895}, {'accuracy': 0.6363636363636364, 'f1': 0.5714285714285714, 'sensitivity': 0.5714285714285714, 'specificity': 0.6842105263157895}, {'accuracy': 0.6363636363636364, 'f1': 0.5714285714285714, 'sensitivity': 0.5714285714285714, 'specificity': 0.6842105263157895}, {'accuracy': 0.6363636363636364, 'f1': 0.5714285714285714, 'sensitivity': 0.5714285714285714, 'specificity': 0.6842105263157895}, {'accuracy': 0.6363636363636364, 'f1': 0.5714285714285714, 'sensitivity': 0.5714285714285714, 'specificity': 0.6842105263157895}, {'accuracy': 0.6363636363636364, 'f1': 0.5714285714285714, 'sensitivity': 0.5714285714285714, 'specificity': 0.6842105263157895}, {'accuracy': 0.6363636363636364, 'f1': 0.5714285714285714, 'sensitivity': 0.5714285714285714, 'specificity': 0.6842105263157895}, {'accuracy': 0.6363636363636364, 'f1': 0.5714285714285714, 'sensitivity': 0.5714285714285714, 'specificity': 0.6842105263157895}, {'accuracy': 0.6363636363636364, 'f1': 0.5714285714285714, 'sensitivity': 0.5714285714285714, 'specificity': 0.6842105263157895}, {'accuracy': 0.6363636363636364, 'f1': 0.5714285714285714, 'sensitivity': 0.5714285714285714, 'specificity': 0.6842105263157895}, {'accuracy': 0.6060606060606061, 'f1': 0.5517241379310345, 'sensitivity': 0.5714285714285714, 'specificity': 0.631578947368421}, {'accuracy': 0.6060606060606061, 'f1': 0.5517241379310345, 'sensitivity': 0.5714285714285714, 'specificity': 0.631578947368421}, {'accuracy': 0.6363636363636364, 'f1': 0.5714285714285714, 'sensitivity': 0.5714285714285714, 'specificity': 0.6842105263157895}, {'accuracy': 0.6363636363636364, 'f1': 0.5714285714285714, 'sensitivity': 0.5714285714285714, 'specificity': 0.6842105263157895}, {'accuracy': 0.6363636363636364, 'f1': 0.5714285714285714, 'sensitivity': 0.5714285714285714, 'specificity': 0.6842105263157895}, {'accuracy': 0.6363636363636364, 'f1': 0.5714285714285714, 'sensitivity': 0.5714285714285714, 'specificity': 0.6842105263157895}, {'accuracy': 0.6363636363636364, 'f1': 0.5714285714285714, 'sensitivity': 0.5714285714285714, 'specificity': 0.6842105263157895}, {'accuracy': 0.6363636363636364, 'f1': 0.5714285714285714, 'sensitivity': 0.5714285714285714, 'specificity': 0.6842105263157895}, {'accuracy': 0.6363636363636364, 'f1': 0.5714285714285714, 'sensitivity': 0.5714285714285714, 'specificity': 0.6842105263157895}, {'accuracy': 0.6363636363636364, 'f1': 0.5714285714285714, 'sensitivity': 0.5714285714285714, 'specificity': 0.6842105263157895}, {'accuracy': 0.6363636363636364, 'f1': 0.5714285714285714, 'sensitivity': 0.5714285714285714, 'specificity': 0.6842105263157895}, {'accuracy': 0.6363636363636364, 'f1': 0.5714285714285714, 'sensitivity': 0.5714285714285714, 'specificity': 0.6842105263157895}, {'accuracy': 0.6363636363636364, 'f1': 0.5714285714285714, 'sensitivity': 0.5714285714285714, 'specificity': 0.6842105263157895}, {'accuracy': 0.6363636363636364, 'f1': 0.5714285714285714, 'sensitivity': 0.5714285714285714, 'specificity': 0.6842105263157895}]",COMPLETE
5,0.6111111111111112,2026-08-08 21:38:46.176603,2026-08-08 21:38:53.855806,0 days 00:00:07.679203,0.2,0.07154800196121129,0.0005104598996197309,"{'overall': {'n': 33, 'accuracy': 0.5757575757575758, 'precision': 0.5, 'recall': 0.7857142857142857, 'sensitivity': 0.7857142857142857, 'specificity': 0.42105263157894735, 'balanced_accuracy': 0.6033834586466165, 'f1': 0.6111111111111112, 'confusion_matrix': [[8, 11], [3, 11]], 'auc': 0.5413533834586466, 'roc_curve': {'fpr': [0.0, 0.05263157894736842, 0.10526315789473684, 0.10526315789473684, 0.3157894736842105, 0.3157894736842105, 0.42105263157894735, 0.42105263157894735, 0.47368421052631576, 0.47368421052631576, 0.5263157894736842, 0.5263157894736842, 0.5789473684210527, 0.5789473684210527, 0.631578947368421, 0.631578947368421, 0.6842105263157895, 0.6842105263157895, 0.9473684210526315, 0.9473684210526315, 1.0], 'tpr': [0.0, 0.0, 0.0, 0.21428571428571427, 0.21428571428571427, 0.2857142857142857, 0.2857142857142857, 0.42857142857142855, 0.42857142857142855, 0.5, 0.5, 0.6428571428571429, 0.6428571428571429, 0.7857142857142857, 0.7857142857142857, 0.8571428571428571, 0.8571428571428571, 0.9285714285714286, 0.9285714285714286, 1.0, 1.0]}}, 'India': {'n': 14, 'accuracy': 0.5714285714285714, 'precision': 0.7, 'recall': 0.7, 'sensitivity': 0.7, 'specificity': 0.25, 'balanced_accuracy': 0.475, 'f1': 0.7, 'confusion_matrix': [[1, 3], [3, 7]], 'auc': 0.25, 'roc_curve': {'fpr': [0.0, 0.25, 0.5, 0.5, 0.75, 0.75, 1.0, 1.0], 'tpr': [0.0, 0.0, 0.0, 0.1, 0.1, 0.9, 0.9, 1.0]}}, 'Italy': {'n': 19, 'accuracy': 0.5789473684210527, 'precision': 0.3333333333333333, 'recall': 1.0, 'sensitivity': 1.0, 'specificity': 0.4666666666666667, 'balanced_accuracy': 0.7333333333333334, 'f1': 0.5, 'confusion_matrix': [[7, 8], [0, 4]], 'auc': 0.85, 'roc_curve': {'fpr': [0.0, 0.06666666666666667, 0.06666666666666667, 0.4, 0.4, 1.0], 'tpr': [0.0, 0.0, 0.75, 0.75, 1.0, 1.0]}}}",efficientnet_b3_palpebral_new_way,"[1.30940837023274, 1.1272384212506528, 1.180668450349214, 1.228334473458347, 1.0361426634504305, 0.662724945718879, 0.9025118007565176, 0.9091036193418187]","[0.7468723600560968, 0.9629412347620184, 1.3597546526879976, 1.6827717260880903, 1.4607006997773142, 1.3263338406880696, 0.9973071560715184, 1.06884427504106]","[{'accuracy': 0.5454545454545454, 'f1': 0.21052631578947367, 'sensitivity': 0.14285714285714285, 'specificity': 0.8421052631578947}, {'accuracy': 0.5454545454545454, 'f1': 0.5161290322580645, 'sensitivity': 0.5714285714285714, 'specificity': 0.5263157894736842}, {'accuracy': 0.5757575757575758, 'f1': 0.6111111111111112, 'sensitivity': 0.7857142857142857, 'specificity': 0.42105263157894735}, {'accuracy': 0.45454545454545453, 'f1': 0.35714285714285715, 'sensitivity': 0.35714285714285715, 'specificity': 0.5263157894736842}, {'accuracy': 0.6060606060606061, 'f1': 0.43478260869565216, 'sensitivity': 0.35714285714285715, 'specificity': 0.7894736842105263}, {'accuracy': 0.7272727272727273, 'f1': 0.6086956521739131, 'sensitivity': 0.5, 'specificity': 0.8947368421052632}, {'accuracy': 0.5757575757575758, 'f1': 0.6111111111111112, 'sensitivity': 0.7857142857142857, 'specificity': 0.42105263157894735}, {'accuracy': 0.6666666666666666, 'f1': 0.5925925925925926, 'sensitivity': 0.5714285714285714, 'specificity': 0.7368421052631579}]",COMPLETE
