number,value,datetime_start,datetime_complete,duration,params_dropout_rate,params_learning_rate,params_weight_decay,user_attrs_best_val_metrics,user_attrs_model_name,user_attrs_train_loss_history,user_attrs_val_loss_history,user_attrs_val_overall_metrics_history,state
7,0.6896551724137931,2026-08-08 21:39:17.457186,2026-08-08 21:40:52.221848,0 days 00:01:34.764662,0.2,0.00011137414908293505,2.2070328576354334e-05,"{'overall': {'n': 33, 'accuracy': 0.7272727272727273, 'precision': 0.6666666666666666, 'recall': 0.7142857142857143, 'sensitivity': 0.7142857142857143, 'specificity': 0.7368421052631579, 'balanced_accuracy': 0.7255639097744361, 'f1': 0.6896551724137931, 'confusion_matrix': [[14, 5], [4, 10]], 'auc': 0.7706766917293233, 'roc_curve': {'fpr': [0.0, 0.0, 0.0, 0.15789473684210525, 0.15789473684210525, 0.21052631578947367, 0.21052631578947367, 0.2631578947368421, 0.2631578947368421, 0.3684210526315789, 0.3684210526315789, 0.631578947368421, 0.631578947368421, 0.8947368421052632, 0.8947368421052632, 1.0], 'tpr': [0.0, 0.07142857142857142, 0.2857142857142857, 0.2857142857142857, 0.5714285714285714, 0.5714285714285714, 0.7142857142857143, 0.7142857142857143, 0.7857142857142857, 0.7857142857142857, 0.8571428571428571, 0.8571428571428571, 0.9285714285714286, 0.9285714285714286, 1.0, 1.0]}}, 'India': {'n': 14, 'accuracy': 0.5, 'precision': 0.6666666666666666, 'recall': 0.6, 'sensitivity': 0.6, 'specificity': 0.25, 'balanced_accuracy': 0.425, 'f1': 0.631578947368421, 'confusion_matrix': [[1, 3], [4, 6]], 'auc': 0.44999999999999996, 'roc_curve': {'fpr': [0.0, 0.0, 0.0, 0.75, 0.75, 1.0, 1.0], 'tpr': [0.0, 0.1, 0.3, 0.3, 0.9, 0.9, 1.0]}}, 'Italy': {'n': 19, 'accuracy': 0.8947368421052632, 'precision': 0.6666666666666666, 'recall': 1.0, 'sensitivity': 1.0, 'specificity': 0.8666666666666667, 'balanced_accuracy': 0.9333333333333333, 'f1': 0.8, 'confusion_matrix': [[13, 2], [0, 4]], 'auc': 0.9833333333333334, 'roc_curve': {'fpr': [0.0, 0.0, 0.0, 0.06666666666666667, 0.06666666666666667, 1.0], 'tpr': [0.0, 0.25, 0.75, 0.75, 1.0, 1.0]}}}",efficientnet_b3_palpebral_new_way,"[0.8102419388215274, 0.7924738388187837, 0.7986783030017323, 0.7914814984561592, 0.7858124320080738, 0.7802027416545034, 0.7767071163417488, 0.7850553870990576, 0.7777277073323332, 0.7772535638303946, 0.770172742818365, 0.7736783726325888, 0.7786861563360454, 0.7762279573655286, 0.7698002777352239, 0.7605541940556456, 0.7826303077849331, 0.7607455956225364, 0.7583202747319708, 0.7532049062236256, 0.7548142529481294, 0.7511506352993037, 0.7430948022975038, 0.750278612635783, 0.74232580448618, 0.7484900146130694, 0.7365535509507388, 0.7538799446150167, 0.7498909775784474, 0.7409783688602068, 0.7383636808553279, 0.7251934026250776, 0.732878355395715, 0.7295647097739163, 0.727588136069822, 0.739654736013602, 0.7306565456832481, 0.7364417117163046, 0.7313786038499794, 0.7352320733449317, 0.7274624890839028, 0.7296334007717916, 0.7140966930136775, 0.7405867568704466, 0.7163229991268638, 0.7014037252261939, 0.7208744615119025, 0.71556618592597, 0.7151934516350955, 0.6994224980177469, 0.6986283604672413, 0.7007991355775998, 0.6890789957235981, 0.708714329249022, 0.7218261219018343, 0.6971239743643249, 0.7084113659448181, 0.6786071748922993, 0.7005097617376719, 0.6942794559807177, 0.7090692685929355, 0.6945333847936416, 0.6919524452544206, 0.6969597430418659, 0.6873533086271475, 0.6997013984137024, 0.6855481259080748, 0.6996639094605351, 0.6693033445749851, 0.6951863118354847, 0.6976638448159427, 0.6605722091055863, 0.6897181679081443, 0.6884755496157716, 0.6873977219821602, 0.6723874033681604, 0.6699157803263885, 0.6533671360931649, 0.685414196639661, 0.6856892487860673, 0.668399863290471, 0.6769486732830275, 0.7049671506250141, 0.6735957730684848, 0.6704477892806199, 0.6911142128982292, 0.6891693982067487, 0.6624732088568984, 0.6889914325530956, 0.6867421995725064, 0.6555388794829514, 0.6744055846669027, 0.6540624230902716, 0.6612659120401799, 0.6600008224019941, 0.6445091098349616, 0.6406011652472793, 0.6663569740901719, 0.6484121992098575, 0.6753648732671674, 0.6682041137423737, 0.6655662904512014]","[0.8081778378197642, 0.8122757384271333, 0.8277327039025046, 0.8168797962593309, 0.8090144233270125, 0.8065291823762836, 0.7956058003685691, 0.7856976588567098, 0.7746788534251127, 0.7740799224737919, 0.7702344800486709, 0.769521996830449, 0.7714735883654971, 0.7714592543515292, 0.7713790553988833, 0.7701285896879254, 0.770048995812734, 0.7682792147000631, 0.7673229231978907, 0.765772572069457, 0.7663509412245317, 0.7642535422787522, 0.7615632794120095, 0.7616640004244718, 0.760559416178501, 0.7591169765501311, 0.757001544490005, 0.7575497338266084, 0.7546327836585768, 0.7547412279880408, 0.7523517139030226, 0.751009104829846, 0.7508106213627439, 0.7490107091990384, 0.7459810972213745, 0.7454578135952805, 0.7432606039625226, 0.7430731256802877, 0.7427426684986461, 0.7416972969517563, 0.7423492724245245, 0.7396062034549136, 0.7383586872707714, 0.7363811893896623, 0.7358678326462255, 0.7357759764700225, 0.7376502084009575, 0.7346762418746948, 0.7349359212499676, 0.7326572934786478, 0.7340122605815078, 0.731593491453113, 0.731442680864623, 0.7291333386392305, 0.7282828706683535, 0.7300091801267682, 0.727790380969192, 0.7262060931234648, 0.7236156806801305, 0.7231467492652662, 0.7233967185020447, 0.7257280512289568, 0.7214197516441345, 0.7193998152559454, 0.7181183876413287, 0.7179736133777734, 0.7185824910799662, 0.71935430801276, 0.7182079950968424, 0.7166140440738562, 0.7158284982045492, 0.7165638461257472, 0.7133832664200754, 0.7150360959948916, 0.7113390185616233, 0.7127643335949291, 0.7122874097390608, 0.7107356569983743, 0.7148695642297919, 0.713605644124927, 0.7126888885642543, 0.7115759109005784, 0.7123298482461409, 0.7127988482966567, 0.708746409777439, 0.7081783612569174, 0.7096012776548212, 0.7103036118276191, 0.7078506693695531, 0.706494183251352, 0.703687689521096, 0.7023349440459049, 0.7049993457216205, 0.7016740495508368, 0.7009442972414421, 0.703293339772658, 0.7031323349837101, 0.7018313407897949, 0.7029748071323741, 0.7066744222785487, 0.7070543332533403, 0.7109409606817997]","[{'accuracy': 0.42424242424242425, 'f1': 0.5957446808510638, 'sensitivity': 1.0, 'specificity': 0.0}, {'accuracy': 0.42424242424242425, 'f1': 0.5957446808510638, 'sensitivity': 1.0, 'specificity': 0.0}, {'accuracy': 0.3939393939393939, 'f1': 0.5, 'sensitivity': 0.7142857142857143, 'specificity': 0.15789473684210525}, {'accuracy': 0.42424242424242425, 'f1': 0.42424242424242425, 'sensitivity': 0.5, 'specificity': 0.3684210526315789}, {'accuracy': 0.5151515151515151, 'f1': 0.3333333333333333, 'sensitivity': 0.2857142857142857, 'specificity': 0.6842105263157895}, {'accuracy': 0.5757575757575758, 'f1': 0.2222222222222222, 'sensitivity': 0.14285714285714285, 'specificity': 0.8947368421052632}, {'accuracy': 0.6060606060606061, 'f1': 0.3157894736842105, 'sensitivity': 0.21428571428571427, 'specificity': 0.8947368421052632}, {'accuracy': 0.6666666666666666, 'f1': 0.56, 'sensitivity': 0.5, 'specificity': 0.7894736842105263}, {'accuracy': 0.7272727272727273, 'f1': 0.6896551724137931, 'sensitivity': 0.7142857142857143, 'specificity': 0.7368421052631579}, {'accuracy': 0.7272727272727273, 'f1': 0.6896551724137931, 'sensitivity': 0.7142857142857143, 'specificity': 0.7368421052631579}, {'accuracy': 0.7272727272727273, 'f1': 0.6896551724137931, 'sensitivity': 0.7142857142857143, 'specificity': 0.7368421052631579}, {'accuracy': 0.696969696969697, 'f1': 0.6666666666666666, 'sensitivity': 0.7142857142857143, 'specificity': 0.6842105263157895}, {'accuracy': 0.6666666666666666, 'f1': 0.6451612903225806, 'sensitivity': 0.7142857142857143, 'specificity': 0.631578947368421}, {'accuracy': 0.6666666666666666, 'f1': 0.6451612903225806, 'sensitivity': 0.7142857142857143, 'specificity': 0.631578947368421}, {'accuracy': 0.6666666666666666, 'f1': 0.6451612903225806, 'sensitivity': 0.7142857142857143, 'specificity': 0.631578947368421}, {'accuracy': 0.6666666666666666, 'f1': 0.6451612903225806, 'sensitivity': 0.7142857142857143, 'specificity': 0.631578947368421}, {'accuracy': 0.6666666666666666, 'f1': 0.6451612903225806, 'sensitivity': 0.7142857142857143, 'specificity': 0.631578947368421}, {'accuracy': 0.6666666666666666, 'f1': 0.6451612903225806, 'sensitivity': 0.7142857142857143, 'specificity': 0.631578947368421}, {'accuracy': 0.5757575757575758, 'f1': 0.5333333333333333, 'sensitivity': 0.5714285714285714, 'specificity': 0.5789473684210527}, {'accuracy': 0.5757575757575758, 'f1': 0.5333333333333333, 'sensitivity': 0.5714285714285714, 'specificity': 0.5789473684210527}, {'accuracy': 0.5757575757575758, 'f1': 0.5333333333333333, 'sensitivity': 0.5714285714285714, 'specificity': 0.5789473684210527}, {'accuracy': 0.6060606060606061, 'f1': 0.5806451612903226, 'sensitivity': 0.6428571428571429, 'specificity': 0.5789473684210527}, {'accuracy': 0.5757575757575758, 'f1': 0.5333333333333333, 'sensitivity': 0.5714285714285714, 'specificity': 0.5789473684210527}, {'accuracy': 0.5757575757575758, 'f1': 0.5333333333333333, 'sensitivity': 0.5714285714285714, 'specificity': 0.5789473684210527}, {'accuracy': 0.6060606060606061, 'f1': 0.5806451612903226, 'sensitivity': 0.6428571428571429, 'specificity': 0.5789473684210527}, {'accuracy': 0.5757575757575758, 'f1': 0.5333333333333333, 'sensitivity': 0.5714285714285714, 'specificity': 0.5789473684210527}, {'accuracy': 0.5757575757575758, 'f1': 0.5333333333333333, 'sensitivity': 0.5714285714285714, 'specificity': 0.5789473684210527}, {'accuracy': 0.5757575757575758, 'f1': 0.5333333333333333, 'sensitivity': 0.5714285714285714, 'specificity': 0.5789473684210527}, {'accuracy': 0.5757575757575758, 'f1': 0.5333333333333333, 'sensitivity': 0.5714285714285714, 'specificity': 0.5789473684210527}, {'accuracy': 0.6060606060606061, 'f1': 0.5806451612903226, 'sensitivity': 0.6428571428571429, 'specificity': 0.5789473684210527}, {'accuracy': 0.6666666666666666, 'f1': 0.6666666666666666, 'sensitivity': 0.7857142857142857, 'specificity': 0.5789473684210527}, {'accuracy': 0.6363636363636364, 'f1': 0.625, 'sensitivity': 0.7142857142857143, 'specificity': 0.5789473684210527}, {'accuracy': 0.6363636363636364, 'f1': 0.625, 'sensitivity': 0.7142857142857143, 'specificity': 0.5789473684210527}, {'accuracy': 0.6363636363636364, 'f1': 0.625, 'sensitivity': 0.7142857142857143, 'specificity': 0.5789473684210527}, {'accuracy': 0.6060606060606061, 'f1': 0.5806451612903226, 'sensitivity': 0.6428571428571429, 'specificity': 0.5789473684210527}, {'accuracy': 0.6363636363636364, 'f1': 0.625, 'sensitivity': 0.7142857142857143, 'specificity': 0.5789473684210527}, {'accuracy': 0.6363636363636364, 'f1': 0.625, 'sensitivity': 0.7142857142857143, 'specificity': 0.5789473684210527}, {'accuracy': 0.6363636363636364, 'f1': 0.625, 'sensitivity': 0.7142857142857143, 'specificity': 0.5789473684210527}, {'accuracy': 0.6363636363636364, 'f1': 0.625, 'sensitivity': 0.7142857142857143, 'specificity': 0.5789473684210527}, {'accuracy': 0.6363636363636364, 'f1': 0.625, 'sensitivity': 0.7142857142857143, 'specificity': 0.5789473684210527}, {'accuracy': 0.6363636363636364, 'f1': 0.625, 'sensitivity': 0.7142857142857143, 'specificity': 0.5789473684210527}, {'accuracy': 0.6363636363636364, 'f1': 0.625, 'sensitivity': 0.7142857142857143, 'specificity': 0.5789473684210527}, {'accuracy': 0.6363636363636364, 'f1': 0.625, 'sensitivity': 0.7142857142857143, 'specificity': 0.5789473684210527}, {'accuracy': 0.6363636363636364, 'f1': 0.625, 'sensitivity': 0.7142857142857143, 'specificity': 0.5789473684210527}, {'accuracy': 0.6060606060606061, 'f1': 0.5806451612903226, 'sensitivity': 0.6428571428571429, 'specificity': 0.5789473684210527}, {'accuracy': 0.6363636363636364, 'f1': 0.625, 'sensitivity': 0.7142857142857143, 'specificity': 0.5789473684210527}, {'accuracy': 0.5757575757575758, 'f1': 0.5333333333333333, 'sensitivity': 0.5714285714285714, 'specificity': 0.5789473684210527}, {'accuracy': 0.6060606060606061, 'f1': 0.5806451612903226, 'sensitivity': 0.6428571428571429, 'specificity': 0.5789473684210527}, {'accuracy': 0.6060606060606061, 'f1': 0.5806451612903226, 'sensitivity': 0.6428571428571429, 'specificity': 0.5789473684210527}, {'accuracy': 0.6060606060606061, 'f1': 0.5806451612903226, 'sensitivity': 0.6428571428571429, 'specificity': 0.5789473684210527}, {'accuracy': 0.5757575757575758, 'f1': 0.5333333333333333, 'sensitivity': 0.5714285714285714, 'specificity': 0.5789473684210527}, {'accuracy': 0.6060606060606061, 'f1': 0.5806451612903226, 'sensitivity': 0.6428571428571429, 'specificity': 0.5789473684210527}, {'accuracy': 0.6363636363636364, 'f1': 0.625, 'sensitivity': 0.7142857142857143, 'specificity': 0.5789473684210527}, {'accuracy': 0.6363636363636364, 'f1': 0.625, 'sensitivity': 0.7142857142857143, 'specificity': 0.5789473684210527}, {'accuracy': 0.6363636363636364, 'f1': 0.625, 'sensitivity': 0.7142857142857143, 'specificity': 0.5789473684210527}, {'accuracy': 0.5757575757575758, 'f1': 0.5333333333333333, 'sensitivity': 0.5714285714285714, 'specificity': 0.5789473684210527}, {'accuracy': 0.5757575757575758, 'f1': 0.5333333333333333, 'sensitivity': 0.5714285714285714, 'specificity': 0.5789473684210527}, {'accuracy': 0.5757575757575758, 'f1': 0.5333333333333333, 'sensitivity': 0.5714285714285714, 'specificity': 0.5789473684210527}, {'accuracy': 0.5757575757575758, 'f1': 0.5333333333333333, 'sensitivity': 0.5714285714285714, 'specificity': 0.5789473684210527}, {'accuracy': 0.5757575757575758, 'f1': 0.5333333333333333, 'sensitivity': 0.5714285714285714, 'specificity': 0.5789473684210527}, {'accuracy': 0.5757575757575758, 'f1': 0.5333333333333333, 'sensitivity': 0.5714285714285714, 'specificity': 0.5789473684210527}, {'accuracy': 0.5757575757575758, 'f1': 0.5333333333333333, 'sensitivity': 0.5714285714285714, 'specificity': 0.5789473684210527}, {'accuracy': 0.5757575757575758, 'f1': 0.5333333333333333, 'sensitivity': 0.5714285714285714, 'specificity': 0.5789473684210527}, {'accuracy': 0.5757575757575758, 'f1': 0.5333333333333333, 'sensitivity': 0.5714285714285714, 'specificity': 0.5789473684210527}, {'accuracy': 0.5757575757575758, 'f1': 0.5333333333333333, 'sensitivity': 0.5714285714285714, 'specificity': 0.5789473684210527}, {'accuracy': 0.5757575757575758, 'f1': 0.5333333333333333, 'sensitivity': 0.5714285714285714, 'specificity': 0.5789473684210527}, {'accuracy': 0.5757575757575758, 'f1': 0.5333333333333333, 'sensitivity': 0.5714285714285714, 'specificity': 0.5789473684210527}, {'accuracy': 0.5757575757575758, 'f1': 0.5333333333333333, 'sensitivity': 0.5714285714285714, 'specificity': 0.5789473684210527}, {'accuracy': 0.6060606060606061, 'f1': 0.5806451612903226, 'sensitivity': 0.6428571428571429, 'specificity': 0.5789473684210527}, {'accuracy': 0.5757575757575758, 'f1': 0.5333333333333333, 'sensitivity': 0.5714285714285714, 'specificity': 0.5789473684210527}, {'accuracy': 0.6060606060606061, 'f1': 0.5806451612903226, 'sensitivity': 0.6428571428571429, 'specificity': 0.5789473684210527}, {'accuracy': 0.6060606060606061, 'f1': 0.5806451612903226, 'sensitivity': 0.6428571428571429, 'specificity': 0.5789473684210527}, {'accuracy': 0.6060606060606061, 'f1': 0.5806451612903226, 'sensitivity': 0.6428571428571429, 'specificity': 0.5789473684210527}, {'accuracy': 0.5757575757575758, 'f1': 0.5333333333333333, 'sensitivity': 0.5714285714285714, 'specificity': 0.5789473684210527}, {'accuracy': 0.5757575757575758, 'f1': 0.5333333333333333, 'sensitivity': 0.5714285714285714, 'specificity': 0.5789473684210527}, {'accuracy': 0.5757575757575758, 'f1': 0.5333333333333333, 'sensitivity': 0.5714285714285714, 'specificity': 0.5789473684210527}, {'accuracy': 0.5757575757575758, 'f1': 0.5333333333333333, 'sensitivity': 0.5714285714285714, 'specificity': 0.5789473684210527}, {'accuracy': 0.5757575757575758, 'f1': 0.5333333333333333, 'sensitivity': 0.5714285714285714, 'specificity': 0.5789473684210527}, {'accuracy': 0.5757575757575758, 'f1': 0.5333333333333333, 'sensitivity': 0.5714285714285714, 'specificity': 0.5789473684210527}, {'accuracy': 0.5757575757575758, 'f1': 0.5333333333333333, 'sensitivity': 0.5714285714285714, 'specificity': 0.5789473684210527}, {'accuracy': 0.5757575757575758, 'f1': 0.5333333333333333, 'sensitivity': 0.5714285714285714, 'specificity': 0.5789473684210527}, {'accuracy': 0.5757575757575758, 'f1': 0.5333333333333333, 'sensitivity': 0.5714285714285714, 'specificity': 0.5789473684210527}, {'accuracy': 0.5757575757575758, 'f1': 0.5333333333333333, 'sensitivity': 0.5714285714285714, 'specificity': 0.5789473684210527}, {'accuracy': 0.5757575757575758, 'f1': 0.5333333333333333, 'sensitivity': 0.5714285714285714, 'specificity': 0.5789473684210527}, {'accuracy': 0.5757575757575758, 'f1': 0.5333333333333333, 'sensitivity': 0.5714285714285714, 'specificity': 0.5789473684210527}, {'accuracy': 0.5757575757575758, 'f1': 0.5333333333333333, 'sensitivity': 0.5714285714285714, 'specificity': 0.5789473684210527}, {'accuracy': 0.5757575757575758, 'f1': 0.5333333333333333, 'sensitivity': 0.5714285714285714, 'specificity': 0.5789473684210527}, {'accuracy': 0.5757575757575758, 'f1': 0.5333333333333333, 'sensitivity': 0.5714285714285714, 'specificity': 0.5789473684210527}, {'accuracy': 0.6060606060606061, 'f1': 0.5806451612903226, 'sensitivity': 0.6428571428571429, 'specificity': 0.5789473684210527}, {'accuracy': 0.5757575757575758, 'f1': 0.5333333333333333, 'sensitivity': 0.5714285714285714, 'specificity': 0.5789473684210527}, {'accuracy': 0.6060606060606061, 'f1': 0.5806451612903226, 'sensitivity': 0.6428571428571429, 'specificity': 0.5789473684210527}, {'accuracy': 0.5757575757575758, 'f1': 0.5333333333333333, 'sensitivity': 0.5714285714285714, 'specificity': 0.5789473684210527}, {'accuracy': 0.5757575757575758, 'f1': 0.5333333333333333, 'sensitivity': 0.5714285714285714, 'specificity': 0.5789473684210527}, {'accuracy': 0.6060606060606061, 'f1': 0.5806451612903226, 'sensitivity': 0.6428571428571429, 'specificity': 0.5789473684210527}, {'accuracy': 0.5757575757575758, 'f1': 0.5333333333333333, 'sensitivity': 0.5714285714285714, 'specificity': 0.5789473684210527}, {'accuracy': 0.5757575757575758, 'f1': 0.5333333333333333, 'sensitivity': 0.5714285714285714, 'specificity': 0.5789473684210527}, {'accuracy': 0.5757575757575758, 'f1': 0.5333333333333333, 'sensitivity': 0.5714285714285714, 'specificity': 0.5789473684210527}, {'accuracy': 0.6060606060606061, 'f1': 0.5806451612903226, 'sensitivity': 0.6428571428571429, 'specificity': 0.5789473684210527}, {'accuracy': 0.6060606060606061, 'f1': 0.5806451612903226, 'sensitivity': 0.6428571428571429, 'specificity': 0.5789473684210527}, {'accuracy': 0.5757575757575758, 'f1': 0.5333333333333333, 'sensitivity': 0.5714285714285714, 'specificity': 0.5789473684210527}, {'accuracy': 0.5757575757575758, 'f1': 0.5333333333333333, 'sensitivity': 0.5714285714285714, 'specificity': 0.5789473684210527}, {'accuracy': 0.5757575757575758, 'f1': 0.5333333333333333, 'sensitivity': 0.5714285714285714, 'specificity': 0.5789473684210527}]",COMPLETE
