number,value,datetime_start,datetime_complete,duration,params_dropout_rate,params_learning_rate,params_weight_decay,user_attrs_best_val_metrics,user_attrs_model_name,user_attrs_train_loss_history,user_attrs_val_loss_history,user_attrs_val_overall_metrics_history,state
1,0.8387096774193549,2026-08-08 21:42:56.956758,2026-08-08 21:44:31.298317,0 days 00:01:34.341559,0.5,0.00029380279387035364,2.9375384576328313e-06,"{'overall': {'n': 31, 'accuracy': 0.8387096774193549, 'precision': 0.7647058823529411, 'recall': 0.9285714285714286, 'sensitivity': 0.9285714285714286, 'specificity': 0.7647058823529411, 'balanced_accuracy': 0.8466386554621849, 'f1': 0.8387096774193549, 'confusion_matrix': [[13, 4], [1, 13]], 'auc': 0.819327731092437, 'roc_curve': {'fpr': [0.0, 0.058823529411764705, 0.058823529411764705, 0.11764705882352941, 0.11764705882352941, 0.17647058823529413, 0.17647058823529413, 0.23529411764705882, 0.23529411764705882, 0.35294117647058826, 0.35294117647058826, 1.0], 'tpr': [0.0, 0.0, 0.07142857142857142, 0.07142857142857142, 0.42857142857142855, 0.42857142857142855, 0.5714285714285714, 0.5714285714285714, 0.9285714285714286, 0.9285714285714286, 1.0, 1.0]}}, 'India': {'n': 14, 'accuracy': 0.8571428571428571, 'precision': 0.8333333333333334, 'recall': 1.0, 'sensitivity': 1.0, 'specificity': 0.5, 'balanced_accuracy': 0.75, 'f1': 0.9090909090909091, 'confusion_matrix': [[2, 2], [0, 10]], 'auc': 0.65, 'roc_curve': {'fpr': [0.0, 0.25, 0.25, 0.5, 0.5, 1.0], 'tpr': [0.0, 0.0, 0.6, 0.6, 1.0, 1.0]}}, 'Italy': {'n': 17, 'accuracy': 0.8235294117647058, 'precision': 0.6, 'recall': 0.75, 'sensitivity': 0.75, 'specificity': 0.8461538461538461, 'balanced_accuracy': 0.7980769230769231, 'f1': 0.6666666666666666, 'confusion_matrix': [[11, 2], [1, 3]], 'auc': 0.8846153846153846, 'roc_curve': {'fpr': [0.0, 0.0, 0.07692307692307693, 0.07692307692307693, 0.15384615384615385, 0.15384615384615385, 0.23076923076923078, 0.23076923076923078, 1.0], 'tpr': [0.0, 0.25, 0.25, 0.5, 0.5, 0.75, 0.75, 1.0, 1.0]}}}",efficientnet_b3_forniceal_palpebral_new_way,"[0.795635653596346, 0.8017135440897779, 0.7770709010208545, 0.7888303638315525, 0.767955871260896, 0.7673663184756324, 0.7776039968542501, 0.7523644039420043, 0.7683823055961505, 0.7561900940071158, 0.7500582661758475, 0.7551820995856304, 0.7497460513698812, 0.7527889824237953, 0.727494017202027, 0.7427163270055032, 0.7588293507796566, 0.7318692470894379, 0.7233401987017417, 0.7150539013804221, 0.71611008149426, 0.6977417866388956, 0.7022054077816658, 0.7118362455951924, 0.7091899712880453, 0.6948184553457766, 0.6863045209930057, 0.6927405007842447, 0.687885595016739, 0.6845081878357193, 0.6775378795708118, 0.6782210530066977, 0.6928001102947053, 0.6676082392128146, 0.6663209297219101, 0.6708470286966182, 0.6548105121469822, 0.6725079206382336, 0.6544771956748703, 0.6650753223977122, 0.6709598740752862, 0.6490513937813895, 0.6665574198677426, 0.656187007621843, 0.6380003447435341, 0.6201074038233075, 0.6436843004356436, 0.6556715288129794, 0.628482443134801, 0.6521189237127498, 0.6499047173934729, 0.658942059189284, 0.6554095846455114, 0.6483363464576046, 0.6224591650930392, 0.6301673589920511, 0.6479054032539835, 0.6239749533789498, 0.6298193639638473, 0.6441879158928281, 0.6029107903136688, 0.5984111497191344, 0.638612581759083, 0.6074541863941011, 0.6094370253232061, 0.6313061122180653, 0.6159540329660688, 0.6339906871724291, 0.5937473676642593, 0.6189920156180453, 0.620311096411984, 0.6024836236927785, 0.6057439872196743, 0.5927861122047009, 0.5820892578890534, 0.6078115421898511, 0.5838063793117497, 0.5807067747829723, 0.5711080387336056, 0.6318271346643668, 0.595481428970285, 0.6159145300891123, 0.5821030808954822, 0.5834266243337773, 0.597141487663295, 0.5658761810283272, 0.5847497558107182, 0.5685266081978675, 0.5784766560509091, 0.6234053434157858, 0.6090887476797817, 0.5983703744654753, 0.5879596929971863, 0.5794805300479032, 0.5913145850304844, 0.5547444927854602, 0.5790710141058681, 0.5927615027849366, 0.5893523011888776, 0.5908878555103224, 0.5609086999276869, 0.5926510955200714, 0.5903072320685094, 0.5916945524767142, 0.5558849597463802]","[0.8491001725196838, 0.8418402075767517, 0.8449057936668396, 0.824381411075592, 0.7934511303901672, 0.7800523042678833, 0.7849219441413879, 0.7840079069137573, 0.7816208600997925, 0.7777650952339172, 0.7739800810813904, 0.7705352306365967, 0.7690403461456299, 0.7641782164573669, 0.7625380754470825, 0.7574392557144165, 0.7525337934494019, 0.7479809522628784, 0.743098258972168, 0.7396267652511597, 0.737500786781311, 0.7321248054504395, 0.7309386730194092, 0.7303078174591064, 0.7249965071678162, 0.7195713520050049, 0.7205070853233337, 0.7196522355079651, 0.7189372777938843, 0.7152157425880432, 0.7137715816497803, 0.7131430506706238, 0.7112656831741333, 0.7087520360946655, 0.7077484130859375, 0.7056796550750732, 0.7003949880599976, 0.6980369687080383, 0.6963263750076294, 0.692949116230011, 0.6896328330039978, 0.6913244128227234, 0.6909107565879822, 0.6878319382667542, 0.6836943030357361, 0.6832219362258911, 0.681175947189331, 0.6812981367111206, 0.6784952878952026, 0.6743659377098083, 0.6758138537406921, 0.6780454516410828, 0.6771734952926636, 0.6736515760421753, 0.6757349371910095, 0.6697000861167908, 0.6689833998680115, 0.6708186864852905, 0.6683247089385986, 0.6625120043754578, 0.6584038734436035, 0.6639874577522278, 0.6547459363937378, 0.6538451313972473, 0.6497519016265869, 0.6515375375747681, 0.6506579518318176, 0.6464660167694092, 0.6477509140968323, 0.6480216979980469, 0.6456018090248108, 0.6422753930091858, 0.6449076533317566, 0.6475797891616821, 0.6446354389190674, 0.6409956216812134, 0.6414818167686462, 0.6362483501434326, 0.6403334736824036, 0.6400331854820251, 0.6361063122749329, 0.6398557424545288, 0.6389439105987549, 0.6362977623939514, 0.6333235502243042, 0.6256322264671326, 0.6276475787162781, 0.6253255009651184, 0.621819257736206, 0.6255837678909302, 0.6285597681999207, 0.6243557929992676, 0.6230167746543884, 0.6206213235855103, 0.6220370531082153, 0.6163385510444641, 0.6205445528030396, 0.6158639192581177, 0.6206294298171997, 0.6198022961616516, 0.621990978717804, 0.6251200437545776, 0.6238455772399902, 0.6220902800559998, 0.622458815574646]","[{'accuracy': 0.25806451612903225, 'f1': 0.30303030303030304, 'sensitivity': 0.35714285714285715, 'specificity': 0.17647058823529413}, {'accuracy': 0.22580645161290322, 'f1': 0.25, 'sensitivity': 0.2857142857142857, 'specificity': 0.17647058823529413}, {'accuracy': 0.3225806451612903, 'f1': 0.36363636363636365, 'sensitivity': 0.42857142857142855, 'specificity': 0.23529411764705882}, {'accuracy': 0.5161290322580645, 'f1': 0.4827586206896552, 'sensitivity': 0.5, 'specificity': 0.5294117647058824}, {'accuracy': 0.6451612903225806, 'f1': 0.56, 'sensitivity': 0.5, 'specificity': 0.7647058823529411}, {'accuracy': 0.7741935483870968, 'f1': 0.72, 'sensitivity': 0.6428571428571429, 'specificity': 0.8823529411764706}, {'accuracy': 0.7741935483870968, 'f1': 0.7407407407407407, 'sensitivity': 0.7142857142857143, 'specificity': 0.8235294117647058}, {'accuracy': 0.7419354838709677, 'f1': 0.75, 'sensitivity': 0.8571428571428571, 'specificity': 0.6470588235294118}, {'accuracy': 0.7096774193548387, 'f1': 0.7272727272727273, 'sensitivity': 0.8571428571428571, 'specificity': 0.5882352941176471}, {'accuracy': 0.7096774193548387, 'f1': 0.7272727272727273, 'sensitivity': 0.8571428571428571, 'specificity': 0.5882352941176471}, {'accuracy': 0.7419354838709677, 'f1': 0.75, 'sensitivity': 0.8571428571428571, 'specificity': 0.6470588235294118}, {'accuracy': 0.7419354838709677, 'f1': 0.75, 'sensitivity': 0.8571428571428571, 'specificity': 0.6470588235294118}, {'accuracy': 0.7096774193548387, 'f1': 0.7096774193548387, 'sensitivity': 0.7857142857142857, 'specificity': 0.6470588235294118}, {'accuracy': 0.7096774193548387, 'f1': 0.7096774193548387, 'sensitivity': 0.7857142857142857, 'specificity': 0.6470588235294118}, {'accuracy': 0.6774193548387096, 'f1': 0.6666666666666666, 'sensitivity': 0.7142857142857143, 'specificity': 0.6470588235294118}, {'accuracy': 0.7096774193548387, 'f1': 0.6896551724137931, 'sensitivity': 0.7142857142857143, 'specificity': 0.7058823529411765}, {'accuracy': 0.7741935483870968, 'f1': 0.7741935483870968, 'sensitivity': 0.8571428571428571, 'specificity': 0.7058823529411765}, {'accuracy': 0.7741935483870968, 'f1': 0.7741935483870968, 'sensitivity': 0.8571428571428571, 'specificity': 0.7058823529411765}, {'accuracy': 0.8064516129032258, 'f1': 0.8, 'sensitivity': 0.8571428571428571, 'specificity': 0.7647058823529411}, {'accuracy': 0.7419354838709677, 'f1': 0.7333333333333333, 'sensitivity': 0.7857142857142857, 'specificity': 0.7058823529411765}, {'accuracy': 0.8064516129032258, 'f1': 0.8125, 'sensitivity': 0.9285714285714286, 'specificity': 0.7058823529411765}, {'accuracy': 0.8064516129032258, 'f1': 0.8125, 'sensitivity': 0.9285714285714286, 'specificity': 0.7058823529411765}, {'accuracy': 0.7741935483870968, 'f1': 0.7741935483870968, 'sensitivity': 0.8571428571428571, 'specificity': 0.7058823529411765}, {'accuracy': 0.7741935483870968, 'f1': 0.7741935483870968, 'sensitivity': 0.8571428571428571, 'specificity': 0.7058823529411765}, {'accuracy': 0.8064516129032258, 'f1': 0.8125, 'sensitivity': 0.9285714285714286, 'specificity': 0.7058823529411765}, {'accuracy': 0.8064516129032258, 'f1': 0.8235294117647058, 'sensitivity': 1.0, 'specificity': 0.6470588235294118}, {'accuracy': 0.7741935483870968, 'f1': 0.7878787878787878, 'sensitivity': 0.9285714285714286, 'specificity': 0.6470588235294118}, {'accuracy': 0.7419354838709677, 'f1': 0.75, 'sensitivity': 0.8571428571428571, 'specificity': 0.6470588235294118}, {'accuracy': 0.7419354838709677, 'f1': 0.75, 'sensitivity': 0.8571428571428571, 'specificity': 0.6470588235294118}, {'accuracy': 0.7741935483870968, 'f1': 0.7878787878787878, 'sensitivity': 0.9285714285714286, 'specificity': 0.6470588235294118}, {'accuracy': 0.8064516129032258, 'f1': 0.8, 'sensitivity': 0.8571428571428571, 'specificity': 0.7647058823529411}, {'accuracy': 0.7741935483870968, 'f1': 0.7586206896551724, 'sensitivity': 0.7857142857142857, 'specificity': 0.7647058823529411}, {'accuracy': 0.8064516129032258, 'f1': 0.8, 'sensitivity': 0.8571428571428571, 'specificity': 0.7647058823529411}, {'accuracy': 0.7419354838709677, 'f1': 0.7142857142857143, 'sensitivity': 0.7142857142857143, 'specificity': 0.7647058823529411}, {'accuracy': 0.7419354838709677, 'f1': 0.7142857142857143, 'sensitivity': 0.7142857142857143, 'specificity': 0.7647058823529411}, {'accuracy': 0.7741935483870968, 'f1': 0.7586206896551724, 'sensitivity': 0.7857142857142857, 'specificity': 0.7647058823529411}, {'accuracy': 0.7741935483870968, 'f1': 0.7586206896551724, 'sensitivity': 0.7857142857142857, 'specificity': 0.7647058823529411}, {'accuracy': 0.7741935483870968, 'f1': 0.7878787878787878, 'sensitivity': 0.9285714285714286, 'specificity': 0.6470588235294118}, {'accuracy': 0.8387096774193549, 'f1': 0.8387096774193549, 'sensitivity': 0.9285714285714286, 'specificity': 0.7647058823529411}, {'accuracy': 0.8387096774193549, 'f1': 0.8387096774193549, 'sensitivity': 0.9285714285714286, 'specificity': 0.7647058823529411}, {'accuracy': 0.8387096774193549, 'f1': 0.8387096774193549, 'sensitivity': 0.9285714285714286, 'specificity': 0.7647058823529411}, {'accuracy': 0.8387096774193549, 'f1': 0.8387096774193549, 'sensitivity': 0.9285714285714286, 'specificity': 0.7647058823529411}, {'accuracy': 0.8064516129032258, 'f1': 0.8, 'sensitivity': 0.8571428571428571, 'specificity': 0.7647058823529411}, {'accuracy': 0.8064516129032258, 'f1': 0.8125, 'sensitivity': 0.9285714285714286, 'specificity': 0.7058823529411765}, {'accuracy': 0.8064516129032258, 'f1': 0.8125, 'sensitivity': 0.9285714285714286, 'specificity': 0.7058823529411765}, {'accuracy': 0.8064516129032258, 'f1': 0.8125, 'sensitivity': 0.9285714285714286, 'specificity': 0.7058823529411765}, {'accuracy': 0.8064516129032258, 'f1': 0.8125, 'sensitivity': 0.9285714285714286, 'specificity': 0.7058823529411765}, {'accuracy': 0.8387096774193549, 'f1': 0.8387096774193549, 'sensitivity': 0.9285714285714286, 'specificity': 0.7647058823529411}, {'accuracy': 0.7741935483870968, 'f1': 0.7586206896551724, 'sensitivity': 0.7857142857142857, 'specificity': 0.7647058823529411}, {'accuracy': 0.8064516129032258, 'f1': 0.8, 'sensitivity': 0.8571428571428571, 'specificity': 0.7647058823529411}, {'accuracy': 0.8064516129032258, 'f1': 0.8, 'sensitivity': 0.8571428571428571, 'specificity': 0.7647058823529411}, {'accuracy': 0.8064516129032258, 'f1': 0.8, 'sensitivity': 0.8571428571428571, 'specificity': 0.7647058823529411}, {'accuracy': 0.8064516129032258, 'f1': 0.8, 'sensitivity': 0.8571428571428571, 'specificity': 0.7647058823529411}, {'accuracy': 0.8064516129032258, 'f1': 0.8, 'sensitivity': 0.8571428571428571, 'specificity': 0.7647058823529411}, {'accuracy': 0.8064516129032258, 'f1': 0.8, 'sensitivity': 0.8571428571428571, 'specificity': 0.7647058823529411}, {'accuracy': 0.7741935483870968, 'f1': 0.7586206896551724, 'sensitivity': 0.7857142857142857, 'specificity': 0.7647058823529411}, {'accuracy': 0.7741935483870968, 'f1': 0.7407407407407407, 'sensitivity': 0.7142857142857143, 'specificity': 0.8235294117647058}, {'accuracy': 0.7419354838709677, 'f1': 0.7142857142857143, 'sensitivity': 0.7142857142857143, 'specificity': 0.7647058823529411}, {'accuracy': 0.7741935483870968, 'f1': 0.7586206896551724, 'sensitivity': 0.7857142857142857, 'specificity': 0.7647058823529411}, {'accuracy': 0.7741935483870968, 'f1': 0.7586206896551724, 'sensitivity': 0.7857142857142857, 'specificity': 0.7647058823529411}, {'accuracy': 0.7741935483870968, 'f1': 0.7586206896551724, 'sensitivity': 0.7857142857142857, 'specificity': 0.7647058823529411}, {'accuracy': 0.8064516129032258, 'f1': 0.8, 'sensitivity': 0.8571428571428571, 'specificity': 0.7647058823529411}, {'accuracy': 0.7741935483870968, 'f1': 0.7586206896551724, 'sensitivity': 0.7857142857142857, 'specificity': 0.7647058823529411}, {'accuracy': 0.8064516129032258, 'f1': 0.8, 'sensitivity': 0.8571428571428571, 'specificity': 0.7647058823529411}, {'accuracy': 0.8064516129032258, 'f1': 0.8, 'sensitivity': 0.8571428571428571, 'specificity': 0.7647058823529411}, {'accuracy': 0.8387096774193549, 'f1': 0.8387096774193549, 'sensitivity': 0.9285714285714286, 'specificity': 0.7647058823529411}, {'accuracy': 0.8064516129032258, 'f1': 0.8, 'sensitivity': 0.8571428571428571, 'specificity': 0.7647058823529411}, {'accuracy': 0.7741935483870968, 'f1': 0.7586206896551724, 'sensitivity': 0.7857142857142857, 'specificity': 0.7647058823529411}, {'accuracy': 0.7419354838709677, 'f1': 0.7142857142857143, 'sensitivity': 0.7142857142857143, 'specificity': 0.7647058823529411}, {'accuracy': 0.7741935483870968, 'f1': 0.7586206896551724, 'sensitivity': 0.7857142857142857, 'specificity': 0.7647058823529411}, {'accuracy': 0.7741935483870968, 'f1': 0.7586206896551724, 'sensitivity': 0.7857142857142857, 'specificity': 0.7647058823529411}, {'accuracy': 0.7741935483870968, 'f1': 0.7407407407407407, 'sensitivity': 0.7142857142857143, 'specificity': 0.8235294117647058}, {'accuracy': 0.7741935483870968, 'f1': 0.7407407407407407, 'sensitivity': 0.7142857142857143, 'specificity': 0.8235294117647058}, {'accuracy': 0.7741935483870968, 'f1': 0.7407407407407407, 'sensitivity': 0.7142857142857143, 'specificity': 0.8235294117647058}, {'accuracy': 0.7419354838709677, 'f1': 0.7142857142857143, 'sensitivity': 0.7142857142857143, 'specificity': 0.7647058823529411}, {'accuracy': 0.7419354838709677, 'f1': 0.7142857142857143, 'sensitivity': 0.7142857142857143, 'specificity': 0.7647058823529411}, {'accuracy': 0.7741935483870968, 'f1': 0.7586206896551724, 'sensitivity': 0.7857142857142857, 'specificity': 0.7647058823529411}, {'accuracy': 0.8064516129032258, 'f1': 0.8, 'sensitivity': 0.8571428571428571, 'specificity': 0.7647058823529411}, {'accuracy': 0.7741935483870968, 'f1': 0.7586206896551724, 'sensitivity': 0.7857142857142857, 'specificity': 0.7647058823529411}, {'accuracy': 0.7419354838709677, 'f1': 0.7142857142857143, 'sensitivity': 0.7142857142857143, 'specificity': 0.7647058823529411}, {'accuracy': 0.7741935483870968, 'f1': 0.7586206896551724, 'sensitivity': 0.7857142857142857, 'specificity': 0.7647058823529411}, {'accuracy': 0.7419354838709677, 'f1': 0.7142857142857143, 'sensitivity': 0.7142857142857143, 'specificity': 0.7647058823529411}, {'accuracy': 0.7741935483870968, 'f1': 0.7407407407407407, 'sensitivity': 0.7142857142857143, 'specificity': 0.8235294117647058}, {'accuracy': 0.7741935483870968, 'f1': 0.7407407407407407, 'sensitivity': 0.7142857142857143, 'specificity': 0.8235294117647058}, {'accuracy': 0.7741935483870968, 'f1': 0.7407407407407407, 'sensitivity': 0.7142857142857143, 'specificity': 0.8235294117647058}, {'accuracy': 0.7741935483870968, 'f1': 0.7586206896551724, 'sensitivity': 0.7857142857142857, 'specificity': 0.7647058823529411}, {'accuracy': 0.7419354838709677, 'f1': 0.7142857142857143, 'sensitivity': 0.7142857142857143, 'specificity': 0.7647058823529411}, {'accuracy': 0.7741935483870968, 'f1': 0.7586206896551724, 'sensitivity': 0.7857142857142857, 'specificity': 0.7647058823529411}, {'accuracy': 0.7741935483870968, 'f1': 0.7586206896551724, 'sensitivity': 0.7857142857142857, 'specificity': 0.7647058823529411}, {'accuracy': 0.7741935483870968, 'f1': 0.7586206896551724, 'sensitivity': 0.7857142857142857, 'specificity': 0.7647058823529411}, {'accuracy': 0.7741935483870968, 'f1': 0.7586206896551724, 'sensitivity': 0.7857142857142857, 'specificity': 0.7647058823529411}, {'accuracy': 0.8387096774193549, 'f1': 0.8148148148148148, 'sensitivity': 0.7857142857142857, 'specificity': 0.8823529411764706}, {'accuracy': 0.8064516129032258, 'f1': 0.7692307692307693, 'sensitivity': 0.7142857142857143, 'specificity': 0.8823529411764706}, {'accuracy': 0.7741935483870968, 'f1': 0.7407407407407407, 'sensitivity': 0.7142857142857143, 'specificity': 0.8235294117647058}, {'accuracy': 0.8064516129032258, 'f1': 0.7857142857142857, 'sensitivity': 0.7857142857142857, 'specificity': 0.8235294117647058}, {'accuracy': 0.8064516129032258, 'f1': 0.8, 'sensitivity': 0.8571428571428571, 'specificity': 0.7647058823529411}, {'accuracy': 0.8064516129032258, 'f1': 0.7692307692307693, 'sensitivity': 0.7142857142857143, 'specificity': 0.8823529411764706}, {'accuracy': 0.7741935483870968, 'f1': 0.7586206896551724, 'sensitivity': 0.7857142857142857, 'specificity': 0.7647058823529411}, {'accuracy': 0.7741935483870968, 'f1': 0.7407407407407407, 'sensitivity': 0.7142857142857143, 'specificity': 0.8235294117647058}, {'accuracy': 0.7741935483870968, 'f1': 0.7586206896551724, 'sensitivity': 0.7857142857142857, 'specificity': 0.7647058823529411}, {'accuracy': 0.7741935483870968, 'f1': 0.7407407407407407, 'sensitivity': 0.7142857142857143, 'specificity': 0.8235294117647058}, {'accuracy': 0.7741935483870968, 'f1': 0.7407407407407407, 'sensitivity': 0.7142857142857143, 'specificity': 0.8235294117647058}, {'accuracy': 0.7419354838709677, 'f1': 0.7142857142857143, 'sensitivity': 0.7142857142857143, 'specificity': 0.7647058823529411}, {'accuracy': 0.7419354838709677, 'f1': 0.7142857142857143, 'sensitivity': 0.7142857142857143, 'specificity': 0.7647058823529411}, {'accuracy': 0.7419354838709677, 'f1': 0.7142857142857143, 'sensitivity': 0.7142857142857143, 'specificity': 0.7647058823529411}]",COMPLETE
