number,value,datetime_start,datetime_complete,duration,params_dropout_rate,params_learning_rate,params_weight_decay,user_attrs_best_val_metrics,user_attrs_model_name,user_attrs_train_loss_history,user_attrs_val_loss_history,user_attrs_val_overall_metrics_history,state
6,0.8571428571428571,2026-08-08 21:46:27.085295,2026-08-08 21:46:54.334665,0 days 00:00:27.249370,0.5,0.006769507640303222,4.975529116456148e-05,"{'overall': {'n': 31, 'accuracy': 0.8709677419354839, 'precision': 0.8571428571428571, 'recall': 0.8571428571428571, 'sensitivity': 0.8571428571428571, 'specificity': 0.8823529411764706, 'balanced_accuracy': 0.8697478991596639, 'f1': 0.8571428571428571, 'confusion_matrix': [[15, 2], [2, 12]], 'auc': 0.8991596638655461, 'roc_curve': {'fpr': [0.0, 0.058823529411764705, 0.058823529411764705, 0.11764705882352941, 0.11764705882352941, 0.17647058823529413, 0.17647058823529413, 1.0], 'tpr': [0.0, 0.0, 0.35714285714285715, 0.35714285714285715, 0.9285714285714286, 0.9285714285714286, 1.0, 1.0]}}, 'India': {'n': 14, 'accuracy': 0.8571428571428571, 'precision': 0.9, 'recall': 0.9, 'sensitivity': 0.9, 'specificity': 0.75, 'balanced_accuracy': 0.825, 'f1': 0.9, 'confusion_matrix': [[3, 1], [1, 9]], 'auc': 0.75, 'roc_curve': {'fpr': [0.0, 0.25, 0.25, 1.0], 'tpr': [0.0, 0.0, 1.0, 1.0]}}, 'Italy': {'n': 17, 'accuracy': 0.8823529411764706, 'precision': 0.75, 'recall': 0.75, 'sensitivity': 0.75, 'specificity': 0.9230769230769231, 'balanced_accuracy': 0.8365384615384616, 'f1': 0.75, 'confusion_matrix': [[12, 1], [1, 3]], 'auc': 0.9615384615384616, 'roc_curve': {'fpr': [0.0, 0.0, 0.0, 0.07692307692307693, 0.07692307692307693, 1.0], 'tpr': [0.0, 0.25, 0.5, 0.5, 1.0, 1.0]}}}",efficientnet_b3_forniceal_palpebral_new_way,"[0.7890476811499822, 0.731601780774642, 0.656433277795104, 0.6182995795392666, 0.654416503549433, 0.5743741948588365, 0.5698065599616693, 0.5581958143889498, 0.5930445790290833, 0.5607685434574984, 0.6005632402945538, 0.5304260014676724, 0.5178679256212144, 0.5083593774814995, 0.5368561610883597, 0.549293726479926, 0.5732535160317713, 0.585605385757628, 0.5104112681888399, 0.5058926972402197, 0.46771786083169536, 0.46467864128197134, 0.5619861029443287, 0.5109455070528043, 0.4632131887130997, 0.4910840375893781, 0.5173633078328607, 0.5646050345330011, 0.5405665267081488, 0.5292676297985778]","[0.8073851466178894, 0.7789509892463684, 0.8089403510093689, 0.6929763555526733, 0.6411471962928772, 0.7733281850814819, 0.7984220385551453, 0.6217359900474548, 0.5983620882034302, 0.5936213135719299, 0.5722579956054688, 0.5605847835540771, 0.5558384656906128, 0.5425046682357788, 0.5379763841629028, 0.5302806496620178, 0.5188525915145874, 0.5124562978744507, 0.5184426307678223, 0.507656991481781, 0.48310521245002747, 0.4764663279056549, 0.474128395318985, 0.4933030605316162, 0.5020643472671509, 0.5141661167144775, 0.49984845519065857, 0.49698811769485474, 0.5422974228858948, 0.5538464784622192]","[{'accuracy': 0.5161290322580645, 'f1': 0.34782608695652173, 'sensitivity': 0.2857142857142857, 'specificity': 0.7058823529411765}, {'accuracy': 0.6129032258064516, 'f1': 0.5384615384615384, 'sensitivity': 0.5, 'specificity': 0.7058823529411765}, {'accuracy': 0.5806451612903226, 'f1': 0.3157894736842105, 'sensitivity': 0.21428571428571427, 'specificity': 0.8823529411764706}, {'accuracy': 0.7741935483870968, 'f1': 0.72, 'sensitivity': 0.6428571428571429, 'specificity': 0.8823529411764706}, {'accuracy': 0.7741935483870968, 'f1': 0.7407407407407407, 'sensitivity': 0.7142857142857143, 'specificity': 0.8235294117647058}, {'accuracy': 0.6774193548387096, 'f1': 0.5, 'sensitivity': 0.35714285714285715, 'specificity': 0.9411764705882353}, {'accuracy': 0.6774193548387096, 'f1': 0.5, 'sensitivity': 0.35714285714285715, 'specificity': 0.9411764705882353}, {'accuracy': 0.7741935483870968, 'f1': 0.7407407407407407, 'sensitivity': 0.7142857142857143, 'specificity': 0.8235294117647058}, {'accuracy': 0.8064516129032258, 'f1': 0.8, 'sensitivity': 0.8571428571428571, 'specificity': 0.7647058823529411}, {'accuracy': 0.8387096774193549, 'f1': 0.8148148148148148, 'sensitivity': 0.7857142857142857, 'specificity': 0.8823529411764706}, {'accuracy': 0.8387096774193549, 'f1': 0.8148148148148148, 'sensitivity': 0.7857142857142857, 'specificity': 0.8823529411764706}, {'accuracy': 0.8064516129032258, 'f1': 0.7692307692307693, 'sensitivity': 0.7142857142857143, 'specificity': 0.8823529411764706}, {'accuracy': 0.7741935483870968, 'f1': 0.72, 'sensitivity': 0.6428571428571429, 'specificity': 0.8823529411764706}, {'accuracy': 0.7741935483870968, 'f1': 0.7407407407407407, 'sensitivity': 0.7142857142857143, 'specificity': 0.8235294117647058}, {'accuracy': 0.7741935483870968, 'f1': 0.72, 'sensitivity': 0.6428571428571429, 'specificity': 0.8823529411764706}, {'accuracy': 0.7741935483870968, 'f1': 0.72, 'sensitivity': 0.6428571428571429, 'specificity': 0.8823529411764706}, {'accuracy': 0.7419354838709677, 'f1': 0.7333333333333333, 'sensitivity': 0.7857142857142857, 'specificity': 0.7058823529411765}, {'accuracy': 0.7419354838709677, 'f1': 0.6666666666666666, 'sensitivity': 0.5714285714285714, 'specificity': 0.8823529411764706}, {'accuracy': 0.7419354838709677, 'f1': 0.6666666666666666, 'sensitivity': 0.5714285714285714, 'specificity': 0.8823529411764706}, {'accuracy': 0.7741935483870968, 'f1': 0.72, 'sensitivity': 0.6428571428571429, 'specificity': 0.8823529411764706}, {'accuracy': 0.8064516129032258, 'f1': 0.7692307692307693, 'sensitivity': 0.7142857142857143, 'specificity': 0.8823529411764706}, {'accuracy': 0.8064516129032258, 'f1': 0.7692307692307693, 'sensitivity': 0.7142857142857143, 'specificity': 0.8823529411764706}, {'accuracy': 0.8387096774193549, 'f1': 0.8148148148148148, 'sensitivity': 0.7857142857142857, 'specificity': 0.8823529411764706}, {'accuracy': 0.8387096774193549, 'f1': 0.8148148148148148, 'sensitivity': 0.7857142857142857, 'specificity': 0.8823529411764706}, {'accuracy': 0.8387096774193549, 'f1': 0.8148148148148148, 'sensitivity': 0.7857142857142857, 'specificity': 0.8823529411764706}, {'accuracy': 0.8064516129032258, 'f1': 0.7692307692307693, 'sensitivity': 0.7142857142857143, 'specificity': 0.8823529411764706}, {'accuracy': 0.8709677419354839, 'f1': 0.8571428571428571, 'sensitivity': 0.8571428571428571, 'specificity': 0.8823529411764706}, {'accuracy': 0.8709677419354839, 'f1': 0.8571428571428571, 'sensitivity': 0.8571428571428571, 'specificity': 0.8823529411764706}, {'accuracy': 0.8064516129032258, 'f1': 0.7692307692307693, 'sensitivity': 0.7142857142857143, 'specificity': 0.8823529411764706}, {'accuracy': 0.7741935483870968, 'f1': 0.72, 'sensitivity': 0.6428571428571429, 'specificity': 0.8823529411764706}]",COMPLETE
7,0.6341463414634146,2026-08-08 21:46:54.335027,2026-08-08 21:47:04.659143,0 days 00:00:10.324116,0.5,0.00011137414908293505,5.7709261167741526e-05,"{'overall': {'n': 31, 'accuracy': 0.5161290322580645, 'precision': 0.48148148148148145, 'recall': 0.9285714285714286, 'sensitivity': 0.9285714285714286, 'specificity': 0.17647058823529413, 'balanced_accuracy': 0.5525210084033614, 'f1': 0.6341463414634146, 'confusion_matrix': [[3, 14], [1, 13]], 'auc': 0.453781512605042, 'roc_curve': {'fpr': [0.0, 0.0, 0.058823529411764705, 0.058823529411764705, 0.35294117647058826, 0.35294117647058826, 0.4117647058823529, 0.4117647058823529, 0.47058823529411764, 0.47058823529411764, 0.5294117647058824, 0.5294117647058824, 0.6470588235294118, 0.6470588235294118, 0.7058823529411765, 0.7058823529411765, 0.7647058823529411, 0.7647058823529411, 0.8235294117647058, 0.8235294117647058, 0.8823529411764706, 0.8823529411764706, 1.0], 'tpr': [0.0, 0.07142857142857142, 0.07142857142857142, 0.14285714285714285, 0.14285714285714285, 0.2857142857142857, 0.2857142857142857, 0.35714285714285715, 0.35714285714285715, 0.42857142857142855, 0.42857142857142855, 0.5, 0.5, 0.5714285714285714, 0.5714285714285714, 0.6428571428571429, 0.6428571428571429, 0.7142857142857143, 0.7142857142857143, 0.9285714285714286, 0.9285714285714286, 1.0, 1.0]}}, 'India': {'n': 14, 'accuracy': 0.6428571428571429, 'precision': 0.6923076923076923, 'recall': 0.9, 'sensitivity': 0.9, 'specificity': 0.0, 'balanced_accuracy': 0.45, 'f1': 0.782608695652174, 'confusion_matrix': [[0, 4], [1, 9]], 'auc': 0.44999999999999996, 'roc_curve': {'fpr': [0.0, 0.0, 0.25, 0.25, 0.5, 0.5, 0.75, 0.75, 1.0, 1.0], 'tpr': [0.0, 0.1, 0.1, 0.4, 0.4, 0.6, 0.6, 0.7, 0.7, 1.0]}}, 'Italy': {'n': 17, 'accuracy': 0.4117647058823529, 'precision': 0.2857142857142857, 'recall': 1.0, 'sensitivity': 1.0, 'specificity': 0.23076923076923078, 'balanced_accuracy': 0.6153846153846154, 'f1': 0.4444444444444444, 'confusion_matrix': [[3, 10], [0, 4]], 'auc': 0.5, 'roc_curve': {'fpr': [0.0, 0.0, 0.46153846153846156, 0.46153846153846156, 0.7692307692307693, 0.7692307692307693, 1.0], 'tpr': [0.0, 0.25, 0.25, 0.5, 0.5, 1.0, 1.0]}}}",efficientnet_b3_forniceal_palpebral_new_way,"[0.8042392961832942, 0.793515782777955, 0.8006377479657024, 0.8015995256754817, 0.7967903062599857, 0.8006503006227973, 0.7781245728739264, 0.7892305652300516, 0.7937031063903757, 0.7918153007825216, 0.7858148476704448]","[0.8082076907157898, 0.8126416206359863, 0.8032664656639099, 0.7863698601722717, 0.7873226404190063, 0.7921778559684753, 0.789984405040741, 0.789294421672821, 0.788558840751648, 0.7889877557754517, 0.7868247032165527]","[{'accuracy': 0.5161290322580645, 'f1': 0.6341463414634146, 'sensitivity': 0.9285714285714286, 'specificity': 0.17647058823529413}, {'accuracy': 0.3870967741935484, 'f1': 0.4864864864864865, 'sensitivity': 0.6428571428571429, 'specificity': 0.17647058823529413}, {'accuracy': 0.45161290322580644, 'f1': 0.5405405405405406, 'sensitivity': 0.7142857142857143, 'specificity': 0.23529411764705882}, {'accuracy': 0.5806451612903226, 'f1': 0.6285714285714286, 'sensitivity': 0.7857142857142857, 'specificity': 0.4117647058823529}, {'accuracy': 0.5483870967741935, 'f1': 0.6111111111111112, 'sensitivity': 0.7857142857142857, 'specificity': 0.35294117647058826}, {'accuracy': 0.5806451612903226, 'f1': 0.5806451612903226, 'sensitivity': 0.6428571428571429, 'specificity': 0.5294117647058824}, {'accuracy': 0.5806451612903226, 'f1': 0.5806451612903226, 'sensitivity': 0.6428571428571429, 'specificity': 0.5294117647058824}, {'accuracy': 0.6774193548387096, 'f1': 0.6153846153846154, 'sensitivity': 0.5714285714285714, 'specificity': 0.7647058823529411}, {'accuracy': 0.6774193548387096, 'f1': 0.5833333333333334, 'sensitivity': 0.5, 'specificity': 0.8235294117647058}, {'accuracy': 0.6129032258064516, 'f1': 0.45454545454545453, 'sensitivity': 0.35714285714285715, 'specificity': 0.8235294117647058}, {'accuracy': 0.6129032258064516, 'f1': 0.45454545454545453, 'sensitivity': 0.35714285714285715, 'specificity': 0.8235294117647058}]",COMPLETE
8,0.8148148148148148,2026-08-08 21:47:04.659519,2026-08-08 21:47:22.974133,0 days 00:00:18.314614,0.2,0.006464900601177843,1.217404417807552e-06,"{'overall': {'n': 31, 'accuracy': 0.8387096774193549, 'precision': 0.8461538461538461, 'recall': 0.7857142857142857, 'sensitivity': 0.7857142857142857, 'specificity': 0.8823529411764706, 'balanced_accuracy': 0.8340336134453781, 'f1': 0.8148148148148148, 'confusion_matrix': [[15, 2], [3, 11]], 'auc': 0.8823529411764706, 'roc_curve': {'fpr': [0.0, 0.0, 0.0, 0.058823529411764705, 0.058823529411764705, 0.11764705882352941, 0.11764705882352941, 0.23529411764705882, 0.23529411764705882, 0.29411764705882354, 0.29411764705882354, 1.0], 'tpr': [0.0, 0.07142857142857142, 0.14285714285714285, 0.14285714285714285, 0.35714285714285715, 0.35714285714285715, 0.7857142857142857, 0.7857142857142857, 0.9285714285714286, 0.9285714285714286, 1.0, 1.0]}}, 'India': {'n': 14, 'accuracy': 0.8571428571428571, 'precision': 0.9, 'recall': 0.9, 'sensitivity': 0.9, 'specificity': 0.75, 'balanced_accuracy': 0.825, 'f1': 0.9, 'confusion_matrix': [[3, 1], [1, 9]], 'auc': 0.75, 'roc_curve': {'fpr': [0.0, 0.0, 0.25, 0.25, 0.5, 0.5, 1.0], 'tpr': [0.0, 0.1, 0.1, 0.9, 0.9, 1.0, 1.0]}}, 'Italy': {'n': 17, 'accuracy': 0.8235294117647058, 'precision': 0.6666666666666666, 'recall': 0.5, 'sensitivity': 0.5, 'specificity': 0.9230769230769231, 'balanced_accuracy': 0.7115384615384616, 'f1': 0.5714285714285714, 'confusion_matrix': [[12, 1], [2, 2]], 'auc': 0.9230769230769231, 'roc_curve': {'fpr': [0.0, 0.0, 0.0, 0.15384615384615385, 0.15384615384615385, 1.0], 'tpr': [0.0, 0.25, 0.5, 0.5, 1.0, 1.0]}}}",efficientnet_b3_forniceal_palpebral_new_way,"[0.792467424658691, 0.6806029981496383, 0.620002189055592, 0.6020229264181487, 0.5309916698202795, 0.5617316890330541, 0.4865588022738087, 0.4777553195045108, 0.4373659564524281, 0.4787116626492974, 0.45659458272311154, 0.49606764843674744, 0.4585000288729765, 0.5282831350151374, 0.4988593118531363, 0.4402382039293951, 0.42225101691524997, 0.4639509717623393, 0.49284703269296765, 0.4580693573367839]","[0.8123812079429626, 0.8062548041343689, 0.7547387480735779, 0.9184890985488892, 0.7884066700935364, 0.6983776688575745, 0.7128435373306274, 0.7664191722869873, 0.6347112059593201, 0.5859426259994507, 0.587925910949707, 0.5450825691223145, 0.5131673812866211, 0.5173453092575073, 0.5269480347633362, 0.5598682165145874, 0.547967255115509, 0.5628058910369873, 0.5502850413322449, 0.5487455129623413]","[{'accuracy': 0.5806451612903226, 'f1': 0.5806451612903226, 'sensitivity': 0.6428571428571429, 'specificity': 0.5294117647058824}, {'accuracy': 0.5161290322580645, 'f1': 0.34782608695652173, 'sensitivity': 0.2857142857142857, 'specificity': 0.7058823529411765}, {'accuracy': 0.5806451612903226, 'f1': 0.5185185185185185, 'sensitivity': 0.5, 'specificity': 0.6470588235294118}, {'accuracy': 0.5806451612903226, 'f1': 0.3157894736842105, 'sensitivity': 0.21428571428571427, 'specificity': 0.8823529411764706}, {'accuracy': 0.5806451612903226, 'f1': 0.38095238095238093, 'sensitivity': 0.2857142857142857, 'specificity': 0.8235294117647058}, {'accuracy': 0.6451612903225806, 'f1': 0.5925925925925926, 'sensitivity': 0.5714285714285714, 'specificity': 0.7058823529411765}, {'accuracy': 0.6129032258064516, 'f1': 0.5384615384615384, 'sensitivity': 0.5, 'specificity': 0.7058823529411765}, {'accuracy': 0.5806451612903226, 'f1': 0.43478260869565216, 'sensitivity': 0.35714285714285715, 'specificity': 0.7647058823529411}, {'accuracy': 0.6451612903225806, 'f1': 0.56, 'sensitivity': 0.5, 'specificity': 0.7647058823529411}, {'accuracy': 0.7096774193548387, 'f1': 0.6896551724137931, 'sensitivity': 0.7142857142857143, 'specificity': 0.7058823529411765}, {'accuracy': 0.7096774193548387, 'f1': 0.64, 'sensitivity': 0.5714285714285714, 'specificity': 0.8235294117647058}, {'accuracy': 0.7419354838709677, 'f1': 0.6923076923076923, 'sensitivity': 0.6428571428571429, 'specificity': 0.8235294117647058}, {'accuracy': 0.8064516129032258, 'f1': 0.7857142857142857, 'sensitivity': 0.7857142857142857, 'specificity': 0.8235294117647058}, {'accuracy': 0.8387096774193549, 'f1': 0.8148148148148148, 'sensitivity': 0.7857142857142857, 'specificity': 0.8823529411764706}, {'accuracy': 0.8064516129032258, 'f1': 0.7692307692307693, 'sensitivity': 0.7142857142857143, 'specificity': 0.8823529411764706}, {'accuracy': 0.7741935483870968, 'f1': 0.72, 'sensitivity': 0.6428571428571429, 'specificity': 0.8823529411764706}, {'accuracy': 0.7741935483870968, 'f1': 0.7407407407407407, 'sensitivity': 0.7142857142857143, 'specificity': 0.8235294117647058}, {'accuracy': 0.7741935483870968, 'f1': 0.72, 'sensitivity': 0.6428571428571429, 'specificity': 0.8823529411764706}, {'accuracy': 0.7741935483870968, 'f1': 0.7407407407407407, 'sensitivity': 0.7142857142857143, 'specificity': 0.8235294117647058}, {'accuracy': 0.7741935483870968, 'f1': 0.7407407407407407, 'sensitivity': 0.7142857142857143, 'specificity': 0.8235294117647058}]",COMPLETE
9,0.8,2026-08-08 21:47:22.974537,2026-08-08 21:47:40.163672,0 days 00:00:17.189135,0.5,0.008491777678447011,0.0001979449847008091,"{'overall': {'n': 31, 'accuracy': 0.8064516129032258, 'precision': 0.75, 'recall': 0.8571428571428571, 'sensitivity': 0.8571428571428571, 'specificity': 0.7647058823529411, 'balanced_accuracy': 0.8109243697478992, 'f1': 0.8, 'confusion_matrix': [[13, 4], [2, 12]], 'auc': 0.8361344537815125, 'roc_curve': {'fpr': [0.0, 0.0, 0.058823529411764705, 0.058823529411764705, 0.11764705882352941, 0.11764705882352941, 0.17647058823529413, 0.17647058823529413, 0.23529411764705882, 0.23529411764705882, 1.0], 'tpr': [0.0, 0.07142857142857142, 0.07142857142857142, 0.14285714285714285, 0.14285714285714285, 0.42857142857142855, 0.42857142857142855, 0.5714285714285714, 0.5714285714285714, 1.0, 1.0]}}, 'India': {'n': 14, 'accuracy': 0.7857142857142857, 'precision': 0.8888888888888888, 'recall': 0.8, 'sensitivity': 0.8, 'specificity': 0.75, 'balanced_accuracy': 0.775, 'f1': 0.8421052631578947, 'confusion_matrix': [[3, 1], [2, 8]], 'auc': 0.75, 'roc_curve': {'fpr': [0.0, 0.25, 0.25, 1.0], 'tpr': [0.0, 0.0, 1.0, 1.0]}}, 'Italy': {'n': 17, 'accuracy': 0.8235294117647058, 'precision': 0.5714285714285714, 'recall': 1.0, 'sensitivity': 1.0, 'specificity': 0.7692307692307693, 'balanced_accuracy': 0.8846153846153846, 'f1': 0.7272727272727273, 'confusion_matrix': [[10, 3], [0, 4]], 'auc': 0.8846153846153846, 'roc_curve': {'fpr': [0.0, 0.0, 0.07692307692307693, 0.07692307692307693, 0.15384615384615385, 0.15384615384615385, 0.23076923076923078, 0.23076923076923078, 1.0], 'tpr': [0.0, 0.25, 0.25, 0.5, 0.5, 0.75, 0.75, 1.0, 1.0]}}}",efficientnet_b3_forniceal_palpebral_new_way,"[0.8165208417542127, 0.7129363405461214, 0.629619312935135, 0.5923521364627241, 0.5833036761705567, 0.5863046471764441, 0.5844092827264954, 0.5363343945976828, 0.6191610308731494, 0.5751237131300426, 0.5225310084365663, 0.5819596147456136, 0.5308328883177569, 0.4846935927056942, 0.5670968371183693, 0.4350024660428365, 0.5853971630132118, 0.5290458080719929, 0.5371577003780676]","[0.7688449025154114, 0.7421483397483826, 0.73039710521698, 0.6800054311752319, 0.6801521182060242, 0.6017279028892517, 0.5970742106437683, 0.5889198780059814, 0.6199862360954285, 0.6364651322364807, 0.5994793176651001, 0.569934070110321, 0.6017518639564514, 0.6080714464187622, 0.5811992883682251, 0.5946075916290283, 0.5835458040237427, 0.5855807662010193, 0.6181131601333618]","[{'accuracy': 0.6774193548387096, 'f1': 0.5454545454545454, 'sensitivity': 0.42857142857142855, 'specificity': 0.8823529411764706}, {'accuracy': 0.6774193548387096, 'f1': 0.6153846153846154, 'sensitivity': 0.5714285714285714, 'specificity': 0.7647058823529411}, {'accuracy': 0.6774193548387096, 'f1': 0.6153846153846154, 'sensitivity': 0.5714285714285714, 'specificity': 0.7647058823529411}, {'accuracy': 0.7419354838709677, 'f1': 0.7142857142857143, 'sensitivity': 0.7142857142857143, 'specificity': 0.7647058823529411}, {'accuracy': 0.7419354838709677, 'f1': 0.6666666666666666, 'sensitivity': 0.5714285714285714, 'specificity': 0.8823529411764706}, {'accuracy': 0.7741935483870968, 'f1': 0.7407407407407407, 'sensitivity': 0.7142857142857143, 'specificity': 0.8235294117647058}, {'accuracy': 0.8064516129032258, 'f1': 0.8, 'sensitivity': 0.8571428571428571, 'specificity': 0.7647058823529411}, {'accuracy': 0.7419354838709677, 'f1': 0.7142857142857143, 'sensitivity': 0.7142857142857143, 'specificity': 0.7647058823529411}, {'accuracy': 0.7419354838709677, 'f1': 0.6923076923076923, 'sensitivity': 0.6428571428571429, 'specificity': 0.8235294117647058}, {'accuracy': 0.7419354838709677, 'f1': 0.6923076923076923, 'sensitivity': 0.6428571428571429, 'specificity': 0.8235294117647058}, {'accuracy': 0.7419354838709677, 'f1': 0.6923076923076923, 'sensitivity': 0.6428571428571429, 'specificity': 0.8235294117647058}, {'accuracy': 0.7096774193548387, 'f1': 0.6666666666666666, 'sensitivity': 0.6428571428571429, 'specificity': 0.7647058823529411}, {'accuracy': 0.7096774193548387, 'f1': 0.64, 'sensitivity': 0.5714285714285714, 'specificity': 0.8235294117647058}, {'accuracy': 0.7419354838709677, 'f1': 0.6666666666666666, 'sensitivity': 0.5714285714285714, 'specificity': 0.8823529411764706}, {'accuracy': 0.7741935483870968, 'f1': 0.72, 'sensitivity': 0.6428571428571429, 'specificity': 0.8823529411764706}, {'accuracy': 0.7741935483870968, 'f1': 0.72, 'sensitivity': 0.6428571428571429, 'specificity': 0.8823529411764706}, {'accuracy': 0.7419354838709677, 'f1': 0.7142857142857143, 'sensitivity': 0.7142857142857143, 'specificity': 0.7647058823529411}, {'accuracy': 0.6774193548387096, 'f1': 0.6666666666666666, 'sensitivity': 0.7142857142857143, 'specificity': 0.6470588235294118}, {'accuracy': 0.7741935483870968, 'f1': 0.72, 'sensitivity': 0.6428571428571429, 'specificity': 0.8823529411764706}]",COMPLETE
