number,value,datetime_start,datetime_complete,duration,params_dropout_rate,params_learning_rate,params_weight_decay,user_attrs_best_val_metrics,user_attrs_model_name,user_attrs_train_loss_history,user_attrs_val_loss_history,user_attrs_val_overall_metrics_history,state
11,0.875,2026-08-08 22:33:24.920508,2026-08-08 22:36:19.159544,0 days 00:02:54.239036,0.2,0.0007664455430048865,1.4547307271298078e-05,"{'overall': {'n': 33, 'accuracy': 0.8787878787878788, 'precision': 0.7777777777777778, 'recall': 1.0, 'sensitivity': 1.0, 'specificity': 0.7894736842105263, 'balanced_accuracy': 0.8947368421052632, 'f1': 0.875, 'confusion_matrix': [[15, 4], [0, 14]], 'auc': 0.8759398496240601, 'roc_curve': {'fpr': [0.0, 0.0, 0.05263157894736842, 0.05263157894736842, 0.10526315789473684, 0.10526315789473684, 0.15789473684210525, 0.15789473684210525, 0.21052631578947367, 0.21052631578947367, 1.0], 'tpr': [0.0, 0.07142857142857142, 0.07142857142857142, 0.14285714285714285, 0.14285714285714285, 0.6428571428571429, 0.6428571428571429, 0.7857142857142857, 0.7857142857142857, 1.0, 1.0]}}, 'India': {'n': 14, 'accuracy': 0.8571428571428571, 'precision': 0.8333333333333334, 'recall': 1.0, 'sensitivity': 1.0, 'specificity': 0.5, 'balanced_accuracy': 0.75, 'f1': 0.9090909090909091, 'confusion_matrix': [[2, 2], [0, 10]], 'auc': 0.575, 'roc_curve': {'fpr': [0.0, 0.0, 0.25, 0.25, 0.5, 0.5, 1.0], 'tpr': [0.0, 0.1, 0.1, 0.2, 0.2, 1.0, 1.0]}}, 'Italy': {'n': 19, 'accuracy': 0.8947368421052632, 'precision': 0.6666666666666666, 'recall': 1.0, 'sensitivity': 1.0, 'specificity': 0.8666666666666667, 'balanced_accuracy': 0.9333333333333333, 'f1': 0.8, 'confusion_matrix': [[13, 2], [0, 4]], 'auc': 0.9833333333333334, 'roc_curve': {'fpr': [0.0, 0.0, 0.0, 0.06666666666666667, 0.06666666666666667, 1.0], 'tpr': [0.0, 0.25, 0.75, 0.75, 1.0, 1.0]}}}",maxvit_t_palpebral_new_way,"[0.8074869560879587, 0.7901781221099248, 0.7661795766148346, 0.7529950066907516, 0.7234882222895591, 0.6981778330360817, 0.7186773944374741, 0.6601539617342664, 0.6712498072756837, 0.6579454304366712, 0.6341668789749904, 0.6516398286187886, 0.6328494126433568, 0.6260947525895983, 0.6253930373697092, 0.6026970349400249, 0.6065963483014644, 0.5901986431601821, 0.5857967315920142, 0.584212276714527, 0.5925545167449294, 0.5732339056122382, 0.5963556588880273, 0.5893585642442009, 0.5790810237657156, 0.5592383244969198, 0.552773738538982, 0.5349477730839458, 0.530742344082586, 0.5435723307116932, 0.5519261103592171, 0.542930188755326, 0.5755879271109372, 0.5625690170471241, 0.5375097853853213, 0.5499978594432603, 0.540285715204201, 0.553756538605848, 0.5701960293662469, 0.5432918679635257, 0.5845661009384306, 0.5587058438370559, 0.5315636289830239, 0.5417381175701191, 0.5657568100272425, 0.5855220477312606, 0.5150647139707148, 0.491125258783631, 0.5108033612074442, 0.4918414160905295, 0.5220062110992457, 0.5174364260095634, 0.47118976968803156, 0.4948653965596332, 0.5074926796338416, 0.5047428781623082, 0.48953728723210216, 0.5220971340375231, 0.5202400625146777, 0.5269793761487038, 0.5415208000221, 0.5098488326893736, 0.5315077091684405, 0.5438293751501879, 0.512422182307338, 0.5363624593280009, 0.5225333006966193, 0.5169145070164409, 0.5377392551756852, 0.487570583820343, 0.48245698253050545, 0.5076413229601273, 0.5097890456780693, 0.490957129080564, 0.5065147920160105, 0.5703526585307342, 0.4964001230056712, 0.4987551350861985, 0.5027625479840285, 0.49373843318579214, 0.504529787215176, 0.5318694193631608, 0.4584478120140682, 0.473769310491764, 0.4858839154638202, 0.5218639831669283, 0.5031442225768866, 0.4877930857882594, 0.49526279809459156, 0.4630767667530388, 0.4854322632416984, 0.48228952387310814, 0.4920933317664443, 0.5063564595797204, 0.4816179997873622, 0.5031018602532267, 0.4989417925575711, 0.4532749688388496, 0.5130017009002483, 0.46930758842569315, 0.4578354125780775, 0.473293033656695, 0.5081713620005854]","[0.816973758466316, 0.8136474219235507, 0.8085079825285709, 0.802386796835697, 0.796736554665999, 0.7918955430840001, 0.7874835368358728, 0.7830932411280546, 0.7786540696115205, 0.7739109234376387, 0.7689428401715828, 0.7638095852100488, 0.7598192691802979, 0.7549448302297881, 0.7501002044388743, 0.7466230717572299, 0.7429586576692986, 0.7380614696126996, 0.7326080293366404, 0.7276763446403273, 0.7215659798997821, 0.7161431782173387, 0.7122740637172352, 0.7064265951965795, 0.6988959818175344, 0.6914720860394564, 0.6853434786652074, 0.6806472648273815, 0.6743858727541837, 0.670901479143085, 0.6609581817280162, 0.65065454714226, 0.644580754366788, 0.6376929861126523, 0.6270014625607114, 0.6171847184499105, 0.6073593406966238, 0.5998903476830685, 0.5959083022493304, 0.5938800717845107, 0.5906316872799036, 0.5891381682771625, 0.5864081382751465, 0.5809486418059377, 0.575529958262588, 0.5720707864472361, 0.5713326136271158, 0.5677305929588549, 0.5630099339918657, 0.5610448374892726, 0.5577050772580233, 0.5538164774576823, 0.5486695838697029, 0.5452719746213971, 0.5410056114196777, 0.5401481064883146, 0.5359027602455833, 0.5305246367599025, 0.5292408538587166, 0.5241844943075469, 0.5211899786284475, 0.5195949438846472, 0.5190026254364939, 0.5213624275091923, 0.5212422573205197, 0.5188456665385853, 0.5175153125416149, 0.5181008107734449, 0.5177775224049886, 0.5179490826346658, 0.5161394567200632, 0.5118419473821466, 0.5075967889843565, 0.5033795111107103, 0.5019851525624593, 0.5025105259635232, 0.5017835732662317, 0.49997838338216144, 0.4988872932665276, 0.49803425326491846, 0.49740013931736804, 0.49668687040155585, 0.49640055136247113, 0.4950365297722094, 0.49337224526838824, 0.4931648355541807, 0.492821707870021, 0.4910380912549568, 0.4891964955763383, 0.48715868140711927, 0.48500199751420453, 0.4834907921877774, 0.4812923994931308, 0.47938112056616583, 0.4782990975813432, 0.4776685599124793, 0.47819948196411133, 0.4779451615882642, 0.47937819451996777, 0.4797759778571851, 0.4806993802388509, 0.4813676891904889, 0.4812827399282744]","[{'accuracy': 0.5151515151515151, 'f1': 0.6190476190476191, 'sensitivity': 0.9285714285714286, 'specificity': 0.21052631578947367}, {'accuracy': 0.45454545454545453, 'f1': 0.5909090909090909, 'sensitivity': 0.9285714285714286, 'specificity': 0.10526315789473684}, {'accuracy': 0.5757575757575758, 'f1': 0.65, 'sensitivity': 0.9285714285714286, 'specificity': 0.3157894736842105}, {'accuracy': 0.6060606060606061, 'f1': 0.5806451612903226, 'sensitivity': 0.6428571428571429, 'specificity': 0.5789473684210527}, {'accuracy': 0.6060606060606061, 'f1': 0.5806451612903226, 'sensitivity': 0.6428571428571429, 'specificity': 0.5789473684210527}, {'accuracy': 0.6363636363636364, 'f1': 0.5714285714285714, 'sensitivity': 0.5714285714285714, 'specificity': 0.6842105263157895}, {'accuracy': 0.6060606060606061, 'f1': 0.5517241379310345, 'sensitivity': 0.5714285714285714, 'specificity': 0.631578947368421}, {'accuracy': 0.6060606060606061, 'f1': 0.5517241379310345, 'sensitivity': 0.5714285714285714, 'specificity': 0.631578947368421}, {'accuracy': 0.6060606060606061, 'f1': 0.5517241379310345, 'sensitivity': 0.5714285714285714, 'specificity': 0.631578947368421}, {'accuracy': 0.6060606060606061, 'f1': 0.5517241379310345, 'sensitivity': 0.5714285714285714, 'specificity': 0.631578947368421}, {'accuracy': 0.6060606060606061, 'f1': 0.5517241379310345, 'sensitivity': 0.5714285714285714, 'specificity': 0.631578947368421}, {'accuracy': 0.696969696969697, 'f1': 0.6153846153846154, 'sensitivity': 0.5714285714285714, 'specificity': 0.7894736842105263}, {'accuracy': 0.6666666666666666, 'f1': 0.5217391304347826, 'sensitivity': 0.42857142857142855, 'specificity': 0.8421052631578947}, {'accuracy': 0.6666666666666666, 'f1': 0.5217391304347826, 'sensitivity': 0.42857142857142855, 'specificity': 0.8421052631578947}, {'accuracy': 0.6666666666666666, 'f1': 0.5217391304347826, 'sensitivity': 0.42857142857142855, 'specificity': 0.8421052631578947}, {'accuracy': 0.6666666666666666, 'f1': 0.5217391304347826, 'sensitivity': 0.42857142857142855, 'specificity': 0.8421052631578947}, {'accuracy': 0.6666666666666666, 'f1': 0.47619047619047616, 'sensitivity': 0.35714285714285715, 'specificity': 0.8947368421052632}, {'accuracy': 0.6666666666666666, 'f1': 0.47619047619047616, 'sensitivity': 0.35714285714285715, 'specificity': 0.8947368421052632}, {'accuracy': 0.6666666666666666, 'f1': 0.47619047619047616, 'sensitivity': 0.35714285714285715, 'specificity': 0.8947368421052632}, {'accuracy': 0.6666666666666666, 'f1': 0.47619047619047616, 'sensitivity': 0.35714285714285715, 'specificity': 0.8947368421052632}, {'accuracy': 0.6363636363636364, 'f1': 0.45454545454545453, 'sensitivity': 0.35714285714285715, 'specificity': 0.8421052631578947}, {'accuracy': 0.6363636363636364, 'f1': 0.45454545454545453, 'sensitivity': 0.35714285714285715, 'specificity': 0.8421052631578947}, {'accuracy': 0.6363636363636364, 'f1': 0.45454545454545453, 'sensitivity': 0.35714285714285715, 'specificity': 0.8421052631578947}, {'accuracy': 0.6060606060606061, 'f1': 0.38095238095238093, 'sensitivity': 0.2857142857142857, 'specificity': 0.8421052631578947}, {'accuracy': 0.6060606060606061, 'f1': 0.38095238095238093, 'sensitivity': 0.2857142857142857, 'specificity': 0.8421052631578947}, {'accuracy': 0.6060606060606061, 'f1': 0.38095238095238093, 'sensitivity': 0.2857142857142857, 'specificity': 0.8421052631578947}, {'accuracy': 0.6060606060606061, 'f1': 0.38095238095238093, 'sensitivity': 0.2857142857142857, 'specificity': 0.8421052631578947}, {'accuracy': 0.6060606060606061, 'f1': 0.38095238095238093, 'sensitivity': 0.2857142857142857, 'specificity': 0.8421052631578947}, {'accuracy': 0.6363636363636364, 'f1': 0.45454545454545453, 'sensitivity': 0.35714285714285715, 'specificity': 0.8421052631578947}, {'accuracy': 0.6363636363636364, 'f1': 0.45454545454545453, 'sensitivity': 0.35714285714285715, 'specificity': 0.8421052631578947}, {'accuracy': 0.6363636363636364, 'f1': 0.45454545454545453, 'sensitivity': 0.35714285714285715, 'specificity': 0.8421052631578947}, {'accuracy': 0.6363636363636364, 'f1': 0.45454545454545453, 'sensitivity': 0.35714285714285715, 'specificity': 0.8421052631578947}, {'accuracy': 0.6666666666666666, 'f1': 0.5217391304347826, 'sensitivity': 0.42857142857142855, 'specificity': 0.8421052631578947}, {'accuracy': 0.6666666666666666, 'f1': 0.56, 'sensitivity': 0.5, 'specificity': 0.7894736842105263}, {'accuracy': 0.7575757575757576, 'f1': 0.7142857142857143, 'sensitivity': 0.7142857142857143, 'specificity': 0.7894736842105263}, {'accuracy': 0.7878787878787878, 'f1': 0.7586206896551724, 'sensitivity': 0.7857142857142857, 'specificity': 0.7894736842105263}, {'accuracy': 0.7878787878787878, 'f1': 0.7586206896551724, 'sensitivity': 0.7857142857142857, 'specificity': 0.7894736842105263}, {'accuracy': 0.7878787878787878, 'f1': 0.7586206896551724, 'sensitivity': 0.7857142857142857, 'specificity': 0.7894736842105263}, {'accuracy': 0.7878787878787878, 'f1': 0.7586206896551724, 'sensitivity': 0.7857142857142857, 'specificity': 0.7894736842105263}, {'accuracy': 0.7878787878787878, 'f1': 0.7586206896551724, 'sensitivity': 0.7857142857142857, 'specificity': 0.7894736842105263}, {'accuracy': 0.7878787878787878, 'f1': 0.7586206896551724, 'sensitivity': 0.7857142857142857, 'specificity': 0.7894736842105263}, {'accuracy': 0.7878787878787878, 'f1': 0.7586206896551724, 'sensitivity': 0.7857142857142857, 'specificity': 0.7894736842105263}, {'accuracy': 0.7878787878787878, 'f1': 0.7586206896551724, 'sensitivity': 0.7857142857142857, 'specificity': 0.7894736842105263}, {'accuracy': 0.7878787878787878, 'f1': 0.7586206896551724, 'sensitivity': 0.7857142857142857, 'specificity': 0.7894736842105263}, {'accuracy': 0.7878787878787878, 'f1': 0.7586206896551724, 'sensitivity': 0.7857142857142857, 'specificity': 0.7894736842105263}, {'accuracy': 0.7878787878787878, 'f1': 0.7586206896551724, 'sensitivity': 0.7857142857142857, 'specificity': 0.7894736842105263}, {'accuracy': 0.8181818181818182, 'f1': 0.7857142857142857, 'sensitivity': 0.7857142857142857, 'specificity': 0.8421052631578947}, {'accuracy': 0.8181818181818182, 'f1': 0.7857142857142857, 'sensitivity': 0.7857142857142857, 'specificity': 0.8421052631578947}, {'accuracy': 0.8181818181818182, 'f1': 0.7857142857142857, 'sensitivity': 0.7857142857142857, 'specificity': 0.8421052631578947}, {'accuracy': 0.8181818181818182, 'f1': 0.7857142857142857, 'sensitivity': 0.7857142857142857, 'specificity': 0.8421052631578947}, {'accuracy': 0.8181818181818182, 'f1': 0.7857142857142857, 'sensitivity': 0.7857142857142857, 'specificity': 0.8421052631578947}, {'accuracy': 0.8181818181818182, 'f1': 0.7857142857142857, 'sensitivity': 0.7857142857142857, 'specificity': 0.8421052631578947}, {'accuracy': 0.7878787878787878, 'f1': 0.7586206896551724, 'sensitivity': 0.7857142857142857, 'specificity': 0.7894736842105263}, {'accuracy': 0.7878787878787878, 'f1': 0.7586206896551724, 'sensitivity': 0.7857142857142857, 'specificity': 0.7894736842105263}, {'accuracy': 0.7878787878787878, 'f1': 0.7586206896551724, 'sensitivity': 0.7857142857142857, 'specificity': 0.7894736842105263}, {'accuracy': 0.7878787878787878, 'f1': 0.7586206896551724, 'sensitivity': 0.7857142857142857, 'specificity': 0.7894736842105263}, {'accuracy': 0.7878787878787878, 'f1': 0.7586206896551724, 'sensitivity': 0.7857142857142857, 'specificity': 0.7894736842105263}, {'accuracy': 0.7878787878787878, 'f1': 0.7586206896551724, 'sensitivity': 0.7857142857142857, 'specificity': 0.7894736842105263}, {'accuracy': 0.7878787878787878, 'f1': 0.7586206896551724, 'sensitivity': 0.7857142857142857, 'specificity': 0.7894736842105263}, {'accuracy': 0.7878787878787878, 'f1': 0.7586206896551724, 'sensitivity': 0.7857142857142857, 'specificity': 0.7894736842105263}, {'accuracy': 0.7878787878787878, 'f1': 0.7586206896551724, 'sensitivity': 0.7857142857142857, 'specificity': 0.7894736842105263}, {'accuracy': 0.7878787878787878, 'f1': 0.7586206896551724, 'sensitivity': 0.7857142857142857, 'specificity': 0.7894736842105263}, {'accuracy': 0.7878787878787878, 'f1': 0.7586206896551724, 'sensitivity': 0.7857142857142857, 'specificity': 0.7894736842105263}, {'accuracy': 0.7878787878787878, 'f1': 0.7586206896551724, 'sensitivity': 0.7857142857142857, 'specificity': 0.7894736842105263}, {'accuracy': 0.7878787878787878, 'f1': 0.7586206896551724, 'sensitivity': 0.7857142857142857, 'specificity': 0.7894736842105263}, {'accuracy': 0.7878787878787878, 'f1': 0.7586206896551724, 'sensitivity': 0.7857142857142857, 'specificity': 0.7894736842105263}, {'accuracy': 0.7878787878787878, 'f1': 0.7586206896551724, 'sensitivity': 0.7857142857142857, 'specificity': 0.7894736842105263}, {'accuracy': 0.7878787878787878, 'f1': 0.7586206896551724, 'sensitivity': 0.7857142857142857, 'specificity': 0.7894736842105263}, {'accuracy': 0.7878787878787878, 'f1': 0.7586206896551724, 'sensitivity': 0.7857142857142857, 'specificity': 0.7894736842105263}, {'accuracy': 0.7878787878787878, 'f1': 0.7586206896551724, 'sensitivity': 0.7857142857142857, 'specificity': 0.7894736842105263}, {'accuracy': 0.7878787878787878, 'f1': 0.7586206896551724, 'sensitivity': 0.7857142857142857, 'specificity': 0.7894736842105263}, {'accuracy': 0.7878787878787878, 'f1': 0.7586206896551724, 'sensitivity': 0.7857142857142857, 'specificity': 0.7894736842105263}, {'accuracy': 0.7878787878787878, 'f1': 0.7586206896551724, 'sensitivity': 0.7857142857142857, 'specificity': 0.7894736842105263}, {'accuracy': 0.7878787878787878, 'f1': 0.7586206896551724, 'sensitivity': 0.7857142857142857, 'specificity': 0.7894736842105263}, {'accuracy': 0.7878787878787878, 'f1': 0.7586206896551724, 'sensitivity': 0.7857142857142857, 'specificity': 0.7894736842105263}, {'accuracy': 0.7878787878787878, 'f1': 0.7586206896551724, 'sensitivity': 0.7857142857142857, 'specificity': 0.7894736842105263}, {'accuracy': 0.7878787878787878, 'f1': 0.7586206896551724, 'sensitivity': 0.7857142857142857, 'specificity': 0.7894736842105263}, {'accuracy': 0.8181818181818182, 'f1': 0.8, 'sensitivity': 0.8571428571428571, 'specificity': 0.7894736842105263}, {'accuracy': 0.8484848484848485, 'f1': 0.8387096774193549, 'sensitivity': 0.9285714285714286, 'specificity': 0.7894736842105263}, {'accuracy': 0.8484848484848485, 'f1': 0.8387096774193549, 'sensitivity': 0.9285714285714286, 'specificity': 0.7894736842105263}, {'accuracy': 0.8484848484848485, 'f1': 0.8387096774193549, 'sensitivity': 0.9285714285714286, 'specificity': 0.7894736842105263}, {'accuracy': 0.8484848484848485, 'f1': 0.8387096774193549, 'sensitivity': 0.9285714285714286, 'specificity': 0.7894736842105263}, {'accuracy': 0.8181818181818182, 'f1': 0.8125, 'sensitivity': 0.9285714285714286, 'specificity': 0.7368421052631579}, {'accuracy': 0.8484848484848485, 'f1': 0.8387096774193549, 'sensitivity': 0.9285714285714286, 'specificity': 0.7894736842105263}, {'accuracy': 0.8787878787878788, 'f1': 0.875, 'sensitivity': 1.0, 'specificity': 0.7894736842105263}, {'accuracy': 0.8787878787878788, 'f1': 0.875, 'sensitivity': 1.0, 'specificity': 0.7894736842105263}, {'accuracy': 0.8484848484848485, 'f1': 0.8484848484848485, 'sensitivity': 1.0, 'specificity': 0.7368421052631579}, {'accuracy': 0.8484848484848485, 'f1': 0.8484848484848485, 'sensitivity': 1.0, 'specificity': 0.7368421052631579}, {'accuracy': 0.8484848484848485, 'f1': 0.8484848484848485, 'sensitivity': 1.0, 'specificity': 0.7368421052631579}, {'accuracy': 0.8484848484848485, 'f1': 0.8484848484848485, 'sensitivity': 1.0, 'specificity': 0.7368421052631579}, {'accuracy': 0.8484848484848485, 'f1': 0.8484848484848485, 'sensitivity': 1.0, 'specificity': 0.7368421052631579}, {'accuracy': 0.8484848484848485, 'f1': 0.8484848484848485, 'sensitivity': 1.0, 'specificity': 0.7368421052631579}, {'accuracy': 0.8484848484848485, 'f1': 0.8484848484848485, 'sensitivity': 1.0, 'specificity': 0.7368421052631579}, {'accuracy': 0.8484848484848485, 'f1': 0.8484848484848485, 'sensitivity': 1.0, 'specificity': 0.7368421052631579}, {'accuracy': 0.8484848484848485, 'f1': 0.8484848484848485, 'sensitivity': 1.0, 'specificity': 0.7368421052631579}, {'accuracy': 0.8484848484848485, 'f1': 0.8484848484848485, 'sensitivity': 1.0, 'specificity': 0.7368421052631579}, {'accuracy': 0.8484848484848485, 'f1': 0.8484848484848485, 'sensitivity': 1.0, 'specificity': 0.7368421052631579}, {'accuracy': 0.8484848484848485, 'f1': 0.8484848484848485, 'sensitivity': 1.0, 'specificity': 0.7368421052631579}, {'accuracy': 0.8484848484848485, 'f1': 0.8484848484848485, 'sensitivity': 1.0, 'specificity': 0.7368421052631579}, {'accuracy': 0.8484848484848485, 'f1': 0.8484848484848485, 'sensitivity': 1.0, 'specificity': 0.7368421052631579}, {'accuracy': 0.8484848484848485, 'f1': 0.8484848484848485, 'sensitivity': 1.0, 'specificity': 0.7368421052631579}, {'accuracy': 0.8484848484848485, 'f1': 0.8484848484848485, 'sensitivity': 1.0, 'specificity': 0.7368421052631579}, {'accuracy': 0.8484848484848485, 'f1': 0.8484848484848485, 'sensitivity': 1.0, 'specificity': 0.7368421052631579}]",COMPLETE
