number,value,datetime_start,datetime_complete,duration,params_dropout_rate,params_learning_rate,params_weight_decay,user_attrs_best_val_metrics,user_attrs_model_name,user_attrs_train_loss_history,user_attrs_val_loss_history,user_attrs_val_overall_metrics_history,state
2,0.7428571428571429,2026-08-08 22:41:07.900735,2026-08-08 22:41:29.680967,0 days 00:00:21.780232,0.5,0.006358358856676255,0.000133112160807369,"{'overall': {'n': 31, 'accuracy': 0.7096774193548387, 'precision': 0.6190476190476191, 'recall': 0.9285714285714286, 'sensitivity': 0.9285714285714286, 'specificity': 0.5294117647058824, 'balanced_accuracy': 0.7289915966386555, 'f1': 0.7428571428571429, 'confusion_matrix': [[9, 8], [1, 13]], 'auc': 0.7058823529411764, 'roc_curve': {'fpr': [0.0, 0.058823529411764705, 0.058823529411764705, 0.11764705882352941, 0.11764705882352941, 0.17647058823529413, 0.17647058823529413, 0.23529411764705882, 0.23529411764705882, 0.29411764705882354, 0.29411764705882354, 0.35294117647058826, 0.35294117647058826, 0.47058823529411764, 0.47058823529411764, 0.7647058823529411, 0.7647058823529411, 1.0], 'tpr': [0.0, 0.0, 0.07142857142857142, 0.07142857142857142, 0.14285714285714285, 0.14285714285714285, 0.5, 0.5, 0.5714285714285714, 0.5714285714285714, 0.6428571428571429, 0.6428571428571429, 0.7142857142857143, 0.7142857142857143, 0.9285714285714286, 0.9285714285714286, 1.0, 1.0]}}, 'India': {'n': 14, 'accuracy': 0.7857142857142857, 'precision': 0.7692307692307693, 'recall': 1.0, 'sensitivity': 1.0, 'specificity': 0.25, 'balanced_accuracy': 0.625, 'f1': 0.8695652173913043, 'confusion_matrix': [[1, 3], [0, 10]], 'auc': 0.6, 'roc_curve': {'fpr': [0.0, 0.25, 0.25, 0.75, 0.75, 1.0], 'tpr': [0.0, 0.0, 0.7, 0.7, 1.0, 1.0]}}, 'Italy': {'n': 17, 'accuracy': 0.6470588235294118, 'precision': 0.375, 'recall': 0.75, 'sensitivity': 0.75, 'specificity': 0.6153846153846154, 'balanced_accuracy': 0.6826923076923077, 'f1': 0.5, 'confusion_matrix': [[8, 5], [1, 3]], 'auc': 0.6730769230769231, 'roc_curve': {'fpr': [0.0, 0.0, 0.23076923076923078, 0.23076923076923078, 0.38461538461538464, 0.38461538461538464, 0.6923076923076923, 0.6923076923076923, 1.0], 'tpr': [0.0, 0.25, 0.25, 0.5, 0.5, 0.75, 0.75, 1.0, 1.0]}}}",maxvit_t_forniceal_palpebral_new_way,"[0.7825740364944043, 0.7041969015484765, 0.6728877518452755, 0.6229102199985868, 0.6408542548718096, 0.59745708128222, 0.5352817672450526, 0.5844952172162582, 0.5778182517914545, 0.5479090187419839, 0.6599343492060291, 0.5156795759590305, 0.534127740835657]","[0.7983875274658203, 0.7971224188804626, 0.7678293585777283, 0.7776739001274109, 0.7902377843856812, 0.7648928165435791, 0.7742665410041809, 0.8037693500518799, 0.8449989557266235, 0.7740411162376404, 0.7740835547447205, 0.7757808566093445, 0.7879357933998108]","[{'accuracy': 0.5483870967741935, 'f1': 0.46153846153846156, 'sensitivity': 0.42857142857142855, 'specificity': 0.6470588235294118}, {'accuracy': 0.5483870967741935, 'f1': 0.3, 'sensitivity': 0.21428571428571427, 'specificity': 0.8235294117647058}, {'accuracy': 0.7096774193548387, 'f1': 0.7428571428571429, 'sensitivity': 0.9285714285714286, 'specificity': 0.5294117647058824}, {'accuracy': 0.5806451612903226, 'f1': 0.38095238095238093, 'sensitivity': 0.2857142857142857, 'specificity': 0.8235294117647058}, {'accuracy': 0.5806451612903226, 'f1': 0.3157894736842105, 'sensitivity': 0.21428571428571427, 'specificity': 0.8823529411764706}, {'accuracy': 0.5806451612903226, 'f1': 0.38095238095238093, 'sensitivity': 0.2857142857142857, 'specificity': 0.8235294117647058}, {'accuracy': 0.6129032258064516, 'f1': 0.4, 'sensitivity': 0.2857142857142857, 'specificity': 0.8823529411764706}, {'accuracy': 0.5483870967741935, 'f1': 0.2222222222222222, 'sensitivity': 0.14285714285714285, 'specificity': 0.8823529411764706}, {'accuracy': 0.5483870967741935, 'f1': 0.2222222222222222, 'sensitivity': 0.14285714285714285, 'specificity': 0.8823529411764706}, {'accuracy': 0.6451612903225806, 'f1': 0.47619047619047616, 'sensitivity': 0.35714285714285715, 'specificity': 0.8823529411764706}, {'accuracy': 0.6451612903225806, 'f1': 0.47619047619047616, 'sensitivity': 0.35714285714285715, 'specificity': 0.8823529411764706}, {'accuracy': 0.6451612903225806, 'f1': 0.47619047619047616, 'sensitivity': 0.35714285714285715, 'specificity': 0.8823529411764706}, {'accuracy': 0.6451612903225806, 'f1': 0.47619047619047616, 'sensitivity': 0.35714285714285715, 'specificity': 0.8823529411764706}]",COMPLETE
3,0.6511627906976745,2026-08-08 22:41:29.681372,2026-08-08 22:41:51.266863,0 days 00:00:21.585491,0.5,0.03142880890840111,4.335281794951567e-06,"{'overall': {'n': 31, 'accuracy': 0.5161290322580645, 'precision': 0.4827586206896552, 'recall': 1.0, 'sensitivity': 1.0, 'specificity': 0.11764705882352941, 'balanced_accuracy': 0.5588235294117647, 'f1': 0.6511627906976745, 'confusion_matrix': [[2, 15], [0, 14]], 'auc': 0.6932773109243697, 'roc_curve': {'fpr': [0.0, 0.0, 0.0, 0.17647058823529413, 0.17647058823529413, 0.23529411764705882, 0.23529411764705882, 0.29411764705882354, 0.29411764705882354, 0.35294117647058826, 0.35294117647058826, 0.5882352941176471, 0.5882352941176471, 0.7058823529411765, 0.7058823529411765, 0.8823529411764706, 0.8823529411764706, 1.0], 'tpr': [0.0, 0.07142857142857142, 0.2857142857142857, 0.2857142857142857, 0.35714285714285715, 0.35714285714285715, 0.5714285714285714, 0.5714285714285714, 0.6428571428571429, 0.6428571428571429, 0.7142857142857143, 0.7142857142857143, 0.8571428571428571, 0.8571428571428571, 0.9285714285714286, 0.9285714285714286, 1.0, 1.0]}}, 'India': {'n': 14, 'accuracy': 0.7142857142857143, 'precision': 0.7142857142857143, 'recall': 1.0, 'sensitivity': 1.0, 'specificity': 0.0, 'balanced_accuracy': 0.5, 'f1': 0.8333333333333334, 'confusion_matrix': [[0, 4], [0, 10]], 'auc': 0.425, 'roc_curve': {'fpr': [0.0, 0.0, 0.0, 0.75, 0.75, 1.0, 1.0], 'tpr': [0.0, 0.1, 0.3, 0.3, 0.8, 0.8, 1.0]}}, 'Italy': {'n': 17, 'accuracy': 0.35294117647058826, 'precision': 0.26666666666666666, 'recall': 1.0, 'sensitivity': 1.0, 'specificity': 0.15384615384615385, 'balanced_accuracy': 0.5769230769230769, 'f1': 0.42105263157894735, 'confusion_matrix': [[2, 11], [0, 4]], 'auc': 0.6730769230769231, 'roc_curve': {'fpr': [0.0, 0.0, 0.23076923076923078, 0.23076923076923078, 0.46153846153846156, 0.46153846153846156, 0.6153846153846154, 0.6153846153846154, 1.0], 'tpr': [0.0, 0.25, 0.25, 0.5, 0.5, 0.75, 0.75, 1.0, 1.0]}}}",maxvit_t_forniceal_palpebral_new_way,"[0.8460833243772287, 0.6194985111554464, 0.8462652851935146, 0.8446047816957746, 0.7584483392384588, 0.783804291365098, 0.8869494678211861, 0.7074353978747413, 0.8253570835606582, 0.7274775326657458, 0.7476103163900829, 0.6439974299904441, 0.8547157095808561]","[0.9360765814781189, 1.5511616468429565, 1.2830995321273804, 1.1448686122894287, 0.9302530288696289, 0.7242527604103088, 0.8100144863128662, 0.8255969882011414, 0.787665069103241, 0.8853733539581299, 0.7720066905021667, 0.9768918752670288, 0.7383577823638916]","[{'accuracy': 0.5483870967741935, 'f1': 0.0, 'sensitivity': 0.0, 'specificity': 1.0}, {'accuracy': 0.5483870967741935, 'f1': 0.0, 'sensitivity': 0.0, 'specificity': 1.0}, {'accuracy': 0.5483870967741935, 'f1': 0.0, 'sensitivity': 0.0, 'specificity': 1.0}, {'accuracy': 0.6129032258064516, 'f1': 0.25, 'sensitivity': 0.14285714285714285, 'specificity': 1.0}, {'accuracy': 0.6451612903225806, 'f1': 0.35294117647058826, 'sensitivity': 0.21428571428571427, 'specificity': 1.0}, {'accuracy': 0.7096774193548387, 'f1': 0.6086956521739131, 'sensitivity': 0.5, 'specificity': 0.8823529411764706}, {'accuracy': 0.5483870967741935, 'f1': 0.65, 'sensitivity': 0.9285714285714286, 'specificity': 0.23529411764705882}, {'accuracy': 0.6451612903225806, 'f1': 0.42105263157894735, 'sensitivity': 0.2857142857142857, 'specificity': 0.9411764705882353}, {'accuracy': 0.5161290322580645, 'f1': 0.6341463414634146, 'sensitivity': 0.9285714285714286, 'specificity': 0.17647058823529413}, {'accuracy': 0.5161290322580645, 'f1': 0.6511627906976745, 'sensitivity': 1.0, 'specificity': 0.11764705882352941}, {'accuracy': 0.5483870967741935, 'f1': 0.36363636363636365, 'sensitivity': 0.2857142857142857, 'specificity': 0.7647058823529411}, {'accuracy': 0.5806451612903226, 'f1': 0.23529411764705882, 'sensitivity': 0.14285714285714285, 'specificity': 0.9411764705882353}, {'accuracy': 0.6129032258064516, 'f1': 0.6470588235294118, 'sensitivity': 0.7857142857142857, 'specificity': 0.47058823529411764}]",COMPLETE
4,0.625,2026-08-08 22:41:51.267182,2026-08-08 22:42:27.381382,0 days 00:00:36.114200,0.2,0.0008179499475211679,3.752055855124284e-05,"{'overall': {'n': 31, 'accuracy': 0.6129032258064516, 'precision': 0.5555555555555556, 'recall': 0.7142857142857143, 'sensitivity': 0.7142857142857143, 'specificity': 0.5294117647058824, 'balanced_accuracy': 0.6218487394957983, 'f1': 0.625, 'confusion_matrix': [[9, 8], [4, 10]], 'auc': 0.5882352941176471, 'roc_curve': {'fpr': [0.0, 0.0, 0.058823529411764705, 0.058823529411764705, 0.11764705882352941, 0.11764705882352941, 0.23529411764705882, 0.23529411764705882, 0.29411764705882354, 0.29411764705882354, 0.47058823529411764, 0.47058823529411764, 0.7647058823529411, 0.7647058823529411, 0.8823529411764706, 0.8823529411764706, 0.9411764705882353, 0.9411764705882353, 1.0, 1.0], 'tpr': [0.0, 0.07142857142857142, 0.07142857142857142, 0.14285714285714285, 0.14285714285714285, 0.35714285714285715, 0.35714285714285715, 0.42857142857142855, 0.42857142857142855, 0.5714285714285714, 0.5714285714285714, 0.7142857142857143, 0.7142857142857143, 0.7857142857142857, 0.7857142857142857, 0.8571428571428571, 0.8571428571428571, 0.9285714285714286, 0.9285714285714286, 1.0]}}, 'India': {'n': 14, 'accuracy': 0.6428571428571429, 'precision': 0.7777777777777778, 'recall': 0.7, 'sensitivity': 0.7, 'specificity': 0.5, 'balanced_accuracy': 0.6, 'f1': 0.7368421052631579, 'confusion_matrix': [[2, 2], [3, 7]], 'auc': 0.525, 'roc_curve': {'fpr': [0.0, 0.0, 0.0, 0.25, 0.25, 0.5, 0.5, 1.0, 1.0], 'tpr': [0.0, 0.1, 0.2, 0.2, 0.5, 0.5, 0.7, 0.7, 1.0]}}, 'Italy': {'n': 17, 'accuracy': 0.5882352941176471, 'precision': 0.3333333333333333, 'recall': 0.75, 'sensitivity': 0.75, 'specificity': 0.5384615384615384, 'balanced_accuracy': 0.6442307692307692, 'f1': 0.46153846153846156, 'confusion_matrix': [[7, 6], [1, 3]], 'auc': 0.6538461538461539, 'roc_curve': {'fpr': [0.0, 0.07692307692307693, 0.07692307692307693, 0.3076923076923077, 0.3076923076923077, 0.9230769230769231, 0.9230769230769231, 1.0], 'tpr': [0.0, 0.0, 0.5, 0.5, 0.75, 0.75, 1.0, 1.0]}}}",maxvit_t_forniceal_palpebral_new_way,"[0.7952117502283887, 0.7916427793956938, 0.7729073738565251, 0.7603603893396805, 0.7524366642342133, 0.7228585157264658, 0.7078668085896239, 0.702739243604699, 0.6598060045923505, 0.6811278227235185, 0.6631342087473188, 0.6401499286800826, 0.6512690932572294, 0.6442066921668799, 0.6537675443960695, 0.6286435394870992, 0.6257151855903418, 0.6148547388258434, 0.6400503106668692, 0.6042045780590602, 0.6033516587043295, 0.6355907499384718]","[0.8080182075500488, 0.8035395741462708, 0.7995828986167908, 0.7962866425514221, 0.7932469248771667, 0.7905052900314331, 0.7880124449729919, 0.7866098284721375, 0.7851688861846924, 0.7843881249427795, 0.7828622460365295, 0.7817870378494263, 0.781001627445221, 0.7806051969528198, 0.7802361249923706, 0.7806664705276489, 0.7812231779098511, 0.7841153740882874, 0.785859227180481, 0.7883667349815369, 0.7876431345939636, 0.7872198820114136]","[{'accuracy': 0.5483870967741935, 'f1': 0.46153846153846156, 'sensitivity': 0.42857142857142855, 'specificity': 0.6470588235294118}, {'accuracy': 0.6129032258064516, 'f1': 0.625, 'sensitivity': 0.7142857142857143, 'specificity': 0.5294117647058824}, {'accuracy': 0.45161290322580644, 'f1': 0.5641025641025641, 'sensitivity': 0.7857142857142857, 'specificity': 0.17647058823529413}, {'accuracy': 0.41935483870967744, 'f1': 0.55, 'sensitivity': 0.7857142857142857, 'specificity': 0.11764705882352941}, {'accuracy': 0.41935483870967744, 'f1': 0.55, 'sensitivity': 0.7857142857142857, 'specificity': 0.11764705882352941}, {'accuracy': 0.4838709677419355, 'f1': 0.5789473684210527, 'sensitivity': 0.7857142857142857, 'specificity': 0.23529411764705882}, {'accuracy': 0.5161290322580645, 'f1': 0.5945945945945946, 'sensitivity': 0.7857142857142857, 'specificity': 0.29411764705882354}, {'accuracy': 0.5161290322580645, 'f1': 0.5714285714285714, 'sensitivity': 0.7142857142857143, 'specificity': 0.35294117647058826}, {'accuracy': 0.5483870967741935, 'f1': 0.5882352941176471, 'sensitivity': 0.7142857142857143, 'specificity': 0.4117647058823529}, {'accuracy': 0.6129032258064516, 'f1': 0.625, 'sensitivity': 0.7142857142857143, 'specificity': 0.5294117647058824}, {'accuracy': 0.6129032258064516, 'f1': 0.625, 'sensitivity': 0.7142857142857143, 'specificity': 0.5294117647058824}, {'accuracy': 0.6129032258064516, 'f1': 0.625, 'sensitivity': 0.7142857142857143, 'specificity': 0.5294117647058824}, {'accuracy': 0.5806451612903226, 'f1': 0.5806451612903226, 'sensitivity': 0.6428571428571429, 'specificity': 0.5294117647058824}, {'accuracy': 0.5806451612903226, 'f1': 0.5806451612903226, 'sensitivity': 0.6428571428571429, 'specificity': 0.5294117647058824}, {'accuracy': 0.5483870967741935, 'f1': 0.5333333333333333, 'sensitivity': 0.5714285714285714, 'specificity': 0.5294117647058824}, {'accuracy': 0.5806451612903226, 'f1': 0.5517241379310345, 'sensitivity': 0.5714285714285714, 'specificity': 0.5882352941176471}, {'accuracy': 0.5161290322580645, 'f1': 0.4444444444444444, 'sensitivity': 0.42857142857142855, 'specificity': 0.5882352941176471}, {'accuracy': 0.5483870967741935, 'f1': 0.46153846153846156, 'sensitivity': 0.42857142857142855, 'specificity': 0.6470588235294118}, {'accuracy': 0.5483870967741935, 'f1': 0.46153846153846156, 'sensitivity': 0.42857142857142855, 'specificity': 0.6470588235294118}, {'accuracy': 0.5806451612903226, 'f1': 0.48, 'sensitivity': 0.42857142857142855, 'specificity': 0.7058823529411765}, {'accuracy': 0.5806451612903226, 'f1': 0.48, 'sensitivity': 0.42857142857142855, 'specificity': 0.7058823529411765}, {'accuracy': 0.5483870967741935, 'f1': 0.46153846153846156, 'sensitivity': 0.42857142857142855, 'specificity': 0.6470588235294118}]",COMPLETE
5,0.72,2026-08-08 22:42:27.381695,2026-08-08 22:42:50.584136,0 days 00:00:23.202441,0.5,0.07734445970634252,0.00047982072674057337,"{'overall': {'n': 31, 'accuracy': 0.7741935483870968, 'precision': 0.8181818181818182, 'recall': 0.6428571428571429, 'sensitivity': 0.6428571428571429, 'specificity': 0.8823529411764706, 'balanced_accuracy': 0.7626050420168067, 'f1': 0.72, 'confusion_matrix': [[15, 2], [5, 9]], 'auc': 0.7394957983193278, 'roc_curve': {'fpr': [0.0, 0.058823529411764705, 0.058823529411764705, 0.11764705882352941, 0.11764705882352941, 0.23529411764705882, 0.23529411764705882, 0.47058823529411764, 0.47058823529411764, 0.5882352941176471, 0.5882352941176471, 0.7647058823529411, 0.7647058823529411, 0.9411764705882353, 0.9411764705882353, 1.0], 'tpr': [0.0, 0.0, 0.5, 0.5, 0.6428571428571429, 0.6428571428571429, 0.7142857142857143, 0.7142857142857143, 0.7857142857142857, 0.7857142857142857, 0.8571428571428571, 0.8571428571428571, 0.9285714285714286, 0.9285714285714286, 1.0, 1.0]}}, 'India': {'n': 14, 'accuracy': 0.7142857142857143, 'precision': 0.8, 'recall': 0.8, 'sensitivity': 0.8, 'specificity': 0.5, 'balanced_accuracy': 0.65, 'f1': 0.8, 'confusion_matrix': [[2, 2], [2, 8]], 'auc': 0.5750000000000001, 'roc_curve': {'fpr': [0.0, 0.25, 0.25, 0.5, 0.5, 0.75, 0.75, 1.0, 1.0], 'tpr': [0.0, 0.0, 0.6, 0.6, 0.8, 0.8, 0.9, 0.9, 1.0]}}, 'Italy': {'n': 17, 'accuracy': 0.8235294117647058, 'precision': 1.0, 'recall': 0.25, 'sensitivity': 0.25, 'specificity': 1.0, 'balanced_accuracy': 0.625, 'f1': 0.4, 'confusion_matrix': [[13, 0], [3, 1]], 'auc': 0.5576923076923077, 'roc_curve': {'fpr': [0.0, 0.0, 0.38461538461538464, 0.38461538461538464, 0.46153846153846156, 0.46153846153846156, 0.9230769230769231, 0.9230769230769231, 1.0], 'tpr': [0.0, 0.25, 0.25, 0.5, 0.5, 0.75, 0.75, 1.0, 1.0]}}}",maxvit_t_forniceal_palpebral_new_way,"[1.2363267342249553, 1.3974290092786152, 1.0266612563408961, 1.2682999923926632, 1.1470337360083651, 1.285781027102957, 1.0686318775018055, 0.8356181877810939, 1.4673028892400313, 0.9629369280776199, 1.4000476079733193, 1.5588422559556507, 1.5432275558004573, 1.4386536434394162]","[2.257894515991211, 0.8889776468276978, 1.1722623109817505, 1.171158790588379, 0.855130672454834, 1.2112772464752197, 0.7993473410606384, 1.3529202938079834, 1.0653961896896362, 0.8074727654457092, 1.825878381729126, 0.9548863768577576, 1.3390535116195679, 1.3306074142456055]","[{'accuracy': 0.5483870967741935, 'f1': 0.0, 'sensitivity': 0.0, 'specificity': 1.0}, {'accuracy': 0.6129032258064516, 'f1': 0.4, 'sensitivity': 0.2857142857142857, 'specificity': 0.8823529411764706}, {'accuracy': 0.5483870967741935, 'f1': 0.2222222222222222, 'sensitivity': 0.14285714285714285, 'specificity': 0.8823529411764706}, {'accuracy': 0.45161290322580644, 'f1': 0.6046511627906976, 'sensitivity': 0.9285714285714286, 'specificity': 0.058823529411764705}, {'accuracy': 0.6451612903225806, 'f1': 0.5217391304347826, 'sensitivity': 0.42857142857142855, 'specificity': 0.8235294117647058}, {'accuracy': 0.6451612903225806, 'f1': 0.42105263157894735, 'sensitivity': 0.2857142857142857, 'specificity': 0.9411764705882353}, {'accuracy': 0.7741935483870968, 'f1': 0.72, 'sensitivity': 0.6428571428571429, 'specificity': 0.8823529411764706}, {'accuracy': 0.5483870967741935, 'f1': 0.125, 'sensitivity': 0.07142857142857142, 'specificity': 0.9411764705882353}, {'accuracy': 0.6451612903225806, 'f1': 0.42105263157894735, 'sensitivity': 0.2857142857142857, 'specificity': 0.9411764705882353}, {'accuracy': 0.6774193548387096, 'f1': 0.6428571428571429, 'sensitivity': 0.6428571428571429, 'specificity': 0.7058823529411765}, {'accuracy': 0.5161290322580645, 'f1': 0.0, 'sensitivity': 0.0, 'specificity': 0.9411764705882353}, {'accuracy': 0.5483870967741935, 'f1': 0.46153846153846156, 'sensitivity': 0.42857142857142855, 'specificity': 0.6470588235294118}, {'accuracy': 0.5161290322580645, 'f1': 0.6341463414634146, 'sensitivity': 0.9285714285714286, 'specificity': 0.17647058823529413}, {'accuracy': 0.5161290322580645, 'f1': 0.34782608695652173, 'sensitivity': 0.2857142857142857, 'specificity': 0.7058823529411765}]",COMPLETE
