number,value,datetime_start,datetime_complete,duration,params_dropout_rate,params_learning_rate,params_weight_decay,user_attrs_best_val_metrics,user_attrs_model_name,user_attrs_train_loss_history,user_attrs_val_loss_history,user_attrs_val_overall_metrics_history,state
10,0.4444444444444444,2026-08-08 22:32:48.845129,2026-08-08 22:33:24.920141,0 days 00:00:36.075012,0.5,0.011797805361606694,0.0001537467136904321,"{'overall': {'n': 33, 'accuracy': 0.696969696969697, 'precision': 1.0, 'recall': 0.2857142857142857, 'sensitivity': 0.2857142857142857, 'specificity': 1.0, 'balanced_accuracy': 0.6428571428571428, 'f1': 0.4444444444444444, 'confusion_matrix': [[19, 0], [10, 4]], 'auc': 0.793233082706767, 'roc_curve': {'fpr': [0.0, 0.0, 0.0, 0.10526315789473684, 0.10526315789473684, 0.15789473684210525, 0.15789473684210525, 0.21052631578947367, 0.21052631578947367, 0.2631578947368421, 0.2631578947368421, 0.42105263157894735, 0.42105263157894735, 0.47368421052631576, 0.47368421052631576, 1.0], 'tpr': [0.0, 0.07142857142857142, 0.35714285714285715, 0.35714285714285715, 0.42857142857142855, 0.42857142857142855, 0.5, 0.5, 0.5714285714285714, 0.5714285714285714, 0.6428571428571429, 0.6428571428571429, 0.9285714285714286, 0.9285714285714286, 1.0, 1.0]}}, 'India': {'n': 14, 'accuracy': 0.42857142857142855, 'precision': 1.0, 'recall': 0.2, 'sensitivity': 0.2, 'specificity': 1.0, 'balanced_accuracy': 0.6, 'f1': 0.3333333333333333, 'confusion_matrix': [[4, 0], [8, 2]], 'auc': 0.55, 'roc_curve': {'fpr': [0.0, 0.0, 0.0, 0.25, 0.25, 0.5, 0.5, 0.75, 0.75, 1.0], 'tpr': [0.0, 0.1, 0.3, 0.3, 0.4, 0.4, 0.5, 0.5, 1.0, 1.0]}}, 'Italy': {'n': 19, 'accuracy': 0.8947368421052632, 'precision': 1.0, 'recall': 0.5, 'sensitivity': 0.5, 'specificity': 1.0, 'balanced_accuracy': 0.75, 'f1': 0.6666666666666666, 'confusion_matrix': [[15, 0], [2, 2]], 'auc': 0.8333333333333334, 'roc_curve': {'fpr': [0.0, 0.0, 0.0, 0.3333333333333333, 0.3333333333333333, 1.0], 'tpr': [0.0, 0.25, 0.5, 0.5, 1.0, 1.0]}}}",maxvit_t_palpebral_new_way,"[0.7901411506513886, 0.6499874852351005, 0.6892037391662598, 0.5730923074760185, 0.6253961533900129, 0.579047812531326, 0.5388385361393556, 0.5306744859708066, 0.6015371692101688, 0.6059873147516062, 0.5012799852731212, 0.5768791393728445, 0.595327420739938, 0.49802058856218856, 0.5733902288588467, 0.5642386011729966, 0.6999693027395286, 0.5716875242871164, 0.6662980310174803, 0.5770135442942184, 0.5813151613765994]","[0.7700470993013093, 0.7426986333095666, 0.8520336584611372, 0.7913913510062478, 0.7360462419914476, 0.8334791154572458, 0.787732203801473, 0.7143503499753547, 0.7136441794308749, 0.7400455872217814, 0.7162371295871157, 0.7136185096971916, 0.7695530400131688, 0.7097022930781046, 0.7557020223501957, 0.8997127648555872, 0.8116309353799531, 0.7234448808612246, 0.7644407387935754, 0.9900934985189727, 1.0331811543666956]","[{'accuracy': 0.6363636363636364, 'f1': 0.25, 'sensitivity': 0.14285714285714285, 'specificity': 1.0}, {'accuracy': 0.5757575757575758, 'f1': 0.0, 'sensitivity': 0.0, 'specificity': 1.0}, {'accuracy': 0.5757575757575758, 'f1': 0.0, 'sensitivity': 0.0, 'specificity': 1.0}, {'accuracy': 0.5757575757575758, 'f1': 0.0, 'sensitivity': 0.0, 'specificity': 1.0}, {'accuracy': 0.5757575757575758, 'f1': 0.0, 'sensitivity': 0.0, 'specificity': 1.0}, {'accuracy': 0.5757575757575758, 'f1': 0.0, 'sensitivity': 0.0, 'specificity': 1.0}, {'accuracy': 0.5757575757575758, 'f1': 0.0, 'sensitivity': 0.0, 'specificity': 1.0}, {'accuracy': 0.6060606060606061, 'f1': 0.13333333333333333, 'sensitivity': 0.07142857142857142, 'specificity': 1.0}, {'accuracy': 0.6363636363636364, 'f1': 0.3333333333333333, 'sensitivity': 0.21428571428571427, 'specificity': 0.9473684210526315}, {'accuracy': 0.5757575757575758, 'f1': 0.0, 'sensitivity': 0.0, 'specificity': 1.0}, {'accuracy': 0.6666666666666666, 'f1': 0.35294117647058826, 'sensitivity': 0.21428571428571427, 'specificity': 1.0}, {'accuracy': 0.6666666666666666, 'f1': 0.35294117647058826, 'sensitivity': 0.21428571428571427, 'specificity': 1.0}, {'accuracy': 0.6363636363636364, 'f1': 0.25, 'sensitivity': 0.14285714285714285, 'specificity': 1.0}, {'accuracy': 0.696969696969697, 'f1': 0.4444444444444444, 'sensitivity': 0.2857142857142857, 'specificity': 1.0}, {'accuracy': 0.6363636363636364, 'f1': 0.25, 'sensitivity': 0.14285714285714285, 'specificity': 1.0}, {'accuracy': 0.5757575757575758, 'f1': 0.0, 'sensitivity': 0.0, 'specificity': 1.0}, {'accuracy': 0.6363636363636364, 'f1': 0.25, 'sensitivity': 0.14285714285714285, 'specificity': 1.0}, {'accuracy': 0.6666666666666666, 'f1': 0.35294117647058826, 'sensitivity': 0.21428571428571427, 'specificity': 1.0}, {'accuracy': 0.6363636363636364, 'f1': 0.25, 'sensitivity': 0.14285714285714285, 'specificity': 1.0}, {'accuracy': 0.6363636363636364, 'f1': 0.25, 'sensitivity': 0.14285714285714285, 'specificity': 1.0}, {'accuracy': 0.6060606060606061, 'f1': 0.13333333333333333, 'sensitivity': 0.07142857142857142, 'specificity': 1.0}]",COMPLETE
