number,value,datetime_start,datetime_complete,duration,params_dropout_rate,params_learning_rate,params_weight_decay,user_attrs_best_val_metrics,user_attrs_model_name,user_attrs_train_loss_history,user_attrs_val_loss_history,user_attrs_val_overall_metrics_history,state
5,0.6486486486486487,2026-08-08 22:27:20.862397,2026-08-08 22:27:43.660695,0 days 00:00:22.798298,0.2,0.00012590032356612476,3.243056557496459e-05,"{'overall': {'n': 33, 'accuracy': 0.6060606060606061, 'precision': 0.5217391304347826, 'recall': 0.8571428571428571, 'sensitivity': 0.8571428571428571, 'specificity': 0.42105263157894735, 'balanced_accuracy': 0.6390977443609023, 'f1': 0.6486486486486487, 'confusion_matrix': [[8, 11], [2, 12]], 'auc': 0.7067669172932332, 'roc_curve': {'fpr': [0.0, 0.0, 0.05263157894736842, 0.05263157894736842, 0.10526315789473684, 0.10526315789473684, 0.15789473684210525, 0.15789473684210525, 0.3157894736842105, 0.3157894736842105, 0.47368421052631576, 0.47368421052631576, 0.5263157894736842, 0.5263157894736842, 0.5789473684210527, 0.5789473684210527, 0.7894736842105263, 0.7894736842105263, 1.0], 'tpr': [0.0, 0.07142857142857142, 0.07142857142857142, 0.14285714285714285, 0.14285714285714285, 0.21428571428571427, 0.21428571428571427, 0.5714285714285714, 0.5714285714285714, 0.6428571428571429, 0.6428571428571429, 0.7857142857142857, 0.7857142857142857, 0.8571428571428571, 0.8571428571428571, 0.9285714285714286, 0.9285714285714286, 1.0, 1.0]}}, 'India': {'n': 14, 'accuracy': 0.6428571428571429, 'precision': 0.7272727272727273, 'recall': 0.8, 'sensitivity': 0.8, 'specificity': 0.25, 'balanced_accuracy': 0.525, 'f1': 0.7619047619047619, 'confusion_matrix': [[1, 3], [2, 8]], 'auc': 0.6000000000000001, 'roc_curve': {'fpr': [0.0, 0.25, 0.25, 0.5, 0.5, 0.75, 0.75, 1.0, 1.0], 'tpr': [0.0, 0.0, 0.7, 0.7, 0.8, 0.8, 0.9, 0.9, 1.0]}}, 'Italy': {'n': 19, 'accuracy': 0.5789473684210527, 'precision': 0.3333333333333333, 'recall': 1.0, 'sensitivity': 1.0, 'specificity': 0.4666666666666667, 'balanced_accuracy': 0.7333333333333334, 'f1': 0.5, 'confusion_matrix': [[7, 8], [0, 4]], 'auc': 0.8166666666666668, 'roc_curve': {'fpr': [0.0, 0.0, 0.06666666666666667, 0.06666666666666667, 0.13333333333333333, 0.13333333333333333, 0.5333333333333333, 0.5333333333333333, 1.0], 'tpr': [0.0, 0.25, 0.25, 0.5, 0.5, 0.75, 0.75, 1.0, 1.0]}}}",maxvit_t_palpebral_new_way,"[0.8571686144696166, 0.865661798723486, 0.855166493267413, 0.8439811361546548, 0.8351340432040739, 0.8514845896240891, 0.8392751560305918, 0.8099614358106196, 0.8055309254602091, 0.8071573258235755, 0.78487264123184, 0.8121693971141285, 0.7872853046221449]","[0.8023667461944349, 0.8004121148225033, 0.799437448833928, 0.7990265795678804, 0.7988662376548304, 0.7988616408723773, 0.7990906021811746, 0.799488517371091, 0.8002769116199377, 0.8007044467059049, 0.8009736935297648, 0.8010554674899939, 0.8011545701460405]","[{'accuracy': 0.42424242424242425, 'f1': 0.5957446808510638, 'sensitivity': 1.0, 'specificity': 0.0}, {'accuracy': 0.42424242424242425, 'f1': 0.5957446808510638, 'sensitivity': 1.0, 'specificity': 0.0}, {'accuracy': 0.42424242424242425, 'f1': 0.5957446808510638, 'sensitivity': 1.0, 'specificity': 0.0}, {'accuracy': 0.5151515151515151, 'f1': 0.6363636363636364, 'sensitivity': 1.0, 'specificity': 0.15789473684210525}, {'accuracy': 0.5151515151515151, 'f1': 0.6190476190476191, 'sensitivity': 0.9285714285714286, 'specificity': 0.21052631578947367}, {'accuracy': 0.6060606060606061, 'f1': 0.6486486486486487, 'sensitivity': 0.8571428571428571, 'specificity': 0.42105263157894735}, {'accuracy': 0.6060606060606061, 'f1': 0.6060606060606061, 'sensitivity': 0.7142857142857143, 'specificity': 0.5263157894736842}, {'accuracy': 0.6060606060606061, 'f1': 0.5185185185185185, 'sensitivity': 0.5, 'specificity': 0.6842105263157895}, {'accuracy': 0.6363636363636364, 'f1': 0.5, 'sensitivity': 0.42857142857142855, 'specificity': 0.7894736842105263}, {'accuracy': 0.6666666666666666, 'f1': 0.5217391304347826, 'sensitivity': 0.42857142857142855, 'specificity': 0.8421052631578947}, {'accuracy': 0.6363636363636364, 'f1': 0.45454545454545453, 'sensitivity': 0.35714285714285715, 'specificity': 0.8421052631578947}, {'accuracy': 0.6363636363636364, 'f1': 0.4, 'sensitivity': 0.2857142857142857, 'specificity': 0.8947368421052632}, {'accuracy': 0.6060606060606061, 'f1': 0.23529411764705882, 'sensitivity': 0.14285714285714285, 'specificity': 0.9473684210526315}]",COMPLETE
6,0.7368421052631579,2026-08-08 22:27:43.661119,2026-08-08 22:28:04.627404,0 days 00:00:20.966285,0.2,0.06264278041381323,3.218056412620644e-05,"{'overall': {'n': 33, 'accuracy': 0.696969696969697, 'precision': 0.5833333333333334, 'recall': 1.0, 'sensitivity': 1.0, 'specificity': 0.47368421052631576, 'balanced_accuracy': 0.7368421052631579, 'f1': 0.7368421052631579, 'confusion_matrix': [[9, 10], [0, 14]], 'auc': 0.7631578947368421, 'roc_curve': {'fpr': [0.0, 0.05263157894736842, 0.10526315789473684, 0.10526315789473684, 0.15789473684210525, 0.15789473684210525, 0.3684210526315789, 0.3684210526315789, 0.42105263157894735, 0.42105263157894735, 0.47368421052631576, 0.47368421052631576, 1.0], 'tpr': [0.0, 0.0, 0.0, 0.35714285714285715, 0.35714285714285715, 0.6428571428571429, 0.6428571428571429, 0.7142857142857143, 0.7142857142857143, 0.8571428571428571, 0.8571428571428571, 1.0, 1.0]}}, 'India': {'n': 14, 'accuracy': 0.7857142857142857, 'precision': 0.7692307692307693, 'recall': 1.0, 'sensitivity': 1.0, 'specificity': 0.25, 'balanced_accuracy': 0.625, 'f1': 0.8695652173913043, 'confusion_matrix': [[1, 3], [0, 10]], 'auc': 0.625, 'roc_curve': {'fpr': [0.0, 0.25, 0.25, 0.5, 0.5, 0.75, 0.75, 1.0], 'tpr': [0.0, 0.0, 0.7, 0.7, 0.8, 0.8, 1.0, 1.0]}}, 'Italy': {'n': 19, 'accuracy': 0.631578947368421, 'precision': 0.36363636363636365, 'recall': 1.0, 'sensitivity': 1.0, 'specificity': 0.5333333333333333, 'balanced_accuracy': 0.7666666666666666, 'f1': 0.5333333333333333, 'confusion_matrix': [[8, 7], [0, 4]], 'auc': 0.7666666666666666, 'roc_curve': {'fpr': [0.0, 0.06666666666666667, 0.06666666666666667, 0.13333333333333333, 0.13333333333333333, 0.3333333333333333, 0.3333333333333333, 0.4, 0.4, 1.0], 'tpr': [0.0, 0.0, 0.25, 0.25, 0.5, 0.5, 0.75, 0.75, 1.0, 1.0]}}}",maxvit_t_palpebral_new_way,"[0.8412411047133389, 0.9177594342768587, 0.7711488995331013, 0.9214846661548741, 0.6943816424205603, 0.7683571529704214, 0.8007278706853753, 0.9351743088652756, 0.8648924922311543, 0.9511280987436408, 0.779851622534114, 0.9794772137079807]","[0.7667381474466035, 0.9078086433988629, 0.9091901083787283, 0.7192223830656572, 0.6195062868522875, 1.2777288176796653, 1.1516782587224788, 2.074070034605084, 1.32436973398382, 1.384758674737179, 0.6630869778719816, 0.7066506039012562]","[{'accuracy': 0.6060606060606061, 'f1': 0.23529411764705882, 'sensitivity': 0.14285714285714285, 'specificity': 0.9473684210526315}, {'accuracy': 0.6363636363636364, 'f1': 0.25, 'sensitivity': 0.14285714285714285, 'specificity': 1.0}, {'accuracy': 0.6666666666666666, 'f1': 0.717948717948718, 'sensitivity': 1.0, 'specificity': 0.42105263157894735}, {'accuracy': 0.696969696969697, 'f1': 0.7368421052631579, 'sensitivity': 1.0, 'specificity': 0.47368421052631576}, {'accuracy': 0.7272727272727273, 'f1': 0.64, 'sensitivity': 0.5714285714285714, 'specificity': 0.8421052631578947}, {'accuracy': 0.6060606060606061, 'f1': 0.13333333333333333, 'sensitivity': 0.07142857142857142, 'specificity': 1.0}, {'accuracy': 0.6060606060606061, 'f1': 0.13333333333333333, 'sensitivity': 0.07142857142857142, 'specificity': 1.0}, {'accuracy': 0.5757575757575758, 'f1': 0.0, 'sensitivity': 0.0, 'specificity': 1.0}, {'accuracy': 0.5757575757575758, 'f1': 0.0, 'sensitivity': 0.0, 'specificity': 1.0}, {'accuracy': 0.5757575757575758, 'f1': 0.0, 'sensitivity': 0.0, 'specificity': 1.0}, {'accuracy': 0.6666666666666666, 'f1': 0.56, 'sensitivity': 0.5, 'specificity': 0.7894736842105263}, {'accuracy': 0.6060606060606061, 'f1': 0.38095238095238093, 'sensitivity': 0.2857142857142857, 'specificity': 0.8421052631578947}]",COMPLETE
7,0.7586206896551724,2026-08-08 22:28:04.627792,2026-08-08 22:29:04.827456,0 days 00:01:00.199664,0.2,0.0018546158842013202,1.1919385447560684e-06,"{'overall': {'n': 33, 'accuracy': 0.7878787878787878, 'precision': 0.7333333333333333, 'recall': 0.7857142857142857, 'sensitivity': 0.7857142857142857, 'specificity': 0.7894736842105263, 'balanced_accuracy': 0.7875939849624061, 'f1': 0.7586206896551724, 'confusion_matrix': [[15, 4], [3, 11]], 'auc': 0.8421052631578947, 'roc_curve': {'fpr': [0.0, 0.0, 0.0, 0.05263157894736842, 0.05263157894736842, 0.10526315789473684, 0.10526315789473684, 0.21052631578947367, 0.21052631578947367, 0.42105263157894735, 0.42105263157894735, 0.5789473684210527, 0.5789473684210527, 1.0], 'tpr': [0.0, 0.07142857142857142, 0.21428571428571427, 0.21428571428571427, 0.6428571428571429, 0.6428571428571429, 0.7142857142857143, 0.7142857142857143, 0.7857142857142857, 0.7857142857142857, 0.8571428571428571, 0.8571428571428571, 1.0, 1.0]}}, 'India': {'n': 14, 'accuracy': 0.7142857142857143, 'precision': 0.75, 'recall': 0.9, 'sensitivity': 0.9, 'specificity': 0.25, 'balanced_accuracy': 0.575, 'f1': 0.8181818181818182, 'confusion_matrix': [[1, 3], [1, 9]], 'auc': 0.675, 'roc_curve': {'fpr': [0.0, 0.0, 0.0, 0.25, 0.25, 0.5, 0.5, 0.75, 0.75, 1.0, 1.0], 'tpr': [0.0, 0.1, 0.3, 0.3, 0.7, 0.7, 0.8, 0.8, 0.9, 0.9, 1.0]}}, 'Italy': {'n': 19, 'accuracy': 0.8421052631578947, 'precision': 0.6666666666666666, 'recall': 0.5, 'sensitivity': 0.5, 'specificity': 0.9333333333333333, 'balanced_accuracy': 0.7166666666666667, 'f1': 0.5714285714285714, 'confusion_matrix': [[14, 1], [2, 2]], 'auc': 0.7666666666666666, 'roc_curve': {'fpr': [0.0, 0.0, 0.0, 0.4666666666666667, 0.4666666666666667, 1.0], 'tpr': [0.0, 0.25, 0.5, 0.5, 1.0, 1.0]}}}",maxvit_t_palpebral_new_way,"[0.8095983144463292, 0.7341114882601808, 0.6951444666117232, 0.6659527310472451, 0.6151064685638378, 0.6038317826410003, 0.6164242633131166, 0.6473525407298512, 0.6122462899479645, 0.5858246356446222, 0.5574158137997255, 0.5751622623165712, 0.5816773563031329, 0.5175603446581506, 0.5613650825639435, 0.5538997014626762, 0.5320924895488663, 0.5534431464624721, 0.5042988413217052, 0.5327771771822544, 0.5175849266399611, 0.5502977619897451, 0.5715094875815688, 0.5887563039135459, 0.48619450401786146, 0.5254225498003675, 0.5264630838735214, 0.5144356848388318, 0.5404037734530619, 0.4943282327904607, 0.5349757979247743, 0.5247072855763087, 0.5157400436748732, 0.476800549898716, 0.49602814778586884]","[0.8522797353339918, 0.8319669275572805, 0.8171217766675082, 0.8015050346201117, 0.7896913163589708, 0.7790621735832908, 0.7686332861582438, 0.7590534054871761, 0.7513567606608073, 0.7440074302933433, 0.7369726697603861, 0.7294984730807218, 0.7233543215375958, 0.7136982986421296, 0.7046110232671102, 0.7013546445152976, 0.6975646091229988, 0.6885918812318281, 0.6818642002163511, 0.673188278169343, 0.6772026871189927, 0.6758432099313447, 0.6834640213937471, 0.6771082480748495, 0.6560837174906875, 0.6500320181702123, 0.6403841827854966, 0.6378675193497629, 0.6497559619672371, 0.6458556146332712, 0.6508299726428408, 0.6553009856830944, 0.6472967104478315, 0.6412441297010942, 0.6388539617711847]","[{'accuracy': 0.42424242424242425, 'f1': 0.5957446808510638, 'sensitivity': 1.0, 'specificity': 0.0}, {'accuracy': 0.42424242424242425, 'f1': 0.5957446808510638, 'sensitivity': 1.0, 'specificity': 0.0}, {'accuracy': 0.42424242424242425, 'f1': 0.5957446808510638, 'sensitivity': 1.0, 'specificity': 0.0}, {'accuracy': 0.5454545454545454, 'f1': 0.6511627906976745, 'sensitivity': 1.0, 'specificity': 0.21052631578947367}, {'accuracy': 0.5757575757575758, 'f1': 0.6666666666666666, 'sensitivity': 1.0, 'specificity': 0.2631578947368421}, {'accuracy': 0.5757575757575758, 'f1': 0.6666666666666666, 'sensitivity': 1.0, 'specificity': 0.2631578947368421}, {'accuracy': 0.6060606060606061, 'f1': 0.6829268292682927, 'sensitivity': 1.0, 'specificity': 0.3157894736842105}, {'accuracy': 0.6666666666666666, 'f1': 0.717948717948718, 'sensitivity': 1.0, 'specificity': 0.42105263157894735}, {'accuracy': 0.696969696969697, 'f1': 0.7058823529411765, 'sensitivity': 0.8571428571428571, 'specificity': 0.5789473684210527}, {'accuracy': 0.7272727272727273, 'f1': 0.7096774193548387, 'sensitivity': 0.7857142857142857, 'specificity': 0.6842105263157895}, {'accuracy': 0.7575757575757576, 'f1': 0.7333333333333333, 'sensitivity': 0.7857142857142857, 'specificity': 0.7368421052631579}, {'accuracy': 0.7878787878787878, 'f1': 0.7586206896551724, 'sensitivity': 0.7857142857142857, 'specificity': 0.7894736842105263}, {'accuracy': 0.8181818181818182, 'f1': 0.75, 'sensitivity': 0.6428571428571429, 'specificity': 0.9473684210526315}, {'accuracy': 0.8181818181818182, 'f1': 0.75, 'sensitivity': 0.6428571428571429, 'specificity': 0.9473684210526315}, {'accuracy': 0.8181818181818182, 'f1': 0.75, 'sensitivity': 0.6428571428571429, 'specificity': 0.9473684210526315}, {'accuracy': 0.8181818181818182, 'f1': 0.75, 'sensitivity': 0.6428571428571429, 'specificity': 0.9473684210526315}, {'accuracy': 0.7878787878787878, 'f1': 0.6956521739130435, 'sensitivity': 0.5714285714285714, 'specificity': 0.9473684210526315}, {'accuracy': 0.7878787878787878, 'f1': 0.6956521739130435, 'sensitivity': 0.5714285714285714, 'specificity': 0.9473684210526315}, {'accuracy': 0.7878787878787878, 'f1': 0.6956521739130435, 'sensitivity': 0.5714285714285714, 'specificity': 0.9473684210526315}, {'accuracy': 0.8181818181818182, 'f1': 0.75, 'sensitivity': 0.6428571428571429, 'specificity': 0.9473684210526315}, {'accuracy': 0.8181818181818182, 'f1': 0.7272727272727273, 'sensitivity': 0.5714285714285714, 'specificity': 1.0}, {'accuracy': 0.7878787878787878, 'f1': 0.6666666666666666, 'sensitivity': 0.5, 'specificity': 1.0}, {'accuracy': 0.6363636363636364, 'f1': 0.25, 'sensitivity': 0.14285714285714285, 'specificity': 1.0}, {'accuracy': 0.6666666666666666, 'f1': 0.35294117647058826, 'sensitivity': 0.21428571428571427, 'specificity': 1.0}, {'accuracy': 0.7878787878787878, 'f1': 0.6666666666666666, 'sensitivity': 0.5, 'specificity': 1.0}, {'accuracy': 0.7575757575757576, 'f1': 0.6363636363636364, 'sensitivity': 0.5, 'specificity': 0.9473684210526315}, {'accuracy': 0.7878787878787878, 'f1': 0.6956521739130435, 'sensitivity': 0.5714285714285714, 'specificity': 0.9473684210526315}, {'accuracy': 0.7575757575757576, 'f1': 0.6363636363636364, 'sensitivity': 0.5, 'specificity': 0.9473684210526315}, {'accuracy': 0.6666666666666666, 'f1': 0.42105263157894735, 'sensitivity': 0.2857142857142857, 'specificity': 0.9473684210526315}, {'accuracy': 0.6666666666666666, 'f1': 0.42105263157894735, 'sensitivity': 0.2857142857142857, 'specificity': 0.9473684210526315}, {'accuracy': 0.6666666666666666, 'f1': 0.42105263157894735, 'sensitivity': 0.2857142857142857, 'specificity': 0.9473684210526315}, {'accuracy': 0.6666666666666666, 'f1': 0.42105263157894735, 'sensitivity': 0.2857142857142857, 'specificity': 0.9473684210526315}, {'accuracy': 0.6666666666666666, 'f1': 0.42105263157894735, 'sensitivity': 0.2857142857142857, 'specificity': 0.9473684210526315}, {'accuracy': 0.696969696969697, 'f1': 0.5, 'sensitivity': 0.35714285714285715, 'specificity': 0.9473684210526315}, {'accuracy': 0.696969696969697, 'f1': 0.5, 'sensitivity': 0.35714285714285715, 'specificity': 0.9473684210526315}]",COMPLETE
8,0.6666666666666666,2026-08-08 22:29:04.827821,2026-08-08 22:29:22.280710,0 days 00:00:17.452889,0.2,0.008533716477932937,0.0008929908257203993,"{'overall': {'n': 33, 'accuracy': 0.7272727272727273, 'precision': 0.6923076923076923, 'recall': 0.6428571428571429, 'sensitivity': 0.6428571428571429, 'specificity': 0.7894736842105263, 'balanced_accuracy': 0.7161654135338347, 'f1': 0.6666666666666666, 'confusion_matrix': [[15, 4], [5, 9]], 'auc': 0.8045112781954888, 'roc_curve': {'fpr': [0.0, 0.0, 0.0, 0.05263157894736842, 0.05263157894736842, 0.10526315789473684, 0.10526315789473684, 0.15789473684210525, 0.15789473684210525, 0.2631578947368421, 0.2631578947368421, 0.3157894736842105, 0.3157894736842105, 0.47368421052631576, 0.47368421052631576, 1.0], 'tpr': [0.0, 0.07142857142857142, 0.14285714285714285, 0.14285714285714285, 0.21428571428571427, 0.21428571428571427, 0.35714285714285715, 0.35714285714285715, 0.6428571428571429, 0.6428571428571429, 0.7142857142857143, 0.7142857142857143, 0.8571428571428571, 0.8571428571428571, 1.0, 1.0]}}, 'India': {'n': 14, 'accuracy': 0.7142857142857143, 'precision': 0.8, 'recall': 0.8, 'sensitivity': 0.8, 'specificity': 0.5, 'balanced_accuracy': 0.65, 'f1': 0.8, 'confusion_matrix': [[2, 2], [2, 8]], 'auc': 0.6000000000000001, 'roc_curve': {'fpr': [0.0, 0.0, 0.0, 0.25, 0.25, 0.5, 0.5, 0.75, 0.75, 1.0], 'tpr': [0.0, 0.1, 0.2, 0.2, 0.4, 0.4, 0.8, 0.8, 1.0, 1.0]}}, 'Italy': {'n': 19, 'accuracy': 0.7368421052631579, 'precision': 0.3333333333333333, 'recall': 0.25, 'sensitivity': 0.25, 'specificity': 0.8666666666666667, 'balanced_accuracy': 0.5583333333333333, 'f1': 0.2857142857142857, 'confusion_matrix': [[13, 2], [3, 1]], 'auc': 0.7666666666666667, 'roc_curve': {'fpr': [0.0, 0.06666666666666667, 0.06666666666666667, 0.2, 0.2, 0.3333333333333333, 0.3333333333333333, 1.0], 'tpr': [0.0, 0.0, 0.25, 0.25, 0.5, 0.5, 1.0, 1.0]}}}",maxvit_t_palpebral_new_way,"[0.7754011209437389, 0.608082525777501, 0.6017523830300135, 0.5855748890251513, 0.498506675098116, 0.5483094291971219, 0.5326812926507154, 0.5443022353759664, 0.5551959741983982, 0.5405408767674933]","[0.7708461826497858, 0.7095655636353926, 0.692341269868793, 0.6998469576691136, 0.7262804508209229, 0.7640484968821207, 0.9216470357143518, 0.9556685072002988, 0.8055715416416978, 0.8737588795748624]","[{'accuracy': 0.6363636363636364, 'f1': 0.25, 'sensitivity': 0.14285714285714285, 'specificity': 1.0}, {'accuracy': 0.7272727272727273, 'f1': 0.6666666666666666, 'sensitivity': 0.6428571428571429, 'specificity': 0.7894736842105263}, {'accuracy': 0.6666666666666666, 'f1': 0.5217391304347826, 'sensitivity': 0.42857142857142855, 'specificity': 0.8421052631578947}, {'accuracy': 0.6666666666666666, 'f1': 0.42105263157894735, 'sensitivity': 0.2857142857142857, 'specificity': 0.9473684210526315}, {'accuracy': 0.6363636363636364, 'f1': 0.25, 'sensitivity': 0.14285714285714285, 'specificity': 1.0}, {'accuracy': 0.6363636363636364, 'f1': 0.25, 'sensitivity': 0.14285714285714285, 'specificity': 1.0}, {'accuracy': 0.5757575757575758, 'f1': 0.0, 'sensitivity': 0.0, 'specificity': 1.0}, {'accuracy': 0.5757575757575758, 'f1': 0.0, 'sensitivity': 0.0, 'specificity': 1.0}, {'accuracy': 0.6060606060606061, 'f1': 0.13333333333333333, 'sensitivity': 0.07142857142857142, 'specificity': 1.0}, {'accuracy': 0.5757575757575758, 'f1': 0.0, 'sensitivity': 0.0, 'specificity': 1.0}]",COMPLETE
