number,value,datetime_start,datetime_complete,duration,params_dropout_rate,params_learning_rate,params_weight_decay,user_attrs_best_val_metrics,user_attrs_model_name,user_attrs_train_loss_history,user_attrs_val_loss_history,user_attrs_val_overall_metrics_history,state
10,0.5384615384615384,2026-08-08 22:44:49.004347,2026-08-08 22:45:21.833751,0 days 00:00:32.829404,0.2,0.0018747137061545785,1.9113354590616596e-05,"{'overall': {'n': 31, 'accuracy': 0.6129032258064516, 'precision': 0.5833333333333334, 'recall': 0.5, 'sensitivity': 0.5, 'specificity': 0.7058823529411765, 'balanced_accuracy': 0.6029411764705883, 'f1': 0.5384615384615384, 'confusion_matrix': [[12, 5], [7, 7]], 'auc': 0.6134453781512605, 'roc_curve': {'fpr': [0.0, 0.0, 0.0, 0.11764705882352941, 0.11764705882352941, 0.17647058823529413, 0.17647058823529413, 0.23529411764705882, 0.23529411764705882, 0.29411764705882354, 0.29411764705882354, 0.47058823529411764, 0.47058823529411764, 0.5294117647058824, 0.5294117647058824, 0.5882352941176471, 0.5882352941176471, 0.6470588235294118, 0.6470588235294118, 0.7647058823529411, 0.7647058823529411, 0.8235294117647058, 0.8235294117647058, 1.0], 'tpr': [0.0, 0.07142857142857142, 0.14285714285714285, 0.14285714285714285, 0.21428571428571427, 0.21428571428571427, 0.2857142857142857, 0.2857142857142857, 0.35714285714285715, 0.35714285714285715, 0.5, 0.5, 0.6428571428571429, 0.6428571428571429, 0.7142857142857143, 0.7142857142857143, 0.7857142857142857, 0.7857142857142857, 0.8571428571428571, 0.8571428571428571, 0.9285714285714286, 0.9285714285714286, 1.0, 1.0]}}, 'India': {'n': 14, 'accuracy': 0.42857142857142855, 'precision': 0.625, 'recall': 0.5, 'sensitivity': 0.5, 'specificity': 0.25, 'balanced_accuracy': 0.375, 'f1': 0.5555555555555556, 'confusion_matrix': [[1, 3], [5, 5]], 'auc': 0.325, 'roc_curve': {'fpr': [0.0, 0.0, 0.25, 0.25, 0.5, 0.5, 0.75, 0.75, 1.0, 1.0], 'tpr': [0.0, 0.1, 0.1, 0.2, 0.2, 0.4, 0.4, 0.6, 0.6, 1.0]}}, 'Italy': {'n': 17, 'accuracy': 0.7647058823529411, 'precision': 0.5, 'recall': 0.5, 'sensitivity': 0.5, 'specificity': 0.8461538461538461, 'balanced_accuracy': 0.6730769230769231, 'f1': 0.5, 'confusion_matrix': [[11, 2], [2, 2]], 'auc': 0.75, 'roc_curve': {'fpr': [0.0, 0.0, 0.15384615384615385, 0.15384615384615385, 0.38461538461538464, 0.38461538461538464, 0.46153846153846156, 0.46153846153846156, 1.0], 'tpr': [0.0, 0.25, 0.25, 0.5, 0.5, 0.75, 0.75, 1.0, 1.0]}}}",maxvit_t_forniceal_palpebral_new_way,"[0.8330830189646506, 0.8091327483151235, 0.725576696752691, 0.6920227201617494, 0.6973651748936193, 0.6538848264687727, 0.6417656731443341, 0.625053825021601, 0.5868177276079346, 0.5826332982705564, 0.5791424508808422, 0.5643509768304371, 0.5917688454089521, 0.5442067449595652, 0.573608568736485, 0.5621164526258197, 0.5531691998040595, 0.5633069138948609, 0.5419301534591078, 0.5697135527928671]","[0.8332175612449646, 0.8399391174316406, 0.8262052536010742, 0.8191171884536743, 0.8170676231384277, 0.8130121231079102, 0.8042229413986206, 0.8044975996017456, 0.8179383873939514, 0.8143752217292786, 0.8087059855461121, 0.7987980842590332, 0.7832227349281311, 0.7858797907829285, 0.7976658344268799, 0.7902997732162476, 0.7882347106933594, 0.7885643243789673, 0.7847036123275757, 0.7853832244873047]","[{'accuracy': 0.5483870967741935, 'f1': 0.125, 'sensitivity': 0.07142857142857142, 'specificity': 0.9411764705882353}, {'accuracy': 0.5483870967741935, 'f1': 0.125, 'sensitivity': 0.07142857142857142, 'specificity': 0.9411764705882353}, {'accuracy': 0.5483870967741935, 'f1': 0.125, 'sensitivity': 0.07142857142857142, 'specificity': 0.9411764705882353}, {'accuracy': 0.5483870967741935, 'f1': 0.125, 'sensitivity': 0.07142857142857142, 'specificity': 0.9411764705882353}, {'accuracy': 0.5483870967741935, 'f1': 0.125, 'sensitivity': 0.07142857142857142, 'specificity': 0.9411764705882353}, {'accuracy': 0.5483870967741935, 'f1': 0.125, 'sensitivity': 0.07142857142857142, 'specificity': 0.9411764705882353}, {'accuracy': 0.6451612903225806, 'f1': 0.42105263157894735, 'sensitivity': 0.2857142857142857, 'specificity': 0.9411764705882353}, {'accuracy': 0.6451612903225806, 'f1': 0.42105263157894735, 'sensitivity': 0.2857142857142857, 'specificity': 0.9411764705882353}, {'accuracy': 0.6129032258064516, 'f1': 0.3333333333333333, 'sensitivity': 0.21428571428571427, 'specificity': 0.9411764705882353}, {'accuracy': 0.5806451612903226, 'f1': 0.3157894736842105, 'sensitivity': 0.21428571428571427, 'specificity': 0.8823529411764706}, {'accuracy': 0.5806451612903226, 'f1': 0.38095238095238093, 'sensitivity': 0.2857142857142857, 'specificity': 0.8235294117647058}, {'accuracy': 0.5806451612903226, 'f1': 0.38095238095238093, 'sensitivity': 0.2857142857142857, 'specificity': 0.8235294117647058}, {'accuracy': 0.5483870967741935, 'f1': 0.36363636363636365, 'sensitivity': 0.2857142857142857, 'specificity': 0.7647058823529411}, {'accuracy': 0.5483870967741935, 'f1': 0.36363636363636365, 'sensitivity': 0.2857142857142857, 'specificity': 0.7647058823529411}, {'accuracy': 0.5483870967741935, 'f1': 0.36363636363636365, 'sensitivity': 0.2857142857142857, 'specificity': 0.7647058823529411}, {'accuracy': 0.5806451612903226, 'f1': 0.43478260869565216, 'sensitivity': 0.35714285714285715, 'specificity': 0.7647058823529411}, {'accuracy': 0.5483870967741935, 'f1': 0.4166666666666667, 'sensitivity': 0.35714285714285715, 'specificity': 0.7058823529411765}, {'accuracy': 0.5806451612903226, 'f1': 0.48, 'sensitivity': 0.42857142857142855, 'specificity': 0.7058823529411765}, {'accuracy': 0.6129032258064516, 'f1': 0.5384615384615384, 'sensitivity': 0.5, 'specificity': 0.7058823529411765}, {'accuracy': 0.6129032258064516, 'f1': 0.5384615384615384, 'sensitivity': 0.5, 'specificity': 0.7058823529411765}]",COMPLETE
11,0.7027027027027027,2026-08-08 22:45:21.834121,2026-08-08 22:45:35.226081,0 days 00:00:13.391960,0.5,0.07052873750456957,0.0007693246942812636,"{'overall': {'n': 31, 'accuracy': 0.6451612903225806, 'precision': 0.5652173913043478, 'recall': 0.9285714285714286, 'sensitivity': 0.9285714285714286, 'specificity': 0.4117647058823529, 'balanced_accuracy': 0.6701680672268908, 'f1': 0.7027027027027027, 'confusion_matrix': [[7, 10], [1, 13]], 'auc': 0.634453781512605, 'roc_curve': {'fpr': [0.0, 0.058823529411764705, 0.23529411764705882, 0.23529411764705882, 0.29411764705882354, 0.29411764705882354, 0.4117647058823529, 0.4117647058823529, 0.5294117647058824, 0.5294117647058824, 0.5882352941176471, 0.5882352941176471, 0.6470588235294118, 0.6470588235294118, 1.0], 'tpr': [0.0, 0.0, 0.0, 0.2857142857142857, 0.2857142857142857, 0.6428571428571429, 0.6428571428571429, 0.7142857142857143, 0.7142857142857143, 0.8571428571428571, 0.8571428571428571, 0.9285714285714286, 0.9285714285714286, 1.0, 1.0]}}, 'India': {'n': 14, 'accuracy': 0.7857142857142857, 'precision': 0.8181818181818182, 'recall': 0.9, 'sensitivity': 0.9, 'specificity': 0.5, 'balanced_accuracy': 0.7, 'f1': 0.8571428571428571, 'confusion_matrix': [[2, 2], [1, 9]], 'auc': 0.7, 'roc_curve': {'fpr': [0.0, 0.25, 0.25, 0.5, 0.5, 1.0], 'tpr': [0.0, 0.0, 0.8, 0.8, 1.0, 1.0]}}, 'Italy': {'n': 17, 'accuracy': 0.5294117647058824, 'precision': 0.3333333333333333, 'recall': 1.0, 'sensitivity': 1.0, 'specificity': 0.38461538461538464, 'balanced_accuracy': 0.6923076923076923, 'f1': 0.5, 'confusion_matrix': [[5, 8], [0, 4]], 'auc': 0.7307692307692307, 'roc_curve': {'fpr': [0.0, 0.07692307692307693, 0.23076923076923078, 0.23076923076923078, 0.3076923076923077, 0.3076923076923077, 1.0], 'tpr': [0.0, 0.0, 0.0, 0.5, 0.5, 1.0, 1.0]}}}",maxvit_t_forniceal_palpebral_new_way,"[1.129664472982186, 1.360157703866764, 1.3869009843083466, 1.1642587152468105, 0.852618374792086, 1.3081167019954345, 1.2555840047849278, 1.125859031060926]","[0.8169622421264648, 0.8544999361038208, 0.951320469379425, 0.8921737670898438, 0.9517431855201721, 1.1486326456069946, 0.9150196313858032, 0.9168396592140198]","[{'accuracy': 0.6129032258064516, 'f1': 0.5714285714285714, 'sensitivity': 0.5714285714285714, 'specificity': 0.6470588235294118}, {'accuracy': 0.6451612903225806, 'f1': 0.7027027027027027, 'sensitivity': 0.9285714285714286, 'specificity': 0.4117647058823529}, {'accuracy': 0.5483870967741935, 'f1': 0.36363636363636365, 'sensitivity': 0.2857142857142857, 'specificity': 0.7647058823529411}, {'accuracy': 0.6451612903225806, 'f1': 0.6666666666666666, 'sensitivity': 0.7857142857142857, 'specificity': 0.5294117647058824}, {'accuracy': 0.6129032258064516, 'f1': 0.5, 'sensitivity': 0.42857142857142855, 'specificity': 0.7647058823529411}, {'accuracy': 0.5161290322580645, 'f1': 0.6511627906976745, 'sensitivity': 1.0, 'specificity': 0.11764705882352941}, {'accuracy': 0.5806451612903226, 'f1': 0.6486486486486487, 'sensitivity': 0.8571428571428571, 'specificity': 0.35294117647058826}, {'accuracy': 0.5483870967741935, 'f1': 0.6111111111111112, 'sensitivity': 0.7857142857142857, 'specificity': 0.35294117647058826}]",COMPLETE
