number,value,datetime_start,datetime_complete,duration,params_dropout_rate,params_learning_rate,params_weight_decay,user_attrs_best_val_metrics,user_attrs_model_name,user_attrs_train_loss_history,user_attrs_val_loss_history,user_attrs_val_overall_metrics_history,state
4,0.72,2026-08-08 23:22:03.362463,2026-08-08 23:22:58.481972,0 days 00:00:55.119509,0.2,0.0008179499475211679,3.752055855124284e-05,"{'overall': {'n': 31, 'accuracy': 0.7741935483870968, 'precision': 0.8181818181818182, 'recall': 0.6428571428571429, 'sensitivity': 0.6428571428571429, 'specificity': 0.8823529411764706, 'balanced_accuracy': 0.7626050420168067, 'f1': 0.72, 'confusion_matrix': [[15, 2], [5, 9]], 'auc': 0.680672268907563, 'roc_curve': {'fpr': [0.0, 0.0, 0.0, 0.11764705882352941, 0.11764705882352941, 0.47058823529411764, 0.47058823529411764, 0.6470588235294118, 0.6470588235294118, 0.7647058823529411, 0.7647058823529411, 0.8823529411764706, 0.8823529411764706, 1.0], 'tpr': [0.0, 0.07142857142857142, 0.14285714285714285, 0.14285714285714285, 0.6428571428571429, 0.6428571428571429, 0.7142857142857143, 0.7142857142857143, 0.7857142857142857, 0.7857142857142857, 0.8571428571428571, 0.8571428571428571, 1.0, 1.0]}}, 'India': {'n': 14, 'accuracy': 0.6428571428571429, 'precision': 1.0, 'recall': 0.5, 'sensitivity': 0.5, 'specificity': 1.0, 'balanced_accuracy': 0.75, 'f1': 0.6666666666666666, 'confusion_matrix': [[4, 0], [5, 5]], 'auc': 0.575, 'roc_curve': {'fpr': [0.0, 0.0, 0.0, 0.5, 0.5, 0.75, 0.75, 1.0, 1.0], 'tpr': [0.0, 0.1, 0.5, 0.5, 0.6, 0.6, 0.7, 0.7, 1.0]}}, 'Italy': {'n': 17, 'accuracy': 0.8823529411764706, 'precision': 0.6666666666666666, 'recall': 1.0, 'sensitivity': 1.0, 'specificity': 0.8461538461538461, 'balanced_accuracy': 0.9230769230769231, 'f1': 0.8, 'confusion_matrix': [[11, 2], [0, 4]], 'auc': 0.8846153846153846, 'roc_curve': {'fpr': [0.0, 0.0, 0.15384615384615385, 0.15384615384615385, 1.0], 'tpr': [0.0, 0.25, 0.25, 1.0, 1.0]}}}",maxvit_small_forniceal_palpebral_new_way,"[0.8164694017293502, 0.7891152338916753, 0.7548309442948322, 0.7387411497077163, 0.7156743074760956, 0.6987322086379641, 0.6734338122971204, 0.6590203123838723, 0.642132544193138, 0.6417919701459457, 0.627393881479899, 0.6194370976921653, 0.6189445808631222, 0.580238726674294, 0.5649576839946565, 0.5635866283559475, 0.5441681973788203, 0.5323325845659995, 0.5346150219845934, 0.5218732876031578]","[0.8084775805473328, 0.8077110052108765, 0.8002722263336182, 0.7897252440452576, 0.7805783152580261, 0.7736411094665527, 0.7669192552566528, 0.7610253691673279, 0.7557663917541504, 0.7505770921707153, 0.7487500905990601, 0.7446842789649963, 0.7430676817893982, 0.7463721632957458, 0.7529621720314026, 0.751343846321106, 0.7545751333236694, 0.7543647289276123, 0.7616644501686096, 0.7589571475982666]","[{'accuracy': 0.5483870967741935, 'f1': 0.125, 'sensitivity': 0.07142857142857142, 'specificity': 0.9411764705882353}, {'accuracy': 0.5161290322580645, 'f1': 0.11764705882352941, 'sensitivity': 0.07142857142857142, 'specificity': 0.8823529411764706}, {'accuracy': 0.5806451612903226, 'f1': 0.3157894736842105, 'sensitivity': 0.21428571428571427, 'specificity': 0.8823529411764706}, {'accuracy': 0.6129032258064516, 'f1': 0.5, 'sensitivity': 0.42857142857142855, 'specificity': 0.7647058823529411}, {'accuracy': 0.6129032258064516, 'f1': 0.5, 'sensitivity': 0.42857142857142855, 'specificity': 0.7647058823529411}, {'accuracy': 0.7096774193548387, 'f1': 0.64, 'sensitivity': 0.5714285714285714, 'specificity': 0.8235294117647058}, {'accuracy': 0.7419354838709677, 'f1': 0.6923076923076923, 'sensitivity': 0.6428571428571429, 'specificity': 0.8235294117647058}, {'accuracy': 0.7741935483870968, 'f1': 0.72, 'sensitivity': 0.6428571428571429, 'specificity': 0.8823529411764706}, {'accuracy': 0.7741935483870968, 'f1': 0.72, 'sensitivity': 0.6428571428571429, 'specificity': 0.8823529411764706}, {'accuracy': 0.7741935483870968, 'f1': 0.72, 'sensitivity': 0.6428571428571429, 'specificity': 0.8823529411764706}, {'accuracy': 0.7419354838709677, 'f1': 0.6666666666666666, 'sensitivity': 0.5714285714285714, 'specificity': 0.8823529411764706}, {'accuracy': 0.7741935483870968, 'f1': 0.72, 'sensitivity': 0.6428571428571429, 'specificity': 0.8823529411764706}, {'accuracy': 0.7419354838709677, 'f1': 0.6923076923076923, 'sensitivity': 0.6428571428571429, 'specificity': 0.8235294117647058}, {'accuracy': 0.7741935483870968, 'f1': 0.72, 'sensitivity': 0.6428571428571429, 'specificity': 0.8823529411764706}, {'accuracy': 0.7741935483870968, 'f1': 0.72, 'sensitivity': 0.6428571428571429, 'specificity': 0.8823529411764706}, {'accuracy': 0.7741935483870968, 'f1': 0.72, 'sensitivity': 0.6428571428571429, 'specificity': 0.8823529411764706}, {'accuracy': 0.7741935483870968, 'f1': 0.72, 'sensitivity': 0.6428571428571429, 'specificity': 0.8823529411764706}, {'accuracy': 0.7419354838709677, 'f1': 0.6666666666666666, 'sensitivity': 0.5714285714285714, 'specificity': 0.8823529411764706}, {'accuracy': 0.7419354838709677, 'f1': 0.6666666666666666, 'sensitivity': 0.5714285714285714, 'specificity': 0.8823529411764706}, {'accuracy': 0.7419354838709677, 'f1': 0.6666666666666666, 'sensitivity': 0.5714285714285714, 'specificity': 0.8823529411764706}]",COMPLETE
5,0.64,2026-08-08 23:22:58.482382,2026-08-08 23:25:48.532597,0 days 00:02:50.050215,0.2,0.00012590032356612476,3.243056557496459e-05,"{'overall': {'n': 31, 'accuracy': 0.7096774193548387, 'precision': 0.7272727272727273, 'recall': 0.5714285714285714, 'sensitivity': 0.5714285714285714, 'specificity': 0.8235294117647058, 'balanced_accuracy': 0.6974789915966386, 'f1': 0.64, 'confusion_matrix': [[14, 3], [6, 8]], 'auc': 0.6764705882352942, 'roc_curve': {'fpr': [0.0, 0.058823529411764705, 0.058823529411764705, 0.11764705882352941, 0.11764705882352941, 0.17647058823529413, 0.17647058823529413, 0.5882352941176471, 0.5882352941176471, 0.7058823529411765, 0.7058823529411765, 0.7647058823529411, 0.7647058823529411, 0.8235294117647058, 0.8235294117647058, 1.0], 'tpr': [0.0, 0.0, 0.35714285714285715, 0.35714285714285715, 0.5714285714285714, 0.5714285714285714, 0.6428571428571429, 0.6428571428571429, 0.7142857142857143, 0.7142857142857143, 0.7857142857142857, 0.7857142857142857, 0.8571428571428571, 0.8571428571428571, 1.0, 1.0]}}, 'India': {'n': 14, 'accuracy': 0.5714285714285714, 'precision': 0.8333333333333334, 'recall': 0.5, 'sensitivity': 0.5, 'specificity': 0.75, 'balanced_accuracy': 0.625, 'f1': 0.625, 'confusion_matrix': [[3, 1], [5, 5]], 'auc': 0.55, 'roc_curve': {'fpr': [0.0, 0.0, 0.0, 0.75, 0.75, 1.0, 1.0], 'tpr': [0.0, 0.1, 0.5, 0.5, 0.7, 0.7, 1.0]}}, 'Italy': {'n': 17, 'accuracy': 0.8235294117647058, 'precision': 0.6, 'recall': 0.75, 'sensitivity': 0.75, 'specificity': 0.8461538461538461, 'balanced_accuracy': 0.7980769230769231, 'f1': 0.6666666666666666, 'confusion_matrix': [[11, 2], [1, 3]], 'auc': 0.9038461538461539, 'roc_curve': {'fpr': [0.0, 0.07692307692307693, 0.07692307692307693, 0.15384615384615385, 0.15384615384615385, 1.0], 'tpr': [0.0, 0.0, 0.75, 0.75, 1.0, 1.0]}}}",maxvit_small_forniceal_palpebral_new_way,"[0.7874315786523883, 0.7922573381540726, 0.7722024739194079, 0.7854952240476802, 0.7660087046980046, 0.7756069712087411, 0.7756484544196096, 0.752762259674721, 0.7469019184307176, 0.7571669115501196, 0.7521769055703871, 0.7577661807034292, 0.7506389516551478, 0.7423140787753929, 0.7419645887653844, 0.7373872979157636, 0.722528815674944, 0.7359671495398696, 0.724464262829346, 0.7152456032986544, 0.7130339611955241, 0.7231970283449912, 0.7022002217720966, 0.6918941533484426, 0.7076610055099539, 0.6961384573761298, 0.7066034727356061, 0.703312260358512, 0.6940481249166994, 0.6784088862996523, 0.6960473210633207, 0.6993453725665605, 0.691493732183158, 0.6679860868421542, 0.6754222816350509, 0.6858476388211153, 0.6826777048662406, 0.6548962256535381, 0.6743758470833707, 0.6604743271457906, 0.652342216092713, 0.6472521521607224, 0.6598064376383411, 0.6600168229771309, 0.6636422775229629, 0.6492852621337994, 0.6581886751311166, 0.6335017137786969, 0.6471612214231167, 0.6495088707833063, 0.6422284695566917, 0.6425119366775565, 0.6363286890951144, 0.642648458480835, 0.6200703273014146, 0.6326042640776861, 0.6291755608149937, 0.6288483361808621, 0.627543064607244, 0.6417845215927176, 0.6222566070199824, 0.6109607053451798, 0.6087367550856402, 0.6053753641186929]","[0.8066753149032593, 0.8053004741668701, 0.8043447732925415, 0.8063262104988098, 0.8035335540771484, 0.8030278086662292, 0.8028156757354736, 0.8023192882537842, 0.8014766573905945, 0.8006817698478699, 0.8013134598731995, 0.8003225922584534, 0.7993372082710266, 0.7990880012512207, 0.7992415428161621, 0.7979044318199158, 0.7967463731765747, 0.796850860118866, 0.7956582307815552, 0.7951344847679138, 0.7952091693878174, 0.7949023842811584, 0.7942654490470886, 0.7932214140892029, 0.7933425307273865, 0.7931798696517944, 0.7916510105133057, 0.7918651700019836, 0.7913604974746704, 0.7904009222984314, 0.78973388671875, 0.7899864315986633, 0.7898016571998596, 0.7885642051696777, 0.7875003218650818, 0.7879044413566589, 0.787290096282959, 0.7854864597320557, 0.7868179678916931, 0.7880163788795471, 0.7880479693412781, 0.7862458229064941, 0.7860130667686462, 0.7844161987304688, 0.7848895788192749, 0.784430742263794, 0.7844323515892029, 0.7853109836578369, 0.7855100035667419, 0.7843690514564514, 0.7839230895042419, 0.7838005423545837, 0.7832663655281067, 0.7830495238304138, 0.7833912372589111, 0.7828516364097595, 0.781495213508606, 0.7832531929016113, 0.7834379076957703, 0.7838708758354187, 0.7840185761451721, 0.7851161956787109, 0.7852163314819336, 0.7855229377746582]","[{'accuracy': 0.41935483870967744, 'f1': 0.5909090909090909, 'sensitivity': 0.9285714285714286, 'specificity': 0.0}, {'accuracy': 0.4838709677419355, 'f1': 0.6190476190476191, 'sensitivity': 0.9285714285714286, 'specificity': 0.11764705882352941}, {'accuracy': 0.4838709677419355, 'f1': 0.5555555555555556, 'sensitivity': 0.7142857142857143, 'specificity': 0.29411764705882354}, {'accuracy': 0.4838709677419355, 'f1': 0.5, 'sensitivity': 0.5714285714285714, 'specificity': 0.4117647058823529}, {'accuracy': 0.5161290322580645, 'f1': 0.5161290322580645, 'sensitivity': 0.5714285714285714, 'specificity': 0.47058823529411764}, {'accuracy': 0.5161290322580645, 'f1': 0.5161290322580645, 'sensitivity': 0.5714285714285714, 'specificity': 0.47058823529411764}, {'accuracy': 0.5161290322580645, 'f1': 0.4444444444444444, 'sensitivity': 0.42857142857142855, 'specificity': 0.5882352941176471}, {'accuracy': 0.5806451612903226, 'f1': 0.48, 'sensitivity': 0.42857142857142855, 'specificity': 0.7058823529411765}, {'accuracy': 0.6129032258064516, 'f1': 0.5, 'sensitivity': 0.42857142857142855, 'specificity': 0.7647058823529411}, {'accuracy': 0.6129032258064516, 'f1': 0.5, 'sensitivity': 0.42857142857142855, 'specificity': 0.7647058823529411}, {'accuracy': 0.6129032258064516, 'f1': 0.5, 'sensitivity': 0.42857142857142855, 'specificity': 0.7647058823529411}, {'accuracy': 0.6129032258064516, 'f1': 0.5, 'sensitivity': 0.42857142857142855, 'specificity': 0.7647058823529411}, {'accuracy': 0.6129032258064516, 'f1': 0.5, 'sensitivity': 0.42857142857142855, 'specificity': 0.7647058823529411}, {'accuracy': 0.6129032258064516, 'f1': 0.5, 'sensitivity': 0.42857142857142855, 'specificity': 0.7647058823529411}, {'accuracy': 0.6129032258064516, 'f1': 0.5, 'sensitivity': 0.42857142857142855, 'specificity': 0.7647058823529411}, {'accuracy': 0.6129032258064516, 'f1': 0.5, 'sensitivity': 0.42857142857142855, 'specificity': 0.7647058823529411}, {'accuracy': 0.6129032258064516, 'f1': 0.5, 'sensitivity': 0.42857142857142855, 'specificity': 0.7647058823529411}, {'accuracy': 0.6129032258064516, 'f1': 0.45454545454545453, 'sensitivity': 0.35714285714285715, 'specificity': 0.8235294117647058}, {'accuracy': 0.6129032258064516, 'f1': 0.45454545454545453, 'sensitivity': 0.35714285714285715, 'specificity': 0.8235294117647058}, {'accuracy': 0.6129032258064516, 'f1': 0.45454545454545453, 'sensitivity': 0.35714285714285715, 'specificity': 0.8235294117647058}, {'accuracy': 0.6129032258064516, 'f1': 0.45454545454545453, 'sensitivity': 0.35714285714285715, 'specificity': 0.8235294117647058}, {'accuracy': 0.6129032258064516, 'f1': 0.45454545454545453, 'sensitivity': 0.35714285714285715, 'specificity': 0.8235294117647058}, {'accuracy': 0.6129032258064516, 'f1': 0.45454545454545453, 'sensitivity': 0.35714285714285715, 'specificity': 0.8235294117647058}, {'accuracy': 0.5806451612903226, 'f1': 0.43478260869565216, 'sensitivity': 0.35714285714285715, 'specificity': 0.7647058823529411}, {'accuracy': 0.5806451612903226, 'f1': 0.43478260869565216, 'sensitivity': 0.35714285714285715, 'specificity': 0.7647058823529411}, {'accuracy': 0.5806451612903226, 'f1': 0.43478260869565216, 'sensitivity': 0.35714285714285715, 'specificity': 0.7647058823529411}, {'accuracy': 0.5806451612903226, 'f1': 0.43478260869565216, 'sensitivity': 0.35714285714285715, 'specificity': 0.7647058823529411}, {'accuracy': 0.5806451612903226, 'f1': 0.43478260869565216, 'sensitivity': 0.35714285714285715, 'specificity': 0.7647058823529411}, {'accuracy': 0.5806451612903226, 'f1': 0.43478260869565216, 'sensitivity': 0.35714285714285715, 'specificity': 0.7647058823529411}, {'accuracy': 0.6451612903225806, 'f1': 0.5217391304347826, 'sensitivity': 0.42857142857142855, 'specificity': 0.8235294117647058}, {'accuracy': 0.6451612903225806, 'f1': 0.5217391304347826, 'sensitivity': 0.42857142857142855, 'specificity': 0.8235294117647058}, {'accuracy': 0.6451612903225806, 'f1': 0.5217391304347826, 'sensitivity': 0.42857142857142855, 'specificity': 0.8235294117647058}, {'accuracy': 0.6451612903225806, 'f1': 0.5217391304347826, 'sensitivity': 0.42857142857142855, 'specificity': 0.8235294117647058}, {'accuracy': 0.6774193548387096, 'f1': 0.5833333333333334, 'sensitivity': 0.5, 'specificity': 0.8235294117647058}, {'accuracy': 0.6774193548387096, 'f1': 0.5833333333333334, 'sensitivity': 0.5, 'specificity': 0.8235294117647058}, {'accuracy': 0.6774193548387096, 'f1': 0.5833333333333334, 'sensitivity': 0.5, 'specificity': 0.8235294117647058}, {'accuracy': 0.6774193548387096, 'f1': 0.5833333333333334, 'sensitivity': 0.5, 'specificity': 0.8235294117647058}, {'accuracy': 0.6774193548387096, 'f1': 0.5833333333333334, 'sensitivity': 0.5, 'specificity': 0.8235294117647058}, {'accuracy': 0.6774193548387096, 'f1': 0.5833333333333334, 'sensitivity': 0.5, 'specificity': 0.8235294117647058}, {'accuracy': 0.6451612903225806, 'f1': 0.5217391304347826, 'sensitivity': 0.42857142857142855, 'specificity': 0.8235294117647058}, {'accuracy': 0.6451612903225806, 'f1': 0.5217391304347826, 'sensitivity': 0.42857142857142855, 'specificity': 0.8235294117647058}, {'accuracy': 0.6451612903225806, 'f1': 0.5217391304347826, 'sensitivity': 0.42857142857142855, 'specificity': 0.8235294117647058}, {'accuracy': 0.6451612903225806, 'f1': 0.5217391304347826, 'sensitivity': 0.42857142857142855, 'specificity': 0.8235294117647058}, {'accuracy': 0.6451612903225806, 'f1': 0.56, 'sensitivity': 0.5, 'specificity': 0.7647058823529411}, {'accuracy': 0.6774193548387096, 'f1': 0.5833333333333334, 'sensitivity': 0.5, 'specificity': 0.8235294117647058}, {'accuracy': 0.6774193548387096, 'f1': 0.5833333333333334, 'sensitivity': 0.5, 'specificity': 0.8235294117647058}, {'accuracy': 0.6774193548387096, 'f1': 0.5833333333333334, 'sensitivity': 0.5, 'specificity': 0.8235294117647058}, {'accuracy': 0.6774193548387096, 'f1': 0.5454545454545454, 'sensitivity': 0.42857142857142855, 'specificity': 0.8823529411764706}, {'accuracy': 0.6774193548387096, 'f1': 0.5454545454545454, 'sensitivity': 0.42857142857142855, 'specificity': 0.8823529411764706}, {'accuracy': 0.6129032258064516, 'f1': 0.45454545454545453, 'sensitivity': 0.35714285714285715, 'specificity': 0.8235294117647058}, {'accuracy': 0.6774193548387096, 'f1': 0.5833333333333334, 'sensitivity': 0.5, 'specificity': 0.8235294117647058}, {'accuracy': 0.7096774193548387, 'f1': 0.6086956521739131, 'sensitivity': 0.5, 'specificity': 0.8823529411764706}, {'accuracy': 0.6774193548387096, 'f1': 0.5833333333333334, 'sensitivity': 0.5, 'specificity': 0.8235294117647058}, {'accuracy': 0.6774193548387096, 'f1': 0.5833333333333334, 'sensitivity': 0.5, 'specificity': 0.8235294117647058}, {'accuracy': 0.6451612903225806, 'f1': 0.5217391304347826, 'sensitivity': 0.42857142857142855, 'specificity': 0.8235294117647058}, {'accuracy': 0.7096774193548387, 'f1': 0.64, 'sensitivity': 0.5714285714285714, 'specificity': 0.8235294117647058}, {'accuracy': 0.6451612903225806, 'f1': 0.5217391304347826, 'sensitivity': 0.42857142857142855, 'specificity': 0.8235294117647058}, {'accuracy': 0.6451612903225806, 'f1': 0.5217391304347826, 'sensitivity': 0.42857142857142855, 'specificity': 0.8235294117647058}, {'accuracy': 0.6451612903225806, 'f1': 0.5217391304347826, 'sensitivity': 0.42857142857142855, 'specificity': 0.8235294117647058}, {'accuracy': 0.6451612903225806, 'f1': 0.5217391304347826, 'sensitivity': 0.42857142857142855, 'specificity': 0.8235294117647058}, {'accuracy': 0.7096774193548387, 'f1': 0.6086956521739131, 'sensitivity': 0.5, 'specificity': 0.8823529411764706}, {'accuracy': 0.7096774193548387, 'f1': 0.6086956521739131, 'sensitivity': 0.5, 'specificity': 0.8823529411764706}, {'accuracy': 0.6774193548387096, 'f1': 0.5833333333333334, 'sensitivity': 0.5, 'specificity': 0.8235294117647058}, {'accuracy': 0.7096774193548387, 'f1': 0.6086956521739131, 'sensitivity': 0.5, 'specificity': 0.8823529411764706}]",COMPLETE
6,0.5945945945945946,2026-08-08 23:25:48.532953,2026-08-08 23:26:10.583573,0 days 00:00:22.050620,0.2,0.06264278041381323,3.218056412620644e-05,"{'overall': {'n': 31, 'accuracy': 0.5161290322580645, 'precision': 0.4782608695652174, 'recall': 0.7857142857142857, 'sensitivity': 0.7857142857142857, 'specificity': 0.29411764705882354, 'balanced_accuracy': 0.5399159663865546, 'f1': 0.5945945945945946, 'confusion_matrix': [[5, 12], [3, 11]], 'auc': 0.5, 'roc_curve': {'fpr': [0.0, 0.0, 0.0, 0.23529411764705882, 0.23529411764705882, 0.29411764705882354, 0.29411764705882354, 0.4117647058823529, 0.4117647058823529, 0.6470588235294118, 0.6470588235294118, 0.7058823529411765, 0.7058823529411765, 0.8235294117647058, 0.8235294117647058, 0.8823529411764706, 0.8823529411764706, 1.0], 'tpr': [0.0, 0.07142857142857142, 0.14285714285714285, 0.14285714285714285, 0.21428571428571427, 0.21428571428571427, 0.2857142857142857, 0.2857142857142857, 0.5, 0.5, 0.6428571428571429, 0.6428571428571429, 0.7857142857142857, 0.7857142857142857, 0.9285714285714286, 0.9285714285714286, 1.0, 1.0]}}, 'India': {'n': 14, 'accuracy': 0.5, 'precision': 0.6363636363636364, 'recall': 0.7, 'sensitivity': 0.7, 'specificity': 0.0, 'balanced_accuracy': 0.35, 'f1': 0.6666666666666666, 'confusion_matrix': [[0, 4], [3, 7]], 'auc': 0.32500000000000007, 'roc_curve': {'fpr': [0.0, 0.0, 0.25, 0.25, 1.0, 1.0], 'tpr': [0.0, 0.1, 0.1, 0.4, 0.4, 1.0]}}, 'Italy': {'n': 17, 'accuracy': 0.5294117647058824, 'precision': 0.3333333333333333, 'recall': 1.0, 'sensitivity': 1.0, 'specificity': 0.38461538461538464, 'balanced_accuracy': 0.6923076923076923, 'f1': 0.5, 'confusion_matrix': [[5, 8], [0, 4]], 'auc': 0.75, 'roc_curve': {'fpr': [0.0, 0.0, 0.0, 0.38461538461538464, 0.38461538461538464, 0.6153846153846154, 0.6153846153846154, 1.0], 'tpr': [0.0, 0.25, 0.5, 0.5, 0.75, 0.75, 1.0, 1.0]}}}",maxvit_small_forniceal_palpebral_new_way,"[1.8237680139995756, 1.2193757790286526, 1.0222670669052876, 0.8173881221790703, 0.7861306683546831, 0.4583154993803323, 0.42600036883840753, 0.40048678046992037]","[1.0415385961532593, 3.901963233947754, 1.7533416748046875, 1.912553071975708, 2.6932318210601807, 1.564078688621521, 1.751124620437622, 1.6392161846160889]","[{'accuracy': 0.5161290322580645, 'f1': 0.5945945945945946, 'sensitivity': 0.7857142857142857, 'specificity': 0.29411764705882354}, {'accuracy': 0.5483870967741935, 'f1': 0.0, 'sensitivity': 0.0, 'specificity': 1.0}, {'accuracy': 0.6129032258064516, 'f1': 0.45454545454545453, 'sensitivity': 0.35714285714285715, 'specificity': 0.8235294117647058}, {'accuracy': 0.6129032258064516, 'f1': 0.45454545454545453, 'sensitivity': 0.35714285714285715, 'specificity': 0.8235294117647058}, {'accuracy': 0.6451612903225806, 'f1': 0.42105263157894735, 'sensitivity': 0.2857142857142857, 'specificity': 0.9411764705882353}, {'accuracy': 0.5483870967741935, 'f1': 0.5, 'sensitivity': 0.5, 'specificity': 0.5882352941176471}, {'accuracy': 0.5806451612903226, 'f1': 0.43478260869565216, 'sensitivity': 0.35714285714285715, 'specificity': 0.7647058823529411}, {'accuracy': 0.5806451612903226, 'f1': 0.43478260869565216, 'sensitivity': 0.35714285714285715, 'specificity': 0.7647058823529411}]",COMPLETE
