number,value,datetime_start,datetime_complete,duration,params_dropout_rate,params_learning_rate,params_weight_decay,user_attrs_best_val_metrics,user_attrs_model_name,user_attrs_train_loss_history,user_attrs_val_loss_history,user_attrs_val_overall_metrics_history,state
6,0.6666666666666666,2026-08-08 22:42:50.584545,2026-08-08 22:43:26.623271,0 days 00:00:36.038726,0.5,0.006769507640303222,4.975529116456148e-05,"{'overall': {'n': 31, 'accuracy': 0.6774193548387096, 'precision': 0.625, 'recall': 0.7142857142857143, 'sensitivity': 0.7142857142857143, 'specificity': 0.6470588235294118, 'balanced_accuracy': 0.680672268907563, 'f1': 0.6666666666666666, 'confusion_matrix': [[11, 6], [4, 10]], 'auc': 0.6134453781512605, 'roc_curve': {'fpr': [0.0, 0.0, 0.0, 0.17647058823529413, 0.17647058823529413, 0.29411764705882354, 0.29411764705882354, 0.35294117647058826, 0.35294117647058826, 0.6470588235294118, 0.6470588235294118, 0.7647058823529411, 0.7647058823529411, 0.8235294117647058, 0.8235294117647058, 1.0], 'tpr': [0.0, 0.07142857142857142, 0.14285714285714285, 0.14285714285714285, 0.21428571428571427, 0.21428571428571427, 0.35714285714285715, 0.35714285714285715, 0.7142857142857143, 0.7142857142857143, 0.8571428571428571, 0.8571428571428571, 0.9285714285714286, 0.9285714285714286, 1.0, 1.0]}}, 'India': {'n': 14, 'accuracy': 0.5, 'precision': 0.6666666666666666, 'recall': 0.6, 'sensitivity': 0.6, 'specificity': 0.25, 'balanced_accuracy': 0.425, 'f1': 0.631578947368421, 'confusion_matrix': [[1, 3], [4, 6]], 'auc': 0.325, 'roc_curve': {'fpr': [0.0, 0.0, 0.25, 0.25, 0.75, 0.75, 1.0, 1.0], 'tpr': [0.0, 0.1, 0.1, 0.2, 0.2, 0.8, 0.8, 1.0]}}, 'Italy': {'n': 17, 'accuracy': 0.8235294117647058, 'precision': 0.5714285714285714, 'recall': 1.0, 'sensitivity': 1.0, 'specificity': 0.7692307692307693, 'balanced_accuracy': 0.8846153846153846, 'f1': 0.7272727272727273, 'confusion_matrix': [[10, 3], [0, 4]], 'auc': 0.846153846153846, 'roc_curve': {'fpr': [0.0, 0.0, 0.15384615384615385, 0.15384615384615385, 0.23076923076923078, 0.23076923076923078, 1.0], 'tpr': [0.0, 0.25, 0.25, 0.5, 0.5, 1.0, 1.0]}}}",maxvit_t_forniceal_palpebral_new_way,"[0.7997217806829077, 0.7024916122559788, 0.6059904950005668, 0.6083677293492012, 0.6227973415738061, 0.5985160305791971, 0.5607504420945434, 0.5588291508405387, 0.6155543570615807, 0.5363008971927928, 0.5076782514854353, 0.5124291061949567, 0.6180564931460789, 0.5739184399040378, 0.5594318754413501, 0.5366882803488751, 0.5599454939365387, 0.5168559161984191, 0.6098625039567753, 0.46824163867502794, 0.5071337953919456, 0.47864701735730075]","[0.8417820930480957, 0.8442280292510986, 0.828360378742218, 0.8187461495399475, 0.8330200910568237, 0.8176167011260986, 0.8107894062995911, 0.7895206809043884, 0.7654628157615662, 0.7534831762313843, 0.7626047134399414, 0.7728972434997559, 0.7725692987442017, 0.7586055397987366, 0.7487947344779968, 0.7621305584907532, 0.7535815238952637, 0.7496702075004578, 0.7524715065956116, 0.7647396326065063, 0.7801968455314636, 0.7759561538696289]","[{'accuracy': 0.5483870967741935, 'f1': 0.0, 'sensitivity': 0.0, 'specificity': 1.0}, {'accuracy': 0.5161290322580645, 'f1': 0.0, 'sensitivity': 0.0, 'specificity': 0.9411764705882353}, {'accuracy': 0.5161290322580645, 'f1': 0.21052631578947367, 'sensitivity': 0.14285714285714285, 'specificity': 0.8235294117647058}, {'accuracy': 0.5161290322580645, 'f1': 0.21052631578947367, 'sensitivity': 0.14285714285714285, 'specificity': 0.8235294117647058}, {'accuracy': 0.5161290322580645, 'f1': 0.11764705882352941, 'sensitivity': 0.07142857142857142, 'specificity': 0.8823529411764706}, {'accuracy': 0.5483870967741935, 'f1': 0.2222222222222222, 'sensitivity': 0.14285714285714285, 'specificity': 0.8823529411764706}, {'accuracy': 0.5806451612903226, 'f1': 0.3157894736842105, 'sensitivity': 0.21428571428571427, 'specificity': 0.8823529411764706}, {'accuracy': 0.5806451612903226, 'f1': 0.3157894736842105, 'sensitivity': 0.21428571428571427, 'specificity': 0.8823529411764706}, {'accuracy': 0.6129032258064516, 'f1': 0.4, 'sensitivity': 0.2857142857142857, 'specificity': 0.8823529411764706}, {'accuracy': 0.6451612903225806, 'f1': 0.47619047619047616, 'sensitivity': 0.35714285714285715, 'specificity': 0.8823529411764706}, {'accuracy': 0.6451612903225806, 'f1': 0.47619047619047616, 'sensitivity': 0.35714285714285715, 'specificity': 0.8823529411764706}, {'accuracy': 0.6129032258064516, 'f1': 0.4, 'sensitivity': 0.2857142857142857, 'specificity': 0.8823529411764706}, {'accuracy': 0.6451612903225806, 'f1': 0.47619047619047616, 'sensitivity': 0.35714285714285715, 'specificity': 0.8823529411764706}, {'accuracy': 0.6129032258064516, 'f1': 0.5384615384615384, 'sensitivity': 0.5, 'specificity': 0.7058823529411765}, {'accuracy': 0.6129032258064516, 'f1': 0.5714285714285714, 'sensitivity': 0.5714285714285714, 'specificity': 0.6470588235294118}, {'accuracy': 0.6129032258064516, 'f1': 0.5384615384615384, 'sensitivity': 0.5, 'specificity': 0.7058823529411765}, {'accuracy': 0.6129032258064516, 'f1': 0.5714285714285714, 'sensitivity': 0.5714285714285714, 'specificity': 0.6470588235294118}, {'accuracy': 0.5806451612903226, 'f1': 0.6285714285714286, 'sensitivity': 0.7857142857142857, 'specificity': 0.4117647058823529}, {'accuracy': 0.6129032258064516, 'f1': 0.6470588235294118, 'sensitivity': 0.7857142857142857, 'specificity': 0.47058823529411764}, {'accuracy': 0.6129032258064516, 'f1': 0.5714285714285714, 'sensitivity': 0.5714285714285714, 'specificity': 0.6470588235294118}, {'accuracy': 0.5806451612903226, 'f1': 0.5185185185185185, 'sensitivity': 0.5, 'specificity': 0.6470588235294118}, {'accuracy': 0.6774193548387096, 'f1': 0.6666666666666666, 'sensitivity': 0.7142857142857143, 'specificity': 0.6470588235294118}]",COMPLETE
7,0.4,2026-08-08 22:43:26.623691,2026-08-08 22:43:56.197002,0 days 00:00:29.573311,0.5,0.00011137414908293505,5.7709261167741526e-05,"{'overall': {'n': 31, 'accuracy': 0.6129032258064516, 'precision': 0.6666666666666666, 'recall': 0.2857142857142857, 'sensitivity': 0.2857142857142857, 'specificity': 0.8823529411764706, 'balanced_accuracy': 0.5840336134453781, 'f1': 0.4, 'confusion_matrix': [[15, 2], [10, 4]], 'auc': 0.6554621848739496, 'roc_curve': {'fpr': [0.0, 0.058823529411764705, 0.058823529411764705, 0.11764705882352941, 0.11764705882352941, 0.23529411764705882, 0.23529411764705882, 0.29411764705882354, 0.29411764705882354, 0.35294117647058826, 0.35294117647058826, 0.4117647058823529, 0.4117647058823529, 0.47058823529411764, 0.47058823529411764, 0.7058823529411765, 0.7058823529411765, 0.8823529411764706, 0.8823529411764706, 1.0], 'tpr': [0.0, 0.0, 0.21428571428571427, 0.21428571428571427, 0.2857142857142857, 0.2857142857142857, 0.42857142857142855, 0.42857142857142855, 0.5, 0.5, 0.5714285714285714, 0.5714285714285714, 0.6428571428571429, 0.6428571428571429, 0.8571428571428571, 0.8571428571428571, 0.9285714285714286, 0.9285714285714286, 1.0, 1.0]}}, 'India': {'n': 14, 'accuracy': 0.35714285714285715, 'precision': 0.6666666666666666, 'recall': 0.2, 'sensitivity': 0.2, 'specificity': 0.75, 'balanced_accuracy': 0.475, 'f1': 0.3076923076923077, 'confusion_matrix': [[3, 1], [8, 2]], 'auc': 0.325, 'roc_curve': {'fpr': [0.0, 0.25, 0.25, 0.5, 0.5, 0.75, 0.75, 1.0, 1.0], 'tpr': [0.0, 0.0, 0.2, 0.2, 0.3, 0.3, 0.8, 0.8, 1.0]}}, 'Italy': {'n': 17, 'accuracy': 0.8235294117647058, 'precision': 0.6666666666666666, 'recall': 0.5, 'sensitivity': 0.5, 'specificity': 0.9230769230769231, 'balanced_accuracy': 0.7115384615384616, 'f1': 0.5714285714285714, 'confusion_matrix': [[12, 1], [2, 2]], 'auc': 0.8461538461538463, 'roc_curve': {'fpr': [0.0, 0.0, 0.07692307692307693, 0.07692307692307693, 0.15384615384615385, 0.15384615384615385, 0.38461538461538464, 0.38461538461538464, 1.0], 'tpr': [0.0, 0.25, 0.25, 0.5, 0.5, 0.75, 0.75, 1.0, 1.0]}}}",maxvit_t_forniceal_palpebral_new_way,"[0.8387339062431232, 0.8203189721723803, 0.8064024533544268, 0.8351992336260218, 0.7974195646590927, 0.8342535191652726, 0.7977389360771698, 0.8094333357551471, 0.8169142384918369, 0.8273667243062234, 0.8386954515158724, 0.7831053733825684, 0.7754343533191551, 0.7721582703849896, 0.7993204557165807, 0.7881094326778334, 0.7965003154715713, 0.7874306667418707]","[0.7981577515602112, 0.798486590385437, 0.7985912561416626, 0.7981536388397217, 0.7981138825416565, 0.7981059551239014, 0.7980861067771912, 0.7977892160415649, 0.7976301312446594, 0.7976216673851013, 0.7974824905395508, 0.7975034117698669, 0.7978060245513916, 0.7980760931968689, 0.7984229922294617, 0.7989298105239868, 0.799484133720398, 0.7998281717300415]","[{'accuracy': 0.5806451612903226, 'f1': 0.13333333333333333, 'sensitivity': 0.07142857142857142, 'specificity': 1.0}, {'accuracy': 0.5483870967741935, 'f1': 0.125, 'sensitivity': 0.07142857142857142, 'specificity': 0.9411764705882353}, {'accuracy': 0.5483870967741935, 'f1': 0.125, 'sensitivity': 0.07142857142857142, 'specificity': 0.9411764705882353}, {'accuracy': 0.5483870967741935, 'f1': 0.125, 'sensitivity': 0.07142857142857142, 'specificity': 0.9411764705882353}, {'accuracy': 0.5806451612903226, 'f1': 0.23529411764705882, 'sensitivity': 0.14285714285714285, 'specificity': 0.9411764705882353}, {'accuracy': 0.5806451612903226, 'f1': 0.23529411764705882, 'sensitivity': 0.14285714285714285, 'specificity': 0.9411764705882353}, {'accuracy': 0.5806451612903226, 'f1': 0.3157894736842105, 'sensitivity': 0.21428571428571427, 'specificity': 0.8823529411764706}, {'accuracy': 0.5806451612903226, 'f1': 0.3157894736842105, 'sensitivity': 0.21428571428571427, 'specificity': 0.8823529411764706}, {'accuracy': 0.5806451612903226, 'f1': 0.3157894736842105, 'sensitivity': 0.21428571428571427, 'specificity': 0.8823529411764706}, {'accuracy': 0.6129032258064516, 'f1': 0.4, 'sensitivity': 0.2857142857142857, 'specificity': 0.8823529411764706}, {'accuracy': 0.6129032258064516, 'f1': 0.4, 'sensitivity': 0.2857142857142857, 'specificity': 0.8823529411764706}, {'accuracy': 0.6129032258064516, 'f1': 0.4, 'sensitivity': 0.2857142857142857, 'specificity': 0.8823529411764706}, {'accuracy': 0.6129032258064516, 'f1': 0.4, 'sensitivity': 0.2857142857142857, 'specificity': 0.8823529411764706}, {'accuracy': 0.6129032258064516, 'f1': 0.4, 'sensitivity': 0.2857142857142857, 'specificity': 0.8823529411764706}, {'accuracy': 0.5806451612903226, 'f1': 0.38095238095238093, 'sensitivity': 0.2857142857142857, 'specificity': 0.8235294117647058}, {'accuracy': 0.6129032258064516, 'f1': 0.4, 'sensitivity': 0.2857142857142857, 'specificity': 0.8823529411764706}, {'accuracy': 0.6129032258064516, 'f1': 0.4, 'sensitivity': 0.2857142857142857, 'specificity': 0.8823529411764706}, {'accuracy': 0.5483870967741935, 'f1': 0.36363636363636365, 'sensitivity': 0.2857142857142857, 'specificity': 0.7647058823529411}]",COMPLETE
8,0.6666666666666666,2026-08-08 22:43:56.197343,2026-08-08 22:44:16.241979,0 days 00:00:20.044636,0.2,0.006464900601177843,1.217404417807552e-06,"{'overall': {'n': 31, 'accuracy': 0.6129032258064516, 'precision': 0.5454545454545454, 'recall': 0.8571428571428571, 'sensitivity': 0.8571428571428571, 'specificity': 0.4117647058823529, 'balanced_accuracy': 0.634453781512605, 'f1': 0.6666666666666666, 'confusion_matrix': [[7, 10], [2, 12]], 'auc': 0.6680672268907564, 'roc_curve': {'fpr': [0.0, 0.0, 0.0, 0.058823529411764705, 0.058823529411764705, 0.23529411764705882, 0.23529411764705882, 0.47058823529411764, 0.47058823529411764, 0.5882352941176471, 0.5882352941176471, 0.7647058823529411, 0.7647058823529411, 0.9411764705882353, 0.9411764705882353, 1.0], 'tpr': [0.0, 0.07142857142857142, 0.21428571428571427, 0.21428571428571427, 0.35714285714285715, 0.35714285714285715, 0.5714285714285714, 0.5714285714285714, 0.7142857142857143, 0.7142857142857143, 0.8571428571428571, 0.8571428571428571, 0.9285714285714286, 0.9285714285714286, 1.0, 1.0]}}, 'India': {'n': 14, 'accuracy': 0.7142857142857143, 'precision': 0.75, 'recall': 0.9, 'sensitivity': 0.9, 'specificity': 0.25, 'balanced_accuracy': 0.575, 'f1': 0.8181818181818182, 'confusion_matrix': [[1, 3], [1, 9]], 'auc': 0.625, 'roc_curve': {'fpr': [0.0, 0.0, 0.0, 0.5, 0.5, 0.75, 0.75, 1.0, 1.0], 'tpr': [0.0, 0.1, 0.4, 0.4, 0.8, 0.8, 0.9, 0.9, 1.0]}}, 'Italy': {'n': 17, 'accuracy': 0.5294117647058824, 'precision': 0.3, 'recall': 0.75, 'sensitivity': 0.75, 'specificity': 0.46153846153846156, 'balanced_accuracy': 0.6057692307692308, 'f1': 0.42857142857142855, 'confusion_matrix': [[6, 7], [1, 3]], 'auc': 0.5192307692307693, 'roc_curve': {'fpr': [0.0, 0.0, 0.46153846153846156, 0.46153846153846156, 0.5384615384615384, 0.5384615384615384, 0.9230769230769231, 0.9230769230769231, 1.0], 'tpr': [0.0, 0.25, 0.25, 0.5, 0.5, 0.75, 0.75, 1.0, 1.0]}}}",maxvit_t_forniceal_palpebral_new_way,"[0.831265756062099, 0.6838128388333483, 0.6489419130240979, 0.6163693958399247, 0.5788837399612479, 0.5539176577613467, 0.5227975003978833, 0.5584289618089896, 0.5534491445742497, 0.4810553174846026, 0.511016312910586, 0.5350782421170449]","[0.8120768070220947, 0.8119412660598755, 0.7732031345367432, 0.7665655016899109, 0.7648540735244751, 0.7759544253349304, 0.771675705909729, 0.7731096148490906, 0.7769235968589783, 0.7807478308677673, 0.7891070246696472, 0.7964290380477905]","[{'accuracy': 0.5161290322580645, 'f1': 0.4444444444444444, 'sensitivity': 0.42857142857142855, 'specificity': 0.5882352941176471}, {'accuracy': 0.6129032258064516, 'f1': 0.25, 'sensitivity': 0.14285714285714285, 'specificity': 1.0}, {'accuracy': 0.6129032258064516, 'f1': 0.6666666666666666, 'sensitivity': 0.8571428571428571, 'specificity': 0.4117647058823529}, {'accuracy': 0.5806451612903226, 'f1': 0.5806451612903226, 'sensitivity': 0.6428571428571429, 'specificity': 0.5294117647058824}, {'accuracy': 0.6129032258064516, 'f1': 0.5714285714285714, 'sensitivity': 0.5714285714285714, 'specificity': 0.6470588235294118}, {'accuracy': 0.45161290322580644, 'f1': 0.5641025641025641, 'sensitivity': 0.7857142857142857, 'specificity': 0.17647058823529413}, {'accuracy': 0.5161290322580645, 'f1': 0.5945945945945946, 'sensitivity': 0.7857142857142857, 'specificity': 0.29411764705882354}, {'accuracy': 0.6774193548387096, 'f1': 0.6153846153846154, 'sensitivity': 0.5714285714285714, 'specificity': 0.7647058823529411}, {'accuracy': 0.6451612903225806, 'f1': 0.5925925925925926, 'sensitivity': 0.5714285714285714, 'specificity': 0.7058823529411765}, {'accuracy': 0.6451612903225806, 'f1': 0.6206896551724138, 'sensitivity': 0.6428571428571429, 'specificity': 0.6470588235294118}, {'accuracy': 0.6129032258064516, 'f1': 0.5, 'sensitivity': 0.42857142857142855, 'specificity': 0.7647058823529411}, {'accuracy': 0.6129032258064516, 'f1': 0.5, 'sensitivity': 0.42857142857142855, 'specificity': 0.7647058823529411}]",COMPLETE
9,0.6511627906976745,2026-08-08 22:44:16.242353,2026-08-08 22:44:49.003955,0 days 00:00:32.761602,0.5,0.008491777678447011,0.0001979449847008091,"{'overall': {'n': 31, 'accuracy': 0.5161290322580645, 'precision': 0.4827586206896552, 'recall': 1.0, 'sensitivity': 1.0, 'specificity': 0.11764705882352941, 'balanced_accuracy': 0.5588235294117647, 'f1': 0.6511627906976745, 'confusion_matrix': [[2, 15], [0, 14]], 'auc': 0.6554621848739495, 'roc_curve': {'fpr': [0.0, 0.0, 0.0, 0.11764705882352941, 0.11764705882352941, 0.35294117647058826, 0.35294117647058826, 0.5294117647058824, 0.5294117647058824, 0.7647058823529411, 0.7647058823529411, 0.8235294117647058, 0.8235294117647058, 1.0], 'tpr': [0.0, 0.07142857142857142, 0.14285714285714285, 0.14285714285714285, 0.42857142857142855, 0.42857142857142855, 0.7142857142857143, 0.7142857142857143, 0.7857142857142857, 0.7857142857142857, 0.8571428571428571, 0.8571428571428571, 1.0, 1.0]}}, 'India': {'n': 14, 'accuracy': 0.7142857142857143, 'precision': 0.7142857142857143, 'recall': 1.0, 'sensitivity': 1.0, 'specificity': 0.0, 'balanced_accuracy': 0.5, 'f1': 0.8333333333333334, 'confusion_matrix': [[0, 4], [0, 10]], 'auc': 0.525, 'roc_curve': {'fpr': [0.0, 0.0, 0.0, 0.25, 0.25, 0.75, 0.75, 1.0, 1.0], 'tpr': [0.0, 0.1, 0.2, 0.2, 0.6, 0.6, 0.7, 0.7, 1.0]}}, 'Italy': {'n': 17, 'accuracy': 0.35294117647058826, 'precision': 0.26666666666666666, 'recall': 1.0, 'sensitivity': 1.0, 'specificity': 0.15384615384615385, 'balanced_accuracy': 0.5769230769230769, 'f1': 0.42105263157894735, 'confusion_matrix': [[2, 11], [0, 4]], 'auc': 0.7115384615384615, 'roc_curve': {'fpr': [0.0, 0.07692307692307693, 0.23076923076923078, 0.23076923076923078, 0.46153846153846156, 0.46153846153846156, 1.0], 'tpr': [0.0, 0.0, 0.0, 0.75, 0.75, 1.0, 1.0]}}}",maxvit_t_forniceal_palpebral_new_way,"[0.7874750247617968, 0.6903392283283935, 0.6600211400564026, 0.6044679539544242, 0.6190840555291598, 0.6168397052758405, 0.6078796102887108, 0.6085169765414024, 0.4991435501851192, 0.5801540337452272, 0.5815463848665458, 0.5624573751777208, 0.6388786329704077, 0.5652808180066193, 0.5369575905556582, 0.5865114951620296, 0.5286521088509333, 0.4623775567327227, 0.5238213737805685, 0.5213359699768274]","[0.7824009656906128, 0.7769478559494019, 0.8005621433258057, 0.76314777135849, 0.7551166415214539, 0.7446024417877197, 0.7323246598243713, 0.7724804878234863, 0.7863187193870544, 0.7778696417808533, 0.733870267868042, 0.7314854860305786, 0.7233965992927551, 0.7464296817779541, 0.7626333832740784, 0.7432008385658264, 0.782145082950592, 0.8504503965377808, 0.8476603627204895, 0.8199707269668579]","[{'accuracy': 0.6451612903225806, 'f1': 0.5925925925925926, 'sensitivity': 0.5714285714285714, 'specificity': 0.7058823529411765}, {'accuracy': 0.5806451612903226, 'f1': 0.6285714285714286, 'sensitivity': 0.7857142857142857, 'specificity': 0.4117647058823529}, {'accuracy': 0.5161290322580645, 'f1': 0.6511627906976745, 'sensitivity': 1.0, 'specificity': 0.11764705882352941}, {'accuracy': 0.5806451612903226, 'f1': 0.6285714285714286, 'sensitivity': 0.7857142857142857, 'specificity': 0.4117647058823529}, {'accuracy': 0.6129032258064516, 'f1': 0.6, 'sensitivity': 0.6428571428571429, 'specificity': 0.5882352941176471}, {'accuracy': 0.5161290322580645, 'f1': 0.5945945945945946, 'sensitivity': 0.7857142857142857, 'specificity': 0.29411764705882354}, {'accuracy': 0.5806451612903226, 'f1': 0.6285714285714286, 'sensitivity': 0.7857142857142857, 'specificity': 0.4117647058823529}, {'accuracy': 0.6451612903225806, 'f1': 0.47619047619047616, 'sensitivity': 0.35714285714285715, 'specificity': 0.8823529411764706}, {'accuracy': 0.5806451612903226, 'f1': 0.3157894736842105, 'sensitivity': 0.21428571428571427, 'specificity': 0.8823529411764706}, {'accuracy': 0.6129032258064516, 'f1': 0.4, 'sensitivity': 0.2857142857142857, 'specificity': 0.8823529411764706}, {'accuracy': 0.6774193548387096, 'f1': 0.6153846153846154, 'sensitivity': 0.5714285714285714, 'specificity': 0.7647058823529411}, {'accuracy': 0.6129032258064516, 'f1': 0.625, 'sensitivity': 0.7142857142857143, 'specificity': 0.5294117647058824}, {'accuracy': 0.5806451612903226, 'f1': 0.5806451612903226, 'sensitivity': 0.6428571428571429, 'specificity': 0.5294117647058824}, {'accuracy': 0.5806451612903226, 'f1': 0.43478260869565216, 'sensitivity': 0.35714285714285715, 'specificity': 0.7647058823529411}, {'accuracy': 0.5806451612903226, 'f1': 0.43478260869565216, 'sensitivity': 0.35714285714285715, 'specificity': 0.7647058823529411}, {'accuracy': 0.5806451612903226, 'f1': 0.48, 'sensitivity': 0.42857142857142855, 'specificity': 0.7058823529411765}, {'accuracy': 0.5806451612903226, 'f1': 0.38095238095238093, 'sensitivity': 0.2857142857142857, 'specificity': 0.8235294117647058}, {'accuracy': 0.5806451612903226, 'f1': 0.3157894736842105, 'sensitivity': 0.21428571428571427, 'specificity': 0.8823529411764706}, {'accuracy': 0.5806451612903226, 'f1': 0.3157894736842105, 'sensitivity': 0.21428571428571427, 'specificity': 0.8823529411764706}, {'accuracy': 0.6129032258064516, 'f1': 0.4, 'sensitivity': 0.2857142857142857, 'specificity': 0.8823529411764706}]",COMPLETE
