number,value,datetime_start,datetime_complete,duration,params_dropout_rate,params_learning_rate,params_weight_decay,user_attrs_best_val_metrics,user_attrs_model_name,user_attrs_train_loss_history,user_attrs_val_loss_history,user_attrs_val_overall_metrics_history,state
11,0.6428571428571429,2026-08-08 23:28:42.629614,2026-08-08 23:30:10.853207,0 days 00:01:28.223593,0.2,0.0014811563594236076,0.0007136412742314727,"{'overall': {'n': 31, 'accuracy': 0.6774193548387096, 'precision': 0.6428571428571429, 'recall': 0.6428571428571429, 'sensitivity': 0.6428571428571429, 'specificity': 0.7058823529411765, 'balanced_accuracy': 0.6743697478991597, 'f1': 0.6428571428571429, 'confusion_matrix': [[12, 5], [5, 9]], 'auc': 0.6722689075630253, 'roc_curve': {'fpr': [0.0, 0.0, 0.0, 0.058823529411764705, 0.058823529411764705, 0.11764705882352941, 0.11764705882352941, 0.17647058823529413, 0.17647058823529413, 0.23529411764705882, 0.23529411764705882, 0.5294117647058824, 0.5294117647058824, 0.7647058823529411, 0.7647058823529411, 0.8235294117647058, 0.8235294117647058, 1.0], 'tpr': [0.0, 0.07142857142857142, 0.14285714285714285, 0.14285714285714285, 0.35714285714285715, 0.35714285714285715, 0.5, 0.5, 0.5714285714285714, 0.5714285714285714, 0.6428571428571429, 0.6428571428571429, 0.7142857142857143, 0.7142857142857143, 0.7857142857142857, 0.7857142857142857, 1.0, 1.0]}}, 'India': {'n': 14, 'accuracy': 0.5, 'precision': 0.7142857142857143, 'recall': 0.5, 'sensitivity': 0.5, 'specificity': 0.5, 'balanced_accuracy': 0.5, 'f1': 0.5882352941176471, 'confusion_matrix': [[2, 2], [5, 5]], 'auc': 0.525, 'roc_curve': {'fpr': [0.0, 0.0, 0.0, 0.75, 0.75, 1.0, 1.0], 'tpr': [0.0, 0.1, 0.5, 0.5, 0.6, 0.6, 1.0]}}, 'Italy': {'n': 17, 'accuracy': 0.8235294117647058, 'precision': 0.5714285714285714, 'recall': 1.0, 'sensitivity': 1.0, 'specificity': 0.7692307692307693, 'balanced_accuracy': 0.8846153846153846, 'f1': 0.7272727272727273, 'confusion_matrix': [[10, 3], [0, 4]], 'auc': 0.923076923076923, 'roc_curve': {'fpr': [0.0, 0.0, 0.0, 0.07692307692307693, 0.07692307692307693, 0.23076923076923078, 0.23076923076923078, 1.0], 'tpr': [0.0, 0.25, 0.5, 0.5, 0.75, 0.75, 1.0, 1.0]}}}",maxvit_small_forniceal_palpebral_new_way,"[0.8049096939515095, 0.76771887792211, 0.7251201859947776, 0.6794557530863755, 0.6544546630917764, 0.6303400539216542, 0.6059622484810498, 0.5985323085265906, 0.57466062072183, 0.5694447354394563, 0.547143158661265, 0.5383448235842646, 0.5087018181272105, 0.5287613051683724, 0.5017751516128073, 0.48365095845696066, 0.47622229736678456, 0.4909353955667846, 0.48753369665470253, 0.47163916587018645, 0.4651178999417493, 0.44618639248569, 0.45632874803478213, 0.45327269524133124, 0.45362332767369795, 0.4542185090431551, 0.4271384759419629, 0.45147901043599964, 0.41371724475808697, 0.43124423708234516, 0.4345195727283452, 0.3923582306929997, 0.4092465241750081]","[0.8214358687400818, 0.821355402469635, 0.8121477961540222, 0.8085959553718567, 0.80047607421875, 0.79729825258255, 0.7991340160369873, 0.7915605902671814, 0.7870926260948181, 0.7883981466293335, 0.7809791564941406, 0.793685793876648, 0.7999868392944336, 0.7867870926856995, 0.778495192527771, 0.788772463798523, 0.7813735604286194, 0.7899836301803589, 0.7930607199668884, 0.7787967324256897, 0.7629928588867188, 0.7665535807609558, 0.7804264426231384, 0.78276526927948, 0.7769787311553955, 0.7597888708114624, 0.7691531777381897, 0.7687427997589111, 0.7765545845031738, 0.7752813100814819, 0.7808318138122559, 0.7765624523162842, 0.761691153049469]","[{'accuracy': 0.6129032258064516, 'f1': 0.25, 'sensitivity': 0.14285714285714285, 'specificity': 1.0}, {'accuracy': 0.5806451612903226, 'f1': 0.13333333333333333, 'sensitivity': 0.07142857142857142, 'specificity': 1.0}, {'accuracy': 0.5806451612903226, 'f1': 0.38095238095238093, 'sensitivity': 0.2857142857142857, 'specificity': 0.8235294117647058}, {'accuracy': 0.6129032258064516, 'f1': 0.45454545454545453, 'sensitivity': 0.35714285714285715, 'specificity': 0.8235294117647058}, {'accuracy': 0.6129032258064516, 'f1': 0.5, 'sensitivity': 0.42857142857142855, 'specificity': 0.7647058823529411}, {'accuracy': 0.6129032258064516, 'f1': 0.5, 'sensitivity': 0.42857142857142855, 'specificity': 0.7647058823529411}, {'accuracy': 0.7096774193548387, 'f1': 0.6086956521739131, 'sensitivity': 0.5, 'specificity': 0.8823529411764706}, {'accuracy': 0.6451612903225806, 'f1': 0.56, 'sensitivity': 0.5, 'specificity': 0.7647058823529411}, {'accuracy': 0.6129032258064516, 'f1': 0.5384615384615384, 'sensitivity': 0.5, 'specificity': 0.7058823529411765}, {'accuracy': 0.6451612903225806, 'f1': 0.56, 'sensitivity': 0.5, 'specificity': 0.7647058823529411}, {'accuracy': 0.6451612903225806, 'f1': 0.56, 'sensitivity': 0.5, 'specificity': 0.7647058823529411}, {'accuracy': 0.6774193548387096, 'f1': 0.5833333333333334, 'sensitivity': 0.5, 'specificity': 0.8235294117647058}, {'accuracy': 0.6774193548387096, 'f1': 0.5833333333333334, 'sensitivity': 0.5, 'specificity': 0.8235294117647058}, {'accuracy': 0.6774193548387096, 'f1': 0.5833333333333334, 'sensitivity': 0.5, 'specificity': 0.8235294117647058}, {'accuracy': 0.6129032258064516, 'f1': 0.5384615384615384, 'sensitivity': 0.5, 'specificity': 0.7058823529411765}, {'accuracy': 0.6774193548387096, 'f1': 0.5833333333333334, 'sensitivity': 0.5, 'specificity': 0.8235294117647058}, {'accuracy': 0.6129032258064516, 'f1': 0.5384615384615384, 'sensitivity': 0.5, 'specificity': 0.7058823529411765}, {'accuracy': 0.6774193548387096, 'f1': 0.5833333333333334, 'sensitivity': 0.5, 'specificity': 0.8235294117647058}, {'accuracy': 0.6774193548387096, 'f1': 0.5833333333333334, 'sensitivity': 0.5, 'specificity': 0.8235294117647058}, {'accuracy': 0.6451612903225806, 'f1': 0.56, 'sensitivity': 0.5, 'specificity': 0.7647058823529411}, {'accuracy': 0.6451612903225806, 'f1': 0.5925925925925926, 'sensitivity': 0.5714285714285714, 'specificity': 0.7058823529411765}, {'accuracy': 0.6774193548387096, 'f1': 0.6153846153846154, 'sensitivity': 0.5714285714285714, 'specificity': 0.7647058823529411}, {'accuracy': 0.6774193548387096, 'f1': 0.5833333333333334, 'sensitivity': 0.5, 'specificity': 0.8235294117647058}, {'accuracy': 0.6774193548387096, 'f1': 0.5833333333333334, 'sensitivity': 0.5, 'specificity': 0.8235294117647058}, {'accuracy': 0.6774193548387096, 'f1': 0.6153846153846154, 'sensitivity': 0.5714285714285714, 'specificity': 0.7647058823529411}, {'accuracy': 0.6774193548387096, 'f1': 0.6428571428571429, 'sensitivity': 0.6428571428571429, 'specificity': 0.7058823529411765}, {'accuracy': 0.6774193548387096, 'f1': 0.6153846153846154, 'sensitivity': 0.5714285714285714, 'specificity': 0.7647058823529411}, {'accuracy': 0.6774193548387096, 'f1': 0.6153846153846154, 'sensitivity': 0.5714285714285714, 'specificity': 0.7647058823529411}, {'accuracy': 0.7096774193548387, 'f1': 0.64, 'sensitivity': 0.5714285714285714, 'specificity': 0.8235294117647058}, {'accuracy': 0.6774193548387096, 'f1': 0.6153846153846154, 'sensitivity': 0.5714285714285714, 'specificity': 0.7647058823529411}, {'accuracy': 0.6774193548387096, 'f1': 0.6153846153846154, 'sensitivity': 0.5714285714285714, 'specificity': 0.7647058823529411}, {'accuracy': 0.6774193548387096, 'f1': 0.6153846153846154, 'sensitivity': 0.5714285714285714, 'specificity': 0.7647058823529411}, {'accuracy': 0.6451612903225806, 'f1': 0.5925925925925926, 'sensitivity': 0.5714285714285714, 'specificity': 0.7058823529411765}]",COMPLETE
