number,value,datetime_start,datetime_complete,duration,params_dropout_rate,params_learning_rate,params_weight_decay,user_attrs_best_val_metrics,user_attrs_model_name,user_attrs_train_loss_history,user_attrs_val_loss_history,user_attrs_val_overall_metrics_history,state
0,0.7058823529411765,2026-08-09 00:16:37.015421,2026-08-09 00:18:45.365379,0 days 00:02:08.349958,0.2,0.0013292918943162175,0.0007114476009343421,"{'overall': {'n': 31, 'accuracy': 0.6774193548387096, 'precision': 0.6, 'recall': 0.8571428571428571, 'sensitivity': 0.8571428571428571, 'specificity': 0.5294117647058824, 'balanced_accuracy': 0.6932773109243697, 'f1': 0.7058823529411765, 'confusion_matrix': [[9, 8], [2, 12]], 'auc': 0.8025210084033614, 'roc_curve': {'fpr': [0.0, 0.0, 0.0, 0.058823529411764705, 0.058823529411764705, 0.17647058823529413, 0.17647058823529413, 0.29411764705882354, 0.29411764705882354, 0.35294117647058826, 0.35294117647058826, 0.4117647058823529, 0.4117647058823529, 0.5882352941176471, 0.5882352941176471, 0.6470588235294118, 0.6470588235294118, 1.0], 'tpr': [0.0, 0.07142857142857142, 0.21428571428571427, 0.21428571428571427, 0.5714285714285714, 0.5714285714285714, 0.6428571428571429, 0.6428571428571429, 0.7142857142857143, 0.7142857142857143, 0.7857142857142857, 0.7857142857142857, 0.8571428571428571, 0.8571428571428571, 0.9285714285714286, 0.9285714285714286, 1.0, 1.0]}}, 'India': {'n': 14, 'accuracy': 0.6428571428571429, 'precision': 0.7272727272727273, 'recall': 0.8, 'sensitivity': 0.8, 'specificity': 0.25, 'balanced_accuracy': 0.525, 'f1': 0.7619047619047619, 'confusion_matrix': [[1, 3], [2, 8]], 'auc': 0.5, 'roc_curve': {'fpr': [0.0, 0.0, 0.25, 0.25, 0.5, 0.5, 0.75, 0.75, 1.0, 1.0], 'tpr': [0.0, 0.1, 0.1, 0.4, 0.4, 0.7, 0.7, 0.8, 0.8, 1.0]}}, 'Italy': {'n': 17, 'accuracy': 0.7058823529411765, 'precision': 0.4444444444444444, 'recall': 1.0, 'sensitivity': 1.0, 'specificity': 0.6153846153846154, 'balanced_accuracy': 0.8076923076923077, 'f1': 0.6153846153846154, 'confusion_matrix': [[8, 5], [0, 4]], 'auc': 1.0, 'roc_curve': {'fpr': [0.0, 0.0, 0.0, 1.0], 'tpr': [0.0, 0.25, 1.0, 1.0]}}}",regnet_y_16gf_forniceal_palpebral_new_way,"[0.8243639132603496, 0.7656938595836665, 0.7373180880027563, 0.6982889528177223, 0.6869909220001325, 0.6771692017308709, 0.6021079344003379, 0.5991973471479352, 0.5463867710561169, 0.519179527451392, 0.5348874253480613, 0.5126377585388365, 0.5221265209775393, 0.5052880300145571, 0.4920361380593306, 0.48922598483611124, 0.4809052396793755, 0.4817931007365791, 0.49676780757449923, 0.46460070618155863, 0.4590166527397779, 0.4950606545217994, 0.46185087995464297]","[0.8754161596298218, 0.8539945483207703, 0.7561886310577393, 0.7131507992744446, 0.6864073872566223, 0.7409669756889343, 0.6823976635932922, 0.6555824875831604, 0.673451840877533, 0.6559150218963623, 0.65145343542099, 0.6516236066818237, 0.6548317670822144, 0.6520040035247803, 0.6490186452865601, 0.6479957103729248, 0.651185929775238, 0.6604541540145874, 0.6563716530799866, 0.685793936252594, 0.6524636149406433, 0.6565099358558655, 0.6664738059043884]","[{'accuracy': 0.45161290322580644, 'f1': 0.6222222222222222, 'sensitivity': 1.0, 'specificity': 0.0}, {'accuracy': 0.5483870967741935, 'f1': 0.0, 'sensitivity': 0.0, 'specificity': 1.0}, {'accuracy': 0.6129032258064516, 'f1': 0.7, 'sensitivity': 1.0, 'specificity': 0.29411764705882354}, {'accuracy': 0.6451612903225806, 'f1': 0.6206896551724138, 'sensitivity': 0.6428571428571429, 'specificity': 0.6470588235294118}, {'accuracy': 0.7096774193548387, 'f1': 0.6896551724137931, 'sensitivity': 0.7142857142857143, 'specificity': 0.7058823529411765}, {'accuracy': 0.5806451612903226, 'f1': 0.6829268292682927, 'sensitivity': 1.0, 'specificity': 0.23529411764705882}, {'accuracy': 0.6451612903225806, 'f1': 0.5217391304347826, 'sensitivity': 0.42857142857142855, 'specificity': 0.8235294117647058}, {'accuracy': 0.6774193548387096, 'f1': 0.7058823529411765, 'sensitivity': 0.8571428571428571, 'specificity': 0.5294117647058824}, {'accuracy': 0.6129032258064516, 'f1': 0.6666666666666666, 'sensitivity': 0.8571428571428571, 'specificity': 0.4117647058823529}, {'accuracy': 0.7096774193548387, 'f1': 0.6896551724137931, 'sensitivity': 0.7142857142857143, 'specificity': 0.7058823529411765}, {'accuracy': 0.6774193548387096, 'f1': 0.7058823529411765, 'sensitivity': 0.8571428571428571, 'specificity': 0.5294117647058824}, {'accuracy': 0.6774193548387096, 'f1': 0.7058823529411765, 'sensitivity': 0.8571428571428571, 'specificity': 0.5294117647058824}, {'accuracy': 0.6774193548387096, 'f1': 0.7058823529411765, 'sensitivity': 0.8571428571428571, 'specificity': 0.5294117647058824}, {'accuracy': 0.6451612903225806, 'f1': 0.6451612903225806, 'sensitivity': 0.7142857142857143, 'specificity': 0.5882352941176471}, {'accuracy': 0.6774193548387096, 'f1': 0.7058823529411765, 'sensitivity': 0.8571428571428571, 'specificity': 0.5294117647058824}, {'accuracy': 0.6774193548387096, 'f1': 0.7058823529411765, 'sensitivity': 0.8571428571428571, 'specificity': 0.5294117647058824}, {'accuracy': 0.6774193548387096, 'f1': 0.7058823529411765, 'sensitivity': 0.8571428571428571, 'specificity': 0.5294117647058824}, {'accuracy': 0.6774193548387096, 'f1': 0.7058823529411765, 'sensitivity': 0.8571428571428571, 'specificity': 0.5294117647058824}, {'accuracy': 0.6129032258064516, 'f1': 0.6, 'sensitivity': 0.6428571428571429, 'specificity': 0.5882352941176471}, {'accuracy': 0.6451612903225806, 'f1': 0.6857142857142857, 'sensitivity': 0.8571428571428571, 'specificity': 0.47058823529411764}, {'accuracy': 0.6774193548387096, 'f1': 0.7058823529411765, 'sensitivity': 0.8571428571428571, 'specificity': 0.5294117647058824}, {'accuracy': 0.6451612903225806, 'f1': 0.6451612903225806, 'sensitivity': 0.7142857142857143, 'specificity': 0.5882352941176471}, {'accuracy': 0.6774193548387096, 'f1': 0.7058823529411765, 'sensitivity': 0.8571428571428571, 'specificity': 0.5294117647058824}]",COMPLETE
