number,value,datetime_start,datetime_complete,duration,params_dropout_rate,params_learning_rate,params_weight_decay,user_attrs_best_val_metrics,user_attrs_model_name,user_attrs_train_loss_history,user_attrs_val_loss_history,user_attrs_val_overall_metrics_history,state
6,0.7222222222222222,2026-08-09 00:42:31.941217,2026-08-09 00:43:37.649404,0 days 00:01:05.708187,0.5,0.06264278041381323,1.5546306621573133e-05,"{'overall': {'n': 31, 'accuracy': 0.6774193548387096, 'precision': 0.5909090909090909, 'recall': 0.9285714285714286, 'sensitivity': 0.9285714285714286, 'specificity': 0.47058823529411764, 'balanced_accuracy': 0.6995798319327731, 'f1': 0.7222222222222222, 'confusion_matrix': [[8, 9], [1, 13]], 'auc': 0.8235294117647058, 'roc_curve': {'fpr': [0.0, 0.0, 0.0, 0.058823529411764705, 0.058823529411764705, 0.23529411764705882, 0.23529411764705882, 0.4117647058823529, 0.4117647058823529, 0.5294117647058824, 0.5294117647058824, 0.7058823529411765, 0.7058823529411765, 1.0], 'tpr': [0.0, 0.14285714285714285, 0.5714285714285714, 0.5714285714285714, 0.6428571428571429, 0.6428571428571429, 0.7142857142857143, 0.7142857142857143, 0.7857142857142857, 0.7857142857142857, 0.9285714285714286, 0.9285714285714286, 1.0, 1.0]}}, 'India': {'n': 14, 'accuracy': 0.7142857142857143, 'precision': 0.75, 'recall': 0.9, 'sensitivity': 0.9, 'specificity': 0.25, 'balanced_accuracy': 0.575, 'f1': 0.8181818181818182, 'confusion_matrix': [[1, 3], [1, 9]], 'auc': 0.7, 'roc_curve': {'fpr': [0.0, 0.0, 0.0, 0.25, 0.25, 0.75, 0.75, 1.0, 1.0], 'tpr': [0.0, 0.1, 0.5, 0.5, 0.7, 0.7, 0.9, 0.9, 1.0]}}, 'Italy': {'n': 17, 'accuracy': 0.6470588235294118, 'precision': 0.4, 'recall': 1.0, 'sensitivity': 1.0, 'specificity': 0.5384615384615384, 'balanced_accuracy': 0.7692307692307692, 'f1': 0.5714285714285714, 'confusion_matrix': [[7, 6], [0, 4]], 'auc': 1.0, 'roc_curve': {'fpr': [0.0, 0.0, 0.0, 1.0], 'tpr': [0.0, 0.5, 1.0, 1.0]}}}",regnet_y_16gf_forniceal_palpebral_new_way,"[12.604882013230096, 14.725987856079932, 6.58830383521359, 1.8299568822594727, 1.6115864215253972, 1.6518275433657121, 1.981016184196991, 1.1829085293270292, 1.5415696773399301, 0.8150737037261327, 1.754416105698566, 1.3477118161259865]","[27.079090118408203, 11.489748001098633, 1.4992748498916626, 4.067642688751221, 0.988569438457489, 1.983756184577942, 1.1445863246917725, 1.7169469594955444, 1.237707257270813, 2.37034273147583, 3.1252331733703613, 1.5338679552078247]","[{'accuracy': 0.45161290322580644, 'f1': 0.6222222222222222, 'sensitivity': 1.0, 'specificity': 0.0}, {'accuracy': 0.5483870967741935, 'f1': 0.0, 'sensitivity': 0.0, 'specificity': 1.0}, {'accuracy': 0.6451612903225806, 'f1': 0.717948717948718, 'sensitivity': 1.0, 'specificity': 0.35294117647058826}, {'accuracy': 0.5161290322580645, 'f1': 0.6511627906976745, 'sensitivity': 1.0, 'specificity': 0.11764705882352941}, {'accuracy': 0.7419354838709677, 'f1': 0.6923076923076923, 'sensitivity': 0.6428571428571429, 'specificity': 0.8235294117647058}, {'accuracy': 0.6774193548387096, 'f1': 0.5, 'sensitivity': 0.35714285714285715, 'specificity': 0.9411764705882353}, {'accuracy': 0.6129032258064516, 'f1': 0.6470588235294118, 'sensitivity': 0.7857142857142857, 'specificity': 0.47058823529411764}, {'accuracy': 0.6774193548387096, 'f1': 0.7222222222222222, 'sensitivity': 0.9285714285714286, 'specificity': 0.47058823529411764}, {'accuracy': 0.6451612903225806, 'f1': 0.6857142857142857, 'sensitivity': 0.8571428571428571, 'specificity': 0.47058823529411764}, {'accuracy': 0.6774193548387096, 'f1': 0.4444444444444444, 'sensitivity': 0.2857142857142857, 'specificity': 1.0}, {'accuracy': 0.5806451612903226, 'f1': 0.6666666666666666, 'sensitivity': 0.9285714285714286, 'specificity': 0.29411764705882354}, {'accuracy': 0.6451612903225806, 'f1': 0.6857142857142857, 'sensitivity': 0.8571428571428571, 'specificity': 0.47058823529411764}]",COMPLETE
