number,value,datetime_start,datetime_complete,duration,params_dropout_rate,params_learning_rate,params_weight_decay,user_attrs_best_val_metrics,user_attrs_model_name,user_attrs_train_loss_history,user_attrs_val_loss_history,user_attrs_val_overall_metrics_history,state
8,0.7368421052631579,2026-08-09 00:54:29.072129,2026-08-09 00:55:34.821767,0 days 00:01:05.749638,0.2,0.008533716477932937,1.217404417807552e-06,"{'overall': {'n': 31, 'accuracy': 0.6774193548387096, 'precision': 0.5833333333333334, 'recall': 1.0, 'sensitivity': 1.0, 'specificity': 0.4117647058823529, 'balanced_accuracy': 0.7058823529411764, 'f1': 0.7368421052631579, 'confusion_matrix': [[7, 10], [0, 14]], 'auc': 0.7773109243697478, 'roc_curve': {'fpr': [0.0, 0.0, 0.0, 0.29411764705882354, 0.29411764705882354, 0.4117647058823529, 0.4117647058823529, 0.5294117647058824, 0.5294117647058824, 0.5882352941176471, 0.5882352941176471, 1.0], 'tpr': [0.0, 0.07142857142857142, 0.5, 0.5, 0.6428571428571429, 0.6428571428571429, 0.7857142857142857, 0.7857142857142857, 0.8571428571428571, 0.8571428571428571, 1.0, 1.0]}}, 'India': {'n': 14, 'accuracy': 0.7142857142857143, 'precision': 0.7142857142857143, 'recall': 1.0, 'sensitivity': 1.0, 'specificity': 0.0, 'balanced_accuracy': 0.5, 'f1': 0.8333333333333334, 'confusion_matrix': [[0, 4], [0, 10]], 'auc': 0.47500000000000003, 'roc_curve': {'fpr': [0.0, 0.0, 0.0, 0.75, 0.75, 1.0, 1.0], 'tpr': [0.0, 0.1, 0.4, 0.4, 0.7, 0.7, 1.0]}}, 'Italy': {'n': 17, 'accuracy': 0.6470588235294118, 'precision': 0.4, 'recall': 1.0, 'sensitivity': 1.0, 'specificity': 0.5384615384615384, 'balanced_accuracy': 0.7692307692307692, 'f1': 0.5714285714285714, 'confusion_matrix': [[7, 6], [0, 4]], 'auc': 0.9230769230769231, 'roc_curve': {'fpr': [0.0, 0.0, 0.0, 0.3076923076923077, 0.3076923076923077, 1.0], 'tpr': [0.0, 0.25, 0.75, 0.75, 1.0, 1.0]}}}",regnet_y_16gf_forniceal_palpebral_new_way,"[1.3121966314153606, 0.6585699129266803, 0.6840396537667229, 0.5533435271710766, 0.4845347173359929, 0.4680017691080262, 0.5918333875078733, 0.4028747572379858, 0.3791688429255064, 0.42616089874384355, 0.6158328757805078, 0.4789568921741174]","[0.7467724084854126, 0.9170737862586975, 0.791552722454071, 0.6753048896789551, 0.620390772819519, 0.7486966252326965, 0.7455509305000305, 0.6283841729164124, 0.6618977189064026, 0.8877999782562256, 0.7354962825775146, 0.7980296611785889]","[{'accuracy': 0.6129032258064516, 'f1': 0.6842105263157895, 'sensitivity': 0.9285714285714286, 'specificity': 0.35294117647058826}, {'accuracy': 0.5806451612903226, 'f1': 0.13333333333333333, 'sensitivity': 0.07142857142857142, 'specificity': 1.0}, {'accuracy': 0.6774193548387096, 'f1': 0.4444444444444444, 'sensitivity': 0.2857142857142857, 'specificity': 1.0}, {'accuracy': 0.6774193548387096, 'f1': 0.7368421052631579, 'sensitivity': 1.0, 'specificity': 0.4117647058823529}, {'accuracy': 0.6774193548387096, 'f1': 0.6875, 'sensitivity': 0.7857142857142857, 'specificity': 0.5882352941176471}, {'accuracy': 0.6451612903225806, 'f1': 0.47619047619047616, 'sensitivity': 0.35714285714285715, 'specificity': 0.8823529411764706}, {'accuracy': 0.6451612903225806, 'f1': 0.7027027027027027, 'sensitivity': 0.9285714285714286, 'specificity': 0.4117647058823529}, {'accuracy': 0.7096774193548387, 'f1': 0.7272727272727273, 'sensitivity': 0.8571428571428571, 'specificity': 0.5882352941176471}, {'accuracy': 0.6774193548387096, 'f1': 0.7058823529411765, 'sensitivity': 0.8571428571428571, 'specificity': 0.5294117647058824}, {'accuracy': 0.7096774193548387, 'f1': 0.5263157894736842, 'sensitivity': 0.35714285714285715, 'specificity': 1.0}, {'accuracy': 0.6451612903225806, 'f1': 0.47619047619047616, 'sensitivity': 0.35714285714285715, 'specificity': 0.8823529411764706}, {'accuracy': 0.5806451612903226, 'f1': 0.6486486486486487, 'sensitivity': 0.8571428571428571, 'specificity': 0.35294117647058826}]",COMPLETE
9,0.7272727272727273,2026-08-09 00:55:34.822207,2026-08-09 01:00:47.208607,0 days 00:05:12.386400,0.5,0.0007203821205189781,0.00011593170353494808,"{'overall': {'n': 31, 'accuracy': 0.7096774193548387, 'precision': 0.631578947368421, 'recall': 0.8571428571428571, 'sensitivity': 0.8571428571428571, 'specificity': 0.5882352941176471, 'balanced_accuracy': 0.7226890756302521, 'f1': 0.7272727272727273, 'confusion_matrix': [[10, 7], [2, 12]], 'auc': 0.7815126050420168, 'roc_curve': {'fpr': [0.0, 0.0, 0.0, 0.11764705882352941, 0.11764705882352941, 0.29411764705882354, 0.29411764705882354, 0.35294117647058826, 0.35294117647058826, 0.4117647058823529, 0.4117647058823529, 0.6470588235294118, 0.6470588235294118, 0.7058823529411765, 0.7058823529411765, 1.0], 'tpr': [0.0, 0.07142857142857142, 0.42857142857142855, 0.42857142857142855, 0.5714285714285714, 0.5714285714285714, 0.6428571428571429, 0.6428571428571429, 0.7142857142857143, 0.7142857142857143, 0.8571428571428571, 0.8571428571428571, 0.9285714285714286, 0.9285714285714286, 1.0, 1.0]}}, 'India': {'n': 14, 'accuracy': 0.7142857142857143, 'precision': 0.8, 'recall': 0.8, 'sensitivity': 0.8, 'specificity': 0.5, 'balanced_accuracy': 0.65, 'f1': 0.8, 'confusion_matrix': [[2, 2], [2, 8]], 'auc': 0.575, 'roc_curve': {'fpr': [0.0, 0.0, 0.0, 0.25, 0.25, 0.5, 0.5, 1.0, 1.0], 'tpr': [0.0, 0.1, 0.3, 0.3, 0.4, 0.4, 0.8, 0.8, 1.0]}}, 'Italy': {'n': 17, 'accuracy': 0.7058823529411765, 'precision': 0.4444444444444444, 'recall': 1.0, 'sensitivity': 1.0, 'specificity': 0.6153846153846154, 'balanced_accuracy': 0.8076923076923077, 'f1': 0.6153846153846154, 'confusion_matrix': [[8, 5], [0, 4]], 'auc': 0.9807692307692308, 'roc_curve': {'fpr': [0.0, 0.0, 0.0, 0.07692307692307693, 0.07692307692307693, 1.0], 'tpr': [0.0, 0.25, 0.75, 0.75, 1.0, 1.0]}}}",regnet_y_16gf_forniceal_palpebral_new_way,"[0.8286427441908388, 0.8189801330469093, 0.7738012371420049, 0.7423158807008445, 0.7138489590210169, 0.6886671063851337, 0.6901377054298816, 0.6445123678972932, 0.6558675352407961, 0.6533837590087839, 0.6325682677379271, 0.5776726465646912, 0.6123564425779848, 0.6007368670028894, 0.5803038202175478, 0.5776732608574588, 0.573121557835819, 0.5415927861012569, 0.5551004600362713, 0.5395654281791376, 0.531038628548992, 0.5428622989427476, 0.5316768718414566, 0.5319147138368516, 0.527623942717403, 0.5177102539004111, 0.5046504776494033, 0.5234977454960752, 0.49287127982191486, 0.5107115430085838, 0.4733702718806105, 0.48790249289298543, 0.4949828864765816, 0.4646400711974319, 0.4671577572011623, 0.5073536837182078, 0.5000193042009056, 0.46385507437647605, 0.4570271897883642, 0.5105664762509924, 0.491107752533997, 0.4301108588166788, 0.4619677946681068, 0.47780003251672604, 0.43927768663484223, 0.43104510972289, 0.455356378336342, 0.460156435869178, 0.4006497523411602, 0.42409251539074644, 0.43965944424778425, 0.44307121938588667, 0.470526698495255, 0.4201959083680393, 0.4362335691646654, 0.4724572434717295, 0.4333228337115982, 0.4112937006415153]","[0.8475367426872253, 0.8004952073097229, 0.7641459107398987, 0.7474416494369507, 0.7311541438102722, 0.7168222069740295, 0.7074416279792786, 0.710423469543457, 0.7043353319168091, 0.7104009389877319, 0.7014608979225159, 0.698095977306366, 0.6955248713493347, 0.6936308145523071, 0.6883260011672974, 0.6805163621902466, 0.6801708340644836, 0.678510308265686, 0.670183002948761, 0.6705672740936279, 0.6719613075256348, 0.6772769093513489, 0.6668018102645874, 0.6672249436378479, 0.6650146842002869, 0.6639450788497925, 0.6608023047447205, 0.6594568490982056, 0.6568502187728882, 0.6552121639251709, 0.6589439511299133, 0.6511620283126831, 0.652964174747467, 0.6545812487602234, 0.6535906195640564, 0.6479567289352417, 0.6649952530860901, 0.6470800638198853, 0.668845534324646, 0.6498334407806396, 0.6617206335067749, 0.6426094770431519, 0.6515141725540161, 0.6420918703079224, 0.6512244939804077, 0.6397443413734436, 0.6397535800933838, 0.637053906917572, 0.6365700960159302, 0.6355459094047546, 0.6334807276725769, 0.634966254234314, 0.642084002494812, 0.641907811164856, 0.634572446346283, 0.6371288895606995, 0.6355651021003723, 0.636756420135498]","[{'accuracy': 0.5483870967741935, 'f1': 0.0, 'sensitivity': 0.0, 'specificity': 1.0}, {'accuracy': 0.5483870967741935, 'f1': 0.0, 'sensitivity': 0.0, 'specificity': 1.0}, {'accuracy': 0.5161290322580645, 'f1': 0.6511627906976745, 'sensitivity': 1.0, 'specificity': 0.11764705882352941}, {'accuracy': 0.7419354838709677, 'f1': 0.6363636363636364, 'sensitivity': 0.5, 'specificity': 0.9411764705882353}, {'accuracy': 0.7096774193548387, 'f1': 0.64, 'sensitivity': 0.5714285714285714, 'specificity': 0.8235294117647058}, {'accuracy': 0.6129032258064516, 'f1': 0.6666666666666666, 'sensitivity': 0.8571428571428571, 'specificity': 0.4117647058823529}, {'accuracy': 0.6451612903225806, 'f1': 0.6857142857142857, 'sensitivity': 0.8571428571428571, 'specificity': 0.47058823529411764}, {'accuracy': 0.6451612903225806, 'f1': 0.5925925925925926, 'sensitivity': 0.5714285714285714, 'specificity': 0.7058823529411765}, {'accuracy': 0.6774193548387096, 'f1': 0.7058823529411765, 'sensitivity': 0.8571428571428571, 'specificity': 0.5294117647058824}, {'accuracy': 0.5806451612903226, 'f1': 0.6486486486486487, 'sensitivity': 0.8571428571428571, 'specificity': 0.35294117647058826}, {'accuracy': 0.6774193548387096, 'f1': 0.6875, 'sensitivity': 0.7857142857142857, 'specificity': 0.5882352941176471}, {'accuracy': 0.6774193548387096, 'f1': 0.7058823529411765, 'sensitivity': 0.8571428571428571, 'specificity': 0.5294117647058824}, {'accuracy': 0.6774193548387096, 'f1': 0.7058823529411765, 'sensitivity': 0.8571428571428571, 'specificity': 0.5294117647058824}, {'accuracy': 0.6774193548387096, 'f1': 0.6666666666666666, 'sensitivity': 0.7142857142857143, 'specificity': 0.6470588235294118}, {'accuracy': 0.6451612903225806, 'f1': 0.6857142857142857, 'sensitivity': 0.8571428571428571, 'specificity': 0.47058823529411764}, {'accuracy': 0.6774193548387096, 'f1': 0.7058823529411765, 'sensitivity': 0.8571428571428571, 'specificity': 0.5294117647058824}, {'accuracy': 0.6451612903225806, 'f1': 0.6451612903225806, 'sensitivity': 0.7142857142857143, 'specificity': 0.5882352941176471}, {'accuracy': 0.6774193548387096, 'f1': 0.7058823529411765, 'sensitivity': 0.8571428571428571, 'specificity': 0.5294117647058824}, {'accuracy': 0.6774193548387096, 'f1': 0.7058823529411765, 'sensitivity': 0.8571428571428571, 'specificity': 0.5294117647058824}, {'accuracy': 0.6774193548387096, 'f1': 0.6666666666666666, 'sensitivity': 0.7142857142857143, 'specificity': 0.6470588235294118}, {'accuracy': 0.6774193548387096, 'f1': 0.7058823529411765, 'sensitivity': 0.8571428571428571, 'specificity': 0.5294117647058824}, {'accuracy': 0.6451612903225806, 'f1': 0.6857142857142857, 'sensitivity': 0.8571428571428571, 'specificity': 0.47058823529411764}, {'accuracy': 0.6774193548387096, 'f1': 0.7058823529411765, 'sensitivity': 0.8571428571428571, 'specificity': 0.5294117647058824}, {'accuracy': 0.6774193548387096, 'f1': 0.6875, 'sensitivity': 0.7857142857142857, 'specificity': 0.5882352941176471}, {'accuracy': 0.6774193548387096, 'f1': 0.7058823529411765, 'sensitivity': 0.8571428571428571, 'specificity': 0.5294117647058824}, {'accuracy': 0.6774193548387096, 'f1': 0.7058823529411765, 'sensitivity': 0.8571428571428571, 'specificity': 0.5294117647058824}, {'accuracy': 0.6774193548387096, 'f1': 0.7058823529411765, 'sensitivity': 0.8571428571428571, 'specificity': 0.5294117647058824}, {'accuracy': 0.6774193548387096, 'f1': 0.7058823529411765, 'sensitivity': 0.8571428571428571, 'specificity': 0.5294117647058824}, {'accuracy': 0.6774193548387096, 'f1': 0.7058823529411765, 'sensitivity': 0.8571428571428571, 'specificity': 0.5294117647058824}, {'accuracy': 0.6774193548387096, 'f1': 0.7058823529411765, 'sensitivity': 0.8571428571428571, 'specificity': 0.5294117647058824}, {'accuracy': 0.6774193548387096, 'f1': 0.7058823529411765, 'sensitivity': 0.8571428571428571, 'specificity': 0.5294117647058824}, {'accuracy': 0.6774193548387096, 'f1': 0.7058823529411765, 'sensitivity': 0.8571428571428571, 'specificity': 0.5294117647058824}, {'accuracy': 0.6774193548387096, 'f1': 0.7058823529411765, 'sensitivity': 0.8571428571428571, 'specificity': 0.5294117647058824}, {'accuracy': 0.6774193548387096, 'f1': 0.7058823529411765, 'sensitivity': 0.8571428571428571, 'specificity': 0.5294117647058824}, {'accuracy': 0.6774193548387096, 'f1': 0.6666666666666666, 'sensitivity': 0.7142857142857143, 'specificity': 0.6470588235294118}, {'accuracy': 0.6774193548387096, 'f1': 0.7058823529411765, 'sensitivity': 0.8571428571428571, 'specificity': 0.5294117647058824}, {'accuracy': 0.6451612903225806, 'f1': 0.6857142857142857, 'sensitivity': 0.8571428571428571, 'specificity': 0.47058823529411764}, {'accuracy': 0.6774193548387096, 'f1': 0.7058823529411765, 'sensitivity': 0.8571428571428571, 'specificity': 0.5294117647058824}, {'accuracy': 0.6774193548387096, 'f1': 0.5833333333333334, 'sensitivity': 0.5, 'specificity': 0.8235294117647058}, {'accuracy': 0.6774193548387096, 'f1': 0.7058823529411765, 'sensitivity': 0.8571428571428571, 'specificity': 0.5294117647058824}, {'accuracy': 0.6451612903225806, 'f1': 0.6857142857142857, 'sensitivity': 0.8571428571428571, 'specificity': 0.47058823529411764}, {'accuracy': 0.6774193548387096, 'f1': 0.7058823529411765, 'sensitivity': 0.8571428571428571, 'specificity': 0.5294117647058824}, {'accuracy': 0.6774193548387096, 'f1': 0.6666666666666666, 'sensitivity': 0.7142857142857143, 'specificity': 0.6470588235294118}, {'accuracy': 0.6774193548387096, 'f1': 0.7058823529411765, 'sensitivity': 0.8571428571428571, 'specificity': 0.5294117647058824}, {'accuracy': 0.6774193548387096, 'f1': 0.7058823529411765, 'sensitivity': 0.8571428571428571, 'specificity': 0.5294117647058824}, {'accuracy': 0.6451612903225806, 'f1': 0.6666666666666666, 'sensitivity': 0.7857142857142857, 'specificity': 0.5294117647058824}, {'accuracy': 0.6774193548387096, 'f1': 0.6875, 'sensitivity': 0.7857142857142857, 'specificity': 0.5882352941176471}, {'accuracy': 0.6451612903225806, 'f1': 0.6666666666666666, 'sensitivity': 0.7857142857142857, 'specificity': 0.5294117647058824}, {'accuracy': 0.6774193548387096, 'f1': 0.7058823529411765, 'sensitivity': 0.8571428571428571, 'specificity': 0.5294117647058824}, {'accuracy': 0.6774193548387096, 'f1': 0.7058823529411765, 'sensitivity': 0.8571428571428571, 'specificity': 0.5294117647058824}, {'accuracy': 0.6774193548387096, 'f1': 0.7058823529411765, 'sensitivity': 0.8571428571428571, 'specificity': 0.5294117647058824}, {'accuracy': 0.6774193548387096, 'f1': 0.7058823529411765, 'sensitivity': 0.8571428571428571, 'specificity': 0.5294117647058824}, {'accuracy': 0.6774193548387096, 'f1': 0.6875, 'sensitivity': 0.7857142857142857, 'specificity': 0.5882352941176471}, {'accuracy': 0.6774193548387096, 'f1': 0.7058823529411765, 'sensitivity': 0.8571428571428571, 'specificity': 0.5294117647058824}, {'accuracy': 0.6774193548387096, 'f1': 0.7058823529411765, 'sensitivity': 0.8571428571428571, 'specificity': 0.5294117647058824}, {'accuracy': 0.6774193548387096, 'f1': 0.7058823529411765, 'sensitivity': 0.8571428571428571, 'specificity': 0.5294117647058824}, {'accuracy': 0.6774193548387096, 'f1': 0.7058823529411765, 'sensitivity': 0.8571428571428571, 'specificity': 0.5294117647058824}, {'accuracy': 0.7096774193548387, 'f1': 0.7272727272727273, 'sensitivity': 0.8571428571428571, 'specificity': 0.5882352941176471}]",COMPLETE
10,0.7272727272727273,2026-08-09 01:00:47.208982,2026-08-09 01:02:03.663348,0 days 00:01:16.454366,0.2,0.004221329465508775,1.581984852187916e-05,"{'overall': {'n': 31, 'accuracy': 0.7096774193548387, 'precision': 0.631578947368421, 'recall': 0.8571428571428571, 'sensitivity': 0.8571428571428571, 'specificity': 0.5882352941176471, 'balanced_accuracy': 0.7226890756302521, 'f1': 0.7272727272727273, 'confusion_matrix': [[10, 7], [2, 12]], 'auc': 0.7941176470588235, 'roc_curve': {'fpr': [0.0, 0.0, 0.0, 0.058823529411764705, 0.058823529411764705, 0.11764705882352941, 0.11764705882352941, 0.23529411764705882, 0.23529411764705882, 0.29411764705882354, 0.29411764705882354, 0.4117647058823529, 0.4117647058823529, 0.6470588235294118, 0.6470588235294118, 0.7058823529411765, 0.7058823529411765, 1.0], 'tpr': [0.0, 0.07142857142857142, 0.35714285714285715, 0.35714285714285715, 0.42857142857142855, 0.42857142857142855, 0.5714285714285714, 0.5714285714285714, 0.6428571428571429, 0.6428571428571429, 0.7857142857142857, 0.7857142857142857, 0.8571428571428571, 0.8571428571428571, 0.9285714285714286, 0.9285714285714286, 1.0, 1.0]}}, 'India': {'n': 14, 'accuracy': 0.6428571428571429, 'precision': 0.7272727272727273, 'recall': 0.8, 'sensitivity': 0.8, 'specificity': 0.25, 'balanced_accuracy': 0.525, 'f1': 0.7619047619047619, 'confusion_matrix': [[1, 3], [2, 8]], 'auc': 0.6000000000000001, 'roc_curve': {'fpr': [0.0, 0.0, 0.0, 0.25, 0.25, 0.75, 0.75, 1.0, 1.0], 'tpr': [0.0, 0.1, 0.2, 0.2, 0.7, 0.7, 0.8, 0.8, 1.0]}}, 'Italy': {'n': 17, 'accuracy': 0.7647058823529411, 'precision': 0.5, 'recall': 1.0, 'sensitivity': 1.0, 'specificity': 0.6923076923076923, 'balanced_accuracy': 0.8461538461538461, 'f1': 0.6666666666666666, 'confusion_matrix': [[9, 4], [0, 4]], 'auc': 1.0, 'roc_curve': {'fpr': [0.0, 0.0, 0.0, 1.0], 'tpr': [0.0, 0.25, 1.0, 1.0]}}}",regnet_y_16gf_forniceal_palpebral_new_way,"[0.9357825716336569, 0.6907643152742969, 0.7554325193774943, 0.6348334388668034, 0.6532068053881327, 0.5544444176615501, 0.5033853877158392, 0.5112767710166723, 0.499139691696686, 0.46423914116256093, 0.41865399216308075, 0.44458229201180594, 0.4611516826006831, 0.4506495361830912]","[0.7834672331809998, 0.845058798789978, 0.9268528819084167, 0.9821588397026062, 0.6982325911521912, 0.6613430976867676, 0.6284626126289368, 0.6418184041976929, 0.6377314925193787, 0.6438381671905518, 0.6517927050590515, 0.7048090100288391, 0.6450734734535217, 0.6608417630195618]","[{'accuracy': 0.5483870967741935, 'f1': 0.65, 'sensitivity': 0.9285714285714286, 'specificity': 0.23529411764705882}, {'accuracy': 0.45161290322580644, 'f1': 0.6222222222222222, 'sensitivity': 1.0, 'specificity': 0.0}, {'accuracy': 0.5483870967741935, 'f1': 0.0, 'sensitivity': 0.0, 'specificity': 1.0}, {'accuracy': 0.4838709677419355, 'f1': 0.6363636363636364, 'sensitivity': 1.0, 'specificity': 0.058823529411764705}, {'accuracy': 0.6451612903225806, 'f1': 0.47619047619047616, 'sensitivity': 0.35714285714285715, 'specificity': 0.8823529411764706}, {'accuracy': 0.6451612903225806, 'f1': 0.6857142857142857, 'sensitivity': 0.8571428571428571, 'specificity': 0.47058823529411764}, {'accuracy': 0.7096774193548387, 'f1': 0.7096774193548387, 'sensitivity': 0.7857142857142857, 'specificity': 0.6470588235294118}, {'accuracy': 0.6451612903225806, 'f1': 0.6857142857142857, 'sensitivity': 0.8571428571428571, 'specificity': 0.47058823529411764}, {'accuracy': 0.6774193548387096, 'f1': 0.6875, 'sensitivity': 0.7857142857142857, 'specificity': 0.5882352941176471}, {'accuracy': 0.7096774193548387, 'f1': 0.7272727272727273, 'sensitivity': 0.8571428571428571, 'specificity': 0.5882352941176471}, {'accuracy': 0.6774193548387096, 'f1': 0.6875, 'sensitivity': 0.7857142857142857, 'specificity': 0.5882352941176471}, {'accuracy': 0.6451612903225806, 'f1': 0.6857142857142857, 'sensitivity': 0.8571428571428571, 'specificity': 0.47058823529411764}, {'accuracy': 0.6774193548387096, 'f1': 0.6875, 'sensitivity': 0.7857142857142857, 'specificity': 0.5882352941176471}, {'accuracy': 0.7096774193548387, 'f1': 0.6896551724137931, 'sensitivity': 0.7142857142857143, 'specificity': 0.7058823529411765}]",COMPLETE
