number,value,datetime_start,datetime_complete,duration,params_dropout_rate,params_learning_rate,params_weight_decay,user_attrs_best_val_metrics,user_attrs_model_name,user_attrs_train_loss_history,user_attrs_val_loss_history,user_attrs_val_overall_metrics_history,state
2,0.8125,2026-07-29 12:43:26.003028,2026-07-29 12:45:07.088415,0 days 00:01:41.085387,0.5,0.006358358856676255,0.000133112160807369,"{'overall': {'n': 33, 'accuracy': 0.8181818181818182, 'precision': 0.7222222222222222, 'recall': 0.9285714285714286, 'sensitivity': 0.9285714285714286, 'specificity': 0.7368421052631579, 'balanced_accuracy': 0.8327067669172932, 'f1': 0.8125, 'confusion_matrix': [[14, 5], [1, 13]], 'auc': 0.8721804511278195, 'roc_curve': {'fpr': [0.0, 0.0, 0.0, 0.05263157894736842, 0.05263157894736842, 0.10526315789473684, 0.10526315789473684, 0.21052631578947367, 0.21052631578947367, 0.3684210526315789, 0.3684210526315789, 1.0], 'tpr': [0.0, 0.07142857142857142, 0.35714285714285715, 0.35714285714285715, 0.42857142857142855, 0.42857142857142855, 0.5, 0.5, 0.9285714285714286, 0.9285714285714286, 1.0, 1.0]}}, 'India': {'n': 14, 'accuracy': 0.8571428571428571, 'precision': 0.9, 'recall': 0.9, 'sensitivity': 0.9, 'specificity': 0.75, 'balanced_accuracy': 0.825, 'f1': 0.9, 'confusion_matrix': [[3, 1], [1, 9]], 'auc': 0.8, 'roc_curve': {'fpr': [0.0, 0.0, 0.0, 0.25, 0.25, 0.5, 0.5, 1.0], 'tpr': [0.0, 0.1, 0.3, 0.3, 0.9, 0.9, 1.0, 1.0]}}, 'Italy': {'n': 19, 'accuracy': 0.7894736842105263, 'precision': 0.5, 'recall': 1.0, 'sensitivity': 1.0, 'specificity': 0.7333333333333333, 'balanced_accuracy': 0.8666666666666667, 'f1': 0.6666666666666666, 'confusion_matrix': [[11, 4], [0, 4]], 'auc': 0.9666666666666667, 'roc_curve': {'fpr': [0.0, 0.0, 0.0, 0.13333333333333333, 0.13333333333333333, 1.0], 'tpr': [0.0, 0.25, 0.75, 0.75, 1.0, 1.0]}}}",vit_b_16_palpebral_v2,"[0.844294100407733, 0.5600296132611913, 0.5548425839831498, 0.49601283708945015, 0.4861654635296752, 0.5173766159063933, 0.4401431849460728, 0.49012406377602885, 0.4844528450476413, 0.44804231141576706, 0.4327599283875219, 0.4405797194960891, 0.44162721270757005, 0.39326371321615006, 0.42015169807617236, 0.43888486082980177, 0.3900536231647264, 0.3749212728233527, 0.43772700764485545]","[0.5472108775919134, 0.5451627283385305, 0.5502362901514227, 0.5138201569065903, 0.53319636258212, 0.47036012736233795, 0.5012558807026256, 0.4872500173973315, 0.4886706092140891, 0.5036403482610529, 0.5346198948946866, 0.4587687579068271, 0.5937083200974898, 0.4694225715868401, 0.5886161182865952, 0.4693364374565356, 0.4940008250149814, 0.5263959566752116, 0.5559218435576467]","[{'accuracy': 0.7878787878787878, 'f1': 0.7586206896551724, 'sensitivity': 0.7857142857142857, 'specificity': 0.7894736842105263}, {'accuracy': 0.7878787878787878, 'f1': 0.7586206896551724, 'sensitivity': 0.7857142857142857, 'specificity': 0.7894736842105263}, {'accuracy': 0.7575757575757576, 'f1': 0.7142857142857143, 'sensitivity': 0.7142857142857143, 'specificity': 0.7894736842105263}, {'accuracy': 0.7575757575757576, 'f1': 0.7647058823529411, 'sensitivity': 0.9285714285714286, 'specificity': 0.631578947368421}, {'accuracy': 0.7575757575757576, 'f1': 0.7777777777777778, 'sensitivity': 1.0, 'specificity': 0.5789473684210527}, {'accuracy': 0.8181818181818182, 'f1': 0.8125, 'sensitivity': 0.9285714285714286, 'specificity': 0.7368421052631579}, {'accuracy': 0.7575757575757576, 'f1': 0.7647058823529411, 'sensitivity': 0.9285714285714286, 'specificity': 0.631578947368421}, {'accuracy': 0.7575757575757576, 'f1': 0.7777777777777778, 'sensitivity': 1.0, 'specificity': 0.5789473684210527}, {'accuracy': 0.7878787878787878, 'f1': 0.7878787878787878, 'sensitivity': 0.9285714285714286, 'specificity': 0.6842105263157895}, {'accuracy': 0.8181818181818182, 'f1': 0.8, 'sensitivity': 0.8571428571428571, 'specificity': 0.7894736842105263}, {'accuracy': 0.7575757575757576, 'f1': 0.7777777777777778, 'sensitivity': 1.0, 'specificity': 0.5789473684210527}, {'accuracy': 0.7575757575757576, 'f1': 0.7142857142857143, 'sensitivity': 0.7142857142857143, 'specificity': 0.7894736842105263}, {'accuracy': 0.7575757575757576, 'f1': 0.7777777777777778, 'sensitivity': 1.0, 'specificity': 0.5789473684210527}, {'accuracy': 0.8181818181818182, 'f1': 0.8, 'sensitivity': 0.8571428571428571, 'specificity': 0.7894736842105263}, {'accuracy': 0.7575757575757576, 'f1': 0.7777777777777778, 'sensitivity': 1.0, 'specificity': 0.5789473684210527}, {'accuracy': 0.7575757575757576, 'f1': 0.75, 'sensitivity': 0.8571428571428571, 'specificity': 0.6842105263157895}, {'accuracy': 0.7575757575757576, 'f1': 0.75, 'sensitivity': 0.8571428571428571, 'specificity': 0.6842105263157895}, {'accuracy': 0.7272727272727273, 'f1': 0.7272727272727273, 'sensitivity': 0.8571428571428571, 'specificity': 0.631578947368421}, {'accuracy': 0.7272727272727273, 'f1': 0.7272727272727273, 'sensitivity': 0.8571428571428571, 'specificity': 0.631578947368421}]",COMPLETE
3,0.8275862068965517,2026-07-29 12:45:07.088721,2026-07-29 12:45:50.179327,0 days 00:00:43.090606,0.5,0.03142880890840111,4.335281794951567e-06,"{'overall': {'n': 33, 'accuracy': 0.8484848484848485, 'precision': 0.8, 'recall': 0.8571428571428571, 'sensitivity': 0.8571428571428571, 'specificity': 0.8421052631578947, 'balanced_accuracy': 0.849624060150376, 'f1': 0.8275862068965517, 'confusion_matrix': [[16, 3], [2, 12]], 'auc': 0.8721804511278195, 'roc_curve': {'fpr': [0.0, 0.0, 0.0, 0.05263157894736842, 0.05263157894736842, 0.10526315789473684, 0.10526315789473684, 0.15789473684210525, 0.15789473684210525, 0.3157894736842105, 0.3157894736842105, 0.3684210526315789, 0.3684210526315789, 1.0], 'tpr': [0.0, 0.07142857142857142, 0.21428571428571427, 0.21428571428571427, 0.35714285714285715, 0.35714285714285715, 0.5, 0.5, 0.8571428571428571, 0.8571428571428571, 0.9285714285714286, 0.9285714285714286, 1.0, 1.0]}}, 'India': {'n': 14, 'accuracy': 0.8571428571428571, 'precision': 1.0, 'recall': 0.8, 'sensitivity': 0.8, 'specificity': 1.0, 'balanced_accuracy': 0.9, 'f1': 0.8888888888888888, 'confusion_matrix': [[4, 0], [2, 8]], 'auc': 0.925, 'roc_curve': {'fpr': [0.0, 0.0, 0.0, 0.25, 0.25, 0.5, 0.5, 1.0], 'tpr': [0.0, 0.1, 0.8, 0.8, 0.9, 0.9, 1.0, 1.0]}}, 'Italy': {'n': 19, 'accuracy': 0.8421052631578947, 'precision': 0.5714285714285714, 'recall': 1.0, 'sensitivity': 1.0, 'specificity': 0.8, 'balanced_accuracy': 0.9, 'f1': 0.7272727272727273, 'confusion_matrix': [[12, 3], [0, 4]], 'auc': 0.8666666666666667, 'roc_curve': {'fpr': [0.0, 0.06666666666666667, 0.06666666666666667, 0.2, 0.2, 1.0], 'tpr': [0.0, 0.0, 0.5, 0.5, 1.0, 1.0]}}}",vit_b_16_palpebral_v2,"[1.683243603501099, 0.8601367363077126, 1.132278756590079, 0.879299938913114, 0.7173978911330369, 0.6267171150801197, 0.9215013744025831, 0.5335367100917741]","[0.5136251594081069, 0.59330128178452, 0.6423241297403971, 1.412713065291896, 0.624267780419552, 0.6769105448867335, 0.5824811819827918, 0.7031484806176388]","[{'accuracy': 0.8484848484848485, 'f1': 0.8275862068965517, 'sensitivity': 0.8571428571428571, 'specificity': 0.8421052631578947}, {'accuracy': 0.7878787878787878, 'f1': 0.7586206896551724, 'sensitivity': 0.7857142857142857, 'specificity': 0.7894736842105263}, {'accuracy': 0.8181818181818182, 'f1': 0.8235294117647058, 'sensitivity': 1.0, 'specificity': 0.6842105263157895}, {'accuracy': 0.7272727272727273, 'f1': 0.7567567567567568, 'sensitivity': 1.0, 'specificity': 0.5263157894736842}, {'accuracy': 0.7575757575757576, 'f1': 0.75, 'sensitivity': 0.8571428571428571, 'specificity': 0.6842105263157895}, {'accuracy': 0.7575757575757576, 'f1': 0.75, 'sensitivity': 0.8571428571428571, 'specificity': 0.6842105263157895}, {'accuracy': 0.8181818181818182, 'f1': 0.8, 'sensitivity': 0.8571428571428571, 'specificity': 0.7894736842105263}, {'accuracy': 0.696969696969697, 'f1': 0.5833333333333334, 'sensitivity': 0.5, 'specificity': 0.8421052631578947}]",COMPLETE
4,0.8235294117647058,2026-07-29 12:45:50.179650,2026-07-29 12:48:23.883605,0 days 00:02:33.703955,0.2,0.0008179499475211679,3.752055855124284e-05,"{'overall': {'n': 33, 'accuracy': 0.8181818181818182, 'precision': 0.7, 'recall': 1.0, 'sensitivity': 1.0, 'specificity': 0.6842105263157895, 'balanced_accuracy': 0.8421052631578947, 'f1': 0.8235294117647058, 'confusion_matrix': [[13, 6], [0, 14]], 'auc': 0.8421052631578947, 'roc_curve': {'fpr': [0.0, 0.0, 0.0, 0.10526315789473684, 0.10526315789473684, 0.15789473684210525, 0.15789473684210525, 0.2631578947368421, 0.2631578947368421, 0.3157894736842105, 0.3157894736842105, 1.0], 'tpr': [0.0, 0.07142857142857142, 0.21428571428571427, 0.21428571428571427, 0.42857142857142855, 0.42857142857142855, 0.6428571428571429, 0.6428571428571429, 0.8571428571428571, 0.8571428571428571, 1.0, 1.0]}}, 'India': {'n': 14, 'accuracy': 0.8571428571428571, 'precision': 0.8333333333333334, 'recall': 1.0, 'sensitivity': 1.0, 'specificity': 0.5, 'balanced_accuracy': 0.75, 'f1': 0.9090909090909091, 'confusion_matrix': [[2, 2], [0, 10]], 'auc': 0.825, 'roc_curve': {'fpr': [0.0, 0.0, 0.0, 0.25, 0.25, 0.5, 0.5, 1.0], 'tpr': [0.0, 0.1, 0.5, 0.5, 0.8, 0.8, 1.0, 1.0]}}, 'Italy': {'n': 19, 'accuracy': 0.7894736842105263, 'precision': 0.5, 'recall': 1.0, 'sensitivity': 1.0, 'specificity': 0.7333333333333333, 'balanced_accuracy': 0.8666666666666667, 'f1': 0.6666666666666666, 'confusion_matrix': [[11, 4], [0, 4]], 'auc': 0.8833333333333334, 'roc_curve': {'fpr': [0.0, 0.0, 0.13333333333333333, 0.13333333333333333, 0.2, 0.2, 1.0], 'tpr': [0.0, 0.25, 0.25, 0.75, 0.75, 1.0, 1.0]}}}",vit_b_16_palpebral_v2,"[0.7564963485231463, 0.6989498248952903, 0.6333013342705783, 0.5972841810311703, 0.5945869611193803, 0.5463081148286529, 0.5494551895470019, 0.5389028866559464, 0.5342601488362875, 0.48852678797892385, 0.4825843983138634, 0.48510614234880106, 0.5060591547694427, 0.46380667121994573, 0.46003403924158864, 0.44735084622111543, 0.45409097991242314, 0.4445924632596654, 0.44797943266022283, 0.4454965234197528, 0.4341516696064677, 0.4245071299620812, 0.4332646261777309, 0.42900355471088397, 0.4084733783804028, 0.4274543286948804, 0.42893696068138476, 0.414557770980115, 0.40533067295882874]","[0.7224106282898874, 0.6730753418171045, 0.6329386884515936, 0.6096386584368619, 0.5912616108403062, 0.5756579204039141, 0.5705684676314845, 0.5707549109603419, 0.5557304801362933, 0.5456289378079501, 0.5405269752849232, 0.5289616584777832, 0.523490927436135, 0.522267551133127, 0.5129903229800138, 0.5122523235552239, 0.5190999941392378, 0.508314291636149, 0.5014996600873542, 0.4957100478085605, 0.48811453038995917, 0.482653791254217, 0.4929341330672755, 0.4851094664949359, 0.49039425271930115, 0.4865601062774658, 0.4908333619435628, 0.49185906757007947, 0.4841981223135283]","[{'accuracy': 0.6666666666666666, 'f1': 0.6206896551724138, 'sensitivity': 0.6428571428571429, 'specificity': 0.6842105263157895}, {'accuracy': 0.696969696969697, 'f1': 0.6666666666666666, 'sensitivity': 0.7142857142857143, 'specificity': 0.6842105263157895}, {'accuracy': 0.7272727272727273, 'f1': 0.7096774193548387, 'sensitivity': 0.7857142857142857, 'specificity': 0.6842105263157895}, {'accuracy': 0.7878787878787878, 'f1': 0.7586206896551724, 'sensitivity': 0.7857142857142857, 'specificity': 0.7894736842105263}, {'accuracy': 0.7272727272727273, 'f1': 0.7096774193548387, 'sensitivity': 0.7857142857142857, 'specificity': 0.6842105263157895}, {'accuracy': 0.7575757575757576, 'f1': 0.75, 'sensitivity': 0.8571428571428571, 'specificity': 0.6842105263157895}, {'accuracy': 0.7878787878787878, 'f1': 0.7586206896551724, 'sensitivity': 0.7857142857142857, 'specificity': 0.7894736842105263}, {'accuracy': 0.7878787878787878, 'f1': 0.8, 'sensitivity': 1.0, 'specificity': 0.631578947368421}, {'accuracy': 0.7575757575757576, 'f1': 0.7333333333333333, 'sensitivity': 0.7857142857142857, 'specificity': 0.7368421052631579}, {'accuracy': 0.7878787878787878, 'f1': 0.7741935483870968, 'sensitivity': 0.8571428571428571, 'specificity': 0.7368421052631579}, {'accuracy': 0.8181818181818182, 'f1': 0.8235294117647058, 'sensitivity': 1.0, 'specificity': 0.6842105263157895}, {'accuracy': 0.7878787878787878, 'f1': 0.7878787878787878, 'sensitivity': 0.9285714285714286, 'specificity': 0.6842105263157895}, {'accuracy': 0.7878787878787878, 'f1': 0.7878787878787878, 'sensitivity': 0.9285714285714286, 'specificity': 0.6842105263157895}, {'accuracy': 0.8181818181818182, 'f1': 0.8235294117647058, 'sensitivity': 1.0, 'specificity': 0.6842105263157895}, {'accuracy': 0.8181818181818182, 'f1': 0.8235294117647058, 'sensitivity': 1.0, 'specificity': 0.6842105263157895}, {'accuracy': 0.8181818181818182, 'f1': 0.8125, 'sensitivity': 0.9285714285714286, 'specificity': 0.7368421052631579}, {'accuracy': 0.7878787878787878, 'f1': 0.8, 'sensitivity': 1.0, 'specificity': 0.631578947368421}, {'accuracy': 0.8181818181818182, 'f1': 0.8235294117647058, 'sensitivity': 1.0, 'specificity': 0.6842105263157895}, {'accuracy': 0.8181818181818182, 'f1': 0.8125, 'sensitivity': 0.9285714285714286, 'specificity': 0.7368421052631579}, {'accuracy': 0.7878787878787878, 'f1': 0.8, 'sensitivity': 1.0, 'specificity': 0.631578947368421}, {'accuracy': 0.8181818181818182, 'f1': 0.8235294117647058, 'sensitivity': 1.0, 'specificity': 0.6842105263157895}, {'accuracy': 0.8181818181818182, 'f1': 0.8235294117647058, 'sensitivity': 1.0, 'specificity': 0.6842105263157895}, {'accuracy': 0.7878787878787878, 'f1': 0.8, 'sensitivity': 1.0, 'specificity': 0.631578947368421}, {'accuracy': 0.8181818181818182, 'f1': 0.8235294117647058, 'sensitivity': 1.0, 'specificity': 0.6842105263157895}, {'accuracy': 0.8181818181818182, 'f1': 0.8235294117647058, 'sensitivity': 1.0, 'specificity': 0.6842105263157895}, {'accuracy': 0.8181818181818182, 'f1': 0.8235294117647058, 'sensitivity': 1.0, 'specificity': 0.6842105263157895}, {'accuracy': 0.8181818181818182, 'f1': 0.8235294117647058, 'sensitivity': 1.0, 'specificity': 0.6842105263157895}, {'accuracy': 0.7878787878787878, 'f1': 0.8, 'sensitivity': 1.0, 'specificity': 0.631578947368421}, {'accuracy': 0.7878787878787878, 'f1': 0.8, 'sensitivity': 1.0, 'specificity': 0.631578947368421}]",COMPLETE
5,0.875,2026-07-29 12:48:23.883985,2026-07-29 12:50:58.454046,0 days 00:02:34.570061,0.5,0.006847920095574782,2.62108787826544e-06,"{'overall': {'n': 33, 'accuracy': 0.8787878787878788, 'precision': 0.7777777777777778, 'recall': 1.0, 'sensitivity': 1.0, 'specificity': 0.7894736842105263, 'balanced_accuracy': 0.8947368421052632, 'f1': 0.875, 'confusion_matrix': [[15, 4], [0, 14]], 'auc': 0.8571428571428572, 'roc_curve': {'fpr': [0.0, 0.0, 0.0, 0.05263157894736842, 0.05263157894736842, 0.15789473684210525, 0.15789473684210525, 0.21052631578947367, 0.21052631578947367, 1.0], 'tpr': [0.0, 0.07142857142857142, 0.14285714285714285, 0.14285714285714285, 0.21428571428571427, 0.21428571428571427, 0.7142857142857143, 0.7142857142857143, 1.0, 1.0]}}, 'India': {'n': 14, 'accuracy': 0.9285714285714286, 'precision': 0.9090909090909091, 'recall': 1.0, 'sensitivity': 1.0, 'specificity': 0.75, 'balanced_accuracy': 0.875, 'f1': 0.9523809523809523, 'confusion_matrix': [[3, 1], [0, 10]], 'auc': 0.9, 'roc_curve': {'fpr': [0.0, 0.0, 0.0, 0.25, 0.25, 1.0], 'tpr': [0.0, 0.1, 0.6, 0.6, 1.0, 1.0]}}, 'Italy': {'n': 19, 'accuracy': 0.8421052631578947, 'precision': 0.5714285714285714, 'recall': 1.0, 'sensitivity': 1.0, 'specificity': 0.8, 'balanced_accuracy': 0.9, 'f1': 0.7272727272727273, 'confusion_matrix': [[12, 3], [0, 4]], 'auc': 0.8, 'roc_curve': {'fpr': [0.0, 0.06666666666666667, 0.2, 0.2, 1.0], 'tpr': [0.0, 0.0, 0.0, 1.0, 1.0]}}}",vit_b_16_palpebral_v2,"[0.7940729416364076, 0.5610013296272581, 0.48525190452076744, 0.5176597983631867, 0.40474725361691405, 0.3905551607739057, 0.44544254569028385, 0.5321789079944029, 0.4360133804232869, 0.39107925242540853, 0.38086642571632434, 0.4900539450298082, 0.4054087343200153, 0.4373887821735925, 0.45401988992627884, 0.3996052112405663, 0.3953872232247662, 0.449821576969513, 0.37574629949418126, 0.38447881988342236, 0.5554343375149152, 0.5809492125416433, 0.40821334448279134, 0.3906560441516093, 0.3702007294293271, 0.43158058851759956, 0.4310102859474965, 0.4700170802754282, 0.42877932929045315]","[0.5327604178226355, 0.5514334042867025, 0.5416369582667495, 0.5970848184643369, 0.5319179188121449, 0.6953007307919589, 0.6556477835684111, 0.7254034389149059, 0.4489631652832031, 0.4672662272597804, 0.48167207024314185, 0.470584284175526, 0.558281118219549, 0.4254763126373291, 0.5501395427819454, 0.4638968814503063, 0.4435836474100749, 0.4148248759183017, 0.5388265667539655, 0.4517134897636645, 0.7510527697476473, 0.39859315120812616, 0.46436252016009705, 0.41796815756595496, 0.409101153865005, 0.4724125862121582, 0.5019461891867898, 0.6386982599894205, 0.49425184365474817]","[{'accuracy': 0.8787878787878788, 'f1': 0.875, 'sensitivity': 1.0, 'specificity': 0.7894736842105263}, {'accuracy': 0.8181818181818182, 'f1': 0.8235294117647058, 'sensitivity': 1.0, 'specificity': 0.6842105263157895}, {'accuracy': 0.7272727272727273, 'f1': 0.6896551724137931, 'sensitivity': 0.7142857142857143, 'specificity': 0.7368421052631579}, {'accuracy': 0.7575757575757576, 'f1': 0.7777777777777778, 'sensitivity': 1.0, 'specificity': 0.5789473684210527}, {'accuracy': 0.696969696969697, 'f1': 0.6153846153846154, 'sensitivity': 0.5714285714285714, 'specificity': 0.7894736842105263}, {'accuracy': 0.7575757575757576, 'f1': 0.7777777777777778, 'sensitivity': 1.0, 'specificity': 0.5789473684210527}, {'accuracy': 0.6363636363636364, 'f1': 0.45454545454545453, 'sensitivity': 0.35714285714285715, 'specificity': 0.8421052631578947}, {'accuracy': 0.7272727272727273, 'f1': 0.7567567567567568, 'sensitivity': 1.0, 'specificity': 0.5263157894736842}, {'accuracy': 0.8181818181818182, 'f1': 0.8125, 'sensitivity': 0.9285714285714286, 'specificity': 0.7368421052631579}, {'accuracy': 0.7878787878787878, 'f1': 0.7878787878787878, 'sensitivity': 0.9285714285714286, 'specificity': 0.6842105263157895}, {'accuracy': 0.7575757575757576, 'f1': 0.7647058823529411, 'sensitivity': 0.9285714285714286, 'specificity': 0.631578947368421}, {'accuracy': 0.8181818181818182, 'f1': 0.8, 'sensitivity': 0.8571428571428571, 'specificity': 0.7894736842105263}, {'accuracy': 0.7575757575757576, 'f1': 0.7777777777777778, 'sensitivity': 1.0, 'specificity': 0.5789473684210527}, {'accuracy': 0.8181818181818182, 'f1': 0.7857142857142857, 'sensitivity': 0.7857142857142857, 'specificity': 0.8421052631578947}, {'accuracy': 0.7878787878787878, 'f1': 0.8, 'sensitivity': 1.0, 'specificity': 0.631578947368421}, {'accuracy': 0.7575757575757576, 'f1': 0.7647058823529411, 'sensitivity': 0.9285714285714286, 'specificity': 0.631578947368421}, {'accuracy': 0.8484848484848485, 'f1': 0.8484848484848485, 'sensitivity': 1.0, 'specificity': 0.7368421052631579}, {'accuracy': 0.8484848484848485, 'f1': 0.8387096774193549, 'sensitivity': 0.9285714285714286, 'specificity': 0.7894736842105263}, {'accuracy': 0.7575757575757576, 'f1': 0.7777777777777778, 'sensitivity': 1.0, 'specificity': 0.5789473684210527}, {'accuracy': 0.7878787878787878, 'f1': 0.7741935483870968, 'sensitivity': 0.8571428571428571, 'specificity': 0.7368421052631579}, {'accuracy': 0.7272727272727273, 'f1': 0.7567567567567568, 'sensitivity': 1.0, 'specificity': 0.5263157894736842}, {'accuracy': 0.7878787878787878, 'f1': 0.7586206896551724, 'sensitivity': 0.7857142857142857, 'specificity': 0.7894736842105263}, {'accuracy': 0.7878787878787878, 'f1': 0.8, 'sensitivity': 1.0, 'specificity': 0.631578947368421}, {'accuracy': 0.8484848484848485, 'f1': 0.8484848484848485, 'sensitivity': 1.0, 'specificity': 0.7368421052631579}, {'accuracy': 0.8484848484848485, 'f1': 0.8387096774193549, 'sensitivity': 0.9285714285714286, 'specificity': 0.7894736842105263}, {'accuracy': 0.7878787878787878, 'f1': 0.8, 'sensitivity': 1.0, 'specificity': 0.631578947368421}, {'accuracy': 0.7575757575757576, 'f1': 0.7142857142857143, 'sensitivity': 0.7142857142857143, 'specificity': 0.7894736842105263}, {'accuracy': 0.7878787878787878, 'f1': 0.8, 'sensitivity': 1.0, 'specificity': 0.631578947368421}, {'accuracy': 0.7575757575757576, 'f1': 0.75, 'sensitivity': 0.8571428571428571, 'specificity': 0.6842105263157895}]",COMPLETE
