number,value,datetime_start,datetime_complete,duration,params_dropout_rate,params_learning_rate,params_weight_decay,user_attrs_best_val_metrics,user_attrs_model_name,user_attrs_train_loss_history,user_attrs_val_loss_history,user_attrs_val_overall_metrics_history,state
6,0.8484848484848485,2026-07-29 12:50:58.454464,2026-07-29 12:52:29.202819,0 days 00:01:30.748355,0.5,0.0023345864076016252,0.0002267398652378039,"{'overall': {'n': 33, 'accuracy': 0.8484848484848485, 'precision': 0.7368421052631579, 'recall': 1.0, 'sensitivity': 1.0, 'specificity': 0.7368421052631579, 'balanced_accuracy': 0.868421052631579, 'f1': 0.8484848484848485, 'confusion_matrix': [[14, 5], [0, 14]], 'auc': 0.8571428571428572, 'roc_curve': {'fpr': [0.0, 0.05263157894736842, 0.05263157894736842, 0.10526315789473684, 0.10526315789473684, 0.15789473684210525, 0.15789473684210525, 0.21052631578947367, 0.21052631578947367, 0.2631578947368421, 0.2631578947368421, 1.0], 'tpr': [0.0, 0.0, 0.2857142857142857, 0.2857142857142857, 0.35714285714285715, 0.35714285714285715, 0.7142857142857143, 0.7142857142857143, 0.9285714285714286, 0.9285714285714286, 1.0, 1.0]}}, 'India': {'n': 14, 'accuracy': 0.9285714285714286, 'precision': 0.9090909090909091, 'recall': 1.0, 'sensitivity': 1.0, 'specificity': 0.75, 'balanced_accuracy': 0.875, 'f1': 0.9523809523809523, 'confusion_matrix': [[3, 1], [0, 10]], 'auc': 0.9, 'roc_curve': {'fpr': [0.0, 0.0, 0.0, 0.25, 0.25, 1.0], 'tpr': [0.0, 0.1, 0.6, 0.6, 1.0, 1.0]}}, 'Italy': {'n': 19, 'accuracy': 0.7894736842105263, 'precision': 0.5, 'recall': 1.0, 'sensitivity': 1.0, 'specificity': 0.7333333333333333, 'balanced_accuracy': 0.8666666666666667, 'f1': 0.6666666666666666, 'confusion_matrix': [[11, 4], [0, 4]], 'auc': 0.8666666666666667, 'roc_curve': {'fpr': [0.0, 0.06666666666666667, 0.06666666666666667, 0.2, 0.2, 1.0], 'tpr': [0.0, 0.0, 0.5, 0.5, 1.0, 1.0]}}}",vit_b_16_palpebral_v2,"[0.7414975971575605, 0.6406637276245268, 0.5761738565583893, 0.5129293302037069, 0.5219884668754426, 0.5073139750404864, 0.5175864396505798, 0.4617820962375363, 0.4798779503399173, 0.46089345147672867, 0.4305532304261694, 0.44682976988372425, 0.4821208522019797, 0.45723185357668544, 0.404944730712878, 0.4348714722702835, 0.4249384677568019]","[0.6082538908178156, 0.565839510975462, 0.5369601538687041, 0.5265213251113892, 0.5088561014695601, 0.4986484195246841, 0.5115247567494711, 0.5028436039433335, 0.5000560933893378, 0.47055641810099286, 0.48278953089858545, 0.47066275278727215, 0.4747325796069521, 0.4881801243984338, 0.4733886646501946, 0.49189683162804804, 0.48269927140438196]","[{'accuracy': 0.8484848484848485, 'f1': 0.8484848484848485, 'sensitivity': 1.0, 'specificity': 0.7368421052631579}, {'accuracy': 0.8181818181818182, 'f1': 0.8125, 'sensitivity': 0.9285714285714286, 'specificity': 0.7368421052631579}, {'accuracy': 0.8181818181818182, 'f1': 0.8125, 'sensitivity': 0.9285714285714286, 'specificity': 0.7368421052631579}, {'accuracy': 0.7878787878787878, 'f1': 0.7878787878787878, 'sensitivity': 0.9285714285714286, 'specificity': 0.6842105263157895}, {'accuracy': 0.8181818181818182, 'f1': 0.8125, 'sensitivity': 0.9285714285714286, 'specificity': 0.7368421052631579}, {'accuracy': 0.8181818181818182, 'f1': 0.8235294117647058, 'sensitivity': 1.0, 'specificity': 0.6842105263157895}, {'accuracy': 0.8181818181818182, 'f1': 0.8235294117647058, 'sensitivity': 1.0, 'specificity': 0.6842105263157895}, {'accuracy': 0.7575757575757576, 'f1': 0.7142857142857143, 'sensitivity': 0.7142857142857143, 'specificity': 0.7894736842105263}, {'accuracy': 0.7878787878787878, 'f1': 0.8, 'sensitivity': 1.0, 'specificity': 0.631578947368421}, {'accuracy': 0.8181818181818182, 'f1': 0.8235294117647058, 'sensitivity': 1.0, 'specificity': 0.6842105263157895}, {'accuracy': 0.8181818181818182, 'f1': 0.8235294117647058, 'sensitivity': 1.0, 'specificity': 0.6842105263157895}, {'accuracy': 0.8181818181818182, 'f1': 0.8125, 'sensitivity': 0.9285714285714286, 'specificity': 0.7368421052631579}, {'accuracy': 0.8181818181818182, 'f1': 0.8235294117647058, 'sensitivity': 1.0, 'specificity': 0.6842105263157895}, {'accuracy': 0.7878787878787878, 'f1': 0.8, 'sensitivity': 1.0, 'specificity': 0.631578947368421}, {'accuracy': 0.8181818181818182, 'f1': 0.8125, 'sensitivity': 0.9285714285714286, 'specificity': 0.7368421052631579}, {'accuracy': 0.7878787878787878, 'f1': 0.8, 'sensitivity': 1.0, 'specificity': 0.631578947368421}, {'accuracy': 0.7878787878787878, 'f1': 0.7878787878787878, 'sensitivity': 0.9285714285714286, 'specificity': 0.6842105263157895}]",COMPLETE
7,0.8125,2026-07-29 12:52:29.203179,2026-07-29 12:53:49.355015,0 days 00:01:20.151836,0.2,0.005987474910461402,1.3783237455007196e-06,"{'overall': {'n': 33, 'accuracy': 0.8181818181818182, 'precision': 0.7222222222222222, 'recall': 0.9285714285714286, 'sensitivity': 0.9285714285714286, 'specificity': 0.7368421052631579, 'balanced_accuracy': 0.8327067669172932, 'f1': 0.8125, 'confusion_matrix': [[14, 5], [1, 13]], 'auc': 0.8458646616541354, 'roc_curve': {'fpr': [0.0, 0.05263157894736842, 0.05263157894736842, 0.10526315789473684, 0.10526315789473684, 0.15789473684210525, 0.15789473684210525, 0.21052631578947367, 0.21052631578947367, 0.2631578947368421, 0.2631578947368421, 1.0], 'tpr': [0.0, 0.0, 0.35714285714285715, 0.35714285714285715, 0.42857142857142855, 0.42857142857142855, 0.5, 0.5, 0.7857142857142857, 0.7857142857142857, 1.0, 1.0]}}, 'India': {'n': 14, 'accuracy': 0.8571428571428571, 'precision': 0.9, 'recall': 0.9, 'sensitivity': 0.9, 'specificity': 0.75, 'balanced_accuracy': 0.825, 'f1': 0.9, 'confusion_matrix': [[3, 1], [1, 9]], 'auc': 0.925, 'roc_curve': {'fpr': [0.0, 0.0, 0.0, 0.25, 0.25, 1.0], 'tpr': [0.0, 0.1, 0.7, 0.7, 1.0, 1.0]}}, 'Italy': {'n': 19, 'accuracy': 0.7894736842105263, 'precision': 0.5, 'recall': 1.0, 'sensitivity': 1.0, 'specificity': 0.7333333333333333, 'balanced_accuracy': 0.8666666666666667, 'f1': 0.6666666666666666, 'confusion_matrix': [[11, 4], [0, 4]], 'auc': 0.8833333333333334, 'roc_curve': {'fpr': [0.0, 0.06666666666666667, 0.06666666666666667, 0.13333333333333333, 0.13333333333333333, 0.2, 0.2, 1.0], 'tpr': [0.0, 0.0, 0.5, 0.5, 0.75, 0.75, 1.0, 1.0]}}}",vit_b_16_palpebral_v2,"[0.7120339152039281, 0.6007980534572475, 0.5780803930285751, 0.5238277513459818, 0.47337925473585823, 0.45991781985522895, 0.3929080523007753, 0.38994863806970864, 0.37437076521235585, 0.3827811935484804, 0.37997021027748157, 0.39658326759243645, 0.38024815403862505, 0.3537221967384515, 0.36380908046139787]","[0.5301657012014678, 0.5444302197658655, 0.5541024786053281, 0.5682914618289832, 0.5973578944350734, 0.45493781927860144, 0.4946527842319373, 0.4320053042787494, 0.5329941836270419, 0.496815536961411, 0.5998125365286162, 0.4956491499236136, 0.5358212066419197, 0.5240012371178829, 0.5090350093263568]","[{'accuracy': 0.8181818181818182, 'f1': 0.8125, 'sensitivity': 0.9285714285714286, 'specificity': 0.7368421052631579}, {'accuracy': 0.7878787878787878, 'f1': 0.8, 'sensitivity': 1.0, 'specificity': 0.631578947368421}, {'accuracy': 0.7878787878787878, 'f1': 0.8, 'sensitivity': 1.0, 'specificity': 0.631578947368421}, {'accuracy': 0.696969696969697, 'f1': 0.5833333333333334, 'sensitivity': 0.5, 'specificity': 0.8421052631578947}, {'accuracy': 0.7575757575757576, 'f1': 0.7777777777777778, 'sensitivity': 1.0, 'specificity': 0.5789473684210527}, {'accuracy': 0.8181818181818182, 'f1': 0.8125, 'sensitivity': 0.9285714285714286, 'specificity': 0.7368421052631579}, {'accuracy': 0.7575757575757576, 'f1': 0.7777777777777778, 'sensitivity': 1.0, 'specificity': 0.5789473684210527}, {'accuracy': 0.7878787878787878, 'f1': 0.7878787878787878, 'sensitivity': 0.9285714285714286, 'specificity': 0.6842105263157895}, {'accuracy': 0.7575757575757576, 'f1': 0.7777777777777778, 'sensitivity': 1.0, 'specificity': 0.5789473684210527}, {'accuracy': 0.7575757575757576, 'f1': 0.7142857142857143, 'sensitivity': 0.7142857142857143, 'specificity': 0.7894736842105263}, {'accuracy': 0.7575757575757576, 'f1': 0.7777777777777778, 'sensitivity': 1.0, 'specificity': 0.5789473684210527}, {'accuracy': 0.8181818181818182, 'f1': 0.8, 'sensitivity': 0.8571428571428571, 'specificity': 0.7894736842105263}, {'accuracy': 0.7878787878787878, 'f1': 0.8, 'sensitivity': 1.0, 'specificity': 0.631578947368421}, {'accuracy': 0.7272727272727273, 'f1': 0.7272727272727273, 'sensitivity': 0.8571428571428571, 'specificity': 0.631578947368421}, {'accuracy': 0.8181818181818182, 'f1': 0.8, 'sensitivity': 0.8571428571428571, 'specificity': 0.7894736842105263}]",COMPLETE
