number,value,datetime_start,datetime_complete,duration,params_dropout_rate,params_learning_rate,params_weight_decay,user_attrs_best_val_metrics,user_attrs_model_name,user_attrs_train_loss_history,user_attrs_val_loss_history,user_attrs_val_overall_metrics_history,state
4,0.8275862068965517,2026-08-02 16:21:05.322195,2026-08-02 16:22:29.091503,0 days 00:01:23.769308,0.2,0.0008179499475211679,3.752055855124284e-05,"{'overall': {'n': 31, 'accuracy': 0.8387096774193549, 'precision': 0.8, 'recall': 0.8571428571428571, 'sensitivity': 0.8571428571428571, 'specificity': 0.8235294117647058, 'balanced_accuracy': 0.8403361344537814, 'f1': 0.8275862068965517, 'confusion_matrix': [[14, 3], [2, 12]], 'auc': 0.8613445378151261, 'roc_curve': {'fpr': [0.0, 0.0, 0.0, 0.058823529411764705, 0.058823529411764705, 0.11764705882352941, 0.11764705882352941, 0.17647058823529413, 0.17647058823529413, 0.4117647058823529, 0.4117647058823529, 0.7647058823529411, 0.7647058823529411, 1.0], 'tpr': [0.0, 0.07142857142857142, 0.35714285714285715, 0.35714285714285715, 0.5, 0.5, 0.7857142857142857, 0.7857142857142857, 0.8571428571428571, 0.8571428571428571, 0.9285714285714286, 0.9285714285714286, 1.0, 1.0]}}, 'India': {'n': 14, 'accuracy': 0.7857142857142857, 'precision': 0.8888888888888888, 'recall': 0.8, 'sensitivity': 0.8, 'specificity': 0.75, 'balanced_accuracy': 0.775, 'f1': 0.8421052631578947, 'confusion_matrix': [[3, 1], [2, 8]], 'auc': 0.825, 'roc_curve': {'fpr': [0.0, 0.0, 0.0, 0.25, 0.25, 0.5, 0.5, 1.0, 1.0], 'tpr': [0.0, 0.1, 0.7, 0.7, 0.8, 0.8, 0.9, 0.9, 1.0]}}, 'Italy': {'n': 17, 'accuracy': 0.8823529411764706, 'precision': 0.6666666666666666, 'recall': 1.0, 'sensitivity': 1.0, 'specificity': 0.8461538461538461, 'balanced_accuracy': 0.9230769230769231, 'f1': 0.8, 'confusion_matrix': [[11, 2], [0, 4]], 'auc': 0.9423076923076923, 'roc_curve': {'fpr': [0.0, 0.0, 0.0, 0.07692307692307693, 0.07692307692307693, 0.15384615384615385, 0.15384615384615385, 1.0], 'tpr': [0.0, 0.25, 0.5, 0.5, 0.75, 0.75, 1.0, 1.0]}}}",densenet121_forniceal_palpebral_v2_clean,"[0.8369028596650987, 0.7934688305368229, 0.7903794111037741, 0.7579836857562162, 0.7270968759141001, 0.7275430900709969, 0.7124073935203812, 0.6829348105151637, 0.6822626286623429, 0.6781126694614384, 0.6379830115506439, 0.6481238096749702, 0.6328696734240266, 0.6273891045933678, 0.6514290445515899, 0.6155363106403221, 0.6306836333404593, 0.6522976293855783, 0.5926289075896853, 0.597926731823253, 0.5919496400826643, 0.58875699351434, 0.5941595244569843, 0.5983864811001992, 0.5796710946121995, 0.5865729864762754, 0.5722999856585548, 0.5715006480411607, 0.5839070568279344, 0.5659661919486766, 0.5574902316339972, 0.546689205429181, 0.6074818360562227, 0.5283706828850467, 0.5529087846781932, 0.5424612401699533, 0.5818234686137868, 0.5432088233175731, 0.5355853823577466, 0.5076845774845201, 0.5305783367481361, 0.5318002514287729, 0.5154959214787905, 0.5205401380856832, 0.5183617638892868, 0.49759238674527123, 0.5066697958375321, 0.4995173747036733, 0.5094687277767934, 0.5219067286471931, 0.5168766359082696, 0.4788651881980247, 0.5107887279825146, 0.4939170064163857, 0.48553498525197814, 0.4874514917127129, 0.47663503277058505, 0.5349532937516972, 0.4437375642409941, 0.4833954495637595, 0.48959601533656216, 0.44338619587372763, 0.4778189119838533, 0.4562368441601189, 0.49902832062066005, 0.4862847616072415, 0.4591961509110976, 0.48068473493160846, 0.484210697363834, 0.46560406096938517, 0.49223598675662966, 0.45641617061329537, 0.4460857218625594, 0.4435893578999707, 0.4596016510408752, 0.44605180033210184, 0.5025535848270468, 0.44707514619340705, 0.4166701671217575, 0.5291322558915534, 0.446334014539005]","[0.823356568813324, 0.8181751370429993, 0.8120870590209961, 0.8045810461044312, 0.7636995315551758, 0.7301378846168518, 0.7136695981025696, 0.7069458365440369, 0.7018846869468689, 0.6940408945083618, 0.6922378540039062, 0.6877874732017517, 0.6791993379592896, 0.671833336353302, 0.6707038879394531, 0.6612052917480469, 0.6548251509666443, 0.6526826620101929, 0.6497299075126648, 0.6422934532165527, 0.6376058459281921, 0.6338487267494202, 0.6301923990249634, 0.6319959163665771, 0.6252697110176086, 0.6214695572853088, 0.6187654137611389, 0.6160371899604797, 0.6091456413269043, 0.6096072196960449, 0.6051115393638611, 0.6023548245429993, 0.6043567061424255, 0.6081719994544983, 0.6164236664772034, 0.5941342711448669, 0.6003289818763733, 0.5929219126701355, 0.5951353311538696, 0.5957288146018982, 0.586911141872406, 0.5866832733154297, 0.584588885307312, 0.5851688981056213, 0.5829246640205383, 0.5803480744361877, 0.5804937481880188, 0.5740851163864136, 0.5751301050186157, 0.5777033567428589, 0.5797395706176758, 0.5679768919944763, 0.5667522549629211, 0.5675751566886902, 0.5693587064743042, 0.5699782371520996, 0.5698414444923401, 0.567314088344574, 0.5643244981765747, 0.5601590871810913, 0.5726978778839111, 0.5653077363967896, 0.5599738955497742, 0.5595861077308655, 0.5584860444068909, 0.5587841272354126, 0.5633244514465332, 0.5565708875656128, 0.5535447597503662, 0.5508889555931091, 0.5486793518066406, 0.5496506094932556, 0.5473288297653198, 0.5431677103042603, 0.5432295203208923, 0.5457333922386169, 0.5452234745025635, 0.550986111164093, 0.5494959354400635, 0.5446923971176147, 0.5487943887710571]","[{'accuracy': 0.45161290322580644, 'f1': 0.5142857142857142, 'sensitivity': 0.6428571428571429, 'specificity': 0.29411764705882354}, {'accuracy': 0.3870967741935484, 'f1': 0.3870967741935484, 'sensitivity': 0.42857142857142855, 'specificity': 0.35294117647058826}, {'accuracy': 0.5161290322580645, 'f1': 0.34782608695652173, 'sensitivity': 0.2857142857142857, 'specificity': 0.7058823529411765}, {'accuracy': 0.4838709677419355, 'f1': 0.2, 'sensitivity': 0.14285714285714285, 'specificity': 0.7647058823529411}, {'accuracy': 0.7419354838709677, 'f1': 0.7142857142857143, 'sensitivity': 0.7142857142857143, 'specificity': 0.7647058823529411}, {'accuracy': 0.7741935483870968, 'f1': 0.7741935483870968, 'sensitivity': 0.8571428571428571, 'specificity': 0.7058823529411765}, {'accuracy': 0.7741935483870968, 'f1': 0.7741935483870968, 'sensitivity': 0.8571428571428571, 'specificity': 0.7058823529411765}, {'accuracy': 0.8387096774193549, 'f1': 0.8275862068965517, 'sensitivity': 0.8571428571428571, 'specificity': 0.8235294117647058}, {'accuracy': 0.8064516129032258, 'f1': 0.7857142857142857, 'sensitivity': 0.7857142857142857, 'specificity': 0.8235294117647058}, {'accuracy': 0.8064516129032258, 'f1': 0.8, 'sensitivity': 0.8571428571428571, 'specificity': 0.7647058823529411}, {'accuracy': 0.7419354838709677, 'f1': 0.7142857142857143, 'sensitivity': 0.7142857142857143, 'specificity': 0.7647058823529411}, {'accuracy': 0.7741935483870968, 'f1': 0.7407407407407407, 'sensitivity': 0.7142857142857143, 'specificity': 0.8235294117647058}, {'accuracy': 0.7419354838709677, 'f1': 0.7647058823529411, 'sensitivity': 0.9285714285714286, 'specificity': 0.5882352941176471}, {'accuracy': 0.8064516129032258, 'f1': 0.8, 'sensitivity': 0.8571428571428571, 'specificity': 0.7647058823529411}, {'accuracy': 0.7741935483870968, 'f1': 0.7407407407407407, 'sensitivity': 0.7142857142857143, 'specificity': 0.8235294117647058}, {'accuracy': 0.7096774193548387, 'f1': 0.7428571428571429, 'sensitivity': 0.9285714285714286, 'specificity': 0.5294117647058824}, {'accuracy': 0.7741935483870968, 'f1': 0.7586206896551724, 'sensitivity': 0.7857142857142857, 'specificity': 0.7647058823529411}, {'accuracy': 0.8064516129032258, 'f1': 0.7857142857142857, 'sensitivity': 0.7857142857142857, 'specificity': 0.8235294117647058}, {'accuracy': 0.7741935483870968, 'f1': 0.7407407407407407, 'sensitivity': 0.7142857142857143, 'specificity': 0.8235294117647058}, {'accuracy': 0.7419354838709677, 'f1': 0.7333333333333333, 'sensitivity': 0.7857142857142857, 'specificity': 0.7058823529411765}, {'accuracy': 0.7741935483870968, 'f1': 0.7586206896551724, 'sensitivity': 0.7857142857142857, 'specificity': 0.7647058823529411}, {'accuracy': 0.7741935483870968, 'f1': 0.7586206896551724, 'sensitivity': 0.7857142857142857, 'specificity': 0.7647058823529411}, {'accuracy': 0.7419354838709677, 'f1': 0.7333333333333333, 'sensitivity': 0.7857142857142857, 'specificity': 0.7058823529411765}, {'accuracy': 0.7741935483870968, 'f1': 0.7407407407407407, 'sensitivity': 0.7142857142857143, 'specificity': 0.8235294117647058}, {'accuracy': 0.7419354838709677, 'f1': 0.7333333333333333, 'sensitivity': 0.7857142857142857, 'specificity': 0.7058823529411765}, {'accuracy': 0.7741935483870968, 'f1': 0.7741935483870968, 'sensitivity': 0.8571428571428571, 'specificity': 0.7058823529411765}, {'accuracy': 0.8064516129032258, 'f1': 0.7857142857142857, 'sensitivity': 0.7857142857142857, 'specificity': 0.8235294117647058}, {'accuracy': 0.8064516129032258, 'f1': 0.7857142857142857, 'sensitivity': 0.7857142857142857, 'specificity': 0.8235294117647058}, {'accuracy': 0.7741935483870968, 'f1': 0.7741935483870968, 'sensitivity': 0.8571428571428571, 'specificity': 0.7058823529411765}, {'accuracy': 0.8064516129032258, 'f1': 0.7857142857142857, 'sensitivity': 0.7857142857142857, 'specificity': 0.8235294117647058}, {'accuracy': 0.7741935483870968, 'f1': 0.7586206896551724, 'sensitivity': 0.7857142857142857, 'specificity': 0.7647058823529411}, {'accuracy': 0.7419354838709677, 'f1': 0.7333333333333333, 'sensitivity': 0.7857142857142857, 'specificity': 0.7058823529411765}, {'accuracy': 0.7741935483870968, 'f1': 0.7741935483870968, 'sensitivity': 0.8571428571428571, 'specificity': 0.7058823529411765}, {'accuracy': 0.7741935483870968, 'f1': 0.7407407407407407, 'sensitivity': 0.7142857142857143, 'specificity': 0.8235294117647058}, {'accuracy': 0.7741935483870968, 'f1': 0.72, 'sensitivity': 0.6428571428571429, 'specificity': 0.8823529411764706}, {'accuracy': 0.7741935483870968, 'f1': 0.7741935483870968, 'sensitivity': 0.8571428571428571, 'specificity': 0.7058823529411765}, {'accuracy': 0.7741935483870968, 'f1': 0.7878787878787878, 'sensitivity': 0.9285714285714286, 'specificity': 0.6470588235294118}, {'accuracy': 0.7419354838709677, 'f1': 0.7333333333333333, 'sensitivity': 0.7857142857142857, 'specificity': 0.7058823529411765}, {'accuracy': 0.7741935483870968, 'f1': 0.7407407407407407, 'sensitivity': 0.7142857142857143, 'specificity': 0.8235294117647058}, {'accuracy': 0.7741935483870968, 'f1': 0.7407407407407407, 'sensitivity': 0.7142857142857143, 'specificity': 0.8235294117647058}, {'accuracy': 0.7741935483870968, 'f1': 0.7741935483870968, 'sensitivity': 0.8571428571428571, 'specificity': 0.7058823529411765}, {'accuracy': 0.7419354838709677, 'f1': 0.7333333333333333, 'sensitivity': 0.7857142857142857, 'specificity': 0.7058823529411765}, {'accuracy': 0.7419354838709677, 'f1': 0.7333333333333333, 'sensitivity': 0.7857142857142857, 'specificity': 0.7058823529411765}, {'accuracy': 0.7741935483870968, 'f1': 0.7586206896551724, 'sensitivity': 0.7857142857142857, 'specificity': 0.7647058823529411}, {'accuracy': 0.7419354838709677, 'f1': 0.7333333333333333, 'sensitivity': 0.7857142857142857, 'specificity': 0.7058823529411765}, {'accuracy': 0.7741935483870968, 'f1': 0.7586206896551724, 'sensitivity': 0.7857142857142857, 'specificity': 0.7647058823529411}, {'accuracy': 0.7741935483870968, 'f1': 0.7586206896551724, 'sensitivity': 0.7857142857142857, 'specificity': 0.7647058823529411}, {'accuracy': 0.7741935483870968, 'f1': 0.7586206896551724, 'sensitivity': 0.7857142857142857, 'specificity': 0.7647058823529411}, {'accuracy': 0.7741935483870968, 'f1': 0.7741935483870968, 'sensitivity': 0.8571428571428571, 'specificity': 0.7058823529411765}, {'accuracy': 0.7741935483870968, 'f1': 0.7586206896551724, 'sensitivity': 0.7857142857142857, 'specificity': 0.7647058823529411}, {'accuracy': 0.7741935483870968, 'f1': 0.7407407407407407, 'sensitivity': 0.7142857142857143, 'specificity': 0.8235294117647058}, {'accuracy': 0.7741935483870968, 'f1': 0.7586206896551724, 'sensitivity': 0.7857142857142857, 'specificity': 0.7647058823529411}, {'accuracy': 0.7741935483870968, 'f1': 0.7741935483870968, 'sensitivity': 0.8571428571428571, 'specificity': 0.7058823529411765}, {'accuracy': 0.7741935483870968, 'f1': 0.7741935483870968, 'sensitivity': 0.8571428571428571, 'specificity': 0.7058823529411765}, {'accuracy': 0.7741935483870968, 'f1': 0.7586206896551724, 'sensitivity': 0.7857142857142857, 'specificity': 0.7647058823529411}, {'accuracy': 0.7741935483870968, 'f1': 0.7586206896551724, 'sensitivity': 0.7857142857142857, 'specificity': 0.7647058823529411}, {'accuracy': 0.7419354838709677, 'f1': 0.7142857142857143, 'sensitivity': 0.7142857142857143, 'specificity': 0.7647058823529411}, {'accuracy': 0.7741935483870968, 'f1': 0.7586206896551724, 'sensitivity': 0.7857142857142857, 'specificity': 0.7647058823529411}, {'accuracy': 0.7419354838709677, 'f1': 0.7333333333333333, 'sensitivity': 0.7857142857142857, 'specificity': 0.7058823529411765}, {'accuracy': 0.7741935483870968, 'f1': 0.7586206896551724, 'sensitivity': 0.7857142857142857, 'specificity': 0.7647058823529411}, {'accuracy': 0.7419354838709677, 'f1': 0.6923076923076923, 'sensitivity': 0.6428571428571429, 'specificity': 0.8235294117647058}, {'accuracy': 0.7419354838709677, 'f1': 0.7142857142857143, 'sensitivity': 0.7142857142857143, 'specificity': 0.7647058823529411}, {'accuracy': 0.7741935483870968, 'f1': 0.7586206896551724, 'sensitivity': 0.7857142857142857, 'specificity': 0.7647058823529411}, {'accuracy': 0.7741935483870968, 'f1': 0.7741935483870968, 'sensitivity': 0.8571428571428571, 'specificity': 0.7058823529411765}, {'accuracy': 0.7741935483870968, 'f1': 0.7741935483870968, 'sensitivity': 0.8571428571428571, 'specificity': 0.7058823529411765}, {'accuracy': 0.7741935483870968, 'f1': 0.7586206896551724, 'sensitivity': 0.7857142857142857, 'specificity': 0.7647058823529411}, {'accuracy': 0.7419354838709677, 'f1': 0.7142857142857143, 'sensitivity': 0.7142857142857143, 'specificity': 0.7647058823529411}, {'accuracy': 0.7741935483870968, 'f1': 0.7586206896551724, 'sensitivity': 0.7857142857142857, 'specificity': 0.7647058823529411}, {'accuracy': 0.7741935483870968, 'f1': 0.7586206896551724, 'sensitivity': 0.7857142857142857, 'specificity': 0.7647058823529411}, {'accuracy': 0.7419354838709677, 'f1': 0.7333333333333333, 'sensitivity': 0.7857142857142857, 'specificity': 0.7058823529411765}, {'accuracy': 0.7741935483870968, 'f1': 0.7586206896551724, 'sensitivity': 0.7857142857142857, 'specificity': 0.7647058823529411}, {'accuracy': 0.7741935483870968, 'f1': 0.7586206896551724, 'sensitivity': 0.7857142857142857, 'specificity': 0.7647058823529411}, {'accuracy': 0.7741935483870968, 'f1': 0.7586206896551724, 'sensitivity': 0.7857142857142857, 'specificity': 0.7647058823529411}, {'accuracy': 0.7419354838709677, 'f1': 0.7333333333333333, 'sensitivity': 0.7857142857142857, 'specificity': 0.7058823529411765}, {'accuracy': 0.7741935483870968, 'f1': 0.7586206896551724, 'sensitivity': 0.7857142857142857, 'specificity': 0.7647058823529411}, {'accuracy': 0.7741935483870968, 'f1': 0.7586206896551724, 'sensitivity': 0.7857142857142857, 'specificity': 0.7647058823529411}, {'accuracy': 0.7419354838709677, 'f1': 0.7142857142857143, 'sensitivity': 0.7142857142857143, 'specificity': 0.7647058823529411}, {'accuracy': 0.7419354838709677, 'f1': 0.7142857142857143, 'sensitivity': 0.7142857142857143, 'specificity': 0.7647058823529411}, {'accuracy': 0.7419354838709677, 'f1': 0.7142857142857143, 'sensitivity': 0.7142857142857143, 'specificity': 0.7647058823529411}, {'accuracy': 0.7741935483870968, 'f1': 0.7741935483870968, 'sensitivity': 0.8571428571428571, 'specificity': 0.7058823529411765}, {'accuracy': 0.7419354838709677, 'f1': 0.7142857142857143, 'sensitivity': 0.7142857142857143, 'specificity': 0.7647058823529411}]",COMPLETE
5,0.4666666666666667,2026-08-02 16:22:29.091919,2026-08-02 16:22:40.619624,0 days 00:00:11.527705,0.2,0.00012590032356612476,3.243056557496459e-05,"{'overall': {'n': 31, 'accuracy': 0.4838709677419355, 'precision': 0.4375, 'recall': 0.5, 'sensitivity': 0.5, 'specificity': 0.47058823529411764, 'balanced_accuracy': 0.4852941176470588, 'f1': 0.4666666666666667, 'confusion_matrix': [[8, 9], [7, 7]], 'auc': 0.453781512605042, 'roc_curve': {'fpr': [0.0, 0.058823529411764705, 0.11764705882352941, 0.11764705882352941, 0.17647058823529413, 0.17647058823529413, 0.35294117647058826, 0.35294117647058826, 0.47058823529411764, 0.47058823529411764, 0.7058823529411765, 0.7058823529411765, 0.7647058823529411, 0.7647058823529411, 0.8235294117647058, 0.8235294117647058, 0.9411764705882353, 0.9411764705882353, 1.0], 'tpr': [0.0, 0.0, 0.0, 0.14285714285714285, 0.14285714285714285, 0.21428571428571427, 0.21428571428571427, 0.2857142857142857, 0.2857142857142857, 0.5, 0.5, 0.7142857142857143, 0.7142857142857143, 0.7857142857142857, 0.7857142857142857, 0.9285714285714286, 0.9285714285714286, 1.0, 1.0]}}, 'India': {'n': 14, 'accuracy': 0.42857142857142855, 'precision': 0.75, 'recall': 0.3, 'sensitivity': 0.3, 'specificity': 0.75, 'balanced_accuracy': 0.525, 'f1': 0.42857142857142855, 'confusion_matrix': [[3, 1], [7, 3]], 'auc': 0.22499999999999998, 'roc_curve': {'fpr': [0.0, 0.25, 0.25, 1.0, 1.0], 'tpr': [0.0, 0.0, 0.3, 0.3, 1.0]}}, 'Italy': {'n': 17, 'accuracy': 0.5294117647058824, 'precision': 0.3333333333333333, 'recall': 1.0, 'sensitivity': 1.0, 'specificity': 0.38461538461538464, 'balanced_accuracy': 0.6923076923076923, 'f1': 0.5, 'confusion_matrix': [[5, 8], [0, 4]], 'auc': 0.7499999999999999, 'roc_curve': {'fpr': [0.0, 0.07692307692307693, 0.15384615384615385, 0.15384615384615385, 0.23076923076923078, 0.23076923076923078, 0.46153846153846156, 0.46153846153846156, 1.0], 'tpr': [0.0, 0.0, 0.0, 0.5, 0.5, 0.75, 0.75, 1.0, 1.0]}}}",densenet121_forniceal_palpebral_v2_clean,"[0.8387266665088887, 0.8224533536807209, 0.8066374481129809, 0.8189584110058895, 0.7821214600485198, 0.7914738432079756, 0.7884370258876255, 0.7957395152980778, 0.8052370402277732, 0.8096474360446541, 0.7827827914231489]","[0.8200337290763855, 0.8250617980957031, 0.8313135504722595, 0.8173977732658386, 0.8297833800315857, 0.8320223689079285, 0.8340067267417908, 0.8327315449714661, 0.8332302570343018, 0.8342822194099426, 0.829827070236206]","[{'accuracy': 0.4838709677419355, 'f1': 0.4666666666666667, 'sensitivity': 0.5, 'specificity': 0.47058823529411764}, {'accuracy': 0.5806451612903226, 'f1': 0.23529411764705882, 'sensitivity': 0.14285714285714285, 'specificity': 0.9411764705882353}, {'accuracy': 0.45161290322580644, 'f1': 0.0, 'sensitivity': 0.0, 'specificity': 0.8235294117647058}, {'accuracy': 0.5483870967741935, 'f1': 0.36363636363636365, 'sensitivity': 0.2857142857142857, 'specificity': 0.7647058823529411}, {'accuracy': 0.45161290322580644, 'f1': 0.45161290322580644, 'sensitivity': 0.5, 'specificity': 0.4117647058823529}, {'accuracy': 0.3225806451612903, 'f1': 0.4, 'sensitivity': 0.5, 'specificity': 0.17647058823529413}, {'accuracy': 0.3548387096774194, 'f1': 0.4117647058823529, 'sensitivity': 0.5, 'specificity': 0.23529411764705882}, {'accuracy': 0.3870967741935484, 'f1': 0.42424242424242425, 'sensitivity': 0.5, 'specificity': 0.29411764705882354}, {'accuracy': 0.41935483870967744, 'f1': 0.4375, 'sensitivity': 0.5, 'specificity': 0.35294117647058826}, {'accuracy': 0.41935483870967744, 'f1': 0.4, 'sensitivity': 0.42857142857142855, 'specificity': 0.4117647058823529}, {'accuracy': 0.41935483870967744, 'f1': 0.4375, 'sensitivity': 0.5, 'specificity': 0.35294117647058826}]",COMPLETE
