number,value,datetime_start,datetime_complete,duration,params_dropout_rate,params_learning_rate,params_weight_decay,user_attrs_best_val_metrics,user_attrs_model_name,user_attrs_train_loss_history,user_attrs_val_loss_history,user_attrs_val_overall_metrics_history,state
9,0.8125,2026-08-02 16:24:11.157780,2026-08-02 16:24:56.566059,0 days 00:00:45.408279,0.2,0.003234746297360854,0.0008774818248079991,"{'overall': {'n': 31, 'accuracy': 0.8064516129032258, 'precision': 0.7222222222222222, 'recall': 0.9285714285714286, 'sensitivity': 0.9285714285714286, 'specificity': 0.7058823529411765, 'balanced_accuracy': 0.8172268907563025, 'f1': 0.8125, 'confusion_matrix': [[12, 5], [1, 13]], 'auc': 0.8781512605042017, 'roc_curve': {'fpr': [0.0, 0.0, 0.0, 0.11764705882352941, 0.11764705882352941, 0.29411764705882354, 0.29411764705882354, 0.47058823529411764, 0.47058823529411764, 1.0], 'tpr': [0.0, 0.07142857142857142, 0.5, 0.5, 0.7142857142857143, 0.7142857142857143, 0.9285714285714286, 0.9285714285714286, 1.0, 1.0]}}, 'India': {'n': 14, 'accuracy': 0.7857142857142857, 'precision': 0.8181818181818182, 'recall': 0.9, 'sensitivity': 0.9, 'specificity': 0.5, 'balanced_accuracy': 0.7, 'f1': 0.8571428571428571, 'confusion_matrix': [[2, 2], [1, 9]], 'auc': 0.75, 'roc_curve': {'fpr': [0.0, 0.0, 0.0, 0.25, 0.25, 0.5, 0.5, 0.75, 0.75, 1.0], 'tpr': [0.0, 0.1, 0.5, 0.5, 0.6, 0.6, 0.9, 0.9, 1.0, 1.0]}}, 'Italy': {'n': 17, 'accuracy': 0.8235294117647058, 'precision': 0.5714285714285714, 'recall': 1.0, 'sensitivity': 1.0, 'specificity': 0.7692307692307693, 'balanced_accuracy': 0.8846153846153846, 'f1': 0.7272727272727273, 'confusion_matrix': [[10, 3], [0, 4]], 'auc': 0.9615384615384616, 'roc_curve': {'fpr': [0.0, 0.0, 0.0, 0.07692307692307693, 0.07692307692307693, 1.0], 'tpr': [0.0, 0.25, 0.5, 0.5, 1.0, 1.0]}}}",densenet121_forniceal_palpebral_v2_clean,"[0.9024467508809096, 0.8804269205956232, 0.7924674133054254, 0.7215008419387194, 0.6685169412165272, 0.6777820327654988, 0.6883910059117947, 0.6224333084359461, 0.615984692054541, 0.5560937458966054, 0.5618637119020734, 0.567693124417545, 0.5434239143822469, 0.5935977372993417, 0.4992248971446031, 0.5383694970688853, 0.48861204929092306, 0.47583828633334363, 0.47816361213216974, 0.45713576856924565, 0.5144290944345954, 0.5175379307902589, 0.4786889790272226, 0.4858752375557309, 0.4447580863829373, 0.472416397057423, 0.4684930875593302, 0.5019442047797092, 0.43448469509072857, 0.42604810384666025, 0.44966495848026405, 0.46214914119162526, 0.4486116631095912, 0.4724465995824256, 0.4296091178647515, 0.4432341170554258, 0.4369882140435329, 0.5092742449166824, 0.46064697297251955, 0.4111046359247091, 0.41030634219954615, 0.4390357205656921, 0.4323113540402886, 0.3949450856568862]","[0.9419203996658325, 0.8032949566841125, 0.8070921897888184, 0.7767610549926758, 0.7473915815353394, 0.7095593810081482, 0.670316219329834, 0.6793162226676941, 0.6316284537315369, 0.6204226016998291, 0.6111279726028442, 0.6061447262763977, 0.5989485383033752, 0.5789414048194885, 0.5766170620918274, 0.5714489817619324, 0.5652185082435608, 0.5657849311828613, 0.5664448738098145, 0.5624688267707825, 0.5578287839889526, 0.5560980439186096, 0.5468063354492188, 0.5406193733215332, 0.5653567314147949, 0.535723865032196, 0.5386302471160889, 0.5662872195243835, 0.5457589030265808, 0.5401375889778137, 0.5398571491241455, 0.5339868068695068, 0.5307244658470154, 0.5281050801277161, 0.5244620442390442, 0.5772812962532043, 0.5233422517776489, 0.5297023057937622, 0.5302346348762512, 0.5466431975364685, 0.5389040112495422, 0.5416840314865112, 0.5260862112045288, 0.5372000932693481]","[{'accuracy': 0.5483870967741935, 'f1': 0.0, 'sensitivity': 0.0, 'specificity': 1.0}, {'accuracy': 0.4838709677419355, 'f1': 0.6363636363636364, 'sensitivity': 1.0, 'specificity': 0.058823529411764705}, {'accuracy': 0.5483870967741935, 'f1': 0.36363636363636365, 'sensitivity': 0.2857142857142857, 'specificity': 0.7647058823529411}, {'accuracy': 0.6451612903225806, 'f1': 0.56, 'sensitivity': 0.5, 'specificity': 0.7647058823529411}, {'accuracy': 0.6129032258064516, 'f1': 0.7, 'sensitivity': 1.0, 'specificity': 0.29411764705882354}, {'accuracy': 0.6774193548387096, 'f1': 0.6153846153846154, 'sensitivity': 0.5714285714285714, 'specificity': 0.7647058823529411}, {'accuracy': 0.6774193548387096, 'f1': 0.7058823529411765, 'sensitivity': 0.8571428571428571, 'specificity': 0.5294117647058824}, {'accuracy': 0.7096774193548387, 'f1': 0.64, 'sensitivity': 0.5714285714285714, 'specificity': 0.8235294117647058}, {'accuracy': 0.8064516129032258, 'f1': 0.8, 'sensitivity': 0.8571428571428571, 'specificity': 0.7647058823529411}, {'accuracy': 0.7419354838709677, 'f1': 0.7142857142857143, 'sensitivity': 0.7142857142857143, 'specificity': 0.7647058823529411}, {'accuracy': 0.7419354838709677, 'f1': 0.7142857142857143, 'sensitivity': 0.7142857142857143, 'specificity': 0.7647058823529411}, {'accuracy': 0.7419354838709677, 'f1': 0.7647058823529411, 'sensitivity': 0.9285714285714286, 'specificity': 0.5882352941176471}, {'accuracy': 0.7096774193548387, 'f1': 0.6666666666666666, 'sensitivity': 0.6428571428571429, 'specificity': 0.7647058823529411}, {'accuracy': 0.7741935483870968, 'f1': 0.7586206896551724, 'sensitivity': 0.7857142857142857, 'specificity': 0.7647058823529411}, {'accuracy': 0.7419354838709677, 'f1': 0.7142857142857143, 'sensitivity': 0.7142857142857143, 'specificity': 0.7647058823529411}, {'accuracy': 0.7419354838709677, 'f1': 0.7142857142857143, 'sensitivity': 0.7142857142857143, 'specificity': 0.7647058823529411}, {'accuracy': 0.7419354838709677, 'f1': 0.7333333333333333, 'sensitivity': 0.7857142857142857, 'specificity': 0.7058823529411765}, {'accuracy': 0.7096774193548387, 'f1': 0.6896551724137931, 'sensitivity': 0.7142857142857143, 'specificity': 0.7058823529411765}, {'accuracy': 0.7096774193548387, 'f1': 0.6896551724137931, 'sensitivity': 0.7142857142857143, 'specificity': 0.7058823529411765}, {'accuracy': 0.7096774193548387, 'f1': 0.6896551724137931, 'sensitivity': 0.7142857142857143, 'specificity': 0.7058823529411765}, {'accuracy': 0.8064516129032258, 'f1': 0.8125, 'sensitivity': 0.9285714285714286, 'specificity': 0.7058823529411765}, {'accuracy': 0.7419354838709677, 'f1': 0.7142857142857143, 'sensitivity': 0.7142857142857143, 'specificity': 0.7647058823529411}, {'accuracy': 0.7096774193548387, 'f1': 0.6896551724137931, 'sensitivity': 0.7142857142857143, 'specificity': 0.7058823529411765}, {'accuracy': 0.7741935483870968, 'f1': 0.7741935483870968, 'sensitivity': 0.8571428571428571, 'specificity': 0.7058823529411765}, {'accuracy': 0.7741935483870968, 'f1': 0.72, 'sensitivity': 0.6428571428571429, 'specificity': 0.8823529411764706}, {'accuracy': 0.7419354838709677, 'f1': 0.7333333333333333, 'sensitivity': 0.7857142857142857, 'specificity': 0.7058823529411765}, {'accuracy': 0.7419354838709677, 'f1': 0.7333333333333333, 'sensitivity': 0.7857142857142857, 'specificity': 0.7058823529411765}, {'accuracy': 0.7741935483870968, 'f1': 0.72, 'sensitivity': 0.6428571428571429, 'specificity': 0.8823529411764706}, {'accuracy': 0.7419354838709677, 'f1': 0.7142857142857143, 'sensitivity': 0.7142857142857143, 'specificity': 0.7647058823529411}, {'accuracy': 0.7419354838709677, 'f1': 0.7333333333333333, 'sensitivity': 0.7857142857142857, 'specificity': 0.7058823529411765}, {'accuracy': 0.7419354838709677, 'f1': 0.7142857142857143, 'sensitivity': 0.7142857142857143, 'specificity': 0.7647058823529411}, {'accuracy': 0.7419354838709677, 'f1': 0.7142857142857143, 'sensitivity': 0.7142857142857143, 'specificity': 0.7647058823529411}, {'accuracy': 0.7419354838709677, 'f1': 0.7142857142857143, 'sensitivity': 0.7142857142857143, 'specificity': 0.7647058823529411}, {'accuracy': 0.7741935483870968, 'f1': 0.7586206896551724, 'sensitivity': 0.7857142857142857, 'specificity': 0.7647058823529411}, {'accuracy': 0.7419354838709677, 'f1': 0.7333333333333333, 'sensitivity': 0.7857142857142857, 'specificity': 0.7058823529411765}, {'accuracy': 0.7741935483870968, 'f1': 0.72, 'sensitivity': 0.6428571428571429, 'specificity': 0.8823529411764706}, {'accuracy': 0.7741935483870968, 'f1': 0.7586206896551724, 'sensitivity': 0.7857142857142857, 'specificity': 0.7647058823529411}, {'accuracy': 0.7741935483870968, 'f1': 0.7586206896551724, 'sensitivity': 0.7857142857142857, 'specificity': 0.7647058823529411}, {'accuracy': 0.7419354838709677, 'f1': 0.7333333333333333, 'sensitivity': 0.7857142857142857, 'specificity': 0.7058823529411765}, {'accuracy': 0.7741935483870968, 'f1': 0.72, 'sensitivity': 0.6428571428571429, 'specificity': 0.8823529411764706}, {'accuracy': 0.7741935483870968, 'f1': 0.7407407407407407, 'sensitivity': 0.7142857142857143, 'specificity': 0.8235294117647058}, {'accuracy': 0.7741935483870968, 'f1': 0.7407407407407407, 'sensitivity': 0.7142857142857143, 'specificity': 0.8235294117647058}, {'accuracy': 0.7741935483870968, 'f1': 0.7586206896551724, 'sensitivity': 0.7857142857142857, 'specificity': 0.7647058823529411}, {'accuracy': 0.7741935483870968, 'f1': 0.7586206896551724, 'sensitivity': 0.7857142857142857, 'specificity': 0.7647058823529411}]",COMPLETE
10,0.8484848484848485,2026-08-02 16:24:56.566379,2026-08-02 16:25:55.745713,0 days 00:00:59.179334,0.5,0.018362839120451776,0.0001537467136904321,"{'overall': {'n': 31, 'accuracy': 0.8387096774193549, 'precision': 0.7368421052631579, 'recall': 1.0, 'sensitivity': 1.0, 'specificity': 0.7058823529411765, 'balanced_accuracy': 0.8529411764705883, 'f1': 0.8484848484848485, 'confusion_matrix': [[12, 5], [0, 14]], 'auc': 0.8781512605042017, 'roc_curve': {'fpr': [0.0, 0.0, 0.0, 0.058823529411764705, 0.058823529411764705, 0.17647058823529413, 0.17647058823529413, 0.23529411764705882, 0.23529411764705882, 0.29411764705882354, 0.29411764705882354, 1.0], 'tpr': [0.0, 0.07142857142857142, 0.35714285714285715, 0.35714285714285715, 0.5, 0.5, 0.7142857142857143, 0.7142857142857143, 0.8571428571428571, 0.8571428571428571, 1.0, 1.0]}}, 'India': {'n': 14, 'accuracy': 0.8571428571428571, 'precision': 0.8333333333333334, 'recall': 1.0, 'sensitivity': 1.0, 'specificity': 0.5, 'balanced_accuracy': 0.75, 'f1': 0.9090909090909091, 'confusion_matrix': [[2, 2], [0, 10]], 'auc': 0.675, 'roc_curve': {'fpr': [0.0, 0.0, 0.0, 0.25, 0.25, 0.5, 0.5, 1.0], 'tpr': [0.0, 0.1, 0.3, 0.3, 0.4, 0.4, 1.0, 1.0]}}, 'Italy': {'n': 17, 'accuracy': 0.8235294117647058, 'precision': 0.5714285714285714, 'recall': 1.0, 'sensitivity': 1.0, 'specificity': 0.7692307692307693, 'balanced_accuracy': 0.8846153846153846, 'f1': 0.7272727272727273, 'confusion_matrix': [[10, 3], [0, 4]], 'auc': 0.9807692307692308, 'roc_curve': {'fpr': [0.0, 0.0, 0.0, 0.07692307692307693, 0.07692307692307693, 1.0], 'tpr': [0.0, 0.25, 0.75, 0.75, 1.0, 1.0]}}}",densenet121_forniceal_palpebral_v2_clean,"[1.3709045170115777, 1.0484149212739906, 1.1630421329517753, 0.772917874005376, 0.8540941987718854, 0.6597527589927725, 0.5041043133962722, 0.7625659773138915, 0.7120786349789626, 0.7614321388354918, 0.7092339193739858, 0.8223012916895808, 0.8800729371252514, 0.7378364728421581, 0.9126859844541874, 0.6877710344840069, 0.6326839696793329, 0.599388432340557, 0.7234219981699573, 0.6280459378446851, 0.6271192484161481, 0.588071333713272, 0.62765784044655, 0.6061245134087647, 0.5605349960375805, 0.5432903689592063, 0.6366838508722733, 0.7118353740293153, 0.7240268626586109, 0.5497861707291636, 0.654035303868404, 0.6294515412680957, 0.5760473041307359, 0.7366896782602582, 0.8641474974804184, 0.965331645644441, 0.8546952609302235, 0.5803015203703017, 0.7242548887421485, 0.7708634750372698, 0.8145491791014768, 0.7299066915804026, 0.7539430410683561, 0.41145174661461187, 0.6720786163596069, 0.8518328378800633, 0.8187563459889419, 0.7892465558992762, 0.683830355705858, 0.7507018799684486, 0.6241789192569499, 0.5199103087795024, 0.6613069424012892, 0.6667718279118441, 0.7491076073678983, 0.8720956789393003, 0.9546147617353063]","[0.9171769618988037, 0.8604373335838318, 0.9772818684577942, 0.903108537197113, 0.6431401371955872, 0.8277808427810669, 0.7432664036750793, 0.6369748115539551, 0.605190634727478, 0.7198966145515442, 0.6040084362030029, 0.6175516247749329, 0.7101528644561768, 0.6485446691513062, 0.7200046181678772, 0.6046963930130005, 0.5873288512229919, 0.5932126045227051, 0.571509838104248, 0.6820007562637329, 0.5959628820419312, 0.6039785146713257, 0.6281805038452148, 0.6081632375717163, 0.5711674094200134, 0.5861911177635193, 0.6354074478149414, 0.544029951095581, 0.5634963512420654, 0.5668615102767944, 0.5304721593856812, 0.5358778238296509, 0.5659506916999817, 1.1544121503829956, 1.1417025327682495, 0.9558925628662109, 0.5584411025047302, 0.5301170349121094, 0.5112930536270142, 0.615446925163269, 0.5137587189674377, 0.6250801086425781, 0.5157160758972168, 0.4935707449913025, 0.5327818393707275, 0.5062184929847717, 0.5102739930152893, 0.5085849165916443, 0.6048778295516968, 0.4870447814464569, 0.48764151334762573, 0.4925820827484131, 0.4936503767967224, 0.6110996007919312, 0.4887150526046753, 0.5773284435272217, 0.5000444650650024]","[{'accuracy': 0.45161290322580644, 'f1': 0.6222222222222222, 'sensitivity': 1.0, 'specificity': 0.0}, {'accuracy': 0.41935483870967744, 'f1': 0.5909090909090909, 'sensitivity': 0.9285714285714286, 'specificity': 0.0}, {'accuracy': 0.6129032258064516, 'f1': 0.25, 'sensitivity': 0.14285714285714285, 'specificity': 1.0}, {'accuracy': 0.4838709677419355, 'f1': 0.6363636363636364, 'sensitivity': 1.0, 'specificity': 0.058823529411764705}, {'accuracy': 0.6774193548387096, 'f1': 0.6875, 'sensitivity': 0.7857142857142857, 'specificity': 0.5882352941176471}, {'accuracy': 0.5161290322580645, 'f1': 0.6511627906976745, 'sensitivity': 1.0, 'specificity': 0.11764705882352941}, {'accuracy': 0.6451612903225806, 'f1': 0.42105263157894735, 'sensitivity': 0.2857142857142857, 'specificity': 0.9411764705882353}, {'accuracy': 0.6129032258064516, 'f1': 0.6842105263157895, 'sensitivity': 0.9285714285714286, 'specificity': 0.35294117647058826}, {'accuracy': 0.6774193548387096, 'f1': 0.6428571428571429, 'sensitivity': 0.6428571428571429, 'specificity': 0.7058823529411765}, {'accuracy': 0.7419354838709677, 'f1': 0.6, 'sensitivity': 0.42857142857142855, 'specificity': 1.0}, {'accuracy': 0.6774193548387096, 'f1': 0.6428571428571429, 'sensitivity': 0.6428571428571429, 'specificity': 0.7058823529411765}, {'accuracy': 0.6774193548387096, 'f1': 0.7222222222222222, 'sensitivity': 0.9285714285714286, 'specificity': 0.47058823529411764}, {'accuracy': 0.7741935483870968, 'f1': 0.6666666666666666, 'sensitivity': 0.5, 'specificity': 1.0}, {'accuracy': 0.6451612903225806, 'f1': 0.717948717948718, 'sensitivity': 1.0, 'specificity': 0.35294117647058826}, {'accuracy': 0.7419354838709677, 'f1': 0.6, 'sensitivity': 0.42857142857142855, 'specificity': 1.0}, {'accuracy': 0.6774193548387096, 'f1': 0.7058823529411765, 'sensitivity': 0.8571428571428571, 'specificity': 0.5294117647058824}, {'accuracy': 0.7096774193548387, 'f1': 0.6666666666666666, 'sensitivity': 0.6428571428571429, 'specificity': 0.7647058823529411}, {'accuracy': 0.7741935483870968, 'f1': 0.72, 'sensitivity': 0.6428571428571429, 'specificity': 0.8823529411764706}, {'accuracy': 0.7419354838709677, 'f1': 0.7142857142857143, 'sensitivity': 0.7142857142857143, 'specificity': 0.7647058823529411}, {'accuracy': 0.7096774193548387, 'f1': 0.6086956521739131, 'sensitivity': 0.5, 'specificity': 0.8823529411764706}, {'accuracy': 0.6451612903225806, 'f1': 0.6666666666666666, 'sensitivity': 0.7857142857142857, 'specificity': 0.5294117647058824}, {'accuracy': 0.6774193548387096, 'f1': 0.6428571428571429, 'sensitivity': 0.6428571428571429, 'specificity': 0.7058823529411765}, {'accuracy': 0.6451612903225806, 'f1': 0.6206896551724138, 'sensitivity': 0.6428571428571429, 'specificity': 0.6470588235294118}, {'accuracy': 0.6451612903225806, 'f1': 0.6206896551724138, 'sensitivity': 0.6428571428571429, 'specificity': 0.6470588235294118}, {'accuracy': 0.7096774193548387, 'f1': 0.7096774193548387, 'sensitivity': 0.7857142857142857, 'specificity': 0.6470588235294118}, {'accuracy': 0.6129032258064516, 'f1': 0.6666666666666666, 'sensitivity': 0.8571428571428571, 'specificity': 0.4117647058823529}, {'accuracy': 0.7741935483870968, 'f1': 0.6956521739130435, 'sensitivity': 0.5714285714285714, 'specificity': 0.9411764705882353}, {'accuracy': 0.7096774193548387, 'f1': 0.7272727272727273, 'sensitivity': 0.8571428571428571, 'specificity': 0.5882352941176471}, {'accuracy': 0.8064516129032258, 'f1': 0.75, 'sensitivity': 0.6428571428571429, 'specificity': 0.9411764705882353}, {'accuracy': 0.8064516129032258, 'f1': 0.75, 'sensitivity': 0.6428571428571429, 'specificity': 0.9411764705882353}, {'accuracy': 0.6774193548387096, 'f1': 0.6875, 'sensitivity': 0.7857142857142857, 'specificity': 0.5882352941176471}, {'accuracy': 0.7741935483870968, 'f1': 0.72, 'sensitivity': 0.6428571428571429, 'specificity': 0.8823529411764706}, {'accuracy': 0.7096774193548387, 'f1': 0.7567567567567568, 'sensitivity': 1.0, 'specificity': 0.47058823529411764}, {'accuracy': 0.5806451612903226, 'f1': 0.13333333333333333, 'sensitivity': 0.07142857142857142, 'specificity': 1.0}, {'accuracy': 0.5483870967741935, 'f1': 0.6666666666666666, 'sensitivity': 1.0, 'specificity': 0.17647058823529413}, {'accuracy': 0.6451612903225806, 'f1': 0.35294117647058826, 'sensitivity': 0.21428571428571427, 'specificity': 1.0}, {'accuracy': 0.6774193548387096, 'f1': 0.7222222222222222, 'sensitivity': 0.9285714285714286, 'specificity': 0.47058823529411764}, {'accuracy': 0.7741935483870968, 'f1': 0.72, 'sensitivity': 0.6428571428571429, 'specificity': 0.8823529411764706}, {'accuracy': 0.7419354838709677, 'f1': 0.6923076923076923, 'sensitivity': 0.6428571428571429, 'specificity': 0.8235294117647058}, {'accuracy': 0.7096774193548387, 'f1': 0.7567567567567568, 'sensitivity': 1.0, 'specificity': 0.47058823529411764}, {'accuracy': 0.7096774193548387, 'f1': 0.6896551724137931, 'sensitivity': 0.7142857142857143, 'specificity': 0.7058823529411765}, {'accuracy': 0.7096774193548387, 'f1': 0.7567567567567568, 'sensitivity': 1.0, 'specificity': 0.47058823529411764}, {'accuracy': 0.6774193548387096, 'f1': 0.6153846153846154, 'sensitivity': 0.5714285714285714, 'specificity': 0.7647058823529411}, {'accuracy': 0.7419354838709677, 'f1': 0.7142857142857143, 'sensitivity': 0.7142857142857143, 'specificity': 0.7647058823529411}, {'accuracy': 0.7741935483870968, 'f1': 0.8, 'sensitivity': 1.0, 'specificity': 0.5882352941176471}, {'accuracy': 0.7419354838709677, 'f1': 0.6923076923076923, 'sensitivity': 0.6428571428571429, 'specificity': 0.8235294117647058}, {'accuracy': 0.8387096774193549, 'f1': 0.8484848484848485, 'sensitivity': 1.0, 'specificity': 0.7058823529411765}, {'accuracy': 0.7096774193548387, 'f1': 0.64, 'sensitivity': 0.5714285714285714, 'specificity': 0.8235294117647058}, {'accuracy': 0.7419354838709677, 'f1': 0.6363636363636364, 'sensitivity': 0.5, 'specificity': 0.9411764705882353}, {'accuracy': 0.8064516129032258, 'f1': 0.8125, 'sensitivity': 0.9285714285714286, 'specificity': 0.7058823529411765}, {'accuracy': 0.7096774193548387, 'f1': 0.6896551724137931, 'sensitivity': 0.7142857142857143, 'specificity': 0.7058823529411765}, {'accuracy': 0.7741935483870968, 'f1': 0.7407407407407407, 'sensitivity': 0.7142857142857143, 'specificity': 0.8235294117647058}, {'accuracy': 0.7096774193548387, 'f1': 0.6896551724137931, 'sensitivity': 0.7142857142857143, 'specificity': 0.7058823529411765}, {'accuracy': 0.7419354838709677, 'f1': 0.6363636363636364, 'sensitivity': 0.5, 'specificity': 0.9411764705882353}, {'accuracy': 0.7419354838709677, 'f1': 0.7333333333333333, 'sensitivity': 0.7857142857142857, 'specificity': 0.7058823529411765}, {'accuracy': 0.7741935483870968, 'f1': 0.6956521739130435, 'sensitivity': 0.5714285714285714, 'specificity': 0.9411764705882353}, {'accuracy': 0.6774193548387096, 'f1': 0.6666666666666666, 'sensitivity': 0.7142857142857143, 'specificity': 0.6470588235294118}]",COMPLETE
