number,value,datetime_start,datetime_complete,duration,params_dropout_rate,params_learning_rate,params_weight_decay,user_attrs_best_val_metrics,user_attrs_model_name,user_attrs_train_loss_history,user_attrs_val_loss_history,user_attrs_val_overall_metrics_history,state
8,0.8125,2026-08-02 15:54:30.926878,2026-08-02 15:59:33.855162,0 days 00:05:02.928284,0.2,0.00010887633888418058,1.0167752817069834e-05,"{'overall': {'n': 33, 'accuracy': 0.8181818181818182, 'precision': 0.7222222222222222, 'recall': 0.9285714285714286, 'sensitivity': 0.9285714285714286, 'specificity': 0.7368421052631579, 'balanced_accuracy': 0.8327067669172932, 'f1': 0.8125, 'confusion_matrix': [[14, 5], [1, 13]], 'auc': 0.8609022556390978, 'roc_curve': {'fpr': [0.0, 0.05263157894736842, 0.05263157894736842, 0.10526315789473684, 0.10526315789473684, 0.15789473684210525, 0.15789473684210525, 0.2631578947368421, 0.2631578947368421, 0.47368421052631576, 0.47368421052631576, 1.0], 'tpr': [0.0, 0.0, 0.5714285714285714, 0.5714285714285714, 0.6428571428571429, 0.6428571428571429, 0.7142857142857143, 0.7142857142857143, 0.9285714285714286, 0.9285714285714286, 1.0, 1.0]}}, 'India': {'n': 14, 'accuracy': 0.8571428571428571, 'precision': 0.9, 'recall': 0.9, 'sensitivity': 0.9, 'specificity': 0.75, 'balanced_accuracy': 0.825, 'f1': 0.9, 'confusion_matrix': [[3, 1], [1, 9]], 'auc': 0.85, 'roc_curve': {'fpr': [0.0, 0.0, 0.0, 0.25, 0.25, 0.75, 0.75, 1.0], 'tpr': [0.0, 0.1, 0.6, 0.6, 0.9, 0.9, 1.0, 1.0]}}, 'Italy': {'n': 19, 'accuracy': 0.7894736842105263, 'precision': 0.5, 'recall': 1.0, 'sensitivity': 1.0, 'specificity': 0.7333333333333333, 'balanced_accuracy': 0.8666666666666667, 'f1': 0.6666666666666666, 'confusion_matrix': [[11, 4], [0, 4]], 'auc': 0.8833333333333334, 'roc_curve': {'fpr': [0.0, 0.06666666666666667, 0.06666666666666667, 0.26666666666666666, 0.26666666666666666, 1.0], 'tpr': [0.0, 0.0, 0.75, 0.75, 1.0, 1.0]}}}",swin_t_palpebral_v2_clean,"[0.8301476216474116, 0.8019620389338361, 0.7919060031309823, 0.792005650649797, 0.7990781818794099, 0.7956177935695017, 0.8020019839141542, 0.7758229651198482, 0.7789217991544711, 0.7883747302933245, 0.7864149639148585, 0.7745847441502755, 0.7853592543412518, 0.7625496726951851, 0.7995355535816673, 0.7704142174183928, 0.7721057467113267, 0.7583561472545396, 0.7337290830170082, 0.7465538031218067, 0.7482214558203488, 0.7366216194550723, 0.7385048400487332, 0.7350993184064398, 0.7377149375858686, 0.7375048955544731, 0.726952698057061, 0.7476708285066466, 0.7352065167679692, 0.7255519119319537, 0.7172620639895761, 0.7104878867698821, 0.7184181635742946, 0.7301857064891335, 0.7338396322648257, 0.7011954748867363, 0.7239180373040256, 0.7153633438198772, 0.7330249050595113, 0.6865329770062933, 0.6957438130252409, 0.7135559750708523, 0.7096012814944943, 0.6948465397026365, 0.7084048927225024, 0.7159276659914989, 0.717395671945534, 0.6932801695059467, 0.6853651522800622, 0.684783870021239, 0.676160813562128, 0.6884997179176634, 0.6810181405370599, 0.6899271575820367, 0.6806022098522313, 0.676625954394309, 0.6892485310699766, 0.6644123761069696, 0.6770110659251939, 0.6775922467377012, 0.6987442768962178, 0.6770834764897429, 0.6719812600817902, 0.6805841591184503, 0.6684660745772305, 0.6425650786879836, 0.6660110662315065, 0.6703050961557603, 0.6732796845057153, 0.6735127220880117, 0.6750852674837934, 0.6396273046929315, 0.6664006548212064, 0.6690108547147536, 0.6769525787688249, 0.6536592584572091, 0.6734846392214693, 0.6406947630920158, 0.6664995203744497, 0.6259724201745545, 0.6447331380370437, 0.6808645504199906, 0.6603235562905571, 0.6447636978515726, 0.6555355345176546, 0.6585181975206792, 0.645510071950243, 0.6326954518722383, 0.6461468102126722, 0.6538396734275566, 0.6626387025346819, 0.6468591054543754, 0.650992183495831, 0.6641575117774358, 0.6335047913702908, 0.625804822965963, 0.6282152509847224, 0.6779712884631378, 0.6383489326925467, 0.634882962861598, 0.634468888210145, 0.6228135247893681, 0.6199959666523712, 0.6489386262483154, 0.6235299382778193, 0.6421855297309673, 0.6039940975359733, 0.6321518875115755, 0.6516797960988733, 0.6400690378732239, 0.6273818975252821, 0.6484879547397032, 0.6223850147613627, 0.6331357008574025, 0.6011556256685825, 0.5980316751840099, 0.6268201438796441, 0.6243974305936043, 0.6581967330926302, 0.6015361669837245, 0.6205271170628781, 0.6442164103716415, 0.6192857441523217, 0.6320576355946774, 0.6210855249537538, 0.6266529362722738, 0.6211618465303586, 0.6202236761320505, 0.598041210348243, 0.6256221090720979, 0.6186058912056172, 0.6121018303940627, 0.6241322850549458, 0.5967324897153488, 0.6007898710421379, 0.5890449301296512, 0.6219610627123852, 0.5766996082091174, 0.5983403348764836, 0.6016027978713939, 0.6063498740164649, 0.599843470466058, 0.6029625803429559, 0.593293750522942, 0.5768938001417956, 0.6187689959608167, 0.6115793289727722, 0.6119993755359523, 0.5863638686028537, 0.5975134522709625, 0.5769067813229087, 0.6374473844142939, 0.5837036825173738, 0.6115690430268547, 0.5976979586462311, 0.5868075190000976, 0.5813245623316986, 0.5705505502934487, 0.5997294136230519, 0.6036493867043627, 0.5906910564725762, 0.5974213038848726, 0.5898512309750185, 0.6007147001114902, 0.609806077369791, 0.5697182152444953, 0.5735383069278389, 0.5752239554923102, 0.6102164671910519, 0.583818220934331, 0.5921111185819108, 0.607931983786703, 0.588334265923658, 0.600897579793109, 0.566812109868258, 0.5935422142609855, 0.5688217992814172, 0.5939721662477152, 0.5844215513854627, 0.5776575973491795, 0.6169975246025237, 0.5594379329523503, 0.5769929814812363, 0.593338995974585, 0.5608742521298642, 0.59164764904818, 0.5828488753331418, 0.5943673616213514, 0.5886104821369348, 0.591406645759052, 0.6032599668629122, 0.6244597963939439, 0.6017314385104653, 0.5596202769816316, 0.5775344521794098, 0.5784001863555402, 0.5624959508314827, 0.5840845810656516, 0.5833516957744068, 0.5806638886596983, 0.5663975860109393, 0.5420431534186104, 0.5612104819310422, 0.5634756897458967, 0.546941274443999, 0.5780237218402079, 0.592821955088748, 0.5760077849918643, 0.5579966657998546, 0.5629594799698583, 0.5377527041151035, 0.5741967116760103, 0.5597837125228731, 0.5437106105270765, 0.5838642388779596, 0.5845927982930316, 0.5279727110404842, 0.5663616373049503, 0.5414828808102387, 0.5730067092851298, 0.5651513720979754, 0.5735939891133087, 0.5506854416518812, 0.5672503348612628, 0.5591062204727274, 0.5716075494589395, 0.5423028380270826, 0.5502737829622054, 0.5368038522486656, 0.5782181549545945, 0.5686326871644583, 0.5668215380599168, 0.561612917887454, 0.5617548085206392, 0.5624513097156753, 0.556079562136669, 0.5623478411838708, 0.5681665401585054, 0.545019426487929, 0.5609075308635535, 0.5646930147480491]","[0.7909394303957621, 0.7852591492912986, 0.7797967105200796, 0.7754261620116957, 0.7719262477123376, 0.7684406529773365, 0.7652424664208384, 0.7619973403034788, 0.7588292450615854, 0.7557683532888239, 0.7528963829531814, 0.7498614878365488, 0.7469157106948622, 0.7437838803638112, 0.7411029573642847, 0.7381028587167914, 0.735296449877999, 0.7327358144702334, 0.7299795096570795, 0.7275297786250259, 0.7249048117435339, 0.7223828886494492, 0.7197021390452529, 0.7167829275131226, 0.7142221530278524, 0.711711023793076, 0.7092067888288787, 0.7066507158857404, 0.7044719909176682, 0.702346247253996, 0.7001845330903025, 0.6979425784313318, 0.6958166884653496, 0.6938969763842496, 0.6919151129144611, 0.6899268771662856, 0.6882385394789956, 0.6865798126567494, 0.6848145506598733, 0.6830834348996481, 0.6813950610883308, 0.6796068350474039, 0.6777573336254467, 0.6759630441665649, 0.6742599660700018, 0.6727270122730371, 0.6711925268173218, 0.6694694125291073, 0.667785947973078, 0.6662671566009521, 0.6646480596426761, 0.6630184542049061, 0.6612458012320779, 0.659642326109337, 0.6583694743387627, 0.6567826090436993, 0.6553220026420824, 0.6539234139702537, 0.6522408651583123, 0.6508783065911495, 0.6496473532734495, 0.6485847740462332, 0.6474942619150336, 0.6464986313473094, 0.645542708310214, 0.6444830786098134, 0.6432585210511179, 0.6420960462454594, 0.6406391606186376, 0.6396487391356266, 0.6383934048089114, 0.6373805214058269, 0.636352744066354, 0.6353544972159646, 0.6343283102367864, 0.633482092257702, 0.6327896136226077, 0.6319435202714169, 0.631161650021871, 0.630613569057349, 0.6293227961569121, 0.6279677152633667, 0.6267614346562009, 0.6252894509922374, 0.6240009954481414, 0.6230203888633035, 0.6222497694420092, 0.6214658997275613, 0.6208597060405847, 0.6200392264308352, 0.6192179105498574, 0.6182389999880935, 0.6174905155644272, 0.6166538939331517, 0.6159282001582059, 0.6150039958231377, 0.6142203789768796, 0.613539690321142, 0.6126214049079202, 0.6119351368961912, 0.6110322981169729, 0.6101823792313085, 0.6095015207926432, 0.609109696113702, 0.6083887833537478, 0.6077774600549177, 0.6072260014938585, 0.6065504821864042, 0.6059172623085253, 0.6055526426344207, 0.6051260088429307, 0.6043268297657822, 0.603852756095655, 0.6035330674865029, 0.6029700907793912, 0.6022894364414793, 0.6013691118269255, 0.6006665374293472, 0.5999471545219421, 0.5991867256887031, 0.5987307754429904, 0.5980943838755289, 0.5973218065319639, 0.5967202854878975, 0.5959616556312098, 0.595317289684758, 0.5946845321944265, 0.5939459710410147, 0.5937157273292542, 0.5931886398431027, 0.5928264151919972, 0.5921063983079159, 0.5913131670518355, 0.5905308867945815, 0.5904406507809957, 0.5899091037836942, 0.589402234915531, 0.5890969886924281, 0.588801976406213, 0.5880627885009303, 0.5873153209686279, 0.5869267257777128, 0.5863338763063605, 0.5857078144044587, 0.5853302045301958, 0.5846388051004121, 0.5841777523358663, 0.5835568850690668, 0.5834792238293272, 0.583734235980294, 0.5834574392347625, 0.5832548882022048, 0.5823212320154364, 0.5819240682052843, 0.5806860707022927, 0.5797680851184961, 0.5790761366034999, 0.5784506617170392, 0.5781346451152455, 0.5777278470270562, 0.5771625330953887, 0.5768926071398186, 0.576444893172293, 0.5757926377383146, 0.5754026246793342, 0.5751999399878762, 0.5746986486695029, 0.5738973328561494, 0.5734952868837299, 0.5730624235037601, 0.5724396163767035, 0.5719042004960956, 0.5714425751657197, 0.570924744461522, 0.5705833344748525, 0.5703633535992015, 0.5699886697711367, 0.5695143956126589, 0.5690846172246066, 0.5686167008949049, 0.5682511781201218, 0.5678945201815981, 0.5677304105325178, 0.5674273841308825, 0.5672180219130083, 0.566914515061812, 0.5665715029745391, 0.5662459315675678, 0.5657677216963335, 0.5654474966453783, 0.5650715936313976, 0.564875248706702, 0.5645308422319817, 0.5642860513744932, 0.5637780247312604, 0.5633433804367528, 0.5630800579533433, 0.5628915411053281, 0.5628773804866907, 0.5629664406631932, 0.5626750787099203, 0.5625117150220004, 0.5623824596405029, 0.5621973059394143, 0.5620628414732037, 0.5616156693660852, 0.5612577633424238, 0.5610557252710516, 0.5604809089140459, 0.5599250215472598, 0.5593649726925474, 0.5589058037960168, 0.5587799043366404, 0.5585485046560114, 0.5583950750755541, 0.5582144404902603, 0.5578371864376646, 0.5578185067032323, 0.5580677769400857, 0.5577854748928186, 0.5577797022732821, 0.5578412829023419, 0.5580231998905991, 0.5572944590539644, 0.5569514722535105, 0.556480833978364, 0.556005445393649, 0.5555958531119607, 0.5552738471464678, 0.55478302637736, 0.5544608723033558, 0.5542790239507501, 0.5541627190329812, 0.5540165756687974, 0.5542944814219619, 0.5543614011822324, 0.5544921773852725, 0.5547159548961755, 0.5546392346873428, 0.55479414174051, 0.5543570157253381]","[{'accuracy': 0.6060606060606061, 'f1': 0.13333333333333333, 'sensitivity': 0.07142857142857142, 'specificity': 1.0}, {'accuracy': 0.6666666666666666, 'f1': 0.42105263157894735, 'sensitivity': 0.2857142857142857, 'specificity': 0.9473684210526315}, {'accuracy': 0.6363636363636364, 'f1': 0.5384615384615384, 'sensitivity': 0.5, 'specificity': 0.7368421052631579}, {'accuracy': 0.6060606060606061, 'f1': 0.5517241379310345, 'sensitivity': 0.5714285714285714, 'specificity': 0.631578947368421}, {'accuracy': 0.6060606060606061, 'f1': 0.6060606060606061, 'sensitivity': 0.7142857142857143, 'specificity': 0.5263157894736842}, {'accuracy': 0.6666666666666666, 'f1': 0.7027027027027027, 'sensitivity': 0.9285714285714286, 'specificity': 0.47368421052631576}, {'accuracy': 0.6666666666666666, 'f1': 0.7027027027027027, 'sensitivity': 0.9285714285714286, 'specificity': 0.47368421052631576}, {'accuracy': 0.696969696969697, 'f1': 0.7058823529411765, 'sensitivity': 0.8571428571428571, 'specificity': 0.5789473684210527}, {'accuracy': 0.696969696969697, 'f1': 0.7058823529411765, 'sensitivity': 0.8571428571428571, 'specificity': 0.5789473684210527}, {'accuracy': 0.696969696969697, 'f1': 0.7058823529411765, 'sensitivity': 0.8571428571428571, 'specificity': 0.5789473684210527}, {'accuracy': 0.7272727272727273, 'f1': 0.7428571428571429, 'sensitivity': 0.9285714285714286, 'specificity': 0.5789473684210527}, {'accuracy': 0.7272727272727273, 'f1': 0.7567567567567568, 'sensitivity': 1.0, 'specificity': 0.5263157894736842}, {'accuracy': 0.7272727272727273, 'f1': 0.7567567567567568, 'sensitivity': 1.0, 'specificity': 0.5263157894736842}, {'accuracy': 0.696969696969697, 'f1': 0.7222222222222222, 'sensitivity': 0.9285714285714286, 'specificity': 0.5263157894736842}, {'accuracy': 0.7878787878787878, 'f1': 0.7878787878787878, 'sensitivity': 0.9285714285714286, 'specificity': 0.6842105263157895}, {'accuracy': 0.7878787878787878, 'f1': 0.7878787878787878, 'sensitivity': 0.9285714285714286, 'specificity': 0.6842105263157895}, {'accuracy': 0.7878787878787878, 'f1': 0.7878787878787878, 'sensitivity': 0.9285714285714286, 'specificity': 0.6842105263157895}, {'accuracy': 0.7575757575757576, 'f1': 0.75, 'sensitivity': 0.8571428571428571, 'specificity': 0.6842105263157895}, {'accuracy': 0.7575757575757576, 'f1': 0.75, 'sensitivity': 0.8571428571428571, 'specificity': 0.6842105263157895}, {'accuracy': 0.7575757575757576, 'f1': 0.75, 'sensitivity': 0.8571428571428571, 'specificity': 0.6842105263157895}, {'accuracy': 0.7575757575757576, 'f1': 0.75, 'sensitivity': 0.8571428571428571, 'specificity': 0.6842105263157895}, {'accuracy': 0.7878787878787878, 'f1': 0.7741935483870968, 'sensitivity': 0.8571428571428571, 'specificity': 0.7368421052631579}, {'accuracy': 0.7878787878787878, 'f1': 0.7741935483870968, 'sensitivity': 0.8571428571428571, 'specificity': 0.7368421052631579}, {'accuracy': 0.7575757575757576, 'f1': 0.75, 'sensitivity': 0.8571428571428571, 'specificity': 0.6842105263157895}, {'accuracy': 0.7878787878787878, 'f1': 0.7741935483870968, 'sensitivity': 0.8571428571428571, 'specificity': 0.7368421052631579}, {'accuracy': 0.7878787878787878, 'f1': 0.7741935483870968, 'sensitivity': 0.8571428571428571, 'specificity': 0.7368421052631579}, {'accuracy': 0.7878787878787878, 'f1': 0.7741935483870968, 'sensitivity': 0.8571428571428571, 'specificity': 0.7368421052631579}, {'accuracy': 0.7878787878787878, 'f1': 0.7741935483870968, 'sensitivity': 0.8571428571428571, 'specificity': 0.7368421052631579}, {'accuracy': 0.7878787878787878, 'f1': 0.7741935483870968, 'sensitivity': 0.8571428571428571, 'specificity': 0.7368421052631579}, {'accuracy': 0.7878787878787878, 'f1': 0.7741935483870968, 'sensitivity': 0.8571428571428571, 'specificity': 0.7368421052631579}, {'accuracy': 0.8181818181818182, 'f1': 0.8125, 'sensitivity': 0.9285714285714286, 'specificity': 0.7368421052631579}, {'accuracy': 0.8181818181818182, 'f1': 0.8125, 'sensitivity': 0.9285714285714286, 'specificity': 0.7368421052631579}, {'accuracy': 0.8181818181818182, 'f1': 0.8125, 'sensitivity': 0.9285714285714286, 'specificity': 0.7368421052631579}, {'accuracy': 0.8181818181818182, 'f1': 0.8125, 'sensitivity': 0.9285714285714286, 'specificity': 0.7368421052631579}, {'accuracy': 0.8181818181818182, 'f1': 0.8125, 'sensitivity': 0.9285714285714286, 'specificity': 0.7368421052631579}, {'accuracy': 0.8181818181818182, 'f1': 0.8125, 'sensitivity': 0.9285714285714286, 'specificity': 0.7368421052631579}, {'accuracy': 0.8181818181818182, 'f1': 0.8125, 'sensitivity': 0.9285714285714286, 'specificity': 0.7368421052631579}, {'accuracy': 0.7878787878787878, 'f1': 0.7741935483870968, 'sensitivity': 0.8571428571428571, 'specificity': 0.7368421052631579}, {'accuracy': 0.7878787878787878, 'f1': 0.7741935483870968, 'sensitivity': 0.8571428571428571, 'specificity': 0.7368421052631579}, {'accuracy': 0.7878787878787878, 'f1': 0.7741935483870968, 'sensitivity': 0.8571428571428571, 'specificity': 0.7368421052631579}, {'accuracy': 0.7878787878787878, 'f1': 0.7741935483870968, 'sensitivity': 0.8571428571428571, 'specificity': 0.7368421052631579}, {'accuracy': 0.7575757575757576, 'f1': 0.7333333333333333, 'sensitivity': 0.7857142857142857, 'specificity': 0.7368421052631579}, {'accuracy': 0.7878787878787878, 'f1': 0.7741935483870968, 'sensitivity': 0.8571428571428571, 'specificity': 0.7368421052631579}, {'accuracy': 0.7878787878787878, 'f1': 0.7741935483870968, 'sensitivity': 0.8571428571428571, 'specificity': 0.7368421052631579}, {'accuracy': 0.7878787878787878, 'f1': 0.7741935483870968, 'sensitivity': 0.8571428571428571, 'specificity': 0.7368421052631579}, {'accuracy': 0.7878787878787878, 'f1': 0.7741935483870968, 'sensitivity': 0.8571428571428571, 'specificity': 0.7368421052631579}, {'accuracy': 0.7575757575757576, 'f1': 0.7333333333333333, 'sensitivity': 0.7857142857142857, 'specificity': 0.7368421052631579}, {'accuracy': 0.7575757575757576, 'f1': 0.7333333333333333, 'sensitivity': 0.7857142857142857, 'specificity': 0.7368421052631579}, {'accuracy': 0.7575757575757576, 'f1': 0.7333333333333333, 'sensitivity': 0.7857142857142857, 'specificity': 0.7368421052631579}, {'accuracy': 0.7575757575757576, 'f1': 0.7333333333333333, 'sensitivity': 0.7857142857142857, 'specificity': 0.7368421052631579}, {'accuracy': 0.7575757575757576, 'f1': 0.7333333333333333, 'sensitivity': 0.7857142857142857, 'specificity': 0.7368421052631579}, {'accuracy': 0.7575757575757576, 'f1': 0.7333333333333333, 'sensitivity': 0.7857142857142857, 'specificity': 0.7368421052631579}, {'accuracy': 0.7575757575757576, 'f1': 0.7333333333333333, 'sensitivity': 0.7857142857142857, 'specificity': 0.7368421052631579}, {'accuracy': 0.7878787878787878, 'f1': 0.7741935483870968, 'sensitivity': 0.8571428571428571, 'specificity': 0.7368421052631579}, {'accuracy': 0.7575757575757576, 'f1': 0.7333333333333333, 'sensitivity': 0.7857142857142857, 'specificity': 0.7368421052631579}, {'accuracy': 0.7575757575757576, 'f1': 0.7333333333333333, 'sensitivity': 0.7857142857142857, 'specificity': 0.7368421052631579}, {'accuracy': 0.7575757575757576, 'f1': 0.7333333333333333, 'sensitivity': 0.7857142857142857, 'specificity': 0.7368421052631579}, {'accuracy': 0.7575757575757576, 'f1': 0.7333333333333333, 'sensitivity': 0.7857142857142857, 'specificity': 0.7368421052631579}, {'accuracy': 0.7878787878787878, 'f1': 0.7741935483870968, 'sensitivity': 0.8571428571428571, 'specificity': 0.7368421052631579}, {'accuracy': 0.7878787878787878, 'f1': 0.7741935483870968, 'sensitivity': 0.8571428571428571, 'specificity': 0.7368421052631579}, {'accuracy': 0.7878787878787878, 'f1': 0.7741935483870968, 'sensitivity': 0.8571428571428571, 'specificity': 0.7368421052631579}, {'accuracy': 0.7878787878787878, 'f1': 0.7741935483870968, 'sensitivity': 0.8571428571428571, 'specificity': 0.7368421052631579}, {'accuracy': 0.7575757575757576, 'f1': 0.7333333333333333, 'sensitivity': 0.7857142857142857, 'specificity': 0.7368421052631579}, {'accuracy': 0.7575757575757576, 'f1': 0.7333333333333333, 'sensitivity': 0.7857142857142857, 'specificity': 0.7368421052631579}, {'accuracy': 0.7575757575757576, 'f1': 0.7333333333333333, 'sensitivity': 0.7857142857142857, 'specificity': 0.7368421052631579}, {'accuracy': 0.7575757575757576, 'f1': 0.7333333333333333, 'sensitivity': 0.7857142857142857, 'specificity': 0.7368421052631579}, {'accuracy': 0.7575757575757576, 'f1': 0.7333333333333333, 'sensitivity': 0.7857142857142857, 'specificity': 0.7368421052631579}, {'accuracy': 0.7575757575757576, 'f1': 0.7333333333333333, 'sensitivity': 0.7857142857142857, 'specificity': 0.7368421052631579}, {'accuracy': 0.7575757575757576, 'f1': 0.7333333333333333, 'sensitivity': 0.7857142857142857, 'specificity': 0.7368421052631579}, {'accuracy': 0.7575757575757576, 'f1': 0.7333333333333333, 'sensitivity': 0.7857142857142857, 'specificity': 0.7368421052631579}, {'accuracy': 0.7575757575757576, 'f1': 0.7333333333333333, 'sensitivity': 0.7857142857142857, 'specificity': 0.7368421052631579}, {'accuracy': 0.7575757575757576, 'f1': 0.7333333333333333, 'sensitivity': 0.7857142857142857, 'specificity': 0.7368421052631579}, {'accuracy': 0.7575757575757576, 'f1': 0.7333333333333333, 'sensitivity': 0.7857142857142857, 'specificity': 0.7368421052631579}, {'accuracy': 0.7575757575757576, 'f1': 0.7333333333333333, 'sensitivity': 0.7857142857142857, 'specificity': 0.7368421052631579}, {'accuracy': 0.7575757575757576, 'f1': 0.7333333333333333, 'sensitivity': 0.7857142857142857, 'specificity': 0.7368421052631579}, {'accuracy': 0.7575757575757576, 'f1': 0.7333333333333333, 'sensitivity': 0.7857142857142857, 'specificity': 0.7368421052631579}, {'accuracy': 0.7575757575757576, 'f1': 0.7333333333333333, 'sensitivity': 0.7857142857142857, 'specificity': 0.7368421052631579}, {'accuracy': 0.7575757575757576, 'f1': 0.7333333333333333, 'sensitivity': 0.7857142857142857, 'specificity': 0.7368421052631579}, {'accuracy': 0.7575757575757576, 'f1': 0.7333333333333333, 'sensitivity': 0.7857142857142857, 'specificity': 0.7368421052631579}, {'accuracy': 0.7878787878787878, 'f1': 0.7586206896551724, 'sensitivity': 0.7857142857142857, 'specificity': 0.7894736842105263}, {'accuracy': 0.7575757575757576, 'f1': 0.7333333333333333, 'sensitivity': 0.7857142857142857, 'specificity': 0.7368421052631579}, {'accuracy': 0.7575757575757576, 'f1': 0.7333333333333333, 'sensitivity': 0.7857142857142857, 'specificity': 0.7368421052631579}, {'accuracy': 0.75757575