number,value,datetime_start,datetime_complete,duration,params_dropout_rate,params_learning_rate,params_weight_decay,user_attrs_best_val_metrics,user_attrs_model_name,user_attrs_train_loss_history,user_attrs_val_loss_history,user_attrs_val_overall_metrics_history,state
4,0.8148148148148148,2026-08-02 15:51:25.801783,2026-08-02 15:53:18.924047,0 days 00:01:53.122264,0.2,0.0008179499475211679,3.752055855124284e-05,"{'overall': {'n': 33, 'accuracy': 0.8484848484848485, 'precision': 0.8461538461538461, 'recall': 0.7857142857142857, 'sensitivity': 0.7857142857142857, 'specificity': 0.8947368421052632, 'balanced_accuracy': 0.8402255639097744, 'f1': 0.8148148148148148, 'confusion_matrix': [[17, 2], [3, 11]], 'auc': 0.8834586466165414, 'roc_curve': {'fpr': [0.0, 0.05263157894736842, 0.05263157894736842, 0.10526315789473684, 0.10526315789473684, 0.3157894736842105, 0.3157894736842105, 1.0], 'tpr': [0.0, 0.0, 0.6428571428571429, 0.6428571428571429, 0.7857142857142857, 0.7857142857142857, 1.0, 1.0]}}, 'India': {'n': 14, 'accuracy': 0.7857142857142857, 'precision': 0.8888888888888888, 'recall': 0.8, 'sensitivity': 0.8, 'specificity': 0.75, 'balanced_accuracy': 0.775, 'f1': 0.8421052631578947, 'confusion_matrix': [[3, 1], [2, 8]], 'auc': 0.875, 'roc_curve': {'fpr': [0.0, 0.0, 0.0, 0.25, 0.25, 0.5, 0.5, 1.0], 'tpr': [0.0, 0.1, 0.7, 0.7, 0.8, 0.8, 1.0, 1.0]}}, 'Italy': {'n': 19, 'accuracy': 0.8947368421052632, 'precision': 0.75, 'recall': 0.75, 'sensitivity': 0.75, 'specificity': 0.9333333333333333, 'balanced_accuracy': 0.8416666666666667, 'f1': 0.75, 'confusion_matrix': [[14, 1], [1, 3]], 'auc': 0.8833333333333334, 'roc_curve': {'fpr': [0.0, 0.06666666666666667, 0.06666666666666667, 0.26666666666666666, 0.26666666666666666, 1.0], 'tpr': [0.0, 0.0, 0.75, 0.75, 1.0, 1.0]}}}",swin_t_palpebral_v2_clean,"[0.806751067275243, 0.784478362427642, 0.7614873201641815, 0.7360684255890498, 0.712543500180276, 0.7329809491997523, 0.6843086263991349, 0.711586115770782, 0.670767929775036, 0.6567814906701347, 0.6652938664354235, 0.6537923157609851, 0.6435871428211793, 0.6062165380313697, 0.6180715059602497, 0.6056770927069203, 0.6118699355630686, 0.6034922564266533, 0.5905394921239638, 0.6113720844123537, 0.5821326556584693, 0.6009556611642143, 0.6042510093442651, 0.5620680179027532, 0.5934477515568007, 0.5410154292125575, 0.5813096106447131, 0.5897415106659694, 0.570727628587887, 0.5626608326735086, 0.5732877412379183, 0.5781226254851612, 0.5587369367381595, 0.5573534487888513, 0.5683084469757332, 0.5497394362032808, 0.5688280857951435, 0.5644688014163087, 0.5344637397504011, 0.5450012861498145, 0.5471904583719392, 0.5722610101794565, 0.5236085769751214, 0.5713367106898731, 0.5295368354052108, 0.5764572648023139, 0.548708852158477, 0.5425969674097781, 0.5387727949792975, 0.5381134168201724, 0.535155874214425, 0.5387847909074746, 0.5295074601836552, 0.5206730756538593, 0.57556255092684, 0.5035625396185364, 0.5167955256850514, 0.5493454171332303, 0.5112585190510908, 0.4871363136547291, 0.5324515258239595, 0.5199240130304501, 0.49769118665069934, 0.476038681750266, 0.5238486836288149, 0.5423995291949898, 0.46869197941773777, 0.5232188705576967, 0.4920759931305386, 0.48625249775829693, 0.5280850087570039, 0.4968612946027162, 0.507046959652806, 0.5315888808263058, 0.5163771324599815, 0.48852605515757935, 0.5070270193333657, 0.49650794820280264, 0.5029254429387731, 0.5107574245787614, 0.4899136874059968, 0.47373054457816066, 0.5243155253644021, 0.506845037668746, 0.5077618056575194, 0.5036542747194404, 0.48984192538735094, 0.5015002765402888, 0.5000563698099149]","[0.7687873208161556, 0.747380868955092, 0.725722768089988, 0.7077414700479219, 0.6931994033582283, 0.677836046074376, 0.6655906583323623, 0.6541777704701279, 0.6444297974759882, 0.636536413973028, 0.6287053669943954, 0.6218020563775842, 0.6160716938249993, 0.6124449281981497, 0.6043262445565426, 0.598692744067221, 0.5957511627312863, 0.590206301573551, 0.5850149375019651, 0.5852967283942483, 0.5804096532590461, 0.5765278881246393, 0.5768628806778879, 0.5756163344238744, 0.5752650535467899, 0.5684615770975748, 0.5654945120666967, 0.5620409647623698, 0.5600043824224761, 0.5598042047385013, 0.5587003845157046, 0.5537290717616226, 0.5513240496317545, 0.5489922111684625, 0.5471493114124645, 0.5454916123187903, 0.5453317923979326, 0.5445966503836892, 0.5450967767021873, 0.5453263557318485, 0.5449300534797438, 0.5426518953207767, 0.5428882403807207, 0.5438063831040354, 0.5423390034473303, 0.540740638068228, 0.5418341304316665, 0.5419007720369281, 0.539995753403866, 0.5423491073377205, 0.5466325319174564, 0.5483262286041722, 0.5423205838058934, 0.5383681456247965, 0.5365160161798651, 0.5354256088083441, 0.5346750057104862, 0.5350983901457353, 0.5333500414183645, 0.5348701260306619, 0.5334539810816447, 0.5309567848841349, 0.5304345000873912, 0.5303431315855547, 0.5289162325136589, 0.5282852360696504, 0.5280523191798817, 0.5284648555697817, 0.5300666671810728, 0.52943437388449, 0.5291400316989783, 0.5315236467303652, 0.5281558253548362, 0.5220188083070697, 0.521608804211472, 0.5249169595313795, 0.5228611881082709, 0.519222252296679, 0.5176317583430897, 0.5179701501672919, 0.5164722168084347, 0.5164310318050962, 0.5172076586521033, 0.5169115644512754, 0.5166367328528202, 0.5165219740434126, 0.517018325401075, 0.5199270465157249, 0.5184768582835342]","[{'accuracy': 0.8181818181818182, 'f1': 0.8, 'sensitivity': 0.8571428571428571, 'specificity': 0.7894736842105263}, {'accuracy': 0.7272727272727273, 'f1': 0.7428571428571429, 'sensitivity': 0.9285714285714286, 'specificity': 0.5789473684210527}, {'accuracy': 0.8181818181818182, 'f1': 0.8125, 'sensitivity': 0.9285714285714286, 'specificity': 0.7368421052631579}, {'accuracy': 0.8181818181818182, 'f1': 0.7857142857142857, 'sensitivity': 0.7857142857142857, 'specificity': 0.8421052631578947}, {'accuracy': 0.8181818181818182, 'f1': 0.7857142857142857, 'sensitivity': 0.7857142857142857, 'specificity': 0.8421052631578947}, {'accuracy': 0.8181818181818182, 'f1': 0.8, 'sensitivity': 0.8571428571428571, 'specificity': 0.7894736842105263}, {'accuracy': 0.8181818181818182, 'f1': 0.8, 'sensitivity': 0.8571428571428571, 'specificity': 0.7894736842105263}, {'accuracy': 0.7878787878787878, 'f1': 0.7741935483870968, 'sensitivity': 0.8571428571428571, 'specificity': 0.7368421052631579}, {'accuracy': 0.8181818181818182, 'f1': 0.7857142857142857, 'sensitivity': 0.7857142857142857, 'specificity': 0.8421052631578947}, {'accuracy': 0.7878787878787878, 'f1': 0.7586206896551724, 'sensitivity': 0.7857142857142857, 'specificity': 0.7894736842105263}, {'accuracy': 0.7575757575757576, 'f1': 0.7333333333333333, 'sensitivity': 0.7857142857142857, 'specificity': 0.7368421052631579}, {'accuracy': 0.7272727272727273, 'f1': 0.7096774193548387, 'sensitivity': 0.7857142857142857, 'specificity': 0.6842105263157895}, {'accuracy': 0.8181818181818182, 'f1': 0.7857142857142857, 'sensitivity': 0.7857142857142857, 'specificity': 0.8421052631578947}, {'accuracy': 0.8484848484848485, 'f1': 0.8148148148148148, 'sensitivity': 0.7857142857142857, 'specificity': 0.8947368421052632}, {'accuracy': 0.8181818181818182, 'f1': 0.7857142857142857, 'sensitivity': 0.7857142857142857, 'specificity': 0.8421052631578947}, {'accuracy': 0.7878787878787878, 'f1': 0.7586206896551724, 'sensitivity': 0.7857142857142857, 'specificity': 0.7894736842105263}, {'accuracy': 0.7575757575757576, 'f1': 0.75, 'sensitivity': 0.8571428571428571, 'specificity': 0.6842105263157895}, {'accuracy': 0.7272727272727273, 'f1': 0.7096774193548387, 'sensitivity': 0.7857142857142857, 'specificity': 0.6842105263157895}, {'accuracy': 0.7272727272727273, 'f1': 0.7096774193548387, 'sensitivity': 0.7857142857142857, 'specificity': 0.6842105263157895}, {'accuracy': 0.8484848484848485, 'f1': 0.8148148148148148, 'sensitivity': 0.7857142857142857, 'specificity': 0.8947368421052632}, {'accuracy': 0.8484848484848485, 'f1': 0.8148148148148148, 'sensitivity': 0.7857142857142857, 'specificity': 0.8947368421052632}, {'accuracy': 0.8181818181818182, 'f1': 0.7857142857142857, 'sensitivity': 0.7857142857142857, 'specificity': 0.8421052631578947}, {'accuracy': 0.8181818181818182, 'f1': 0.7857142857142857, 'sensitivity': 0.7857142857142857, 'specificity': 0.8421052631578947}, {'accuracy': 0.8181818181818182, 'f1': 0.7857142857142857, 'sensitivity': 0.7857142857142857, 'specificity': 0.8421052631578947}, {'accuracy': 0.8484848484848485, 'f1': 0.8148148148148148, 'sensitivity': 0.7857142857142857, 'specificity': 0.8947368421052632}, {'accuracy': 0.7575757575757576, 'f1': 0.7333333333333333, 'sensitivity': 0.7857142857142857, 'specificity': 0.7368421052631579}, {'accuracy': 0.7575757575757576, 'f1': 0.7333333333333333, 'sensitivity': 0.7857142857142857, 'specificity': 0.7368421052631579}, {'accuracy': 0.7575757575757576, 'f1': 0.7333333333333333, 'sensitivity': 0.7857142857142857, 'specificity': 0.7368421052631579}, {'accuracy': 0.7575757575757576, 'f1': 0.7333333333333333, 'sensitivity': 0.7857142857142857, 'specificity': 0.7368421052631579}, {'accuracy': 0.7575757575757576, 'f1': 0.7333333333333333, 'sensitivity': 0.7857142857142857, 'specificity': 0.7368421052631579}, {'accuracy': 0.7878787878787878, 'f1': 0.7586206896551724, 'sensitivity': 0.7857142857142857, 'specificity': 0.7894736842105263}, {'accuracy': 0.7575757575757576, 'f1': 0.7333333333333333, 'sensitivity': 0.7857142857142857, 'specificity': 0.7368421052631579}, {'accuracy': 0.7575757575757576, 'f1': 0.7333333333333333, 'sensitivity': 0.7857142857142857, 'specificity': 0.7368421052631579}, {'accuracy': 0.7575757575757576, 'f1': 0.7333333333333333, 'sensitivity': 0.7857142857142857, 'specificity': 0.7368421052631579}, {'accuracy': 0.7575757575757576, 'f1': 0.7333333333333333, 'sensitivity': 0.7857142857142857, 'specificity': 0.7368421052631579}, {'accuracy': 0.7575757575757576, 'f1': 0.7333333333333333, 'sensitivity': 0.7857142857142857, 'specificity': 0.7368421052631579}, {'accuracy': 0.7575757575757576, 'f1': 0.7333333333333333, 'sensitivity': 0.7857142857142857, 'specificity': 0.7368421052631579}, {'accuracy': 0.7575757575757576, 'f1': 0.7333333333333333, 'sensitivity': 0.7857142857142857, 'specificity': 0.7368421052631579}, {'accuracy': 0.7575757575757576, 'f1': 0.7333333333333333, 'sensitivity': 0.7857142857142857, 'specificity': 0.7368421052631579}, {'accuracy': 0.7575757575757576, 'f1': 0.7333333333333333, 'sensitivity': 0.7857142857142857, 'specificity': 0.7368421052631579}, {'accuracy': 0.7878787878787878, 'f1': 0.7586206896551724, 'sensitivity': 0.7857142857142857, 'specificity': 0.7894736842105263}, {'accuracy': 0.7575757575757576, 'f1': 0.7333333333333333, 'sensitivity': 0.7857142857142857, 'specificity': 0.7368421052631579}, {'accuracy': 0.7878787878787878, 'f1': 0.7586206896551724, 'sensitivity': 0.7857142857142857, 'specificity': 0.7894736842105263}, {'accuracy': 0.7878787878787878, 'f1': 0.7586206896551724, 'sensitivity': 0.7857142857142857, 'specificity': 0.7894736842105263}, {'accuracy': 0.7878787878787878, 'f1': 0.7586206896551724, 'sensitivity': 0.7857142857142857, 'specificity': 0.7894736842105263}, {'accuracy': 0.7575757575757576, 'f1': 0.7333333333333333, 'sensitivity': 0.7857142857142857, 'specificity': 0.7368421052631579}, {'accuracy': 0.7878787878787878, 'f1': 0.7586206896551724, 'sensitivity': 0.7857142857142857, 'specificity': 0.7894736842105263}, {'accuracy': 0.7878787878787878, 'f1': 0.7586206896551724, 'sensitivity': 0.7857142857142857, 'specificity': 0.7894736842105263}, {'accuracy': 0.7575757575757576, 'f1': 0.7333333333333333, 'sensitivity': 0.7857142857142857, 'specificity': 0.7368421052631579}, {'accuracy': 0.7878787878787878, 'f1': 0.7586206896551724, 'sensitivity': 0.7857142857142857, 'specificity': 0.7894736842105263}, {'accuracy': 0.7878787878787878, 'f1': 0.7407407407407407, 'sensitivity': 0.7142857142857143, 'specificity': 0.8421052631578947}, {'accuracy': 0.7878787878787878, 'f1': 0.7407407407407407, 'sensitivity': 0.7142857142857143, 'specificity': 0.8421052631578947}, {'accuracy': 0.7878787878787878, 'f1': 0.7586206896551724, 'sensitivity': 0.7857142857142857, 'specificity': 0.7894736842105263}, {'accuracy': 0.7575757575757576, 'f1': 0.7333333333333333, 'sensitivity': 0.7857142857142857, 'specificity': 0.7368421052631579}, {'accuracy': 0.7575757575757576, 'f1': 0.7333333333333333, 'sensitivity': 0.7857142857142857, 'specificity': 0.7368421052631579}, {'accuracy': 0.7575757575757576, 'f1': 0.7333333333333333, 'sensitivity': 0.7857142857142857, 'specificity': 0.7368421052631579}, {'accuracy': 0.7575757575757576, 'f1': 0.7333333333333333, 'sensitivity': 0.7857142857142857, 'specificity': 0.7368421052631579}, {'accuracy': 0.7575757575757576, 'f1': 0.7333333333333333, 'sensitivity': 0.7857142857142857, 'specificity': 0.7368421052631579}, {'accuracy': 0.7575757575757576, 'f1': 0.7333333333333333, 'sensitivity': 0.7857142857142857, 'specificity': 0.7368421052631579}, {'accuracy': 0.7878787878787878, 'f1': 0.7586206896551724, 'sensitivity': 0.7857142857142857, 'specificity': 0.7894736842105263}, {'accuracy': 0.7575757575757576, 'f1': 0.7333333333333333, 'sensitivity': 0.7857142857142857, 'specificity': 0.7368421052631579}, {'accuracy': 0.7575757575757576, 'f1': 0.7333333333333333, 'sensitivity': 0.7857142857142857, 'specificity': 0.7368421052631579}, {'accuracy': 0.7575757575757576, 'f1': 0.7333333333333333, 'sensitivity': 0.7857142857142857, 'specificity': 0.7368421052631579}, {'accuracy': 0.7575757575757576, 'f1': 0.7333333333333333, 'sensitivity': 0.7857142857142857, 'specificity': 0.7368421052631579}, {'accuracy': 0.7575757575757576, 'f1': 0.7333333333333333, 'sensitivity': 0.7857142857142857, 'specificity': 0.7368421052631579}, {'accuracy': 0.7575757575757576, 'f1': 0.7333333333333333, 'sensitivity': 0.7857142857142857, 'specificity': 0.7368421052631579}, {'accuracy': 0.7575757575757576, 'f1': 0.7333333333333333, 'sensitivity': 0.7857142857142857, 'specificity': 0.7368421052631579}, {'accuracy': 0.7575757575757576, 'f1': 0.7333333333333333, 'sensitivity': 0.7857142857142857, 'specificity': 0.7368421052631579}, {'accuracy': 0.7575757575757576, 'f1': 0.7333333333333333, 'sensitivity': 0.7857142857142857, 'specificity': 0.7368421052631579}, {'accuracy': 0.7575757575757576, 'f1': 0.7333333333333333, 'sensitivity': 0.7857142857142857, 'specificity': 0.7368421052631579}, {'accuracy': 0.7272727272727273, 'f1': 0.6896551724137931, 'sensitivity': 0.7142857142857143, 'specificity': 0.7368421052631579}, {'accuracy': 0.7575757575757576, 'f1': 0.7142857142857143, 'sensitivity': 0.7142857142857143, 'specificity': 0.7894736842105263}, {'accuracy': 0.7575757575757576, 'f1': 0.7142857142857143, 'sensitivity': 0.7142857142857143, 'specificity': 0.7894736842105263}, {'accuracy': 0.7575757575757576, 'f1': 0.7333333333333333, 'sensitivity': 0.7857142857142857, 'specificity': 0.7368421052631579}, {'accuracy': 0.7575757575757576, 'f1': 0.7333333333333333, 'sensitivity': 0.7857142857142857, 'specificity': 0.7368421052631579}, {'accuracy': 0.7575757575757576, 'f1': 0.7142857142857143, 'sensitivity': 0.7142857142857143, 'specificity': 0.7894736842105263}, {'accuracy': 0.7878787878787878, 'f1': 0.7407407407407407, 'sensitivity': 0.7142857142857143, 'specificity': 0.8421052631578947}, {'accuracy': 0.7575757575757576, 'f1': 0.7333333333333333, 'sensitivity': 0.7857142857142857, 'specificity': 0.7368421052631579}, {'accuracy': 0.7575757575757576, 'f1': 0.7333333333333333, 'sensitivity': 0.7857142857142857, 'specificity': 0.7368421052631579}, {'accuracy': 0.7575757575757576, 'f1': 0.7333333333333333, 'sensitivity': 0.7857142857142857, 'specificity': 0.7368421052631579}, {'accuracy': 0.7575757575757576, 'f1': 0.7333333333333333, 'sensitivity': 0.7857142857142857, 'specificity': 0.7368421052631579}, {'accuracy': 0.7575757575757576, 'f1': 0.7333333333333333, 'sensitivity': 0.7857142857142857, 'specificity': 0.7368421052631579}, {'accuracy': 0.7575757575757576, 'f1': 0.7333333333333333, 'sensitivity': 0.7857142857142857, 'specificity': 0.7368421052631579}, {'accuracy': 0.7575757575757576, 'f1': 0.7333333333333333, 'sensitivity': 0.7857142857142857, 'specificity': 0.7368421052631579}, {'accuracy': 0.7575757575757576, 'f1': 0.7333333333333333, 'sensitivity': 0.7857142857142857, 'specificity': 0.7368421052631579}, {'accuracy': 0.7575757575757576, 'f1': 0.7333333333333333, 'sensitivity': 0.7857142857142857, 'specificity': 0.7368421052631579}, {'accuracy': 0.7575757575757576, 'f1': 0.7333333333333333, 'sensitivity': 0.7857142857142857, 'specificity': 0.7368421052631579}, {'accuracy': 0.7575757575757576, 'f1': 0.7142857142857143, 'sensitivity': 0.7142857142857143, 'specificity': 0.7894736842105263}, {'accuracy': 0.7575757575757576, 'f1': 0.7142857142857143, 'sensitivity': 0.7142857142857143, 'specificity': 0.7894736842105263}]",COMPLETE
5,0.7878787878787878,2026-08-02 15:53:18.924434,2026-08-02 15:53:37.368389,0 days 00:00:18.443955,0.5,0.08088564223049027,1.0422971466648463e-06,"{'overall': {'n': 33, 'accuracy': 0.7878787878787878, 'precision': 0.6842105263157895, 'recall': 0.9285714285714286, 'sensitivity': 0.9285714285714286, 'specificity': 0.6842105263157895, 'balanced_accuracy': 0.8063909774436091, 'f1': 0.7878787878787878, 'confusion_matrix': [[13, 6], [1, 13]], 'auc': 0.8421052631578947, 'roc_curve': {'fpr': [0.0, 0.0, 0.0, 0.05263157894736842, 0.05263157894736842, 0.10526315789473684, 0.10526315789473684, 0.21052631578947367, 0.21052631578947367, 0.2631578947368421, 0.2631578947368421, 0.3157894736842105, 0.3157894736842105, 0.3684210526315789, 0.3684210526315789, 1.0], 'tpr': [0.0, 0.07142857142857142, 0.14285714285714285, 0.14285714285714285, 0.2857142857142857, 0.2857142857142857, 0.5714285714285714, 0.5714285714285714, 0.6428571428571429, 0.6428571428571429, 0.8571428571428571, 0.8571428571428571, 0.9285714285714286, 0.9285714285714286, 1.0, 1.0]}}, 'India': {'n': 14, 'accuracy': 0.7857142857142857, 'precision': 0.8181818181818182, 'recall': 0.9, 'sensitivity': 0.9, 'specificity': 0.5, 'balanced_accuracy': 0.7, 'f1': 0.8571428571428571, 'confusion_matrix': [[2, 2], [1, 9]], 'auc': 0.675, 'roc_curve': {'fpr': [0.0, 0.0, 0.0, 0.25, 0.25, 0.5, 0.5, 1.0], 'tpr': [0.0, 0.1, 0.2, 0.2, 0.5, 0.5, 1.0, 1.0]}}, 'Italy': {'n': 19, 'accuracy': 0.7894736842105263, 'precision': 0.5, 'recall': 1.0, 'sensitivity': 1.0, 'specificity': 0.7333333333333333, 'balanced_accuracy': 0.8666666666666667, 'f1': 0.6666666666666666, 'confusion_matrix': [[11, 4], [0, 4]], 'auc': 0.9000000000000001, 'roc_curve': {'fpr': [0.0, 0.0, 0.06666666666666667, 0.06666666666666667, 0.26666666666666666, 0.26666666666666666, 1.0], 'tpr': [0.0, 0.25, 0.25, 0.75, 0.75, 1.0, 1.0]}}}",swin_t_palpebral_v2_clean,"[2.3543683282586914, 1.7547273264815475, 1.6427548436929058, 1.1870132605761092, 1.7383985677302278, 0.911859586538858, 1.17113264822802, 1.1903779356684905, 1.185180241303728, 1.3034463512976437, 1.2883167779998275, 1.1834833890397027, 1.354422749273035, 0.9624696575253215]","[1.8617282925230083, 1.704030094724713, 0.9742964253281102, 1.354277581879587, 0.8668014641964075, 0.8593709541089607, 0.6850784908641468, 1.0356933275858562, 0.8902870525013317, 0.8160338112802217, 1.1812348221287583, 0.8047084952845718, 0.9515909426140062, 0.9573675502430309]","[{'accuracy': 0.5757575757575758, 'f1': 0.6666666666666666, 'sensitivity': 1.0, 'specificity': 0.2631578947368421}, {'accuracy': 0.696969696969697, 'f1': 0.5, 'sensitivity': 0.35714285714285715, 'specificity': 0.9473684210526315}, {'accuracy': 0.7575757575757576, 'f1': 0.7647058823529411, 'sensitivity': 0.9285714285714286, 'specificity': 0.631578947368421}, {'accuracy': 0.7272727272727273, 'f1': 0.5714285714285714, 'sensitivity': 0.42857142857142855, 'specificity': 0.9473684210526315}, {'accuracy': 0.7272727272727273, 'f1': 0.7272727272727273, 'sensitivity': 0.8571428571428571, 'specificity': 0.631578947368421}, {'accuracy': 0.7575757575757576, 'f1': 0.6666666666666666, 'sensitivity': 0.5714285714285714, 'specificity': 0.8947368421052632}, {'accuracy': 0.7575757575757576, 'f1': 0.7333333333333333, 'sensitivity': 0.7857142857142857, 'specificity': 0.7368421052631579}, {'accuracy': 0.7272727272727273, 'f1': 0.7567567567567568, 'sensitivity': 1.0, 'specificity': 0.5263157894736842}, {'accuracy': 0.7272727272727273, 'f1': 0.6086956521739131, 'sensitivity': 0.5, 'specificity': 0.8947368421052632}, {'accuracy': 0.7878787878787878, 'f1': 0.7878787878787878, 'sensitivity': 0.9285714285714286, 'specificity': 0.6842105263157895}, {'accuracy': 0.6666666666666666, 'f1': 0.47619047619047616, 'sensitivity': 0.35714285714285715, 'specificity': 0.8947368421052632}, {'accuracy': 0.7878787878787878, 'f1': 0.7741935483870968, 'sensitivity': 0.8571428571428571, 'specificity': 0.7368421052631579}, {'accuracy': 0.7272727272727273, 'f1': 0.6086956521739131, 'sensitivity': 0.5, 'specificity': 0.8947368421052632}, {'accuracy': 0.7878787878787878, 'f1': 0.7878787878787878, 'sensitivity': 0.9285714285714286, 'specificity': 0.6842105263157895}]",COMPLETE
