number,value,datetime_start,datetime_complete,duration,params_dropout_rate,params_learning_rate,params_weight_decay,user_attrs_best_val_metrics,user_attrs_model_name,user_attrs_train_loss_history,user_attrs_val_loss_history,user_attrs_val_overall_metrics_history,state
9,0.875,2026-08-02 15:41:36.230609,2026-08-02 15:42:22.130383,0 days 00:00:45.899774,0.2,0.0011249436130085291,0.00011856737112037188,"{'overall': {'n': 31, 'accuracy': 0.8709677419354839, 'precision': 0.7777777777777778, 'recall': 1.0, 'sensitivity': 1.0, 'specificity': 0.7647058823529411, 'balanced_accuracy': 0.8823529411764706, 'f1': 0.875, 'confusion_matrix': [[13, 4], [0, 14]], 'auc': 0.9285714285714285, 'roc_curve': {'fpr': [0.0, 0.0, 0.0, 0.058823529411764705, 0.058823529411764705, 0.17647058823529413, 0.17647058823529413, 0.23529411764705882, 0.23529411764705882, 1.0], 'tpr': [0.0, 0.07142857142857142, 0.35714285714285715, 0.35714285714285715, 0.7857142857142857, 0.7857142857142857, 0.8571428571428571, 0.8571428571428571, 1.0, 1.0]}}, 'India': {'n': 14, 'accuracy': 0.8571428571428571, 'precision': 0.8333333333333334, 'recall': 1.0, 'sensitivity': 1.0, 'specificity': 0.5, 'balanced_accuracy': 0.75, 'f1': 0.9090909090909091, 'confusion_matrix': [[2, 2], [0, 10]], 'auc': 0.775, 'roc_curve': {'fpr': [0.0, 0.0, 0.0, 0.25, 0.25, 0.5, 0.5, 1.0], 'tpr': [0.0, 0.1, 0.3, 0.3, 0.8, 0.8, 1.0, 1.0]}}, 'Italy': {'n': 17, 'accuracy': 0.8823529411764706, 'precision': 0.6666666666666666, 'recall': 1.0, 'sensitivity': 1.0, 'specificity': 0.8461538461538461, 'balanced_accuracy': 0.9230769230769231, 'f1': 0.8, 'confusion_matrix': [[11, 2], [0, 4]], 'auc': 0.9807692307692308, 'roc_curve': {'fpr': [0.0, 0.0, 0.0, 0.07692307692307693, 0.07692307692307693, 1.0], 'tpr': [0.0, 0.25, 0.75, 0.75, 1.0, 1.0]}}}",regnet_y_400mf_forniceal_palpebral_v2_clean,"[0.8488876807446383, 0.7703351370331382, 0.7550166792610065, 0.7210534944826242, 0.7262591293879918, 0.7127368547478501, 0.6956171510981864, 0.6385059393182093, 0.6475638430945727, 0.6152448808254839, 0.6326858964907068, 0.5806289436865826, 0.5837927947239, 0.55874067423295, 0.5669068321078813, 0.5698634815864823, 0.5805198381952688, 0.5809611467277112, 0.5694347615955638, 0.5237756148487532, 0.5236733424014786, 0.5643521026283705, 0.5414933957615677, 0.5503421924552139, 0.5048524871164438, 0.5558806803761697, 0.5239800303971687, 0.5212399176999826, 0.46199935999046376, 0.4561332224988613, 0.49861910148542754, 0.49428976778270434, 0.52788634608392, 0.4880440385163236, 0.5024122226805914, 0.5244343653828109, 0.49098055520836187, 0.4864548375817383, 0.4288656697386787, 0.4851596290562429, 0.5765672905915449, 0.5022000573119338, 0.4403317560549496, 0.4933803507259914, 0.504201510325581, 0.4564866056653107, 0.44599962295318135, 0.44610137608992, 0.47690012037348584, 0.5087868023891838, 0.4707852650661858, 0.45279775590312726, 0.46319200412756734, 0.4999186739224155, 0.4539686992865841, 0.458683284164286, 0.4646658378393472, 0.4731307512237912, 0.4465967392434879, 0.4790155597690011, 0.44211860822171584, 0.440701329991931, 0.4725469683303314, 0.45247463628548346, 0.43702948296151195, 0.46822511298315866, 0.4542131683453411, 0.4064985756971398, 0.43600142661000596, 0.4178936343614747]","[0.8103001713752747, 0.8307241201400757, 0.8143234252929688, 0.7813935279846191, 0.7281754612922668, 0.6895904541015625, 0.6530576944351196, 0.6281862258911133, 0.6131767630577087, 0.5992413759231567, 0.5875118374824524, 0.580454409122467, 0.5660958886146545, 0.5541016459465027, 0.5445252656936646, 0.5444353222846985, 0.5374038219451904, 0.526560366153717, 0.5206109881401062, 0.5203376412391663, 0.512813150882721, 0.518449068069458, 0.5063328146934509, 0.5085318088531494, 0.5007498264312744, 0.5067344307899475, 0.49457991123199463, 0.4919090270996094, 0.48633480072021484, 0.48823028802871704, 0.49693405628204346, 0.4836096465587616, 0.4801117479801178, 0.4803319573402405, 0.4794907569885254, 0.48099809885025024, 0.4715576767921448, 0.47306594252586365, 0.47061702609062195, 0.470495343208313, 0.47949519753456116, 0.4759286940097809, 0.4712584912776947, 0.47297027707099915, 0.46703821420669556, 0.46731650829315186, 0.46286657452583313, 0.4647480249404907, 0.46549078822135925, 0.46665307879447937, 0.4831879138946533, 0.4677228629589081, 0.4618716537952423, 0.4645047187805176, 0.4690050184726715, 0.4708080291748047, 0.46686702966690063, 0.4630725383758545, 0.46354159712791443, 0.4611804187297821, 0.4608505964279175, 0.4646276831626892, 0.45817914605140686, 0.463113009929657, 0.46603256464004517, 0.4611133337020874, 0.46700629591941833, 0.46386924386024475, 0.464762806892395, 0.4623209834098816]","[{'accuracy': 0.45161290322580644, 'f1': 0.5853658536585366, 'sensitivity': 0.8571428571428571, 'specificity': 0.11764705882352941}, {'accuracy': 0.5806451612903226, 'f1': 0.3157894736842105, 'sensitivity': 0.21428571428571427, 'specificity': 0.8823529411764706}, {'accuracy': 0.5483870967741935, 'f1': 0.46153846153846156, 'sensitivity': 0.42857142857142855, 'specificity': 0.6470588235294118}, {'accuracy': 0.5806451612903226, 'f1': 0.6285714285714286, 'sensitivity': 0.7857142857142857, 'specificity': 0.4117647058823529}, {'accuracy': 0.6774193548387096, 'f1': 0.6875, 'sensitivity': 0.7857142857142857, 'specificity': 0.5882352941176471}, {'accuracy': 0.6774193548387096, 'f1': 0.6875, 'sensitivity': 0.7857142857142857, 'specificity': 0.5882352941176471}, {'accuracy': 0.7096774193548387, 'f1': 0.7428571428571429, 'sensitivity': 0.9285714285714286, 'specificity': 0.5294117647058824}, {'accuracy': 0.7741935483870968, 'f1': 0.8, 'sensitivity': 1.0, 'specificity': 0.5882352941176471}, {'accuracy': 0.7741935483870968, 'f1': 0.8, 'sensitivity': 1.0, 'specificity': 0.5882352941176471}, {'accuracy': 0.7741935483870968, 'f1': 0.8, 'sensitivity': 1.0, 'specificity': 0.5882352941176471}, {'accuracy': 0.7741935483870968, 'f1': 0.8, 'sensitivity': 1.0, 'specificity': 0.5882352941176471}, {'accuracy': 0.8387096774193549, 'f1': 0.8275862068965517, 'sensitivity': 0.8571428571428571, 'specificity': 0.8235294117647058}, {'accuracy': 0.8387096774193549, 'f1': 0.8275862068965517, 'sensitivity': 0.8571428571428571, 'specificity': 0.8235294117647058}, {'accuracy': 0.8387096774193549, 'f1': 0.8484848484848485, 'sensitivity': 1.0, 'specificity': 0.7058823529411765}, {'accuracy': 0.8387096774193549, 'f1': 0.8484848484848485, 'sensitivity': 1.0, 'specificity': 0.7058823529411765}, {'accuracy': 0.8387096774193549, 'f1': 0.8275862068965517, 'sensitivity': 0.8571428571428571, 'specificity': 0.8235294117647058}, {'accuracy': 0.8387096774193549, 'f1': 0.8275862068965517, 'sensitivity': 0.8571428571428571, 'specificity': 0.8235294117647058}, {'accuracy': 0.8387096774193549, 'f1': 0.8484848484848485, 'sensitivity': 1.0, 'specificity': 0.7058823529411765}, {'accuracy': 0.8709677419354839, 'f1': 0.875, 'sensitivity': 1.0, 'specificity': 0.7647058823529411}, {'accuracy': 0.8387096774193549, 'f1': 0.8484848484848485, 'sensitivity': 1.0, 'specificity': 0.7058823529411765}, {'accuracy': 0.8064516129032258, 'f1': 0.8, 'sensitivity': 0.8571428571428571, 'specificity': 0.7647058823529411}, {'accuracy': 0.8387096774193549, 'f1': 0.8275862068965517, 'sensitivity': 0.8571428571428571, 'specificity': 0.8235294117647058}, {'accuracy': 0.8387096774193549, 'f1': 0.8387096774193549, 'sensitivity': 0.9285714285714286, 'specificity': 0.7647058823529411}, {'accuracy': 0.8387096774193549, 'f1': 0.8484848484848485, 'sensitivity': 1.0, 'specificity': 0.7058823529411765}, {'accuracy': 0.8064516129032258, 'f1': 0.8, 'sensitivity': 0.8571428571428571, 'specificity': 0.7647058823529411}, {'accuracy': 0.8064516129032258, 'f1': 0.8, 'sensitivity': 0.8571428571428571, 'specificity': 0.7647058823529411}, {'accuracy': 0.8387096774193549, 'f1': 0.8484848484848485, 'sensitivity': 1.0, 'specificity': 0.7058823529411765}, {'accuracy': 0.8387096774193549, 'f1': 0.8484848484848485, 'sensitivity': 1.0, 'specificity': 0.7058823529411765}, {'accuracy': 0.8387096774193549, 'f1': 0.8387096774193549, 'sensitivity': 0.9285714285714286, 'specificity': 0.7647058823529411}, {'accuracy': 0.8064516129032258, 'f1': 0.8, 'sensitivity': 0.8571428571428571, 'specificity': 0.7647058823529411}, {'accuracy': 0.8064516129032258, 'f1': 0.8, 'sensitivity': 0.8571428571428571, 'specificity': 0.7647058823529411}, {'accuracy': 0.8064516129032258, 'f1': 0.8, 'sensitivity': 0.8571428571428571, 'specificity': 0.7647058823529411}, {'accuracy': 0.8387096774193549, 'f1': 0.8387096774193549, 'sensitivity': 0.9285714285714286, 'specificity': 0.7647058823529411}, {'accuracy': 0.8064516129032258, 'f1': 0.8, 'sensitivity': 0.8571428571428571, 'specificity': 0.7647058823529411}, {'accuracy': 0.8064516129032258, 'f1': 0.8, 'sensitivity': 0.8571428571428571, 'specificity': 0.7647058823529411}, {'accuracy': 0.8064516129032258, 'f1': 0.8, 'sensitivity': 0.8571428571428571, 'specificity': 0.7647058823529411}, {'accuracy': 0.8387096774193549, 'f1': 0.8387096774193549, 'sensitivity': 0.9285714285714286, 'specificity': 0.7647058823529411}, {'accuracy': 0.8064516129032258, 'f1': 0.8, 'sensitivity': 0.8571428571428571, 'specificity': 0.7647058823529411}, {'accuracy': 0.8064516129032258, 'f1': 0.8, 'sensitivity': 0.8571428571428571, 'specificity': 0.7647058823529411}, {'accuracy': 0.8064516129032258, 'f1': 0.8, 'sensitivity': 0.8571428571428571, 'specificity': 0.7647058823529411}, {'accuracy': 0.8387096774193549, 'f1': 0.8387096774193549, 'sensitivity': 0.9285714285714286, 'specificity': 0.7647058823529411}, {'accuracy': 0.8064516129032258, 'f1': 0.8, 'sensitivity': 0.8571428571428571, 'specificity': 0.7647058823529411}, {'accuracy': 0.8064516129032258, 'f1': 0.8, 'sensitivity': 0.8571428571428571, 'specificity': 0.7647058823529411}, {'accuracy': 0.8387096774193549, 'f1': 0.8387096774193549, 'sensitivity': 0.9285714285714286, 'specificity': 0.7647058823529411}, {'accuracy': 0.8064516129032258, 'f1': 0.8, 'sensitivity': 0.8571428571428571, 'specificity': 0.7647058823529411}, {'accuracy': 0.8064516129032258, 'f1': 0.8, 'sensitivity': 0.8571428571428571, 'specificity': 0.7647058823529411}, {'accuracy': 0.8064516129032258, 'f1': 0.8, 'sensitivity': 0.8571428571428571, 'specificity': 0.7647058823529411}, {'accuracy': 0.8387096774193549, 'f1': 0.8387096774193549, 'sensitivity': 0.9285714285714286, 'specificity': 0.7647058823529411}, {'accuracy': 0.8387096774193549, 'f1': 0.8387096774193549, 'sensitivity': 0.9285714285714286, 'specificity': 0.7647058823529411}, {'accuracy': 0.8387096774193549, 'f1': 0.8387096774193549, 'sensitivity': 0.9285714285714286, 'specificity': 0.7647058823529411}, {'accuracy': 0.8387096774193549, 'f1': 0.8275862068965517, 'sensitivity': 0.8571428571428571, 'specificity': 0.8235294117647058}, {'accuracy': 0.8064516129032258, 'f1': 0.8, 'sensitivity': 0.8571428571428571, 'specificity': 0.7647058823529411}, {'accuracy': 0.8064516129032258, 'f1': 0.8, 'sensitivity': 0.8571428571428571, 'specificity': 0.7647058823529411}, {'accuracy': 0.8387096774193549, 'f1': 0.8387096774193549, 'sensitivity': 0.9285714285714286, 'specificity': 0.7647058823529411}, {'accuracy': 0.8064516129032258, 'f1': 0.8, 'sensitivity': 0.8571428571428571, 'specificity': 0.7647058823529411}, {'accuracy': 0.8064516129032258, 'f1': 0.8, 'sensitivity': 0.8571428571428571, 'specificity': 0.7647058823529411}, {'accuracy': 0.8064516129032258, 'f1': 0.8, 'sensitivity': 0.8571428571428571, 'specificity': 0.7647058823529411}, {'accuracy': 0.8064516129032258, 'f1': 0.8, 'sensitivity': 0.8571428571428571, 'specificity': 0.7647058823529411}, {'accuracy': 0.8387096774193549, 'f1': 0.8387096774193549, 'sensitivity': 0.9285714285714286, 'specificity': 0.7647058823529411}, {'accuracy': 0.8387096774193549, 'f1': 0.8387096774193549, 'sensitivity': 0.9285714285714286, 'specificity': 0.7647058823529411}, {'accuracy': 0.8064516129032258, 'f1': 0.8, 'sensitivity': 0.8571428571428571, 'specificity': 0.7647058823529411}, {'accuracy': 0.8387096774193549, 'f1': 0.8275862068965517, 'sensitivity': 0.8571428571428571, 'specificity': 0.8235294117647058}, {'accuracy': 0.8064516129032258, 'f1': 0.8, 'sensitivity': 0.8571428571428571, 'specificity': 0.7647058823529411}, {'accuracy': 0.8387096774193549, 'f1': 0.8387096774193549, 'sensitivity': 0.9285714285714286, 'specificity': 0.7647058823529411}, {'accuracy': 0.8387096774193549, 'f1': 0.8275862068965517, 'sensitivity': 0.8571428571428571, 'specificity': 0.8235294117647058}, {'accuracy': 0.8064516129032258, 'f1': 0.8, 'sensitivity': 0.8571428571428571, 'specificity': 0.7647058823529411}, {'accuracy': 0.8064516129032258, 'f1': 0.8, 'sensitivity': 0.8571428571428571, 'specificity': 0.7647058823529411}, {'accuracy': 0.8387096774193549, 'f1': 0.8275862068965517, 'sensitivity': 0.8571428571428571, 'specificity': 0.8235294117647058}, {'accuracy': 0.8064516129032258, 'f1': 0.8, 'sensitivity': 0.8571428571428571, 'specificity': 0.7647058823529411}, {'accuracy': 0.8064516129032258, 'f1': 0.8, 'sensitivity': 0.8571428571428571, 'specificity': 0.7647058823529411}]",COMPLETE
10,0.8387096774193549,2026-08-02 15:42:22.130760,2026-08-02 15:42:32.022854,0 days 00:00:09.892094,0.5,0.018362839120451776,1.9113354590616596e-05,"{'overall': {'n': 31, 'accuracy': 0.8387096774193549, 'precision': 0.7647058823529411, 'recall': 0.9285714285714286, 'sensitivity': 0.9285714285714286, 'specificity': 0.7647058823529411, 'balanced_accuracy': 0.8466386554621849, 'f1': 0.8387096774193549, 'confusion_matrix': [[13, 4], [1, 13]], 'auc': 0.8529411764705882, 'roc_curve': {'fpr': [0.0, 0.0, 0.0, 0.058823529411764705, 0.058823529411764705, 0.11764705882352941, 0.11764705882352941, 0.17647058823529413, 0.17647058823529413, 0.35294117647058826, 0.35294117647058826, 1.0], 'tpr': [0.0, 0.07142857142857142, 0.14285714285714285, 0.14285714285714285, 0.21428571428571427, 0.21428571428571427, 0.35714285714285715, 0.35714285714285715, 0.9285714285714286, 0.9285714285714286, 1.0, 1.0]}}, 'India': {'n': 14, 'accuracy': 0.7142857142857143, 'precision': 0.75, 'recall': 0.9, 'sensitivity': 0.9, 'specificity': 0.25, 'balanced_accuracy': 0.575, 'f1': 0.8181818181818182, 'confusion_matrix': [[1, 3], [1, 9]], 'auc': 0.525, 'roc_curve': {'fpr': [0.0, 0.0, 0.5, 0.5, 0.75, 0.75, 1.0], 'tpr': [0.0, 0.1, 0.1, 0.9, 0.9, 1.0, 1.0]}}, 'Italy': {'n': 17, 'accuracy': 0.9411764705882353, 'precision': 0.8, 'recall': 1.0, 'sensitivity': 1.0, 'specificity': 0.9230769230769231, 'balanced_accuracy': 0.9615384615384616, 'f1': 0.8888888888888888, 'confusion_matrix': [[12, 1], [0, 4]], 'auc': 1.0, 'roc_curve': {'fpr': [0.0, 0.0, 0.0, 1.0], 'tpr': [0.0, 0.25, 1.0, 1.0]}}}",regnet_y_400mf_forniceal_palpebral_v2_clean,"[1.1756500236842098, 1.2632110272946, 0.9149821635817184, 0.6022976580120268, 0.6617999632342332, 0.6405929387832174, 0.524723986987354, 0.6414906431217583, 0.6657497234084979, 0.725253896648381, 0.7042604567242318, 0.7438214125276423, 0.7936806228696084, 0.6811533651384366, 0.5712580319975509]","[1.632564663887024, 0.7533324360847473, 1.0698421001434326, 0.5633874535560608, 0.9323031306266785, 0.5492591261863708, 0.6391668915748596, 0.49215221405029297, 0.5405358076095581, 0.6183362007141113, 0.5260800123214722, 0.5453157424926758, 0.5798090696334839, 0.5168841481208801, 0.5287765860557556]","[{'accuracy': 0.45161290322580644, 'f1': 0.6222222222222222, 'sensitivity': 1.0, 'specificity': 0.0}, {'accuracy': 0.5483870967741935, 'f1': 0.2222222222222222, 'sensitivity': 0.14285714285714285, 'specificity': 0.8823529411764706}, {'accuracy': 0.4838709677419355, 'f1': 0.6363636363636364, 'sensitivity': 1.0, 'specificity': 0.058823529411764705}, {'accuracy': 0.8064516129032258, 'f1': 0.8125, 'sensitivity': 0.9285714285714286, 'specificity': 0.7058823529411765}, {'accuracy': 0.5806451612903226, 'f1': 0.6829268292682927, 'sensitivity': 1.0, 'specificity': 0.23529411764705882}, {'accuracy': 0.7096774193548387, 'f1': 0.64, 'sensitivity': 0.5714285714285714, 'specificity': 0.8235294117647058}, {'accuracy': 0.7419354838709677, 'f1': 0.7777777777777778, 'sensitivity': 1.0, 'specificity': 0.5294117647058824}, {'accuracy': 0.7741935483870968, 'f1': 0.7586206896551724, 'sensitivity': 0.7857142857142857, 'specificity': 0.7647058823529411}, {'accuracy': 0.8064516129032258, 'f1': 0.8235294117647058, 'sensitivity': 1.0, 'specificity': 0.6470588235294118}, {'accuracy': 0.7096774193548387, 'f1': 0.64, 'sensitivity': 0.5714285714285714, 'specificity': 0.8235294117647058}, {'accuracy': 0.7741935483870968, 'f1': 0.7586206896551724, 'sensitivity': 0.7857142857142857, 'specificity': 0.7647058823529411}, {'accuracy': 0.8064516129032258, 'f1': 0.7857142857142857, 'sensitivity': 0.7857142857142857, 'specificity': 0.8235294117647058}, {'accuracy': 0.7419354838709677, 'f1': 0.6923076923076923, 'sensitivity': 0.6428571428571429, 'specificity': 0.8235294117647058}, {'accuracy': 0.8387096774193549, 'f1': 0.8387096774193549, 'sensitivity': 0.9285714285714286, 'specificity': 0.7647058823529411}, {'accuracy': 0.8387096774193549, 'f1': 0.8275862068965517, 'sensitivity': 0.8571428571428571, 'specificity': 0.8235294117647058}]",COMPLETE
