number,value,datetime_start,datetime_complete,duration,params_dropout_rate,params_learning_rate,params_weight_decay,user_attrs_best_val_metrics,user_attrs_model_name,user_attrs_train_loss_history,user_attrs_val_loss_history,user_attrs_val_overall_metrics_history,state
1,0.8666666666666667,2026-08-02 15:37:52.622918,2026-08-02 15:39:24.076942,0 days 00:01:31.454024,0.5,0.00029380279387035364,2.9375384576328313e-06,"{'overall': {'n': 31, 'accuracy': 0.8709677419354839, 'precision': 0.8125, 'recall': 0.9285714285714286, 'sensitivity': 0.9285714285714286, 'specificity': 0.8235294117647058, 'balanced_accuracy': 0.8760504201680672, 'f1': 0.8666666666666667, 'confusion_matrix': [[14, 3], [1, 13]], 'auc': 0.8991596638655461, 'roc_curve': {'fpr': [0.0, 0.0, 0.0, 0.11764705882352941, 0.11764705882352941, 0.17647058823529413, 0.17647058823529413, 0.23529411764705882, 0.23529411764705882, 1.0], 'tpr': [0.0, 0.07142857142857142, 0.35714285714285715, 0.35714285714285715, 0.6428571428571429, 0.6428571428571429, 0.9285714285714286, 0.9285714285714286, 1.0, 1.0]}}, 'India': {'n': 14, 'accuracy': 0.7857142857142857, 'precision': 0.8181818181818182, 'recall': 0.9, 'sensitivity': 0.9, 'specificity': 0.5, 'balanced_accuracy': 0.7, 'f1': 0.8571428571428571, 'confusion_matrix': [[2, 2], [1, 9]], 'auc': 0.7, 'roc_curve': {'fpr': [0.0, 0.0, 0.0, 0.5, 0.5, 1.0], 'tpr': [0.0, 0.1, 0.4, 0.4, 1.0, 1.0]}}, 'Italy': {'n': 17, 'accuracy': 0.9411764705882353, 'precision': 0.8, 'recall': 1.0, 'sensitivity': 1.0, 'specificity': 0.9230769230769231, 'balanced_accuracy': 0.9615384615384616, 'f1': 0.8888888888888888, 'confusion_matrix': [[12, 1], [0, 4]], 'auc': 0.9807692307692308, 'roc_curve': {'fpr': [0.0, 0.0, 0.0, 0.07692307692307693, 0.07692307692307693, 1.0], 'tpr': [0.0, 0.25, 0.75, 0.75, 1.0, 1.0]}}}",regnet_y_400mf_forniceal_palpebral_v2_clean,"[0.894265430719674, 0.8378445907514922, 0.8556001567516197, 0.8325731198803908, 0.8720986644426981, 0.7825300373187681, 0.8330953271210599, 0.7641452814446015, 0.7622012954179932, 0.8097701088911822, 0.8333120650174667, 0.7820223715840554, 0.8006073187808601, 0.7715753215510829, 0.8243182852965634, 0.7846127545752493, 0.7527795912457161, 0.7791955280466144, 0.7857556878303995, 0.7691478850890179, 0.7138941109585925, 0.792187287693932, 0.7403235950437533, 0.7418771345599168, 0.7748147330316556, 0.7536205791291737, 0.7428982261897755, 0.7646609646122472, 0.7162106714281095, 0.690717466834451, 0.7091887593269348, 0.6717387518915189, 0.7440091740517389, 0.6795824376904235, 0.7435917643462719, 0.6970830944930615, 0.7083932311356473, 0.6946174956503368, 0.6636307961275788, 0.6870531756050733, 0.6109375345463656, 0.6974038741215557, 0.6959014932314554, 0.687328582312785, 0.6359022774663913, 0.6881042962171593, 0.6752552260346965, 0.6456161275201914, 0.6333199605649832, 0.6752541409868772, 0.6934002885202162, 0.5991885941855761, 0.6546971372195652, 0.6451648583217543, 0.6003053046408153, 0.6487817683187472, 0.6104324058610566, 0.6187331785961073, 0.660223320227902, 0.6595282793855991, 0.6247738032113939, 0.5977809165610748, 0.6226047468023236, 0.6479167974725062, 0.559472245626709, 0.6411295253403333, 0.6001263418976142, 0.6367846354335344, 0.5909066001574198, 0.6290703967314999, 0.6214754313838725, 0.6267030644578998, 0.5839970395678565, 0.6323869568961007, 0.593669684768534, 0.5892341874894642, 0.6386241418163793, 0.6515554055875662, 0.6536947675302726, 0.5937816735838546, 0.5797700014244132, 0.6349702149021382, 0.5883586256682467, 0.5630730986595154, 0.6300689476687892, 0.5942310816576691, 0.5497158990830792, 0.6332232262812504, 0.5891879480712268, 0.528537392616272, 0.6219542237366138, 0.6140171573275611, 0.5455466715656981, 0.6410941558630288, 0.571610464936211, 0.6006754790844561, 0.6470059788956934, 0.5595215753633149, 0.6066903240826665, 0.5290042109229938, 0.5982638605597879, 0.5815188179210741, 0.6012985390059802, 0.5413031273958634, 0.5000980942427706, 0.5672799709702836, 0.5304588600486314, 0.5593006083754455, 0.5565082560591146, 0.6146168473626481, 0.5726284615847529, 0.562168131474735, 0.5107699713739408, 0.5724728261532427, 0.5365376030506731, 0.5784732743996341, 0.5438340069079886, 0.5401858622525014, 0.6098163896271972, 0.610476261093503, 0.5918559813175072, 0.5483737924472004, 0.571196465670657, 0.5408131611995957, 0.5795417805107272, 0.6366328438934015, 0.5132244186741965, 0.5618180859656561, 0.5076715250809988, 0.5915007595302296, 0.5537179801739803, 0.5008347135822789, 0.5100154905092149, 0.57659337309753, 0.5878079880257042, 0.558202457265789, 0.5899680565003635, 0.5583629608154297, 0.5998356739679972, 0.569448653938008, 0.5954714652632369, 0.529321361155737, 0.5689759003061826]","[0.8498336672782898, 0.8085551261901855, 0.8048048615455627, 0.813289999961853, 0.8358893394470215, 0.838492214679718, 0.8213393688201904, 0.809551477432251, 0.8112040758132935, 0.8027785420417786, 0.7966653108596802, 0.7918125987052917, 0.785094678401947, 0.7803292274475098, 0.7738919854164124, 0.7676719427108765, 0.7615393400192261, 0.7610968947410583, 0.7536070942878723, 0.7493523359298706, 0.7444053888320923, 0.7376406192779541, 0.7309792041778564, 0.7265645861625671, 0.7248893976211548, 0.7203694581985474, 0.7163063287734985, 0.7113394737243652, 0.7052242755889893, 0.7058064937591553, 0.701180100440979, 0.6989787817001343, 0.6954154968261719, 0.6916090846061707, 0.6879327297210693, 0.6851192116737366, 0.6815308332443237, 0.6797726154327393, 0.675143301486969, 0.6721303462982178, 0.6676981449127197, 0.6652786135673523, 0.6626872420310974, 0.6591233015060425, 0.6578546166419983, 0.6565970778465271, 0.6510385870933533, 0.6480347514152527, 0.6460516452789307, 0.6435502171516418, 0.6418951749801636, 0.6352667808532715, 0.6303778290748596, 0.6302024722099304, 0.6337313055992126, 0.6294627785682678, 0.6260847449302673, 0.6248648166656494, 0.6225776076316833, 0.6202185750007629, 0.6161007881164551, 0.6096442341804504, 0.6081008911132812, 0.607449471950531, 0.6076527237892151, 0.6053876876831055, 0.6058691740036011, 0.6034055352210999, 0.6018050312995911, 0.600597620010376, 0.5956234931945801, 0.5950844883918762, 0.5978108048439026, 0.5944359302520752, 0.5910767912864685, 0.5906401872634888, 0.5878368616104126, 0.5852817893028259, 0.5866714715957642, 0.5806950926780701, 0.5815945267677307, 0.5795755386352539, 0.578027069568634, 0.5771059989929199, 0.570560872554779, 0.5728281140327454, 0.5670525431632996, 0.5672549605369568, 0.5702610611915588, 0.5689200162887573, 0.5662063360214233, 0.5653457045555115, 0.562323272228241, 0.5620821118354797, 0.5579090714454651, 0.5568025708198547, 0.5584573745727539, 0.5569960474967957, 0.557380199432373, 0.5552680492401123, 0.5567043423652649, 0.5538642406463623, 0.5524682402610779, 0.5518279075622559, 0.5515626072883606, 0.551898181438446, 0.5502045154571533, 0.5459187030792236, 0.5425541400909424, 0.5410752892494202, 0.5417875051498413, 0.5438626408576965, 0.5417518615722656, 0.5415943264961243, 0.5362330675125122, 0.533977746963501, 0.5343157649040222, 0.5339405536651611, 0.5360161662101746, 0.5358335375785828, 0.5414562821388245, 0.5427879095077515, 0.5348682999610901, 0.53397136926651, 0.5319722294807434, 0.5284618735313416, 0.5248992443084717, 0.5215272307395935, 0.5217591524124146, 0.5211353302001953, 0.5208719968795776, 0.5196767449378967, 0.5160048604011536, 0.5190637707710266, 0.5199577212333679, 0.5154003500938416, 0.5182642340660095, 0.5197010636329651, 0.5216544270515442, 0.5240985751152039, 0.5234635472297668, 0.5175819396972656, 0.5169435739517212]","[{'accuracy': 0.41935483870967744, 'f1': 0.5714285714285714, 'sensitivity': 0.8571428571428571, 'specificity': 0.058823529411764705}, {'accuracy': 0.6129032258064516, 'f1': 0.625, 'sensitivity': 0.7142857142857143, 'specificity': 0.5294117647058824}, {'accuracy': 0.5483870967741935, 'f1': 0.4166666666666667, 'sensitivity': 0.35714285714285715, 'specificity': 0.7058823529411765}, {'accuracy': 0.5806451612903226, 'f1': 0.5185185185185185, 'sensitivity': 0.5, 'specificity': 0.6470588235294118}, {'accuracy': 0.4838709677419355, 'f1': 0.42857142857142855, 'sensitivity': 0.42857142857142855, 'specificity': 0.5294117647058824}, {'accuracy': 0.4838709677419355, 'f1': 0.42857142857142855, 'sensitivity': 0.42857142857142855, 'specificity': 0.5294117647058824}, {'accuracy': 0.5806451612903226, 'f1': 0.6060606060606061, 'sensitivity': 0.7142857142857143, 'specificity': 0.47058823529411764}, {'accuracy': 0.5483870967741935, 'f1': 0.5882352941176471, 'sensitivity': 0.7142857142857143, 'specificity': 0.4117647058823529}, {'accuracy': 0.5161290322580645, 'f1': 0.5161290322580645, 'sensitivity': 0.5714285714285714, 'specificity': 0.47058823529411764}, {'accuracy': 0.5161290322580645, 'f1': 0.4827586206896552, 'sensitivity': 0.5, 'specificity': 0.5294117647058824}, {'accuracy': 0.5483870967741935, 'f1': 0.5333333333333333, 'sensitivity': 0.5714285714285714, 'specificity': 0.5294117647058824}, {'accuracy': 0.5806451612903226, 'f1': 0.5517241379310345, 'sensitivity': 0.5714285714285714, 'specificity': 0.5882352941176471}, {'accuracy': 0.5483870967741935, 'f1': 0.5, 'sensitivity': 0.5, 'specificity': 0.5882352941176471}, {'accuracy': 0.5806451612903226, 'f1': 0.5517241379310345, 'sensitivity': 0.5714285714285714, 'specificity': 0.5882352941176471}, {'accuracy': 0.6451612903225806, 'f1': 0.6451612903225806, 'sensitivity': 0.7142857142857143, 'specificity': 0.5882352941176471}, {'accuracy': 0.6451612903225806, 'f1': 0.6451612903225806, 'sensitivity': 0.7142857142857143, 'specificity': 0.5882352941176471}, {'accuracy': 0.6451612903225806, 'f1': 0.6451612903225806, 'sensitivity': 0.7142857142857143, 'specificity': 0.5882352941176471}, {'accuracy': 0.6129032258064516, 'f1': 0.625, 'sensitivity': 0.7142857142857143, 'specificity': 0.5294117647058824}, {'accuracy': 0.6451612903225806, 'f1': 0.6451612903225806, 'sensitivity': 0.7142857142857143, 'specificity': 0.5882352941176471}, {'accuracy': 0.6451612903225806, 'f1': 0.6451612903225806, 'sensitivity': 0.7142857142857143, 'specificity': 0.5882352941176471}, {'accuracy': 0.6451612903225806, 'f1': 0.6451612903225806, 'sensitivity': 0.7142857142857143, 'specificity': 0.5882352941176471}, {'accuracy': 0.6451612903225806, 'f1': 0.6451612903225806, 'sensitivity': 0.7142857142857143, 'specificity': 0.5882352941176471}, {'accuracy': 0.6451612903225806, 'f1': 0.6451612903225806, 'sensitivity': 0.7142857142857143, 'specificity': 0.5882352941176471}, {'accuracy': 0.6451612903225806, 'f1': 0.6451612903225806, 'sensitivity': 0.7142857142857143, 'specificity': 0.5882352941176471}, {'accuracy': 0.6451612903225806, 'f1': 0.6451612903225806, 'sensitivity': 0.7142857142857143, 'specificity': 0.5882352941176471}, {'accuracy': 0.6774193548387096, 'f1': 0.6875, 'sensitivity': 0.7857142857142857, 'specificity': 0.5882352941176471}, {'accuracy': 0.6774193548387096, 'f1': 0.6875, 'sensitivity': 0.7857142857142857, 'specificity': 0.5882352941176471}, {'accuracy': 0.6774193548387096, 'f1': 0.6875, 'sensitivity': 0.7857142857142857, 'specificity': 0.5882352941176471}, {'accuracy': 0.6774193548387096, 'f1': 0.6875, 'sensitivity': 0.7857142857142857, 'specificity': 0.5882352941176471}, {'accuracy': 0.6774193548387096, 'f1': 0.6875, 'sensitivity': 0.7857142857142857, 'specificity': 0.5882352941176471}, {'accuracy': 0.6451612903225806, 'f1': 0.6451612903225806, 'sensitivity': 0.7142857142857143, 'specificity': 0.5882352941176471}, {'accuracy': 0.6774193548387096, 'f1': 0.6666666666666666, 'sensitivity': 0.7142857142857143, 'specificity': 0.6470588235294118}, {'accuracy': 0.6774193548387096, 'f1': 0.6666666666666666, 'sensitivity': 0.7142857142857143, 'specificity': 0.6470588235294118}, {'accuracy': 0.6774193548387096, 'f1': 0.6875, 'sensitivity': 0.7857142857142857, 'specificity': 0.5882352941176471}, {'accuracy': 0.7419354838709677, 'f1': 0.7333333333333333, 'sensitivity': 0.7857142857142857, 'specificity': 0.7058823529411765}, {'accuracy': 0.7419354838709677, 'f1': 0.7333333333333333, 'sensitivity': 0.7857142857142857, 'specificity': 0.7058823529411765}, {'accuracy': 0.7096774193548387, 'f1': 0.7096774193548387, 'sensitivity': 0.7857142857142857, 'specificity': 0.6470588235294118}, {'accuracy': 0.7419354838709677, 'f1': 0.7333333333333333, 'sensitivity': 0.7857142857142857, 'specificity': 0.7058823529411765}, {'accuracy': 0.7419354838709677, 'f1': 0.7333333333333333, 'sensitivity': 0.7857142857142857, 'specificity': 0.7058823529411765}, {'accuracy': 0.7419354838709677, 'f1': 0.7333333333333333, 'sensitivity': 0.7857142857142857, 'specificity': 0.7058823529411765}, {'accuracy': 0.7419354838709677, 'f1': 0.7333333333333333, 'sensitivity': 0.7857142857142857, 'specificity': 0.7058823529411765}, {'accuracy': 0.7419354838709677, 'f1': 0.7333333333333333, 'sensitivity': 0.7857142857142857, 'specificity': 0.7058823529411765}, {'accuracy': 0.7419354838709677, 'f1': 0.7333333333333333, 'sensitivity': 0.7857142857142857, 'specificity': 0.7058823529411765}, {'accuracy': 0.7419354838709677, 'f1': 0.7333333333333333, 'sensitivity': 0.7857142857142857, 'specificity': 0.7058823529411765}, {'accuracy': 0.7419354838709677, 'f1': 0.7333333333333333, 'sensitivity': 0.7857142857142857, 'specificity': 0.7058823529411765}, {'accuracy': 0.7419354838709677, 'f1': 0.7333333333333333, 'sensitivity': 0.7857142857142857, 'specificity': 0.7058823529411765}, {'accuracy': 0.7419354838709677, 'f1': 0.7333333333333333, 'sensitivity': 0.7857142857142857, 'specificity': 0.7058823529411765}, {'accuracy': 0.7741935483870968, 'f1': 0.7586206896551724, 'sensitivity': 0.7857142857142857, 'specificity': 0.7647058823529411}, {'accuracy': 0.7741935483870968, 'f1': 0.7586206896551724, 'sensitivity': 0.7857142857142857, 'specificity': 0.7647058823529411}, {'accuracy': 0.7741935483870968, 'f1': 0.7586206896551724, 'sensitivity': 0.7857142857142857, 'specificity': 0.7647058823529411}, {'accuracy': 0.7741935483870968, 'f1': 0.7586206896551724, 'sensitivity': 0.7857142857142857, 'specificity': 0.7647058823529411}, {'accuracy': 0.7741935483870968, 'f1': 0.7586206896551724, 'sensitivity': 0.7857142857142857, 'specificity': 0.7647058823529411}, {'accuracy': 0.7741935483870968, 'f1': 0.7586206896551724, 'sensitivity': 0.7857142857142857, 'specificity': 0.7647058823529411}, {'accuracy': 0.7741935483870968, 'f1': 0.7586206896551724, 'sensitivity': 0.7857142857142857, 'specificity': 0.7647058823529411}, {'accuracy': 0.7741935483870968, 'f1': 0.7586206896551724, 'sensitivity': 0.7857142857142857, 'specificity': 0.7647058823529411}, {'accuracy': 0.7741935483870968, 'f1': 0.7586206896551724, 'sensitivity': 0.7857142857142857, 'specificity': 0.7647058823529411}, {'accuracy': 0.7741935483870968, 'f1': 0.7586206896551724, 'sensitivity': 0.7857142857142857, 'specificity': 0.7647058823529411}, {'accuracy': 0.8064516129032258, 'f1': 0.8, 'sensitivity': 0.8571428571428571, 'specificity': 0.7647058823529411}, {'accuracy': 0.8064516129032258, 'f1': 0.8, 'sensitivity': 0.8571428571428571, 'specificity': 0.7647058823529411}, {'accuracy': 0.8064516129032258, 'f1': 0.8, 'sensitivity': 0.8571428571428571, 'specificity': 0.7647058823529411}, {'accuracy': 0.8064516129032258, 'f1': 0.8, 'sensitivity': 0.8571428571428571, 'specificity': 0.7647058823529411}, {'accuracy': 0.8064516129032258, 'f1': 0.8, 'sensitivity': 0.8571428571428571, 'specificity': 0.7647058823529411}, {'accuracy': 0.8064516129032258, 'f1': 0.8, 'sensitivity': 0.8571428571428571, 'specificity': 0.7647058823529411}, {'accuracy': 0.8064516129032258, 'f1': 0.8, 'sensitivity': 0.8571428571428571, 'specificity': 0.7647058823529411}, {'accuracy': 0.8064516129032258, 'f1': 0.8, 'sensitivity': 0.8571428571428571, 'specificity': 0.7647058823529411}, {'accuracy': 0.8064516129032258, 'f1': 0.8, 'sensitivity': 0.8571428571428571, 'specificity': 0.7647058823529411}, {'accuracy': 0.8064516129032258, 'f1': 0.8, 'sensitivity': 0.8571428571428571, 'specificity': 0.7647058823529411}, {'accuracy': 0.8064516129032258, 'f1': 0.8, 'sensitivity': 0.8571428571428571, 'specificity': 0.7647058823529411}, {'accuracy': 0.8064516129032258, 'f1': 0.8, 'sensitivity': 0.8571428571428571, 'specificity': 0.7647058823529411}, {'accuracy': 0.8064516129032258, 'f1': 0.8, 'sensitivity': 0.8571428571428571, 'specificity': 0.7647058823529411}, {'accuracy': 0.8064516129032258, 'f1': 0.8, 'sensitivity': 0.8571428571428571, 'specificity': 0.7647058823529411}, {'accuracy': 0.8064516129032258, 'f1': 0.8, 'sensitivity': 0.8571428571428571, 'specificity': 0.7647058823529411}, {'accuracy': 0.8387096774193549, 'f1': 0.8275862068965517, 'sensitivity': 0.8571428571428571, 'specificity': 0.8235294117647058}, {'accuracy': 0.8064516129032258, 'f1': 0.8, 'sensitivity': 0.8571428571428571, 'specificity': 0.7647058823529411}, {'accuracy': 0.8064516129032258, 'f1': 0.8, 'sensitivity': 0.8571428571428571, 'specificity': 0.7647058823529411}, {'accuracy': 0.8064516129032258, 'f1': 0.8, 'sensitivity': 0.8571428571428571, 'specificity': 0.7647058823529411}, {'accuracy': 0.8064516129032258, 'f1': 0.8, 'sensitivity': 0.8571428571428571, 'specificity': 0.7647058823529411}, {'accuracy': 0.8387096774193549, 'f1': 0.8387096774193549, 'sensitivity': 0.9285714285714286, 'specificity': 0.7647058823529411}, {'accuracy': 0.8387096774193549, 'f1': 0.8275862068965517, 'sensitivity': 0.8571428571428571, 'specificity': 0.8235294117647058}, {'accuracy': 0.8387096774193549, 'f1': 0.8275862068965517, 'sensitivity': 0.8571428571428571, 'specificity': 0.8235294117647058}, {'accuracy': 0.8387096774193549, 'f1': 0.8275862068965517, 'sensitivity': 0.8571428571428571, 'specificity': 0.8235294117647058}, {'accuracy': 0.8387096774193549, 'f1': 0.8275862068965517, 'sensitivity': 0.8571428571428571, 'specificity': 0.8235294117647058}, {'accuracy': 0.8387096774193549, 'f1': 0.8275862068965517, 'sensitivity': 0.8571428571428571, 'specificity': 0.8235294117647058}, {'accuracy': 0.8387096774193549, 'f1': 0.8275862068965517, 'sensitivity': 0.8571428571428571, 'specificity': 0.8235294117647058}, {'accuracy': 0.8064516129032258, 'f1': 0.8, 'sensitivity': 0.8571428571428571, 'specificity': 0.7647058823529411}, {'accuracy': 0.8064516129032258, 'f1': 0.8, 'sensitivity': 0.8571428571428571, 'specificity': 0.7647058823529411}, {'accuracy': 0.8387096774193549, 'f1': 0.8275862068965517, 'sensitivity': 0.8571428571428571, 'specificity': 0.8235294117647058}, {'accuracy': 0.8387096774193549, 'f1': 0.8387096774193549, 'sensitivity': 0.9285714285714286, 'specificity': 0.7647058823529411}, {'accuracy': 0.8387096774193549, 'f1': 0.8387096774193549, 'sensitivity': 0.9285714285714286, 'specificity': 0.7647058823529411}, {'accuracy': 0.8387096774193549, 'f1': 0.8387096774193549, 'sensitivity': 0.9285714285714286, 'specificity': 0.7647058823529411}, {'accuracy': 0.8064516129032258, 'f1': 0.8, 'sensitivity': 0.8571428571428571, 'specificity': 0.7647058823529411}, {'accuracy': 0.8064516129032258, 'f1': 0.8, 'sensitivity': 0.8571428571428571, 'specificity': 0.7647058823529411}, {'accuracy': 0.8387096774193549, 'f1': 0.8275862068965517, 'sensitivity': 0.8571428571428571, 'specificity': 0.8235294117647058}, {'accuracy': 0.8387096774193549, 'f1': 0.8275862068965517, 'sensitivity': 0.8571428571428571, 'specificity': 0.8235294117647058}, {'accuracy': 0.8387096774193549, 'f1': 0.8275862068965517, 'sensitivity': 0.8571428571428571, 'specificity': 0.8235294117647058}, {'accuracy': 0.8387096774193549, 'f1': 0.8275862068965517, 'sensitivity': 0.8571428571428571, 'specificity': 0.8235294117647058}, {'accuracy': 0.8387096774193549, 'f1': 0.8275862068965517, 'sensitivity': 0.8571428571428571, 'specificity': 0.8235294117647058}, {'accuracy': 0.8709677419354839, 'f1': 0.8666666666666667, 'sensitivity': 0.9285714285714286, 'specificity': 0.8235294117647058}, {'accuracy': 0.8387096774193549, 'f1': 0.8387096774193549, 'sensitivity': 0.9285714285714286, 'specificity': 0.7647058823529411}, {'accuracy': 0.8387096774193549, 'f1': 0.8387096774193549, 'sensitivity': 0.9285714285714286, 'specificity': 0.7647058823529411}, {'accuracy': 0.8064516129032258, 'f1': 0.8125, 'sensitivity': 0.9285714285714286, 'specificity': 0.7058823529411765}, {'accuracy': 0.8387096774193549, 'f1': 0.8387096774193549, 'sensitivity': 0.9285714285714286, 'specificity': 0.7647058823529411}, {'accuracy': 0.8709677419354839, 'f1': 0.8666666666666667, 'sensitivity': 0.9285714285714286, 'specificity': 0.8235294117647058}, {'accuracy': 0.8709677419354839, 'f1': 0.8666666666666667, 'sensitivity': 0.9285714285714286, 'specificity': 0.8235294117647058}, {'accuracy': 0.8709677419354839, 'f1': 0.8666666666666667, 'sensitivity': 0.9285714285714286, 'specificity': 0.8235294117647058}, {'accuracy': 0.8387096774193549, 'f1': 0.8275862068965517, 'sensitivity': 0.8571428571428571, 'specificity': 0.8235294117647058}, {'accuracy': 0.8387096774193549, 'f1': 0.8275862068965517, 'sensitivity': 0.8571428571428571, 'specificity': 0.8235294117647058}, {'accuracy': 0.8709677419354839, 'f1': 0.8666666666666667, 'sensitivity': 0.9285714285714286, 'specificity': 0.8235294117647058}, {'accuracy': 0.8709677419354839, 'f1': 0.8666666666666667, 'sensitivity': 0.9285714285714286, 'specificity': 0.8235294117647058}, {'accuracy': 0.8709677419354839, 'f1': 0.8666666666666667, 'sensitivity': 0.9285714285714286, 'specificity': 0.8235294117647058}, {'accuracy': 0.8709677419354839, 'f1': 0.8666666666666667, 'sensitivity': 0.9285714285714286, 'specificity': 0.8235294117647058}, {'accuracy': 0.8709677419354839, 'f1': 0.8666666666666667, 'sensitivity': 0.9285714285714286, 'specificity': 0.8235294117647058}, {'accuracy': 0.8709677419354839, 'f1': 0.8666666666666667, 'sensitivity': 0.9285714285714286, 'specificity': 0.8235294117647058}, {'accuracy': 0.8709677419354839, 'f1': 0.8666666666666667, 'sensitivity': 0.9285714285714286, 'specificity': 0.8235294117647058}, {'accuracy': 0.8709677419354839, 'f1': 0.8666666666666667, 'sensitivity': 0.9285714285714286, 'specificity': 0.8235294117647058}, {'accuracy': 0