number,value,datetime_start,datetime_complete,duration,params_dropout_rate,params_learning_rate,params_weight_decay,user_attrs_best_val_metrics,user_attrs_model_name,user_attrs_train_loss_history,user_attrs_val_loss_history,user_attrs_val_overall_metrics_history,state
11,0.875,2026-08-02 15:42:32.023251,2026-08-02 15:43:08.707940,0 days 00:00:36.684689,0.2,0.0021282494199680855,0.0008191520226855193,"{'overall': {'n': 31, 'accuracy': 0.8709677419354839, 'precision': 0.7777777777777778, 'recall': 1.0, 'sensitivity': 1.0, 'specificity': 0.7647058823529411, 'balanced_accuracy': 0.8823529411764706, 'f1': 0.875, 'confusion_matrix': [[13, 4], [0, 14]], 'auc': 0.8781512605042017, 'roc_curve': {'fpr': [0.0, 0.0, 0.058823529411764705, 0.058823529411764705, 0.11764705882352941, 0.11764705882352941, 0.17647058823529413, 0.17647058823529413, 0.23529411764705882, 0.23529411764705882, 1.0], 'tpr': [0.0, 0.07142857142857142, 0.07142857142857142, 0.42857142857142855, 0.42857142857142855, 0.5714285714285714, 0.5714285714285714, 0.8571428571428571, 0.8571428571428571, 1.0, 1.0]}}, 'India': {'n': 14, 'accuracy': 0.7857142857142857, 'precision': 0.7692307692307693, 'recall': 1.0, 'sensitivity': 1.0, 'specificity': 0.25, 'balanced_accuracy': 0.625, 'f1': 0.8695652173913043, 'confusion_matrix': [[1, 3], [0, 10]], 'auc': 0.55, 'roc_curve': {'fpr': [0.0, 0.0, 0.25, 0.25, 0.5, 0.5, 0.75, 0.75, 1.0], 'tpr': [0.0, 0.1, 0.1, 0.5, 0.5, 0.6, 0.6, 1.0, 1.0]}}, 'Italy': {'n': 17, 'accuracy': 0.9411764705882353, 'precision': 0.8, 'recall': 1.0, 'sensitivity': 1.0, 'specificity': 0.9230769230769231, 'balanced_accuracy': 0.9615384615384616, 'f1': 0.8888888888888888, 'confusion_matrix': [[12, 1], [0, 4]], 'auc': 0.9807692307692308, 'roc_curve': {'fpr': [0.0, 0.0, 0.0, 0.07692307692307693, 0.07692307692307693, 1.0], 'tpr': [0.0, 0.25, 0.75, 0.75, 1.0, 1.0]}}}",regnet_y_400mf_forniceal_palpebral_v2_clean,"[0.9145397174926031, 0.8228747418948582, 0.7663222608112153, 0.7216034113955335, 0.6690681665933051, 0.6578070302398837, 0.6516847286094614, 0.6032496078484724, 0.6331205499820969, 0.5662744389910276, 0.6092229254391729, 0.5785121787973002, 0.5511424776648177, 0.5304785776300495, 0.5386817580988618, 0.4885264535744985, 0.5939434762714672, 0.5327444636091894, 0.4984613358974457, 0.47202038886595743, 0.5014850523601584, 0.520668860803656, 0.502252247868752, 0.4836116179722507, 0.47047104438145954, 0.5081895581719016, 0.5070129097724447, 0.49970224276691877, 0.46835196200682194, 0.4991865666950641, 0.4563169738873333, 0.4641551440264903, 0.44997210243121294, 0.47222803887866793, 0.5027088652662679, 0.46079468848753946, 0.45730141413455105, 0.41869249514171053, 0.4335838817820257, 0.49945545683101733, 0.385702366326131, 0.43159478497343, 0.46798690403399823, 0.4513317950728799, 0.44243700183978696, 0.4433713113369585, 0.3981282909711202, 0.4460575811716975, 0.4053016094123425, 0.4125522202780458, 0.4594675801238235, 0.40206364608135353, 0.4299913725885404, 0.4574498550421527, 0.4323008547023851, 0.3884780469800339, 0.4060143203962417]","[0.8532795310020447, 0.8760245442390442, 0.83045494556427, 0.7483949661254883, 0.7179988622665405, 0.6693373322486877, 0.6331400871276855, 0.6030982136726379, 0.5795513391494751, 0.5887229442596436, 0.5579347610473633, 0.5509370565414429, 0.5375716090202332, 0.5451169013977051, 0.5260033011436462, 0.5195322036743164, 0.5119847655296326, 0.5327955484390259, 0.5114883780479431, 0.5104378461837769, 0.4987487196922302, 0.5179741978645325, 0.49256500601768494, 0.49542248249053955, 0.5122437477111816, 0.48474591970443726, 0.5031484961509705, 0.47903576493263245, 0.5281419157981873, 0.47979143261909485, 0.4800507128238678, 0.47639837861061096, 0.515256941318512, 0.47606098651885986, 0.4975578784942627, 0.4787157475948334, 0.49554091691970825, 0.47877800464630127, 0.48044437170028687, 0.4789033830165863, 0.474134236574173, 0.47451144456863403, 0.4957224428653717, 0.4722364842891693, 0.4741933345794678, 0.4649708569049835, 0.49432891607284546, 0.46599143743515015, 0.4731300473213196, 0.4610617458820343, 0.4663269817829132, 0.46146056056022644, 0.47093138098716736, 0.4711577892303467, 0.46517831087112427, 0.46939295530319214, 0.47444748878479004]","[{'accuracy': 0.4838709677419355, 'f1': 0.0, 'sensitivity': 0.0, 'specificity': 0.8823529411764706}, {'accuracy': 0.45161290322580644, 'f1': 0.6222222222222222, 'sensitivity': 1.0, 'specificity': 0.0}, {'accuracy': 0.41935483870967744, 'f1': 0.5909090909090909, 'sensitivity': 0.9285714285714286, 'specificity': 0.0}, {'accuracy': 0.6129032258064516, 'f1': 0.6842105263157895, 'sensitivity': 0.9285714285714286, 'specificity': 0.35294117647058826}, {'accuracy': 0.6129032258064516, 'f1': 0.7, 'sensitivity': 1.0, 'specificity': 0.29411764705882354}, {'accuracy': 0.7096774193548387, 'f1': 0.7272727272727273, 'sensitivity': 0.8571428571428571, 'specificity': 0.5882352941176471}, {'accuracy': 0.8064516129032258, 'f1': 0.8, 'sensitivity': 0.8571428571428571, 'specificity': 0.7647058823529411}, {'accuracy': 0.8387096774193549, 'f1': 0.8387096774193549, 'sensitivity': 0.9285714285714286, 'specificity': 0.7647058823529411}, {'accuracy': 0.8709677419354839, 'f1': 0.875, 'sensitivity': 1.0, 'specificity': 0.7647058823529411}, {'accuracy': 0.8064516129032258, 'f1': 0.7857142857142857, 'sensitivity': 0.7857142857142857, 'specificity': 0.8235294117647058}, {'accuracy': 0.8064516129032258, 'f1': 0.8, 'sensitivity': 0.8571428571428571, 'specificity': 0.7647058823529411}, {'accuracy': 0.8387096774193549, 'f1': 0.8484848484848485, 'sensitivity': 1.0, 'specificity': 0.7058823529411765}, {'accuracy': 0.8709677419354839, 'f1': 0.875, 'sensitivity': 1.0, 'specificity': 0.7647058823529411}, {'accuracy': 0.7741935483870968, 'f1': 0.7586206896551724, 'sensitivity': 0.7857142857142857, 'specificity': 0.7647058823529411}, {'accuracy': 0.8709677419354839, 'f1': 0.875, 'sensitivity': 1.0, 'specificity': 0.7647058823529411}, {'accuracy': 0.8387096774193549, 'f1': 0.8484848484848485, 'sensitivity': 1.0, 'specificity': 0.7058823529411765}, {'accuracy': 0.8387096774193549, 'f1': 0.8484848484848485, 'sensitivity': 1.0, 'specificity': 0.7058823529411765}, {'accuracy': 0.8064516129032258, 'f1': 0.7857142857142857, 'sensitivity': 0.7857142857142857, 'specificity': 0.8235294117647058}, {'accuracy': 0.8709677419354839, 'f1': 0.8666666666666667, 'sensitivity': 0.9285714285714286, 'specificity': 0.8235294117647058}, {'accuracy': 0.8387096774193549, 'f1': 0.8484848484848485, 'sensitivity': 1.0, 'specificity': 0.7058823529411765}, {'accuracy': 0.8387096774193549, 'f1': 0.8484848484848485, 'sensitivity': 1.0, 'specificity': 0.7058823529411765}, {'accuracy': 0.8064516129032258, 'f1': 0.7857142857142857, 'sensitivity': 0.7857142857142857, 'specificity': 0.8235294117647058}, {'accuracy': 0.8387096774193549, 'f1': 0.8484848484848485, 'sensitivity': 1.0, 'specificity': 0.7058823529411765}, {'accuracy': 0.8387096774193549, 'f1': 0.8484848484848485, 'sensitivity': 1.0, 'specificity': 0.7058823529411765}, {'accuracy': 0.8064516129032258, 'f1': 0.7857142857142857, 'sensitivity': 0.7857142857142857, 'specificity': 0.8235294117647058}, {'accuracy': 0.8387096774193549, 'f1': 0.8275862068965517, 'sensitivity': 0.8571428571428571, 'specificity': 0.8235294117647058}, {'accuracy': 0.8387096774193549, 'f1': 0.8484848484848485, 'sensitivity': 1.0, 'specificity': 0.7058823529411765}, {'accuracy': 0.8387096774193549, 'f1': 0.8387096774193549, 'sensitivity': 0.9285714285714286, 'specificity': 0.7647058823529411}, {'accuracy': 0.7741935483870968, 'f1': 0.7407407407407407, 'sensitivity': 0.7142857142857143, 'specificity': 0.8235294117647058}, {'accuracy': 0.8387096774193549, 'f1': 0.8275862068965517, 'sensitivity': 0.8571428571428571, 'specificity': 0.8235294117647058}, {'accuracy': 0.8387096774193549, 'f1': 0.8484848484848485, 'sensitivity': 1.0, 'specificity': 0.7058823529411765}, {'accuracy': 0.8709677419354839, 'f1': 0.875, 'sensitivity': 1.0, 'specificity': 0.7647058823529411}, {'accuracy': 0.7741935483870968, 'f1': 0.7407407407407407, 'sensitivity': 0.7142857142857143, 'specificity': 0.8235294117647058}, {'accuracy': 0.8387096774193549, 'f1': 0.8387096774193549, 'sensitivity': 0.9285714285714286, 'specificity': 0.7647058823529411}, {'accuracy': 0.8387096774193549, 'f1': 0.8484848484848485, 'sensitivity': 1.0, 'specificity': 0.7058823529411765}, {'accuracy': 0.8387096774193549, 'f1': 0.8275862068965517, 'sensitivity': 0.8571428571428571, 'specificity': 0.8235294117647058}, {'accuracy': 0.8064516129032258, 'f1': 0.7857142857142857, 'sensitivity': 0.7857142857142857, 'specificity': 0.8235294117647058}, {'accuracy': 0.8064516129032258, 'f1': 0.8, 'sensitivity': 0.8571428571428571, 'specificity': 0.7647058823529411}, {'accuracy': 0.8387096774193549, 'f1': 0.8484848484848485, 'sensitivity': 1.0, 'specificity': 0.7058823529411765}, {'accuracy': 0.8387096774193549, 'f1': 0.8275862068965517, 'sensitivity': 0.8571428571428571, 'specificity': 0.8235294117647058}, {'accuracy': 0.8387096774193549, 'f1': 0.8275862068965517, 'sensitivity': 0.8571428571428571, 'specificity': 0.8235294117647058}, {'accuracy': 0.8387096774193549, 'f1': 0.8275862068965517, 'sensitivity': 0.8571428571428571, 'specificity': 0.8235294117647058}, {'accuracy': 0.8064516129032258, 'f1': 0.7857142857142857, 'sensitivity': 0.7857142857142857, 'specificity': 0.8235294117647058}, {'accuracy': 0.8387096774193549, 'f1': 0.8275862068965517, 'sensitivity': 0.8571428571428571, 'specificity': 0.8235294117647058}, {'accuracy': 0.8064516129032258, 'f1': 0.8125, 'sensitivity': 0.9285714285714286, 'specificity': 0.7058823529411765}, {'accuracy': 0.8709677419354839, 'f1': 0.8666666666666667, 'sensitivity': 0.9285714285714286, 'specificity': 0.8235294117647058}, {'accuracy': 0.7741935483870968, 'f1': 0.7407407407407407, 'sensitivity': 0.7142857142857143, 'specificity': 0.8235294117647058}, {'accuracy': 0.8387096774193549, 'f1': 0.8275862068965517, 'sensitivity': 0.8571428571428571, 'specificity': 0.8235294117647058}, {'accuracy': 0.8387096774193549, 'f1': 0.8484848484848485, 'sensitivity': 1.0, 'specificity': 0.7058823529411765}, {'accuracy': 0.8387096774193549, 'f1': 0.8275862068965517, 'sensitivity': 0.8571428571428571, 'specificity': 0.8235294117647058}, {'accuracy': 0.8387096774193549, 'f1': 0.8275862068965517, 'sensitivity': 0.8571428571428571, 'specificity': 0.8235294117647058}, {'accuracy': 0.8064516129032258, 'f1': 0.8, 'sensitivity': 0.8571428571428571, 'specificity': 0.7647058823529411}, {'accuracy': 0.8387096774193549, 'f1': 0.8387096774193549, 'sensitivity': 0.9285714285714286, 'specificity': 0.7647058823529411}, {'accuracy': 0.8387096774193549, 'f1': 0.8275862068965517, 'sensitivity': 0.8571428571428571, 'specificity': 0.8235294117647058}, {'accuracy': 0.8387096774193549, 'f1': 0.8275862068965517, 'sensitivity': 0.8571428571428571, 'specificity': 0.8235294117647058}, {'accuracy': 0.8387096774193549, 'f1': 0.8387096774193549, 'sensitivity': 0.9285714285714286, 'specificity': 0.7647058823529411}, {'accuracy': 0.8387096774193549, 'f1': 0.8387096774193549, 'sensitivity': 0.9285714285714286, 'specificity': 0.7647058823529411}]",COMPLETE
