number,value,datetime_start,datetime_complete,duration,params_dropout_rate,params_learning_rate,params_weight_decay,user_attrs_best_val_metrics,user_attrs_model_name,user_attrs_train_loss_history,user_attrs_val_loss_history,user_attrs_val_overall_metrics_history,state
6,0.875,2026-08-02 15:40:52.352433,2026-08-02 15:41:17.175027,0 days 00:00:24.822594,0.2,0.002691422871453577,0.0008513157404824219,"{'overall': {'n': 31, 'accuracy': 0.8709677419354839, 'precision': 0.7777777777777778, 'recall': 1.0, 'sensitivity': 1.0, 'specificity': 0.7647058823529411, 'balanced_accuracy': 0.8823529411764706, 'f1': 0.875, 'confusion_matrix': [[13, 4], [0, 14]], 'auc': 0.9159663865546218, 'roc_curve': {'fpr': [0.0, 0.0, 0.0, 0.11764705882352941, 0.11764705882352941, 0.23529411764705882, 0.23529411764705882, 1.0], 'tpr': [0.0, 0.07142857142857142, 0.5, 0.5, 0.7857142857142857, 0.7857142857142857, 1.0, 1.0]}}, 'India': {'n': 14, 'accuracy': 0.7857142857142857, 'precision': 0.7692307692307693, 'recall': 1.0, 'sensitivity': 1.0, 'specificity': 0.25, 'balanced_accuracy': 0.625, 'f1': 0.8695652173913043, 'confusion_matrix': [[1, 3], [0, 10]], 'auc': 0.675, 'roc_curve': {'fpr': [0.0, 0.0, 0.0, 0.5, 0.5, 0.75, 0.75, 1.0], 'tpr': [0.0, 0.1, 0.5, 0.5, 0.7, 0.7, 1.0, 1.0]}}, 'Italy': {'n': 17, 'accuracy': 0.9411764705882353, 'precision': 0.8, 'recall': 1.0, 'sensitivity': 1.0, 'specificity': 0.9230769230769231, 'balanced_accuracy': 0.9615384615384616, 'f1': 0.8888888888888888, 'confusion_matrix': [[12, 1], [0, 4]], 'auc': 1.0, 'roc_curve': {'fpr': [0.0, 0.0, 0.0, 1.0], 'tpr': [0.0, 0.25, 1.0, 1.0]}}}",regnet_y_400mf_forniceal_palpebral_v2_clean,"[0.8280187350552098, 0.7396830640682558, 0.6866627955923275, 0.6189613966714769, 0.6218844538643247, 0.5855344104118088, 0.5476737500858956, 0.5269839317620206, 0.5627320339890565, 0.5350363311313447, 0.5783202445425955, 0.5450541689282372, 0.5293889305218548, 0.5280046353534776, 0.49220743309072895, 0.48645941173138263, 0.5446165848751457, 0.4774968745757122, 0.4998146190124304, 0.4240947903013554, 0.4559950609596408, 0.5372327193110978, 0.4453244545832783, 0.4633874175499897, 0.4364517256110704, 0.5289308238191669, 0.466769019762675, 0.47966495967235695, 0.46255133833204, 0.4427414923703589, 0.5330880487046274, 0.4188206349911333, 0.44756941122262656, 0.5027977824211121, 0.4401186627595603, 0.5028136721273668, 0.40685966114203137, 0.4183845830206968]","[0.8107395768165588, 0.7549842000007629, 0.6932511925697327, 0.6673016548156738, 0.6160956025123596, 0.5860235095024109, 0.5517787933349609, 0.5218311548233032, 0.5204671621322632, 0.5010526776313782, 0.48983609676361084, 0.4931497871875763, 0.4838281273841858, 0.47231635451316833, 0.4825107157230377, 0.46445682644844055, 0.4707808494567871, 0.48064422607421875, 0.4716433584690094, 0.4719502031803131, 0.47007352113723755, 0.45492520928382874, 0.46067288517951965, 0.46402090787887573, 0.4827956259250641, 0.4689067304134369, 0.45316624641418457, 0.46145907044410706, 0.45334118604660034, 0.4492022395133972, 0.4479219615459442, 0.4721708595752716, 0.45063304901123047, 0.4800555408000946, 0.4678930640220642, 0.46559226512908936, 0.45383554697036743, 0.4586094915866852]","[{'accuracy': 0.5483870967741935, 'f1': 0.2222222222222222, 'sensitivity': 0.14285714285714285, 'specificity': 0.8823529411764706}, {'accuracy': 0.5483870967741935, 'f1': 0.36363636363636365, 'sensitivity': 0.2857142857142857, 'specificity': 0.7647058823529411}, {'accuracy': 0.7096774193548387, 'f1': 0.64, 'sensitivity': 0.5714285714285714, 'specificity': 0.8235294117647058}, {'accuracy': 0.7419354838709677, 'f1': 0.6923076923076923, 'sensitivity': 0.6428571428571429, 'specificity': 0.8235294117647058}, {'accuracy': 0.8387096774193549, 'f1': 0.8387096774193549, 'sensitivity': 0.9285714285714286, 'specificity': 0.7647058823529411}, {'accuracy': 0.8064516129032258, 'f1': 0.8, 'sensitivity': 0.8571428571428571, 'specificity': 0.7647058823529411}, {'accuracy': 0.8064516129032258, 'f1': 0.8, 'sensitivity': 0.8571428571428571, 'specificity': 0.7647058823529411}, {'accuracy': 0.8709677419354839, 'f1': 0.875, 'sensitivity': 1.0, 'specificity': 0.7647058823529411}, {'accuracy': 0.8064516129032258, 'f1': 0.7857142857142857, 'sensitivity': 0.7857142857142857, 'specificity': 0.8235294117647058}, {'accuracy': 0.8387096774193549, 'f1': 0.8484848484848485, 'sensitivity': 1.0, 'specificity': 0.7058823529411765}, {'accuracy': 0.8387096774193549, 'f1': 0.8484848484848485, 'sensitivity': 1.0, 'specificity': 0.7058823529411765}, {'accuracy': 0.8709677419354839, 'f1': 0.8571428571428571, 'sensitivity': 0.8571428571428571, 'specificity': 0.8823529411764706}, {'accuracy': 0.8387096774193549, 'f1': 0.8484848484848485, 'sensitivity': 1.0, 'specificity': 0.7058823529411765}, {'accuracy': 0.8064516129032258, 'f1': 0.8125, 'sensitivity': 0.9285714285714286, 'specificity': 0.7058823529411765}, {'accuracy': 0.8709677419354839, 'f1': 0.8571428571428571, 'sensitivity': 0.8571428571428571, 'specificity': 0.8823529411764706}, {'accuracy': 0.8064516129032258, 'f1': 0.8125, 'sensitivity': 0.9285714285714286, 'specificity': 0.7058823529411765}, {'accuracy': 0.8064516129032258, 'f1': 0.8, 'sensitivity': 0.8571428571428571, 'specificity': 0.7647058823529411}, {'accuracy': 0.8387096774193549, 'f1': 0.8484848484848485, 'sensitivity': 1.0, 'specificity': 0.7058823529411765}, {'accuracy': 0.8064516129032258, 'f1': 0.8, 'sensitivity': 0.8571428571428571, 'specificity': 0.7647058823529411}, {'accuracy': 0.8064516129032258, 'f1': 0.8, 'sensitivity': 0.8571428571428571, 'specificity': 0.7647058823529411}, {'accuracy': 0.8387096774193549, 'f1': 0.8484848484848485, 'sensitivity': 1.0, 'specificity': 0.7058823529411765}, {'accuracy': 0.8064516129032258, 'f1': 0.8, 'sensitivity': 0.8571428571428571, 'specificity': 0.7647058823529411}, {'accuracy': 0.8064516129032258, 'f1': 0.8125, 'sensitivity': 0.9285714285714286, 'specificity': 0.7058823529411765}, {'accuracy': 0.8064516129032258, 'f1': 0.8, 'sensitivity': 0.8571428571428571, 'specificity': 0.7647058823529411}, {'accuracy': 0.8064516129032258, 'f1': 0.7857142857142857, 'sensitivity': 0.7857142857142857, 'specificity': 0.8235294117647058}, {'accuracy': 0.8387096774193549, 'f1': 0.8484848484848485, 'sensitivity': 1.0, 'specificity': 0.7058823529411765}, {'accuracy': 0.8064516129032258, 'f1': 0.8, 'sensitivity': 0.8571428571428571, 'specificity': 0.7647058823529411}, {'accuracy': 0.8064516129032258, 'f1': 0.7857142857142857, 'sensitivity': 0.7857142857142857, 'specificity': 0.8235294117647058}, {'accuracy': 0.8387096774193549, 'f1': 0.8387096774193549, 'sensitivity': 0.9285714285714286, 'specificity': 0.7647058823529411}, {'accuracy': 0.8387096774193549, 'f1': 0.8387096774193549, 'sensitivity': 0.9285714285714286, 'specificity': 0.7647058823529411}, {'accuracy': 0.8387096774193549, 'f1': 0.8387096774193549, 'sensitivity': 0.9285714285714286, 'specificity': 0.7647058823529411}, {'accuracy': 0.8064516129032258, 'f1': 0.8125, 'sensitivity': 0.9285714285714286, 'specificity': 0.7058823529411765}, {'accuracy': 0.8064516129032258, 'f1': 0.8, 'sensitivity': 0.8571428571428571, 'specificity': 0.7647058823529411}, {'accuracy': 0.8064516129032258, 'f1': 0.7857142857142857, 'sensitivity': 0.7857142857142857, 'specificity': 0.8235294117647058}, {'accuracy': 0.8387096774193549, 'f1': 0.8484848484848485, 'sensitivity': 1.0, 'specificity': 0.7058823529411765}, {'accuracy': 0.8064516129032258, 'f1': 0.8125, 'sensitivity': 0.9285714285714286, 'specificity': 0.7058823529411765}, {'accuracy': 0.7741935483870968, 'f1': 0.7586206896551724, 'sensitivity': 0.7857142857142857, 'specificity': 0.7647058823529411}, {'accuracy': 0.8064516129032258, 'f1': 0.8, 'sensitivity': 0.8571428571428571, 'specificity': 0.7647058823529411}]",COMPLETE
7,0.5641025641025641,2026-08-02 15:41:17.175399,2026-08-02 15:41:23.175878,0 days 00:00:06.000479,0.2,0.00011137414908293505,2.2059282146979313e-05,"{'overall': {'n': 31, 'accuracy': 0.45161290322580644, 'precision': 0.44, 'recall': 0.7857142857142857, 'sensitivity': 0.7857142857142857, 'specificity': 0.17647058823529413, 'balanced_accuracy': 0.4810924369747899, 'f1': 0.5641025641025641, 'confusion_matrix': [[3, 14], [3, 11]], 'auc': 0.39075630252100835, 'roc_curve': {'fpr': [0.0, 0.058823529411764705, 0.23529411764705882, 0.23529411764705882, 0.29411764705882354, 0.29411764705882354, 0.35294117647058826, 0.35294117647058826, 0.4117647058823529, 0.4117647058823529, 0.47058823529411764, 0.47058823529411764, 0.5294117647058824, 0.5294117647058824, 0.6470588235294118, 0.6470588235294118, 0.8235294117647058, 0.8235294117647058, 1.0, 1.0], 'tpr': [0.0, 0.0, 0.0, 0.07142857142857142, 0.07142857142857142, 0.14285714285714285, 0.14285714285714285, 0.21428571428571427, 0.21428571428571427, 0.2857142857142857, 0.2857142857142857, 0.5, 0.5, 0.5714285714285714, 0.5714285714285714, 0.6428571428571429, 0.6428571428571429, 0.7857142857142857, 0.7857142857142857, 1.0]}}, 'India': {'n': 14, 'accuracy': 0.5, 'precision': 0.6363636363636364, 'recall': 0.7, 'sensitivity': 0.7, 'specificity': 0.0, 'balanced_accuracy': 0.35, 'f1': 0.6666666666666666, 'confusion_matrix': [[0, 4], [3, 7]], 'auc': 0.275, 'roc_curve': {'fpr': [0.0, 0.25, 0.25, 0.5, 0.5, 1.0, 1.0], 'tpr': [0.0, 0.0, 0.1, 0.1, 0.5, 0.5, 1.0]}}, 'Italy': {'n': 17, 'accuracy': 0.4117647058823529, 'precision': 0.2857142857142857, 'recall': 1.0, 'sensitivity': 1.0, 'specificity': 0.23076923076923078, 'balanced_accuracy': 0.6153846153846154, 'f1': 0.4444444444444444, 'confusion_matrix': [[3, 10], [0, 4]], 'auc': 0.5576923076923077, 'roc_curve': {'fpr': [0.0, 0.07692307692307693, 0.23076923076923078, 0.23076923076923078, 0.3076923076923077, 0.3076923076923077, 0.5384615384615384, 0.5384615384615384, 0.6923076923076923, 0.6923076923076923, 1.0], 'tpr': [0.0, 0.0, 0.0, 0.25, 0.25, 0.5, 0.5, 0.75, 0.75, 1.0, 1.0]}}}",regnet_y_400mf_forniceal_palpebral_v2_clean,"[0.8589991091870938, 0.8510324269735894, 0.8349238694930563, 0.8143114723315855, 0.8269856888420728, 0.8530235586523198, 0.8460994646662757, 0.8147929489207105, 0.8235165861999096]","[0.8485269546508789, 0.8283832669258118, 0.8341218829154968, 0.8587180972099304, 0.878994882106781, 0.8784934878349304, 0.8734598159790039, 0.8713077306747437, 0.8685644865036011]","[{'accuracy': 0.3548387096774194, 'f1': 0.5, 'sensitivity': 0.7142857142857143, 'specificity': 0.058823529411764705}, {'accuracy': 0.41935483870967744, 'f1': 0.5263157894736842, 'sensitivity': 0.7142857142857143, 'specificity': 0.17647058823529413}, {'accuracy': 0.3548387096774194, 'f1': 0.47368421052631576, 'sensitivity': 0.6428571428571429, 'specificity': 0.11764705882352941}, {'accuracy': 0.3225806451612903, 'f1': 0.46153846153846156, 'sensitivity': 0.6428571428571429, 'specificity': 0.058823529411764705}, {'accuracy': 0.3548387096774194, 'f1': 0.5238095238095238, 'sensitivity': 0.7857142857142857, 'specificity': 0.0}, {'accuracy': 0.45161290322580644, 'f1': 0.5641025641025641, 'sensitivity': 0.7857142857142857, 'specificity': 0.17647058823529413}, {'accuracy': 0.41935483870967744, 'f1': 0.5, 'sensitivity': 0.6428571428571429, 'specificity': 0.23529411764705882}, {'accuracy': 0.3870967741935484, 'f1': 0.4864864864864865, 'sensitivity': 0.6428571428571429, 'specificity': 0.17647058823529413}, {'accuracy': 0.41935483870967744, 'f1': 0.5, 'sensitivity': 0.6428571428571429, 'specificity': 0.23529411764705882}]",COMPLETE
8,0.875,2026-08-02 15:41:23.176251,2026-08-02 15:41:36.230197,0 days 00:00:13.053946,0.2,0.008533716477932937,1.217404417807552e-06,"{'overall': {'n': 31, 'accuracy': 0.8709677419354839, 'precision': 0.7777777777777778, 'recall': 1.0, 'sensitivity': 1.0, 'specificity': 0.7647058823529411, 'balanced_accuracy': 0.8823529411764706, 'f1': 0.875, 'confusion_matrix': [[13, 4], [0, 14]], 'auc': 0.8991596638655461, 'roc_curve': {'fpr': [0.0, 0.058823529411764705, 0.058823529411764705, 0.11764705882352941, 0.11764705882352941, 0.23529411764705882, 0.23529411764705882, 1.0], 'tpr': [0.0, 0.0, 0.7142857142857143, 0.7142857142857143, 0.7857142857142857, 0.7857142857142857, 1.0, 1.0]}}, 'India': {'n': 14, 'accuracy': 0.7857142857142857, 'precision': 0.7692307692307693, 'recall': 1.0, 'sensitivity': 1.0, 'specificity': 0.25, 'balanced_accuracy': 0.625, 'f1': 0.8695652173913043, 'confusion_matrix': [[1, 3], [0, 10]], 'auc': 0.575, 'roc_curve': {'fpr': [0.0, 0.25, 0.25, 0.5, 0.5, 0.75, 0.75, 1.0], 'tpr': [0.0, 0.0, 0.6, 0.6, 0.7, 0.7, 1.0, 1.0]}}, 'Italy': {'n': 17, 'accuracy': 0.9411764705882353, 'precision': 0.8, 'recall': 1.0, 'sensitivity': 1.0, 'specificity': 0.9230769230769231, 'balanced_accuracy': 0.9615384615384616, 'f1': 0.8888888888888888, 'confusion_matrix': [[12, 1], [0, 4]], 'auc': 1.0, 'roc_curve': {'fpr': [0.0, 0.0, 0.0, 1.0], 'tpr': [0.0, 0.25, 1.0, 1.0]}}}",regnet_y_400mf_forniceal_palpebral_v2_clean,"[1.0432664934469729, 0.8779987104895974, 0.8116799321304373, 0.6251197874951525, 0.5632183073329277, 0.6454068304730111, 0.5630725356591803, 0.48821240622981066, 0.5455606016172033, 0.5414888704715132, 0.4799804162411463, 0.4728569252555873, 0.4032027465956552, 0.4791083455491228, 0.450709922378566, 0.48988006836703035, 0.5749531035520592, 0.5716340363431139, 0.5163444469169695, 0.46360698119312727]","[1.0481116771697998, 0.9965855479240417, 0.7593547701835632, 0.7173309922218323, 0.7707825899124146, 0.5956231951713562, 0.5500539541244507, 0.5168516039848328, 0.49262383580207825, 0.4799639880657196, 0.4796816110610962, 0.4790273904800415, 0.4713369607925415, 0.4914558529853821, 0.4835527837276459, 0.48399218916893005, 0.4783688187599182, 0.49622902274131775, 0.5832616686820984, 0.5088299512863159]","[{'accuracy': 0.45161290322580644, 'f1': 0.6222222222222222, 'sensitivity': 1.0, 'specificity': 0.0}, {'accuracy': 0.5483870967741935, 'f1': 0.0, 'sensitivity': 0.0, 'specificity': 1.0}, {'accuracy': 0.5161290322580645, 'f1': 0.6511627906976745, 'sensitivity': 1.0, 'specificity': 0.11764705882352941}, {'accuracy': 0.6451612903225806, 'f1': 0.42105263157894735, 'sensitivity': 0.2857142857142857, 'specificity': 0.9411764705882353}, {'accuracy': 0.5806451612903226, 'f1': 0.6829268292682927, 'sensitivity': 1.0, 'specificity': 0.23529411764705882}, {'accuracy': 0.8387096774193549, 'f1': 0.8387096774193549, 'sensitivity': 0.9285714285714286, 'specificity': 0.7647058823529411}, {'accuracy': 0.8387096774193549, 'f1': 0.8387096774193549, 'sensitivity': 0.9285714285714286, 'specificity': 0.7647058823529411}, {'accuracy': 0.8709677419354839, 'f1': 0.875, 'sensitivity': 1.0, 'specificity': 0.7647058823529411}, {'accuracy': 0.8387096774193549, 'f1': 0.8387096774193549, 'sensitivity': 0.9285714285714286, 'specificity': 0.7647058823529411}, {'accuracy': 0.8064516129032258, 'f1': 0.8125, 'sensitivity': 0.9285714285714286, 'specificity': 0.7058823529411765}, {'accuracy': 0.8064516129032258, 'f1': 0.8125, 'sensitivity': 0.9285714285714286, 'specificity': 0.7058823529411765}, {'accuracy': 0.8387096774193549, 'f1': 0.8148148148148148, 'sensitivity': 0.7857142857142857, 'specificity': 0.8823529411764706}, {'accuracy': 0.8387096774193549, 'f1': 0.8275862068965517, 'sensitivity': 0.8571428571428571, 'specificity': 0.8235294117647058}, {'accuracy': 0.8387096774193549, 'f1': 0.8148148148148148, 'sensitivity': 0.7857142857142857, 'specificity': 0.8823529411764706}, {'accuracy': 0.8064516129032258, 'f1': 0.8125, 'sensitivity': 0.9285714285714286, 'specificity': 0.7058823529411765}, {'accuracy': 0.8064516129032258, 'f1': 0.7857142857142857, 'sensitivity': 0.7857142857142857, 'specificity': 0.8235294117647058}, {'accuracy': 0.8064516129032258, 'f1': 0.8, 'sensitivity': 0.8571428571428571, 'specificity': 0.7647058823529411}, {'accuracy': 0.7741935483870968, 'f1': 0.7741935483870968, 'sensitivity': 0.8571428571428571, 'specificity': 0.7058823529411765}, {'accuracy': 0.8064516129032258, 'f1': 0.7692307692307693, 'sensitivity': 0.7142857142857143, 'specificity': 0.8823529411764706}, {'accuracy': 0.7741935483870968, 'f1': 0.7741935483870968, 'sensitivity': 0.8571428571428571, 'specificity': 0.7058823529411765}]",COMPLETE
