number,value,datetime_start,datetime_complete,duration,params_dropout_rate,params_learning_rate,params_weight_decay,user_attrs_best_val_metrics,user_attrs_model_name,user_attrs_train_loss_history,user_attrs_val_loss_history,user_attrs_val_overall_metrics_history,state
5,0.8125,2026-08-02 19:33:55.613269,2026-08-02 19:38:50.814123,0 days 00:04:55.200854,0.2,0.07154800196121129,0.0005104598996197309,"{'overall': {'n': 31, 'accuracy': 0.8064516129032258, 'precision': 0.7222222222222222, 'recall': 0.9285714285714286, 'sensitivity': 0.9285714285714286, 'specificity': 0.7058823529411765, 'balanced_accuracy': 0.8172268907563025, 'f1': 0.8125, 'confusion_matrix': [[12, 5], [1, 13]], 'auc': 0.7794117647058824, 'roc_curve': {'fpr': [0.0, 0.17647058823529413, 0.17647058823529413, 0.23529411764705882, 0.23529411764705882, 0.29411764705882354, 0.29411764705882354, 0.7058823529411765, 0.7058823529411765, 1.0], 'tpr': [0.0, 0.35714285714285715, 0.5, 0.5, 0.7142857142857143, 0.7142857142857143, 0.9285714285714286, 0.9285714285714286, 1.0, 1.0]}}, 'India': {'n': 14, 'accuracy': 0.8571428571428571, 'precision': 0.9, 'recall': 0.9, 'sensitivity': 0.9, 'specificity': 0.75, 'balanced_accuracy': 0.825, 'f1': 0.9, 'confusion_matrix': [[3, 1], [1, 9]], 'auc': 0.7250000000000001, 'roc_curve': {'fpr': [0.0, 0.25, 0.25, 0.75, 0.75, 1.0], 'tpr': [0.0, 0.2, 0.9, 0.9, 1.0, 1.0]}}, 'Italy': {'n': 17, 'accuracy': 0.7647058823529411, 'precision': 0.5, 'recall': 1.0, 'sensitivity': 1.0, 'specificity': 0.6923076923076923, 'balanced_accuracy': 0.8461538461538461, 'f1': 0.6666666666666666, 'confusion_matrix': [[9, 4], [0, 4]], 'auc': 0.8846153846153846, 'roc_curve': {'fpr': [0.0, 0.15384615384615385, 0.23076923076923078, 0.23076923076923078, 1.0], 'tpr': [0.0, 0.75, 0.75, 1.0, 1.0]}}}",vit_l_16_forniceal_palpebral_v2_clean,"[11.556497171622555, 8.05576550879446, 4.240880072522326, 2.163352208883584, 2.891662824721563, 1.9380070011631971, 1.8106320407114873, 0.9850447518484933, 0.8621648093875574, 1.2348552342174814, 1.2885539166781368, 1.0521225888712877, 0.7611895126550376, 0.6005217907380085, 0.5030407431174297, 1.0353014414407768, 0.6090749542729385, 0.35625696790461636, 0.788308327447395, 0.8851677592919798, 0.8920623234340123, 0.7916359536501826, 0.6482059973336401, 0.7034345104986307, 0.3837463638308097, 0.6006836467454223, 0.9960277702938132, 0.3605969041383185, 0.3606446014881945, 0.368136005438104]","[21.690670013427734, 5.86906099319458, 6.724113941192627, 3.6936938762664795, 6.746546268463135, 3.2186903953552246, 3.742387533187866, 3.147038459777832, 3.2560229301452637, 2.319124698638916, 2.0279347896575928, 2.655930519104004, 1.4855084419250488, 1.616304636001587, 1.8003261089324951, 1.9476492404937744, 1.431917667388916, 1.0514075756072998, 1.7213655710220337, 1.9572137594223022, 1.2882853746414185, 0.8567228317260742, 0.6406247615814209, 1.7526391744613647, 1.1020506620407104, 3.4273622035980225, 1.17058527469635, 1.0791285037994385, 2.2754201889038086, 1.1711689233779907]","[{'accuracy': 0.5483870967741935, 'f1': 0.0, 'sensitivity': 0.0, 'specificity': 1.0}, {'accuracy': 0.5161290322580645, 'f1': 0.6511627906976745, 'sensitivity': 1.0, 'specificity': 0.11764705882352941}, {'accuracy': 0.5806451612903226, 'f1': 0.13333333333333333, 'sensitivity': 0.07142857142857142, 'specificity': 1.0}, {'accuracy': 0.7096774193548387, 'f1': 0.7567567567567568, 'sensitivity': 1.0, 'specificity': 0.47058823529411764}, {'accuracy': 0.5483870967741935, 'f1': 0.2222222222222222, 'sensitivity': 0.14285714285714285, 'specificity': 0.8823529411764706}, {'accuracy': 0.8064516129032258, 'f1': 0.8125, 'sensitivity': 0.9285714285714286, 'specificity': 0.7058823529411765}, {'accuracy': 0.6451612903225806, 'f1': 0.56, 'sensitivity': 0.5, 'specificity': 0.7647058823529411}, {'accuracy': 0.7419354838709677, 'f1': 0.7647058823529411, 'sensitivity': 0.9285714285714286, 'specificity': 0.5882352941176471}, {'accuracy': 0.7096774193548387, 'f1': 0.64, 'sensitivity': 0.5714285714285714, 'specificity': 0.8235294117647058}, {'accuracy': 0.7419354838709677, 'f1': 0.75, 'sensitivity': 0.8571428571428571, 'specificity': 0.6470588235294118}, {'accuracy': 0.6774193548387096, 'f1': 0.7058823529411765, 'sensitivity': 0.8571428571428571, 'specificity': 0.5294117647058824}, {'accuracy': 0.6451612903225806, 'f1': 0.42105263157894735, 'sensitivity': 0.2857142857142857, 'specificity': 0.9411764705882353}, {'accuracy': 0.7419354838709677, 'f1': 0.7333333333333333, 'sensitivity': 0.7857142857142857, 'specificity': 0.7058823529411765}, {'accuracy': 0.7096774193548387, 'f1': 0.6896551724137931, 'sensitivity': 0.7142857142857143, 'specificity': 0.7058823529411765}, {'accuracy': 0.6451612903225806, 'f1': 0.6857142857142857, 'sensitivity': 0.8571428571428571, 'specificity': 0.47058823529411764}, {'accuracy': 0.6774193548387096, 'f1': 0.5454545454545454, 'sensitivity': 0.42857142857142855, 'specificity': 0.8823529411764706}, {'accuracy': 0.7419354838709677, 'f1': 0.6363636363636364, 'sensitivity': 0.5, 'specificity': 0.9411764705882353}, {'accuracy': 0.6774193548387096, 'f1': 0.7222222222222222, 'sensitivity': 0.9285714285714286, 'specificity': 0.47058823529411764}, {'accuracy': 0.6129032258064516, 'f1': 0.7, 'sensitivity': 1.0, 'specificity': 0.29411764705882354}, {'accuracy': 0.7419354838709677, 'f1': 0.6, 'sensitivity': 0.42857142857142855, 'specificity': 1.0}, {'accuracy': 0.8064516129032258, 'f1': 0.75, 'sensitivity': 0.6428571428571429, 'specificity': 0.9411764705882353}, {'accuracy': 0.8387096774193549, 'f1': 0.782608695652174, 'sensitivity': 0.6428571428571429, 'specificity': 1.0}, {'accuracy': 0.7741935483870968, 'f1': 0.7741935483870968, 'sensitivity': 0.8571428571428571, 'specificity': 0.7058823529411765}, {'accuracy': 0.7419354838709677, 'f1': 0.6, 'sensitivity': 0.42857142857142855, 'specificity': 1.0}, {'accuracy': 0.7741935483870968, 'f1': 0.7741935483870968, 'sensitivity': 0.8571428571428571, 'specificity': 0.7058823529411765}, {'accuracy': 0.6451612903225806, 'f1': 0.42105263157894735, 'sensitivity': 0.2857142857142857, 'specificity': 0.9411764705882353}, {'accuracy': 0.7096774193548387, 'f1': 0.64, 'sensitivity': 0.5714285714285714, 'specificity': 0.8235294117647058}, {'accuracy': 0.7419354838709677, 'f1': 0.7333333333333333, 'sensitivity': 0.7857142857142857, 'specificity': 0.7058823529411765}, {'accuracy': 0.7096774193548387, 'f1': 0.5263157894736842, 'sensitivity': 0.35714285714285715, 'specificity': 1.0}, {'accuracy': 0.6774193548387096, 'f1': 0.6666666666666666, 'sensitivity': 0.7142857142857143, 'specificity': 0.6470588235294118}]",COMPLETE
6,0.8235294117647058,2026-08-02 19:38:50.814469,2026-08-02 19:44:53.104717,0 days 00:06:02.290248,0.2,0.06383466599167167,0.0008497278343579919,"{'overall': {'n': 31, 'accuracy': 0.8064516129032258, 'precision': 0.7, 'recall': 1.0, 'sensitivity': 1.0, 'specificity': 0.6470588235294118, 'balanced_accuracy': 0.8235294117647058, 'f1': 0.8235294117647058, 'confusion_matrix': [[11, 6], [0, 14]], 'auc': 0.8739495798319328, 'roc_curve': {'fpr': [0.0, 0.0, 0.0, 0.11764705882352941, 0.11764705882352941, 0.23529411764705882, 0.23529411764705882, 0.35294117647058826, 0.35294117647058826, 1.0], 'tpr': [0.0, 0.07142857142857142, 0.42857142857142855, 0.42857142857142855, 0.7142857142857143, 0.7142857142857143, 0.7857142857142857, 0.7857142857142857, 1.0, 1.0]}}, 'India': {'n': 14, 'accuracy': 0.8571428571428571, 'precision': 0.8333333333333334, 'recall': 1.0, 'sensitivity': 1.0, 'specificity': 0.5, 'balanced_accuracy': 0.75, 'f1': 0.9090909090909091, 'confusion_matrix': [[2, 2], [0, 10]], 'auc': 0.75, 'roc_curve': {'fpr': [0.0, 0.0, 0.0, 0.25, 0.25, 0.5, 0.5, 1.0], 'tpr': [0.0, 0.1, 0.3, 0.3, 0.7, 0.7, 1.0, 1.0]}}, 'Italy': {'n': 17, 'accuracy': 0.7647058823529411, 'precision': 0.5, 'recall': 1.0, 'sensitivity': 1.0, 'specificity': 0.6923076923076923, 'balanced_accuracy': 0.8461538461538461, 'f1': 0.6666666666666666, 'confusion_matrix': [[9, 4], [0, 4]], 'auc': 0.9807692307692308, 'roc_curve': {'fpr': [0.0, 0.0, 0.0, 0.07692307692307693, 0.07692307692307693, 1.0], 'tpr': [0.0, 0.25, 0.75, 0.75, 1.0, 1.0]}}}",vit_l_16_forniceal_palpebral_v2_clean,"[11.79737578930498, 8.372505518854881, 3.7529547522668123, 3.2744552716105972, 2.0212856498705287, 1.799621314418559, 1.0803461488412351, 0.8530624375051382, 0.5557304002395292, 0.5735287955981128, 0.7891572470567665, 0.8495119315426366, 0.8398150736782827, 0.8378696392993538, 0.35636978449464657, 0.5251457331334652, 0.4455838205964387, 0.5968673817154502, 0.6873881881739817, 0.4958966204098293, 0.337827453199698, 0.2262924984604323, 0.28751415358919674, 0.2863813219021778, 0.23767362418426138, 0.5167132786342076, 0.643383633928234, 0.3778881276545881, 0.37349380056063336, 0.18062262034335105, 0.4920568951551302, 0.39741101637989484, 0.40170496727536326, 0.45340140034653703, 0.27164549325421755, 0.36139508128977144, 0.4903959863039912]","[17.18657684326172, 7.234373569488525, 8.784403800964355, 3.885422706604004, 4.493636608123779, 2.5956273078918457, 2.7462103366851807, 1.8192068338394165, 2.3821187019348145, 1.7301312685012817, 2.273374319076538, 1.6911036968231201, 3.26822566986084, 1.1031731367111206, 1.8996586799621582, 1.5879813432693481, 1.824281096458435, 1.868261694908142, 1.2441645860671997, 1.1028871536254883, 1.1780343055725098, 1.3869569301605225, 1.184491753578186, 1.4307891130447388, 1.312461256980896, 2.104010581970215, 1.0929028987884521, 1.4856630563735962, 1.0239001512527466, 0.9615761041641235, 1.4676495790481567, 1.3891196250915527, 1.2858150005340576, 1.0909641981124878, 2.015834331512451, 1.4006763696670532, 1.3230308294296265]","[{'accuracy': 0.5483870967741935, 'f1': 0.0, 'sensitivity': 0.0, 'specificity': 1.0}, {'accuracy': 0.5483870967741935, 'f1': 0.6666666666666666, 'sensitivity': 1.0, 'specificity': 0.17647058823529413}, {'accuracy': 0.5483870967741935, 'f1': 0.0, 'sensitivity': 0.0, 'specificity': 1.0}, {'accuracy': 0.6774193548387096, 'f1': 0.7368421052631579, 'sensitivity': 1.0, 'specificity': 0.4117647058823529}, {'accuracy': 0.6129032258064516, 'f1': 0.4, 'sensitivity': 0.2857142857142857, 'specificity': 0.8823529411764706}, {'accuracy': 0.6451612903225806, 'f1': 0.7027027027027027, 'sensitivity': 0.9285714285714286, 'specificity': 0.4117647058823529}, {'accuracy': 0.6774193548387096, 'f1': 0.5454545454545454, 'sensitivity': 0.42857142857142855, 'specificity': 0.8823529411764706}, {'accuracy': 0.7741935483870968, 'f1': 0.7586206896551724, 'sensitivity': 0.7857142857142857, 'specificity': 0.7647058823529411}, {'accuracy': 0.6774193548387096, 'f1': 0.6153846153846154, 'sensitivity': 0.5714285714285714, 'specificity': 0.7647058823529411}, {'accuracy': 0.8064516129032258, 'f1': 0.8, 'sensitivity': 0.8571428571428571, 'specificity': 0.7647058823529411}, {'accuracy': 0.6451612903225806, 'f1': 0.5217391304347826, 'sensitivity': 0.42857142857142855, 'specificity': 0.8235294117647058}, {'accuracy': 0.7096774193548387, 'f1': 0.7567567567567568, 'sensitivity': 1.0, 'specificity': 0.47058823529411764}, {'accuracy': 0.6774193548387096, 'f1': 0.4444444444444444, 'sensitivity': 0.2857142857142857, 'specificity': 1.0}, {'accuracy': 0.8064516129032258, 'f1': 0.8235294117647058, 'sensitivity': 1.0, 'specificity': 0.6470588235294118}, {'accuracy': 0.7096774193548387, 'f1': 0.64, 'sensitivity': 0.5714285714285714, 'specificity': 0.8235294117647058}, {'accuracy': 0.7096774193548387, 'f1': 0.6666666666666666, 'sensitivity': 0.6428571428571429, 'specificity': 0.7647058823529411}, {'accuracy': 0.6129032258064516, 'f1': 0.6666666666666666, 'sensitivity': 0.8571428571428571, 'specificity': 0.4117647058823529}, {'accuracy': 0.6451612903225806, 'f1': 0.56, 'sensitivity': 0.5, 'specificity': 0.7647058823529411}, {'accuracy': 0.7096774193548387, 'f1': 0.6896551724137931, 'sensitivity': 0.7142857142857143, 'specificity': 0.7058823529411765}, {'accuracy': 0.6774193548387096, 'f1': 0.6875, 'sensitivity': 0.7857142857142857, 'specificity': 0.5882352941176471}, {'accuracy': 0.6774193548387096, 'f1': 0.5833333333333334, 'sensitivity': 0.5, 'specificity': 0.8235294117647058}, {'accuracy': 0.7096774193548387, 'f1': 0.6086956521739131, 'sensitivity': 0.5, 'specificity': 0.8823529411764706}, {'accuracy': 0.6774193548387096, 'f1': 0.6153846153846154, 'sensitivity': 0.5714285714285714, 'specificity': 0.7647058823529411}, {'accuracy': 0.7096774193548387, 'f1': 0.64, 'sensitivity': 0.5714285714285714, 'specificity': 0.8235294117647058}, {'accuracy': 0.7096774193548387, 'f1': 0.64, 'sensitivity': 0.5714285714285714, 'specificity': 0.8235294117647058}, {'accuracy': 0.6451612903225806, 'f1': 0.717948717948718, 'sensitivity': 1.0, 'specificity': 0.35294117647058826}, {'accuracy': 0.7419354838709677, 'f1': 0.6923076923076923, 'sensitivity': 0.6428571428571429, 'specificity': 0.8235294117647058}, {'accuracy': 0.6451612903225806, 'f1': 0.5217391304347826, 'sensitivity': 0.42857142857142855, 'specificity': 0.8235294117647058}, {'accuracy': 0.7419354838709677, 'f1': 0.6923076923076923, 'sensitivity': 0.6428571428571429, 'specificity': 0.8235294117647058}, {'accuracy': 0.7741935483870968, 'f1': 0.7741935483870968, 'sensitivity': 0.8571428571428571, 'specificity': 0.7058823529411765}, {'accuracy': 0.6774193548387096, 'f1': 0.6153846153846154, 'sensitivity': 0.5714285714285714, 'specificity': 0.7647058823529411}, {'accuracy': 0.6774193548387096, 'f1': 0.6153846153846154, 'sensitivity': 0.5714285714285714, 'specificity': 0.7647058823529411}, {'accuracy': 0.6774193548387096, 'f1': 0.7058823529411765, 'sensitivity': 0.8571428571428571, 'specificity': 0.5294117647058824}, {'accuracy': 0.6774193548387096, 'f1': 0.6666666666666666, 'sensitivity': 0.7142857142857143, 'specificity': 0.6470588235294118}, {'accuracy': 0.6774193548387096, 'f1': 0.5833333333333334, 'sensitivity': 0.5, 'specificity': 0.8235294117647058}, {'accuracy': 0.7741935483870968, 'f1': 0.7878787878787878, 'sensitivity': 0.9285714285714286, 'specificity': 0.6470588235294118}, {'accuracy': 0.6451612903225806, 'f1': 0.56, 'sensitivity': 0.5, 'specificity': 0.7647058823529411}]",COMPLETE
