number,value,datetime_start,datetime_complete,duration,params_dropout_rate,params_learning_rate,params_weight_decay,user_attrs_best_val_metrics,user_attrs_model_name,user_attrs_train_loss_history,user_attrs_val_loss_history,user_attrs_val_overall_metrics_history,state
11,0.9032258064516129,2026-08-02 16:56:07.011739,2026-08-02 17:08:56.647962,0 days 00:12:49.636223,0.5,0.00010509619181951245,0.0006169567135172777,"{'overall': {'n': 33, 'accuracy': 0.9090909090909091, 'precision': 0.8235294117647058, 'recall': 1.0, 'sensitivity': 1.0, 'specificity': 0.8421052631578947, 'balanced_accuracy': 0.9210526315789473, 'f1': 0.9032258064516129, 'confusion_matrix': [[16, 3], [0, 14]], 'auc': 0.9022556390977443, 'roc_curve': {'fpr': [0.0, 0.0, 0.0, 0.05263157894736842, 0.05263157894736842, 0.10526315789473684, 0.10526315789473684, 0.15789473684210525, 0.15789473684210525, 1.0], 'tpr': [0.0, 0.07142857142857142, 0.14285714285714285, 0.14285714285714285, 0.35714285714285715, 0.35714285714285715, 0.6428571428571429, 0.6428571428571429, 1.0, 1.0]}}, 'India': {'n': 14, 'accuracy': 0.9285714285714286, 'precision': 0.9090909090909091, 'recall': 1.0, 'sensitivity': 1.0, 'specificity': 0.75, 'balanced_accuracy': 0.875, 'f1': 0.9523809523809523, 'confusion_matrix': [[3, 1], [0, 10]], 'auc': 0.925, 'roc_curve': {'fpr': [0.0, 0.0, 0.0, 0.25, 0.25, 1.0], 'tpr': [0.0, 0.1, 0.7, 0.7, 1.0, 1.0]}}, 'Italy': {'n': 19, 'accuracy': 0.8947368421052632, 'precision': 0.6666666666666666, 'recall': 1.0, 'sensitivity': 1.0, 'specificity': 0.8666666666666667, 'balanced_accuracy': 0.9333333333333333, 'f1': 0.8, 'confusion_matrix': [[13, 2], [0, 4]], 'auc': 0.8833333333333334, 'roc_curve': {'fpr': [0.0, 0.06666666666666667, 0.06666666666666667, 0.13333333333333333, 0.13333333333333333, 1.0], 'tpr': [0.0, 0.0, 0.25, 0.25, 1.0, 1.0]}}}",vit_b_16_palpebral_v2_clean,"[0.8634426830620165, 0.8312690451445169, 0.8577097117506116, 0.819324163016894, 0.793803795678726, 0.791861606354745, 0.7935776978928522, 0.7884106217630652, 0.7956403624143032, 0.8109541902478957, 0.7659452624668349, 0.7575002292923579, 0.7587369940928276, 0.7738832018233293, 0.7345411793285648, 0.761299893161319, 0.7461667751634358, 0.7558003249547339, 0.772619528880972, 0.7427435047579127, 0.7071350852385262, 0.7389017118523452, 0.7013761780119889, 0.7148730360119548, 0.7160244363033219, 0.7012789355998008, 0.7063113723369624, 0.7080623444342455, 0.6919101350354833, 0.6840096041066757, 0.7226247744054983, 0.6742242152327733, 0.6924041497786313, 0.6777044242580995, 0.6834676747290503, 0.6635943773566493, 0.6659188061360491, 0.6564991967567545, 0.6721210791575198, 0.6198441078331297, 0.6700878577516568, 0.7062270207120883, 0.6491367880082288, 0.6459154522182137, 0.6926383151123855, 0.6428059446101158, 0.6546829149423056, 0.6568122553509592, 0.6417200952176226, 0.6291064142391382, 0.6341550444925068, 0.6832851364912577, 0.592328672377479, 0.632056524421995, 0.6425417140619645, 0.6352680953133185, 0.6117574671246359, 0.6285025990561933, 0.6695683499835184, 0.6463682667309085, 0.6459927641792803, 0.6511129211905776, 0.6110558113120249, 0.5932301132884247, 0.5872613827124337, 0.6246100214143463, 0.6180413590361741, 0.630143354270632, 0.5904563811441131, 0.6213897656131264, 0.5908366461463322, 0.5922341433581927, 0.6034059181118643, 0.5905734059826427, 0.624651962952898, 0.5948466729644118, 0.5619524474570293, 0.5993326886600217, 0.5962684561085227, 0.5769960844753593, 0.5782821344224033, 0.5745781131138076, 0.5994009924250723, 0.5907066476266116, 0.5680053013050004, 0.6063963893233546, 0.5879910244846975, 0.5720729433148113, 0.5921164545791828, 0.5874538117686644, 0.571877190608852, 0.5789190061045009, 0.5550998800637706, 0.5779172138662527, 0.5702730381725639, 0.556561336217337, 0.5559908798988292, 0.5654325793121034, 0.5879397865952245, 0.581485856842521, 0.583962560094745, 0.571087053280003, 0.5539772368424776, 0.569770342466847, 0.5743626269283674, 0.5869055789038046, 0.5404065002668772, 0.5507090379860228, 0.5649647116661072, 0.5883775582376695, 0.5640146009969396, 0.537115698223872, 0.5534026792507298, 0.514666680073896, 0.5630528881455099, 0.574486157357298, 0.5528065060937641, 0.5669782789337714, 0.5216164288931335, 0.5507559022366606, 0.5538255343374038, 0.5464836773493432, 0.5549181453044841, 0.5512554479750577, 0.5502086281776428, 0.5508932041016635, 0.5740338102081753, 0.536237757529644, 0.5575965090303232, 0.5306193086485199, 0.5619971049542458, 0.535356533053695, 0.5376937152534131, 0.5229731178441585, 0.5379669626817009, 0.5517097794456988, 0.5267632185228613, 0.5104480589067699, 0.5539314004759125, 0.5373535282564479, 0.5204307348128187, 0.5194135481948094, 0.551315682613297, 0.5435810515422694, 0.5583049868116315, 0.5586539877961013, 0.5124092457310253, 0.5491006504620938, 0.531651711424455, 0.5429857187713218, 0.5331488176686874, 0.5134019153007608, 0.5378038062165115, 0.514996680202863, 0.5028507693713864, 0.5175043853702924, 0.5394896478052961, 0.5333061364312836, 0.5012073078692354, 0.5273324736696205, 0.5288135559353607, 0.512526754709269, 0.53311277146371, 0.5076599950032519, 0.5260611772537231, 0.5039638170343361, 0.500236577940303, 0.5026747667236834, 0.5125136955684384, 0.5214565489071095, 0.5032157886107236, 0.4602872703643824, 0.5163820539878694, 0.49466070631481956, 0.5078952280890863, 0.5089249117484945, 0.5118694226473373, 0.4879511906611209, 0.5425392215615077, 0.509591214309465, 0.5138928061289503, 0.5115517496273218, 0.4831498809997609, 0.5246400842998201, 0.49804893668913686, 0.49241584973619473, 0.5200228807547235, 0.5217336041248397, 0.48790984516901686, 0.49358502760628203, 0.5028149493482729, 0.5009170825907726, 0.5375885466076681, 0.544775681187775, 0.5210741150458127, 0.5059905052185059, 0.48249246051769384, 0.5079570898157082, 0.5107148080472125, 0.5039864269313433, 0.5009856188534111, 0.5047736596192746, 0.4987223937811441, 0.5074047537039448, 0.5183983334642372, 0.4996331197931277, 0.4981413675065072, 0.4585007433070252, 0.4780904859896527, 0.4654575136323638, 0.47711947915569836, 0.5189479794723308, 0.4971319671892962, 0.5193236300487392, 0.477440774243399, 0.47641521909379014, 0.48350879372350425, 0.4691300273731055, 0.4421210435052581, 0.4866373282394662, 0.4967699185112454, 0.4826551896846847, 0.5120004853665434, 0.48795896156734186, 0.492189913790747, 0.4812218499499441, 0.4895252551858788, 0.4879088184691423, 0.49016080471064083, 0.4627372296835413, 0.4966395296008382, 0.5255707810256655, 0.49226067022772024, 0.475766033526288, 0.5014522640120904, 0.4592441265156727, 0.5025957226753235, 0.48670394531148947, 0.4996317538204572, 0.45913876306931706, 0.5229700586653703, 0.4695659311401923, 0.4641992824756547, 0.4996546609512228, 0.48500566845698073, 0.4777852509984907, 0.49484644188786187, 0.45287866110833275, 0.4877088535700413, 0.49086586825105527]","[0.8156171350768118, 0.8030309875806173, 0.7943731907642249, 0.7868963299375592, 0.7802815039952596, 0.7745004007310579, 0.7686668182864334, 0.7630201307210055, 0.7574290777697708, 0.7518397063919993, 0.7466353304458387, 0.7416051228841146, 0.7369278958349517, 0.7321961648536451, 0.7272407791831277, 0.7227910215204413, 0.7186562292503588, 0.7144072164188732, 0.7098995374910759, 0.70588219165802, 0.7018073743039911, 0.6978038332679055, 0.693848501552235, 0.6900276957136212, 0.686359582525311, 0.6824204397924019, 0.678557428446683, 0.6747359904375944, 0.6714708398688923, 0.6684109749216022, 0.6651890088211406, 0.6618775996294889, 0.6587911627509377, 0.6554917657014095, 0.6525072888894514, 0.6498079028996554, 0.6470685258056178, 0.6442269393892, 0.6412978226488287, 0.6383911443479133, 0.6355776570060037, 0.6331293853846464, 0.6306842529412472, 0.628138162873008, 0.6259524641614972, 0.6235957922357501, 0.6215509952920856, 0.6194764971733093, 0.6170981020638437, 0.6147461533546448, 0.6125290502201427, 0.6104639642166368, 0.6082634817470204, 0.6060137802904303, 0.6042058233058814, 0.6025567650794983, 0.6010810660593437, 0.5994754686500087, 0.5980128284656641, 0.5961268652569164, 0.5946801142259077, 0.5929453336831295, 0.5909548690824797, 0.5890144037477898, 0.587368475668358, 0.5856733719507853, 0.5839662461569814, 0.5821843960068442, 0.5804860953128699, 0.5789291063944498, 0.5775457042636294, 0.576081091707403, 0.5746569561235833, 0.5731846816612013, 0.5722190286173965, 0.5709871631680112, 0.5695883469148115, 0.5682494965466586, 0.5670923536474054, 0.5659426775845614, 0.564874403404467, 0.5635602293592511, 0.5621693242679943, 0.5605190378246885, 0.5589516162872314, 0.557474161639358, 0.5558997392654419, 0.5546869003411495, 0.5531723499298096, 0.5521094835165775, 0.5510984839815082, 0.5501908208384658, 0.5492491360866663, 0.5481892715800892, 0.5470935756509955, 0.5461637684793184, 0.5454102248856516, 0.5446942683422205, 0.5436986106814761, 0.5428649331584121, 0.5413755178451538, 0.5401588642235958, 0.5390664628057769, 0.5381517807642618, 0.537050850463636, 0.536100629604224, 0.5351637710224498, 0.53454517956936, 0.5338106336015643, 0.5333859667633519, 0.5326518289970629, 0.5320712255709099, 0.530952634233417, 0.5300509496168657, 0.5291065808498499, 0.5282847520076868, 0.52748103575273, 0.5269790634964452, 0.5262984615383726, 0.525631926276467, 0.5250431190837513, 0.5243616718234438, 0.52375400427616, 0.5231293548237194, 0.5225725390694358, 0.5216198256521514, 0.5211881110162446, 0.5209490711038763, 0.5204280723224987, 0.5197345596371274, 0.5191257866946134, 0.5185673814831357, 0.5182579430666837, 0.5178691221005989, 0.5171126994219694, 0.5165471813895486, 0.5158584190137459, 0.5153250116290469, 0.5146550192977443, 0.5138652505296649, 0.5131015958208026, 0.5126242168021925, 0.51227216648333, 0.5118215662060361, 0.5114600152680369, 0.5108404412414088, 0.5105328270883271, 0.5099574291344845, 0.509610450629032, 0.508757396177812, 0.5081628633267952, 0.5075148885900324, 0.5070360898971558, 0.5068733439301, 0.506647709644202, 0.5059674508643873, 0.5052291877341993, 0.5043175545605746, 0.5038846369945642, 0.5031841306975393, 0.5027174696777806, 0.502265352191347, 0.5018907315803297, 0.5014345176292189, 0.5010584195454916, 0.5009097583366163, 0.5009940573663423, 0.5007725701187596, 0.5006236271424727, 0.5003669623172644, 0.5004473635644624, 0.5001170635223389, 0.4996741034767844, 0.49916387326789624, 0.49861756960550946, 0.49823253082506586, 0.4977389826919093, 0.4972291642969305, 0.496910546765183, 0.4965115315986402, 0.4962546717036854, 0.4958713343649199, 0.4956028967192679, 0.4950524893673984, 0.4945496501344623, 0.49411089492566657, 0.493979786381577, 0.4939247333642208, 0.49390289277741406, 0.49377961592240766, 0.4937033581011223, 0.4933213826381799, 0.493028770793568, 0.4925851027170817, 0.4923005537553267, 0.4919712254495332, 0.49153672565113415, 0.4910698948484479, 0.4907400897054961, 0.4906193343075839, 0.490337660818389, 0.4901616934574012, 0.49001425685304584, 0.48984247265440045, 0.4895273699904933, 0.4893951488263679, 0.4891029776948871, 0.48877630811749084, 0.48855488950555975, 0.4881721626628529, 0.4878402695511327, 0.48771095275878906, 0.4874828006281997, 0.48716867331302527, 0.4868074258168538, 0.4864864132621072, 0.48623563304091943, 0.48572193492542615, 0.4853790456598455, 0.4849981394681064, 0.4848230535333807, 0.48460833954088617, 0.48433030012882117, 0.484127427592422, 0.4839877793283174, 0.48359021273526276, 0.48341918714118726, 0.48329611258073285, 0.48319371541341144, 0.4829904960863518, 0.4826806603056012, 0.4825331297787753, 0.4823679851763176, 0.482260393373894, 0.48212580969839386, 0.48212607701619464, 0.4821060932043827, 0.4817096825801965, 0.48137165560866846, 0.4812189954699892, 0.4811846920938203, 0.48101993763085565, 0.48086160601991595, 0.48060836936488294, 0.480235497156779, 0.48002864375258936, 0.48002902666727704, 0.4801028858531605, 0.48011172901500354, 0.47999332890366064]","[{'accuracy': 0.6060606060606061, 'f1': 0.13333333333333333, 'sensitivity': 0.07142857142857142, 'specificity': 1.0}, {'accuracy': 0.6060606060606061, 'f1': 0.13333333333333333, 'sensitivity': 0.07142857142857142, 'specificity': 1.0}, {'accuracy': 0.6363636363636364, 'f1': 0.25, 'sensitivity': 0.14285714285714285, 'specificity': 1.0}, {'accuracy': 0.6060606060606061, 'f1': 0.43478260869565216, 'sensitivity': 0.35714285714285715, 'specificity': 0.7894736842105263}, {'accuracy': 0.6060606060606061, 'f1': 0.5185185185185185, 'sensitivity': 0.5, 'specificity': 0.6842105263157895}, {'accuracy': 0.6666666666666666, 'f1': 0.5925925925925926, 'sensitivity': 0.5714285714285714, 'specificity': 0.7368421052631579}, {'accuracy': 0.6666666666666666, 'f1': 0.5925925925925926, 'sensitivity': 0.5714285714285714, 'specificity': 0.7368421052631579}, {'accuracy': 0.7272727272727273, 'f1': 0.64, 'sensitivity': 0.5714285714285714, 'specificity': 0.8421052631578947}, {'accuracy': 0.7272727272727273, 'f1': 0.64, 'sensitivity': 0.5714285714285714, 'specificity': 0.8421052631578947}, {'accuracy': 0.7272727272727273, 'f1': 0.64, 'sensitivity': 0.5714285714285714, 'specificity': 0.8421052631578947}, {'accuracy': 0.7272727272727273, 'f1': 0.64, 'sensitivity': 0.5714285714285714, 'specificity': 0.8421052631578947}, {'accuracy': 0.7272727272727273, 'f1': 0.64, 'sensitivity': 0.5714285714285714, 'specificity': 0.8421052631578947}, {'accuracy': 0.7272727272727273, 'f1': 0.64, 'sensitivity': 0.5714285714285714, 'specificity': 0.8421052631578947}, {'accuracy': 0.7272727272727273, 'f1': 0.64, 'sensitivity': 0.5714285714285714, 'specificity': 0.8421052631578947}, {'accuracy': 0.7575757575757576, 'f1': 0.6923076923076923, 'sensitivity': 0.6428571428571429, 'specificity': 0.8421052631578947}, {'accuracy': 0.7272727272727273, 'f1': 0.64, 'sensitivity': 0.5714285714285714, 'specificity': 0.8421052631578947}, {'accuracy': 0.7272727272727273, 'f1': 0.64, 'sensitivity': 0.5714285714285714, 'specificity': 0.8421052631578947}, {'accuracy': 0.7272727272727273, 'f1': 0.64, 'sensitivity': 0.5714285714285714, 'specificity': 0.8421052631578947}, {'accuracy': 0.7575757575757576, 'f1': 0.6923076923076923, 'sensitivity': 0.6428571428571429, 'specificity': 0.8421052631578947}, {'accuracy': 0.7575757575757576, 'f1': 0.6923076923076923, 'sensitivity': 0.6428571428571429, 'specificity': 0.8421052631578947}, {'accuracy': 0.7575757575757576, 'f1': 0.6923076923076923, 'sensitivity': 0.6428571428571429, 'specificity': 0.8421052631578947}, {'accuracy': 0.7878787878787878, 'f1': 0.7407407407407407, 'sensitivity': 0.7142857142857143, 'specificity': 0.8421052631578947}, {'accuracy': 0.8181818181818182, 'f1': 0.7857142857142857, 'sensitivity': 0.7857142857142857, 'specificity': 0.8421052631578947}, {'accuracy': 0.8484848484848485, 'f1': 0.8275862068965517, 'sensitivity': 0.8571428571428571, 'specificity': 0.8421052631578947}, {'accuracy': 0.8484848484848485, 'f1': 0.8275862068965517, 'sensitivity': 0.8571428571428571, 'specificity': 0.8421052631578947}, {'accuracy': 0.8484848484848485, 'f1': 0.8275862068965517, 'sensitivity': 0.8571428571428571, 'specificity': 0.8421052631578947}, {'accuracy': 0.8484848484848485, 'f1': 0.8275862068965517, 'sensitivity': 0.8571428571428571, 'specificity': 0.8421052631578947}, {'accuracy': 0.8484848484848485, 'f1': 0.8275862068965517, 'sensitivity': 0.8571428571428571, 'specificity': 0.8421052631578947}, {'accuracy': 0.8484848484848485, 'f1': 0.8275862068965517, 'sensitivity': 0.8571428571428571, 'specificity': 0.8421052631578947}, {'accuracy': 0.8484848484848485, 'f1': 0.8275862068965517, 'sensitivity': 0.8571428571428571, 'specificity': 0.8421052631578947}, {'accuracy': 0.8484848484848485, 'f1': 0.8275862068965517, 'sensitivity': 0.8571428571428571, 'specificity': 0.8421052631578947}, {'accuracy': 0.8484848484848485, 'f1': 0.8275862068965517, 'sensitivity': 0.8571428571428571, 'specificity': 0.8421052631578947}, {'accuracy': 0.8484848484848485, 'f1': 0.8275862068965517, 'sensitivity': 0.8571428571428571, 'specificity': 0.8421052631578947}, {'accuracy': 0.8484848484848485, 'f1': 0.8275862068965517, 'sensitivity': 0.8571428571428571, 'specificity': 0.8421052631578947}, {'accuracy': 0.8484848484848485, 'f1': 0.8275862068965517, 'sensitivity': 0.8571428571428571, 'specificity': 0.8421052631578947}, {'accuracy': 0.8484848484848485, 'f1': 0.8275862068965517, 'sensitivity': 0.8571428571428571, 'specificity': 0.8421052631578947}, {'accuracy': 0.8484848484848485, 'f1': 0.8275862068965517, 'sensitivity': 0.8571428571428571, 'specificity': 0.8421052631578947}, {'accuracy': 0.8484848484848485, 'f1': 0.8275862068965517, 'sensitivity': 0.8571428571428571, 'specificity': 0.8421052631578947}, {'accuracy': 0.9090909090909091, 'f1': 0.9032258064516129, 'sensitivity': 1.0, 'specificity': 0.8421052631578947}, {'accuracy': 0.9090909090909091, 'f1': 0.9032258064516129, 'sensitivity': 1.0, 'specificity': 0.8421052631578947}, {'accuracy': 0.8787878787878788, 'f1': 0.875, 'sensitivity': 1.0, 'specificity': 0.7894736842105263}, {'accuracy': 0.8787878787878788, 'f1': 0.875, 'sensitivity': 1.0, 'specificity': 0.7894736842105263}, {'accuracy': 0.8787878787878788, 'f1': 0.875, 'sensitivity': 1.0, 'specificity': 0.7894736842105263}, {'accuracy': 0.8787878787878788, 'f1': 0.875, 'sensitivity': 1.0, 'specificity': 0.7894736842105263}, {'accuracy': 0.8787878787878788, 'f1': 0.875, 'sensitivity': 1.0, 'specificity': 0.7894736842105263}, {'accuracy': 0.8787878787878788, 'f1': 0.875, 'sensitivity': 1.0, 'specificity': 0.7894736842105263}, {'accuracy': 0.8787878787878788, 'f1': 0.875, 'sensitivity': 1.0, 'specificity': 0.7894736842105263}, {'accuracy': 0.9090909090909091, 'f1': 0.9032258064516129, 'sensitivity': 1.0, 'specificity': 0.8421052631578947}, {'accuracy': 0.8787878787878788, 'f1': 0.875, 'sensitivity': 1.0, 'specificity': 0.7894736842105263}, {'accuracy': 0.8787878787878788, 'f1': 0.875, 'sensitivity': 1.0, 'specificity': 0.7894736842105263}, {'accuracy': 0.8787878787878788, 'f1': 0.875, 'sensitivity': 1.0, 'specificity': 0.7894736842105263}, {'accuracy': 0.8787878787878788, 'f1': 0.875, 'sensitivity': 1.0, 'specificity': 0.7894736842105263}, {'accuracy': 0.8787878787878788, 'f1': 0.875, 'sensitivity': 1.0, 'specificity': 0.7894736842105263}, {'accuracy': 0.8787878787878788, 'f1': 0.875, 'sensitivity': 1.0, 'specificity': 0.7894736842105263}, {'accuracy': 0.8787878787878788, 'f1': 0.875, 'sensitivity': 1.0, 'specificity': 0.7894736842105263}, {'accuracy': 0.8787878787878788, 'f1': 0.875, 'sensitivity': 1.0, 'specificity': 0.7894736842105263}, {'accuracy': 0.8787878787878788, 'f1': 0.875, 'sensitivity': 1.0, 'specificity': 0.7894736842105263}, {'accuracy': 0.9090909090909091, 'f1': 0.9032258064516129, 'sensitivity': 1.0, 'specificity': 0.8421052631578947}, {'accuracy': 0.9090909090909091, 'f1': 0.9032258064516129, 'sensitivity': 1.0, 'specificity': 0.8421052631578947}, {'accuracy': 0.9090909090909091, 'f1': 0.9032258064516129, 'sensitivity': 1.0, 'specificity': 0.8421052631578947}, {'accuracy': 0.9090909090909091, 'f1': 0.9032258064516129, 'sensitivity': 1.0, 'specificity': 0.8421052631578947}, {'accuracy': 0.9090909090909091, 'f1': 0.9032258064516129, 'sensitivity': 1.0, 'specificity': 0.8421052631578947}, {'accuracy': 0.9090909090909091, 'f1': 0.9032258064516129, 'sensitivity': 1.0, 'specificity': 0.8421052631578947}, {'accuracy': 0.8787878787878788, 'f1': 0.875, 'sensitivity': 1.0, 'specificity': 0.7894736842105263}, {'accuracy': 0.9090909090909091, 'f1': 0.9032258064516129, 'sensitivity': 1.0, 'specificity': 0.8421052631578947}, {'accuracy': 0.8787878787878788, 'f1': 0.875, 'sensitivity': 1.0, 'specificity': 0.7894736842105263}, {'accuracy': 0.9090909090909091, 'f1': 0.9032258064516129, 'sensitivity': 1.0, 'specificity': 0.8421052631578947}, {'accuracy': 0.8787878787878788, 'f1': 0.875, 'sensitivity': 1.0, 'specificity': 0.7894736842105263}, {'accuracy': 0.8787878787878788, 'f1': 0.875, 'sensitivity': 1.0, 'specificity': 0.7894736842105263}, {'accuracy': 0.8787878787878788, 'f1': 0.875, 'sensitivity': 1.0, 'specificity': 0.7894736842105263}, {'accuracy': 0.8787878787878788, 'f1': 0.875, 'sensitivity': 1.0, 'specificity': 0.7894736842105263}, {'accuracy': 0.8787878787878788, 'f1': 0.875, 'sensitivity': 1.0, 'specificity': 0.7894736842105263}, {'accuracy': 0.8787878787878788, 'f1': 0.875, 'sensitivity': 1.0, 'specificity': 0.7894736842105263}, {'accuracy': 0.8787878787878788, 'f1': 0.875, 'sensitivity': 1.0, 'specificity': 0.7894736842105263}, {'accuracy': 0.9090909090909091, 'f1': 0.9032258064516129, 'sensitivity': 1.0, 'specificity': 0.8421052631578947}, {'accuracy': 0.9090909090909091, 'f1': 0.9032258064516129, 'sensitivity': 1.0, 'specificity': 0.8421052631578947}, {'accuracy': 0.9090909090909091, 'f1': 0.9032258064516129, 'sensitivity': 1.0, 'specificity': 0.8421052631578947}, {'accuracy': 0.9090909090909091, 'f1': 0.9032258064516129, 'sensitivity': 1.0, 'specificity': 0.8421052631578947}, {'accuracy': 0.9090909090909091, 'f1': 0.9032258064516129, 'sensitivity': 1.0, 'specificity': 0.8421052631578947}, {'accuracy': 0.9090909090909091, 'f1': 0.9032258064516129, 'sensitivity': 1.0, 'specificity': 0.8421052631578947}, {'accuracy': 0.9090909090909091, 'f1': 0.9032258064516129, 'sensitivity': 1.0, 'specificity': 0.8421052631578947}, {'accuracy': 0.9090909090909091, 'f1': 0.9032258064516129, 'sensitivity': 1.0, 'specificity': 0.8421052631578947}, {'accuracy': 0.9090909090909091, 'f1': 0.9032258064516129, 'sensitivity': 1.0, 'specificity': 0.8421052631578947}, {'accuracy': 0.9090909090909091, 'f1': 0.9032258064516129, 'sensitivity': 1.0, 'specificity': 0.8421052631578947}, {'accuracy': 0.9090909090909091, 'f1': 0.9032258064516129, 'sensitivity': 1.0, 'specificity': 0.8421052631578947}, {'accuracy': 0.9090909090909091, 'f1': 0.9032258064516129, 'sensitivity': 1.0, 'specificity': 0.8421052631578947}, {'accuracy': 0.8787878787878788, 'f1': 0.875, 'sensitivity': 1.0, 'specificity': 0.7894736842105263}, {'accuracy': 0.8787878787878788, 'f1': 0.875, 'sensitivity': 1.0, 'specificity': 0.7894736842105263}, {'accuracy': 0.87878787878787