number,value,datetime_start,datetime_complete,duration,params_dropout_rate,params_learning_rate,params_weight_decay,user_attrs_best_val_metrics,user_attrs_model_name,user_attrs_train_loss_history,user_attrs_val_loss_history,user_attrs_val_overall_metrics_history,state
0,0.875,2026-08-02 16:13:25.099454,2026-08-02 16:15:28.756247,0 days 00:02:03.656793,0.2,0.0013292918943162175,0.0007114476009343421,"{'overall': {'n': 33, 'accuracy': 0.8787878787878788, 'precision': 0.7777777777777778, 'recall': 1.0, 'sensitivity': 1.0, 'specificity': 0.7894736842105263, 'balanced_accuracy': 0.8947368421052632, 'f1': 0.875, 'confusion_matrix': [[15, 4], [0, 14]], 'auc': 0.8984962406015038, 'roc_curve': {'fpr': [0.0, 0.0, 0.0, 0.10526315789473684, 0.10526315789473684, 0.15789473684210525, 0.15789473684210525, 0.21052631578947367, 0.21052631578947367, 1.0], 'tpr': [0.0, 0.07142857142857142, 0.2857142857142857, 0.2857142857142857, 0.6428571428571429, 0.6428571428571429, 0.8571428571428571, 0.8571428571428571, 1.0, 1.0]}}, 'India': {'n': 14, 'accuracy': 0.8571428571428571, 'precision': 0.8333333333333334, 'recall': 1.0, 'sensitivity': 1.0, 'specificity': 0.5, 'balanced_accuracy': 0.75, 'f1': 0.9090909090909091, 'confusion_matrix': [[2, 2], [0, 10]], 'auc': 0.875, 'roc_curve': {'fpr': [0.0, 0.0, 0.0, 0.25, 0.25, 0.5, 0.5, 1.0], 'tpr': [0.0, 0.1, 0.7, 0.7, 0.8, 0.8, 1.0, 1.0]}}, 'Italy': {'n': 19, 'accuracy': 0.8947368421052632, 'precision': 0.6666666666666666, 'recall': 1.0, 'sensitivity': 1.0, 'specificity': 0.8666666666666667, 'balanced_accuracy': 0.9333333333333333, 'f1': 0.8, 'confusion_matrix': [[13, 2], [0, 4]], 'auc': 0.9, 'roc_curve': {'fpr': [0.0, 0.0, 0.13333333333333333, 0.13333333333333333, 1.0], 'tpr': [0.0, 0.25, 0.25, 1.0, 1.0]}}}",vit_b_16_palpebral_v2_clean,"[0.7905354432712327, 0.716128379303888, 0.649675598997154, 0.6165169212991828, 0.5824583954368996, 0.5681991798198776, 0.5517972593275916, 0.5195303729038365, 0.5134267964899935, 0.5148594691263919, 0.4929818483377924, 0.48887194742430123, 0.46913887096556606, 0.49023544512047673, 0.4773201093768442, 0.4554812426598656, 0.4628842307242337, 0.471696300617117, 0.43530860799827326, 0.4583521702431685, 0.4426999315126053, 0.4322176982235435, 0.44024540928025907, 0.4156736356533126, 0.44695177930869806, 0.4271068276948487, 0.4112580931739302, 0.437508103863293, 0.4222236056596238, 0.4300175966411237, 0.401826304710464, 0.41009791126314377, 0.4229632720647269, 0.4403195321954639, 0.4000165324337435, 0.4448454103722478, 0.41882573176693444, 0.40680345833696274]","[0.7259531969373877, 0.6670094340136556, 0.620279559583375, 0.5975479068178119, 0.5603407621383667, 0.5399329806819106, 0.5317760597575795, 0.5155437245513453, 0.5104713945677786, 0.5040587656425707, 0.5009510300376199, 0.49648085507479583, 0.49439274181019177, 0.491367650754524, 0.48819120002515387, 0.4852878252665202, 0.4814945278745709, 0.48026421575835254, 0.4788918639674331, 0.47832848808982154, 0.4801691300941236, 0.47727470686941437, 0.47668197660735157, 0.4777234034104781, 0.4813848625529896, 0.4787126671184193, 0.4812897696639552, 0.4790158271789551, 0.4823393460476037, 0.47612819527134753, 0.4716966946919759, 0.4738148631471576, 0.48093087022954767, 0.4739815177339496, 0.48163858326998626, 0.49556271235148114, 0.480537190581813, 0.47646882317282935]","[{'accuracy': 0.7272727272727273, 'f1': 0.64, 'sensitivity': 0.5714285714285714, 'specificity': 0.8421052631578947}, {'accuracy': 0.7878787878787878, 'f1': 0.8, 'sensitivity': 1.0, 'specificity': 0.631578947368421}, {'accuracy': 0.8181818181818182, 'f1': 0.7857142857142857, 'sensitivity': 0.7857142857142857, 'specificity': 0.8421052631578947}, {'accuracy': 0.7878787878787878, 'f1': 0.72, 'sensitivity': 0.6428571428571429, 'specificity': 0.8947368421052632}, {'accuracy': 0.8787878787878788, 'f1': 0.875, 'sensitivity': 1.0, 'specificity': 0.7894736842105263}, {'accuracy': 0.8787878787878788, 'f1': 0.875, 'sensitivity': 1.0, 'specificity': 0.7894736842105263}, {'accuracy': 0.8484848484848485, 'f1': 0.8275862068965517, 'sensitivity': 0.8571428571428571, 'specificity': 0.8421052631578947}, {'accuracy': 0.8787878787878788, 'f1': 0.875, 'sensitivity': 1.0, 'specificity': 0.7894736842105263}, {'accuracy': 0.8787878787878788, 'f1': 0.875, 'sensitivity': 1.0, 'specificity': 0.7894736842105263}, {'accuracy': 0.8484848484848485, 'f1': 0.8484848484848485, 'sensitivity': 1.0, 'specificity': 0.7368421052631579}, {'accuracy': 0.8181818181818182, 'f1': 0.8235294117647058, 'sensitivity': 1.0, 'specificity': 0.6842105263157895}, {'accuracy': 0.7878787878787878, 'f1': 0.8, 'sensitivity': 1.0, 'specificity': 0.631578947368421}, {'accuracy': 0.7878787878787878, 'f1': 0.8, 'sensitivity': 1.0, 'specificity': 0.631578947368421}, {'accuracy': 0.7878787878787878, 'f1': 0.7741935483870968, 'sensitivity': 0.8571428571428571, 'specificity': 0.7368421052631579}, {'accuracy': 0.7575757575757576, 'f1': 0.7647058823529411, 'sensitivity': 0.9285714285714286, 'specificity': 0.631578947368421}, {'accuracy': 0.7575757575757576, 'f1': 0.7647058823529411, 'sensitivity': 0.9285714285714286, 'specificity': 0.631578947368421}, {'accuracy': 0.7575757575757576, 'f1': 0.7647058823529411, 'sensitivity': 0.9285714285714286, 'specificity': 0.631578947368421}, {'accuracy': 0.7272727272727273, 'f1': 0.7272727272727273, 'sensitivity': 0.8571428571428571, 'specificity': 0.631578947368421}, {'accuracy': 0.7272727272727273, 'f1': 0.7272727272727273, 'sensitivity': 0.8571428571428571, 'specificity': 0.631578947368421}, {'accuracy': 0.7878787878787878, 'f1': 0.8, 'sensitivity': 1.0, 'specificity': 0.631578947368421}, {'accuracy': 0.7878787878787878, 'f1': 0.8, 'sensitivity': 1.0, 'specificity': 0.631578947368421}, {'accuracy': 0.7272727272727273, 'f1': 0.7272727272727273, 'sensitivity': 0.8571428571428571, 'specificity': 0.631578947368421}, {'accuracy': 0.7272727272727273, 'f1': 0.7272727272727273, 'sensitivity': 0.8571428571428571, 'specificity': 0.631578947368421}, {'accuracy': 0.7272727272727273, 'f1': 0.7272727272727273, 'sensitivity': 0.8571428571428571, 'specificity': 0.631578947368421}, {'accuracy': 0.7575757575757576, 'f1': 0.7647058823529411, 'sensitivity': 0.9285714285714286, 'specificity': 0.631578947368421}, {'accuracy': 0.7272727272727273, 'f1': 0.7272727272727273, 'sensitivity': 0.8571428571428571, 'specificity': 0.631578947368421}, {'accuracy': 0.7575757575757576, 'f1': 0.75, 'sensitivity': 0.8571428571428571, 'specificity': 0.6842105263157895}, {'accuracy': 0.7272727272727273, 'f1': 0.7272727272727273, 'sensitivity': 0.8571428571428571, 'specificity': 0.631578947368421}, {'accuracy': 0.7575757575757576, 'f1': 0.7647058823529411, 'sensitivity': 0.9285714285714286, 'specificity': 0.631578947368421}, {'accuracy': 0.7272727272727273, 'f1': 0.7272727272727273, 'sensitivity': 0.8571428571428571, 'specificity': 0.631578947368421}, {'accuracy': 0.7272727272727273, 'f1': 0.7272727272727273, 'sensitivity': 0.8571428571428571, 'specificity': 0.631578947368421}, {'accuracy': 0.7272727272727273, 'f1': 0.7272727272727273, 'sensitivity': 0.8571428571428571, 'specificity': 0.631578947368421}, {'accuracy': 0.7878787878787878, 'f1': 0.8, 'sensitivity': 1.0, 'specificity': 0.631578947368421}, {'accuracy': 0.7575757575757576, 'f1': 0.75, 'sensitivity': 0.8571428571428571, 'specificity': 0.6842105263157895}, {'accuracy': 0.7272727272727273, 'f1': 0.7272727272727273, 'sensitivity': 0.8571428571428571, 'specificity': 0.631578947368421}, {'accuracy': 0.7878787878787878, 'f1': 0.8, 'sensitivity': 1.0, 'specificity': 0.631578947368421}, {'accuracy': 0.7272727272727273, 'f1': 0.7272727272727273, 'sensitivity': 0.8571428571428571, 'specificity': 0.631578947368421}, {'accuracy': 0.7272727272727273, 'f1': 0.7272727272727273, 'sensitivity': 0.8571428571428571, 'specificity': 0.631578947368421}]",COMPLETE
