number,value,datetime_start,datetime_complete,duration,params_dropout_rate,params_learning_rate,params_weight_decay,user_attrs_best_val_metrics,user_attrs_model_name,user_attrs_train_loss_history,user_attrs_val_loss_history,user_attrs_val_overall_metrics_history,state
5,0.875,2026-08-02 16:24:55.667000,2026-08-02 16:37:35.414070,0 days 00:12:39.747070,0.5,0.0001235308191492332,1.0422971466648463e-06,"{'overall': {'n': 33, 'accuracy': 0.8787878787878788, 'precision': 0.7777777777777778, 'recall': 1.0, 'sensitivity': 1.0, 'specificity': 0.7894736842105263, 'balanced_accuracy': 0.8947368421052632, 'f1': 0.875, 'confusion_matrix': [[15, 4], [0, 14]], 'auc': 0.8947368421052632, 'roc_curve': {'fpr': [0.0, 0.0, 0.0, 0.10526315789473684, 0.10526315789473684, 0.15789473684210525, 0.15789473684210525, 0.21052631578947367, 0.21052631578947367, 1.0], 'tpr': [0.0, 0.07142857142857142, 0.21428571428571427, 0.21428571428571427, 0.6428571428571429, 0.6428571428571429, 0.9285714285714286, 0.9285714285714286, 1.0, 1.0]}}, 'India': {'n': 14, 'accuracy': 0.8571428571428571, 'precision': 0.8333333333333334, 'recall': 1.0, 'sensitivity': 1.0, 'specificity': 0.5, 'balanced_accuracy': 0.75, 'f1': 0.9090909090909091, 'confusion_matrix': [[2, 2], [0, 10]], 'auc': 0.925, 'roc_curve': {'fpr': [0.0, 0.0, 0.0, 0.25, 0.25, 1.0], 'tpr': [0.0, 0.1, 0.7, 0.7, 1.0, 1.0]}}, 'Italy': {'n': 19, 'accuracy': 0.8947368421052632, 'precision': 0.6666666666666666, 'recall': 1.0, 'sensitivity': 1.0, 'specificity': 0.8666666666666667, 'balanced_accuracy': 0.9333333333333333, 'f1': 0.8, 'confusion_matrix': [[13, 2], [0, 4]], 'auc': 0.8666666666666667, 'roc_curve': {'fpr': [0.0, 0.06666666666666667, 0.13333333333333333, 0.13333333333333333, 1.0], 'tpr': [0.0, 0.0, 0.0, 1.0, 1.0]}}}",vit_b_16_palpebral_v2_clean,"[0.8752687881324465, 0.8239651484205234, 0.8393283612680751, 0.7759945736026133, 0.786066377399773, 0.7757101643164426, 0.798354248732131, 0.769708927498748, 0.8058578225950531, 0.7818682241124033, 0.7469419110689731, 0.7867556988008765, 0.7311512894977797, 0.7287905362268158, 0.7312507660973151, 0.7399139451664805, 0.7575060093639702, 0.7323569864626752, 0.739360801431517, 0.7378601589739717, 0.7097053815986937, 0.7465228888372711, 0.7081492266907597, 0.701541702084194, 0.7113277098990434, 0.710012016312176, 0.7065374590703194, 0.695489693951133, 0.7289709744863953, 0.705379221613044, 0.6768875615486246, 0.6928997912154292, 0.6628606666792307, 0.6893836397998381, 0.6664288786073395, 0.6626044811791931, 0.6953743455425793, 0.6680809042311662, 0.6932578726320078, 0.6600546426330971, 0.6503633323884168, 0.6397888976217105, 0.6652327053594274, 0.6764600837467521, 0.6474774866704119, 0.624170021900278, 0.6558468685244883, 0.6723049085661276, 0.6175331445719232, 0.6271042780370901, 0.6246720560339113, 0.653098527958851, 0.6107280234627376, 0.6017253312054059, 0.6289027293786308, 0.6276486046266871, 0.6338017057898818, 0.6048930567621396, 0.6091153586147636, 0.5637920021221338, 0.6389619680429925, 0.6151666905706292, 0.6222192416127944, 0.6331723292931816, 0.6095778985528757, 0.6172706476899962, 0.5767066080049174, 0.5794174335650261, 0.604678212017413, 0.598759053953436, 0.601764414089405, 0.5902260636651753, 0.5922493954367986, 0.6039065785755385, 0.6099406658418921, 0.5730763654045711, 0.559427077407079, 0.5901098127001958, 0.5971721805484089, 0.5727544833492759, 0.5770034655829929, 0.5694341659545898, 0.5957811757034024, 0.567282908010167, 0.5965494600352862, 0.5655638593316867, 0.5565530788030056, 0.5624282922571069, 0.580914417442107, 0.5566835952120901, 0.5553183022713819, 0.5411366840072026, 0.5667370735414771, 0.5397382279894999, 0.5474555401612591, 0.5736038069061885, 0.5527427149134756, 0.5802054235477321, 0.5544089619687061, 0.5689826781386571, 0.546640368092139, 0.54428154545904, 0.5400712825604622, 0.5673783895195714, 0.5603318561781321, 0.5658474730340061, 0.5459904702293952, 0.5425353364044467, 0.5599603763479271, 0.5733223281159306, 0.577535086514934, 0.534498206432292, 0.5615802892785988, 0.5350753019582357, 0.5378942049497011, 0.5789835610926546, 0.5307444243241619, 0.5521142186708008, 0.528021544020697, 0.5361089434055303, 0.525788452846325, 0.5348639519798835, 0.5547038825931928, 0.5370620980562754, 0.5306522100177032, 0.5420312251870996, 0.5386247952647557, 0.5130309955963236, 0.5288347262420402, 0.5305486854338488, 0.5370158880751654, 0.550781630522368, 0.5375989793941675, 0.5520236357947849, 0.5120100280306986, 0.5293559088612234, 0.5357961029011682, 0.537115841511859, 0.5106525105356381, 0.5405771061284652, 0.534607022408618, 0.5019451675825561, 0.5152422122607957, 0.5231627289033094, 0.5271649869861982, 0.512225616846653, 0.5152909084661117, 0.5230047063322256, 0.49288583275498143, 0.5179421353024363, 0.512412494381532, 0.5267152861254105, 0.500041202204117, 0.49054993856821627, 0.5097914740739279, 0.5166580005986801, 0.5116313494593892, 0.5311196079317307, 0.4921908214786984, 0.5183664074796714, 0.492567367506343, 0.5173697070964914, 0.5094473186312922, 0.47379099237208333, 0.517296936338311, 0.4938076272705533, 0.5005320590852902, 0.4954010804757377, 0.5133288534271796, 0.4773935671673705, 0.48652096260462374, 0.5135631577068607, 0.5197749090510488, 0.5045137032373062, 0.46730187239236387, 0.5259107548669474, 0.4800565530922239, 0.4958413829471891, 0.4982565023646449, 0.49532990266155724, 0.4982686644753084, 0.48093897341102954, 0.4649837218373027, 0.49364962996236533, 0.4665865161955751, 0.48947864099843613, 0.49624974680262685, 0.47481677765088365, 0.5019780413204471, 0.4758008611912759, 0.5036580981008264, 0.48887586317315007, 0.49281409876236065, 0.5120923627686027, 0.49091042509142135, 0.47238389683875026, 0.5043526366846451, 0.48942457603303013, 0.5028591448108092, 0.47786554832332184, 0.4684013274331756, 0.47126875452647937, 0.49940199804621815, 0.4782628243332667, 0.48747601414358377, 0.49966710213793825, 0.5016512241189843, 0.486367937744848, 0.4616643666036871, 0.4905951887566522, 0.48245490505205874, 0.47486106548088275, 0.49281754063454686, 0.4800355631784098, 0.5016888198473596, 0.4708760084695374, 0.4716816572164068, 0.4870741923913261, 0.451735604283036, 0.4655162362468164, 0.46254119770416363, 0.4499850586944858, 0.483533094655599, 0.46992838481404137, 0.5046658956057188, 0.5167772872558493, 0.49995377442694655, 0.4866249498152575, 0.4818254448720162, 0.480524885733396, 0.5121442162437945, 0.45407326687250704, 0.47569622385580806, 0.4702468978253421, 0.4858390566529028, 0.4960940592731072, 0.4420914959828585, 0.47795325991333715, 0.435573912219496, 0.47094178712920637, 0.45935440852942055, 0.4618012360389659, 0.4532966355219582, 0.4645002744845207, 0.4739292986345607, 0.45599814045508175, 0.4582729663280462, 0.49582832775368596, 0.47554086395446826, 0.4604025954837041]","[0.7933813098705176, 0.7802271517840299, 0.7696639949625189, 0.7618997151201422, 0.7559814579559095, 0.7504045872977285, 0.7449353499846025, 0.7399417884422071, 0.7347165779633955, 0.7297643748196688, 0.7252964973449707, 0.7208522973638593, 0.7164682547251383, 0.7120669249332312, 0.7079855871923042, 0.7036023844372142, 0.6993367148168159, 0.6948523376927231, 0.6909932060675188, 0.6872322956720988, 0.6835034110329368, 0.6797303647706003, 0.6761360439387235, 0.672279159228007, 0.6688655903845122, 0.6653238986477708, 0.6616864493398955, 0.6579430934154626, 0.6549788478649023, 0.6518120603127913, 0.6487386840762515, 0.6456158739147764, 0.6429885625839233, 0.6401420344005931, 0.6377860235445427, 0.6344898541768392, 0.6315547805843931, 0.6289094180771799, 0.6263692686052034, 0.6237994811751626, 0.6212780836856726, 0.6188081520976443, 0.6164698149218704, 0.6142558003916885, 0.6120824922214855, 0.6098218560218811, 0.6080154776573181, 0.6060851378874346, 0.6038755178451538, 0.6018108671361749, 0.5998102498776985, 0.597701193708362, 0.5957473895766519, 0.5938696247158628, 0.591972089175022, 0.5900595115892815, 0.5881107738523772, 0.5862455097111788, 0.5843371839234324, 0.5823892499461318, 0.5808038982478055, 0.5793426253578879, 0.5776624137705023, 0.5760584798726168, 0.5746536832867246, 0.5735448309869478, 0.5722870176488702, 0.5712140220584292, 0.5700526959968336, 0.5688746192238547, 0.5673237099792018, 0.5659304134773485, 0.5643136934800581, 0.5627570224530769, 0.561342098496177, 0.5598502086870598, 0.5585019227230188, 0.5571166168559681, 0.5555980458404078, 0.5542369430715387, 0.5531666856823545, 0.5523512435681892, 0.5512343283855554, 0.5498208024285056, 0.5483453382145275, 0.5470043420791626, 0.5457585074684836, 0.544704050728769, 0.5434045358137651, 0.5423471530278524, 0.5413479227008242, 0.5404775323289813, 0.5398258765538534, 0.538749326359142, 0.5379670677763043, 0.5370154850410692, 0.5359482620701645, 0.5348589275822495, 0.5337030092875162, 0.5327725952321832, 0.5319218454938947, 0.5312949057781335, 0.530498490189061, 0.5298284870205503, 0.5290778333490546, 0.5282920273867521, 0.5276198062029752, 0.5271958690701108, 0.5265208265998147, 0.5262355334831007, 0.5255174817460956, 0.5246717026739409, 0.5237571109424938, 0.5229715722979922, 0.5220369064446652, 0.5211696299639615, 0.5203360897122007, 0.519738905357592, 0.5190883007916537, 0.5183981657028198, 0.5175378033609102, 0.5170625664971091, 0.5166328856439302, 0.516091545422872, 0.5157669421398279, 0.5152620582869558, 0.5147855354077888, 0.5138665509946418, 0.5134340091185137, 0.5129310290018717, 0.5123648896361842, 0.5118099414941036, 0.5113416946295536, 0.5107417034380364, 0.5100794597105547, 0.5095104773839315, 0.5089228550593058, 0.5082865519957109, 0.5076515710715092, 0.5070215319142197, 0.506340301398075, 0.5056837183056455, 0.5051362947984175, 0.5045351584752401, 0.5038527864398379, 0.5030830159331813, 0.5024256561741685, 0.5019235827706077, 0.5013284936095729, 0.5009089636080193, 0.5003263047247222, 0.4999002796230894, 0.4993663050911643, 0.4990063255483454, 0.49880671139919397, 0.4984126632863825, 0.4981988487821637, 0.4978433305566961, 0.49744190591754334, 0.4968944209994692, 0.49643445737434155, 0.49621506893273554, 0.49586602413293085, 0.4953055237278794, 0.4948074528665254, 0.49462207158406574, 0.49442291982246167, 0.4939145897374009, 0.4935672210924553, 0.4933564807429458, 0.4932421554218639, 0.49308310133038147, 0.4926511085394657, 0.4925271453279437, 0.49229733871691156, 0.4918639443137429, 0.49150105678673944, 0.4913153648376465, 0.49093151092529297, 0.49072534387761896, 0.4906250491286769, 0.49033360047773883, 0.4900012883273038, 0.4896279754060687, 0.4893134796258175, 0.48900394728689484, 0.488702882419933, 0.4885137297890403, 0.48824215657783276, 0.4878119772130793, 0.4875071482224898, 0.4873311591870857, 0.4870140480272698, 0.4866066990476666, 0.48636973987926135, 0.48596208023302484, 0.4856674382180879, 0.48533745967980585, 0.4851614778692072, 0.48508792212515167, 0.48505735397338867, 0.4848892255262895, 0.484724015900583, 0.48459396940289123, 0.4843312538031376, 0.4839966802886038, 0.48372843771269824, 0.48345983389652136, 0.48318437373999396, 0.4830968668966582, 0.4828668579910741, 0.48258960608280066, 0.48229625008322974, 0.4820818106333415, 0.48196717464562616, 0.48207342263424036, 0.4819477471438321, 0.48176074028015137, 0.48155785329414136, 0.4816843740867846, 0.48190430438879767, 0.4817894661065304, 0.4819132053490841, 0.48211245825796417, 0.4820323351657752, 0.48151820356195624, 0.48118280641960376, 0.4810553319526441, 0.48041407267252606, 0.4800290194424716, 0.479879025256995, 0.47962787657073047, 0.4796128273010254, 0.47928518959970184, 0.47908949851989746, 0.47884924484021735, 0.47870651880900067, 0.47849116903362854, 0.47847309257044934, 0.47852658502983325, 0.47850275762153394, 0.4785943464799361, 0.4786718397429495, 0.47872164032676, 0.47867875388174347, 0.47829279032620514, 0.47803060213724774, 0.47778089118726325, 0.47779805010015314, 0.47759493914517487]","[{'accuracy': 0.6060606060606061, 'f1': 0.23529411764705882, 'sensitivity': 0.14285714285714285, 'specificity': 0.9473684210526315}, {'accuracy': 0.6363636363636364, 'f1': 0.3333333333333333, 'sensitivity': 0.21428571428571427, 'specificity': 0.9473684210526315}, {'accuracy': 0.6060606060606061, 'f1': 0.38095238095238093, 'sensitivity': 0.2857142857142857, 'specificity': 0.8421052631578947}, {'accuracy': 0.5454545454545454, 'f1': 0.34782608695652173, 'sensitivity': 0.2857142857142857, 'specificity': 0.7368421052631579}, {'accuracy': 0.6363636363636364, 'f1': 0.5384615384615384, 'sensitivity': 0.5, 'specificity': 0.7368421052631579}, {'accuracy': 0.6666666666666666, 'f1': 0.6206896551724138, 'sensitivity': 0.6428571428571429, 'specificity': 0.6842105263157895}, {'accuracy': 0.696969696969697, 'f1': 0.6428571428571429, 'sensitivity': 0.6428571428571429, 'specificity': 0.7368421052631579}, {'accuracy': 0.7272727272727273, 'f1': 0.6896551724137931, 'sensitivity': 0.7142857142857143, 'specificity': 0.7368421052631579}, {'accuracy': 0.7272727272727273, 'f1': 0.6896551724137931, 'sensitivity': 0.7142857142857143, 'specificity': 0.7368421052631579}, {'accuracy': 0.696969696969697, 'f1': 0.6428571428571429, 'sensitivity': 0.6428571428571429, 'specificity': 0.7368421052631579}, {'accuracy': 0.696969696969697, 'f1': 0.6428571428571429, 'sensitivity': 0.6428571428571429, 'specificity': 0.7368421052631579}, {'accuracy': 0.696969696969697, 'f1': 0.6428571428571429, 'sensitivity': 0.6428571428571429, 'specificity': 0.7368421052631579}, {'accuracy': 0.7272727272727273, 'f1': 0.6666666666666666, 'sensitivity': 0.6428571428571429, 'specificity': 0.7894736842105263}, {'accuracy': 0.7272727272727273, 'f1': 0.6666666666666666, 'sensitivity': 0.6428571428571429, 'specificity': 0.7894736842105263}, {'accuracy': 0.7272727272727273, 'f1': 0.6666666666666666, 'sensitivity': 0.6428571428571429, 'specificity': 0.7894736842105263}, {'accuracy': 0.7575757575757576, 'f1': 0.7142857142857143, 'sensitivity': 0.7142857142857143, 'specificity': 0.7894736842105263}, {'accuracy': 0.7272727272727273, 'f1': 0.6666666666666666, 'sensitivity': 0.6428571428571429, 'specificity': 0.7894736842105263}, {'accuracy': 0.7878787878787878, 'f1': 0.7586206896551724, 'sensitivity': 0.7857142857142857, 'specificity': 0.7894736842105263}, {'accuracy': 0.7878787878787878, 'f1': 0.7586206896551724, 'sensitivity': 0.7857142857142857, 'specificity': 0.7894736842105263}, {'accuracy': 0.7878787878787878, 'f1': 0.7586206896551724, 'sensitivity': 0.7857142857142857, 'specificity': 0.7894736842105263}, {'accuracy': 0.7878787878787878, 'f1': 0.7586206896551724, 'sensitivity': 0.7857142857142857, 'specificity': 0.7894736842105263}, {'accuracy': 0.7878787878787878, 'f1': 0.7586206896551724, 'sensitivity': 0.7857142857142857, 'specificity': 0.7894736842105263}, {'accuracy': 0.7878787878787878, 'f1': 0.7586206896551724, 'sensitivity': 0.7857142857142857, 'specificity': 0.7894736842105263}, {'accuracy': 0.7878787878787878, 'f1': 0.7586206896551724, 'sensitivity': 0.7857142857142857, 'specificity': 0.7894736842105263}, {'accuracy': 0.7878787878787878, 'f1': 0.7586206896551724, 'sensitivity': 0.7857142857142857, 'specificity': 0.7894736842105263}, {'accuracy': 0.7878787878787878, 'f1': 0.7586206896551724, 'sensitivity': 0.7857142857142857, 'specificity': 0.7894736842105263}, {'accuracy': 0.8181818181818182, 'f1': 0.8, 'sensitivity': 0.8571428571428571, 'specificity': 0.7894736842105263}, {'accuracy': 0.8181818181818182, 'f1': 0.8, 'sensitivity': 0.8571428571428571, 'specificity': 0.7894736842105263}, {'accuracy': 0.7878787878787878, 'f1': 0.7586206896551724, 'sensitivity': 0.7857142857142857, 'specificity': 0.7894736842105263}, {'accuracy': 0.7878787878787878, 'f1': 0.7586206896551724, 'sensitivity': 0.7857142857142857, 'specificity': 0.7894736842105263}, {'accuracy': 0.8181818181818182, 'f1': 0.7857142857142857, 'sensitivity': 0.7857142857142857, 'specificity': 0.8421052631578947}, {'accuracy': 0.7878787878787878, 'f1': 0.7586206896551724, 'sensitivity': 0.7857142857142857, 'specificity': 0.7894736842105263}, {'accuracy': 0.8181818181818182, 'f1': 0.7857142857142857, 'sensitivity': 0.7857142857142857, 'specificity': 0.8421052631578947}, {'accuracy': 0.8181818181818182, 'f1': 0.7857142857142857, 'sensitivity': 0.7857142857142857, 'specificity': 0.8421052631578947}, {'accuracy': 0.8181818181818182, 'f1': 0.7857142857142857, 'sensitivity': 0.7857142857142857, 'specificity': 0.8421052631578947}, {'accuracy': 0.8787878787878788, 'f1': 0.8666666666666667, 'sensitivity': 0.9285714285714286, 'specificity': 0.8421052631578947}, {'accuracy': 0.8787878787878788, 'f1': 0.8666666666666667, 'sensitivity': 0.9285714285714286, 'specificity': 0.8421052631578947}, {'accuracy': 0.8787878787878788, 'f1': 0.875, 'sensitivity': 1.0, 'specificity': 0.7894736842105263}, {'accuracy': 0.8787878787878788, 'f1': 0.875, 'sensitivity': 1.0, 'specificity': 0.7894736842105263}, {'accuracy': 0.8787878787878788, 'f1': 0.875, 'sensitivity': 1.0, 'specificity': 0.7894736842105263}, {'accuracy': 0.8787878787878788, 'f1': 0.875, 'sensitivity': 1.0, 'specificity': 0.7894736842105263}, {'accuracy': 0.8787878787878788, 'f1': 0.875, 'sensitivity': 1.0, 'specificity': 0.7894736842105263}, {'accuracy': 0.8787878787878788, 'f1': 0.875, 'sensitivity': 1.0, 'specificity': 0.7894736842105263}, {'accuracy': 0.8787878787878788, 'f1': 0.875, 'sensitivity': 1.0, 'specificity': 0.7894736842105263}, {'accuracy': 0.8787878787878788, 'f1': 0.875, 'sensitivity': 1.0, 'specificity': 0.7894736842105263}, {'accuracy': 0.8787878787878788, 'f1': 0.875, 'sensitivity': 1.0, 'specificity': 0.7894736842105263}, {'accuracy': 0.8787878787878788, 'f1': 0.875, 'sensitivity': 1.0, 'specificity': 0.7894736842105263}, {'accuracy': 0.8787878787878788, 'f1': 0.875, 'sensitivity': 1.0, 'specificity': 0.7894736842105263}, {'accuracy': 0.8787878787878788, 'f1': 0.875, 'sensitivity': 1.0, 'specificity': 0.7894736842105263}, {'accuracy': 0.8787878787878788, 'f1': 0.875, 'sensitivity': 1.0, 'specificity': 0.7894736842105263}, {'accuracy': 0.8787878787878788, 'f1': 0.875, 'sensitivity': 1.0, 'specificity': 0.7894736842105263}, {'accuracy': 0.8787878787878788, 'f1': 0.875, 'sensitivity': 1.0, 'specificity': 0.7894736842105263}, {'accuracy': 0.8787878787878788, 'f1': 0.875, 'sensitivity': 1.0, 'specificity': 0.7894736842105263}, {'accuracy': 0.8787878787878788, 'f1': 0.875, 'sensitivity': 1.0, 'specificity': 0.7894736842105263}, {'accuracy': 0.8787878787878788, 'f1': 0.875, 'sensitivity': 1.0, 'specificity': 0.7894736842105263}, {'accuracy': 0.8787878787878788, 'f1': 0.875, 'sensitivity': 1.0, 'specificity': 0.7894736842105263}, {'accuracy': 0.8787878787878788, 'f1': 0.875, 'sensitivity': 1.0, 'specificity': 0.7894736842105263}, {'accuracy': 0.8787878787878788, 'f1': 0.875, 'sensitivity': 1.0, 'specificity': 0.7894736842105263}, {'accuracy': 0.8787878787878788, 'f1': 0.875, 'sensitivity': 1.0, 'specificity': 0.7894736842105263}, {'accuracy': 0.8787878787878788, 'f1': 0.875, 'sensitivity': 1.0, 'specificity': 0.7894736842105263}, {'accuracy': 0.8787878787878788, 'f1': 0.875, 'sensitivity': 1.0, 'specificity': 0.7894736842105263}, {'accuracy': 0.8787878787878788, 'f1': 0.875, 'sensitivity': 1.0, 'specificity': 0.7894736842105263}, {'accuracy': 0.8787878787878788, 'f1': 0.875, 'sensitivity': 1.0, 'specificity': 0.7894736842105263}, {'accuracy': 0.8787878787878788, 'f1': 0.875, 'sensitivity': 1.0, 'specificity': 0.7894736842105263}, {'accuracy': 0.8787878787878788, 'f1': 0.875, 'sensitivity': 1.0, 'specificity': 0.7894736842105263}, {'accuracy': 0.8787878787878788, 'f1': 0.875, 'sensitivity': 1.0, 'specificity': 0.7894736842105263}, {'accuracy': 0.8787878787878788, 'f1': 0.875, 'sensitivity': 1.0, 'specificity': 0.7894736842105263}, {'accuracy': 0.8787878787878788, 'f1': 0.875, 'sensitivity': 1.0, 'specificity': 0.7894736842105263}, {'accuracy': 0.8787878787878788, 'f1': 0.875, 'sensitivity': 1.0, 'specificity': 0.7894736842105263}, {'accuracy': 0.8787878787878788, 'f1': 0.875, 'sensitivity': 1.0, 'specificity': 0.7894736842105263}, {'accuracy': 0.8787878787878788, 'f1': 0.875, 'sensitivity': 1.0, 'specificity': 0.7894736842105263}, {'accuracy': 0.8787878787878788, 'f1': 0.875, 'sensitivity': 1.0, 'specificity': 0.7894736842105263}, {'accuracy': 0.8484848484848485, 'f1': 0.8484848484848485, 'sensitivity': 1.0, 'specificity': 0.7368421052631579}, {'accuracy': 0.8484848484848485, 'f1': 0.8484848484848485, 'sensitivity': 1.0, 'specificity': 0.7368421052631579}, {'accuracy': 0.8484848484848485, 'f1': 0.8484848484848485, 'sensitivity': 1.0, 'specificity': 0.7368421052631579}, {'accuracy': 0.8484848484848485, 'f1': 0.8484848484848485, 'sensitivity': 1.0, 'specificity': 0.7368421052631579}, {'accuracy': 0.8787878787878788, 'f1': 0.875, 'sensitivity': 1.0, 'specificity': 0.7894736842105263}, {'accuracy': 0.8787878787878788, 'f1': 0.875, 'sensitivity': 1.0, 'specificity': 0.7894736842105263}, {'accuracy': 0.8484848484848485, 'f1': 0.8484848484848485, 'sensitivity': 1.0, 'specificity': 0.7368421052631579}, {'accuracy': 0.8787878787878788, 'f1': 0.875, 'sensitivity': 1.0, 'specificity': 0.7894736842105263}, {'accuracy': 0.8787878787878788, 'f1': 0.875, 'sensitivity': 1.0, 'specificity': 0.7894736842105263}, {'accuracy': 0.8787878787878788, 'f1': 0.875, 'sensitivity': 1.0, 'specificity': 0.7894736842105263}, {'accuracy': 0.8787878787878788, 'f1': 0.875, 'sensitivity': 1.0, 'specificity': 0.7894736842105263}, {'accuracy': 0.8787878787878788, 'f1': 0.875, 'sensitivity': 1.0, 'specificity': 0.7894736842105263}, {'accuracy': 0.8787878787878788, 'f1': 0.875, 'sensitivity': 1.0, 'specificity': 0.7894736842105263}, {'accuracy': 0.8787878787878788, 'f1': 0.875, 'sensitivity': 1.0, 'specificity': 0.7894736842105263}, {'accuracy': 0.8787878787878788, 'f1': 0.875, 'sensitivity': 1.0, 'specificity': 0.7894736842105263}, {'accuracy': 0.8787878787878788, 'f1': 0.875, 'sensitivity': 1.0, 'specificity': 0.7894736842105263}, {'accuracy': 0.8484848484848485, 'f1': 0.8484848484848485, 'sensitivity': 1.0, 'specificity': 0.7368421052631579}, {'accuracy': 0.8