number,value,datetime_start,datetime_complete,duration,params_dropout_rate,params_learning_rate,params_weight_decay,user_attrs_best_val_metrics,user_attrs_model_name,user_attrs_train_loss_history,user_attrs_val_loss_history,user_attrs_val_overall_metrics_history,state
7,0.9032258064516129,2026-08-02 16:39:04.315014,2026-08-02 16:51:47.588934,0 days 00:12:43.273920,0.5,0.00011137414908293505,0.000686838854067955,"{'overall': {'n': 33, 'accuracy': 0.9090909090909091, 'precision': 0.8235294117647058, 'recall': 1.0, 'sensitivity': 1.0, 'specificity': 0.8421052631578947, 'balanced_accuracy': 0.9210526315789473, 'f1': 0.9032258064516129, 'confusion_matrix': [[16, 3], [0, 14]], 'auc': 0.9210526315789473, 'roc_curve': {'fpr': [0.0, 0.0, 0.0, 0.05263157894736842, 0.05263157894736842, 0.10526315789473684, 0.10526315789473684, 0.15789473684210525, 0.15789473684210525, 1.0], 'tpr': [0.0, 0.07142857142857142, 0.14285714285714285, 0.14285714285714285, 0.5, 0.5, 0.8571428571428571, 0.8571428571428571, 1.0, 1.0]}}, 'India': {'n': 14, 'accuracy': 0.9285714285714286, 'precision': 0.9090909090909091, 'recall': 1.0, 'sensitivity': 1.0, 'specificity': 0.75, 'balanced_accuracy': 0.875, 'f1': 0.9523809523809523, 'confusion_matrix': [[3, 1], [0, 10]], 'auc': 0.95, 'roc_curve': {'fpr': [0.0, 0.0, 0.0, 0.25, 0.25, 1.0], 'tpr': [0.0, 0.1, 0.8, 0.8, 1.0, 1.0]}}, 'Italy': {'n': 19, 'accuracy': 0.8947368421052632, 'precision': 0.6666666666666666, 'recall': 1.0, 'sensitivity': 1.0, 'specificity': 0.8666666666666667, 'balanced_accuracy': 0.9333333333333333, 'f1': 0.8, 'confusion_matrix': [[13, 2], [0, 4]], 'auc': 0.9, 'roc_curve': {'fpr': [0.0, 0.06666666666666667, 0.06666666666666667, 0.13333333333333333, 0.13333333333333333, 1.0], 'tpr': [0.0, 0.0, 0.5, 0.5, 1.0, 1.0]}}}",vit_b_16_palpebral_v2_clean,"[0.8436454625319172, 0.810486496284308, 0.8371185909043874, 0.8301054148484539, 0.8271318078041077, 0.8070621383900674, 0.8200623345690847, 0.8079459975097353, 0.7848145965708803, 0.7788467711170778, 0.8484220358709625, 0.7793069959476294, 0.7566055375219181, 0.7637136408824794, 0.7834556019858808, 0.7834430001429374, 0.7497569772581391, 0.7506564070057395, 0.751467068858494, 0.7613270093273643, 0.7335758975010045, 0.7180429100990295, 0.7376352572283208, 0.7353027810324106, 0.7033813718138942, 0.7307888585210636, 0.7235052005344669, 0.6808895891075892, 0.7219701496181109, 0.6559442668561114, 0.6978902410197731, 0.7054711007914006, 0.700803987632524, 0.700711223463349, 0.6714111858645812, 0.6454029130619883, 0.6668593251942009, 0.6559270103246171, 0.6659432258827007, 0.6598124883032792, 0.6618238932249562, 0.6685418297123435, 0.6607765808010733, 0.6653885624266618, 0.6446721841957396, 0.6463855264202648, 0.6297025025285632, 0.6651113806970862, 0.655078805440309, 0.6152657452008582, 0.6330686436583665, 0.6797754425086723, 0.6088715764070978, 0.6296078756155558, 0.6221694046298399, 0.594252011239134, 0.634699698315551, 0.6552229081558076, 0.6129113313378087, 0.6125091819573711, 0.6187928500554419, 0.6168124869169779, 0.6080018412198452, 0.6276596828012277, 0.5949182640637783, 0.6081290004269176, 0.6100469888835554, 0.6107579769677673, 0.6103254000082711, 0.5955797970689685, 0.6354441342764343, 0.6024916929914462, 0.6360103255076124, 0.6042495910695057, 0.6558739183754321, 0.5912410908976927, 0.5914448740466541, 0.5961592505309755, 0.6105463370582126, 0.591632351970041, 0.5832763416877645, 0.6128427271811377, 0.5666559354358951, 0.5816692974393731, 0.5659779101018084, 0.6023931420402021, 0.5891607289282691, 0.5914687356412016, 0.602154053994362, 0.5740989371640792, 0.5800241227971007, 0.5790559487627042, 0.5614967650135622, 0.584910106579989, 0.5793235487495827, 0.5571025992860857, 0.5759068670257038, 0.5651269272857944, 0.5292337625626696, 0.5623182585302567, 0.5722920527521348, 0.5486408704953478, 0.5789612192191825, 0.5704907455191707, 0.5482357120671809, 0.5715934480262908, 0.5590303725754189, 0.5588766391703625, 0.5590064742707259, 0.5880569681426547, 0.5137255657587619, 0.5368652249014141, 0.5304713902489239, 0.5399482408106722, 0.5798532023335135, 0.5671091581022503, 0.5697689751126119, 0.5405231130044192, 0.5289709943019791, 0.551868628389788, 0.5383174968081594, 0.5235912290629962, 0.5272063190573888, 0.5364251049938581, 0.5482935187042943, 0.5369880096801859, 0.5670426716867661, 0.5300196101333922, 0.5016365840735025, 0.5699375003378913, 0.5376792956661705, 0.5604148740010546, 0.5378345732657325, 0.5497594598113307, 0.5442261916912154, 0.5073419027770592, 0.5111473625069423, 0.5425956347920248, 0.5591413019508715, 0.5153911058476429, 0.5433432789433081, 0.5600665199835568, 0.5429920372584008, 0.5222602237928782, 0.514685574351557, 0.5283698629069802, 0.4995593150325169, 0.5562659742816395, 0.5289923363174034, 0.4872714235687887, 0.5128696649674548, 0.5256943047441394, 0.5405768953411785, 0.5345372328695083, 0.5255920961992631, 0.5164883497929731, 0.5608833740089113, 0.5004563175684569, 0.4983417839798706, 0.5188953580445801, 0.5407352599481873, 0.5244519485543105, 0.5032159693983217, 0.5006756275300158, 0.4961351349653787, 0.514652234434292, 0.5332186466810719, 0.478700028547388, 0.5252368852792196, 0.5055868866427845, 0.4893314435782022, 0.5083927525984531, 0.5387840942041764, 0.5299763118983895, 0.518145705690447, 0.49559076140258485, 0.5275926153786135, 0.4868177477492402, 0.49550792377516134, 0.5034154880520524, 0.4927357668118761, 0.5058046050419082, 0.4976119965512231, 0.49494619578715193, 0.45870841753403874, 0.48973491373441075, 0.4940011647363372, 0.5030985233799511, 0.5068580662177888, 0.4764517928590838, 0.5156500323718747, 0.5133349425745326, 0.48541525795759743, 0.485638151105666, 0.5252103110812357, 0.5032068664664464, 0.48666250192566424, 0.5004730802892849, 0.5173034253499366, 0.48381114124462304, 0.4921008676093146, 0.5230143074168275, 0.47530728065414934, 0.4900514155823663, 0.488507185550715, 0.5015292368977275, 0.5194000897818054, 0.5053742642434228, 0.5180010428491807, 0.49334621153130437, 0.4757292696971767, 0.47138655975164956, 0.5138121492025868, 0.4691895432030128, 0.47414234912158637, 0.48157971169774894, 0.5329517157661994, 0.5109176325876981, 0.4549544927300207, 0.5070367402193562, 0.49426904478609957, 0.5142692493287143, 0.5021011959638028, 0.4978205498480639, 0.4864796514542687, 0.4912423025693325, 0.49986572849829464, 0.46374301385405836, 0.45692667858490094, 0.4681294501222522, 0.4605253137500081, 0.47133110887956936, 0.49231335619427513, 0.5055327970065818, 0.4534668713215961, 0.5018870068701687, 0.4968428761753815, 0.4841222632799717, 0.4900287689752137, 0.4944027605040973, 0.4990163905336367, 0.47086495417632807, 0.503908259979147, 0.4569094761317929, 0.4465357515196137, 0.46204703651516643, 0.4614413297728987, 0.46638967738246284, 0.48847678165562103, 0.4477798536123819]","[0.8214001601392572, 0.8130825432864103, 0.8055503115509496, 0.7989384513912778, 0.7927750385168827, 0.7867597504095598, 0.7808881402015686, 0.775034102526578, 0.7694537151943553, 0.7639066576957703, 0.7584501270091895, 0.7533000653440302, 0.7479413693601434, 0.7430557409922282, 0.738188933242451, 0.7333323991659916, 0.7283836097428293, 0.7237352819153757, 0.7191401828419078, 0.7149113290237658, 0.7105411146626328, 0.7064148530815587, 0.7022643125418461, 0.6982229948043823, 0.6944002599427195, 0.6905687866788922, 0.6869287418596672, 0.6835695180025968, 0.6803084503520619, 0.6769101059798038, 0.6736121827905829, 0.6704320257360284, 0.6671878677425962, 0.6642687284585201, 0.6616061239531545, 0.6589984117132245, 0.6559209850701418, 0.6533198284380364, 0.6510114561427723, 0.6484486876112042, 0.6456550522284075, 0.643107533454895, 0.6402988054535605, 0.6378781271703315, 0.635521619608908, 0.6332142912980282, 0.6306593743237582, 0.6281566999175332, 0.6256064104311394, 0.6230894923210144, 0.6204673051834106, 0.6181769371032715, 0.6157761107791554, 0.6137194579297846, 0.6116083011482701, 0.6092998060313138, 0.6070228489962491, 0.605107661449548, 0.6032362670609446, 0.6012972791989645, 0.5992792086167769, 0.5971530693950076, 0.5951169675046747, 0.5930699399023345, 0.5909128749009335, 0.5892067714170977, 0.5875542507027135, 0.5858699534878586, 0.5840655348517678, 0.5824791211070437, 0.5813707149390018, 0.5799703001976013, 0.5781332615650061, 0.5767228657549078, 0.5752952279466571, 0.573833678707932, 0.5724498105771614, 0.5711007262721206, 0.5696824752923214, 0.5678867210041393, 0.566427165811712, 0.5650933294585256, 0.5637337402863936, 0.5624186559156938, 0.5614206718676018, 0.5603791655916156, 0.5592640782847549, 0.5579531120531487, 0.5570061568057898, 0.5560261841976282, 0.5546323602849786, 0.5530995853019484, 0.5517721103899407, 0.5503530646815444, 0.5494526624679565, 0.5486400127410889, 0.5474510626359419, 0.5462266965345903, 0.5449600472594752, 0.5439724813808094, 0.5430833751505072, 0.5418258074558142, 0.5405928293863932, 0.5394502408576735, 0.5383573373158773, 0.5372076865398523, 0.5362298958229296, 0.5353864828745524, 0.5345463427630338, 0.5337790395274307, 0.5329148624882554, 0.5318808736223163, 0.5310058882742217, 0.5300316413243612, 0.5291120139035311, 0.5282930966579553, 0.527414347186233, 0.5265253854520393, 0.5257702198895541, 0.5250417752699419, 0.5243443142284047, 0.5237681107087568, 0.5233478293274388, 0.5229068235917524, 0.5222693067608457, 0.5210772752761841, 0.520348563338771, 0.519560618834062, 0.5188513235612349, 0.5181452144276012, 0.5175988204551466, 0.5169452826182047, 0.5162771109378699, 0.5154534108711012, 0.5147485155047793, 0.5142074751131462, 0.5138298417582656, 0.5132076704140865, 0.5127449577504938, 0.5123216636253126, 0.5120175824020848, 0.5115121819756248, 0.5113691741769965, 0.5108785412528298, 0.5101862206603541, 0.5096592505772909, 0.5091005310867772, 0.5085466052546646, 0.5080250212640474, 0.5075982231082339, 0.5070442683768995, 0.5063574241869377, 0.5057022860555938, 0.5051724441123732, 0.504497741207932, 0.5040581659837202, 0.5032325007698752, 0.5026626875906279, 0.5021685470234264, 0.5018349524700281, 0.501432270714731, 0.5011393012422504, 0.5006026210206928, 0.4999920563264327, 0.4995085940216527, 0.498940438935251, 0.49829222577990906, 0.4977932156938495, 0.4972841233918161, 0.49669570633859345, 0.4963309945482196, 0.49585991194753937, 0.49533497925960657, 0.4947311914328373, 0.4942699128931219, 0.493789817347671, 0.4934930476275357, 0.49312443444223114, 0.49277999184348364, 0.49245733203309955, 0.4922664671233206, 0.49199263977281976, 0.4918389320373535, 0.49143731955325964, 0.4909368572813092, 0.49050910545117926, 0.4902961759856253, 0.4899023012681441, 0.4895687898000081, 0.48941765409527405, 0.48911950804970483, 0.48873788660222833, 0.48847399335919006, 0.4881622719042229, 0.4879303412003951, 0.48755894285259826, 0.48733794327938196, 0.48704197190024634, 0.48690236698497424, 0.48678096135457355, 0.4864432161504572, 0.4861532991582697, 0.4860723235390403, 0.48587897329619434, 0.4856323834621545, 0.4855070981112393, 0.4853914000771262, 0.48545521678346576, 0.48525862260298297, 0.485040621324019, 0.48477745778632886, 0.48442446101795544, 0.48407456369111035, 0.48367711991974804, 0.4836420940630364, 0.4835039702328769, 0.48347628477847937, 0.4835112889607747, 0.48342896952773584, 0.4830821499680028, 0.48289330800374347, 0.4826526136109323, 0.4824977426817923, 0.4824637644218676, 0.48230523774118134, 0.4818668220982407, 0.48151206970214844, 0.4812048709753788, 0.48081701452081854, 0.4808205980243105, 0.4807874433922045, 0.4807902899655429, 0.4807284167318633, 0.48077242302172113, 0.4804906700596665, 0.4802389939626058, 0.4801275368892785, 0.4799170205087373, 0.47958927443533234, 0.47928515347567474, 0.4791422829483495, 0.47890605348529236, 0.4787580099972812, 0.47839305617592554, 0.47833007032221014, 0.47833767804232513, 0.4780874252319336, 0.47802104371966736, 0.47798130728981714, 0.47792401458277844]","[{'accuracy': 0.5454545454545454, 'f1': 0.34782608695652173, 'sensitivity': 0.2857142857142857, 'specificity': 0.7368421052631579}, {'accuracy': 0.5454545454545454, 'f1': 0.34782608695652173, 'sensitivity': 0.2857142857142857, 'specificity': 0.7368421052631579}, {'accuracy': 0.5454545454545454, 'f1': 0.4, 'sensitivity': 0.35714285714285715, 'specificity': 0.6842105263157895}, {'accuracy': 0.48484848484848486, 'f1': 0.37037037037037035, 'sensitivity': 0.35714285714285715, 'specificity': 0.5789473684210527}, {'accuracy': 0.5151515151515151, 'f1': 0.38461538461538464, 'sensitivity': 0.35714285714285715, 'specificity': 0.631578947368421}, {'accuracy': 0.5454545454545454, 'f1': 0.4444444444444444, 'sensitivity': 0.42857142857142855, 'specificity': 0.631578947368421}, {'accuracy': 0.6666666666666666, 'f1': 0.6206896551724138, 'sensitivity': 0.6428571428571429, 'specificity': 0.6842105263157895}, {'accuracy': 0.696969696969697, 'f1': 0.6428571428571429, 'sensitivity': 0.6428571428571429, 'specificity': 0.7368421052631579}, {'accuracy': 0.7272727272727273, 'f1': 0.6666666666666666, 'sensitivity': 0.6428571428571429, 'specificity': 0.7894736842105263}, {'accuracy': 0.7272727272727273, 'f1': 0.6896551724137931, 'sensitivity': 0.7142857142857143, 'specificity': 0.7368421052631579}, {'accuracy': 0.7575757575757576, 'f1': 0.7142857142857143, 'sensitivity': 0.7142857142857143, 'specificity': 0.7894736842105263}, {'accuracy': 0.7878787878787878, 'f1': 0.7407407407407407, 'sensitivity': 0.7142857142857143, 'specificity': 0.8421052631578947}, {'accuracy': 0.7575757575757576, 'f1': 0.7142857142857143, 'sensitivity': 0.7142857142857143, 'specificity': 0.7894736842105263}, {'accuracy': 0.8181818181818182, 'f1': 0.7692307692307693, 'sensitivity': 0.7142857142857143, 'specificity': 0.8947368421052632}, {'accuracy': 0.7878787878787878, 'f1': 0.72, 'sensitivity': 0.6428571428571429, 'specificity': 0.8947368421052632}, {'accuracy': 0.7878787878787878, 'f1': 0.72, 'sensitivity': 0.6428571428571429, 'specificity': 0.8947368421052632}, {'accuracy': 0.7878787878787878, 'f1': 0.7407407407407407, 'sensitivity': 0.7142857142857143, 'specificity': 0.8421052631578947}, {'accuracy': 0.8181818181818182, 'f1': 0.7857142857142857, 'sensitivity': 0.7857142857142857, 'specificity': 0.8421052631578947}, {'accuracy': 0.8181818181818182, 'f1': 0.7857142857142857, 'sensitivity': 0.7857142857142857, 'specificity': 0.8421052631578947}, {'accuracy': 0.8181818181818182, 'f1': 0.7857142857142857, 'sensitivity': 0.7857142857142857, 'specificity': 0.8421052631578947}, {'accuracy': 0.8181818181818182, 'f1': 0.7857142857142857, 'sensitivity': 0.7857142857142857, 'specificity': 0.8421052631578947}, {'accuracy': 0.8181818181818182, 'f1': 0.7857142857142857, 'sensitivity': 0.7857142857142857, 'specificity': 0.8421052631578947}, {'accuracy': 0.8181818181818182, 'f1': 0.7857142857142857, 'sensitivity': 0.7857142857142857, 'specificity': 0.8421052631578947}, {'accuracy': 0.8181818181818182, 'f1': 0.7857142857142857, 'sensitivity': 0.7857142857142857, 'specificity': 0.8421052631578947}, {'accuracy': 0.8181818181818182, 'f1': 0.7857142857142857, 'sensitivity': 0.7857142857142857, 'specificity': 0.8421052631578947}, {'accuracy': 0.8181818181818182, 'f1': 0.7857142857142857, 'sensitivity': 0.7857142857142857, 'specificity': 0.8421052631578947}, {'accuracy': 0.8181818181818182, 'f1': 0.7857142857142857, 'sensitivity': 0.7857142857142857, 'specificity': 0.8421052631578947}, {'accuracy': 0.8181818181818182, 'f1': 0.7857142857142857, 'sensitivity': 0.7857142857142857, 'specificity': 0.8421052631578947}, {'accuracy': 0.8181818181818182, 'f1': 0.7857142857142857, 'sensitivity': 0.7857142857142857, 'specificity': 0.8421052631578947}, {'accuracy': 0.8181818181818182, 'f1': 0.7857142857142857, 'sensitivity': 0.7857142857142857, 'specificity': 0.8421052631578947}, {'accuracy': 0.8181818181818182, 'f1': 0.7857142857142857, 'sensitivity': 0.7857142857142857, 'specificity': 0.8421052631578947}, {'accuracy': 0.8181818181818182, 'f1': 0.7857142857142857, 'sensitivity': 0.7857142857142857, 'specificity': 0.8421052631578947}, {'accuracy': 0.8181818181818182, 'f1': 0.7857142857142857, 'sensitivity': 0.7857142857142857, 'specificity': 0.8421052631578947}, {'accuracy': 0.8181818181818182, 'f1': 0.7857142857142857, 'sensitivity': 0.7857142857142857, 'specificity': 0.8421052631578947}, {'accuracy': 0.8181818181818182, 'f1': 0.7857142857142857, 'sensitivity': 0.7857142857142857, 'specificity': 0.8421052631578947}, {'accuracy': 0.8181818181818182, 'f1': 0.7857142857142857, 'sensitivity': 0.7857142857142857, 'specificity': 0.8421052631578947}, {'accuracy': 0.8181818181818182, 'f1': 0.7857142857142857, 'sensitivity': 0.7857142857142857, 'specificity': 0.8421052631578947}, {'accuracy': 0.8181818181818182, 'f1': 0.7857142857142857, 'sensitivity': 0.7857142857142857, 'specificity': 0.8421052631578947}, {'accuracy': 0.8181818181818182, 'f1': 0.7857142857142857, 'sensitivity': 0.7857142857142857, 'specificity': 0.8421052631578947}, {'accuracy': 0.8181818181818182, 'f1': 0.7857142857142857, 'sensitivity': 0.7857142857142857, 'specificity': 0.8421052631578947}, {'accuracy': 0.8181818181818182, 'f1': 0.7857142857142857, 'sensitivity': 0.7857142857142857, 'specificity': 0.8421052631578947}, {'accuracy': 0.8484848484848485, 'f1': 0.8275862068965517, 'sensitivity': 0.8571428571428571, 'specificity': 0.8421052631578947}, {'accuracy': 0.8484848484848485, 'f1': 0.8275862068965517, 'sensitivity': 0.8571428571428571, 'specificity': 0.8421052631578947}, {'accuracy': 0.8484848484848485, 'f1': 0.8275862068965517, 'sensitivity': 0.8571428571428571, 'specificity': 0.8421052631578947}, {'accuracy': 0.8484848484848485, 'f1': 0.8275862068965517, 'sensitivity': 0.8571428571428571, 'specificity': 0.8421052631578947}, {'accuracy': 0.8484848484848485, 'f1': 0.8275862068965517, 'sensitivity': 0.8571428571428571, 'specificity': 0.8421052631578947}, {'accuracy': 0.8484848484848485, 'f1': 0.8275862068965517, 'sensitivity': 0.8571428571428571, 'specificity': 0.8421052631578947}, {'accuracy': 0.8484848484848485, 'f1': 0.8275862068965517, 'sensitivity': 0.8571428571428571, 'specificity': 0.8421052631578947}, {'accuracy': 0.8787878787878788, 'f1': 0.8666666666666667, 'sensitivity': 0.9285714285714286, 'specificity': 0.8421052631578947}, {'accuracy': 0.8484848484848485, 'f1': 0.8275862068965517, 'sensitivity': 0.8571428571428571, 'specificity': 0.8421052631578947}, {'accuracy': 0.8787878787878788, 'f1': 0.8666666666666667, 'sensitivity': 0.9285714285714286, 'specificity': 0.8421052631578947}, {'accuracy': 0.8787878787878788, 'f1': 0.8666666666666667, 'sensitivity': 0.9285714285714286, 'specificity': 0.8421052631578947}, {'accuracy': 0.8787878787878788, 'f1': 0.8666666666666667, 'sensitivity': 0.9285714285714286, 'specificity': 0.8421052631578947}, {'accuracy': 0.8787878787878788, 'f1': 0.8666666666666667, 'sensitivity': 0.9285714285714286, 'specificity': 0.8421052631578947}, {'accuracy': 0.8787878787878788, 'f1': 0.8666666666666667, 'sensitivity': 0.9285714285714286, 'specificity': 0.8421052631578947}, {'accuracy': 0.8787878787878788, 'f1': 0.8666666666666667, 'sensitivity': 0.9285714285714286, 'specificity': 0.8421052631578947}, {'accuracy': 0.8787878787878788, 'f1': 0.875, 'sensitivity': 1.0, 'specificity': 0.7894736842105263}, {'accuracy': 0.8484848484848485, 'f1': 0.8387096774193549, 'sensitivity': 0.9285714285714286, 'specificity': 0.7894736842105263}, {'accuracy': 0.8484848484848485, 'f1': 0.8387096774193549, 'sensitivity': 0.9285714285714286, 'specificity': 0.7894736842105263}, {'accuracy': 0.8484848484848485, 'f1': 0.8387096774193549, 'sensitivity': 0.9285714285714286, 'specificity': 0.7894736842105263}, {'accuracy': 0.8484848484848485, 'f1': 0.8387096774193549, 'sensitivity': 0.9285714285714286, 'specificity': 0.7894736842105263}, {'accuracy': 0.8787878787878788, 'f1': 0.875, 'sensitivity': 1.0, 'specificity': 0.7894736842105263}, {'accuracy': 0.8787878787878788, 'f1': 0.875, 'sensitivity': 1.0, 'specificity': 0.7894736842105263}, {'accuracy': 0.8787878787878788, 'f1': 0.875, 'sensitivity': 1.0, 'specificity': 0.7894736842105263}, {'accuracy': 0.8787878787878788, 'f1': 0.875, 'sensitivity': 1.0, 'specificity': 0.7894736842105263}, {'accuracy': 0.8787878787878788, 'f1': 0.875, 'sensitivity': 1.0, 'specificity': 0.7894736842105263}, {'accuracy': 0.8787878787878788, 'f1': 0.875, 'sensitivity': 1.0, 'specificity': 0.7894736842105263}, {'accuracy': 0.8787878787878788, 'f1': 0.875, 'sensitivity': 1.0, 'specificity': 0.7894736842105263}, {'accuracy': 0.8787878787878788, 'f1': 0.875, 'sensitivity': 1.0, 'specificity': 0.7894736842105263}, {'accuracy': 0.8787878787878788, 'f1': 0.875, 'sensitivity': 1.0, 'specificity': 0.7894736842105263}, {'accuracy': 0.8787878787878788, 'f1': 0.875, 'sensitivity': 1.0, 'specificity': 0.7894736842105263}, {'accuracy': 0.8787878787878788, 'f1': 0.875, 'sensitivity': 1.0, 'specificity': 0.7894736842105263}, {'accuracy': 0.8787878787878788, 'f1': 0.875, 'sensitivity': 1.0, 'specificity': 0.7894736842105263}, {'accuracy': 0.8787878787878788, 'f1': 0.875, 'sensitivity': 1.0, 'specificity': 0.7894736842105263}, {'accuracy': 0.8787878787878788, 'f1': 0.875, 'sensitivity': 1.0, 'specificity': 0.7894736842105263}, {'accuracy': 0.8787878787878788, 'f1': 0.875, 'sensitivity': 1.0, 'specificity': 0.7894736842105263}, {'accuracy': 0.8787878787878788, 'f1': 0.875, 'sensitivity': 1.0, 'specificity': 0.7894736842105263}, {'accuracy': 0.8787878787878788, 'f1': 0.875, 'sensitivity': 1.0, 'specificity': 0.7894736842105263}, {'accuracy': 0.8787878787878788, 'f1': 0.875, 'sensitivity': 1.0, 'specificity': 0.7894736842105263}, {'accuracy': 0.8787878787878788, 'f1': 0.875, 'sensitivity': 1.0, 'specificity': 0.7894736842105263}, {'accuracy': 0.8787878787878788, 'f1': 0.875, 'sensitivity': 1.0, 'specificity': 0.7894736842105263}, {'accuracy': 0.8787878787878788, 'f1': 0.875, 'sensitivity': 1.0, 'specificity': 0.7894736842105263}, {'accuracy': 0.8787878787878788, 'f1': 0.875, 'sensitivity': 1.0, 'specificity': 0.7894736842105263}, {'accuracy': 0.8787878787878788, 'f1': 0.875, 'sen