number,value,datetime_start,datetime_complete,duration,params_dropout_rate,params_learning_rate,params_weight_decay,user_attrs_best_val_metrics,user_attrs_model_name,user_attrs_train_loss_history,user_attrs_val_loss_history,user_attrs_val_overall_metrics_history,state
8,0.7586206896551724,2026-07-29 13:33:27.364544,2026-07-29 13:40:27.809328,0 days 00:07:00.444784,0.2,0.00015673095467235422,0.0007025166339242157,"{'overall': {'n': 31, 'accuracy': 0.7741935483870968, 'precision': 0.7333333333333333, 'recall': 0.7857142857142857, 'sensitivity': 0.7857142857142857, 'specificity': 0.7647058823529411, 'balanced_accuracy': 0.7752100840336134, 'f1': 0.7586206896551724, 'confusion_matrix': [[13, 4], [3, 11]], 'auc': 0.7941176470588235, 'roc_curve': {'fpr': [0.0, 0.0, 0.0, 0.11764705882352941, 0.11764705882352941, 0.17647058823529413, 0.17647058823529413, 0.23529411764705882, 0.23529411764705882, 0.5882352941176471, 0.5882352941176471, 0.6470588235294118, 0.6470588235294118, 1.0], 'tpr': [0.0, 0.07142857142857142, 0.2857142857142857, 0.2857142857142857, 0.6428571428571429, 0.6428571428571429, 0.7142857142857143, 0.7142857142857143, 0.7857142857142857, 0.7857142857142857, 0.8571428571428571, 0.8571428571428571, 1.0, 1.0]}}, 'India': {'n': 14, 'accuracy': 0.7142857142857143, 'precision': 0.875, 'recall': 0.7, 'sensitivity': 0.7, 'specificity': 0.75, 'balanced_accuracy': 0.725, 'f1': 0.7777777777777778, 'confusion_matrix': [[3, 1], [3, 7]], 'auc': 0.675, 'roc_curve': {'fpr': [0.0, 0.0, 0.0, 0.25, 0.25, 0.75, 0.75, 1.0, 1.0], 'tpr': [0.0, 0.1, 0.5, 0.5, 0.7, 0.7, 0.8, 0.8, 1.0]}}, 'Italy': {'n': 17, 'accuracy': 0.8235294117647058, 'precision': 0.5714285714285714, 'recall': 1.0, 'sensitivity': 1.0, 'specificity': 0.7692307692307693, 'balanced_accuracy': 0.8846153846153846, 'f1': 0.7272727272727273, 'confusion_matrix': [[10, 3], [0, 4]], 'auc': 0.9615384615384616, 'roc_curve': {'fpr': [0.0, 0.0, 0.0, 0.15384615384615385, 0.15384615384615385, 1.0], 'tpr': [0.0, 0.25, 0.75, 0.75, 1.0, 1.0]}}}",vit_b_16_forniceal_palpebral_v2,"[0.782896060116437, 0.7647370789326778, 0.7577002048492432, 0.7426527146579457, 0.7397972061520531, 0.7372581070783187, 0.7183019441812217, 0.7090928505878059, 0.6952433115771027, 0.7041846838127188, 0.690949505283719, 0.6886562559069419, 0.6564292096767296, 0.6687139445016174, 0.6735030615410837, 0.663924934912701, 0.657028798343373, 0.6464958405819069, 0.633148422857531, 0.6353159636056342, 0.6189804478567473, 0.6160404165180362, 0.6073873160647697, 0.6226040870964933, 0.5921271962373436, 0.6153682812946994, 0.5959612212213529, 0.6019681815792914, 0.6110125204332831, 0.6036132906569915, 0.5904205129260108, 0.5739356214497365, 0.5781653178792422, 0.5913147391105185, 0.5743758877118429, 0.5853350245628227, 0.5844646347623293, 0.5664279951530249, 0.5725497599361705, 0.5678617777873058, 0.5585705605493921, 0.5570948967317335, 0.5665717895339135, 0.5495948941529203, 0.5365698564620245, 0.5411195905030179, 0.5237165048819821, 0.5239899077383029, 0.532056294736408, 0.5406963022387757, 0.5299864496503558, 0.5291406865022621, 0.5537914601313013, 0.5375199107085766, 0.5129223972761712, 0.537391311457368, 0.5204474394824229, 0.506326828075915, 0.5017757734068397, 0.49954839060906653, 0.5067224364702393, 0.4978156333066979, 0.5039786550463462, 0.51420526622104, 0.5358298806106152, 0.5011196533838908, 0.47353177735594665, 0.5171264337033642, 0.5088851603926444, 0.48412955374944777, 0.48326091579839486, 0.4886268596259915, 0.48419706351092073, 0.5131230504334379, 0.4891263808117432, 0.47751141648714235, 0.48664279535514154, 0.4976539275273174, 0.47419217046426265, 0.47145733581919247, 0.4828979662891959]","[0.7901948248186419, 0.77790980762051, 0.7696867969728285, 0.7670802127930426, 0.7612379827807026, 0.7567568152181564, 0.7512321972077892, 0.7447943495165917, 0.7386255148918398, 0.7364323735237122, 0.7310051360437947, 0.7329293028000863, 0.7343088676852565, 0.726609718415045, 0.725548913401942, 0.725500923971976, 0.7160745763009594, 0.7116225996325093, 0.7054691468515704, 0.698557859466922, 0.6964361744542276, 0.694171046057055, 0.692493865566869, 0.6892827883843453, 0.6871622262462493, 0.6870208199947111, 0.6851376948818084, 0.6801265410838588, 0.6802220911748947, 0.6750667114411631, 0.6752051807218983, 0.6731087680785887, 0.6682137914242283, 0.6659534294759074, 0.6639303468888805, 0.6626635059233634, 0.6613352817873801, 0.6594439225812112, 0.6609111678215766, 0.6609033365403453, 0.6630631435301996, 0.6654662576413923, 0.6593575939055412, 0.6541910248418008, 0.6515564226335094, 0.6519848165973541, 0.6510095846268439, 0.6473643529799676, 0.6520872116088867, 0.6490194739833954, 0.6497549693430623, 0.6469812412415782, 0.6431668948742651, 0.6462203773760027, 0.6401708010704287, 0.6370233181984194, 0.6382419880359403, 0.6406074820026275, 0.6425412585658412, 0.6416750127269376, 0.6394252911690743, 0.6362507891270422, 0.6409299075603485, 0.6371235501381659, 0.6329680190932366, 0.6323141638309725, 0.6289976248818059, 0.6321746514689538, 0.634024525842359, 0.6344970849252516, 0.6372059641345855, 0.6312641645631483, 0.6256258160837235, 0.6230704390233562, 0.6249669444176459, 0.6234076821034954, 0.628152867478709, 0.6298680670799748, 0.6294658039846728, 0.6274502498488272, 0.6246906740050162]","[{'accuracy': 0.5483870967741935, 'f1': 0.5, 'sensitivity': 0.5, 'specificity': 0.5882352941176471}, {'accuracy': 0.6451612903225806, 'f1': 0.6666666666666666, 'sensitivity': 0.7857142857142857, 'specificity': 0.5294117647058824}, {'accuracy': 0.6451612903225806, 'f1': 0.6857142857142857, 'sensitivity': 0.8571428571428571, 'specificity': 0.47058823529411764}, {'accuracy': 0.6129032258064516, 'f1': 0.5714285714285714, 'sensitivity': 0.5714285714285714, 'specificity': 0.6470588235294118}, {'accuracy': 0.6129032258064516, 'f1': 0.5714285714285714, 'sensitivity': 0.5714285714285714, 'specificity': 0.6470588235294118}, {'accuracy': 0.6129032258064516, 'f1': 0.5714285714285714, 'sensitivity': 0.5714285714285714, 'specificity': 0.6470588235294118}, {'accuracy': 0.6129032258064516, 'f1': 0.5714285714285714, 'sensitivity': 0.5714285714285714, 'specificity': 0.6470588235294118}, {'accuracy': 0.6129032258064516, 'f1': 0.6, 'sensitivity': 0.6428571428571429, 'specificity': 0.5882352941176471}, {'accuracy': 0.6451612903225806, 'f1': 0.6451612903225806, 'sensitivity': 0.7142857142857143, 'specificity': 0.5882352941176471}, {'accuracy': 0.6451612903225806, 'f1': 0.6206896551724138, 'sensitivity': 0.6428571428571429, 'specificity': 0.6470588235294118}, {'accuracy': 0.6774193548387096, 'f1': 0.6666666666666666, 'sensitivity': 0.7142857142857143, 'specificity': 0.6470588235294118}, {'accuracy': 0.6451612903225806, 'f1': 0.5925925925925926, 'sensitivity': 0.5714285714285714, 'specificity': 0.7058823529411765}, {'accuracy': 0.6451612903225806, 'f1': 0.5925925925925926, 'sensitivity': 0.5714285714285714, 'specificity': 0.7058823529411765}, {'accuracy': 0.6451612903225806, 'f1': 0.5925925925925926, 'sensitivity': 0.5714285714285714, 'specificity': 0.7058823529411765}, {'accuracy': 0.6451612903225806, 'f1': 0.5925925925925926, 'sensitivity': 0.5714285714285714, 'specificity': 0.7058823529411765}, {'accuracy': 0.6451612903225806, 'f1': 0.56, 'sensitivity': 0.5, 'specificity': 0.7647058823529411}, {'accuracy': 0.6451612903225806, 'f1': 0.5925925925925926, 'sensitivity': 0.5714285714285714, 'specificity': 0.7058823529411765}, {'accuracy': 0.6451612903225806, 'f1': 0.5925925925925926, 'sensitivity': 0.5714285714285714, 'specificity': 0.7058823529411765}, {'accuracy': 0.6774193548387096, 'f1': 0.6428571428571429, 'sensitivity': 0.6428571428571429, 'specificity': 0.7058823529411765}, {'accuracy': 0.6774193548387096, 'f1': 0.6666666666666666, 'sensitivity': 0.7142857142857143, 'specificity': 0.6470588235294118}, {'accuracy': 0.6774193548387096, 'f1': 0.6666666666666666, 'sensitivity': 0.7142857142857143, 'specificity': 0.6470588235294118}, {'accuracy': 0.6774193548387096, 'f1': 0.6666666666666666, 'sensitivity': 0.7142857142857143, 'specificity': 0.6470588235294118}, {'accuracy': 0.6774193548387096, 'f1': 0.6666666666666666, 'sensitivity': 0.7142857142857143, 'specificity': 0.6470588235294118}, {'accuracy': 0.6774193548387096, 'f1': 0.6666666666666666, 'sensitivity': 0.7142857142857143, 'specificity': 0.6470588235294118}, {'accuracy': 0.6774193548387096, 'f1': 0.6666666666666666, 'sensitivity': 0.7142857142857143, 'specificity': 0.6470588235294118}, {'accuracy': 0.6774193548387096, 'f1': 0.6428571428571429, 'sensitivity': 0.6428571428571429, 'specificity': 0.7058823529411765}, {'accuracy': 0.7096774193548387, 'f1': 0.6666666666666666, 'sensitivity': 0.6428571428571429, 'specificity': 0.7647058823529411}, {'accuracy': 0.7096774193548387, 'f1': 0.6896551724137931, 'sensitivity': 0.7142857142857143, 'specificity': 0.7058823529411765}, {'accuracy': 0.7419354838709677, 'f1': 0.6923076923076923, 'sensitivity': 0.6428571428571429, 'specificity': 0.8235294117647058}, {'accuracy': 0.7096774193548387, 'f1': 0.6896551724137931, 'sensitivity': 0.7142857142857143, 'specificity': 0.7058823529411765}, {'accuracy': 0.7419354838709677, 'f1': 0.6923076923076923, 'sensitivity': 0.6428571428571429, 'specificity': 0.8235294117647058}, {'accuracy': 0.7419354838709677, 'f1': 0.6923076923076923, 'sensitivity': 0.6428571428571429, 'specificity': 0.8235294117647058}, {'accuracy': 0.7096774193548387, 'f1': 0.6896551724137931, 'sensitivity': 0.7142857142857143, 'specificity': 0.7058823529411765}, {'accuracy': 0.6774193548387096, 'f1': 0.6666666666666666, 'sensitivity': 0.7142857142857143, 'specificity': 0.6470588235294118}, {'accuracy': 0.7096774193548387, 'f1': 0.6896551724137931, 'sensitivity': 0.7142857142857143, 'specificity': 0.7058823529411765}, {'accuracy': 0.6774193548387096, 'f1': 0.6666666666666666, 'sensitivity': 0.7142857142857143, 'specificity': 0.6470588235294118}, {'accuracy': 0.6774193548387096, 'f1': 0.6666666666666666, 'sensitivity': 0.7142857142857143, 'specificity': 0.6470588235294118}, {'accuracy': 0.6451612903225806, 'f1': 0.6451612903225806, 'sensitivity': 0.7142857142857143, 'specificity': 0.5882352941176471}, {'accuracy': 0.7741935483870968, 'f1': 0.7407407407407407, 'sensitivity': 0.7142857142857143, 'specificity': 0.8235294117647058}, {'accuracy': 0.7741935483870968, 'f1': 0.7407407407407407, 'sensitivity': 0.7142857142857143, 'specificity': 0.8235294117647058}, {'accuracy': 0.7419354838709677, 'f1': 0.6923076923076923, 'sensitivity': 0.6428571428571429, 'specificity': 0.8235294117647058}, {'accuracy': 0.7741935483870968, 'f1': 0.72, 'sensitivity': 0.6428571428571429, 'specificity': 0.8823529411764706}, {'accuracy': 0.7419354838709677, 'f1': 0.6923076923076923, 'sensitivity': 0.6428571428571429, 'specificity': 0.8235294117647058}, {'accuracy': 0.7419354838709677, 'f1': 0.7142857142857143, 'sensitivity': 0.7142857142857143, 'specificity': 0.7647058823529411}, {'accuracy': 0.7419354838709677, 'f1': 0.7142857142857143, 'sensitivity': 0.7142857142857143, 'specificity': 0.7647058823529411}, {'accuracy': 0.7419354838709677, 'f1': 0.7142857142857143, 'sensitivity': 0.7142857142857143, 'specificity': 0.7647058823529411}, {'accuracy': 0.7741935483870968, 'f1': 0.7407407407407407, 'sensitivity': 0.7142857142857143, 'specificity': 0.8235294117647058}, {'accuracy': 0.7419354838709677, 'f1': 0.7142857142857143, 'sensitivity': 0.7142857142857143, 'specificity': 0.7647058823529411}, {'accuracy': 0.7419354838709677, 'f1': 0.6923076923076923, 'sensitivity': 0.6428571428571429, 'specificity': 0.8235294117647058}, {'accuracy': 0.7419354838709677, 'f1': 0.6923076923076923, 'sensitivity': 0.6428571428571429, 'specificity': 0.8235294117647058}, {'accuracy': 0.7419354838709677, 'f1': 0.6923076923076923, 'sensitivity': 0.6428571428571429, 'specificity': 0.8235294117647058}, {'accuracy': 0.7741935483870968, 'f1': 0.7407407407407407, 'sensitivity': 0.7142857142857143, 'specificity': 0.8235294117647058}, {'accuracy': 0.7419354838709677, 'f1': 0.7142857142857143, 'sensitivity': 0.7142857142857143, 'specificity': 0.7647058823529411}, {'accuracy': 0.7419354838709677, 'f1': 0.6923076923076923, 'sensitivity': 0.6428571428571429, 'specificity': 0.8235294117647058}, {'accuracy': 0.7741935483870968, 'f1': 0.7586206896551724, 'sensitivity': 0.7857142857142857, 'specificity': 0.7647058823529411}, {'accuracy': 0.7741935483870968, 'f1': 0.7586206896551724, 'sensitivity': 0.7857142857142857, 'specificity': 0.7647058823529411}, {'accuracy': 0.7741935483870968, 'f1': 0.7586206896551724, 'sensitivity': 0.7857142857142857, 'specificity': 0.7647058823529411}, {'accuracy': 0.7741935483870968, 'f1': 0.7586206896551724, 'sensitivity': 0.7857142857142857, 'specificity': 0.7647058823529411}, {'accuracy': 0.7419354838709677, 'f1': 0.6923076923076923, 'sensitivity': 0.6428571428571429, 'specificity': 0.8235294117647058}, {'accuracy': 0.7419354838709677, 'f1': 0.6923076923076923, 'sensitivity': 0.6428571428571429, 'specificity': 0.8235294117647058}, {'accuracy': 0.7741935483870968, 'f1': 0.7586206896551724, 'sensitivity': 0.7857142857142857, 'specificity': 0.7647058823529411}, {'accuracy': 0.7741935483870968, 'f1': 0.7586206896551724, 'sensitivity': 0.7857142857142857, 'specificity': 0.7647058823529411}, {'accuracy': 0.7419354838709677, 'f1': 0.6923076923076923, 'sensitivity': 0.6428571428571429, 'specificity': 0.8235294117647058}, {'accuracy': 0.7419354838709677, 'f1': 0.7142857142857143, 'sensitivity': 0.7142857142857143, 'specificity': 0.7647058823529411}, {'accuracy': 0.7741935483870968, 'f1': 0.7586206896551724, 'sensitivity': 0.7857142857142857, 'specificity': 0.7647058823529411}, {'accuracy': 0.7741935483870968, 'f1': 0.7586206896551724, 'sensitivity': 0.7857142857142857, 'specificity': 0.7647058823529411}, {'accuracy': 0.7741935483870968, 'f1': 0.7586206896551724, 'sensitivity': 0.7857142857142857, 'specificity': 0.7647058823529411}, {'accuracy': 0.7741935483870968, 'f1': 0.7586206896551724, 'sensitivity': 0.7857142857142857, 'specificity': 0.7647058823529411}, {'accuracy': 0.7419354838709677, 'f1': 0.7142857142857143, 'sensitivity': 0.7142857142857143, 'specificity': 0.7647058823529411}, {'accuracy': 0.7419354838709677, 'f1': 0.7142857142857143, 'sensitivity': 0.7142857142857143, 'specificity': 0.7647058823529411}, {'accuracy': 0.7741935483870968, 'f1': 0.7407407407407407, 'sensitivity': 0.7142857142857143, 'specificity': 0.8235294117647058}, {'accuracy': 0.7741935483870968, 'f1': 0.7586206896551724, 'sensitivity': 0.7857142857142857, 'specificity': 0.7647058823529411}, {'accuracy': 0.7741935483870968, 'f1': 0.7586206896551724, 'sensitivity': 0.7857142857142857, 'specificity': 0.7647058823529411}, {'accuracy': 0.7741935483870968, 'f1': 0.7586206896551724, 'sensitivity': 0.7857142857142857, 'specificity': 0.7647058823529411}, {'accuracy': 0.7741935483870968, 'f1': 0.7586206896551724, 'sensitivity': 0.7857142857142857, 'specificity': 0.7647058823529411}, {'accuracy': 0.7741935483870968, 'f1': 0.7586206896551724, 'sensitivity': 0.7857142857142857, 'specificity': 0.7647058823529411}, {'accuracy': 0.7741935483870968, 'f1': 0.7586206896551724, 'sensitivity': 0.7857142857142857, 'specificity': 0.7647058823529411}, {'accuracy': 0.7741935483870968, 'f1': 0.7586206896551724, 'sensitivity': 0.7857142857142857, 'specificity': 0.7647058823529411}, {'accuracy': 0.7741935483870968, 'f1': 0.7586206896551724, 'sensitivity': 0.7857142857142857, 'specificity': 0.7647058823529411}, {'accuracy': 0.7741935483870968, 'f1': 0.7586206896551724, 'sensitivity': 0.7857142857142857, 'specificity': 0.7647058823529411}, {'accuracy': 0.7741935483870968, 'f1': 0.7586206896551724, 'sensitivity': 0.7857142857142857, 'specificity': 0.7647058823529411}]",COMPLETE
