number,value,datetime_start,datetime_complete,duration,params_dropout_rate,params_learning_rate,params_weight_decay,user_attrs_best_val_metrics,user_attrs_model_name,user_attrs_train_loss_history,user_attrs_val_loss_history,user_attrs_val_overall_metrics_history,state
0,0.7586206896551724,2026-07-29 13:07:54.064649,2026-07-29 13:10:31.686829,0 days 00:02:37.622180,0.2,0.0013292918943162175,0.0007114476009343421,"{'overall': {'n': 31, 'accuracy': 0.7741935483870968, 'precision': 0.7333333333333333, 'recall': 0.7857142857142857, 'sensitivity': 0.7857142857142857, 'specificity': 0.7647058823529411, 'balanced_accuracy': 0.7752100840336134, 'f1': 0.7586206896551724, 'confusion_matrix': [[13, 4], [3, 11]], 'auc': 0.7815126050420168, 'roc_curve': {'fpr': [0.0, 0.0, 0.0, 0.11764705882352941, 0.11764705882352941, 0.23529411764705882, 0.23529411764705882, 0.47058823529411764, 0.47058823529411764, 0.7058823529411765, 0.7058823529411765, 0.8235294117647058, 0.8235294117647058, 1.0], 'tpr': [0.0, 0.07142857142857142, 0.35714285714285715, 0.35714285714285715, 0.5714285714285714, 0.5714285714285714, 0.7857142857142857, 0.7857142857142857, 0.8571428571428571, 0.8571428571428571, 0.9285714285714286, 0.9285714285714286, 1.0, 1.0]}}, 'India': {'n': 14, 'accuracy': 0.7142857142857143, 'precision': 0.875, 'recall': 0.7, 'sensitivity': 0.7, 'specificity': 0.75, 'balanced_accuracy': 0.725, 'f1': 0.7777777777777778, 'confusion_matrix': [[3, 1], [3, 7]], 'auc': 0.65, 'roc_curve': {'fpr': [0.0, 0.0, 0.0, 0.25, 0.25, 0.75, 0.75, 1.0, 1.0], 'tpr': [0.0, 0.1, 0.4, 0.4, 0.7, 0.7, 0.8, 0.8, 1.0]}}, 'Italy': {'n': 17, 'accuracy': 0.8235294117647058, 'precision': 0.5714285714285714, 'recall': 1.0, 'sensitivity': 1.0, 'specificity': 0.7692307692307693, 'balanced_accuracy': 0.8846153846153846, 'f1': 0.7272727272727273, 'confusion_matrix': [[10, 3], [0, 4]], 'auc': 0.9615384615384616, 'roc_curve': {'fpr': [0.0, 0.0, 0.0, 0.15384615384615385, 0.15384615384615385, 1.0], 'tpr': [0.0, 0.25, 0.75, 0.75, 1.0, 1.0]}}}",vit_b_16_forniceal_palpebral_v2,"[0.7830568641221443, 0.719195252373105, 0.6730478835754654, 0.6299689406034897, 0.5776364365402533, 0.5594576986468568, 0.5273341534494542, 0.5106248920466624, 0.5106830154957415, 0.4763762314303392, 0.47976078265378264, 0.4575309384436834, 0.47228216354538793, 0.47735853584445254, 0.4525916904819255, 0.4333437636596005, 0.43786354322417254, 0.42639835229536305, 0.4342667515180549, 0.39040465176510974, 0.4435696739728759, 0.40660675711372274, 0.3961176809404983, 0.4142047243864358, 0.37475704214199873, 0.41636080614158083, 0.3577189121116586, 0.37845177928201196, 0.3878604751460406, 0.3873424002913391]","[0.7240981632663358, 0.6985986098166435, 0.7180903419371574, 0.6689595426282575, 0.6638759028527045, 0.6461409743755094, 0.6324942900288489, 0.6171984970569611, 0.6153035048515566, 0.6015072330351798, 0.6044587339124372, 0.5984112178125689, 0.5917020132464748, 0.6004057824611664, 0.6229010253183304, 0.5892296183493829, 0.5950074714999045, 0.5945257188812378, 0.6031732924522892, 0.582125965626009, 0.57972246312326, 0.5955708440273039, 0.5612087509324474, 0.5780398547649384, 0.5682538045990851, 0.5650181529983398, 0.5834634909706731, 0.5617715437566081, 0.5694799855832131, 0.5867292111919772]","[{'accuracy': 0.6129032258064516, 'f1': 0.625, 'sensitivity': 0.7142857142857143, 'specificity': 0.5294117647058824}, {'accuracy': 0.5806451612903226, 'f1': 0.6285714285714286, 'sensitivity': 0.7857142857142857, 'specificity': 0.4117647058823529}, {'accuracy': 0.6774193548387096, 'f1': 0.5, 'sensitivity': 0.35714285714285715, 'specificity': 0.9411764705882353}, {'accuracy': 0.6129032258064516, 'f1': 0.6666666666666666, 'sensitivity': 0.8571428571428571, 'specificity': 0.4117647058823529}, {'accuracy': 0.7096774193548387, 'f1': 0.6666666666666666, 'sensitivity': 0.6428571428571429, 'specificity': 0.7647058823529411}, {'accuracy': 0.7096774193548387, 'f1': 0.6666666666666666, 'sensitivity': 0.6428571428571429, 'specificity': 0.7647058823529411}, {'accuracy': 0.7741935483870968, 'f1': 0.7586206896551724, 'sensitivity': 0.7857142857142857, 'specificity': 0.7647058823529411}, {'accuracy': 0.7419354838709677, 'f1': 0.7333333333333333, 'sensitivity': 0.7857142857142857, 'specificity': 0.7058823529411765}, {'accuracy': 0.7741935483870968, 'f1': 0.7586206896551724, 'sensitivity': 0.7857142857142857, 'specificity': 0.7647058823529411}, {'accuracy': 0.7419354838709677, 'f1': 0.7333333333333333, 'sensitivity': 0.7857142857142857, 'specificity': 0.7058823529411765}, {'accuracy': 0.7741935483870968, 'f1': 0.7586206896551724, 'sensitivity': 0.7857142857142857, 'specificity': 0.7647058823529411}, {'accuracy': 0.7741935483870968, 'f1': 0.7586206896551724, 'sensitivity': 0.7857142857142857, 'specificity': 0.7647058823529411}, {'accuracy': 0.7419354838709677, 'f1': 0.7333333333333333, 'sensitivity': 0.7857142857142857, 'specificity': 0.7058823529411765}, {'accuracy': 0.7741935483870968, 'f1': 0.7586206896551724, 'sensitivity': 0.7857142857142857, 'specificity': 0.7647058823529411}, {'accuracy': 0.7419354838709677, 'f1': 0.7142857142857143, 'sensitivity': 0.7142857142857143, 'specificity': 0.7647058823529411}, {'accuracy': 0.7741935483870968, 'f1': 0.7586206896551724, 'sensitivity': 0.7857142857142857, 'specificity': 0.7647058823529411}, {'accuracy': 0.7741935483870968, 'f1': 0.7586206896551724, 'sensitivity': 0.7857142857142857, 'specificity': 0.7647058823529411}, {'accuracy': 0.7741935483870968, 'f1': 0.7586206896551724, 'sensitivity': 0.7857142857142857, 'specificity': 0.7647058823529411}, {'accuracy': 0.7419354838709677, 'f1': 0.7142857142857143, 'sensitivity': 0.7142857142857143, 'specificity': 0.7647058823529411}, {'accuracy': 0.7741935483870968, 'f1': 0.7586206896551724, 'sensitivity': 0.7857142857142857, 'specificity': 0.7647058823529411}, {'accuracy': 0.7741935483870968, 'f1': 0.7586206896551724, 'sensitivity': 0.7857142857142857, 'specificity': 0.7647058823529411}, {'accuracy': 0.7741935483870968, 'f1': 0.7586206896551724, 'sensitivity': 0.7857142857142857, 'specificity': 0.7647058823529411}, {'accuracy': 0.7096774193548387, 'f1': 0.7096774193548387, 'sensitivity': 0.7857142857142857, 'specificity': 0.6470588235294118}, {'accuracy': 0.7741935483870968, 'f1': 0.7586206896551724, 'sensitivity': 0.7857142857142857, 'specificity': 0.7647058823529411}, {'accuracy': 0.7741935483870968, 'f1': 0.7586206896551724, 'sensitivity': 0.7857142857142857, 'specificity': 0.7647058823529411}, {'accuracy': 0.7741935483870968, 'f1': 0.7586206896551724, 'sensitivity': 0.7857142857142857, 'specificity': 0.7647058823529411}, {'accuracy': 0.7741935483870968, 'f1': 0.7586206896551724, 'sensitivity': 0.7857142857142857, 'specificity': 0.7647058823529411}, {'accuracy': 0.7741935483870968, 'f1': 0.7586206896551724, 'sensitivity': 0.7857142857142857, 'specificity': 0.7647058823529411}, {'accuracy': 0.7741935483870968, 'f1': 0.7586206896551724, 'sensitivity': 0.7857142857142857, 'specificity': 0.7647058823529411}, {'accuracy': 0.7741935483870968, 'f1': 0.7586206896551724, 'sensitivity': 0.7857142857142857, 'specificity': 0.7647058823529411}]",COMPLETE
