number,value,datetime_start,datetime_complete,duration,params_dropout_rate,params_learning_rate,params_weight_decay,user_attrs_best_val_metrics,user_attrs_model_name,user_attrs_train_loss_history,user_attrs_val_loss_history,user_attrs_val_overall_metrics_history,state
2,0.7857142857142857,2026-07-29 13:18:18.015551,2026-07-29 13:20:39.858183,0 days 00:02:21.842632,0.5,0.006358358856676255,0.000133112160807369,"{'overall': {'n': 31, 'accuracy': 0.8064516129032258, 'precision': 0.7857142857142857, 'recall': 0.7857142857142857, 'sensitivity': 0.7857142857142857, 'specificity': 0.8235294117647058, 'balanced_accuracy': 0.8046218487394958, 'f1': 0.7857142857142857, 'confusion_matrix': [[14, 3], [3, 11]], 'auc': 0.8025210084033614, 'roc_curve': {'fpr': [0.0, 0.0, 0.0, 0.058823529411764705, 0.058823529411764705, 0.17647058823529413, 0.17647058823529413, 0.5294117647058824, 0.5294117647058824, 0.7647058823529411, 0.7647058823529411, 1.0], 'tpr': [0.0, 0.07142857142857142, 0.21428571428571427, 0.21428571428571427, 0.5, 0.5, 0.7857142857142857, 0.7857142857142857, 0.9285714285714286, 0.9285714285714286, 1.0, 1.0]}}, 'India': {'n': 14, 'accuracy': 0.7857142857142857, 'precision': 1.0, 'recall': 0.7, 'sensitivity': 0.7, 'specificity': 1.0, 'balanced_accuracy': 0.85, 'f1': 0.8235294117647058, 'confusion_matrix': [[4, 0], [3, 7]], 'auc': 0.8, 'roc_curve': {'fpr': [0.0, 0.0, 0.0, 0.5, 0.5, 1.0, 1.0], 'tpr': [0.0, 0.1, 0.7, 0.7, 0.9, 0.9, 1.0]}}, 'Italy': {'n': 17, 'accuracy': 0.8235294117647058, 'precision': 0.5714285714285714, 'recall': 1.0, 'sensitivity': 1.0, 'specificity': 0.7692307692307693, 'balanced_accuracy': 0.8846153846153846, 'f1': 0.7272727272727273, 'confusion_matrix': [[10, 3], [0, 4]], 'auc': 0.9423076923076923, 'roc_curve': {'fpr': [0.0, 0.0, 0.0, 0.23076923076923078, 0.23076923076923078, 1.0], 'tpr': [0.0, 0.25, 0.75, 0.75, 1.0, 1.0]}}}",vit_b_16_forniceal_palpebral_v2,"[0.7086259564574884, 0.6843832921819623, 0.5692503573943157, 0.5219746172225395, 0.44458357300482637, 0.4455310659749167, 0.4618068941596414, 0.47165521938784594, 0.5433533927615808, 0.4051187186419558, 0.42037648003117567, 0.4428294815984713, 0.40007192433691346, 0.37254570944070003, 0.42958609942270787, 0.3807715234302339, 0.459959100501067, 0.4240582019698863, 0.4030899070963568, 0.39331383770014966, 0.46362863024886775, 0.45850614716812055, 0.4312431719027409, 0.3940626926162616, 0.48014037331350806, 0.5684141824845554, 0.5254761329313524]","[0.7089905133170467, 0.6922414100939228, 0.615900170418524, 0.6434551852364694, 0.6152203890585131, 0.6315759333872026, 0.6615658123647014, 0.6089108067174112, 0.7032354964363959, 0.5724205451626931, 0.5748852106832689, 0.584801988255593, 0.6539423754138332, 0.6240939622925173, 0.650997850202745, 0.5858590343306141, 0.529420028290441, 0.5382526622664544, 0.5257892185641874, 0.5083198912682072, 0.6264273029181265, 0.5382945277998524, 0.5527060070345479, 0.5247620358582465, 0.5569510431058945, 0.6947683591035104, 0.5734818856562337]","[{'accuracy': 0.6774193548387096, 'f1': 0.6428571428571429, 'sensitivity': 0.6428571428571429, 'specificity': 0.7058823529411765}, {'accuracy': 0.6774193548387096, 'f1': 0.5833333333333334, 'sensitivity': 0.5, 'specificity': 0.8235294117647058}, {'accuracy': 0.7419354838709677, 'f1': 0.75, 'sensitivity': 0.8571428571428571, 'specificity': 0.6470588235294118}, {'accuracy': 0.7419354838709677, 'f1': 0.6923076923076923, 'sensitivity': 0.6428571428571429, 'specificity': 0.8235294117647058}, {'accuracy': 0.8064516129032258, 'f1': 0.7857142857142857, 'sensitivity': 0.7857142857142857, 'specificity': 0.8235294117647058}, {'accuracy': 0.7096774193548387, 'f1': 0.7096774193548387, 'sensitivity': 0.7857142857142857, 'specificity': 0.6470588235294118}, {'accuracy': 0.7419354838709677, 'f1': 0.6923076923076923, 'sensitivity': 0.6428571428571429, 'specificity': 0.8235294117647058}, {'accuracy': 0.6774193548387096, 'f1': 0.6875, 'sensitivity': 0.7857142857142857, 'specificity': 0.5882352941176471}, {'accuracy': 0.7419354838709677, 'f1': 0.6666666666666666, 'sensitivity': 0.5714285714285714, 'specificity': 0.8823529411764706}, {'accuracy': 0.7741935483870968, 'f1': 0.7586206896551724, 'sensitivity': 0.7857142857142857, 'specificity': 0.7647058823529411}, {'accuracy': 0.7741935483870968, 'f1': 0.7586206896551724, 'sensitivity': 0.7857142857142857, 'specificity': 0.7647058823529411}, {'accuracy': 0.7741935483870968, 'f1': 0.7586206896551724, 'sensitivity': 0.7857142857142857, 'specificity': 0.7647058823529411}, {'accuracy': 0.7741935483870968, 'f1': 0.7407407407407407, 'sensitivity': 0.7142857142857143, 'specificity': 0.8235294117647058}, {'accuracy': 0.7741935483870968, 'f1': 0.7586206896551724, 'sensitivity': 0.7857142857142857, 'specificity': 0.7647058823529411}, {'accuracy': 0.7419354838709677, 'f1': 0.6923076923076923, 'sensitivity': 0.6428571428571429, 'specificity': 0.8235294117647058}, {'accuracy': 0.7419354838709677, 'f1': 0.7333333333333333, 'sensitivity': 0.7857142857142857, 'specificity': 0.7058823529411765}, {'accuracy': 0.7741935483870968, 'f1': 0.7586206896551724, 'sensitivity': 0.7857142857142857, 'specificity': 0.7647058823529411}, {'accuracy': 0.7741935483870968, 'f1': 0.7407407407407407, 'sensitivity': 0.7142857142857143, 'specificity': 0.8235294117647058}, {'accuracy': 0.7419354838709677, 'f1': 0.7333333333333333, 'sensitivity': 0.7857142857142857, 'specificity': 0.7058823529411765}, {'accuracy': 0.7741935483870968, 'f1': 0.7586206896551724, 'sensitivity': 0.7857142857142857, 'specificity': 0.7647058823529411}, {'accuracy': 0.7741935483870968, 'f1': 0.72, 'sensitivity': 0.6428571428571429, 'specificity': 0.8823529411764706}, {'accuracy': 0.7419354838709677, 'f1': 0.7333333333333333, 'sensitivity': 0.7857142857142857, 'specificity': 0.7058823529411765}, {'accuracy': 0.7419354838709677, 'f1': 0.7142857142857143, 'sensitivity': 0.7142857142857143, 'specificity': 0.7647058823529411}, {'accuracy': 0.7096774193548387, 'f1': 0.6666666666666666, 'sensitivity': 0.6428571428571429, 'specificity': 0.7647058823529411}, {'accuracy': 0.6774193548387096, 'f1': 0.6875, 'sensitivity': 0.7857142857142857, 'specificity': 0.5882352941176471}, {'accuracy': 0.7741935483870968, 'f1': 0.72, 'sensitivity': 0.6428571428571429, 'specificity': 0.8823529411764706}, {'accuracy': 0.7096774193548387, 'f1': 0.7096774193548387, 'sensitivity': 0.7857142857142857, 'specificity': 0.6470588235294118}]",COMPLETE
3,0.7692307692307693,2026-07-29 13:20:39.858529,2026-07-29 13:21:53.734221,0 days 00:01:13.875692,0.5,0.03142880890840111,4.335281794951567e-06,"{'overall': {'n': 31, 'accuracy': 0.8064516129032258, 'precision': 0.8333333333333334, 'recall': 0.7142857142857143, 'sensitivity': 0.7142857142857143, 'specificity': 0.8823529411764706, 'balanced_accuracy': 0.7983193277310925, 'f1': 0.7692307692307693, 'confusion_matrix': [[15, 2], [4, 10]], 'auc': 0.8445378151260504, 'roc_curve': {'fpr': [0.0, 0.0, 0.0, 0.058823529411764705, 0.058823529411764705, 0.11764705882352941, 0.11764705882352941, 0.23529411764705882, 0.23529411764705882, 0.47058823529411764, 0.47058823529411764, 0.5294117647058824, 0.5294117647058824, 1.0], 'tpr': [0.0, 0.07142857142857142, 0.21428571428571427, 0.21428571428571427, 0.6428571428571429, 0.6428571428571429, 0.7142857142857143, 0.7142857142857143, 0.7857142857142857, 0.7857142857142857, 0.9285714285714286, 0.9285714285714286, 1.0, 1.0]}}, 'India': {'n': 14, 'accuracy': 0.7142857142857143, 'precision': 1.0, 'recall': 0.6, 'sensitivity': 0.6, 'specificity': 1.0, 'balanced_accuracy': 0.8, 'f1': 0.75, 'confusion_matrix': [[4, 0], [4, 6]], 'auc': 0.75, 'roc_curve': {'fpr': [0.0, 0.0, 0.0, 0.25, 0.25, 0.75, 0.75, 1.0], 'tpr': [0.0, 0.1, 0.6, 0.6, 0.7, 0.7, 1.0, 1.0]}}, 'Italy': {'n': 17, 'accuracy': 0.8823529411764706, 'precision': 0.6666666666666666, 'recall': 1.0, 'sensitivity': 1.0, 'specificity': 0.8461538461538461, 'balanced_accuracy': 0.9230769230769231, 'f1': 0.8, 'confusion_matrix': [[11, 2], [0, 4]], 'auc': 0.9807692307692308, 'roc_curve': {'fpr': [0.0, 0.0, 0.0, 0.07692307692307693, 0.07692307692307693, 1.0], 'tpr': [0.0, 0.25, 0.75, 0.75, 1.0, 1.0]}}}",vit_b_16_forniceal_palpebral_v2,"[1.2126913167992417, 0.934328319264107, 1.0077420286580818, 1.1331796792088722, 0.8851386504944693, 0.5995951997382301, 0.5354198864122637, 1.16584008648282, 0.9873592188569154, 1.4554182080691362, 0.7431162056468782, 0.9530423185312931, 0.8254616045627464, 0.8000971411361175]","[0.9901068133692588, 1.2969187084705598, 1.599331178972798, 1.3554770254319715, 0.7962513633312718, 1.163776393859617, 0.765982566341277, 0.7884840273088024, 2.637765372712766, 1.2567316870535574, 1.0320143459304687, 1.0673476700340547, 0.7903385287330996, 1.5228676719050254]","[{'accuracy': 0.5806451612903226, 'f1': 0.6060606060606061, 'sensitivity': 0.7142857142857143, 'specificity': 0.47058823529411764}, {'accuracy': 0.6451612903225806, 'f1': 0.42105263157894735, 'sensitivity': 0.2857142857142857, 'specificity': 0.9411764705882353}, {'accuracy': 0.6774193548387096, 'f1': 0.4444444444444444, 'sensitivity': 0.2857142857142857, 'specificity': 1.0}, {'accuracy': 0.6129032258064516, 'f1': 0.4, 'sensitivity': 0.2857142857142857, 'specificity': 0.8823529411764706}, {'accuracy': 0.7096774193548387, 'f1': 0.6086956521739131, 'sensitivity': 0.5, 'specificity': 0.8823529411764706}, {'accuracy': 0.7096774193548387, 'f1': 0.5714285714285714, 'sensitivity': 0.42857142857142855, 'specificity': 0.9411764705882353}, {'accuracy': 0.7741935483870968, 'f1': 0.7586206896551724, 'sensitivity': 0.7857142857142857, 'specificity': 0.7647058823529411}, {'accuracy': 0.7096774193548387, 'f1': 0.6896551724137931, 'sensitivity': 0.7142857142857143, 'specificity': 0.7058823529411765}, {'accuracy': 0.7096774193548387, 'f1': 0.5263157894736842, 'sensitivity': 0.35714285714285715, 'specificity': 1.0}, {'accuracy': 0.6451612903225806, 'f1': 0.717948717948718, 'sensitivity': 1.0, 'specificity': 0.35294117647058826}, {'accuracy': 0.7741935483870968, 'f1': 0.72, 'sensitivity': 0.6428571428571429, 'specificity': 0.8823529411764706}, {'accuracy': 0.8064516129032258, 'f1': 0.7692307692307693, 'sensitivity': 0.7142857142857143, 'specificity': 0.8823529411764706}, {'accuracy': 0.8064516129032258, 'f1': 0.7692307692307693, 'sensitivity': 0.7142857142857143, 'specificity': 0.8823529411764706}, {'accuracy': 0.5806451612903226, 'f1': 0.6829268292682927, 'sensitivity': 1.0, 'specificity': 0.23529411764705882}]",COMPLETE
4,0.7586206896551724,2026-07-29 13:21:53.734533,2026-07-29 13:25:53.065304,0 days 00:03:59.330771,0.2,0.0008179499475211679,3.752055855124284e-05,"{'overall': {'n': 31, 'accuracy': 0.7741935483870968, 'precision': 0.7333333333333333, 'recall': 0.7857142857142857, 'sensitivity': 0.7857142857142857, 'specificity': 0.7647058823529411, 'balanced_accuracy': 0.7752100840336134, 'f1': 0.7586206896551724, 'confusion_matrix': [[13, 4], [3, 11]], 'auc': 0.7983193277310925, 'roc_curve': {'fpr': [0.0, 0.0, 0.0, 0.11764705882352941, 0.11764705882352941, 0.23529411764705882, 0.23529411764705882, 0.5294117647058824, 0.5294117647058824, 0.5882352941176471, 0.5882352941176471, 0.7647058823529411, 0.7647058823529411, 1.0], 'tpr': [0.0, 0.07142857142857142, 0.35714285714285715, 0.35714285714285715, 0.6428571428571429, 0.6428571428571429, 0.7857142857142857, 0.7857142857142857, 0.8571428571428571, 0.8571428571428571, 0.9285714285714286, 0.9285714285714286, 1.0, 1.0]}}, 'India': {'n': 14, 'accuracy': 0.7142857142857143, 'precision': 0.875, 'recall': 0.7, 'sensitivity': 0.7, 'specificity': 0.75, 'balanced_accuracy': 0.725, 'f1': 0.7777777777777778, 'confusion_matrix': [[3, 1], [3, 7]], 'auc': 0.675, 'roc_curve': {'fpr': [0.0, 0.0, 0.0, 0.25, 0.25, 0.75, 0.75, 1.0, 1.0], 'tpr': [0.0, 0.1, 0.5, 0.5, 0.7, 0.7, 0.8, 0.8, 1.0]}}, 'Italy': {'n': 17, 'accuracy': 0.8235294117647058, 'precision': 0.5714285714285714, 'recall': 1.0, 'sensitivity': 1.0, 'specificity': 0.7692307692307693, 'balanced_accuracy': 0.8846153846153846, 'f1': 0.7272727272727273, 'confusion_matrix': [[10, 3], [0, 4]], 'auc': 0.9615384615384616, 'roc_curve': {'fpr': [0.0, 0.0, 0.0, 0.15384615384615385, 0.15384615384615385, 1.0], 'tpr': [0.0, 0.25, 0.75, 0.75, 1.0, 1.0]}}}",vit_b_16_forniceal_palpebral_v2,"[0.8422068195278142, 0.7581110961583196, 0.6876407808998004, 0.6724383822914695, 0.6201067589172701, 0.6190285188000219, 0.5705628070701547, 0.5724590445051387, 0.565943272949076, 0.5456712314871703, 0.5580288285300845, 0.49914868105025517, 0.5210816900746352, 0.5133182963951916, 0.4976674885976882, 0.4876784657945438, 0.4900703422066306, 0.4601998264286794, 0.45099847170771384, 0.4790681754650713, 0.46447496430403523, 0.46243677587330745, 0.4448369765768246, 0.44492637421809084, 0.4352637434086832, 0.40240398637291525, 0.44284381063617007, 0.40367583210776453, 0.4671668633311784, 0.4243287243405167, 0.4242277838745896, 0.40597709912021146, 0.4346072629195492, 0.4233643862665916, 0.39622500488141765, 0.42105836000572255, 0.39886154731114704, 0.3852281256192395, 0.37688941939347453, 0.41056270137125134, 0.41130234959985124, 0.38445262803512364, 0.3822460142376066, 0.3762835420313336, 0.4050281967232827, 0.3659208846740982]","[0.7718261384194897, 0.7337933817217427, 0.7503418576332831, 0.6979836014009291, 0.6922533531342784, 0.6940976352460922, 0.6738701626177757, 0.6599781455532197, 0.6615241439111771, 0.6475768935295844, 0.644525654854313, 0.6559091219978948, 0.6319844424724579, 0.6254022775157806, 0.6253776627202188, 0.6280428286521665, 0.6366557998041953, 0.6196049211486694, 0.6172442407377304, 0.6181360800420085, 0.6268165486474191, 0.6103320140992442, 0.6172512885062925, 0.6110066511938649, 0.6075387135628731, 0.614977107894036, 0.6430010968639005, 0.6041209130517898, 0.5996200000086138, 0.6300021592647799, 0.6187440022345512, 0.5909536279016926, 0.5914680150247389, 0.5950772089342917, 0.6075715076538825, 0.5928758555842985, 0.5903126943495965, 0.6263088237854743, 0.5897752748381707, 0.6051883582145937, 0.5940115240312391, 0.592193054576074, 0.6031145780317245, 0.5934847602921147, 0.5973103498258898, 0.5923900325452128]","[{'accuracy': 0.6451612903225806, 'f1': 0.6451612903225806, 'sensitivity': 0.7142857142857143, 'specificity': 0.5882352941176471}, {'accuracy': 0.5806451612903226, 'f1': 0.6285714285714286, 'sensitivity': 0.7857142857142857, 'specificity': 0.4117647058823529}, {'accuracy': 0.6451612903225806, 'f1': 0.47619047619047616, 'sensitivity': 0.35714285714285715, 'specificity': 0.8823529411764706}, {'accuracy': 0.6129032258064516, 'f1': 0.6470588235294118, 'sensitivity': 0.7857142857142857, 'specificity': 0.47058823529411764}, {'accuracy': 0.6129032258064516, 'f1': 0.6, 'sensitivity': 0.6428571428571429, 'specificity': 0.5882352941176471}, {'accuracy': 0.7419354838709677, 'f1': 0.6923076923076923, 'sensitivity': 0.6428571428571429, 'specificity': 0.8235294117647058}, {'accuracy': 0.7419354838709677, 'f1': 0.7142857142857143, 'sensitivity': 0.7142857142857143, 'specificity': 0.7647058823529411}, {'accuracy': 0.6129032258064516, 'f1': 0.6470588235294118, 'sensitivity': 0.7857142857142857, 'specificity': 0.47058823529411764}, {'accuracy': 0.7096774193548387, 'f1': 0.6666666666666666, 'sensitivity': 0.6428571428571429, 'specificity': 0.7647058823529411}, {'accuracy': 0.7741935483870968, 'f1': 0.7586206896551724, 'sensitivity': 0.7857142857142857, 'specificity': 0.7647058823529411}, {'accuracy': 0.7741935483870968, 'f1': 0.7586206896551724, 'sensitivity': 0.7857142857142857, 'specificity': 0.7647058823529411}, {'accuracy': 0.7096774193548387, 'f1': 0.6666666666666666, 'sensitivity': 0.6428571428571429, 'specificity': 0.7647058823529411}, {'accuracy': 0.7741935483870968, 'f1': 0.7586206896551724, 'sensitivity': 0.7857142857142857, 'specificity': 0.7647058823529411}, {'accuracy': 0.7741935483870968, 'f1': 0.7586206896551724, 'sensitivity': 0.7857142857142857, 'specificity': 0.7647058823529411}, {'accuracy': 0.7741935483870968, 'f1': 0.7586206896551724, 'sensitivity': 0.7857142857142857, 'specificity': 0.7647058823529411}, {'accuracy': 0.7741935483870968, 'f1': 0.7586206896551724, 'sensitivity': 0.7857142857142857, 'specificity': 0.7647058823529411}, {'accuracy': 0.7419354838709677, 'f1': 0.7142857142857143, 'sensitivity': 0.7142857142857143, 'specificity': 0.7647058823529411}, {'accuracy': 0.7741935483870968, 'f1': 0.7586206896551724, 'sensitivity': 0.7857142857142857, 'specificity': 0.7647058823529411}, {'accuracy': 0.7741935483870968, 'f1': 0.7586206896551724, 'sensitivity': 0.7857142857142857, 'specificity': 0.7647058823529411}, {'accuracy': 0.7741935483870968, 'f1': 0.7586206896551724, 'sensitivity': 0.7857142857142857, 'specificity': 0.7647058823529411}, {'accuracy': 0.7741935483870968, 'f1': 0.7586206896551724, 'sensitivity': 0.7857142857142857, 'specificity': 0.7647058823529411}, {'accuracy': 0.7741935483870968, 'f1': 0.7586206896551724, 'sensitivity': 0.7857142857142857, 'specificity': 0.7647058823529411}, {'accuracy': 0.7741935483870968, 'f1': 0.7586206896551724, 'sensitivity': 0.7857142857142857, 'specificity': 0.7647058823529411}, {'accuracy': 0.7741935483870968, 'f1': 0.7586206896551724, 'sensitivity': 0.7857142857142857, 'specificity': 0.7647058823529411}, {'accuracy': 0.7419354838709677, 'f1': 0.7333333333333333, 'sensitivity': 0.7857142857142857, 'specificity': 0.7058823529411765}, {'accuracy': 0.7741935483870968, 'f1': 0.7586206896551724, 'sensitivity': 0.7857142857142857, 'specificity': 0.7647058823529411}, {'accuracy': 0.7419354838709677, 'f1': 0.6923076923076923, 'sensitivity': 0.6428571428571429, 'specificity': 0.8235294117647058}, {'accuracy': 0.7741935483870968, 'f1': 0.7586206896551724, 'sensitivity': 0.7857142857142857, 'specificity': 0.7647058823529411}, {'accuracy': 0.7419354838709677, 'f1': 0.7333333333333333, 'sensitivity': 0.7857142857142857, 'specificity': 0.7058823529411765}, {'accuracy': 0.7419354838709677, 'f1': 0.7142857142857143, 'sensitivity': 0.7142857142857143, 'specificity': 0.7647058823529411}, {'accuracy': 0.7741935483870968, 'f1': 0.7586206896551724, 'sensitivity': 0.7857142857142857, 'specificity': 0.7647058823529411}, {'accuracy': 0.7741935483870968, 'f1': 0.7586206896551724, 'sensitivity': 0.7857142857142857, 'specificity': 0.7647058823529411}, {'accuracy': 0.7741935483870968, 'f1': 0.7586206896551724, 'sensitivity': 0.7857142857142857, 'specificity': 0.7647058823529411}, {'accuracy': 0.7741935483870968, 'f1': 0.7586206896551724, 'sensitivity': 0.7857142857142857, 'specificity': 0.7647058823529411}, {'accuracy': 0.7741935483870968, 'f1': 0.7586206896551724, 'sensitivity': 0.7857142857142857, 'specificity': 0.7647058823529411}, {'accuracy': 0.7741935483870968, 'f1': 0.7586206896551724, 'sensitivity': 0.7857142857142857, 'specificity': 0.7647058823529411}, {'accuracy': 0.7741935483870968, 'f1': 0.7586206896551724, 'sensitivity': 0.7857142857142857, 'specificity': 0.7647058823529411}, {'accuracy': 0.7419354838709677, 'f1': 0.7142857142857143, 'sensitivity': 0.7142857142857143, 'specificity': 0.7647058823529411}, {'accuracy': 0.7741935483870968, 'f1': 0.7586206896551724, 'sensitivity': 0.7857142857142857, 'specificity': 0.7647058823529411}, {'accuracy': 0.7741935483870968, 'f1': 0.7586206896551724, 'sensitivity': 0.7857142857142857, 'specificity': 0.7647058823529411}, {'accuracy': 0.7741935483870968, 'f1': 0.7586206896551724, 'sensitivity': 0.7857142857142857, 'specificity': 0.7647058823529411}, {'accuracy': 0.7741935483870968, 'f1': 0.7586206896551724, 'sensitivity': 0.7857142857142857, 'specificity': 0.7647058823529411}, {'accuracy': 0.7741935483870968, 'f1': 0.7586206896551724, 'sensitivity': 0.7857142857142857, 'specificity': 0.7647058823529411}, {'accuracy': 0.7741935483870968, 'f1': 0.7586206896551724, 'sensitivity': 0.7857142857142857, 'specificity': 0.7647058823529411}, {'accuracy': 0.7741935483870968, 'f1': 0.7586206896551724, 'sensitivity': 0.7857142857142857, 'specificity': 0.7647058823529411}, {'accuracy': 0.7741935483870968, 'f1': 0.7586206896551724, 'sensitivity': 0.7857142857142857, 'specificity': 0.7647058823529411}]",COMPLETE
