number,value,datetime_start,datetime_complete,duration,params_dropout_rate,params_learning_rate,params_weight_decay,user_attrs_best_val_metrics,user_attrs_model_name,user_attrs_train_loss_history,user_attrs_val_loss_history,user_attrs_val_overall_metrics_history,state
9,0.7586206896551724,2026-07-29 13:40:27.809695,2026-07-29 13:45:08.783452,0 days 00:04:40.973757,0.2,0.0008200518402245837,1.9634341572933354e-06,"{'overall': {'n': 31, 'accuracy': 0.7741935483870968, 'precision': 0.7333333333333333, 'recall': 0.7857142857142857, 'sensitivity': 0.7857142857142857, 'specificity': 0.7647058823529411, 'balanced_accuracy': 0.7752100840336134, 'f1': 0.7586206896551724, 'confusion_matrix': [[13, 4], [3, 11]], 'auc': 0.7815126050420167, 'roc_curve': {'fpr': [0.0, 0.0, 0.0, 0.058823529411764705, 0.058823529411764705, 0.11764705882352941, 0.11764705882352941, 0.23529411764705882, 0.23529411764705882, 0.6470588235294118, 0.6470588235294118, 0.7058823529411765, 0.7058823529411765, 1.0], 'tpr': [0.0, 0.07142857142857142, 0.2857142857142857, 0.2857142857142857, 0.35714285714285715, 0.35714285714285715, 0.6428571428571429, 0.6428571428571429, 0.7857142857142857, 0.7857142857142857, 0.8571428571428571, 0.8571428571428571, 1.0, 1.0]}}, 'India': {'n': 14, 'accuracy': 0.7142857142857143, 'precision': 0.875, 'recall': 0.7, 'sensitivity': 0.7, 'specificity': 0.75, 'balanced_accuracy': 0.725, 'f1': 0.7777777777777778, 'confusion_matrix': [[3, 1], [3, 7]], 'auc': 0.6499999999999999, 'roc_curve': {'fpr': [0.0, 0.0, 0.0, 0.25, 0.25, 1.0, 1.0], 'tpr': [0.0, 0.1, 0.5, 0.5, 0.7, 0.7, 1.0]}}, 'Italy': {'n': 17, 'accuracy': 0.8235294117647058, 'precision': 0.5714285714285714, 'recall': 1.0, 'sensitivity': 1.0, 'specificity': 0.7692307692307693, 'balanced_accuracy': 0.8846153846153846, 'f1': 0.7272727272727273, 'confusion_matrix': [[10, 3], [0, 4]], 'auc': 0.9615384615384616, 'roc_curve': {'fpr': [0.0, 0.0, 0.0, 0.15384615384615385, 0.15384615384615385, 1.0], 'tpr': [0.0, 0.25, 0.75, 0.75, 1.0, 1.0]}}}",vit_b_16_forniceal_palpebral_v2,"[0.7778102463605453, 0.7235972110916968, 0.6863761353654926, 0.6561152793112255, 0.6304617935702914, 0.6000816955858347, 0.5947622115514717, 0.5519904027990743, 0.5379046988325055, 0.5370742212347432, 0.5008436790128954, 0.5000198296949167, 0.5089592917435835, 0.4924623812137007, 0.482988707873286, 0.49566497790570163, 0.4631690387012196, 0.4815928372396093, 0.4570062748428916, 0.4487153178169614, 0.4483896682457048, 0.45972457751124896, 0.44337564950086633, 0.4434919847923071, 0.4457740070057564, 0.42350653928964316, 0.4345761192899172, 0.44287107631462774, 0.4242984001733819, 0.3992893812405009, 0.41132413894951747, 0.40815939830274, 0.38535658863126016, 0.3983910505463477, 0.3710309114991402, 0.4263674730346316, 0.38533786689343097, 0.3736697607705382, 0.39138263788353017, 0.38340645628113323, 0.39427506822307096, 0.400011809504762, 0.3878126420131346, 0.3842028782886713, 0.3785087576731533, 0.3465283247483831, 0.3814157303295979, 0.38539247630404777, 0.3771430853323466, 0.3813818863713417, 0.3744428238140888, 0.3634792323015174, 0.3624711362074833, 0.36741634696519293]","[0.7567917204672291, 0.738902166966469, 0.7418496291483602, 0.702390770758352, 0.6873157062838154, 0.6924640055625669, 0.686425031192841, 0.661308950954868, 0.6715248727029369, 0.6521242962729547, 0.6443541569094504, 0.6451676391786144, 0.6662553087357552, 0.6371524487772295, 0.6421925185188171, 0.6316975749308064, 0.6339918586515612, 0.6455585783527743, 0.6257467404488595, 0.6147379884796758, 0.6361005979199563, 0.6346583972054143, 0.6300529135811713, 0.6099081904657425, 0.6029493020426843, 0.6108327777154984, 0.594300183557695, 0.605360746383667, 0.6013513505458832, 0.5893075735338272, 0.5891777949948465, 0.5918590724468231, 0.604785276997474, 0.5958991579471096, 0.6138769609312857, 0.6078646817514973, 0.6040827622336726, 0.5852616198601261, 0.5830614932121769, 0.618111994958693, 0.58124410625427, 0.5749014394898568, 0.5778566560437602, 0.5728817678266956, 0.5899824057855914, 0.5875867932073532, 0.5641870642862012, 0.5691131689856129, 0.5816822580752834, 0.5662824626891844, 0.5707163108933356, 0.5725856606037386, 0.5680155686793789, 0.5681015233839711]","[{'accuracy': 0.5483870967741935, 'f1': 0.5625, 'sensitivity': 0.6428571428571429, 'specificity': 0.47058823529411764}, {'accuracy': 0.6451612903225806, 'f1': 0.56, 'sensitivity': 0.5, 'specificity': 0.7647058823529411}, {'accuracy': 0.5806451612903226, 'f1': 0.43478260869565216, 'sensitivity': 0.35714285714285715, 'specificity': 0.7647058823529411}, {'accuracy': 0.6129032258064516, 'f1': 0.6, 'sensitivity': 0.6428571428571429, 'specificity': 0.5882352941176471}, {'accuracy': 0.6129032258064516, 'f1': 0.6470588235294118, 'sensitivity': 0.7857142857142857, 'specificity': 0.47058823529411764}, {'accuracy': 0.6774193548387096, 'f1': 0.6153846153846154, 'sensitivity': 0.5714285714285714, 'specificity': 0.7647058823529411}, {'accuracy': 0.7096774193548387, 'f1': 0.6086956521739131, 'sensitivity': 0.5, 'specificity': 0.8823529411764706}, {'accuracy': 0.6451612903225806, 'f1': 0.6666666666666666, 'sensitivity': 0.7857142857142857, 'specificity': 0.5294117647058824}, {'accuracy': 0.7419354838709677, 'f1': 0.7142857142857143, 'sensitivity': 0.7142857142857143, 'specificity': 0.7647058823529411}, {'accuracy': 0.7741935483870968, 'f1': 0.7586206896551724, 'sensitivity': 0.7857142857142857, 'specificity': 0.7647058823529411}, {'accuracy': 0.6774193548387096, 'f1': 0.6875, 'sensitivity': 0.7857142857142857, 'specificity': 0.5882352941176471}, {'accuracy': 0.7419354838709677, 'f1': 0.7333333333333333, 'sensitivity': 0.7857142857142857, 'specificity': 0.7058823529411765}, {'accuracy': 0.6774193548387096, 'f1': 0.6153846153846154, 'sensitivity': 0.5714285714285714, 'specificity': 0.7647058823529411}, {'accuracy': 0.7741935483870968, 'f1': 0.7586206896551724, 'sensitivity': 0.7857142857142857, 'specificity': 0.7647058823529411}, {'accuracy': 0.7741935483870968, 'f1': 0.7586206896551724, 'sensitivity': 0.7857142857142857, 'specificity': 0.7647058823529411}, {'accuracy': 0.7741935483870968, 'f1': 0.7586206896551724, 'sensitivity': 0.7857142857142857, 'specificity': 0.7647058823529411}, {'accuracy': 0.7741935483870968, 'f1': 0.7586206896551724, 'sensitivity': 0.7857142857142857, 'specificity': 0.7647058823529411}, {'accuracy': 0.7096774193548387, 'f1': 0.6666666666666666, 'sensitivity': 0.6428571428571429, 'specificity': 0.7647058823529411}, {'accuracy': 0.7741935483870968, 'f1': 0.7586206896551724, 'sensitivity': 0.7857142857142857, 'specificity': 0.7647058823529411}, {'accuracy': 0.7741935483870968, 'f1': 0.7586206896551724, 'sensitivity': 0.7857142857142857, 'specificity': 0.7647058823529411}, {'accuracy': 0.7419354838709677, 'f1': 0.7142857142857143, 'sensitivity': 0.7142857142857143, 'specificity': 0.7647058823529411}, {'accuracy': 0.7419354838709677, 'f1': 0.7142857142857143, 'sensitivity': 0.7142857142857143, 'specificity': 0.7647058823529411}, {'accuracy': 0.7096774193548387, 'f1': 0.6666666666666666, 'sensitivity': 0.6428571428571429, 'specificity': 0.7647058823529411}, {'accuracy': 0.7741935483870968, 'f1': 0.7586206896551724, 'sensitivity': 0.7857142857142857, 'specificity': 0.7647058823529411}, {'accuracy': 0.7741935483870968, 'f1': 0.7586206896551724, 'sensitivity': 0.7857142857142857, 'specificity': 0.7647058823529411}, {'accuracy': 0.7419354838709677, 'f1': 0.7142857142857143, 'sensitivity': 0.7142857142857143, 'specificity': 0.7647058823529411}, {'accuracy': 0.7741935483870968, 'f1': 0.7586206896551724, 'sensitivity': 0.7857142857142857, 'specificity': 0.7647058823529411}, {'accuracy': 0.7741935483870968, 'f1': 0.7586206896551724, 'sensitivity': 0.7857142857142857, 'specificity': 0.7647058823529411}, {'accuracy': 0.7741935483870968, 'f1': 0.7586206896551724, 'sensitivity': 0.7857142857142857, 'specificity': 0.7647058823529411}, {'accuracy': 0.7741935483870968, 'f1': 0.7586206896551724, 'sensitivity': 0.7857142857142857, 'specificity': 0.7647058823529411}, {'accuracy': 0.7741935483870968, 'f1': 0.7586206896551724, 'sensitivity': 0.7857142857142857, 'specificity': 0.7647058823529411}, {'accuracy': 0.7741935483870968, 'f1': 0.7586206896551724, 'sensitivity': 0.7857142857142857, 'specificity': 0.7647058823529411}, {'accuracy': 0.7419354838709677, 'f1': 0.7142857142857143, 'sensitivity': 0.7142857142857143, 'specificity': 0.7647058823529411}, {'accuracy': 0.7741935483870968, 'f1': 0.7586206896551724, 'sensitivity': 0.7857142857142857, 'specificity': 0.7647058823529411}, {'accuracy': 0.7096774193548387, 'f1': 0.6666666666666666, 'sensitivity': 0.6428571428571429, 'specificity': 0.7647058823529411}, {'accuracy': 0.7096774193548387, 'f1': 0.6666666666666666, 'sensitivity': 0.6428571428571429, 'specificity': 0.7647058823529411}, {'accuracy': 0.7419354838709677, 'f1': 0.7142857142857143, 'sensitivity': 0.7142857142857143, 'specificity': 0.7647058823529411}, {'accuracy': 0.7741935483870968, 'f1': 0.7586206896551724, 'sensitivity': 0.7857142857142857, 'specificity': 0.7647058823529411}, {'accuracy': 0.7741935483870968, 'f1': 0.7586206896551724, 'sensitivity': 0.7857142857142857, 'specificity': 0.7647058823529411}, {'accuracy': 0.7096774193548387, 'f1': 0.6666666666666666, 'sensitivity': 0.6428571428571429, 'specificity': 0.7647058823529411}, {'accuracy': 0.7741935483870968, 'f1': 0.7586206896551724, 'sensitivity': 0.7857142857142857, 'specificity': 0.7647058823529411}, {'accuracy': 0.7741935483870968, 'f1': 0.7586206896551724, 'sensitivity': 0.7857142857142857, 'specificity': 0.7647058823529411}, {'accuracy': 0.7741935483870968, 'f1': 0.7586206896551724, 'sensitivity': 0.7857142857142857, 'specificity': 0.7647058823529411}, {'accuracy': 0.7741935483870968, 'f1': 0.7586206896551724, 'sensitivity': 0.7857142857142857, 'specificity': 0.7647058823529411}, {'accuracy': 0.7741935483870968, 'f1': 0.7586206896551724, 'sensitivity': 0.7857142857142857, 'specificity': 0.7647058823529411}, {'accuracy': 0.7741935483870968, 'f1': 0.7586206896551724, 'sensitivity': 0.7857142857142857, 'specificity': 0.7647058823529411}, {'accuracy': 0.7741935483870968, 'f1': 0.7586206896551724, 'sensitivity': 0.7857142857142857, 'specificity': 0.7647058823529411}, {'accuracy': 0.7741935483870968, 'f1': 0.7586206896551724, 'sensitivity': 0.7857142857142857, 'specificity': 0.7647058823529411}, {'accuracy': 0.7741935483870968, 'f1': 0.7586206896551724, 'sensitivity': 0.7857142857142857, 'specificity': 0.7647058823529411}, {'accuracy': 0.7741935483870968, 'f1': 0.7586206896551724, 'sensitivity': 0.7857142857142857, 'specificity': 0.7647058823529411}, {'accuracy': 0.7741935483870968, 'f1': 0.7586206896551724, 'sensitivity': 0.7857142857142857, 'specificity': 0.7647058823529411}, {'accuracy': 0.7741935483870968, 'f1': 0.7586206896551724, 'sensitivity': 0.7857142857142857, 'specificity': 0.7647058823529411}, {'accuracy': 0.7741935483870968, 'f1': 0.7586206896551724, 'sensitivity': 0.7857142857142857, 'specificity': 0.7647058823529411}, {'accuracy': 0.7741935483870968, 'f1': 0.7586206896551724, 'sensitivity': 0.7857142857142857, 'specificity': 0.7647058823529411}]",COMPLETE
10,0.7586206896551724,2026-07-29 13:45:08.783857,2026-07-29 13:46:12.281761,0 days 00:01:03.497904,0.5,0.0776585760666949,1.2336245991553763e-05,"{'overall': {'n': 31, 'accuracy': 0.7741935483870968, 'precision': 0.7333333333333333, 'recall': 0.7857142857142857, 'sensitivity': 0.7857142857142857, 'specificity': 0.7647058823529411, 'balanced_accuracy': 0.7752100840336134, 'f1': 0.7586206896551724, 'confusion_matrix': [[13, 4], [3, 11]], 'auc': 0.8109243697478992, 'roc_curve': {'fpr': [0.0, 0.0, 0.058823529411764705, 0.058823529411764705, 0.11764705882352941, 0.11764705882352941, 0.23529411764705882, 0.23529411764705882, 0.4117647058823529, 0.4117647058823529, 0.5294117647058824, 0.5294117647058824, 0.5882352941176471, 0.5882352941176471, 1.0], 'tpr': [0.0, 0.14285714285714285, 0.14285714285714285, 0.21428571428571427, 0.21428571428571427, 0.7142857142857143, 0.7142857142857143, 0.7857142857142857, 0.7857142857142857, 0.8571428571428571, 0.8571428571428571, 0.9285714285714286, 0.9285714285714286, 1.0, 1.0]}}, 'India': {'n': 14, 'accuracy': 0.6428571428571429, 'precision': 0.7777777777777778, 'recall': 0.7, 'sensitivity': 0.7, 'specificity': 0.5, 'balanced_accuracy': 0.6, 'f1': 0.7368421052631579, 'confusion_matrix': [[2, 2], [3, 7]], 'auc': 0.675, 'roc_curve': {'fpr': [0.0, 0.0, 0.0, 0.5, 0.5, 0.75, 0.75, 1.0, 1.0], 'tpr': [0.0, 0.1, 0.6, 0.6, 0.7, 0.7, 0.8, 0.8, 1.0]}}, 'Italy': {'n': 17, 'accuracy': 0.8823529411764706, 'precision': 0.6666666666666666, 'recall': 1.0, 'sensitivity': 1.0, 'specificity': 0.8461538461538461, 'balanced_accuracy': 0.9230769230769231, 'f1': 0.8, 'confusion_matrix': [[11, 2], [0, 4]], 'auc': 0.9423076923076923, 'roc_curve': {'fpr': [0.0, 0.0, 0.07692307692307693, 0.07692307692307693, 0.15384615384615385, 0.15384615384615385, 1.0], 'tpr': [0.0, 0.5, 0.5, 0.75, 0.75, 1.0, 1.0]}}}",vit_b_16_forniceal_palpebral_v2,"[2.5665521414912478, 2.8925388102628746, 2.323982202086826, 1.5769900293283474, 1.5847349209444863, 1.5575421973556078, 1.7291680746743467, 2.0533986318679083, 1.8831525325631013, 1.3203203438964932, 1.9629912538593317, 2.5020806675865535]","[3.7396161786971556, 3.1150152452530397, 2.29522229010059, 1.825876235961914, 1.26150361376424, 1.4137162393139255, 1.4973801605163082, 2.2612875603860423, 1.7493282441169984, 1.7034537715296592, 1.7861538971624067, 1.9416909467789434]","[{'accuracy': 0.5483870967741935, 'f1': 0.6666666666666666, 'sensitivity': 1.0, 'specificity': 0.17647058823529413}, {'accuracy': 0.6129032258064516, 'f1': 0.6470588235294118, 'sensitivity': 0.7857142857142857, 'specificity': 0.47058823529411764}, {'accuracy': 0.6774193548387096, 'f1': 0.6666666666666666, 'sensitivity': 0.7142857142857143, 'specificity': 0.6470588235294118}, {'accuracy': 0.6451612903225806, 'f1': 0.6666666666666666, 'sensitivity': 0.7857142857142857, 'specificity': 0.5294117647058824}, {'accuracy': 0.7096774193548387, 'f1': 0.6896551724137931, 'sensitivity': 0.7142857142857143, 'specificity': 0.7058823529411765}, {'accuracy': 0.7096774193548387, 'f1': 0.7428571428571429, 'sensitivity': 0.9285714285714286, 'specificity': 0.5294117647058824}, {'accuracy': 0.6774193548387096, 'f1': 0.6875, 'sensitivity': 0.7857142857142857, 'specificity': 0.5882352941176471}, {'accuracy': 0.6451612903225806, 'f1': 0.47619047619047616, 'sensitivity': 0.35714285714285715, 'specificity': 0.8823529411764706}, {'accuracy': 0.7096774193548387, 'f1': 0.6666666666666666, 'sensitivity': 0.6428571428571429, 'specificity': 0.7647058823529411}, {'accuracy': 0.6774193548387096, 'f1': 0.7058823529411765, 'sensitivity': 0.8571428571428571, 'specificity': 0.5294117647058824}, {'accuracy': 0.6451612903225806, 'f1': 0.6857142857142857, 'sensitivity': 0.8571428571428571, 'specificity': 0.47058823529411764}, {'accuracy': 0.7741935483870968, 'f1': 0.7586206896551724, 'sensitivity': 0.7857142857142857, 'specificity': 0.7647058823529411}]",COMPLETE
11,0.7586206896551724,2026-07-29 13:46:12.282157,2026-07-29 13:47:26.044759,0 days 00:01:13.762602,0.5,0.011746614600292324,7.155554352960923e-05,"{'overall': {'n': 31, 'accuracy': 0.7741935483870968, 'precision': 0.7333333333333333, 'recall': 0.7857142857142857, 'sensitivity': 0.7857142857142857, 'specificity': 0.7647058823529411, 'balanced_accuracy': 0.7752100840336134, 'f1': 0.7586206896551724, 'confusion_matrix': [[13, 4], [3, 11]], 'auc': 0.7605042016806722, 'roc_curve': {'fpr': [0.0, 0.0, 0.0, 0.058823529411764705, 0.058823529411764705, 0.11764705882352941, 0.11764705882352941, 0.23529411764705882, 0.23529411764705882, 0.47058823529411764, 0.47058823529411764, 0.7647058823529411, 0.7647058823529411, 0.8235294117647058, 0.8235294117647058, 1.0], 'tpr': [0.0, 0.07142857142857142, 0.21428571428571427, 0.21428571428571427, 0.35714285714285715, 0.35714285714285715, 0.5, 0.5, 0.7857142857142857, 0.7857142857142857, 0.8571428571428571, 0.8571428571428571, 0.9285714285714286, 0.9285714285714286, 1.0, 1.0]}}, 'India': {'n': 14, 'accuracy': 0.7142857142857143, 'precision': 0.875, 'recall': 0.7, 'sensitivity': 0.7, 'specificity': 0.75, 'balanced_accuracy': 0.725, 'f1': 0.7777777777777778, 'confusion_matrix': [[3, 1], [3, 7]], 'auc': 0.5999999999999999, 'roc_curve': {'fpr': [0.0, 0.0, 0.0, 0.25, 0.25, 1.0, 1.0], 'tpr': [0.0, 0.1, 0.3, 0.3, 0.7, 0.7, 1.0]}}, 'Italy': {'n': 17, 'accuracy': 0.8235294117647058, 'precision': 0.5714285714285714, 'recall': 1.0, 'sensitivity': 1.0, 'specificity': 0.7692307692307693, 'balanced_accuracy': 0.8846153846153846, 'f1': 0.7272727272727273, 'confusion_matrix': [[10, 3], [0, 4]], 'auc': 0.9807692307692308, 'roc_curve': {'fpr': [0.0, 0.0, 0.0, 0.07692307692307693, 0.07692307692307693, 1.0], 'tpr': [0.0, 0.25, 0.75, 0.75, 1.0, 1.0]}}}",vit_b_16_forniceal_palpebral_v2,"[0.7773604437607486, 0.6895658340381117, 0.5202595036046035, 0.5264713910161233, 0.5790496061042864, 0.4827159732377448, 0.4434978134778081, 0.5397522621819763, 0.5593238201271109, 0.5202342644840682, 0.40500330276229757, 0.5798089605610387, 0.5893336424008518, 0.4473476126080468]","[0.8533152553343004, 0.637249082326889, 0.6707141553201983, 0.9273739827256049, 0.5851279304873559, 0.5537629223638966, 0.5330919594533982, 0.9546249415124616, 0.6089130601575298, 0.6862529136480824, 0.6231723432579348, 0.6556247203580795, 0.7442277544929136, 0.9505781507299792]","[{'accuracy': 0.5483870967741935, 'f1': 0.6666666666666666, 'sensitivity': 1.0, 'specificity': 0.17647058823529413}, {'accuracy': 0.7741935483870968, 'f1': 0.7586206896551724, 'sensitivity': 0.7857142857142857, 'specificity': 0.7647058823529411}, {'accuracy': 0.7419354838709677, 'f1': 0.6923076923076923, 'sensitivity': 0.6428571428571429, 'specificity': 0.8235294117647058}, {'accuracy': 0.6774193548387096, 'f1': 0.4444444444444444, 'sensitivity': 0.2857142857142857, 'specificity': 1.0}, {'accuracy': 0.7096774193548387, 'f1': 0.7096774193548387, 'sensitivity': 0.7857142857142857, 'specificity': 0.6470588235294118}, {'accuracy': 0.7741935483870968, 'f1': 0.7586206896551724, 'sensitivity': 0.7857142857142857, 'specificity': 0.7647058823529411}, {'accuracy': 0.7741935483870968, 'f1': 0.7586206896551724, 'sensitivity': 0.7857142857142857, 'specificity': 0.7647058823529411}, {'accuracy': 0.6774193548387096, 'f1': 0.5454545454545454, 'sensitivity': 0.42857142857142855, 'specificity': 0.8823529411764706}, {'accuracy': 0.7096774193548387, 'f1': 0.7428571428571429, 'sensitivity': 0.9285714285714286, 'specificity': 0.5294117647058824}, {'accuracy': 0.7741935483870968, 'f1': 0.6666666666666666, 'sensitivity': 0.5, 'specificity': 1.0}, {'accuracy': 0.7741935483870968, 'f1': 0.72, 'sensitivity': 0.6428571428571429, 'specificity': 0.8823529411764706}, {'accuracy': 0.6774193548387096, 'f1': 0.6875, 'sensitivity': 0.7857142857142857, 'specificity': 0.5882352941176471}, {'accuracy': 0.7419354838709677, 'f1': 0.7142857142857143, 'sensitivity': 0.7142857142857143, 'specificity': 0.7647058823529411}, {'accuracy': 0.6451612903225806, 'f1': 0.47619047619047616, 'sensitivity': 0.35714285714285715, 'specificity': 0.8823529411764706}]",COMPLETE
