number,value,datetime_start,datetime_complete,duration,params_dropout_rate,params_learning_rate,params_weight_decay,user_attrs_best_val_metrics,user_attrs_model_name,user_attrs_train_loss_history,user_attrs_val_loss_history,user_attrs_val_overall_metrics_history,state
7,0.9032258064516129,2026-08-02 15:54:57.675921,2026-08-02 15:56:04.281339,0 days 00:01:06.605418,0.2,0.00011137414908293505,2.2059282146979313e-05,"{'overall': {'n': 31, 'accuracy': 0.9032258064516129, 'precision': 0.8235294117647058, 'recall': 1.0, 'sensitivity': 1.0, 'specificity': 0.8235294117647058, 'balanced_accuracy': 0.9117647058823529, 'f1': 0.9032258064516129, 'confusion_matrix': [[14, 3], [0, 14]], 'auc': 0.907563025210084, 'roc_curve': {'fpr': [0.0, 0.058823529411764705, 0.058823529411764705, 0.11764705882352941, 0.11764705882352941, 0.17647058823529413, 0.17647058823529413, 1.0], 'tpr': [0.0, 0.0, 0.6428571428571429, 0.6428571428571429, 0.7857142857142857, 0.7857142857142857, 1.0, 1.0]}}, 'India': {'n': 14, 'accuracy': 0.8571428571428571, 'precision': 0.8333333333333334, 'recall': 1.0, 'sensitivity': 1.0, 'specificity': 0.5, 'balanced_accuracy': 0.75, 'f1': 0.9090909090909091, 'confusion_matrix': [[2, 2], [0, 10]], 'auc': 0.675, 'roc_curve': {'fpr': [0.0, 0.25, 0.25, 0.5, 0.5, 1.0], 'tpr': [0.0, 0.0, 0.7, 0.7, 1.0, 1.0]}}, 'Italy': {'n': 17, 'accuracy': 0.9411764705882353, 'precision': 0.8, 'recall': 1.0, 'sensitivity': 1.0, 'specificity': 0.9230769230769231, 'balanced_accuracy': 0.9615384615384616, 'f1': 0.8888888888888888, 'confusion_matrix': [[12, 1], [0, 4]], 'auc': 0.9807692307692308, 'roc_curve': {'fpr': [0.0, 0.0, 0.0, 0.07692307692307693, 0.07692307692307693, 1.0], 'tpr': [0.0, 0.25, 0.75, 0.75, 1.0, 1.0]}}}",efficientnet_b0_forniceal_palpebral_v2_clean,"[0.8351671018568027, 0.8291038217998686, 0.8118740162070917, 0.8257963235686425, 0.7995339457680579, 0.7996870940234385, 0.7982615751474083, 0.7970873287745884, 0.7847242294525614, 0.759688178292748, 0.7704551584866582, 0.7805782791708602, 0.7607793755271808, 0.7654896285258183, 0.7439124267928454, 0.738884005822292, 0.7550357130109048, 0.7448573432812075, 0.733893866036214, 0.7377446654702531, 0.733314261549995, 0.7227342607212716, 0.7220978339513143, 0.7264963806080981, 0.7145085598335785, 0.727299152182884, 0.7231202952715815, 0.7038799070176625, 0.7072283163362619, 0.6847101454021168, 0.7184437176808208, 0.6846384811563556, 0.6784700576950904, 0.6788665490085576, 0.6805048487624343, 0.6827672192839538, 0.6775413273143119, 0.6826396316898112, 0.6781964602113582, 0.6787454798108056, 0.6530059024590213, 0.6737567745909399, 0.6473788700136197, 0.6498118330832241, 0.6633050766120963, 0.6542439107992211, 0.6623560705152499, 0.6762899367176757, 0.6739862845057533, 0.6495170086419502, 0.6381040681787089, 0.665695713490856, 0.6509034718785968, 0.6342023327237084, 0.6435220229382418, 0.643613092753352, 0.6298457161098922, 0.6344724050184496, 0.644989406575962, 0.6539018214965353, 0.6438909955576163, 0.6313704122491435, 0.6153951903589728, 0.6030208541422474, 0.6314233395518088, 0.6156618023405269, 0.6159682500930059, 0.6183696291884597, 0.6153152098461073, 0.6223488105397647, 0.604974652634186, 0.5950824423712127, 0.6130250270674829, 0.6147143467753923, 0.6195065521058583, 0.6320184185391381, 0.6295325245176043, 0.6115489606143666, 0.5868030551339494, 0.6106573858228671, 0.567955599755657, 0.6035073213025827, 0.5708232092208603, 0.5938938320899496, 0.584916394584033, 0.5808364355645212, 0.6090479837793882, 0.586060973251758, 0.5779459577839391, 0.5796871006894274, 0.5630356791068096, 0.5879507162133042, 0.5735639491859748, 0.5688026421735076, 0.5691414410565175, 0.5768005093749689, 0.5912955597955354, 0.5908631358016916, 0.5838284443835823, 0.5517586149325987, 0.5726598460658067, 0.5663377954846337, 0.5822358913973075, 0.557910853097228, 0.5455737766765413, 0.5877641654338966, 0.5502258224957655, 0.5695575540568553, 0.5783088746524992]","[0.812291145324707, 0.8100039958953857, 0.8064407706260681, 0.8040701746940613, 0.8107877373695374, 0.8135020136833191, 0.7959265112876892, 0.7828819155693054, 0.7696095108985901, 0.7587308287620544, 0.7488968968391418, 0.7458822131156921, 0.7447385191917419, 0.739479660987854, 0.734725296497345, 0.7326880097389221, 0.728325366973877, 0.723154604434967, 0.7208102941513062, 0.7177435159683228, 0.7121243476867676, 0.7096155285835266, 0.7050747871398926, 0.7035360932350159, 0.7016016840934753, 0.6977856755256653, 0.6968730688095093, 0.6915280818939209, 0.6861004829406738, 0.6837243437767029, 0.6839743256568909, 0.6798288226127625, 0.6789646148681641, 0.6797415018081665, 0.6738295555114746, 0.6682547926902771, 0.6635348200798035, 0.6608386039733887, 0.6547035574913025, 0.6547514200210571, 0.6543266177177429, 0.6524474620819092, 0.6491995453834534, 0.6504831314086914, 0.6455231308937073, 0.6422320604324341, 0.6439700722694397, 0.6417750716209412, 0.6391146183013916, 0.6365376710891724, 0.6355225443840027, 0.6328275203704834, 0.6299579739570618, 0.6285545229911804, 0.6262441277503967, 0.62584388256073, 0.6236852407455444, 0.6221731901168823, 0.6206786632537842, 0.6194485425949097, 0.6164553165435791, 0.6157183051109314, 0.6139741539955139, 0.6160868406295776, 0.6130871772766113, 0.6095439195632935, 0.6087996363639832, 0.6081578731536865, 0.6047564744949341, 0.605916440486908, 0.6066007614135742, 0.6065958142280579, 0.6074808239936829, 0.605122983455658, 0.6045991778373718, 0.6066920757293701, 0.6025087833404541, 0.6013014912605286, 0.599660336971283, 0.5978714823722839, 0.5957963466644287, 0.594235360622406, 0.5919421911239624, 0.5895711779594421, 0.5862587690353394, 0.5828456282615662, 0.5856621265411377, 0.583908200263977, 0.5838974714279175, 0.5795175433158875, 0.5796372294425964, 0.5766850113868713, 0.5788010358810425, 0.581196665763855, 0.5817727446556091, 0.5785191059112549, 0.575704038143158, 0.5728233456611633, 0.5695173144340515, 0.5699526071548462, 0.5679107904434204, 0.5630611181259155, 0.5692939162254333, 0.5678965449333191, 0.5667745471000671, 0.5650456547737122, 0.5663251876831055, 0.563088595867157, 0.5651254057884216]","[{'accuracy': 0.5161290322580645, 'f1': 0.4, 'sensitivity': 0.35714285714285715, 'specificity': 0.6470588235294118}, {'accuracy': 0.6129032258064516, 'f1': 0.5, 'sensitivity': 0.42857142857142855, 'specificity': 0.7647058823529411}, {'accuracy': 0.45161290322580644, 'f1': 0.41379310344827586, 'sensitivity': 0.42857142857142855, 'specificity': 0.47058823529411764}, {'accuracy': 0.5806451612903226, 'f1': 0.43478260869565216, 'sensitivity': 0.35714285714285715, 'specificity': 0.7647058823529411}, {'accuracy': 0.6451612903225806, 'f1': 0.42105263157894735, 'sensitivity': 0.2857142857142857, 'specificity': 0.9411764705882353}, {'accuracy': 0.5806451612903226, 'f1': 0.13333333333333333, 'sensitivity': 0.07142857142857142, 'specificity': 1.0}, {'accuracy': 0.5806451612903226, 'f1': 0.3157894736842105, 'sensitivity': 0.21428571428571427, 'specificity': 0.8823529411764706}, {'accuracy': 0.7096774193548387, 'f1': 0.64, 'sensitivity': 0.5714285714285714, 'specificity': 0.8235294117647058}, {'accuracy': 0.7741935483870968, 'f1': 0.72, 'sensitivity': 0.6428571428571429, 'specificity': 0.8823529411764706}, {'accuracy': 0.7419354838709677, 'f1': 0.6923076923076923, 'sensitivity': 0.6428571428571429, 'specificity': 0.8235294117647058}, {'accuracy': 0.7419354838709677, 'f1': 0.7142857142857143, 'sensitivity': 0.7142857142857143, 'specificity': 0.7647058823529411}, {'accuracy': 0.8064516129032258, 'f1': 0.7857142857142857, 'sensitivity': 0.7857142857142857, 'specificity': 0.8235294117647058}, {'accuracy': 0.7741935483870968, 'f1': 0.7586206896551724, 'sensitivity': 0.7857142857142857, 'specificity': 0.7647058823529411}, {'accuracy': 0.7419354838709677, 'f1': 0.75, 'sensitivity': 0.8571428571428571, 'specificity': 0.6470588235294118}, {'accuracy': 0.7419354838709677, 'f1': 0.75, 'sensitivity': 0.8571428571428571, 'specificity': 0.6470588235294118}, {'accuracy': 0.7419354838709677, 'f1': 0.75, 'sensitivity': 0.8571428571428571, 'specificity': 0.6470588235294118}, {'accuracy': 0.7419354838709677, 'f1': 0.75, 'sensitivity': 0.8571428571428571, 'specificity': 0.6470588235294118}, {'accuracy': 0.7419354838709677, 'f1': 0.75, 'sensitivity': 0.8571428571428571, 'specificity': 0.6470588235294118}, {'accuracy': 0.7096774193548387, 'f1': 0.7272727272727273, 'sensitivity': 0.8571428571428571, 'specificity': 0.5882352941176471}, {'accuracy': 0.7419354838709677, 'f1': 0.75, 'sensitivity': 0.8571428571428571, 'specificity': 0.6470588235294118}, {'accuracy': 0.8064516129032258, 'f1': 0.8125, 'sensitivity': 0.9285714285714286, 'specificity': 0.7058823529411765}, {'accuracy': 0.7419354838709677, 'f1': 0.75, 'sensitivity': 0.8571428571428571, 'specificity': 0.6470588235294118}, {'accuracy': 0.7741935483870968, 'f1': 0.7878787878787878, 'sensitivity': 0.9285714285714286, 'specificity': 0.6470588235294118}, {'accuracy': 0.7741935483870968, 'f1': 0.7878787878787878, 'sensitivity': 0.9285714285714286, 'specificity': 0.6470588235294118}, {'accuracy': 0.7741935483870968, 'f1': 0.7878787878787878, 'sensitivity': 0.9285714285714286, 'specificity': 0.6470588235294118}, {'accuracy': 0.7741935483870968, 'f1': 0.7878787878787878, 'sensitivity': 0.9285714285714286, 'specificity': 0.6470588235294118}, {'accuracy': 0.7741935483870968, 'f1': 0.7878787878787878, 'sensitivity': 0.9285714285714286, 'specificity': 0.6470588235294118}, {'accuracy': 0.7741935483870968, 'f1': 0.7878787878787878, 'sensitivity': 0.9285714285714286, 'specificity': 0.6470588235294118}, {'accuracy': 0.8064516129032258, 'f1': 0.8125, 'sensitivity': 0.9285714285714286, 'specificity': 0.7058823529411765}, {'accuracy': 0.8064516129032258, 'f1': 0.8125, 'sensitivity': 0.9285714285714286, 'specificity': 0.7058823529411765}, {'accuracy': 0.8064516129032258, 'f1': 0.8125, 'sensitivity': 0.9285714285714286, 'specificity': 0.7058823529411765}, {'accuracy': 0.8387096774193549, 'f1': 0.8387096774193549, 'sensitivity': 0.9285714285714286, 'specificity': 0.7647058823529411}, {'accuracy': 0.8387096774193549, 'f1': 0.8387096774193549, 'sensitivity': 0.9285714285714286, 'specificity': 0.7647058823529411}, {'accuracy': 0.8709677419354839, 'f1': 0.875, 'sensitivity': 1.0, 'specificity': 0.7647058823529411}, {'accuracy': 0.8064516129032258, 'f1': 0.8235294117647058, 'sensitivity': 1.0, 'specificity': 0.6470588235294118}, {'accuracy': 0.8709677419354839, 'f1': 0.875, 'sensitivity': 1.0, 'specificity': 0.7647058823529411}, {'accuracy': 0.8709677419354839, 'f1': 0.875, 'sensitivity': 1.0, 'specificity': 0.7647058823529411}, {'accuracy': 0.8387096774193549, 'f1': 0.8387096774193549, 'sensitivity': 0.9285714285714286, 'specificity': 0.7647058823529411}, {'accuracy': 0.8387096774193549, 'f1': 0.8387096774193549, 'sensitivity': 0.9285714285714286, 'specificity': 0.7647058823529411}, {'accuracy': 0.8387096774193549, 'f1': 0.8484848484848485, 'sensitivity': 1.0, 'specificity': 0.7058823529411765}, {'accuracy': 0.8387096774193549, 'f1': 0.8484848484848485, 'sensitivity': 1.0, 'specificity': 0.7058823529411765}, {'accuracy': 0.8709677419354839, 'f1': 0.875, 'sensitivity': 1.0, 'specificity': 0.7647058823529411}, {'accuracy': 0.8387096774193549, 'f1': 0.8387096774193549, 'sensitivity': 0.9285714285714286, 'specificity': 0.7647058823529411}, {'accuracy': 0.8387096774193549, 'f1': 0.8387096774193549, 'sensitivity': 0.9285714285714286, 'specificity': 0.7647058823529411}, {'accuracy': 0.8387096774193549, 'f1': 0.8387096774193549, 'sensitivity': 0.9285714285714286, 'specificity': 0.7647058823529411}, {'accuracy': 0.8387096774193549, 'f1': 0.8484848484848485, 'sensitivity': 1.0, 'specificity': 0.7058823529411765}, {'accuracy': 0.8387096774193549, 'f1': 0.8484848484848485, 'sensitivity': 1.0, 'specificity': 0.7058823529411765}, {'accuracy': 0.8709677419354839, 'f1': 0.875, 'sensitivity': 1.0, 'specificity': 0.7647058823529411}, {'accuracy': 0.8709677419354839, 'f1': 0.875, 'sensitivity': 1.0, 'specificity': 0.7647058823529411}, {'accuracy': 0.8709677419354839, 'f1': 0.875, 'sensitivity': 1.0, 'specificity': 0.7647058823529411}, {'accuracy': 0.8387096774193549, 'f1': 0.8484848484848485, 'sensitivity': 1.0, 'specificity': 0.7058823529411765}, {'accuracy': 0.8709677419354839, 'f1': 0.875, 'sensitivity': 1.0, 'specificity': 0.7647058823529411}, {'accuracy': 0.8709677419354839, 'f1': 0.875, 'sensitivity': 1.0, 'specificity': 0.7647058823529411}, {'accuracy': 0.8387096774193549, 'f1': 0.8387096774193549, 'sensitivity': 0.9285714285714286, 'specificity': 0.7647058823529411}, {'accuracy': 0.8709677419354839, 'f1': 0.875, 'sensitivity': 1.0, 'specificity': 0.7647058823529411}, {'accuracy': 0.8709677419354839, 'f1': 0.875, 'sensitivity': 1.0, 'specificity': 0.7647058823529411}, {'accuracy': 0.8709677419354839, 'f1': 0.875, 'sensitivity': 1.0, 'specificity': 0.7647058823529411}, {'accuracy': 0.8709677419354839, 'f1': 0.875, 'sensitivity': 1.0, 'specificity': 0.7647058823529411}, {'accuracy': 0.8709677419354839, 'f1': 0.875, 'sensitivity': 1.0, 'specificity': 0.7647058823529411}, {'accuracy': 0.8709677419354839, 'f1': 0.875, 'sensitivity': 1.0, 'specificity': 0.7647058823529411}, {'accuracy': 0.8709677419354839, 'f1': 0.875, 'sensitivity': 1.0, 'specificity': 0.7647058823529411}, {'accuracy': 0.8387096774193549, 'f1': 0.8387096774193549, 'sensitivity': 0.9285714285714286, 'specificity': 0.7647058823529411}, {'accuracy': 0.8387096774193549, 'f1': 0.8387096774193549, 'sensitivity': 0.9285714285714286, 'specificity': 0.7647058823529411}, {'accuracy': 0.8709677419354839, 'f1': 0.875, 'sensitivity': 1.0, 'specificity': 0.7647058823529411}, {'accuracy': 0.8709677419354839, 'f1': 0.875, 'sensitivity': 1.0, 'specificity': 0.7647058823529411}, {'accuracy': 0.8709677419354839, 'f1': 0.875, 'sensitivity': 1.0, 'specificity': 0.7647058823529411}, {'accuracy': 0.8709677419354839, 'f1': 0.875, 'sensitivity': 1.0, 'specificity': 0.7647058823529411}, {'accuracy': 0.8709677419354839, 'f1': 0.875, 'sensitivity': 1.0, 'specificity': 0.7647058823529411}, {'accuracy': 0.8387096774193549, 'f1': 0.8387096774193549, 'sensitivity': 0.9285714285714286, 'specificity': 0.7647058823529411}, {'accuracy': 0.8387096774193549, 'f1': 0.8387096774193549, 'sensitivity': 0.9285714285714286, 'specificity': 0.7647058823529411}, {'accuracy': 0.8387096774193549, 'f1': 0.8387096774193549, 'sensitivity': 0.9285714285714286, 'specificity': 0.7647058823529411}, {'accuracy': 0.8387096774193549, 'f1': 0.8387096774193549, 'sensitivity': 0.9285714285714286, 'specificity': 0.7647058823529411}, {'accuracy': 0.8709677419354839, 'f1': 0.875, 'sensitivity': 1.0, 'specificity': 0.7647058823529411}, {'accuracy': 0.8709677419354839, 'f1': 0.875, 'sensitivity': 1.0, 'specificity': 0.7647058823529411}, {'accuracy': 0.8709677419354839, 'f1': 0.875, 'sensitivity': 1.0, 'specificity': 0.7647058823529411}, {'accuracy': 0.8709677419354839, 'f1': 0.875, 'sensitivity': 1.0, 'specificity': 0.7647058823529411}, {'accuracy': 0.8709677419354839, 'f1': 0.875, 'sensitivity': 1.0, 'specificity': 0.7647058823529411}, {'accuracy': 0.8709677419354839, 'f1': 0.875, 'sensitivity': 1.0, 'specificity': 0.7647058823529411}, {'accuracy': 0.8709677419354839, 'f1': 0.875, 'sensitivity': 1.0, 'specificity': 0.7647058823529411}, {'accuracy': 0.8709677419354839, 'f1': 0.875, 'sensitivity': 1.0, 'specificity': 0.7647058823529411}, {'accuracy': 0.8709677419354839, 'f1': 0.875, 'sensitivity': 1.0, 'specificity': 0.7647058823529411}, {'accuracy': 0.8709677419354839, 'f1': 0.875, 'sensitivity': 1.0, 'specificity': 0.7647058823529411}, {'accuracy': 0.8709677419354839, 'f1': 0.875, 'sensitivity': 1.0, 'specificity': 0.7647058823529411}, {'accuracy': 0.8709677419354839, 'f1': 0.875, 'sensitivity': 1.0, 'specificity': 0.7647058823529411}, {'accuracy': 0.8709677419354839, 'f1': 0.875, 'sensitivity': 1.0, 'specificity': 0.7647058823529411}, {'accuracy': 0.8709677419354839, 'f1': 0.875, 'sensitivity': 1.0, 'specificity': 0.7647058823529411}, {'accuracy': 0.8709677419354839, 'f1': 0.875, 'sensitivity': 1.0, 'specificity': 0.7647058823529411}, {'accuracy': 0.8709677419354839, 'f1': 0.875, 'sensitivity': 1.0, 'specificity': 0.7647058823529411}, {'accuracy': 0.8709677419354839, 'f1': 0.875, 'sensitivity': 1.0, 'specificity': 0.7647058823529411}, {'accuracy': 0.8709677419354839, 'f1': 0.875, 'sensitivity': 1.0, 'specificity': 0.7647058823529411}, {'accuracy': 0.8709677419354839, 'f1': 0.875, 'sensitivity': 1.0, 'specificity': 0.7647058823529411}, {'accuracy': 0.8709677419354839, 'f1': 0.875, 'sensitivity': 1.0, 'specificity': 0.7647058823529411}, {'accuracy': 0.8709677419354839, 'f1': 0.875, 'sensitivity': 1.0, 'specificity': 0.7647058823529411}, {'accuracy': 0.8709677419354839, 'f1': 0.875, 'sensitivity': 1.0, 'specificity': 0.7647058823529411}, {'accuracy': 0.8709677419354839, 'f1': 0.875, 'sensitivity': 1.0, 'specificity': 0.7647058823529411}, {'accuracy': 0.8709677419354839, 'f1': 0.875, 'sensitivity': 1.0, 'specificity': 0.7647058823529411}, {'accuracy': 0.8709677419354839, 'f1': 0.875, 'sensitivity': 1.0, 'specificity': 0.7647058823529411}, {'accuracy': 0.8709677419354839, 'f1': 0.875, 'sensitivity': 1.0, 'specificity': 0.7647058823529411}, {'accuracy': 0.8709677419354839, 'f1': 0.875, 'sensitivity': 1.0, 'specificity': 0.7647058823529411}, {'accuracy': 0.8709677419354839, 'f1': 0.875, 'sensitivity': 1.0, 'specificity': 0.7647058823529411}, {'accuracy': 0.8709677419354839, 'f1': 0.875, 'sensitivity': 1.0, 'specificity': 0.7647058823529411}, {'accuracy': 0.8709677419354839, 'f1': 0.875, 'sensitivity': 1.0, 'specificity': 0.7647058823529411}, {'accuracy': 0.8709677419354839, 'f1': 0.875, 'sensitivity': 1.0, 'specificity': 0.7647058823529411}, {'accuracy': 0.8709677419354839, 'f1': 0.875, 'sensitivity': 1.0, 'specificity': 0.7647058823529411}, {'accuracy': 0.8709677419354839, 'f1': 0.875, 'sensitivity': 1.0, 'specificity': 0.7647058823529411}, {'accuracy': 0.9032258064516129, 'f1': 0.9032258064516129, 'sensitivity': 1.0, 'specificity': 0.8235294117647058}, {'accuracy': 0.8709677419354839, 'f1': 0.8666666666666667, 'sensitivity': 0.9285714285714286, 'specificity': 0.8235294117647058}, {'accuracy': 0.8709677419354839, 'f1': 0.875, 'sensitivity': 1.0, 'specificity': 0.7647058823529411}, {'accuracy': 0.8709677419354839, 'f1': 0.875, 'sensitivity': 1.0, 'specificity': 0.7647058823529411}]",COMPLETE
