number,value,datetime_start,datetime_complete,duration,params_dropout_rate,params_learning_rate,params_weight_decay,user_attrs_best_val_metrics,user_attrs_model_name,user_attrs_train_loss_history,user_attrs_val_loss_history,user_attrs_val_overall_metrics_history,state
6,0.9032258064516129,2026-08-02 15:54:46.347983,2026-08-02 15:54:57.675627,0 days 00:00:11.327644,0.2,0.002691422871453577,0.0008513157404824219,"{'overall': {'n': 31, 'accuracy': 0.9032258064516129, 'precision': 0.8235294117647058, 'recall': 1.0, 'sensitivity': 1.0, 'specificity': 0.8235294117647058, 'balanced_accuracy': 0.9117647058823529, 'f1': 0.9032258064516129, 'confusion_matrix': [[14, 3], [0, 14]], 'auc': 0.8739495798319328, 'roc_curve': {'fpr': [0.0, 0.058823529411764705, 0.058823529411764705, 0.17647058823529413, 0.17647058823529413, 1.0], 'tpr': [0.0, 0.0, 0.42857142857142855, 0.42857142857142855, 1.0, 1.0]}}, 'India': {'n': 14, 'accuracy': 0.8571428571428571, 'precision': 0.8333333333333334, 'recall': 1.0, 'sensitivity': 1.0, 'specificity': 0.5, 'balanced_accuracy': 0.75, 'f1': 0.9090909090909091, 'confusion_matrix': [[2, 2], [0, 10]], 'auc': 0.6, 'roc_curve': {'fpr': [0.0, 0.25, 0.25, 0.5, 0.5, 1.0], 'tpr': [0.0, 0.0, 0.4, 0.4, 1.0, 1.0]}}, 'Italy': {'n': 17, 'accuracy': 0.9411764705882353, 'precision': 0.8, 'recall': 1.0, 'sensitivity': 1.0, 'specificity': 0.9230769230769231, 'balanced_accuracy': 0.9615384615384616, 'f1': 0.8888888888888888, 'confusion_matrix': [[12, 1], [0, 4]], 'auc': 0.9615384615384616, 'roc_curve': {'fpr': [0.0, 0.0, 0.0, 0.07692307692307693, 0.07692307692307693, 1.0], 'tpr': [0.0, 0.25, 0.5, 0.5, 1.0, 1.0]}}}",efficientnet_b0_forniceal_palpebral_v2_clean,"[0.7807274537832558, 0.6578912641726383, 0.6123900478388987, 0.591516138745003, 0.5442646162039568, 0.5442406401342276, 0.5186594088061326, 0.5040991006254338, 0.5460252668581852, 0.49276014858362627, 0.4729816658156259, 0.4661297254821881, 0.4755540376617795, 0.48231313869255743, 0.48745968471579, 0.4758555469464283, 0.44583951413225964, 0.42408120692992696]","[0.8130675554275513, 0.8367076516151428, 0.8362308144569397, 0.8734683394432068, 0.8074340224266052, 0.7408241629600525, 0.6920549273490906, 0.6076062917709351, 0.5365018248558044, 0.5240639448165894, 0.5175033807754517, 0.5221988558769226, 0.5220691561698914, 0.5232106447219849, 0.5245903730392456, 0.5268158316612244, 0.5289162993431091, 0.5336045026779175]","[{'accuracy': 0.5483870967741935, 'f1': 0.0, 'sensitivity': 0.0, 'specificity': 1.0}, {'accuracy': 0.5483870967741935, 'f1': 0.0, 'sensitivity': 0.0, 'specificity': 1.0}, {'accuracy': 0.5806451612903226, 'f1': 0.13333333333333333, 'sensitivity': 0.07142857142857142, 'specificity': 1.0}, {'accuracy': 0.5483870967741935, 'f1': 0.0, 'sensitivity': 0.0, 'specificity': 1.0}, {'accuracy': 0.5806451612903226, 'f1': 0.13333333333333333, 'sensitivity': 0.07142857142857142, 'specificity': 1.0}, {'accuracy': 0.6129032258064516, 'f1': 0.3333333333333333, 'sensitivity': 0.21428571428571427, 'specificity': 0.9411764705882353}, {'accuracy': 0.6451612903225806, 'f1': 0.47619047619047616, 'sensitivity': 0.35714285714285715, 'specificity': 0.8823529411764706}, {'accuracy': 0.6774193548387096, 'f1': 0.5833333333333334, 'sensitivity': 0.5, 'specificity': 0.8235294117647058}, {'accuracy': 0.8064516129032258, 'f1': 0.7857142857142857, 'sensitivity': 0.7857142857142857, 'specificity': 0.8235294117647058}, {'accuracy': 0.8387096774193549, 'f1': 0.8275862068965517, 'sensitivity': 0.8571428571428571, 'specificity': 0.8235294117647058}, {'accuracy': 0.9032258064516129, 'f1': 0.9032258064516129, 'sensitivity': 1.0, 'specificity': 0.8235294117647058}, {'accuracy': 0.9032258064516129, 'f1': 0.9032258064516129, 'sensitivity': 1.0, 'specificity': 0.8235294117647058}, {'accuracy': 0.9032258064516129, 'f1': 0.9032258064516129, 'sensitivity': 1.0, 'specificity': 0.8235294117647058}, {'accuracy': 0.9032258064516129, 'f1': 0.9032258064516129, 'sensitivity': 1.0, 'specificity': 0.8235294117647058}, {'accuracy': 0.9032258064516129, 'f1': 0.9032258064516129, 'sensitivity': 1.0, 'specificity': 0.8235294117647058}, {'accuracy': 0.9032258064516129, 'f1': 0.9032258064516129, 'sensitivity': 1.0, 'specificity': 0.8235294117647058}, {'accuracy': 0.9032258064516129, 'f1': 0.9032258064516129, 'sensitivity': 1.0, 'specificity': 0.8235294117647058}, {'accuracy': 0.9032258064516129, 'f1': 0.9032258064516129, 'sensitivity': 1.0, 'specificity': 0.8235294117647058}]",COMPLETE
