number,value,datetime_start,datetime_complete,duration,params_dropout_rate,params_learning_rate,params_weight_decay,user_attrs_best_val_metrics,user_attrs_model_name,user_attrs_train_loss_history,user_attrs_val_loss_history,user_attrs_val_overall_metrics_history,state
11,0.9032258064516129,2026-08-02 15:56:48.786835,2026-08-02 15:58:07.486094,0 days 00:01:18.699259,0.5,0.000215909373898512,1.0691036699874692e-06,"{'overall': {'n': 31, 'accuracy': 0.9032258064516129, 'precision': 0.8235294117647058, 'recall': 1.0, 'sensitivity': 1.0, 'specificity': 0.8235294117647058, 'balanced_accuracy': 0.9117647058823529, 'f1': 0.9032258064516129, 'confusion_matrix': [[14, 3], [0, 14]], 'auc': 0.861344537815126, 'roc_curve': {'fpr': [0.0, 0.058823529411764705, 0.11764705882352941, 0.11764705882352941, 0.17647058823529413, 0.17647058823529413, 1.0], 'tpr': [0.0, 0.0, 0.0, 0.6428571428571429, 0.6428571428571429, 1.0, 1.0]}}, 'India': {'n': 14, 'accuracy': 0.7857142857142857, 'precision': 0.7692307692307693, 'recall': 1.0, 'sensitivity': 1.0, 'specificity': 0.25, 'balanced_accuracy': 0.625, 'f1': 0.8695652173913043, 'confusion_matrix': [[1, 3], [0, 10]], 'auc': 0.45, 'roc_curve': {'fpr': [0.0, 0.25, 0.5, 0.5, 0.75, 0.75, 1.0], 'tpr': [0.0, 0.0, 0.0, 0.8, 0.8, 1.0, 1.0]}}, 'Italy': {'n': 17, 'accuracy': 1.0, 'precision': 1.0, 'recall': 1.0, 'sensitivity': 1.0, 'specificity': 1.0, 'balanced_accuracy': 1.0, 'f1': 1.0, 'confusion_matrix': [[13, 0], [0, 4]], 'auc': 1.0, 'roc_curve': {'fpr': [0.0, 0.0, 0.0, 1.0], 'tpr': [0.0, 0.25, 1.0, 1.0]}}}",efficientnet_b0_forniceal_palpebral_v2_clean,"[0.8397093901828844, 0.830097550437564, 0.7989550342365187, 0.8023369494749575, 0.7973214927173796, 0.7681614756584167, 0.7809443842797053, 0.7666886432641218, 0.7579643203287708, 0.7623433000376435, 0.7476029838023542, 0.7424027996809304, 0.7228587805008402, 0.716365954908384, 0.7276232867013841, 0.7040032180799108, 0.717664488318826, 0.720337916799143, 0.6832282299898109, 0.6769555494898841, 0.6904362699612469, 0.6791486930684979, 0.6576905457340941, 0.6922548283525065, 0.6636532382900212, 0.6737772631807392, 0.6607667588863243, 0.6543407448295022, 0.6484508303557934, 0.656310190148905, 0.6263105021853025, 0.6485449837989548, 0.6381987353571418, 0.6434530765831876, 0.6504174223562487, 0.6233872661785204, 0.6527968207184149, 0.6272646038710665, 0.6000457823681994, 0.60960939911758, 0.5910762852551986, 0.6107765679456749, 0.6140040414673942, 0.6100135186091572, 0.6130939288204219, 0.5989467132659185, 0.6089641326138763, 0.5889233285877981, 0.5994540355643447, 0.6319007869480419, 0.6119332301373385, 0.6068609738025535, 0.6034014070926069, 0.5911388774307407, 0.5842955590916329, 0.5719840786084026, 0.6071333260763259, 0.612746296285772, 0.6035380582420193, 0.5776755619211261, 0.5689767355821571, 0.5708724580654482, 0.5951854781228669, 0.5773222989776507, 0.5609260286603656, 0.5639013064150907, 0.5431136492969227, 0.5851752883722993, 0.5637131876685992, 0.5469719390479886, 0.5629858621934645, 0.5702638123311153, 0.560216258577749, 0.5654685367532328, 0.5765544249086964, 0.5703966074249371, 0.576097711413896, 0.589238940047569, 0.5711837406872081, 0.543784752184031, 0.5448720138900134, 0.5819506637093161, 0.5326704261254291, 0.5250319988549161, 0.5261636449366199, 0.5507680980526671, 0.5434052524517994, 0.5300352121291517, 0.49866371819762145, 0.5272270741105891, 0.5398202668241903, 0.5508659104911648, 0.5510260649278861, 0.5425691150483631, 0.5618346165232107, 0.5404478867037766, 0.5271607783375954, 0.5587470574038369, 0.5510447884903473, 0.5261111819014257, 0.5565506039428062, 0.5468003814723216, 0.5563706589393875, 0.5235040112823045, 0.5153219797173325, 0.5088656309510575, 0.5462900246081709, 0.5318977480032006, 0.5276110034410645, 0.5295950571695963, 0.5472369944157244, 0.4960727809237785, 0.5464264267966861, 0.5170277032722421, 0.5513413252473689, 0.4986236324521149, 0.5001303884042364, 0.5258646210034689, 0.5143082004015137, 0.5059345040191598, 0.5534191837116164, 0.515632371513211, 0.5367943170119305, 0.49368301804373865, 0.5042303814774468, 0.5293706631173893]","[0.8163844347000122, 0.8191396594047546, 0.8204753398895264, 0.8093655705451965, 0.7954314351081848, 0.7796872854232788, 0.7782737612724304, 0.7699438333511353, 0.7600541710853577, 0.7511642575263977, 0.7417407631874084, 0.7362377047538757, 0.727615475654602, 0.7201962471008301, 0.7162177562713623, 0.7083278298377991, 0.7014471888542175, 0.6957618594169617, 0.6918646693229675, 0.6847387552261353, 0.681057333946228, 0.6754342317581177, 0.6764979362487793, 0.673967182636261, 0.6668274402618408, 0.6652575731277466, 0.6619457006454468, 0.6568655967712402, 0.652475893497467, 0.6490889191627502, 0.6443979740142822, 0.6385531425476074, 0.6384932994842529, 0.633957028388977, 0.6316102147102356, 0.630962610244751, 0.6293516755104065, 0.627665638923645, 0.6273013949394226, 0.6262915730476379, 0.6281036138534546, 0.6254088878631592, 0.6171168684959412, 0.6159460544586182, 0.6140440702438354, 0.611709475517273, 0.6092108488082886, 0.6089515686035156, 0.603570282459259, 0.6046068668365479, 0.6006339192390442, 0.5997883081436157, 0.5979540348052979, 0.5960264801979065, 0.593792200088501, 0.5907449722290039, 0.5915966629981995, 0.5920036435127258, 0.5883244872093201, 0.5853132009506226, 0.5864792466163635, 0.5850164294242859, 0.5813699960708618, 0.5816729068756104, 0.576622724533081, 0.5736533999443054, 0.5724210143089294, 0.5705274939537048, 0.5700060129165649, 0.5707135796546936, 0.5722206830978394, 0.5727218389511108, 0.5721312165260315, 0.5695098042488098, 0.5656026601791382, 0.5678299069404602, 0.5658372640609741, 0.565522313117981, 0.5664941072463989, 0.5677787661552429, 0.5647165775299072, 0.5626644492149353, 0.5590128302574158, 0.560001015663147, 0.5577406883239746, 0.5606049299240112, 0.5564493536949158, 0.5597972869873047, 0.5609771609306335, 0.558841347694397, 0.5581027269363403, 0.5591536164283752, 0.5595003962516785, 0.5563620328903198, 0.5578482151031494, 0.5548277497291565, 0.5519960522651672, 0.549789309501648, 0.5515592098236084, 0.5546790957450867, 0.5532128810882568, 0.5500383973121643, 0.5479506254196167, 0.5521557331085205, 0.5531265139579773, 0.548629105091095, 0.5459727644920349, 0.5464590787887573, 0.5458717346191406, 0.5445995330810547, 0.5417595505714417, 0.5447511672973633, 0.5422626733779907, 0.5402014851570129, 0.5396279096603394, 0.5380936861038208, 0.5404080748558044, 0.5371035933494568, 0.5364894270896912, 0.5405146479606628, 0.5381053686141968, 0.5387845039367676, 0.5398170948028564, 0.5444107055664062, 0.5411063432693481, 0.5380163788795471]","[{'accuracy': 0.45161290322580644, 'f1': 0.5641025641025641, 'sensitivity': 0.7857142857142857, 'specificity': 0.17647058823529413}, {'accuracy': 0.4838709677419355, 'f1': 0.6363636363636364, 'sensitivity': 1.0, 'specificity': 0.058823529411764705}, {'accuracy': 0.3870967741935484, 'f1': 0.45714285714285713, 'sensitivity': 0.5714285714285714, 'specificity': 0.23529411764705882}, {'accuracy': 0.5161290322580645, 'f1': 0.34782608695652173, 'sensitivity': 0.2857142857142857, 'specificity': 0.7058823529411765}, {'accuracy': 0.6129032258064516, 'f1': 0.4, 'sensitivity': 0.2857142857142857, 'specificity': 0.8823529411764706}, {'accuracy': 0.6774193548387096, 'f1': 0.5454545454545454, 'sensitivity': 0.42857142857142855, 'specificity': 0.8823529411764706}, {'accuracy': 0.6774193548387096, 'f1': 0.5833333333333334, 'sensitivity': 0.5, 'specificity': 0.8235294117647058}, {'accuracy': 0.7096774193548387, 'f1': 0.6666666666666666, 'sensitivity': 0.6428571428571429, 'specificity': 0.7647058823529411}, {'accuracy': 0.7741935483870968, 'f1': 0.7586206896551724, 'sensitivity': 0.7857142857142857, 'specificity': 0.7647058823529411}, {'accuracy': 0.7741935483870968, 'f1': 0.7586206896551724, 'sensitivity': 0.7857142857142857, 'specificity': 0.7647058823529411}, {'accuracy': 0.8064516129032258, 'f1': 0.7857142857142857, 'sensitivity': 0.7857142857142857, 'specificity': 0.8235294117647058}, {'accuracy': 0.8064516129032258, 'f1': 0.7857142857142857, 'sensitivity': 0.7857142857142857, 'specificity': 0.8235294117647058}, {'accuracy': 0.8064516129032258, 'f1': 0.8, 'sensitivity': 0.8571428571428571, 'specificity': 0.7647058823529411}, {'accuracy': 0.8387096774193549, 'f1': 0.8275862068965517, 'sensitivity': 0.8571428571428571, 'specificity': 0.8235294117647058}, {'accuracy': 0.9032258064516129, 'f1': 0.9032258064516129, 'sensitivity': 1.0, 'specificity': 0.8235294117647058}, {'accuracy': 0.9032258064516129, 'f1': 0.9032258064516129, 'sensitivity': 1.0, 'specificity': 0.8235294117647058}, {'accuracy': 0.9032258064516129, 'f1': 0.9032258064516129, 'sensitivity': 1.0, 'specificity': 0.8235294117647058}, {'accuracy': 0.8709677419354839, 'f1': 0.8666666666666667, 'sensitivity': 0.9285714285714286, 'specificity': 0.8235294117647058}, {'accuracy': 0.9032258064516129, 'f1': 0.9032258064516129, 'sensitivity': 1.0, 'specificity': 0.8235294117647058}, {'accuracy': 0.9032258064516129, 'f1': 0.9032258064516129, 'sensitivity': 1.0, 'specificity': 0.8235294117647058}, {'accuracy': 0.9032258064516129, 'f1': 0.9032258064516129, 'sensitivity': 1.0, 'specificity': 0.8235294117647058}, {'accuracy': 0.9032258064516129, 'f1': 0.9032258064516129, 'sensitivity': 1.0, 'specificity': 0.8235294117647058}, {'accuracy': 0.9032258064516129, 'f1': 0.9032258064516129, 'sensitivity': 1.0, 'specificity': 0.8235294117647058}, {'accuracy': 0.9032258064516129, 'f1': 0.9032258064516129, 'sensitivity': 1.0, 'specificity': 0.8235294117647058}, {'accuracy': 0.9032258064516129, 'f1': 0.9032258064516129, 'sensitivity': 1.0, 'specificity': 0.8235294117647058}, {'accuracy': 0.9032258064516129, 'f1': 0.9032258064516129, 'sensitivity': 1.0, 'specificity': 0.8235294117647058}, {'accuracy': 0.9032258064516129, 'f1': 0.9032258064516129, 'sensitivity': 1.0, 'specificity': 0.8235294117647058}, {'accuracy': 0.9032258064516129, 'f1': 0.9032258064516129, 'sensitivity': 1.0, 'specificity': 0.8235294117647058}, {'accuracy': 0.9032258064516129, 'f1': 0.9032258064516129, 'sensitivity': 1.0, 'specificity': 0.8235294117647058}, {'accuracy': 0.9032258064516129, 'f1': 0.9032258064516129, 'sensitivity': 1.0, 'specificity': 0.8235294117647058}, {'accuracy': 0.9032258064516129, 'f1': 0.9032258064516129, 'sensitivity': 1.0, 'specificity': 0.8235294117647058}, {'accuracy': 0.9032258064516129, 'f1': 0.9032258064516129, 'sensitivity': 1.0, 'specificity': 0.8235294117647058}, {'accuracy': 0.9032258064516129, 'f1': 0.9032258064516129, 'sensitivity': 1.0, 'specificity': 0.8235294117647058}, {'accuracy': 0.9032258064516129, 'f1': 0.9032258064516129, 'sensitivity': 1.0, 'specificity': 0.8235294117647058}, {'accuracy': 0.9032258064516129, 'f1': 0.9032258064516129, 'sensitivity': 1.0, 'specificity': 0.8235294117647058}, {'accuracy': 0.9032258064516129, 'f1': 0.9032258064516129, 'sensitivity': 1.0, 'specificity': 0.8235294117647058}, {'accuracy': 0.9032258064516129, 'f1': 0.9032258064516129, 'sensitivity': 1.0, 'specificity': 0.8235294117647058}, {'accuracy': 0.9032258064516129, 'f1': 0.9032258064516129, 'sensitivity': 1.0, 'specificity': 0.8235294117647058}, {'accuracy': 0.9032258064516129, 'f1': 0.9032258064516129, 'sensitivity': 1.0, 'specificity': 0.8235294117647058}, {'accuracy': 0.9032258064516129, 'f1': 0.9032258064516129, 'sensitivity': 1.0, 'specificity': 0.8235294117647058}, {'accuracy': 0.8709677419354839, 'f1': 0.8666666666666667, 'sensitivity': 0.9285714285714286, 'specificity': 0.8235294117647058}, {'accuracy': 0.8709677419354839, 'f1': 0.8666666666666667, 'sensitivity': 0.9285714285714286, 'specificity': 0.8235294117647058}, {'accuracy': 0.8709677419354839, 'f1': 0.875, 'sensitivity': 1.0, 'specificity': 0.7647058823529411}, {'accuracy': 0.8709677419354839, 'f1': 0.875, 'sensitivity': 1.0, 'specificity': 0.7647058823529411}, {'accuracy': 0.8709677419354839, 'f1': 0.875, 'sensitivity': 1.0, 'specificity': 0.7647058823529411}, {'accuracy': 0.8709677419354839, 'f1': 0.875, 'sensitivity': 1.0, 'specificity': 0.7647058823529411}, {'accuracy': 0.8709677419354839, 'f1': 0.875, 'sensitivity': 1.0, 'specificity': 0.7647058823529411}, {'accuracy': 0.8709677419354839, 'f1': 0.875, 'sensitivity': 1.0, 'specificity': 0.7647058823529411}, {'accuracy': 0.8709677419354839, 'f1': 0.875, 'sensitivity': 1.0, 'specificity': 0.7647058823529411}, {'accuracy': 0.8709677419354839, 'f1': 0.875, 'sensitivity': 1.0, 'specificity': 0.7647058823529411}, {'accuracy': 0.8709677419354839, 'f1': 0.875, 'sensitivity': 1.0, 'specificity': 0.7647058823529411}, {'accuracy': 0.8709677419354839, 'f1': 0.875, 'sensitivity': 1.0, 'specificity': 0.7647058823529411}, {'accuracy': 0.8709677419354839, 'f1': 0.875, 'sensitivity': 1.0, 'specificity': 0.7647058823529411}, {'accuracy': 0.8709677419354839, 'f1': 0.875, 'sensitivity': 1.0, 'specificity': 0.7647058823529411}, {'accuracy': 0.8709677419354839, 'f1': 0.875, 'sensitivity': 1.0, 'specificity': 0.7647058823529411}, {'accuracy': 0.8709677419354839, 'f1': 0.875, 'sensitivity': 1.0, 'specificity': 0.7647058823529411}, {'accuracy': 0.8709677419354839, 'f1': 0.875, 'sensitivity': 1.0, 'specificity': 0.7647058823529411}, {'accuracy': 0.8709677419354839, 'f1': 0.875, 'sensitivity': 1.0, 'specificity': 0.7647058823529411}, {'accuracy': 0.8709677419354839, 'f1': 0.875, 'sensitivity': 1.0, 'specificity': 0.7647058823529411}, {'accuracy': 0.8709677419354839, 'f1': 0.875, 'sensitivity': 1.0, 'specificity': 0.7647058823529411}, {'accuracy': 0.8709677419354839, 'f1': 0.875, 'sensitivity': 1.0, 'specificity': 0.7647058823529411}, {'accuracy': 0.8709677419354839, 'f1': 0.875, 'sensitivity': 1.0, 'specificity': 0.7647058823529411}, {'accuracy': 0.8709677419354839, 'f1': 0.875, 'sensitivity': 1.0, 'specificity': 0.7647058823529411}, {'accuracy': 0.8709677419354839, 'f1': 0.875, 'sensitivity': 1.0, 'specificity': 0.7647058823529411}, {'accuracy': 0.8709677419354839, 'f1': 0.875, 'sensitivity': 1.0, 'specificity': 0.7647058823529411}, {'accuracy': 0.8709677419354839, 'f1': 0.875, 'sensitivity': 1.0, 'specificity': 0.7647058823529411}, {'accuracy': 0.8709677419354839, 'f1': 0.875, 'sensitivity': 1.0, 'specificity': 0.7647058823529411}, {'accuracy': 0.8709677419354839, 'f1': 0.875, 'sensitivity': 1.0, 'specificity': 0.7647058823529411}, {'accuracy': 0.8709677419354839, 'f1': 0.875, 'sensitivity': 1.0, 'specificity': 0.7647058823529411}, {'accuracy': 0.8709677419354839, 'f1': 0.875, 'sensitivity': 1.0, 'specificity': 0.7647058823529411}, {'accuracy': 0.8709677419354839, 'f1': 0.875, 'sensitivity': 1.0, 'specificity': 0.7647058823529411}, {'accuracy': 0.8709677419354839, 'f1': 0.875, 'sensitivity': 1.0, 'specificity': 0.7647058823529411}, {'accuracy': 0.8709677419354839, 'f1': 0.875, 'sensitivity': 1.0, 'specificity': 0.7647058823529411}, {'accuracy': 0.8709677419354839, 'f1': 0.875, 'sensitivity': 1.0, 'specificity': 0.7647058823529411}, {'accuracy': 0.8709677419354839, 'f1': 0.875, 'sensitivity': 1.0, 'specificity': 0.7647058823529411}, {'accuracy': 0.8709677419354839, 'f1': 0.875, 'sensitivity': 1.0, 'specificity': 0.7647058823529411}, {'accuracy': 0.8709677419354839, 'f1': 0.875, 'sensitivity': 1.0, 'specificity': 0.7647058823529411}, {'accuracy': 0.8709677419354839, 'f1': 0.875, 'sensitivity': 1.0, 'specificity': 0.7647058823529411}, {'accuracy': 0.8709677419354839, 'f1': 0.875, 'sensitivity': 1.0, 'specificity': 0.7647058823529411}, {'accuracy': 0.8709677419354839, 'f1': 0.875, 'sensitivity': 1.0, 'specificity': 0.7647058823529411}, {'accuracy': 0.8709677419354839, 'f1': 0.875, 'sensitivity': 1.0, 'specificity': 0.7647058823529411}, {'accuracy': 0.8709677419354839, 'f1': 0.875, 'sensitivity': 1.0, 'specificity': 0.7647058823529411}, {'accuracy': 0.8709677419354839, 'f1': 0.875, 'sensitivity': 1.0, 'specificity': 0.7647058823529411}, {'accuracy': 0.8709677419354839, 'f1': 0.875, 'sensitivity': 1.0, 'specificity': 0.7647058823529411}, {'accuracy': 0.8709677419354839, 'f1': 0.875, 'sensitivity': 1.0, 'specificity': 0.7647058823529411}, {'accuracy': 0.9032258064516129, 'f1': 0.9032258064516129, 'sensitivity': 1.0, 'specificity': 0.8235294117647058}, {'accuracy': 0.8709677419354839, 'f1': 0.875, 'sensitivity': 1.0, 'specificity': 0.7647058823529411}, {'accuracy': 0.8709677419354839, 'f1': 0.875, 'sensitivity': 1.0, 'specificity': 0.7647058823529411}, {'accuracy': 0.8709677419354839, 'f1': 0.875, 'sensitivity': 1.0, 'specificity': 0.7647058823529411}, {'accuracy': 0.8709677419354839, 'f1': 0.875, 'sensitivity': 1.0, 'specificity': 0.7647058823529411}, {'accuracy': 0.9032258064516129, 'f1': 0.9032258064516129, 'sensitivity': 1.0, 'specificity': 0.8235294117647058}, {'accuracy': 0.8709677419354839, 'f1': 0.875, 'sensitivity': 1.0, 'specificity': 0.7647058823529411}, {'accuracy': 0.8709677419354839, 'f1': 0.875, 'sensitivity': 1.0, 'specificity': 0.7647058823529411}, {'accuracy': 0.8709677419354839, 'f1': 0.875, 'sensitivity': 1.0, 'specificity': 0.7647058823529411}, {'accuracy': 0.8709677419354839, 'f1': 0.875, 'sensitivity': 1.0, 'specificity': 0.7647058823529411}, {'accuracy': 0.9032258064516129, 'f1': 0.9032258064516129, 'sensitivity': 1.0, 'specificity': 0.8235294117647058}, {'accuracy': 0.8709677419354839, 'f1': 0.875, 'sensitivity': 1.0, 'specificity': 0.7647058823529411}, {'accuracy': 0.8709677419354839, 'f1': 0.875, 'sensitivity': 1.0, 'specificity': 0.7647058823529411}, {'accuracy': 0.8709677419354839, 'f1': 0.875, 'sensitivity': 1.0, 'specificity': 0.7647058823529411}, {'accuracy': 0.8709677419354839, 'f1': 0.875, 'sensitivity': 1.0, 'specificity': 0.7647058823529411}, {'accuracy': 0.8709677419354839, 'f1': 0.875, 'sensitivity': 1.0, 'specificity': 0.7647058823529411}, {'accuracy': 0.8709677419354839, 'f1': 0.875, 'sensitivity': 1.0, 'specificity': 0.7647058823529411}, {'accuracy': 0.8709677419354839, 'f1': 0.875, 'sensitivity': 1.0, 'specificity': 0.7647058823529411}, {'accuracy': 0.8709677419354839, 'f1': 0.875, 'sensitivity': 1.0, 'specificity': 0.7647058823529411}, {'accuracy': 0.8709677419354839, 'f1': 0.875, 'sensitivity': 1.0, 'specificity': 0.7647058823529411}, {'accuracy': 0.8709677419354839, 'f1': 0.875, 'sensitivity': 1.0, 'specificity': 0.7647058823529411}, {'accuracy': 0.8709677419354839, 'f1': 0.875, 'sensitivity': 1.0, 'specificity': 0.7647058823529411}, {'accuracy': 0.8709677419354839, 'f1': 0.875, 'sensitivity': 1.0, 'specificity': 0.7647058823529411}, {'accuracy': 0.8709677419354839, 'f1': 0.875, 'sensitivity': 1.0, 'specificity': 0.7647058823529411}, {'accuracy': 0.8709677419354839, 'f1': 0.875, 'sensitivity': 1.0, 'specificity': 0.7647058823529411}, {'accuracy': 0.9032258064516129, 'f1': 0.9032258064516129, 'sensitivity': 1.0, 'specificity': 0.8235294117647058}, {'accuracy': 0.8709677419354839, 'f1': 0.875, 'sensitivity': 1.0, 'specificity': 0.7647058823529411}, {'accuracy': 0.8709677419354839, 'f1': 0.875, 'sensitivity': 1.0, 'specificity': 0.7647058823529411}, {'accuracy': 0.8709677419354839, 'f1': 0.875, 'sensitivity': 1.0, 'specificity': 0.7647058823529411}, {'accuracy': 0.8709677419354839, 'f1': 0.875, 'sensitivity': 1.0, 'specificity': 0.7647058823529411}, {'accuracy': 0.8709677419354839, 'f1': 0.875, 'sensitivity': 1.0, 'specificity': 0.7647058823529411}, {'accuracy': 0.8709677419354839, 'f1': 0.875, 'sensitivity': 1.0, 'specificity': 0.7647058823529411}, {'accuracy': 0.8709677419354839, 'f1': 0.875, 'sensitivity': 1.0, 'specificity': 0.7647058823529411}, {'accuracy': 0.8709677419354839, 'f1': 0.875, 'sensitivity': 1.0, 'specificity': 0.7647058823529411}, {'accuracy': 0.9032258064516129, 'f1': 0.9032258064516129, 'sensitivity': 1.0, 'specificity': 0.8235294117647058}, {'accuracy': 0.9032258064516129, 'f1': 0.9032258064516129, 'sensitivity': 1.0, 'specificity': 0.8235294117647058}, {'accuracy': 0.9032258064516129, 'f1': 0.9032258064516129, 'sensitivity': 1.0, 'specificity': 0.8235294117647058}, {'accuracy': 0.9032258064516129, 'f1': 0.9032258064516129, 'sensitivity': 1.0, 'specificity': 0.8235294117647058}, {'accuracy': 0.9032258064516129, 'f1': 0.9032258064516129, 'sensitivity': 1.0, 'specificity': 0.8235294117647058}, {'accuracy': 0.8709677419354839, 'f1': 0.875, 'sensitivity': 1.0, 'specificity': 0.7647058823529411}, {'accuracy': 0.9032258064516129, 'f1': 0.9032258064516129, 'sensitivity': 1.0, 'specificity': 0.8235294117647058}]",COMPLETE
