number,value,datetime_start,datetime_complete,duration,params_dropout_rate,params_learning_rate,params_weight_decay,user_attrs_best_val_metrics,user_attrs_model_name,user_attrs_train_loss_history,user_attrs_val_loss_history,user_attrs_val_overall_metrics_history,state
8,0.8666666666666667,2026-08-02 15:56:04.281840,2026-08-02 15:56:17.299590,0 days 00:00:13.017750,0.2,0.008533716477932937,1.217404417807552e-06,"{'overall': {'n': 31, 'accuracy': 0.8709677419354839, 'precision': 0.8125, 'recall': 0.9285714285714286, 'sensitivity': 0.9285714285714286, 'specificity': 0.8235294117647058, 'balanced_accuracy': 0.8760504201680672, 'f1': 0.8666666666666667, 'confusion_matrix': [[14, 3], [1, 13]], 'auc': 0.8781512605042017, 'roc_curve': {'fpr': [0.0, 0.0, 0.058823529411764705, 0.058823529411764705, 0.11764705882352941, 0.11764705882352941, 0.17647058823529413, 0.17647058823529413, 0.4117647058823529, 0.4117647058823529, 1.0], 'tpr': [0.0, 0.07142857142857142, 0.07142857142857142, 0.2857142857142857, 0.2857142857142857, 0.8571428571428571, 0.8571428571428571, 0.9285714285714286, 0.9285714285714286, 1.0, 1.0]}}, 'India': {'n': 14, 'accuracy': 0.8571428571428571, 'precision': 0.9, 'recall': 0.9, 'sensitivity': 0.9, 'specificity': 0.75, 'balanced_accuracy': 0.825, 'f1': 0.9, 'confusion_matrix': [[3, 1], [1, 9]], 'auc': 0.7, 'roc_curve': {'fpr': [0.0, 0.25, 0.25, 0.75, 0.75, 1.0], 'tpr': [0.0, 0.0, 0.9, 0.9, 1.0, 1.0]}}, 'Italy': {'n': 17, 'accuracy': 0.8823529411764706, 'precision': 0.6666666666666666, 'recall': 1.0, 'sensitivity': 1.0, 'specificity': 0.8461538461538461, 'balanced_accuracy': 0.9230769230769231, 'f1': 0.8, 'confusion_matrix': [[11, 2], [0, 4]], 'auc': 0.9423076923076923, 'roc_curve': {'fpr': [0.0, 0.0, 0.0, 0.07692307692307693, 0.07692307692307693, 0.15384615384615385, 0.15384615384615385, 1.0], 'tpr': [0.0, 0.25, 0.5, 0.5, 0.75, 0.75, 1.0, 1.0]}}}",efficientnet_b0_forniceal_palpebral_v2_clean,"[0.7307689425085677, 0.6232412660203013, 0.5697292028641214, 0.4827951249622163, 0.4953023564247858, 0.4852942167496195, 0.461490402619044, 0.48077015365873066, 0.44532471773575766, 0.408515207621516, 0.34304088110826453, 0.33949345350265503, 0.36629328679065315, 0.42636610739896086, 0.43891981000802954, 0.39060171303294955, 0.3847133424006352, 0.41877548589187413, 0.3613784921412565, 0.3788667578680986, 0.335579608674763]","[0.9088518619537354, 1.1081490516662598, 1.0816887617111206, 1.4090180397033691, 1.3591818809509277, 1.195619821548462, 0.8742724061012268, 0.6536152362823486, 0.6843309998512268, 0.5369398593902588, 0.5582202672958374, 0.5381488800048828, 0.52976393699646, 0.5061295628547668, 0.5092141628265381, 0.5314205288887024, 0.5425111055374146, 0.5408681631088257, 0.57204669713974, 0.6156846284866333, 0.5705190896987915]","[{'accuracy': 0.5483870967741935, 'f1': 0.0, 'sensitivity': 0.0, 'specificity': 1.0}, {'accuracy': 0.5483870967741935, 'f1': 0.0, 'sensitivity': 0.0, 'specificity': 1.0}, {'accuracy': 0.5483870967741935, 'f1': 0.0, 'sensitivity': 0.0, 'specificity': 1.0}, {'accuracy': 0.5483870967741935, 'f1': 0.0, 'sensitivity': 0.0, 'specificity': 1.0}, {'accuracy': 0.5483870967741935, 'f1': 0.0, 'sensitivity': 0.0, 'specificity': 1.0}, {'accuracy': 0.5806451612903226, 'f1': 0.13333333333333333, 'sensitivity': 0.07142857142857142, 'specificity': 1.0}, {'accuracy': 0.5483870967741935, 'f1': 0.2222222222222222, 'sensitivity': 0.14285714285714285, 'specificity': 0.8823529411764706}, {'accuracy': 0.7419354838709677, 'f1': 0.6666666666666666, 'sensitivity': 0.5714285714285714, 'specificity': 0.8823529411764706}, {'accuracy': 0.7096774193548387, 'f1': 0.6086956521739131, 'sensitivity': 0.5, 'specificity': 0.8823529411764706}, {'accuracy': 0.8064516129032258, 'f1': 0.7857142857142857, 'sensitivity': 0.7857142857142857, 'specificity': 0.8235294117647058}, {'accuracy': 0.7741935483870968, 'f1': 0.72, 'sensitivity': 0.6428571428571429, 'specificity': 0.8823529411764706}, {'accuracy': 0.7741935483870968, 'f1': 0.7586206896551724, 'sensitivity': 0.7857142857142857, 'specificity': 0.7647058823529411}, {'accuracy': 0.8709677419354839, 'f1': 0.8666666666666667, 'sensitivity': 0.9285714285714286, 'specificity': 0.8235294117647058}, {'accuracy': 0.8387096774193549, 'f1': 0.8387096774193549, 'sensitivity': 0.9285714285714286, 'specificity': 0.7647058823529411}, {'accuracy': 0.8064516129032258, 'f1': 0.8125, 'sensitivity': 0.9285714285714286, 'specificity': 0.7058823529411765}, {'accuracy': 0.8387096774193549, 'f1': 0.8387096774193549, 'sensitivity': 0.9285714285714286, 'specificity': 0.7647058823529411}, {'accuracy': 0.8064516129032258, 'f1': 0.8, 'sensitivity': 0.8571428571428571, 'specificity': 0.7647058823529411}, {'accuracy': 0.8064516129032258, 'f1': 0.8125, 'sensitivity': 0.9285714285714286, 'specificity': 0.7058823529411765}, {'accuracy': 0.8387096774193549, 'f1': 0.8387096774193549, 'sensitivity': 0.9285714285714286, 'specificity': 0.7647058823529411}, {'accuracy': 0.7419354838709677, 'f1': 0.7142857142857143, 'sensitivity': 0.7142857142857143, 'specificity': 0.7647058823529411}, {'accuracy': 0.8064516129032258, 'f1': 0.8125, 'sensitivity': 0.9285714285714286, 'specificity': 0.7058823529411765}]",COMPLETE
9,0.9032258064516129,2026-08-02 15:56:17.299894,2026-08-02 15:56:37.571741,0 days 00:00:20.271847,0.2,0.0011249436130085291,0.00011856737112037188,"{'overall': {'n': 31, 'accuracy': 0.9032258064516129, 'precision': 0.8235294117647058, 'recall': 1.0, 'sensitivity': 1.0, 'specificity': 0.8235294117647058, 'balanced_accuracy': 0.9117647058823529, 'f1': 0.9032258064516129, 'confusion_matrix': [[14, 3], [0, 14]], 'auc': 0.8697478991596639, 'roc_curve': {'fpr': [0.0, 0.058823529411764705, 0.058823529411764705, 0.11764705882352941, 0.11764705882352941, 0.17647058823529413, 0.17647058823529413, 1.0], 'tpr': [0.0, 0.0, 0.2857142857142857, 0.2857142857142857, 0.5, 0.5, 1.0, 1.0]}}, 'India': {'n': 14, 'accuracy': 0.8571428571428571, 'precision': 0.8333333333333334, 'recall': 1.0, 'sensitivity': 1.0, 'specificity': 0.5, 'balanced_accuracy': 0.75, 'f1': 0.9090909090909091, 'confusion_matrix': [[2, 2], [0, 10]], 'auc': 0.6, 'roc_curve': {'fpr': [0.0, 0.25, 0.25, 0.5, 0.5, 1.0], 'tpr': [0.0, 0.0, 0.4, 0.4, 1.0, 1.0]}}, 'Italy': {'n': 17, 'accuracy': 0.9411764705882353, 'precision': 0.8, 'recall': 1.0, 'sensitivity': 1.0, 'specificity': 0.9230769230769231, 'balanced_accuracy': 0.9615384615384616, 'f1': 0.8888888888888888, 'confusion_matrix': [[12, 1], [0, 4]], 'auc': 0.9423076923076924, 'roc_curve': {'fpr': [0.0, 0.0, 0.07692307692307693, 0.07692307692307693, 1.0], 'tpr': [0.0, 0.25, 0.25, 1.0, 1.0]}}}",efficientnet_b0_forniceal_palpebral_v2_clean,"[0.801761642605269, 0.7325048284465764, 0.7000314058089743, 0.6432451772041061, 0.6375077837178497, 0.6116558678296148, 0.5850839395912326, 0.5919269254418458, 0.587781146675551, 0.601059859707242, 0.5625654373850141, 0.5307667853475428, 0.5246255316701877, 0.5418238147180907, 0.5274135040588119, 0.5027902994026132, 0.4981362166858855, 0.5035143482441805, 0.5088274436337608, 0.5057989875881039, 0.4713475673782582, 0.470865186988091, 0.5125458601380692, 0.4731378571516803, 0.4913810860543024, 0.478865541162945, 0.46345032335949593, 0.48875573419389273, 0.4611299625870322, 0.4622555464303412, 0.44428914055532337, 0.45430450212387813, 0.42657530003664446]","[0.8206132054328918, 0.8111233115196228, 0.8013907670974731, 0.8109825849533081, 0.7882954478263855, 0.7149861454963684, 0.6593788266181946, 0.6164755821228027, 0.5898564457893372, 0.5736318230628967, 0.5701064467430115, 0.5638142228126526, 0.554949939250946, 0.5537044405937195, 0.5512781143188477, 0.5456547737121582, 0.5419302582740784, 0.5407240986824036, 0.5410663485527039, 0.537967324256897, 0.533139169216156, 0.52788245677948, 0.5262110829353333, 0.5192855000495911, 0.5177842378616333, 0.5149968266487122, 0.5193034410476685, 0.5215684175491333, 0.518941342830658, 0.521605908870697, 0.5245123505592346, 0.5282067060470581, 0.5263310074806213]","[{'accuracy': 0.5161290322580645, 'f1': 0.11764705882352941, 'sensitivity': 0.07142857142857142, 'specificity': 0.8823529411764706}, {'accuracy': 0.5161290322580645, 'f1': 0.21052631578947367, 'sensitivity': 0.14285714285714285, 'specificity': 0.8235294117647058}, {'accuracy': 0.6129032258064516, 'f1': 0.4, 'sensitivity': 0.2857142857142857, 'specificity': 0.8823529411764706}, {'accuracy': 0.5483870967741935, 'f1': 0.125, 'sensitivity': 0.07142857142857142, 'specificity': 0.9411764705882353}, {'accuracy': 0.5806451612903226, 'f1': 0.13333333333333333, 'sensitivity': 0.07142857142857142, 'specificity': 1.0}, {'accuracy': 0.6451612903225806, 'f1': 0.47619047619047616, 'sensitivity': 0.35714285714285715, 'specificity': 0.8823529411764706}, {'accuracy': 0.7419354838709677, 'f1': 0.6666666666666666, 'sensitivity': 0.5714285714285714, 'specificity': 0.8823529411764706}, {'accuracy': 0.7419354838709677, 'f1': 0.6923076923076923, 'sensitivity': 0.6428571428571429, 'specificity': 0.8235294117647058}, {'accuracy': 0.8387096774193549, 'f1': 0.8275862068965517, 'sensitivity': 0.8571428571428571, 'specificity': 0.8235294117647058}, {'accuracy': 0.8709677419354839, 'f1': 0.8666666666666667, 'sensitivity': 0.9285714285714286, 'specificity': 0.8235294117647058}, {'accuracy': 0.8709677419354839, 'f1': 0.8666666666666667, 'sensitivity': 0.9285714285714286, 'specificity': 0.8235294117647058}, {'accuracy': 0.8387096774193549, 'f1': 0.8387096774193549, 'sensitivity': 0.9285714285714286, 'specificity': 0.7647058823529411}, {'accuracy': 0.8709677419354839, 'f1': 0.875, 'sensitivity': 1.0, 'specificity': 0.7647058823529411}, {'accuracy': 0.8709677419354839, 'f1': 0.875, 'sensitivity': 1.0, 'specificity': 0.7647058823529411}, {'accuracy': 0.8709677419354839, 'f1': 0.875, 'sensitivity': 1.0, 'specificity': 0.7647058823529411}, {'accuracy': 0.8709677419354839, 'f1': 0.875, 'sensitivity': 1.0, 'specificity': 0.7647058823529411}, {'accuracy': 0.8709677419354839, 'f1': 0.875, 'sensitivity': 1.0, 'specificity': 0.7647058823529411}, {'accuracy': 0.8709677419354839, 'f1': 0.875, 'sensitivity': 1.0, 'specificity': 0.7647058823529411}, {'accuracy': 0.8709677419354839, 'f1': 0.875, 'sensitivity': 1.0, 'specificity': 0.7647058823529411}, {'accuracy': 0.8709677419354839, 'f1': 0.875, 'sensitivity': 1.0, 'specificity': 0.7647058823529411}, {'accuracy': 0.8709677419354839, 'f1': 0.875, 'sensitivity': 1.0, 'specificity': 0.7647058823529411}, {'accuracy': 0.9032258064516129, 'f1': 0.9032258064516129, 'sensitivity': 1.0, 'specificity': 0.8235294117647058}, {'accuracy': 0.9032258064516129, 'f1': 0.9032258064516129, 'sensitivity': 1.0, 'specificity': 0.8235294117647058}, {'accuracy': 0.9032258064516129, 'f1': 0.9032258064516129, 'sensitivity': 1.0, 'specificity': 0.8235294117647058}, {'accuracy': 0.9032258064516129, 'f1': 0.9032258064516129, 'sensitivity': 1.0, 'specificity': 0.8235294117647058}, {'accuracy': 0.9032258064516129, 'f1': 0.9032258064516129, 'sensitivity': 1.0, 'specificity': 0.8235294117647058}, {'accuracy': 0.9032258064516129, 'f1': 0.9032258064516129, 'sensitivity': 1.0, 'specificity': 0.8235294117647058}, {'accuracy': 0.9032258064516129, 'f1': 0.9032258064516129, 'sensitivity': 1.0, 'specificity': 0.8235294117647058}, {'accuracy': 0.9032258064516129, 'f1': 0.9032258064516129, 'sensitivity': 1.0, 'specificity': 0.8235294117647058}, {'accuracy': 0.9032258064516129, 'f1': 0.9032258064516129, 'sensitivity': 1.0, 'specificity': 0.8235294117647058}, {'accuracy': 0.9032258064516129, 'f1': 0.9032258064516129, 'sensitivity': 1.0, 'specificity': 0.8235294117647058}, {'accuracy': 0.9032258064516129, 'f1': 0.9032258064516129, 'sensitivity': 1.0, 'specificity': 0.8235294117647058}, {'accuracy': 0.9032258064516129, 'f1': 0.9032258064516129, 'sensitivity': 1.0, 'specificity': 0.8235294117647058}]",COMPLETE
10,0.8387096774193549,2026-08-02 15:56:37.572070,2026-08-02 15:56:48.786446,0 days 00:00:11.214376,0.5,0.018362839120451776,1.9113354590616596e-05,"{'overall': {'n': 31, 'accuracy': 0.8387096774193549, 'precision': 0.7647058823529411, 'recall': 0.9285714285714286, 'sensitivity': 0.9285714285714286, 'specificity': 0.7647058823529411, 'balanced_accuracy': 0.8466386554621849, 'f1': 0.8387096774193549, 'confusion_matrix': [[13, 4], [1, 13]], 'auc': 0.7983193277310925, 'roc_curve': {'fpr': [0.0, 0.058823529411764705, 0.058823529411764705, 0.11764705882352941, 0.11764705882352941, 0.23529411764705882, 0.23529411764705882, 0.5294117647058824, 0.5294117647058824, 1.0], 'tpr': [0.0, 0.0, 0.07142857142857142, 0.07142857142857142, 0.42857142857142855, 0.42857142857142855, 0.9285714285714286, 0.9285714285714286, 1.0, 1.0]}}, 'India': {'n': 14, 'accuracy': 0.7857142857142857, 'precision': 0.8181818181818182, 'recall': 0.9, 'sensitivity': 0.9, 'specificity': 0.5, 'balanced_accuracy': 0.7, 'f1': 0.8571428571428571, 'confusion_matrix': [[2, 2], [1, 9]], 'auc': 0.575, 'roc_curve': {'fpr': [0.0, 0.25, 0.25, 0.5, 0.5, 1.0], 'tpr': [0.0, 0.0, 0.3, 0.3, 1.0, 1.0]}}, 'Italy': {'n': 17, 'accuracy': 0.8823529411764706, 'precision': 0.6666666666666666, 'recall': 1.0, 'sensitivity': 1.0, 'specificity': 0.8461538461538461, 'balanced_accuracy': 0.9230769230769231, 'f1': 0.8, 'confusion_matrix': [[11, 2], [0, 4]], 'auc': 0.9038461538461539, 'roc_curve': {'fpr': [0.0, 0.07692307692307693, 0.07692307692307693, 0.15384615384615385, 0.15384615384615385, 1.0], 'tpr': [0.0, 0.0, 0.75, 0.75, 1.0, 1.0]}}}",efficientnet_b0_forniceal_palpebral_v2_clean,"[0.7556877468718963, 0.5765313218240025, 0.6285512277058193, 0.539927826041267, 0.5654285146671088, 0.4473542668381516, 0.5296248205665017, 0.7132677334506495, 0.555019293107143, 0.5356800118271186, 0.5018517133735475, 0.49384745448625006, 0.49308884346566234, 0.47516086657031054, 0.6393207084564936, 0.5119639018765924, 0.5628548509815112, 0.5801467005492879]","[1.3013224601745605, 1.4581422805786133, 1.422908067703247, 1.9493175745010376, 1.713786244392395, 1.319908618927002, 1.4907668828964233, 0.6348552107810974, 1.174027442932129, 0.6578754186630249, 0.5835683345794678, 0.7075567841529846, 0.6923916935920715, 0.6782749891281128, 0.6577463150024414, 0.6161919236183167, 0.6277095079421997, 0.6302754282951355]","[{'accuracy': 0.5483870967741935, 'f1': 0.0, 'sensitivity': 0.0, 'specificity': 1.0}, {'accuracy': 0.5483870967741935, 'f1': 0.0, 'sensitivity': 0.0, 'specificity': 1.0}, {'accuracy': 0.5806451612903226, 'f1': 0.13333333333333333, 'sensitivity': 0.07142857142857142, 'specificity': 1.0}, {'accuracy': 0.5483870967741935, 'f1': 0.0, 'sensitivity': 0.0, 'specificity': 1.0}, {'accuracy': 0.5483870967741935, 'f1': 0.0, 'sensitivity': 0.0, 'specificity': 1.0}, {'accuracy': 0.6129032258064516, 'f1': 0.25, 'sensitivity': 0.14285714285714285, 'specificity': 1.0}, {'accuracy': 0.5806451612903226, 'f1': 0.13333333333333333, 'sensitivity': 0.07142857142857142, 'specificity': 1.0}, {'accuracy': 0.7741935483870968, 'f1': 0.6956521739130435, 'sensitivity': 0.5714285714285714, 'specificity': 0.9411764705882353}, {'accuracy': 0.5483870967741935, 'f1': 0.125, 'sensitivity': 0.07142857142857142, 'specificity': 0.9411764705882353}, {'accuracy': 0.6774193548387096, 'f1': 0.5454545454545454, 'sensitivity': 0.42857142857142855, 'specificity': 0.8823529411764706}, {'accuracy': 0.7419354838709677, 'f1': 0.75, 'sensitivity': 0.8571428571428571, 'specificity': 0.6470588235294118}, {'accuracy': 0.6774193548387096, 'f1': 0.6153846153846154, 'sensitivity': 0.5714285714285714, 'specificity': 0.7647058823529411}, {'accuracy': 0.7741935483870968, 'f1': 0.7586206896551724, 'sensitivity': 0.7857142857142857, 'specificity': 0.7647058823529411}, {'accuracy': 0.8387096774193549, 'f1': 0.8387096774193549, 'sensitivity': 0.9285714285714286, 'specificity': 0.7647058823529411}, {'accuracy': 0.8387096774193549, 'f1': 0.8387096774193549, 'sensitivity': 0.9285714285714286, 'specificity': 0.7647058823529411}, {'accuracy': 0.8064516129032258, 'f1': 0.8, 'sensitivity': 0.8571428571428571, 'specificity': 0.7647058823529411}, {'accuracy': 0.7741935483870968, 'f1': 0.7407407407407407, 'sensitivity': 0.7142857142857143, 'specificity': 0.8235294117647058}, {'accuracy': 0.7741935483870968, 'f1': 0.7407407407407407, 'sensitivity': 0.7142857142857143, 'specificity': 0.8235294117647058}]",COMPLETE
