number,value,datetime_start,datetime_complete,duration,params_dropout_rate,params_learning_rate,params_weight_decay,user_attrs_best_val_metrics,user_attrs_model_name,user_attrs_train_loss_history,user_attrs_val_loss_history,user_attrs_val_overall_metrics_history,state
7,0.6875,2026-08-02 16:48:35.122718,2026-08-02 16:53:32.941435,0 days 00:04:57.818717,0.5,0.00011137414908293505,2.1978390834997543e-05,"{'overall': {'n': 31, 'accuracy': 0.6774193548387096, 'precision': 0.6111111111111112, 'recall': 0.7857142857142857, 'sensitivity': 0.7857142857142857, 'specificity': 0.5882352941176471, 'balanced_accuracy': 0.6869747899159664, 'f1': 0.6875, 'confusion_matrix': [[10, 7], [3, 11]], 'auc': 0.7142857142857142, 'roc_curve': {'fpr': [0.0, 0.058823529411764705, 0.058823529411764705, 0.11764705882352941, 0.11764705882352941, 0.35294117647058826, 0.35294117647058826, 0.4117647058823529, 0.4117647058823529, 0.5882352941176471, 0.5882352941176471, 1.0], 'tpr': [0.0, 0.0, 0.2857142857142857, 0.2857142857142857, 0.42857142857142855, 0.42857142857142855, 0.5714285714285714, 0.5714285714285714, 0.8571428571428571, 0.8571428571428571, 1.0, 1.0]}}, 'India': {'n': 14, 'accuracy': 0.6428571428571429, 'precision': 0.7777777777777778, 'recall': 0.7, 'sensitivity': 0.7, 'specificity': 0.5, 'balanced_accuracy': 0.6, 'f1': 0.7368421052631579, 'confusion_matrix': [[2, 2], [3, 7]], 'auc': 0.675, 'roc_curve': {'fpr': [0.0, 0.0, 0.0, 0.25, 0.25, 0.5, 0.5, 1.0], 'tpr': [0.0, 0.1, 0.3, 0.3, 0.4, 0.4, 1.0, 1.0]}}, 'Italy': {'n': 17, 'accuracy': 0.7058823529411765, 'precision': 0.4444444444444444, 'recall': 1.0, 'sensitivity': 1.0, 'specificity': 0.6153846153846154, 'balanced_accuracy': 0.8076923076923077, 'f1': 0.6153846153846154, 'confusion_matrix': [[8, 5], [0, 4]], 'auc': 0.8461538461538463, 'roc_curve': {'fpr': [0.0, 0.07692307692307693, 0.07692307692307693, 0.38461538461538464, 0.38461538461538464, 1.0], 'tpr': [0.0, 0.0, 0.75, 0.75, 1.0, 1.0]}}}",convnext_tiny_forniceal_palpebral_v2_clean,"[0.8243653089010796, 0.8265674649452677, 0.8229859576744287, 0.8250280411875978, 0.7619991440351318, 0.8139059243559026, 0.8043524987843572, 0.8114772357908236, 0.7877036037088252, 0.7570044483457293, 0.7931812932702149, 0.7773178426586852, 0.7577296596806066, 0.7676633418011828, 0.7794782316603628, 0.7613976768084935, 0.7783791532321852, 0.7728745714336837, 0.7961883548976613, 0.7599904614240944, 0.7607237708811857, 0.7514819304148356, 0.7382819920170064, 0.7360929660245675, 0.751842333345997, 0.7732588036530683, 0.7578640928884752, 0.7632456146129946, 0.7464473166433322, 0.7235243405614581, 0.7406477940325834, 0.7535952824313624, 0.7376159802586043, 0.7348565122708172, 0.753553416858725, 0.7457953241406655, 0.7252372547882755, 0.7361824115117391, 0.725450032016858, 0.7152688130229509, 0.73619588986546, 0.7093210788000197, 0.7105732754785188, 0.7158278879665193, 0.7083789961678642, 0.7283444088332507, 0.7244990739692636, 0.6979957543262819, 0.69025951664464, 0.7038561673391432, 0.7137896195560897, 0.6880479284695217, 0.7091960104144349, 0.6958425641059875, 0.7053707014946711, 0.6844205195400991, 0.6724488848731631, 0.6904715052267321, 0.6836074156826045, 0.6832758370710879, 0.6687228513412735, 0.6916185361998421, 0.7023418752514586, 0.6954969646168404, 0.6726872981811056, 0.7006910435196494, 0.6973605111342709, 0.6788637816500501, 0.6503180018087633, 0.686499722555381, 0.6715538886939587, 0.6749388993191882, 0.6557559419651421, 0.6945284459055686, 0.6889990823609489, 0.6600365699553976, 0.6677297495660328, 0.6756781639695979, 0.6505403332158822, 0.6556819494889707, 0.6527688677619103, 0.6593584722402145, 0.6748041287571395, 0.6774446830457571, 0.6598947786149525, 0.6821867442455422, 0.6472845933064312, 0.646045026730518, 0.6536950590659161, 0.6628228766577584, 0.6528488721977286, 0.6648181786342543, 0.6546614097089184, 0.6269654919501064, 0.6196462053830932, 0.6559658735787788, 0.6320457069241271, 0.6756050505605685, 0.6386299238723963, 0.6601590238460878, 0.6495055260301448, 0.631366259792224, 0.6361020596659913, 0.6643131874045547, 0.6771296538463255, 0.6360188645570457, 0.6574650585245924, 0.658617538659751, 0.6350011395759323, 0.6349408845512234, 0.6361093196739145, 0.6141713253494834, 0.6012868986648767, 0.6598115514735786, 0.6511266057183143, 0.6310291667373813, 0.6375883558169514, 0.6408426842721952, 0.6030828093184906, 0.6038185082325319, 0.6096297835006195, 0.6092781878653026, 0.6447373413715233, 0.6118233362022711, 0.6248776280150121, 0.6062520101767819, 0.5994183834718199, 0.5981811187705215, 0.6232594697653842, 0.6298556080480822, 0.6019771468071711, 0.6158566649268273, 0.5995299528245213, 0.5798620687050073, 0.5583162478038243, 0.6161924608710672, 0.5994532809776514, 0.5709763331478145, 0.5742159982522329, 0.5956737074722238, 0.606580916716128, 0.6436379628927529, 0.6303267547873412, 0.5646208009752286, 0.600445763999913, 0.5867463451664464, 0.5838900496359585, 0.6108668069450223, 0.5964419213282007, 0.6260814743788063, 0.5625931129974573, 0.5711179639206452, 0.5734227968721973, 0.571551108846859, 0.5939825006893703, 0.5616942177824422, 0.5750690506023615, 0.5604738516061485, 0.5867852007045227, 0.6136161579566748, 0.5775661391465843, 0.5601654944776677, 0.5697886935707663, 0.5969325105349222, 0.566213453302578, 0.5925975587903237, 0.5805791060940749, 0.5902454261066151, 0.5587253635432444, 0.6069666272928925, 0.5807414334647509, 0.5941100793630898, 0.5857352634676459, 0.5837650538301792, 0.6052704011501909, 0.5448741908787059, 0.5861470512792367, 0.5373490825802291, 0.5626407139966277, 0.600578311349259, 0.5467552660273857, 0.5842842431295485, 0.5442593150398358, 0.5887635188037846, 0.5781042385263507, 0.6015436706088838, 0.550478105034147, 0.5615826853278543, 0.6106240064108452, 0.5702902597634971, 0.550849588549867, 0.5326766708270222, 0.5686525284838514, 0.5658998521817785, 0.5492522396197935, 0.5606825728805698, 0.5399060346642319, 0.537384345417931, 0.5412708504670332, 0.5567028627914636, 0.5552508664779923, 0.5690877591671587, 0.5450932622766819, 0.5417796709910542, 0.5727940424769914, 0.5434308469700976, 0.5689103137068197, 0.5250330060517707, 0.5360251961111211, 0.5496593062974968, 0.6142635969888597, 0.5309485257888327, 0.5526329473573335, 0.5518438789714761, 0.5742933206817731, 0.5532810246052385, 0.5331332659234806, 0.5398142285087482, 0.5276087263003498, 0.5341922969234233, 0.5356794202408823, 0.5133494801667272, 0.5401268773743896, 0.5711303146518006, 0.5404340667384011, 0.534718419418854, 0.5687804595142806, 0.5687830281906388, 0.529622747987306, 0.5351845354449992, 0.5301099914271815, 0.533158479701905, 0.5604682949935498, 0.5374235283760798, 0.5398620411652286, 0.542857897524931, 0.5617776200884864, 0.5587161807786851, 0.5032605159850347, 0.5492161512374878, 0.5189614575736377, 0.5513790484999312, 0.5746996824433204, 0.5477015347707839]","[0.832045316696167, 0.8228951692581177, 0.8137933015823364, 0.8063873648643494, 0.8004358410835266, 0.7961392402648926, 0.7929478883743286, 0.7906405925750732, 0.7884559035301208, 0.7869828343391418, 0.7855868339538574, 0.7840978503227234, 0.7829516530036926, 0.7818360328674316, 0.7807999849319458, 0.7800366282463074, 0.7791563868522644, 0.7776273488998413, 0.7763139009475708, 0.7752968072891235, 0.7742925882339478, 0.7734763622283936, 0.7719984650611877, 0.7709445953369141, 0.7699831128120422, 0.7685549259185791, 0.7674560546875, 0.7661823630332947, 0.7654317617416382, 0.7646536827087402, 0.7642125487327576, 0.7634825706481934, 0.7628923058509827, 0.7619938850402832, 0.760738730430603, 0.7596445679664612, 0.7589915990829468, 0.7581546306610107, 0.7574048042297363, 0.7567183971405029, 0.7558403015136719, 0.7549066543579102, 0.7542649507522583, 0.7538243532180786, 0.753175675868988, 0.752410352230072, 0.7521679401397705, 0.7516226768493652, 0.7510855197906494, 0.7502334117889404, 0.7496299743652344, 0.7487288117408752, 0.7480883598327637, 0.7473138570785522, 0.7467339634895325, 0.7462130784988403, 0.7457567453384399, 0.7451640963554382, 0.7449301481246948, 0.7443256974220276, 0.7436506152153015, 0.743028461933136, 0.7424789667129517, 0.7421125173568726, 0.7416065335273743, 0.7408751845359802, 0.7403335571289062, 0.7395119071006775, 0.7387791275978088, 0.7380607724189758, 0.7374957799911499, 0.7371642589569092, 0.736862301826477, 0.7362953424453735, 0.7356904149055481, 0.7351121306419373, 0.7344498634338379, 0.7336281538009644, 0.7331683039665222, 0.7328435182571411, 0.7322543263435364, 0.7317235469818115, 0.7309614419937134, 0.7300359010696411, 0.7294474840164185, 0.728850245475769, 0.7283616662025452, 0.7280117273330688, 0.7275288105010986, 0.7273319959640503, 0.7269564867019653, 0.7268809676170349, 0.7265874743461609, 0.7263280153274536, 0.7259725332260132, 0.7255489230155945, 0.7251290678977966, 0.7246981859207153, 0.7244632840156555, 0.7239816784858704, 0.7235254645347595, 0.7231935858726501, 0.7228789329528809, 0.7220554947853088, 0.7213932275772095, 0.7206531167030334, 0.7201545238494873, 0.7196657657623291, 0.7191951274871826, 0.7188102006912231, 0.7183922529220581, 0.7180503010749817, 0.7177804112434387, 0.7175534963607788, 0.7173894643783569, 0.7171063423156738, 0.7168871760368347, 0.7165924310684204, 0.7163532972335815, 0.7161041498184204, 0.7156722545623779, 0.7154061794281006, 0.7150757908821106, 0.7147596478462219, 0.7145198583602905, 0.7141870260238647, 0.7139434218406677, 0.713655412197113, 0.7133521437644958, 0.7128389477729797, 0.7125332355499268, 0.7123474478721619, 0.7122931480407715, 0.7122740745544434, 0.7121727466583252, 0.7122431993484497, 0.7119433283805847, 0.7116724848747253, 0.7114556431770325, 0.7112021446228027, 0.7109676599502563, 0.7105171084403992, 0.7103548049926758, 0.7101736068725586, 0.7100179195404053, 0.7095725536346436, 0.7095236778259277, 0.7092901468276978, 0.7089693546295166, 0.708495557308197, 0.7081120014190674, 0.7077928185462952, 0.7076032161712646, 0.7075596451759338, 0.7074794173240662, 0.7073910236358643, 0.7073041200637817, 0.7072339057922363, 0.7072688937187195, 0.7073611617088318, 0.7073227167129517, 0.7071642875671387, 0.7070898413658142, 0.7068654894828796, 0.7068336009979248, 0.7068431973457336, 0.7067763805389404, 0.7069315910339355, 0.7068319320678711, 0.7065920829772949, 0.7065092921257019, 0.7064609527587891, 0.7061978578567505, 0.7056556940078735, 0.7053136825561523, 0.7049016356468201, 0.7047778367996216, 0.7046973705291748, 0.7044709324836731, 0.7042216062545776, 0.7039591670036316, 0.7039240002632141, 0.7036213874816895, 0.7034361958503723, 0.7032121419906616, 0.7029189467430115, 0.7029377222061157, 0.7030402421951294, 0.7030778527259827, 0.7029266357421875, 0.7027238011360168, 0.7027286291122437, 0.7025765180587769, 0.7024310827255249, 0.7020666599273682, 0.7017490267753601, 0.7017122507095337, 0.7016666531562805, 0.7017084956169128, 0.7017934322357178, 0.7017803192138672, 0.7016463875770569, 0.7015327215194702, 0.7014052271842957, 0.7010366916656494, 0.7007207870483398, 0.7003486752510071, 0.6999190449714661, 0.6996272206306458, 0.699263870716095, 0.6990185976028442, 0.6987407803535461, 0.6984497308731079, 0.6981642842292786, 0.6979504227638245, 0.6979362964630127, 0.6981229186058044, 0.6980734467506409, 0.6979362368583679, 0.6979138851165771, 0.6977325081825256, 0.697611927986145, 0.6973139047622681, 0.6970570683479309, 0.6971119046211243, 0.6971210837364197, 0.6970342397689819, 0.6968309879302979, 0.6967471837997437, 0.696609616279602, 0.6965429186820984, 0.6964971423149109, 0.6963999271392822, 0.6962451338768005, 0.6959855556488037, 0.6957411766052246, 0.6955748200416565, 0.6956774592399597, 0.6957346796989441, 0.6958737373352051, 0.6961258053779602, 0.6962916851043701, 0.6963492035865784, 0.6962376832962036]","[{'accuracy': 0.5161290322580645, 'f1': 0.0, 'sensitivity': 0.0, 'specificity': 0.9411764705882353}, {'accuracy': 0.5161290322580645, 'f1': 0.0, 'sensitivity': 0.0, 'specificity': 0.9411764705882353}, {'accuracy': 0.5483870967741935, 'f1': 0.125, 'sensitivity': 0.07142857142857142, 'specificity': 0.9411764705882353}, {'accuracy': 0.5806451612903226, 'f1': 0.3157894736842105, 'sensitivity': 0.21428571428571427, 'specificity': 0.8823529411764706}, {'accuracy': 0.6451612903225806, 'f1': 0.47619047619047616, 'sensitivity': 0.35714285714285715, 'specificity': 0.8823529411764706}, {'accuracy': 0.7096774193548387, 'f1': 0.6086956521739131, 'sensitivity': 0.5, 'specificity': 0.8823529411764706}, {'accuracy': 0.6774193548387096, 'f1': 0.5833333333333334, 'sensitivity': 0.5, 'specificity': 0.8235294117647058}, {'accuracy': 0.6774193548387096, 'f1': 0.5833333333333334, 'sensitivity': 0.5, 'specificity': 0.8235294117647058}, {'accuracy': 0.6451612903225806, 'f1': 0.56, 'sensitivity': 0.5, 'specificity': 0.7647058823529411}, {'accuracy': 0.6451612903225806, 'f1': 0.56, 'sensitivity': 0.5, 'specificity': 0.7647058823529411}, {'accuracy': 0.6451612903225806, 'f1': 0.56, 'sensitivity': 0.5, 'specificity': 0.7647058823529411}, {'accuracy': 0.6451612903225806, 'f1': 0.5925925925925926, 'sensitivity': 0.5714285714285714, 'specificity': 0.7058823529411765}, {'accuracy': 0.6774193548387096, 'f1': 0.6428571428571429, 'sensitivity': 0.6428571428571429, 'specificity': 0.7058823529411765}, {'accuracy': 0.6774193548387096, 'f1': 0.6428571428571429, 'sensitivity': 0.6428571428571429, 'specificity': 0.7058823529411765}, {'accuracy': 0.6774193548387096, 'f1': 0.6428571428571429, 'sensitivity': 0.6428571428571429, 'specificity': 0.7058823529411765}, {'accuracy': 0.6774193548387096, 'f1': 0.6153846153846154, 'sensitivity': 0.5714285714285714, 'specificity': 0.7647058823529411}, {'accuracy': 0.6774193548387096, 'f1': 0.6153846153846154, 'sensitivity': 0.5714285714285714, 'specificity': 0.7647058823529411}, {'accuracy': 0.6774193548387096, 'f1': 0.6153846153846154, 'sensitivity': 0.5714285714285714, 'specificity': 0.7647058823529411}, {'accuracy': 0.6774193548387096, 'f1': 0.6153846153846154, 'sensitivity': 0.5714285714285714, 'specificity': 0.7647058823529411}, {'accuracy': 0.6774193548387096, 'f1': 0.6153846153846154, 'sensitivity': 0.5714285714285714, 'specificity': 0.7647058823529411}, {'accuracy': 0.6774193548387096, 'f1': 0.6153846153846154, 'sensitivity': 0.5714285714285714, 'specificity': 0.7647058823529411}, {'accuracy': 0.6774193548387096, 'f1': 0.6153846153846154, 'sensitivity': 0.5714285714285714, 'specificity': 0.7647058823529411}, {'accuracy': 0.6774193548387096, 'f1': 0.6153846153846154, 'sensitivity': 0.5714285714285714, 'specificity': 0.7647058823529411}, {'accuracy': 0.6774193548387096, 'f1': 0.6153846153846154, 'sensitivity': 0.5714285714285714, 'specificity': 0.7647058823529411}, {'accuracy': 0.6774193548387096, 'f1': 0.6153846153846154, 'sensitivity': 0.5714285714285714, 'specificity': 0.7647058823529411}, {'accuracy': 0.6774193548387096, 'f1': 0.6428571428571429, 'sensitivity': 0.6428571428571429, 'specificity': 0.7058823529411765}, {'accuracy': 0.6774193548387096, 'f1': 0.6428571428571429, 'sensitivity': 0.6428571428571429, 'specificity': 0.7058823529411765}, {'accuracy': 0.6774193548387096, 'f1': 0.6428571428571429, 'sensitivity': 0.6428571428571429, 'specificity': 0.7058823529411765}, {'accuracy': 0.6774193548387096, 'f1': 0.6428571428571429, 'sensitivity': 0.6428571428571429, 'specificity': 0.7058823529411765}, {'accuracy': 0.6774193548387096, 'f1': 0.6153846153846154, 'sensitivity': 0.5714285714285714, 'specificity': 0.7647058823529411}, {'accuracy': 0.6774193548387096, 'f1': 0.6153846153846154, 'sensitivity': 0.5714285714285714, 'specificity': 0.7647058823529411}, {'accuracy': 0.6774193548387096, 'f1': 0.6153846153846154, 'sensitivity': 0.5714285714285714, 'specificity': 0.7647058823529411}, {'accuracy': 0.6774193548387096, 'f1': 0.6153846153846154, 'sensitivity': 0.5714285714285714, 'specificity': 0.7647058823529411}, {'accuracy': 0.6774193548387096, 'f1': 0.6153846153846154, 'sensitivity': 0.5714285714285714, 'specificity': 0.7647058823529411}, {'accuracy': 0.6451612903225806, 'f1': 0.5925925925925926, 'sensitivity': 0.5714285714285714, 'specificity': 0.7058823529411765}, {'accuracy': 0.6451612903225806, 'f1': 0.5925925925925926, 'sensitivity': 0.5714285714285714, 'specificity': 0.7058823529411765}, {'accuracy': 0.6451612903225806, 'f1': 0.5925925925925926, 'sensitivity': 0.5714285714285714, 'specificity': 0.7058823529411765}, {'accuracy': 0.6451612903225806, 'f1': 0.5925925925925926, 'sensitivity': 0.5714285714285714, 'specificity': 0.7058823529411765}, {'accuracy': 0.6129032258064516, 'f1': 0.5714285714285714, 'sensitivity': 0.5714285714285714, 'specificity': 0.6470588235294118}, {'accuracy': 0.6129032258064516, 'f1': 0.5714285714285714, 'sensitivity': 0.5714285714285714, 'specificity': 0.6470588235294118}, {'accuracy': 0.6451612903225806, 'f1': 0.6206896551724138, 'sensitivity': 0.6428571428571429, 'specificity': 0.6470588235294118}, {'accuracy': 0.6451612903225806, 'f1': 0.6206896551724138, 'sensitivity': 0.6428571428571429, 'specificity': 0.6470588235294118}, {'accuracy': 0.6451612903225806, 'f1': 0.6206896551724138, 'sensitivity': 0.6428571428571429, 'specificity': 0.6470588235294118}, {'accuracy': 0.6451612903225806, 'f1': 0.6206896551724138, 'sensitivity': 0.6428571428571429, 'specificity': 0.6470588235294118}, {'accuracy': 0.6451612903225806, 'f1': 0.6206896551724138, 'sensitivity': 0.6428571428571429, 'specificity': 0.6470588235294118}, {'accuracy': 0.6451612903225806, 'f1': 0.6206896551724138, 'sensitivity': 0.6428571428571429, 'specificity': 0.6470588235294118}, {'accuracy': 0.6451612903225806, 'f1': 0.6206896551724138, 'sensitivity': 0.6428571428571429, 'specificity': 0.6470588235294118}, {'accuracy': 0.6451612903225806, 'f1': 0.6206896551724138, 'sensitivity': 0.6428571428571429, 'specificity': 0.6470588235294118}, {'accuracy': 0.6451612903225806, 'f1': 0.6206896551724138, 'sensitivity': 0.6428571428571429, 'specificity': 0.6470588235294118}, {'accuracy': 0.6451612903225806, 'f1': 0.6206896551724138, 'sensitivity': 0.6428571428571429, 'specificity': 0.6470588235294118}, {'accuracy': 0.6451612903225806, 'f1': 0.6206896551724138, 'sensitivity': 0.6428571428571429, 'specificity': 0.6470588235294118}, {'accuracy': 0.6451612903225806, 'f1': 0.6206896551724138, 'sensitivity': 0.6428571428571429, 'specificity': 0.6470588235294118}, {'accuracy': 0.6451612903225806, 'f1': 0.6206896551724138, 'sensitivity': 0.6428571428571429, 'specificity': 0.6470588235294118}, {'accuracy': 0.6451612903225806, 'f1': 0.6206896551724138, 'sensitivity': 0.6428571428571429, 'specificity': 0.6470588235294118}, {'accuracy': 0.6451612903225806, 'f1': 0.6206896551724138, 'sensitivity': 0.6428571428571429, 'specificity': 0.6470588235294118}, {'accuracy': 0.6451612903225806, 'f1': 0.6206896551724138, 'sensitivity': 0.6428571428571429, 'specificity': 0.6470588235294118}, {'accuracy': 0.6451612903225806, 'f1': 0.6206896551724138, 'sensitivity': 0.6428571428571429, 'specificity': 0.6470588235294118}, {'accuracy': 0.6451612903225806, 'f1': 0.6206896551724138, 'sensitivity': 0.6428571428571429, 'specificity': 0.6470588235294118}, {'accuracy': 0.6129032258064516, 'f1': 0.5714285714285714, 'sensitivity': 0.5714285714285714, 'specificity': 0.6470588235294118}, {'accuracy': 0.6129032258064516, 'f1': 0.5714285714285714, 'sensitivity': 0.5714285714285714, 'specificity': 0.6470588235294118}, {'accuracy': 0.6129032258064516, 'f1': 0.5714285714285714, 'sensitivity': 0.5714285714285714, 'specificity': 0.6470588235294118}, {'accuracy': 0.6129032258064516, 'f1': 0.5714285714285714, 'sensitivity': 0.5714285714285714, 'specificity': 0.6470588235294118}, {'accuracy': 0.6129032258064516, 'f1': 0.5714285714285714, 'sensitivity': 0.5714285714285714, 'specificity': 0.6470588235294118}, {'accuracy': 0.6129032258064516, 'f1': 0.5714285714285714, 'sensitivity': 0.5714285714285714, 'specificity': 0.6470588235294118}, {'accuracy': 0.6129032258064516, 'f1': 0.5714285714285714, 'sensitivity': 0.5714285714285714, 'specificity': 0.6470588235294118}, {'accuracy': 0.6129032258064516, 'f1': 0.5714285714285714, 'sensitivity': 0.5714285714285714, 'specificity': 0.6470588235294118}, {'accuracy': 0.6129032258064516, 'f1': 0.5714285714285714, 'sensitivity': 0.5714285714285714, 'specificity': 0.6470588235294118}, {'accuracy': 0.6451612903225806, 'f1': 0.6206896551724138, 'sensitivity': 0.6428571428571429, 'specificity': 0.6470588235294118}, {'accuracy': 0.6451612903225806, 'f1': 0.6206896551724138, 'sensitivity': 0.6428571428571429, 'specificity': 0.6470588235294118}, {'accuracy': 0.6774193548387096, 'f1': 0.6666666666666666, 'sensitivity': 0.7142857142857143, 'specificity': 0.6470588235294118}, {'accuracy': 0.6774193548387096, 'f1': 0.6666666666666666, 'sensitivity': 0.7142857142857143, 'specificity': 0.6470588235294118}, {'accuracy': 0.6774193548387096, 'f1': 0.6666666666666666, 'sensitivity': 0.7142857142857143, 'specificity': 0.6470588235294118}, {'accuracy': 0.6774193548387096, 'f1': 0.6666666666666666, 'sensitivity': 0.7142857142857143, 'specificity': 0.6470588235294118}, {'accuracy': 0.6774193548387096, 'f1': 0.6666666666666666, 'sensitivity': 0.7142857142857143, 'specificity': 0.6470588235294118}, {'accuracy': 0.6774193548387096, 'f1': 0.6666666666666666, 'sensitivity': 0.7142857142857143, 'specificity': 0.6470588235294118}, {'accuracy': 0.6774193548387096, 'f1': 0.6666666666666666, 'sensitivity': 0.7142857142857143, 'specificity': 0.6470588235294118}, {'accuracy': 0.6774193548387096, 'f1': 0.6666666666666666, 'sensitivity': 0.7142857142857143, 'specificity': 0.6470588235294118}, {'accuracy': 0.6774193548387096, 'f1': 0.6666666666666666, 'sensitivity': 0.7142857142857143, 'specificity': 0.6470588235294118}, {'accuracy': 0.6774193548387096, 'f1': 0.6666666666666666, 'sensitivity': 0.7142857142857143, 'specificity': 0.6470588235294118}, {'accuracy': 0.6774193548387096, 'f1': 0.6666666666666666, 'sensitivity': 0.7142857142857143, 'specificity': 0.6470588235294118}, {'accuracy': 0.6774193548387096, 'f1': 0.6666666666666666, 'sensitivity':