number,value,datetime_start,datetime_complete,duration,params_dropout_rate,params_learning_rate,params_weight_decay,user_attrs_best_val_metrics,user_attrs_model_name,user_attrs_train_loss_history,user_attrs_val_loss_history,user_attrs_val_overall_metrics_history,state
8,0.6470588235294118,2026-07-29 10:42:55.715454,2026-07-29 10:43:25.723564,0 days 00:00:30.008110,0.2,0.00015673095467235422,0.0007025166339242157,"{'overall': {'n': 31, 'accuracy': 0.6129032258064516, 'precision': 0.55, 'recall': 0.7857142857142857, 'sensitivity': 0.7857142857142857, 'specificity': 0.47058823529411764, 'balanced_accuracy': 0.6281512605042017, 'f1': 0.6470588235294118, 'confusion_matrix': [[8, 9], [3, 11]], 'auc': 0.6596638655462185, 'roc_curve': {'fpr': [0.0, 0.0, 0.0, 0.058823529411764705, 0.058823529411764705, 0.17647058823529413, 0.17647058823529413, 0.35294117647058826, 0.35294117647058826, 0.47058823529411764, 0.47058823529411764, 0.5294117647058824, 0.5294117647058824, 0.7058823529411765, 0.7058823529411765, 1.0], 'tpr': [0.0, 0.07142857142857142, 0.14285714285714285, 0.14285714285714285, 0.2857142857142857, 0.2857142857142857, 0.42857142857142855, 0.42857142857142855, 0.5, 0.5, 0.6428571428571429, 0.6428571428571429, 0.8571428571428571, 0.8571428571428571, 1.0, 1.0]}}, 'India': {'n': 14, 'accuracy': 0.5714285714285714, 'precision': 0.7, 'recall': 0.7, 'sensitivity': 0.7, 'specificity': 0.25, 'balanced_accuracy': 0.475, 'f1': 0.7, 'confusion_matrix': [[1, 3], [3, 7]], 'auc': 0.375, 'roc_curve': {'fpr': [0.0, 0.0, 0.0, 0.5, 0.5, 0.75, 0.75, 1.0, 1.0], 'tpr': [0.0, 0.1, 0.2, 0.2, 0.3, 0.3, 0.8, 0.8, 1.0]}}, 'Italy': {'n': 17, 'accuracy': 0.6470588235294118, 'precision': 0.4, 'recall': 1.0, 'sensitivity': 1.0, 'specificity': 0.5384615384615384, 'balanced_accuracy': 0.7692307692307692, 'f1': 0.5714285714285714, 'confusion_matrix': [[7, 6], [0, 4]], 'auc': 0.9615384615384616, 'roc_curve': {'fpr': [0.0, 0.0, 0.0, 0.07692307692307693, 0.07692307692307693, 1.0], 'tpr': [0.0, 0.25, 0.5, 0.5, 1.0, 1.0]}}}",resnet18_forniceal_palpebral_v2,"[0.823576207063636, 0.8066250195308607, 0.8220542340862508, 0.8069041188882322, 0.7685182483828797, 0.8314228191667673, 0.7808357744800801, 0.8001968507864037, 0.8119261236417861, 0.7923178109181982, 0.8119729716761582, 0.7559118907467849, 0.7619026724984046, 0.7943178735622743, 0.7587933215965219, 0.7854871474155763, 0.7699805895487467, 0.7781083360821212, 0.801879265681416, 0.7510345687671584, 0.7645054812334022, 0.7443582958915607, 0.7485030427271006, 0.7341268358587407, 0.7372346946171352, 0.7489371461933162, 0.7550872102075693, 0.7420976153847312, 0.7584352979854662, 0.7542996868795279, 0.703766443291489, 0.7227420182455153, 0.7518151941753569, 0.7182725035414403, 0.7322573584764183, 0.7210943844853616, 0.7108527438170245, 0.7420705297366291, 0.686261021361059, 0.7021233670565546, 0.7373979436296995, 0.704430686373289, 0.6773613776479449, 0.6835543638994904, 0.6848377682724778, 0.7204876886744077, 0.6983074914841425, 0.6928026173390499, 0.6731025860423133, 0.6575882714621875, 0.6675367850024684, 0.679707447282311, 0.6875259928962811, 0.6404634235667533, 0.6860344914757476]","[0.8003132900884075, 0.8052082542450197, 0.7989798591982934, 0.7931236913127284, 0.7972945513263825, 0.7965382029933314, 0.7917029665362451, 0.7906410694122314, 0.7840512375677785, 0.7867986790595516, 0.7924206026138798, 0.7835201159600289, 0.7822952943463479, 0.7858018009893356, 0.7888551008316779, 0.7801291769550692, 0.7843416160152804, 0.782015037152075, 0.7744441436183068, 0.7759993806962044, 0.7724968137279633, 0.7770986076324217, 0.7783861717870159, 0.7769387864297436, 0.7766005185342604, 0.780022790355067, 0.7671282291412354, 0.7685180344889241, 0.7684965498985783, 0.7768906451040699, 0.7774485734201246, 0.7698509308599657, 0.7656001467858592, 0.7664987194922662, 0.7558105914823471, 0.7641664358877367, 0.7574661739410893, 0.7603021860122681, 0.7554079678750807, 0.7635329384957591, 0.7571284174919128, 0.7597444249737647, 0.7612212281073293, 0.759768009185791, 0.7475034479171999, 0.7564188549595494, 0.7580438852310181, 0.7439263155383449, 0.7454285621643066, 0.7519924159972898, 0.7497065336473526, 0.7450898039725519, 0.7469677636700292, 0.7457051450206388, 0.7457595390658225]","[{'accuracy': 0.5806451612903226, 'f1': 0.3157894736842105, 'sensitivity': 0.21428571428571427, 'specificity': 0.8823529411764706}, {'accuracy': 0.5161290322580645, 'f1': 0.4, 'sensitivity': 0.35714285714285715, 'specificity': 0.6470588235294118}, {'accuracy': 0.45161290322580644, 'f1': 0.45161290322580644, 'sensitivity': 0.5, 'specificity': 0.4117647058823529}, {'accuracy': 0.4838709677419355, 'f1': 0.38461538461538464, 'sensitivity': 0.35714285714285715, 'specificity': 0.5882352941176471}, {'accuracy': 0.5161290322580645, 'f1': 0.4, 'sensitivity': 0.35714285714285715, 'specificity': 0.6470588235294118}, {'accuracy': 0.5483870967741935, 'f1': 0.46153846153846156, 'sensitivity': 0.42857142857142855, 'specificity': 0.6470588235294118}, {'accuracy': 0.4838709677419355, 'f1': 0.38461538461538464, 'sensitivity': 0.35714285714285715, 'specificity': 0.5882352941176471}, {'accuracy': 0.4838709677419355, 'f1': 0.4666666666666667, 'sensitivity': 0.5, 'specificity': 0.47058823529411764}, {'accuracy': 0.5806451612903226, 'f1': 0.5517241379310345, 'sensitivity': 0.5714285714285714, 'specificity': 0.5882352941176471}, {'accuracy': 0.5483870967741935, 'f1': 0.5333333333333333, 'sensitivity': 0.5714285714285714, 'specificity': 0.5294117647058824}, {'accuracy': 0.5161290322580645, 'f1': 0.4444444444444444, 'sensitivity': 0.42857142857142855, 'specificity': 0.5882352941176471}, {'accuracy': 0.5483870967741935, 'f1': 0.5, 'sensitivity': 0.5, 'specificity': 0.5882352941176471}, {'accuracy': 0.5483870967741935, 'f1': 0.5333333333333333, 'sensitivity': 0.5714285714285714, 'specificity': 0.5294117647058824}, {'accuracy': 0.5483870967741935, 'f1': 0.5333333333333333, 'sensitivity': 0.5714285714285714, 'specificity': 0.5294117647058824}, {'accuracy': 0.5806451612903226, 'f1': 0.5806451612903226, 'sensitivity': 0.6428571428571429, 'specificity': 0.5294117647058824}, {'accuracy': 0.5806451612903226, 'f1': 0.5806451612903226, 'sensitivity': 0.6428571428571429, 'specificity': 0.5294117647058824}, {'accuracy': 0.5483870967741935, 'f1': 0.46153846153846156, 'sensitivity': 0.42857142857142855, 'specificity': 0.6470588235294118}, {'accuracy': 0.5161290322580645, 'f1': 0.4, 'sensitivity': 0.35714285714285715, 'specificity': 0.6470588235294118}, {'accuracy': 0.5483870967741935, 'f1': 0.5333333333333333, 'sensitivity': 0.5714285714285714, 'specificity': 0.5294117647058824}, {'accuracy': 0.5161290322580645, 'f1': 0.4827586206896552, 'sensitivity': 0.5, 'specificity': 0.5294117647058824}, {'accuracy': 0.5483870967741935, 'f1': 0.46153846153846156, 'sensitivity': 0.42857142857142855, 'specificity': 0.6470588235294118}, {'accuracy': 0.5161290322580645, 'f1': 0.4, 'sensitivity': 0.35714285714285715, 'specificity': 0.6470588235294118}, {'accuracy': 0.5161290322580645, 'f1': 0.4, 'sensitivity': 0.35714285714285715, 'specificity': 0.6470588235294118}, {'accuracy': 0.5161290322580645, 'f1': 0.4, 'sensitivity': 0.35714285714285715, 'specificity': 0.6470588235294118}, {'accuracy': 0.5483870967741935, 'f1': 0.46153846153846156, 'sensitivity': 0.42857142857142855, 'specificity': 0.6470588235294118}, {'accuracy': 0.5483870967741935, 'f1': 0.46153846153846156, 'sensitivity': 0.42857142857142855, 'specificity': 0.6470588235294118}, {'accuracy': 0.5806451612903226, 'f1': 0.5185185185185185, 'sensitivity': 0.5, 'specificity': 0.6470588235294118}, {'accuracy': 0.5161290322580645, 'f1': 0.4827586206896552, 'sensitivity': 0.5, 'specificity': 0.5294117647058824}, {'accuracy': 0.5483870967741935, 'f1': 0.5333333333333333, 'sensitivity': 0.5714285714285714, 'specificity': 0.5294117647058824}, {'accuracy': 0.5161290322580645, 'f1': 0.4827586206896552, 'sensitivity': 0.5, 'specificity': 0.5294117647058824}, {'accuracy': 0.5483870967741935, 'f1': 0.5333333333333333, 'sensitivity': 0.5714285714285714, 'specificity': 0.5294117647058824}, {'accuracy': 0.5806451612903226, 'f1': 0.6060606060606061, 'sensitivity': 0.7142857142857143, 'specificity': 0.47058823529411764}, {'accuracy': 0.5483870967741935, 'f1': 0.5625, 'sensitivity': 0.6428571428571429, 'specificity': 0.47058823529411764}, {'accuracy': 0.5806451612903226, 'f1': 0.6285714285714286, 'sensitivity': 0.7857142857142857, 'specificity': 0.4117647058823529}, {'accuracy': 0.5806451612903226, 'f1': 0.5806451612903226, 'sensitivity': 0.6428571428571429, 'specificity': 0.5294117647058824}, {'accuracy': 0.5806451612903226, 'f1': 0.5806451612903226, 'sensitivity': 0.6428571428571429, 'specificity': 0.5294117647058824}, {'accuracy': 0.5806451612903226, 'f1': 0.5185185185185185, 'sensitivity': 0.5, 'specificity': 0.6470588235294118}, {'accuracy': 0.5483870967741935, 'f1': 0.5, 'sensitivity': 0.5, 'specificity': 0.5882352941176471}, {'accuracy': 0.5806451612903226, 'f1': 0.5517241379310345, 'sensitivity': 0.5714285714285714, 'specificity': 0.5882352941176471}, {'accuracy': 0.5483870967741935, 'f1': 0.5333333333333333, 'sensitivity': 0.5714285714285714, 'specificity': 0.5294117647058824}, {'accuracy': 0.5806451612903226, 'f1': 0.5185185185185185, 'sensitivity': 0.5, 'specificity': 0.6470588235294118}, {'accuracy': 0.5806451612903226, 'f1': 0.5185185185185185, 'sensitivity': 0.5, 'specificity': 0.6470588235294118}, {'accuracy': 0.5806451612903226, 'f1': 0.5185185185185185, 'sensitivity': 0.5, 'specificity': 0.6470588235294118}, {'accuracy': 0.5161290322580645, 'f1': 0.5161290322580645, 'sensitivity': 0.5714285714285714, 'specificity': 0.47058823529411764}, {'accuracy': 0.6129032258064516, 'f1': 0.5714285714285714, 'sensitivity': 0.5714285714285714, 'specificity': 0.6470588235294118}, {'accuracy': 0.5806451612903226, 'f1': 0.5185185185185185, 'sensitivity': 0.5, 'specificity': 0.6470588235294118}, {'accuracy': 0.5806451612903226, 'f1': 0.5517241379310345, 'sensitivity': 0.5714285714285714, 'specificity': 0.5882352941176471}, {'accuracy': 0.5806451612903226, 'f1': 0.5517241379310345, 'sensitivity': 0.5714285714285714, 'specificity': 0.5882352941176471}, {'accuracy': 0.6129032258064516, 'f1': 0.6470588235294118, 'sensitivity': 0.7857142857142857, 'specificity': 0.47058823529411764}, {'accuracy': 0.5806451612903226, 'f1': 0.6285714285714286, 'sensitivity': 0.7857142857142857, 'specificity': 0.4117647058823529}, {'accuracy': 0.5806451612903226, 'f1': 0.5185185185185185, 'sensitivity': 0.5, 'specificity': 0.6470588235294118}, {'accuracy': 0.5806451612903226, 'f1': 0.6060606060606061, 'sensitivity': 0.7142857142857143, 'specificity': 0.47058823529411764}, {'accuracy': 0.5806451612903226, 'f1': 0.6060606060606061, 'sensitivity': 0.7142857142857143, 'specificity': 0.47058823529411764}, {'accuracy': 0.5806451612903226, 'f1': 0.5185185185185185, 'sensitivity': 0.5, 'specificity': 0.6470588235294118}, {'accuracy': 0.6129032258064516, 'f1': 0.625, 'sensitivity': 0.7142857142857143, 'specificity': 0.5294117647058824}]",COMPLETE
9,0.7647058823529411,2026-07-29 10:43:25.723851,2026-07-29 10:43:42.921793,0 days 00:00:17.197942,0.2,0.0008200518402245837,1.9634341572933354e-06,"{'overall': {'n': 31, 'accuracy': 0.7419354838709677, 'precision': 0.65, 'recall': 0.9285714285714286, 'sensitivity': 0.9285714285714286, 'specificity': 0.5882352941176471, 'balanced_accuracy': 0.7584033613445378, 'f1': 0.7647058823529411, 'confusion_matrix': [[10, 7], [1, 13]], 'auc': 0.7142857142857143, 'roc_curve': {'fpr': [0.0, 0.0, 0.0, 0.058823529411764705, 0.058823529411764705, 0.11764705882352941, 0.11764705882352941, 0.17647058823529413, 0.17647058823529413, 0.4117647058823529, 0.4117647058823529, 0.7647058823529411, 0.7647058823529411, 1.0], 'tpr': [0.0, 0.07142857142857142, 0.21428571428571427, 0.21428571428571427, 0.2857142857142857, 0.2857142857142857, 0.35714285714285715, 0.35714285714285715, 0.42857142857142855, 0.42857142857142855, 0.9285714285714286, 0.9285714285714286, 1.0, 1.0]}}, 'India': {'n': 14, 'accuracy': 0.7142857142857143, 'precision': 0.75, 'recall': 0.9, 'sensitivity': 0.9, 'specificity': 0.25, 'balanced_accuracy': 0.575, 'f1': 0.8181818181818182, 'confusion_matrix': [[1, 3], [1, 9]], 'auc': 0.375, 'roc_curve': {'fpr': [0.0, 0.0, 0.0, 0.75, 0.75, 1.0, 1.0], 'tpr': [0.0, 0.1, 0.2, 0.2, 0.9, 0.9, 1.0]}}, 'Italy': {'n': 17, 'accuracy': 0.7647058823529411, 'precision': 0.5, 'recall': 1.0, 'sensitivity': 1.0, 'specificity': 0.6923076923076923, 'balanced_accuracy': 0.8461538461538461, 'f1': 0.6666666666666666, 'confusion_matrix': [[9, 4], [0, 4]], 'auc': 0.9423076923076923, 'roc_curve': {'fpr': [0.0, 0.0, 0.0, 0.07692307692307693, 0.07692307692307693, 0.15384615384615385, 0.15384615384615385, 1.0], 'tpr': [0.0, 0.25, 0.5, 0.5, 0.75, 0.75, 1.0, 1.0]}}}",resnet18_forniceal_palpebral_v2,"[0.9016815667249718, 0.8467519887450601, 0.795708331932016, 0.7505138812421941, 0.7573548449950964, 0.7664836689728458, 0.7345080152660811, 0.769457933043136, 0.6957329122387633, 0.7537461239464429, 0.6998728878644048, 0.6869112626224959, 0.6690098902806133, 0.6566141109888245, 0.6555616859676076, 0.6435665549064169, 0.6654103572676782, 0.6172307372904148, 0.624036698519778, 0.6190247900631963, 0.6236546923514126, 0.6302194864976973, 0.6450803734007335, 0.6134653918597163, 0.5877697127205985, 0.617622785016793, 0.624626049784576, 0.593276178350254, 0.5540574993811497, 0.5793808755420503, 0.6094557415871393, 0.5553247210930805]","[0.8203345921731764, 0.7868728310831131, 0.7960824024292731, 0.7873978441761386, 0.7829594266030097, 0.780630152071676, 0.7711155356899384, 0.7901999911954326, 0.7894396166647634, 0.768011373858298, 0.7670830084431556, 0.7594836584983333, 0.7503349069626101, 0.7466938399499462, 0.7599982676967498, 0.7673532655162196, 0.7439021737344803, 0.7541849940053879, 0.7374806730977951, 0.7422084904486134, 0.7259190505550753, 0.7206448470392535, 0.7176624978742292, 0.7277957893187, 0.7156901032693924, 0.7212496207606408, 0.7319790605575808, 0.7501926249073397, 0.7465728848211227, 0.7467804647261097, 0.7256419850933936, 0.7268943594348046]","[{'accuracy': 0.6129032258064516, 'f1': 0.4, 'sensitivity': 0.2857142857142857, 'specificity': 0.8823529411764706}, {'accuracy': 0.4838709677419355, 'f1': 0.4666666666666667, 'sensitivity': 0.5, 'specificity': 0.47058823529411764}, {'accuracy': 0.5806451612903226, 'f1': 0.5185185185185185, 'sensitivity': 0.5, 'specificity': 0.6470588235294118}, {'accuracy': 0.5483870967741935, 'f1': 0.5, 'sensitivity': 0.5, 'specificity': 0.5882352941176471}, {'accuracy': 0.5483870967741935, 'f1': 0.5333333333333333, 'sensitivity': 0.5714285714285714, 'specificity': 0.5294117647058824}, {'accuracy': 0.45161290322580644, 'f1': 0.5405405405405406, 'sensitivity': 0.7142857142857143, 'specificity': 0.23529411764705882}, {'accuracy': 0.6129032258064516, 'f1': 0.5384615384615384, 'sensitivity': 0.5, 'specificity': 0.7058823529411765}, {'accuracy': 0.6129032258064516, 'f1': 0.5, 'sensitivity': 0.42857142857142855, 'specificity': 0.7647058823529411}, {'accuracy': 0.5806451612903226, 'f1': 0.6666666666666666, 'sensitivity': 0.9285714285714286, 'specificity': 0.29411764705882354}, {'accuracy': 0.4838709677419355, 'f1': 0.5555555555555556, 'sensitivity': 0.7142857142857143, 'specificity': 0.29411764705882354}, {'accuracy': 0.6129032258064516, 'f1': 0.5714285714285714, 'sensitivity': 0.5714285714285714, 'specificity': 0.6470588235294118}, {'accuracy': 0.5806451612903226, 'f1': 0.5806451612903226, 'sensitivity': 0.6428571428571429, 'specificity': 0.5294117647058824}, {'accuracy': 0.5806451612903226, 'f1': 0.5806451612903226, 'sensitivity': 0.6428571428571429, 'specificity': 0.5294117647058824}, {'accuracy': 0.5806451612903226, 'f1': 0.5185185185185185, 'sensitivity': 0.5, 'specificity': 0.6470588235294118}, {'accuracy': 0.5806451612903226, 'f1': 0.48, 'sensitivity': 0.42857142857142855, 'specificity': 0.7058823529411765}, {'accuracy': 0.5806451612903226, 'f1': 0.6666666666666666, 'sensitivity': 0.9285714285714286, 'specificity': 0.29411764705882354}, {'accuracy': 0.6129032258064516, 'f1': 0.5714285714285714, 'sensitivity': 0.5714285714285714, 'specificity': 0.6470588235294118}, {'accuracy': 0.5806451612903226, 'f1': 0.5517241379310345, 'sensitivity': 0.5714285714285714, 'specificity': 0.5882352941176471}, {'accuracy': 0.5483870967741935, 'f1': 0.46153846153846156, 'sensitivity': 0.42857142857142855, 'specificity': 0.6470588235294118}, {'accuracy': 0.6451612903225806, 'f1': 0.6666666666666666, 'sensitivity': 0.7857142857142857, 'specificity': 0.5294117647058824}, {'accuracy': 0.6129032258064516, 'f1': 0.5714285714285714, 'sensitivity': 0.5714285714285714, 'specificity': 0.6470588235294118}, {'accuracy': 0.6774193548387096, 'f1': 0.6875, 'sensitivity': 0.7857142857142857, 'specificity': 0.5882352941176471}, {'accuracy': 0.7096774193548387, 'f1': 0.7272727272727273, 'sensitivity': 0.8571428571428571, 'specificity': 0.5882352941176471}, {'accuracy': 0.7096774193548387, 'f1': 0.7428571428571429, 'sensitivity': 0.9285714285714286, 'specificity': 0.5294117647058824}, {'accuracy': 0.7096774193548387, 'f1': 0.7272727272727273, 'sensitivity': 0.8571428571428571, 'specificity': 0.5882352941176471}, {'accuracy': 0.7419354838709677, 'f1': 0.7647058823529411, 'sensitivity': 0.9285714285714286, 'specificity': 0.5882352941176471}, {'accuracy': 0.7096774193548387, 'f1': 0.7428571428571429, 'sensitivity': 0.9285714285714286, 'specificity': 0.5294117647058824}, {'accuracy': 0.7096774193548387, 'f1': 0.7428571428571429, 'sensitivity': 0.9285714285714286, 'specificity': 0.5294117647058824}, {'accuracy': 0.6451612903225806, 'f1': 0.6666666666666666, 'sensitivity': 0.7857142857142857, 'specificity': 0.5294117647058824}, {'accuracy': 0.7096774193548387, 'f1': 0.7428571428571429, 'sensitivity': 0.9285714285714286, 'specificity': 0.5294117647058824}, {'accuracy': 0.6451612903225806, 'f1': 0.6666666666666666, 'sensitivity': 0.7857142857142857, 'specificity': 0.5294117647058824}, {'accuracy': 0.6774193548387096, 'f1': 0.6875, 'sensitivity': 0.7857142857142857, 'specificity': 0.5882352941176471}]",COMPLETE
10,0.6842105263157895,2026-07-29 10:43:42.922094,2026-07-29 10:43:47.934329,0 days 00:00:05.012235,0.2,0.07141749214397017,1.2336245991553763e-05,"{'overall': {'n': 31, 'accuracy': 0.6129032258064516, 'precision': 0.5416666666666666, 'recall': 0.9285714285714286, 'sensitivity': 0.9285714285714286, 'specificity': 0.35294117647058826, 'balanced_accuracy': 0.6407563025210085, 'f1': 0.6842105263157895, 'confusion_matrix': [[6, 11], [1, 13]], 'auc': 0.6869747899159664, 'roc_curve': {'fpr': [0.0, 0.0, 0.058823529411764705, 0.11764705882352941, 0.11764705882352941, 0.17647058823529413, 0.17647058823529413, 0.23529411764705882, 0.23529411764705882, 0.4117647058823529, 0.4117647058823529, 0.6470588235294118, 0.6470588235294118, 0.7647058823529411, 0.7647058823529411, 1.0], 'tpr': [0.0, 0.07142857142857142, 0.14285714285714285, 0.14285714285714285, 0.35714285714285715, 0.35714285714285715, 0.42857142857142855, 0.42857142857142855, 0.6428571428571429, 0.6428571428571429, 0.7142857142857143, 0.7142857142857143, 0.9285714285714286, 0.9285714285714286, 1.0, 1.0]}}, 'India': {'n': 14, 'accuracy': 0.6428571428571429, 'precision': 0.6923076923076923, 'recall': 0.9, 'sensitivity': 0.9, 'specificity': 0.0, 'balanced_accuracy': 0.45, 'f1': 0.782608695652174, 'confusion_matrix': [[0, 4], [1, 9]], 'auc': 0.475, 'roc_curve': {'fpr': [0.0, 0.0, 0.0, 0.25, 0.25, 0.5, 0.5, 1.0, 1.0], 'tpr': [0.0, 0.1, 0.2, 0.2, 0.5, 0.5, 0.6, 0.6, 1.0]}}, 'Italy': {'n': 17, 'accuracy': 0.5882352941176471, 'precision': 0.36363636363636365, 'recall': 1.0, 'sensitivity': 1.0, 'specificity': 0.46153846153846156, 'balanced_accuracy': 0.7307692307692308, 'f1': 0.5333333333333333, 'confusion_matrix': [[6, 7], [0, 4]], 'auc': 0.875, 'roc_curve': {'fpr': [0.0, 0.07692307692307693, 0.15384615384615385, 0.15384615384615385, 1.0], 'tpr': [0.0, 0.25, 0.25, 1.0, 1.0]}}}",resnet18_forniceal_palpebral_v2,"[5.935132351051382, 1.2201870347366852, 1.7888967788138357, 2.784259927516081, 1.2622385122591542, 1.2944526575049575, 2.4747611334940203, 2.0205019887815525, 1.2709701369408848]","[1.0475170977653996, 0.9339485764503479, 4.274617941148819, 2.3643253041851904, 1.8201750343845737, 2.2474258792015815, 1.7972622071543047, 2.252694452962568, 1.8364091592450296]","[{'accuracy': 0.45161290322580644, 'f1': 0.45161290322580644, 'sensitivity': 0.5, 'specificity': 0.4117647058823529}, {'accuracy': 0.5806451612903226, 'f1': 0.6486486486486487, 'sensitivity': 0.8571428571428571, 'specificity': 0.35294117647058826}, {'accuracy': 0.5483870967741935, 'f1': 0.0, 'sensitivity': 0.0, 'specificity': 1.0}, {'accuracy': 0.5806451612903226, 'f1': 0.13333333333333333, 'sensitivity': 0.07142857142857142, 'specificity': 1.0}, {'accuracy': 0.6129032258064516, 'f1': 0.45454545454545453, 'sensitivity': 0.35714285714285715, 'specificity': 0.8235294117647058}, {'accuracy': 0.5806451612903226, 'f1': 0.6666666666666666, 'sensitivity': 0.9285714285714286, 'specificity': 0.29411764705882354}, {'accuracy': 0.5483870967741935, 'f1': 0.6111111111111112, 'sensitivity': 0.7857142857142857, 'specificity': 0.35294117647058826}, {'accuracy': 0.6129032258064516, 'f1': 0.6842105263157895, 'sensitivity': 0.9285714285714286, 'specificity': 0.35294117647058826}, {'accuracy': 0.6129032258064516, 'f1': 0.5, 'sensitivity': 0.42857142857142855, 'specificity': 0.7647058823529411}]",COMPLETE
