number,value,datetime_start,datetime_complete,duration,params_dropout_rate,params_learning_rate,params_weight_decay,user_attrs_best_val_metrics,user_attrs_model_name,user_attrs_train_loss_history,user_attrs_val_loss_history,user_attrs_val_overall_metrics_history,state
11,0.7272727272727273,2026-07-29 10:43:47.934627,2026-07-29 10:43:55.775521,0 days 00:00:07.840894,0.5,0.012952284940672179,7.378541799914124e-05,"{'overall': {'n': 31, 'accuracy': 0.7096774193548387, 'precision': 0.631578947368421, 'recall': 0.8571428571428571, 'sensitivity': 0.8571428571428571, 'specificity': 0.5882352941176471, 'balanced_accuracy': 0.7226890756302521, 'f1': 0.7272727272727273, 'confusion_matrix': [[10, 7], [2, 12]], 'auc': 0.7394957983193278, 'roc_curve': {'fpr': [0.0, 0.0, 0.0, 0.058823529411764705, 0.058823529411764705, 0.11764705882352941, 0.11764705882352941, 0.29411764705882354, 0.29411764705882354, 0.35294117647058826, 0.35294117647058826, 0.5294117647058824, 0.5294117647058824, 1.0], 'tpr': [0.0, 0.07142857142857142, 0.14285714285714285, 0.14285714285714285, 0.21428571428571427, 0.21428571428571427, 0.35714285714285715, 0.35714285714285715, 0.5714285714285714, 0.5714285714285714, 0.8571428571428571, 0.8571428571428571, 1.0, 1.0]}}, 'India': {'n': 14, 'accuracy': 0.6428571428571429, 'precision': 0.7272727272727273, 'recall': 0.8, 'sensitivity': 0.8, 'specificity': 0.25, 'balanced_accuracy': 0.525, 'f1': 0.7619047619047619, 'confusion_matrix': [[1, 3], [2, 8]], 'auc': 0.5, 'roc_curve': {'fpr': [0.0, 0.0, 0.5, 0.5, 0.75, 0.75, 1.0], 'tpr': [0.0, 0.1, 0.1, 0.8, 0.8, 1.0, 1.0]}}, 'Italy': {'n': 17, 'accuracy': 0.7647058823529411, 'precision': 0.5, 'recall': 1.0, 'sensitivity': 1.0, 'specificity': 0.6923076923076923, 'balanced_accuracy': 0.8461538461538461, 'f1': 0.6666666666666666, 'confusion_matrix': [[9, 4], [0, 4]], 'auc': 0.9038461538461539, 'roc_curve': {'fpr': [0.0, 0.0, 0.07692307692307693, 0.07692307692307693, 0.15384615384615385, 0.15384615384615385, 1.0], 'tpr': [0.0, 0.25, 0.25, 0.5, 0.5, 1.0, 1.0]}}}",resnet18_forniceal_palpebral_v2,"[1.006365772007274, 0.8301385957367566, 0.7678762617565337, 1.1942555746253656, 1.3222876024894974, 0.9814501635882319, 0.711966947633393, 0.6371404505303117, 0.8013412417197714, 0.9747768283701267, 0.997203408658099, 0.8972947954320584, 1.0273908344255824, 0.852547345518255]","[0.9000709441400343, 0.932484999779732, 1.4839747413512199, 0.8098965517936214, 0.8085784604472499, 0.732720052042315, 0.72166488247533, 0.8608791828155518, 0.8812788571080854, 0.7879688912822355, 0.8613754087878812, 1.3516303493130593, 0.9340372354753556, 0.9693581558042957]","[{'accuracy': 0.45161290322580644, 'f1': 0.6222222222222222, 'sensitivity': 1.0, 'specificity': 0.0}, {'accuracy': 0.45161290322580644, 'f1': 0.6222222222222222, 'sensitivity': 1.0, 'specificity': 0.0}, {'accuracy': 0.45161290322580644, 'f1': 0.6222222222222222, 'sensitivity': 1.0, 'specificity': 0.0}, {'accuracy': 0.6774193548387096, 'f1': 0.7222222222222222, 'sensitivity': 0.9285714285714286, 'specificity': 0.47058823529411764}, {'accuracy': 0.6451612903225806, 'f1': 0.6666666666666666, 'sensitivity': 0.7857142857142857, 'specificity': 0.5294117647058824}, {'accuracy': 0.6129032258064516, 'f1': 0.5384615384615384, 'sensitivity': 0.5, 'specificity': 0.7058823529411765}, {'accuracy': 0.7096774193548387, 'f1': 0.7272727272727273, 'sensitivity': 0.8571428571428571, 'specificity': 0.5882352941176471}, {'accuracy': 0.5806451612903226, 'f1': 0.6829268292682927, 'sensitivity': 1.0, 'specificity': 0.23529411764705882}, {'accuracy': 0.5483870967741935, 'f1': 0.6666666666666666, 'sensitivity': 1.0, 'specificity': 0.17647058823529413}, {'accuracy': 0.6129032258064516, 'f1': 0.4, 'sensitivity': 0.2857142857142857, 'specificity': 0.8823529411764706}, {'accuracy': 0.6129032258064516, 'f1': 0.3333333333333333, 'sensitivity': 0.21428571428571427, 'specificity': 0.9411764705882353}, {'accuracy': 0.5483870967741935, 'f1': 0.6666666666666666, 'sensitivity': 1.0, 'specificity': 0.17647058823529413}, {'accuracy': 0.6129032258064516, 'f1': 0.45454545454545453, 'sensitivity': 0.35714285714285715, 'specificity': 0.8235294117647058}, {'accuracy': 0.5806451612903226, 'f1': 0.6829268292682927, 'sensitivity': 1.0, 'specificity': 0.23529411764705882}]",COMPLETE
