number,value,datetime_start,datetime_complete,duration,params_dropout_rate,params_learning_rate,params_weight_decay,user_attrs_best_val_metrics,user_attrs_model_name,user_attrs_train_loss_history,user_attrs_val_loss_history,user_attrs_val_overall_metrics_history,state
8,0.8,2026-08-02 15:50:12.046730,2026-08-02 15:51:37.868966,0 days 00:01:25.822236,0.2,0.00010887633888418058,1.0167752817069834e-05,"{'overall': {'n': 33, 'accuracy': 0.8181818181818182, 'precision': 0.75, 'recall': 0.8571428571428571, 'sensitivity': 0.8571428571428571, 'specificity': 0.7894736842105263, 'balanced_accuracy': 0.8233082706766917, 'f1': 0.8, 'confusion_matrix': [[15, 4], [2, 12]], 'auc': 0.8984962406015038, 'roc_curve': {'fpr': [0.0, 0.0, 0.0, 0.05263157894736842, 0.05263157894736842, 0.10526315789473684, 0.10526315789473684, 0.15789473684210525, 0.15789473684210525, 0.21052631578947367, 0.21052631578947367, 0.3157894736842105, 0.3157894736842105, 1.0], 'tpr': [0.0, 0.07142857142857142, 0.35714285714285715, 0.35714285714285715, 0.5714285714285714, 0.5714285714285714, 0.6428571428571429, 0.6428571428571429, 0.7857142857142857, 0.7857142857142857, 0.8571428571428571, 0.8571428571428571, 1.0, 1.0]}}, 'India': {'n': 14, 'accuracy': 0.6428571428571429, 'precision': 0.7272727272727273, 'recall': 0.8, 'sensitivity': 0.8, 'specificity': 0.25, 'balanced_accuracy': 0.525, 'f1': 0.7619047619047619, 'confusion_matrix': [[1, 3], [2, 8]], 'auc': 0.625, 'roc_curve': {'fpr': [0.0, 0.0, 0.0, 0.25, 0.25, 0.5, 0.5, 0.75, 0.75, 1.0, 1.0], 'tpr': [0.0, 0.1, 0.4, 0.4, 0.6, 0.6, 0.7, 0.7, 0.8, 0.8, 1.0]}}, 'Italy': {'n': 19, 'accuracy': 0.9473684210526315, 'precision': 0.8, 'recall': 1.0, 'sensitivity': 1.0, 'specificity': 0.9333333333333333, 'balanced_accuracy': 0.9666666666666667, 'f1': 0.8888888888888888, 'confusion_matrix': [[14, 1], [0, 4]], 'auc': 0.9833333333333334, 'roc_curve': {'fpr': [0.0, 0.0, 0.0, 0.06666666666666667, 0.06666666666666667, 1.0], 'tpr': [0.0, 0.25, 0.75, 0.75, 1.0, 1.0]}}}",efficientnet_b0_palpebral_v2_clean,"[0.8039346033374205, 0.8107123138099317, 0.7950596110710245, 0.7920036584336236, 0.7853347307798878, 0.7784319646311122, 0.7768590927913489, 0.759192787653563, 0.7757745886480572, 0.7589262029193095, 0.7473041071797049, 0.7572728352041433, 0.7345320053447951, 0.7472157778329407, 0.7445348655151216, 0.7326390265628991, 0.7233224092729834, 0.7387772103808573, 0.7178116389457753, 0.7122968182658518, 0.7172417214374669, 0.7149125945489139, 0.7035017222758161, 0.7076289468253685, 0.6971975320222362, 0.7141655687464784, 0.6827463657650726, 0.7035242090162063, 0.6921346554693008, 0.689223107123217, 0.7001188125041936, 0.6904538115918242, 0.6910305149507838, 0.6787279883757332, 0.674812181501199, 0.6689550892406742, 0.6667103218716501, 0.6639164990147218, 0.6713555932834449, 0.6766129921603676, 0.6526696512241237, 0.6618326562919364, 0.6389935494258704, 0.6665481451331385, 0.6594325935603768, 0.680720379020994, 0.6701552895520697, 0.6663071773699577, 0.6557917184387612, 0.6471475216726593, 0.6615766117114894, 0.6090029383337261, 0.6666233417214147, 0.6716478344620458, 0.6579421648126564, 0.639455972917822, 0.624479422111385, 0.6356435374708365, 0.6625538539412795, 0.6338241376624202, 0.6235929060455979, 0.6257721055422397, 0.629723405601173, 0.6333680113419792, 0.6348372839933989, 0.6232410764062641, 0.6506756086223173, 0.6143256662697192, 0.638351506744789, 0.6087708260049883, 0.6090046641052953, 0.6181942299501786, 0.6353313484728731, 0.6355067100745952, 0.6275880245972942, 0.6127833475340281, 0.6163442679588368, 0.62443481731099, 0.6308524423087669, 0.6114599090933011, 0.636447620707632, 0.6176892574259777, 0.6427349440309386, 0.630015402045471, 0.6013386241647581, 0.6036239826916069, 0.6184110586216908, 0.6068110548897295, 0.6158710015530617, 0.6286407661753775, 0.6199767652726331, 0.605946633594715, 0.6364468055845096, 0.6203863154973416, 0.626915534205784, 0.6116214761670852, 0.6194102993074632, 0.5906686076265297, 0.5836290827650108, 0.605095313084836, 0.5797880659040237, 0.6025306870605772, 0.6109601440808631, 0.5931589524477523, 0.6029265147960738, 0.5880874671683406, 0.6159009369003852, 0.588717141293532, 0.5839055918699858, 0.6017851541373903, 0.5669775305204834, 0.6153339044937235, 0.5894685963921199, 0.5972006589371637, 0.6031910984326672, 0.5754672320473273, 0.6247789634774062, 0.5849015945630358, 0.5685853255505593, 0.5875042807187466, 0.5983359971583284, 0.5657879947037097, 0.6011024370098745, 0.6121210740102048, 0.5759537508156126, 0.587222888769693, 0.5856250287681226, 0.5979626940575656, 0.5721130177674704, 0.6166912518589702, 0.5771103761843498, 0.5933287992382681, 0.5809001401560197, 0.5724596764078204, 0.5684460650216665, 0.5651217541157805]","[0.8251800211993131, 0.816817121072249, 0.8243957450895598, 0.821437904329011, 0.8133409781889482, 0.807352495915962, 0.80081491578709, 0.8060147382996299, 0.7986435854073727, 0.7814787283088221, 0.7596086661020914, 0.7406907406720248, 0.7280661752729705, 0.7160643646211335, 0.7059465393875585, 0.701440610668876, 0.6929750117388639, 0.6886681119600931, 0.6850092338793206, 0.6788977998675723, 0.6749690879474987, 0.6713904720364194, 0.6672774029500557, 0.6641777591271834, 0.6593091740752711, 0.6581659533760764, 0.6512016202464248, 0.648869761914918, 0.6435652393283267, 0.6419385238127275, 0.6371606443867539, 0.6344706542564161, 0.6325095747456406, 0.6322889255754875, 0.6288411526968984, 0.6275426582856611, 0.6246068838870886, 0.6225578134710138, 0.6171080379775076, 0.6168234998529608, 0.6130613377600005, 0.6122467969403123, 0.6082524133451057, 0.6075301242597175, 0.6015814542770386, 0.6019338730609778, 0.6006802934588809, 0.5984716596025409, 0.5969882372653845, 0.5965543867963733, 0.5946400382302024, 0.5908100171522661, 0.5887392867695201, 0.5888712767398718, 0.5909747228477941, 0.5870203357754331, 0.5839415364193193, 0.5835423586946545, 0.5804247151721608, 0.5779706871870792, 0.5783567067348596, 0.578404123132879, 0.5745662812030676, 0.5741211031422471, 0.5740756085424712, 0.5731548197341688, 0.570316038348458, 0.5682219592007723, 0.568368339177334, 0.5684867158080592, 0.5663488904635111, 0.5663770780418859, 0.5625619238073175, 0.5605524651931993, 0.5598181811246005, 0.5521377541802146, 0.5555832566636981, 0.5539990302288171, 0.5528836250305176, 0.5544390515847639, 0.5491694609324137, 0.5478337840600447, 0.5488611911282395, 0.5463604186520432, 0.5448090632756551, 0.5440958702202999, 0.5448986057079199, 0.5465975620529868, 0.5450225093147971, 0.5407421679207773, 0.5428377426031864, 0.5434219764940666, 0.5408146200758038, 0.5412098675063162, 0.5388644987886603, 0.536611845999053, 0.5356258858333934, 0.533430607029886, 0.531230299761801, 0.5347340684948545, 0.5355549490813053, 0.5331403071230109, 0.5324936960682725, 0.531558815276984, 0.5293021942629959, 0.5305343884410281, 0.5299944064833901, 0.5278099757252317, 0.5283515615896746, 0.5267076672929706, 0.5260771368489121, 0.5246749339681683, 0.5245525692448472, 0.524214486281077, 0.5262262225151062, 0.5268586603077975, 0.5276773084293712, 0.5251435348481843, 0.5243236783779028, 0.5261834065119425, 0.5239505569140116, 0.5196151426344207, 0.5190561197020791, 0.5172061089313391, 0.5177596771355831, 0.5185486349192533, 0.5155153834458553, 0.5099515354994572, 0.5092363845218312, 0.514554253130248, 0.5167604684829712, 0.5143937486590762, 0.5139593933567856, 0.5143124750166228, 0.5147310513438601, 0.5129380804119688]","[{'accuracy': 0.5454545454545454, 'f1': 0.11764705882352941, 'sensitivity': 0.07142857142857142, 'specificity': 0.8947368421052632}, {'accuracy': 0.5454545454545454, 'f1': 0.11764705882352941, 'sensitivity': 0.07142857142857142, 'specificity': 0.8947368421052632}, {'accuracy': 0.48484848484848486, 'f1': 0.0, 'sensitivity': 0.0, 'specificity': 0.8421052631578947}, {'accuracy': 0.5757575757575758, 'f1': 0.2222222222222222, 'sensitivity': 0.14285714285714285, 'specificity': 0.8947368421052632}, {'accuracy': 0.5454545454545454, 'f1': 0.34782608695652173, 'sensitivity': 0.2857142857142857, 'specificity': 0.7368421052631579}, {'accuracy': 0.6363636363636364, 'f1': 0.5, 'sensitivity': 0.42857142857142855, 'specificity': 0.7894736842105263}, {'accuracy': 0.6666666666666666, 'f1': 0.47619047619047616, 'sensitivity': 0.35714285714285715, 'specificity': 0.8947368421052632}, {'accuracy': 0.5454545454545454, 'f1': 0.21052631578947367, 'sensitivity': 0.14285714285714285, 'specificity': 0.8421052631578947}, {'accuracy': 0.5757575757575758, 'f1': 0.3, 'sensitivity': 0.21428571428571427, 'specificity': 0.8421052631578947}, {'accuracy': 0.5454545454545454, 'f1': 0.2857142857142857, 'sensitivity': 0.21428571428571427, 'specificity': 0.7894736842105263}, {'accuracy': 0.6666666666666666, 'f1': 0.5925925925925926, 'sensitivity': 0.5714285714285714, 'specificity': 0.7368421052631579}, {'accuracy': 0.7575757575757576, 'f1': 0.7333333333333333, 'sensitivity': 0.7857142857142857, 'specificity': 0.7368421052631579}, {'accuracy': 0.7575757575757576, 'f1': 0.7333333333333333, 'sensitivity': 0.7857142857142857, 'specificity': 0.7368421052631579}, {'accuracy': 0.7575757575757576, 'f1': 0.7333333333333333, 'sensitivity': 0.7857142857142857, 'specificity': 0.7368421052631579}, {'accuracy': 0.7272727272727273, 'f1': 0.7096774193548387, 'sensitivity': 0.7857142857142857, 'specificity': 0.6842105263157895}, {'accuracy': 0.7272727272727273, 'f1': 0.7096774193548387, 'sensitivity': 0.7857142857142857, 'specificity': 0.6842105263157895}, {'accuracy': 0.7575757575757576, 'f1': 0.7333333333333333, 'sensitivity': 0.7857142857142857, 'specificity': 0.7368421052631579}, {'accuracy': 0.7575757575757576, 'f1': 0.7333333333333333, 'sensitivity': 0.7857142857142857, 'specificity': 0.7368421052631579}, {'accuracy': 0.7575757575757576, 'f1': 0.7333333333333333, 'sensitivity': 0.7857142857142857, 'specificity': 0.7368421052631579}, {'accuracy': 0.7575757575757576, 'f1': 0.7142857142857143, 'sensitivity': 0.7142857142857143, 'specificity': 0.7894736842105263}, {'accuracy': 0.7575757575757576, 'f1': 0.7142857142857143, 'sensitivity': 0.7142857142857143, 'specificity': 0.7894736842105263}, {'accuracy': 0.7575757575757576, 'f1': 0.7142857142857143, 'sensitivity': 0.7142857142857143, 'specificity': 0.7894736842105263}, {'accuracy': 0.7575757575757576, 'f1': 0.7142857142857143, 'sensitivity': 0.7142857142857143, 'specificity': 0.7894736842105263}, {'accuracy': 0.7878787878787878, 'f1': 0.7407407407407407, 'sensitivity': 0.7142857142857143, 'specificity': 0.8421052631578947}, {'accuracy': 0.7878787878787878, 'f1': 0.7407407407407407, 'sensitivity': 0.7142857142857143, 'specificity': 0.8421052631578947}, {'accuracy': 0.7878787878787878, 'f1': 0.7407407407407407, 'sensitivity': 0.7142857142857143, 'specificity': 0.8421052631578947}, {'accuracy': 0.7878787878787878, 'f1': 0.7407407407407407, 'sensitivity': 0.7142857142857143, 'specificity': 0.8421052631578947}, {'accuracy': 0.7878787878787878, 'f1': 0.7407407407407407, 'sensitivity': 0.7142857142857143, 'specificity': 0.8421052631578947}, {'accuracy': 0.7878787878787878, 'f1': 0.7407407407407407, 'sensitivity': 0.7142857142857143, 'specificity': 0.8421052631578947}, {'accuracy': 0.7878787878787878, 'f1': 0.7407407407407407, 'sensitivity': 0.7142857142857143, 'specificity': 0.8421052631578947}, {'accuracy': 0.7878787878787878, 'f1': 0.7407407407407407, 'sensitivity': 0.7142857142857143, 'specificity': 0.8421052631578947}, {'accuracy': 0.7878787878787878, 'f1': 0.7586206896551724, 'sensitivity': 0.7857142857142857, 'specificity': 0.7894736842105263}, {'accuracy': 0.7575757575757576, 'f1': 0.7142857142857143, 'sensitivity': 0.7142857142857143, 'specificity': 0.7894736842105263}, {'accuracy': 0.7878787878787878, 'f1': 0.7407407407407407, 'sensitivity': 0.7142857142857143, 'specificity': 0.8421052631578947}, {'accuracy': 0.7878787878787878, 'f1': 0.7407407407407407, 'sensitivity': 0.7142857142857143, 'specificity': 0.8421052631578947}, {'accuracy': 0.7878787878787878, 'f1': 0.7407407407407407, 'sensitivity': 0.7142857142857143, 'specificity': 0.8421052631578947}, {'accuracy': 0.7878787878787878, 'f1': 0.7407407407407407, 'sensitivity': 0.7142857142857143, 'specificity': 0.8421052631578947}, {'accuracy': 0.7878787878787878, 'f1': 0.7407407407407407, 'sensitivity': 0.7142857142857143, 'specificity': 0.8421052631578947}, {'accuracy': 0.7878787878787878, 'f1': 0.7407407407407407, 'sensitivity': 0.7142857142857143, 'specificity': 0.8421052631578947}, {'accuracy': 0.7878787878787878, 'f1': 0.7407407407407407, 'sensitivity': 0.7142857142857143, 'specificity': 0.8421052631578947}, {'accuracy': 0.7878787878787878, 'f1': 0.7407407407407407, 'sensitivity': 0.7142857142857143, 'specificity': 0.8421052631578947}, {'accuracy': 0.7878787878787878, 'f1': 0.7407407407407407, 'sensitivity': 0.7142857142857143, 'specificity': 0.8421052631578947}, {'accuracy': 0.7878787878787878, 'f1': 0.7407407407407407, 'sensitivity': 0.7142857142857143, 'specificity': 0.8421052631578947}, {'accuracy': 0.8181818181818182, 'f1': 0.7857142857142857, 'sensitivity': 0.7857142857142857, 'specificity': 0.8421052631578947}, {'accuracy': 0.7878787878787878, 'f1': 0.7586206896551724, 'sensitivity': 0.7857142857142857, 'specificity': 0.7894736842105263}, {'accuracy': 0.7878787878787878, 'f1': 0.7586206896551724, 'sensitivity': 0.7857142857142857, 'specificity': 0.7894736842105263}, {'accuracy': 0.7878787878787878, 'f1': 0.7586206896551724, 'sensitivity': 0.7857142857142857, 'specificity': 0.7894736842105263}, {'accuracy': 0.8181818181818182, 'f1': 0.7857142857142857, 'sensitivity': 0.7857142857142857, 'specificity': 0.8421052631578947}, {'accuracy': 0.7575757575757576, 'f1': 0.7142857142857143, 'sensitivity': 0.7142857142857143, 'specificity': 0.7894736842105263}, {'accuracy': 0.7878787878787878, 'f1': 0.7407407407407407, 'sensitivity': 0.7142857142857143, 'specificity': 0.8421052631578947}, {'accuracy': 0.7878787878787878, 'f1': 0.7586206896551724, 'sensitivity': 0.7857142857142857, 'specificity': 0.7894736842105263}, {'accuracy': 0.7878787878787878, 'f1': 0.7586206896551724, 'sensitivity': 0.7857142857142857, 'specificity': 0.7894736842105263}, {'accuracy': 0.7878787878787878, 'f1': 0.7586206896551724, 'sensitivity': 0.7857142857142857, 'specificity': 0.7894736842105263}, {'accuracy': 0.7878787878787878, 'f1': 0.7586206896551724, 'sensitivity': 0.7857142857142857, 'specificity': 0.7894736842105263}, {'accuracy': 0.7878787878787878, 'f1': 0.7586206896551724, 'sensitivity': 0.7857142857142857, 'specificity': 0.7894736842105263}, {'accuracy': 0.7878787878787878, 'f1': 0.7586206896551724, 'sensitivity': 0.7857142857142857, 'specificity': 0.7894736842105263}, {'accuracy': 0.7878787878787878, 'f1': 0.7586206896551724, 'sensitivity': 0.7857142857142857, 'specificity': 0.7894736842105263}, {'accuracy': 0.7878787878787878, 'f1': 0.7586206896551724, 'sensitivity': 0.7857142857142857, 'specificity': 0.7894736842105263}, {'accuracy': 0.8181818181818182, 'f1': 0.7857142857142857, 'sensitivity': 0.7857142857142857, 'specificity': 0.8421052631578947}, {'accuracy': 0.7878787878787878, 'f1': 0.7586206896551724, 'sensitivity': 0.7857142857142857, 'specificity': 0.7894736842105263}, {'accuracy': 0.7878787878787878, 'f1': 0.7586206896551724, 'sensitivity': 0.7857142857142857, 'specificity': 0.7894736842105263}, {'accuracy': 0.7878787878787878, 'f1': 0.7586206896551724, 'sensitivity': 0.7857142857142857, 'specificity': 0.7894736842105263}, {'accuracy': 0.7878787878787878, 'f1': 0.7586206896551724, 'sensitivity': 0.7857142857142857, 'specificity': 0.7894736842105263}, {'accuracy': 0.7878787878787878, 'f1': 0.7586206896551724, 'sensitivity': 0.7857142857142857, 'specificity': 0.7894736842105263}, {'accuracy': 0.7878787878787878, 'f1': 0.7586206896551724, 'sensitivity': 0.7857142857142857, 'specificity': 0.7894736842105263}, {'accuracy': 0.7878787878787878, 'f1': 0.7586206896551724, 'sensitivity': 0.7857142857142857, 'specificity': 0.7894736842105263}, {'accuracy': 0.7878787878787878, 'f1': 0.7586206896551724, 'sensitivity': 0.7857142857142857, 'specificity': 0.7894736842105263}, {'accuracy': 0.7878787878787878, 'f1': 0.7586206896551724, 'sensitivity': 0.7857142857142857, 'specificity': 0.7894736842105263}, {'accuracy': 0.7878787878787878, 'f1': 0.7586206896551724, 'sensitivity': 0.7857142857142857, 'specificity': 0.7894736842105263}, {'accuracy': 0.7878787878787878, 'f1': 0.7586206896551724, 'sensitivity': 0.7857142857142857, 'specificity': 0.7894736842105263}, {'accuracy': 0.7878787878787878, 'f1': 0.7586206896551724, 'sensitivity': 0.7857142857142857, 'specificity': 0.7894736842105263}, {'accuracy': 0.7878787878787878, 'f1': 0.7586206896551724, 'sensitivity': 0.7857142857142857, 'specificity': 0.7894736842105263}, {'accuracy': 0.7878787878787878, 'f1': 0.7586206896551724, 'sensitivity': 0.7857142857142857, 'specificity': 0.7894736842105263}, {'accuracy': 0.7878787878787878, 'f1': 0.7586206896551724, 'sensitivity': 0.7857142857142857, 'specificity': 0.7894736842105263}, {'accuracy': 0.8181818181818182, 'f1': 0.7857142857142857, 'sensitivity': 0.7857142857142857, 'specificity': 0.8421052631578947}, {'accuracy': 0.8181818181818182, 'f1': 0.7857142857142857, 'sensitivity': 0.7857142857142857, 'specificity': 0.8421052631578947}, {'accuracy': 0.8181818181818182, 'f1': 0.7857142857142857, 'sensitivity': 0.7857142857142857, 'specificity': 0.8421052631578947}, {'accuracy': 0.8181818181818182, 'f1': 0.7857142857142857, 'sensitivity': 0.7857142857142857, 'specificity': 0.8421052631578947}, {'accuracy': 0.8181818181818182, 'f1': 0.7857142857142857, 'sensitivity': 0.7857142857142857, 'specificity': 0.8421052631578947}, {'accuracy': 0.7878787878787878, 'f1': 0.7586206896551724, 'sensitivity': 0.7857142857142857, 'specificity': 0.7894736842105263}, {'accuracy': 0.7878787878787878, 'f1': 0.7586206896551724, 'sensitivity': 0.7857142857142857, 'specificity': 0.7894736842105263}, {'accuracy': 0.7878787878787878, 'f1': 0.7586206896551724, 'sensitivity': 0.7857142857142857, 'specificity': 0.7894736842105263}, {'accuracy': 0.8181818181818182, 'f1': 0.7857142857142857, 'sensitivity': 0.7857142857142857, 'specificity': 0.8421052631578947}, {'accuracy': 0.7878787878787878, 'f1': 0.7586206896551724, 'sensitivity': 0.7857142857142857, 'specificity': 0.7894736842105263}, {'accuracy': 0.8181818181818182, 'f1': 0.7857142857142857, 'sensitivity': 0.7857142857142857, 'specificity': 0.8421052631578947}, {'accuracy': 0.7878787878787878, 'f1': 0.7586206896551724, 'sensitivity': 0.7857142857142857, 'specificity': 0.7894736842105263}, {'accuracy': 0.7878787878787878, 'f1': 0.7586206896551724, 'sensitivity': 0.7857142857142857, 'specificity': 0.7894736842105263}, {'accuracy': 0.7575757575757576, 'f1': 0.7333333333333333, 'sensitivity': 0.7857142857142857, 'specificity': 0.7368421052631579}, {'accuracy': 0.7878787878787878, 'f1': 0.7741935483870968, 'sensitivity': 0.8571428571428571, 'specificity': 0.7368421052631579}, {'accuracy': 0.7878787878787878, 'f1': 0.7586206896551724, 'sensitivity': 0.7857142857142857, 'specificity': 0.7894736842105263}, {'accuracy': 0.7878787878787878, 'f1': 0.7586206896551724, 'sensitivity': 0.7857142857142857, 'specificity': 0.7894736842105263}, {'accuracy': 0.7878787878787878, 'f1': 0.7586206896551724, 'sensitivity': 0.7857142857142857, 'specificity': 0.7894736842105263}, {'accuracy': 0.7878787878787878, 'f1': 0.7586206896551724, 'sensitivity': 0.7857142857142857, 'specificity': 0.7894736842105263}, {'accuracy': 0.7878787878787878, 'f1': 0.7586206896551724, 'sensitivity': 0.7857142857142857, 'specificity': 0.7894736842105263}, {'accuracy': 0.7575757575757576, 'f1': 0.7333333333333333, 'sensitivity': 0.7857142857142857, 'specificity': 0.7368421052631579}, {'accuracy': 0.7878787878787878, 'f1': 0.7586206896551724, 'sensitivity': 0.7857142857142857, 'specificity': 0.7894736842105263}, {'accuracy': 0.8181818181818182, 'f1': 0.8, 'sensitivity': 0.8571428571428571, 'specificity': 0.7894736842105263}, {'accuracy': 0.7878787878787878, 'f1': 0.7741935483870968, 'sensitivity': 0.8571428571428571, 'specificity': 0.7368421052631579}, {'accuracy': 0.7575757575757576, 'f1': 0.7333333333333333, 'sensitivity': 0.7857142857142857, 'specificity': 0.7368421052631579}, {'accuracy': 0.7878787878787878, 'f1': 0.7586206896551724, 'sensitivity': 0.7857142857142857, 'specificity': 0.7894736842105263}, {'accuracy': 0.7575757575757576, 'f1': 0.7333333333333333, 'sensitivity': 0.7857142857142857, 'specificity': 0.7368421052631579}, {'accuracy': 0.8181818181818182, 'f1': 0.8, 'sensitivity': 0.8571428571428571, 'specificity': 0.7894736842105263}, {'accuracy': 0.8181818181818182, 'f1': 0.8, 'sensitivity': 0.8571428571428571, 'specificity': 0.7894736842105263}, {'accuracy': 0.7878787878787878, 'f1': 0.7586206896551724, 'sensitivity': 0.7857142857142857, 'specificity': 0.7894736842105263}, {'accuracy': 0.8181818181818182, 'f1': 0.8, 'sensitivity': 0.8571428571428571, 'specificity': 0.7894736842105263}, {'accuracy': 0.7878787878787878, 'f1': 0.7741935483870968, 'sensitivity': 0.8571428571428571, 'specificity': 0.7368421052631579}, {'accuracy': 0.7878787878787878, 'f1': 0.7586206896551724, 'sensitivity': 0.7857142857142857, 'specificity': 0.7894736842105263}, {'accuracy': 0.8181818181818182, 'f1': 0.8, 'sensitivity': 0.8571428571428571, 'specificity': 0.7894736842105263}, {'accuracy': 0.8181818181818182, 'f1': 0.8, 'sensitivity': 0.8571428571428571, 'specificity': 0.7894736842105263}, {'accuracy': 0.8181818181818182, 'f1': 0.8, 'sensitivity': 0.8571428571428571, 'specificity': 0.7894736842105263}, {'accuracy': 0.8181818181818182, 'f1': 0.8, 'sensitivity': 0.8571428571428571, 'specificity': 0.7894736842105263}, {'accuracy': 0.7878787878787878, 'f1': 0.7586206896551724, 'sensitivity': 0.7857142857142857, 'specificity': 0.7894736842105263}, {'accuracy': 0.7878787878787878, 'f1': 0.7586206896551724, 'sensitivity': 0.7857142857142857, 'specificity': 0.7894736842105263}, {'accuracy': 0.7878787878787878, 'f