number,value,datetime_start,datetime_complete,duration,params_dropout_rate,params_learning_rate,params_weight_decay,user_attrs_best_val_metrics,user_attrs_model_name,user_attrs_train_loss_history,user_attrs_val_loss_history,user_attrs_val_overall_metrics_history,state
9,0.8571428571428571,2026-08-02 15:51:37.869310,2026-08-02 15:52:01.339281,0 days 00:00:23.469971,0.5,0.015122707124585407,0.00011656411818243152,"{'overall': {'n': 33, 'accuracy': 0.8787878787878788, 'precision': 0.8571428571428571, 'recall': 0.8571428571428571, 'sensitivity': 0.8571428571428571, 'specificity': 0.8947368421052632, 'balanced_accuracy': 0.8759398496240601, 'f1': 0.8571428571428571, 'confusion_matrix': [[17, 2], [2, 12]], 'auc': 0.9135338345864662, 'roc_curve': {'fpr': [0.0, 0.0, 0.0, 0.05263157894736842, 0.05263157894736842, 0.10526315789473684, 0.10526315789473684, 0.2631578947368421, 0.2631578947368421, 1.0], 'tpr': [0.0, 0.07142857142857142, 0.21428571428571427, 0.21428571428571427, 0.5714285714285714, 0.5714285714285714, 0.8571428571428571, 0.8571428571428571, 1.0, 1.0]}}, 'India': {'n': 14, 'accuracy': 0.8571428571428571, 'precision': 0.9, 'recall': 0.9, 'sensitivity': 0.9, 'specificity': 0.75, 'balanced_accuracy': 0.825, 'f1': 0.9, 'confusion_matrix': [[3, 1], [1, 9]], 'auc': 0.75, 'roc_curve': {'fpr': [0.0, 0.0, 0.0, 0.25, 0.25, 0.75, 0.75, 1.0], 'tpr': [0.0, 0.1, 0.2, 0.2, 0.9, 0.9, 1.0, 1.0]}}, 'Italy': {'n': 19, 'accuracy': 0.8947368421052632, 'precision': 0.75, 'recall': 0.75, 'sensitivity': 0.75, 'specificity': 0.9333333333333333, 'balanced_accuracy': 0.8416666666666667, 'f1': 0.75, 'confusion_matrix': [[14, 1], [1, 3]], 'auc': 0.9333333333333333, 'roc_curve': {'fpr': [0.0, 0.0, 0.06666666666666667, 0.06666666666666667, 0.13333333333333333, 0.13333333333333333, 1.0], 'tpr': [0.0, 0.25, 0.25, 0.75, 0.75, 1.0, 1.0]}}}",efficientnet_b0_palpebral_v2_clean,"[0.7556043109356962, 0.678425389015122, 0.6675082441197325, 0.6341086235267437, 0.6213492612965059, 0.7118502523725396, 0.6684651580077923, 0.5132406377634465, 0.622157840539288, 0.581114170961822, 0.5847856315555952, 0.5298120872863871, 0.6019951602481058, 0.618048457120428, 0.5339806873277323, 0.5591994259531134, 0.5394056218349381, 0.7798176186763688, 0.5593365782144054, 0.45302023003432923, 0.6016227014806886, 0.640478449941471, 0.5961162025565343, 0.6264673562239338, 0.5327189805491871, 0.5838296318685772, 0.47019028347849057, 0.5024783145512967, 0.6421332009975483, 0.5230756526356501, 0.5092476681368241, 0.5603842216216965, 0.5960645241453159, 0.551111292365371, 0.6764070667967891, 0.5176226530248755, 0.6043772061929008]","[0.8027475620761062, 0.8612380533507376, 0.8727210904612686, 0.8705938024954363, 0.9413940328540225, 0.8373734047918608, 0.9783796686114687, 0.7799752047567656, 0.7804260976386793, 0.7785687013105913, 0.7129913387876569, 0.6052889318177195, 0.5461764985864813, 0.4898882706960042, 0.5004681529420795, 0.47899212981715344, 0.4702269236246745, 0.47497670578234125, 0.463085134824117, 0.46469392920985364, 0.4864933057264848, 0.47203855081038043, 0.47109370520620636, 0.4637425090327407, 0.4660567876064416, 0.4431642474550189, 0.4320663466598048, 0.4400037346464215, 0.40893619710748846, 0.40101669051430444, 0.4393140980691621, 0.4323018753167355, 0.4792259967688358, 0.5197072968338475, 0.5214898730769302, 0.5383592229900938, 0.4293473850597035]","[{'accuracy': 0.5454545454545454, 'f1': 0.5161290322580645, 'sensitivity': 0.5714285714285714, 'specificity': 0.5263157894736842}, {'accuracy': 0.42424242424242425, 'f1': 0.5777777777777777, 'sensitivity': 0.9285714285714286, 'specificity': 0.05263157894736842}, {'accuracy': 0.3939393939393939, 'f1': 0.47368421052631576, 'sensitivity': 0.6428571428571429, 'specificity': 0.21052631578947367}, {'accuracy': 0.6666666666666666, 'f1': 0.42105263157894735, 'sensitivity': 0.2857142857142857, 'specificity': 0.9473684210526315}, {'accuracy': 0.5454545454545454, 'f1': 0.0, 'sensitivity': 0.0, 'specificity': 0.9473684210526315}, {'accuracy': 0.5757575757575758, 'f1': 0.125, 'sensitivity': 0.07142857142857142, 'specificity': 0.9473684210526315}, {'accuracy': 0.6060606060606061, 'f1': 0.13333333333333333, 'sensitivity': 0.07142857142857142, 'specificity': 1.0}, {'accuracy': 0.6363636363636364, 'f1': 0.4, 'sensitivity': 0.2857142857142857, 'specificity': 0.8947368421052632}, {'accuracy': 0.696969696969697, 'f1': 0.5454545454545454, 'sensitivity': 0.42857142857142855, 'specificity': 0.8947368421052632}, {'accuracy': 0.7575757575757576, 'f1': 0.6363636363636364, 'sensitivity': 0.5, 'specificity': 0.9473684210526315}, {'accuracy': 0.7575757575757576, 'f1': 0.6666666666666666, 'sensitivity': 0.5714285714285714, 'specificity': 0.8947368421052632}, {'accuracy': 0.7575757575757576, 'f1': 0.6923076923076923, 'sensitivity': 0.6428571428571429, 'specificity': 0.8421052631578947}, {'accuracy': 0.7575757575757576, 'f1': 0.7142857142857143, 'sensitivity': 0.7142857142857143, 'specificity': 0.7894736842105263}, {'accuracy': 0.8181818181818182, 'f1': 0.7692307692307693, 'sensitivity': 0.7142857142857143, 'specificity': 0.8947368421052632}, {'accuracy': 0.7878787878787878, 'f1': 0.7741935483870968, 'sensitivity': 0.8571428571428571, 'specificity': 0.7368421052631579}, {'accuracy': 0.7272727272727273, 'f1': 0.6666666666666666, 'sensitivity': 0.6428571428571429, 'specificity': 0.7894736842105263}, {'accuracy': 0.7575757575757576, 'f1': 0.7142857142857143, 'sensitivity': 0.7142857142857143, 'specificity': 0.7894736842105263}, {'accuracy': 0.8181818181818182, 'f1': 0.8, 'sensitivity': 0.8571428571428571, 'specificity': 0.7894736842105263}, {'accuracy': 0.7878787878787878, 'f1': 0.7741935483870968, 'sensitivity': 0.8571428571428571, 'specificity': 0.7368421052631579}, {'accuracy': 0.7575757575757576, 'f1': 0.7333333333333333, 'sensitivity': 0.7857142857142857, 'specificity': 0.7368421052631579}, {'accuracy': 0.8181818181818182, 'f1': 0.75, 'sensitivity': 0.6428571428571429, 'specificity': 0.9473684210526315}, {'accuracy': 0.7878787878787878, 'f1': 0.7741935483870968, 'sensitivity': 0.8571428571428571, 'specificity': 0.7368421052631579}, {'accuracy': 0.8484848484848485, 'f1': 0.8148148148148148, 'sensitivity': 0.7857142857142857, 'specificity': 0.8947368421052632}, {'accuracy': 0.8484848484848485, 'f1': 0.8148148148148148, 'sensitivity': 0.7857142857142857, 'specificity': 0.8947368421052632}, {'accuracy': 0.8181818181818182, 'f1': 0.8, 'sensitivity': 0.8571428571428571, 'specificity': 0.7894736842105263}, {'accuracy': 0.8787878787878788, 'f1': 0.8571428571428571, 'sensitivity': 0.8571428571428571, 'specificity': 0.8947368421052632}, {'accuracy': 0.8787878787878788, 'f1': 0.8571428571428571, 'sensitivity': 0.8571428571428571, 'specificity': 0.8947368421052632}, {'accuracy': 0.7878787878787878, 'f1': 0.7741935483870968, 'sensitivity': 0.8571428571428571, 'specificity': 0.7368421052631579}, {'accuracy': 0.8484848484848485, 'f1': 0.8148148148148148, 'sensitivity': 0.7857142857142857, 'specificity': 0.8947368421052632}, {'accuracy': 0.8181818181818182, 'f1': 0.8, 'sensitivity': 0.8571428571428571, 'specificity': 0.7894736842105263}, {'accuracy': 0.8181818181818182, 'f1': 0.8, 'sensitivity': 0.8571428571428571, 'specificity': 0.7894736842105263}, {'accuracy': 0.8181818181818182, 'f1': 0.7692307692307693, 'sensitivity': 0.7142857142857143, 'specificity': 0.8947368421052632}, {'accuracy': 0.8181818181818182, 'f1': 0.7692307692307693, 'sensitivity': 0.7142857142857143, 'specificity': 0.8947368421052632}, {'accuracy': 0.7575757575757576, 'f1': 0.7142857142857143, 'sensitivity': 0.7142857142857143, 'specificity': 0.7894736842105263}, {'accuracy': 0.7575757575757576, 'f1': 0.7142857142857143, 'sensitivity': 0.7142857142857143, 'specificity': 0.7894736842105263}, {'accuracy': 0.7878787878787878, 'f1': 0.6956521739130435, 'sensitivity': 0.5714285714285714, 'specificity': 0.9473684210526315}, {'accuracy': 0.8181818181818182, 'f1': 0.7857142857142857, 'sensitivity': 0.7857142857142857, 'specificity': 0.8421052631578947}]",COMPLETE
10,0.8387096774193549,2026-08-02 15:52:01.339744,2026-08-02 15:52:18.637307,0 days 00:00:17.297563,0.2,0.0021454841512197117,1.1211234935464234e-06,"{'overall': {'n': 33, 'accuracy': 0.8484848484848485, 'precision': 0.7647058823529411, 'recall': 0.9285714285714286, 'sensitivity': 0.9285714285714286, 'specificity': 0.7894736842105263, 'balanced_accuracy': 0.8590225563909775, 'f1': 0.8387096774193549, 'confusion_matrix': [[15, 4], [1, 13]], 'auc': 0.868421052631579, 'roc_curve': {'fpr': [0.0, 0.0, 0.0, 0.05263157894736842, 0.05263157894736842, 0.10526315789473684, 0.10526315789473684, 0.21052631578947367, 0.21052631578947367, 0.3157894736842105, 0.3157894736842105, 1.0], 'tpr': [0.0, 0.07142857142857142, 0.21428571428571427, 0.21428571428571427, 0.2857142857142857, 0.2857142857142857, 0.5714285714285714, 0.5714285714285714, 0.9285714285714286, 0.9285714285714286, 1.0, 1.0]}}, 'India': {'n': 14, 'accuracy': 0.7857142857142857, 'precision': 0.8181818181818182, 'recall': 0.9, 'sensitivity': 0.9, 'specificity': 0.5, 'balanced_accuracy': 0.7, 'f1': 0.8571428571428571, 'confusion_matrix': [[2, 2], [1, 9]], 'auc': 0.5750000000000001, 'roc_curve': {'fpr': [0.0, 0.0, 0.0, 0.25, 0.25, 0.5, 0.5, 1.0, 1.0], 'tpr': [0.0, 0.1, 0.2, 0.2, 0.3, 0.3, 0.9, 0.9, 1.0]}}, 'Italy': {'n': 19, 'accuracy': 0.8947368421052632, 'precision': 0.6666666666666666, 'recall': 1.0, 'sensitivity': 1.0, 'specificity': 0.8666666666666667, 'balanced_accuracy': 0.9333333333333333, 'f1': 0.8, 'confusion_matrix': [[13, 2], [0, 4]], 'auc': 0.9333333333333333, 'roc_curve': {'fpr': [0.0, 0.0, 0.0, 0.13333333333333333, 0.13333333333333333, 1.0], 'tpr': [0.0, 0.25, 0.5, 0.5, 1.0, 1.0]}}}",efficientnet_b0_palpebral_v2_clean,"[0.7549608227432958, 0.6986893135190799, 0.6596449649097115, 0.6220662589894225, 0.6043627341062028, 0.63172189447264, 0.6026016260614458, 0.558822019013348, 0.5636939351132374, 0.5691163733305521, 0.5288102105753312, 0.5688093312528749, 0.5313339383396881, 0.5640794982183848, 0.5589404323243148, 0.5537400960132776, 0.5053174657537448, 0.48760967578319525, 0.5268556700637009, 0.5852128184394331, 0.5096197996707942, 0.5290279968684872, 0.4846007383817079, 0.5609219212405729, 0.48765431492533906, 0.5300954138206331, 0.5329540596892502]","[0.7864295695767258, 0.7731115926395763, 0.8003710201292327, 0.7923380371296045, 0.7569757266478105, 0.7276710127339219, 0.7195268914555059, 0.7192973729335901, 0.6661132285089204, 0.6021742423375448, 0.571412696982875, 0.543799385879979, 0.5163792552370013, 0.500962911230145, 0.4971964539903583, 0.4761407555955829, 0.47205033085562964, 0.4556049614241629, 0.4598860993529811, 0.4531050775990342, 0.4534982876344161, 0.468140468452916, 0.4650853511058923, 0.4641930984728264, 0.4572501543796424, 0.4537669239622174, 0.46404203140374384]","[{'accuracy': 0.6666666666666666, 'f1': 0.35294117647058826, 'sensitivity': 0.21428571428571427, 'specificity': 1.0}, {'accuracy': 0.6666666666666666, 'f1': 0.6857142857142857, 'sensitivity': 0.8571428571428571, 'specificity': 0.5263157894736842}, {'accuracy': 0.6060606060606061, 'f1': 0.5806451612903226, 'sensitivity': 0.6428571428571429, 'specificity': 0.5789473684210527}, {'accuracy': 0.5757575757575758, 'f1': 0.2222222222222222, 'sensitivity': 0.14285714285714285, 'specificity': 0.8947368421052632}, {'accuracy': 0.6060606060606061, 'f1': 0.38095238095238093, 'sensitivity': 0.2857142857142857, 'specificity': 0.8421052631578947}, {'accuracy': 0.6060606060606061, 'f1': 0.38095238095238093, 'sensitivity': 0.2857142857142857, 'specificity': 0.8421052631578947}, {'accuracy': 0.5757575757575758, 'f1': 0.2222222222222222, 'sensitivity': 0.14285714285714285, 'specificity': 0.8947368421052632}, {'accuracy': 0.5757575757575758, 'f1': 0.2222222222222222, 'sensitivity': 0.14285714285714285, 'specificity': 0.8947368421052632}, {'accuracy': 0.6060606060606061, 'f1': 0.3157894736842105, 'sensitivity': 0.21428571428571427, 'specificity': 0.8947368421052632}, {'accuracy': 0.7272727272727273, 'f1': 0.64, 'sensitivity': 0.5714285714285714, 'specificity': 0.8421052631578947}, {'accuracy': 0.7575757575757576, 'f1': 0.6923076923076923, 'sensitivity': 0.6428571428571429, 'specificity': 0.8421052631578947}, {'accuracy': 0.7575757575757576, 'f1': 0.6923076923076923, 'sensitivity': 0.6428571428571429, 'specificity': 0.8421052631578947}, {'accuracy': 0.7878787878787878, 'f1': 0.7586206896551724, 'sensitivity': 0.7857142857142857, 'specificity': 0.7894736842105263}, {'accuracy': 0.8181818181818182, 'f1': 0.8, 'sensitivity': 0.8571428571428571, 'specificity': 0.7894736842105263}, {'accuracy': 0.8484848484848485, 'f1': 0.8387096774193549, 'sensitivity': 0.9285714285714286, 'specificity': 0.7894736842105263}, {'accuracy': 0.8484848484848485, 'f1': 0.8387096774193549, 'sensitivity': 0.9285714285714286, 'specificity': 0.7894736842105263}, {'accuracy': 0.8181818181818182, 'f1': 0.8, 'sensitivity': 0.8571428571428571, 'specificity': 0.7894736842105263}, {'accuracy': 0.7878787878787878, 'f1': 0.7586206896551724, 'sensitivity': 0.7857142857142857, 'specificity': 0.7894736842105263}, {'accuracy': 0.8484848484848485, 'f1': 0.8387096774193549, 'sensitivity': 0.9285714285714286, 'specificity': 0.7894736842105263}, {'accuracy': 0.8181818181818182, 'f1': 0.8, 'sensitivity': 0.8571428571428571, 'specificity': 0.7894736842105263}, {'accuracy': 0.8181818181818182, 'f1': 0.8, 'sensitivity': 0.8571428571428571, 'specificity': 0.7894736842105263}, {'accuracy': 0.8181818181818182, 'f1': 0.8, 'sensitivity': 0.8571428571428571, 'specificity': 0.7894736842105263}, {'accuracy': 0.7878787878787878, 'f1': 0.7741935483870968, 'sensitivity': 0.8571428571428571, 'specificity': 0.7368421052631579}, {'accuracy': 0.8181818181818182, 'f1': 0.8, 'sensitivity': 0.8571428571428571, 'specificity': 0.7894736842105263}, {'accuracy': 0.8181818181818182, 'f1': 0.8, 'sensitivity': 0.8571428571428571, 'specificity': 0.7894736842105263}, {'accuracy': 0.8181818181818182, 'f1': 0.8, 'sensitivity': 0.8571428571428571, 'specificity': 0.7894736842105263}, {'accuracy': 0.8181818181818182, 'f1': 0.8, 'sensitivity': 0.8571428571428571, 'specificity': 0.7894736842105263}]",COMPLETE
11,0.6896551724137931,2026-08-02 15:52:18.637618,2026-08-02 15:52:27.004914,0 days 00:00:08.367296,0.5,0.015139666892574528,0.0006254296037145211,"{'overall': {'n': 33, 'accuracy': 0.7272727272727273, 'precision': 0.6666666666666666, 'recall': 0.7142857142857143, 'sensitivity': 0.7142857142857143, 'specificity': 0.7368421052631579, 'balanced_accuracy': 0.7255639097744361, 'f1': 0.6896551724137931, 'confusion_matrix': [[14, 5], [4, 10]], 'auc': 0.8345864661654135, 'roc_curve': {'fpr': [0.0, 0.0, 0.0, 0.10526315789473684, 0.10526315789473684, 0.15789473684210525, 0.15789473684210525, 0.21052631578947367, 0.21052631578947367, 0.2631578947368421, 0.2631578947368421, 0.3157894736842105, 0.3157894736842105, 0.42105263157894735, 0.42105263157894735, 1.0], 'tpr': [0.0, 0.07142857142857142, 0.2857142857142857, 0.2857142857142857, 0.42857142857142855, 0.42857142857142855, 0.5, 0.5, 0.6428571428571429, 0.6428571428571429, 0.8571428571428571, 0.8571428571428571, 0.9285714285714286, 0.9285714285714286, 1.0, 1.0]}}, 'India': {'n': 14, 'accuracy': 0.6428571428571429, 'precision': 0.7272727272727273, 'recall': 0.8, 'sensitivity': 0.8, 'specificity': 0.25, 'balanced_accuracy': 0.525, 'f1': 0.7619047619047619, 'confusion_matrix': [[1, 3], [2, 8]], 'auc': 0.65, 'roc_curve': {'fpr': [0.0, 0.0, 0.0, 0.25, 0.25, 0.5, 0.5, 0.75, 0.75, 1.0, 1.0], 'tpr': [0.0, 0.1, 0.3, 0.3, 0.6, 0.6, 0.8, 0.8, 0.9, 0.9, 1.0]}}, 'Italy': {'n': 19, 'accuracy': 0.7894736842105263, 'precision': 0.5, 'recall': 0.5, 'sensitivity': 0.5, 'specificity': 0.8666666666666667, 'balanced_accuracy': 0.6833333333333333, 'f1': 0.5, 'confusion_matrix': [[13, 2], [2, 2]], 'auc': 0.8666666666666667, 'roc_curve': {'fpr': [0.0, 0.0, 0.13333333333333333, 0.13333333333333333, 0.26666666666666666, 0.26666666666666666, 1.0], 'tpr': [0.0, 0.25, 0.25, 0.75, 0.75, 1.0, 1.0]}}}",efficientnet_b0_palpebral_v2_clean,"[0.7042731611144464, 0.6592882843996515, 0.5856973560440619, 0.5710791609934623, 0.8237105702722309, 0.6346130221095306, 0.6258498686828361, 0.5360831474231569, 0.6379326380641255, 0.5633616115873223, 0.6774214170626457, 0.6188469888358716, 0.6400107461095645]","[0.773867646853129, 0.9388544017618353, 0.85270695252852, 0.8553060473817767, 0.880514094323823, 0.6202993076859098, 0.885727528369788, 1.0756065917737556, 1.0346087181206904, 0.8091465126384388, 0.8161400953928629, 0.9230964400551536, 0.6493912321148496]","[{'accuracy': 0.6666666666666666, 'f1': 0.35294117647058826, 'sensitivity': 0.21428571428571427, 'specificity': 1.0}, {'accuracy': 0.5757575757575758, 'f1': 0.0, 'sensitivity': 0.0, 'specificity': 1.0}, {'accuracy': 0.5757575757575758, 'f1': 0.2222222222222222, 'sensitivity': 0.14285714285714285, 'specificity': 0.8947368421052632}, {'accuracy': 0.5757575757575758, 'f1': 0.2222222222222222, 'sensitivity': 0.14285714285714285, 'specificity': 0.8947368421052632}, {'accuracy': 0.6060606060606061, 'f1': 0.13333333333333333, 'sensitivity': 0.07142857142857142, 'specificity': 1.0}, {'accuracy': 0.7575757575757576, 'f1': 0.6363636363636364, 'sensitivity': 0.5, 'specificity': 0.9473684210526315}, {'accuracy': 0.6060606060606061, 'f1': 0.13333333333333333, 'sensitivity': 0.07142857142857142, 'specificity': 1.0}, {'accuracy': 0.6060606060606061, 'f1': 0.13333333333333333, 'sensitivity': 0.07142857142857142, 'specificity': 1.0}, {'accuracy': 0.6060606060606061, 'f1': 0.3157894736842105, 'sensitivity': 0.21428571428571427, 'specificity': 0.8947368421052632}, {'accuracy': 0.696969696969697, 'f1': 0.6153846153846154, 'sensitivity': 0.5714285714285714, 'specificity': 0.7894736842105263}, {'accuracy': 0.6363636363636364, 'f1': 0.5, 'sensitivity': 0.42857142857142855, 'specificity': 0.7894736842105263}, {'accuracy': 0.696969696969697, 'f1': 0.5, 'sensitivity': 0.35714285714285715, 'specificity': 0.9473684210526315}, {'accuracy': 0.7272727272727273, 'f1': 0.6896551724137931, 'sensitivity': 0.7142857142857143, 'specificity': 0.7368421052631579}]",COMPLETE
