number,value,datetime_start,datetime_complete,duration,params_dropout_rate,params_learning_rate,params_weight_decay,user_attrs_best_val_metrics,user_attrs_model_name,user_attrs_train_loss_history,user_attrs_val_loss_history,user_attrs_val_overall_metrics_history,state
5,0.4827586206896552,2026-08-02 15:49:15.859850,2026-08-02 15:49:21.276969,0 days 00:00:05.417119,0.5,0.08088564223049027,1.0422971466648463e-06,"{'overall': {'n': 33, 'accuracy': 0.5454545454545454, 'precision': 0.4666666666666667, 'recall': 0.5, 'sensitivity': 0.5, 'specificity': 0.5789473684210527, 'balanced_accuracy': 0.5394736842105263, 'f1': 0.4827586206896552, 'confusion_matrix': [[11, 8], [7, 7]], 'auc': 0.5375939849624061, 'roc_curve': {'fpr': [0.0, 0.05263157894736842, 0.05263157894736842, 0.10526315789473684, 0.10526315789473684, 0.15789473684210525, 0.15789473684210525, 0.2631578947368421, 0.2631578947368421, 0.5263157894736842, 0.5263157894736842, 0.631578947368421, 0.631578947368421, 0.6842105263157895, 0.6842105263157895, 0.9473684210526315, 0.9473684210526315, 1.0, 1.0], 'tpr': [0.0, 0.0, 0.07142857142857142, 0.07142857142857142, 0.14285714285714285, 0.14285714285714285, 0.42857142857142855, 0.42857142857142855, 0.5, 0.5, 0.5714285714285714, 0.5714285714285714, 0.7142857142857143, 0.7142857142857143, 0.7857142857142857, 0.7857142857142857, 0.8571428571428571, 0.8571428571428571, 1.0]}}, 'India': {'n': 14, 'accuracy': 0.35714285714285715, 'precision': 0.6, 'recall': 0.3, 'sensitivity': 0.3, 'specificity': 0.5, 'balanced_accuracy': 0.4, 'f1': 0.4, 'confusion_matrix': [[2, 2], [7, 3]], 'auc': 0.37499999999999994, 'roc_curve': {'fpr': [0.0, 0.0, 0.0, 0.25, 0.25, 0.75, 0.75, 1.0, 1.0], 'tpr': [0.0, 0.1, 0.2, 0.2, 0.3, 0.3, 0.7, 0.7, 1.0]}}, 'Italy': {'n': 19, 'accuracy': 0.6842105263157895, 'precision': 0.4, 'recall': 1.0, 'sensitivity': 1.0, 'specificity': 0.6, 'balanced_accuracy': 0.8, 'f1': 0.5714285714285714, 'confusion_matrix': [[9, 6], [0, 4]], 'auc': 0.8500000000000001, 'roc_curve': {'fpr': [0.0, 0.06666666666666667, 0.13333333333333333, 0.13333333333333333, 0.2, 0.2, 1.0], 'tpr': [0.0, 0.0, 0.0, 0.75, 0.75, 1.0, 1.0]}}}",efficientnet_b0_palpebral_v2_clean,"[1.1363961554520967, 1.2854814947835658, 1.5905635775319789, 1.2665153347103801, 1.7433109765021217, 1.24669864082968, 1.8095864625956048, 1.6007977305658605]","[1.4253402514891191, 4.443422808791652, 2.4418967564900718, 3.8339649258237896, 2.842024239626798, 1.7738284197720615, 1.7477267294219045, 4.109697833205715]","[{'accuracy': 0.5454545454545454, 'f1': 0.4827586206896552, 'sensitivity': 0.5, 'specificity': 0.5789473684210527}, {'accuracy': 0.5757575757575758, 'f1': 0.0, 'sensitivity': 0.0, 'specificity': 1.0}, {'accuracy': 0.5757575757575758, 'f1': 0.0, 'sensitivity': 0.0, 'specificity': 1.0}, {'accuracy': 0.5757575757575758, 'f1': 0.0, 'sensitivity': 0.0, 'specificity': 1.0}, {'accuracy': 0.5757575757575758, 'f1': 0.0, 'sensitivity': 0.0, 'specificity': 1.0}, {'accuracy': 0.6666666666666666, 'f1': 0.35294117647058826, 'sensitivity': 0.21428571428571427, 'specificity': 1.0}, {'accuracy': 0.6363636363636364, 'f1': 0.3333333333333333, 'sensitivity': 0.21428571428571427, 'specificity': 0.9473684210526315}, {'accuracy': 0.5757575757575758, 'f1': 0.0, 'sensitivity': 0.0, 'specificity': 1.0}]",COMPLETE
6,0.8148148148148148,2026-08-02 15:49:21.277310,2026-08-02 15:49:37.773777,0 days 00:00:16.496467,0.5,0.06292801542378954,1.3123555471846897e-05,"{'overall': {'n': 33, 'accuracy': 0.8484848484848485, 'precision': 0.8461538461538461, 'recall': 0.7857142857142857, 'sensitivity': 0.7857142857142857, 'specificity': 0.8947368421052632, 'balanced_accuracy': 0.8402255639097744, 'f1': 0.8148148148148148, 'confusion_matrix': [[17, 2], [3, 11]], 'auc': 0.9398496240601504, 'roc_curve': {'fpr': [0.0, 0.0, 0.0, 0.05263157894736842, 0.05263157894736842, 0.21052631578947367, 0.21052631578947367, 0.3684210526315789, 0.3684210526315789, 1.0], 'tpr': [0.0, 0.07142857142857142, 0.7142857142857143, 0.7142857142857143, 0.7857142857142857, 0.7857142857142857, 0.9285714285714286, 0.9285714285714286, 1.0, 1.0]}}, 'India': {'n': 14, 'accuracy': 0.8571428571428571, 'precision': 1.0, 'recall': 0.8, 'sensitivity': 0.8, 'specificity': 1.0, 'balanced_accuracy': 0.9, 'f1': 0.8888888888888888, 'confusion_matrix': [[4, 0], [2, 8]], 'auc': 0.9, 'roc_curve': {'fpr': [0.0, 0.0, 0.0, 0.5, 0.5, 1.0], 'tpr': [0.0, 0.1, 0.8, 0.8, 1.0, 1.0]}}, 'Italy': {'n': 19, 'accuracy': 0.8421052631578947, 'precision': 0.6, 'recall': 0.75, 'sensitivity': 0.75, 'specificity': 0.8666666666666667, 'balanced_accuracy': 0.8083333333333333, 'f1': 0.6666666666666666, 'confusion_matrix': [[13, 2], [1, 3]], 'auc': 0.9333333333333333, 'roc_curve': {'fpr': [0.0, 0.0, 0.0, 0.06666666666666667, 0.06666666666666667, 0.2, 0.2, 1.0], 'tpr': [0.0, 0.25, 0.5, 0.5, 0.75, 0.75, 1.0, 1.0]}}}",efficientnet_b0_palpebral_v2_clean,"[1.110263137627911, 1.2840594897996511, 1.1188266368101765, 1.677122015037284, 1.4212138137675279, 1.179877550791431, 1.1156038243249553, 0.9781407449419135, 1.4489434302247912, 1.0642869326452546, 0.8943125112167257, 1.0970658505989226, 1.601598788570884, 1.1107968557749364, 1.2705280915001371, 1.1323756674267598, 1.2388391400015117, 1.5687154089378206, 0.9159233258260007, 1.3707700438846815, 1.1912434132683356, 1.0935918574301613, 1.2540320319845186, 1.3719383837371473, 0.9282305082738005, 1.3884193755143526]","[0.9418742042599302, 1.9414783969069973, 1.3504496704448352, 1.6274821758270264, 1.0675304441741018, 0.8548087893110333, 0.8053331086129853, 1.4908527460965244, 1.9122118227409595, 1.784123334017667, 1.7847586834069453, 1.323117530707157, 1.3419571500835996, 0.681476910909017, 0.7472496610699277, 1.0796090617324368, 0.7952718590245103, 0.5349567731221517, 0.5042693109223337, 0.5286644155328925, 0.87636644190008, 0.8238336389715021, 0.8312084024602716, 0.7837370092218573, 0.8235030896735914, 0.7691215457338275]","[{'accuracy': 0.5151515151515151, 'f1': 0.3333333333333333, 'sensitivity': 0.2857142857142857, 'specificity': 0.6842105263157895}, {'accuracy': 0.42424242424242425, 'f1': 0.5957446808510638, 'sensitivity': 1.0, 'specificity': 0.0}, {'accuracy': 0.36363636363636365, 'f1': 0.27586206896551724, 'sensitivity': 0.2857142857142857, 'specificity': 0.42105263157894735}, {'accuracy': 0.42424242424242425, 'f1': 0.5365853658536586, 'sensitivity': 0.7857142857142857, 'specificity': 0.15789473684210525}, {'accuracy': 0.6363636363636364, 'f1': 0.5384615384615384, 'sensitivity': 0.5, 'specificity': 0.7368421052631579}, {'accuracy': 0.696969696969697, 'f1': 0.5833333333333334, 'sensitivity': 0.5, 'specificity': 0.8421052631578947}, {'accuracy': 0.7272727272727273, 'f1': 0.6896551724137931, 'sensitivity': 0.7142857142857143, 'specificity': 0.7368421052631579}, {'accuracy': 0.5757575757575758, 'f1': 0.2222222222222222, 'sensitivity': 0.14285714285714285, 'specificity': 0.8947368421052632}, {'accuracy': 0.5454545454545454, 'f1': 0.11764705882352941, 'sensitivity': 0.07142857142857142, 'specificity': 0.8947368421052632}, {'accuracy': 0.6363636363636364, 'f1': 0.4, 'sensitivity': 0.2857142857142857, 'specificity': 0.8947368421052632}, {'accuracy': 0.6666666666666666, 'f1': 0.47619047619047616, 'sensitivity': 0.35714285714285715, 'specificity': 0.8947368421052632}, {'accuracy': 0.6363636363636364, 'f1': 0.5, 'sensitivity': 0.42857142857142855, 'specificity': 0.7894736842105263}, {'accuracy': 0.696969696969697, 'f1': 0.5, 'sensitivity': 0.35714285714285715, 'specificity': 0.9473684210526315}, {'accuracy': 0.696969696969697, 'f1': 0.6153846153846154, 'sensitivity': 0.5714285714285714, 'specificity': 0.7894736842105263}, {'accuracy': 0.7575757575757576, 'f1': 0.7142857142857143, 'sensitivity': 0.7142857142857143, 'specificity': 0.7894736842105263}, {'accuracy': 0.7878787878787878, 'f1': 0.6666666666666666, 'sensitivity': 0.5, 'specificity': 1.0}, {'accuracy': 0.7575757575757576, 'f1': 0.75, 'sensitivity': 0.8571428571428571, 'specificity': 0.6842105263157895}, {'accuracy': 0.8181818181818182, 'f1': 0.7692307692307693, 'sensitivity': 0.7142857142857143, 'specificity': 0.8947368421052632}, {'accuracy': 0.8181818181818182, 'f1': 0.7692307692307693, 'sensitivity': 0.7142857142857143, 'specificity': 0.8947368421052632}, {'accuracy': 0.8484848484848485, 'f1': 0.8148148148148148, 'sensitivity': 0.7857142857142857, 'specificity': 0.8947368421052632}, {'accuracy': 0.7878787878787878, 'f1': 0.72, 'sensitivity': 0.6428571428571429, 'specificity': 0.8947368421052632}, {'accuracy': 0.7272727272727273, 'f1': 0.6666666666666666, 'sensitivity': 0.6428571428571429, 'specificity': 0.7894736842105263}, {'accuracy': 0.7878787878787878, 'f1': 0.7407407407407407, 'sensitivity': 0.7142857142857143, 'specificity': 0.8421052631578947}, {'accuracy': 0.8181818181818182, 'f1': 0.7857142857142857, 'sensitivity': 0.7857142857142857, 'specificity': 0.8421052631578947}, {'accuracy': 0.7878787878787878, 'f1': 0.7741935483870968, 'sensitivity': 0.8571428571428571, 'specificity': 0.7368421052631579}, {'accuracy': 0.8181818181818182, 'f1': 0.7692307692307693, 'sensitivity': 0.7142857142857143, 'specificity': 0.8947368421052632}]",COMPLETE
7,0.8571428571428571,2026-08-02 15:49:37.774119,2026-08-02 15:50:12.046410,0 days 00:00:34.272291,0.5,0.00918606614599694,0.000685556540978139,"{'overall': {'n': 33, 'accuracy': 0.8787878787878788, 'precision': 0.8571428571428571, 'recall': 0.8571428571428571, 'sensitivity': 0.8571428571428571, 'specificity': 0.8947368421052632, 'balanced_accuracy': 0.8759398496240601, 'f1': 0.8571428571428571, 'confusion_matrix': [[17, 2], [2, 12]], 'auc': 0.9323308270676692, 'roc_curve': {'fpr': [0.0, 0.0, 0.0, 0.05263157894736842, 0.05263157894736842, 0.10526315789473684, 0.10526315789473684, 0.2631578947368421, 0.2631578947368421, 1.0], 'tpr': [0.0, 0.07142857142857142, 0.35714285714285715, 0.35714285714285715, 0.7857142857142857, 0.7857142857142857, 0.8571428571428571, 0.8571428571428571, 1.0, 1.0]}}, 'India': {'n': 14, 'accuracy': 0.8571428571428571, 'precision': 0.9, 'recall': 0.9, 'sensitivity': 0.9, 'specificity': 0.75, 'balanced_accuracy': 0.825, 'f1': 0.9, 'confusion_matrix': [[3, 1], [1, 9]], 'auc': 0.8, 'roc_curve': {'fpr': [0.0, 0.0, 0.0, 0.25, 0.25, 0.75, 0.75, 1.0], 'tpr': [0.0, 0.1, 0.4, 0.4, 0.9, 0.9, 1.0, 1.0]}}, 'Italy': {'n': 19, 'accuracy': 0.8947368421052632, 'precision': 0.75, 'recall': 0.75, 'sensitivity': 0.75, 'specificity': 0.9333333333333333, 'balanced_accuracy': 0.8416666666666667, 'f1': 0.75, 'confusion_matrix': [[14, 1], [1, 3]], 'auc': 0.9500000000000001, 'roc_curve': {'fpr': [0.0, 0.0, 0.0, 0.06666666666666667, 0.06666666666666667, 0.13333333333333333, 0.13333333333333333, 1.0], 'tpr': [0.0, 0.25, 0.5, 0.5, 0.75, 0.75, 1.0, 1.0]}}}",efficientnet_b0_palpebral_v2_clean,"[0.7171822087654215, 0.6221494986521487, 0.6013549783371932, 0.6967095156379094, 0.6166497847891801, 0.6209551719640265, 0.5180786291495064, 0.5574446269218495, 0.5973672673402243, 0.5457125961385816, 0.5517309323841373, 0.5839013342825782, 0.5625822109891879, 0.5050748906388188, 0.482119086562403, 0.49619949021876253, 0.47077261098962747, 0.5830697273181764, 0.4912298619747162, 0.5048987893079291, 0.5507526411520725, 0.5960783697911446, 0.5291738245660895, 0.6166695421499921, 0.5925834857864886, 0.5100859253611786, 0.5596910312475748, 0.592394973268572, 0.5760907850518132, 0.4790141756171422, 0.4830528987164529, 0.5570866185308292, 0.5429894936005801, 0.4837542667688913, 0.5936059667574649, 0.5425919661458755, 0.461001687788016, 0.48273243118595605, 0.46801479960119485, 0.5608129201345886, 0.5972383726906303, 0.4883497124476149, 0.5760044964733503, 0.5775048456444646, 0.4730391456986105, 0.5022024737288621, 0.514867870618176, 0.4924151694143055, 0.4814038939823378, 0.6305930788153844, 0.5140111931901894, 0.5038355758648045, 0.6781769892237833, 0.5642935849775542]","[0.8270678122838339, 0.9323176777724064, 1.0545210043589275, 0.9136286648837003, 0.9139419161912167, 0.7795402010281881, 0.7691987247178049, 0.8934174306464918, 0.7528625979568019, 0.6987588333361077, 0.5946636380571307, 0.5712799086715236, 0.554516239599748, 0.516225171811653, 0.5262760827035615, 0.5596157204021107, 0.5092720696420381, 0.5026038018139926, 0.5198630925380823, 0.5488954890858043, 0.5161123673121134, 0.4896538691087203, 0.48395686438589386, 0.4813441579992121, 0.4772374991214637, 0.4749880920756947, 0.4965110475366766, 0.46703414483503863, 0.507655346032345, 0.4674359740632953, 0.4785777005282315, 0.4591242147214485, 0.4505796432495117, 0.42785762295578467, 0.4394624558362094, 0.42016222982695606, 0.45396501367742365, 0.4526511539112438, 0.4643927776452267, 0.45943864547845087, 0.4270734570243142, 0.41375800335046015, 0.43286533789201215, 0.40311945207191235, 0.4042706670183124, 0.3986404158852317, 0.3887957442890514, 0.3896969159444173, 0.4149750434991085, 0.39470063556324353, 0.42757600726503314, 0.4306715257240064, 0.4552197817600135, 0.42939974322463526]","[{'accuracy': 0.5757575757575758, 'f1': 0.0, 'sensitivity': 0.0, 'specificity': 1.0}, {'accuracy': 0.5757575757575758, 'f1': 0.0, 'sensitivity': 0.0, 'specificity': 1.0}, {'accuracy': 0.5757575757575758, 'f1': 0.0, 'sensitivity': 0.0, 'specificity': 1.0}, {'accuracy': 0.5757575757575758, 'f1': 0.0, 'sensitivity': 0.0, 'specificity': 1.0}, {'accuracy': 0.5757575757575758, 'f1': 0.0, 'sensitivity': 0.0, 'specificity': 1.0}, {'accuracy': 0.6060606060606061, 'f1': 0.23529411764705882, 'sensitivity': 0.14285714285714285, 'specificity': 0.9473684210526315}, {'accuracy': 0.6363636363636364, 'f1': 0.3333333333333333, 'sensitivity': 0.21428571428571427, 'specificity': 0.9473684210526315}, {'accuracy': 0.6363636363636364, 'f1': 0.25, 'sensitivity': 0.14285714285714285, 'specificity': 1.0}, {'accuracy': 0.696969696969697, 'f1': 0.5454545454545454, 'sensitivity': 0.42857142857142855, 'specificity': 0.8947368421052632}, {'accuracy': 0.7272727272727273, 'f1': 0.6086956521739131, 'sensitivity': 0.5, 'specificity': 0.8947368421052632}, {'accuracy': 0.7272727272727273, 'f1': 0.64, 'sensitivity': 0.5714285714285714, 'specificity': 0.8421052631578947}, {'accuracy': 0.696969696969697, 'f1': 0.6153846153846154, 'sensitivity': 0.5714285714285714, 'specificity': 0.7894736842105263}, {'accuracy': 0.696969696969697, 'f1': 0.6153846153846154, 'sensitivity': 0.5714285714285714, 'specificity': 0.7894736842105263}, {'accuracy': 0.8181818181818182, 'f1': 0.8, 'sensitivity': 0.8571428571428571, 'specificity': 0.7894736842105263}, {'accuracy': 0.8181818181818182, 'f1': 0.7857142857142857, 'sensitivity': 0.7857142857142857, 'specificity': 0.8421052631578947}, {'accuracy': 0.7878787878787878, 'f1': 0.72, 'sensitivity': 0.6428571428571429, 'specificity': 0.8947368421052632}, {'accuracy': 0.7878787878787878, 'f1': 0.7407407407407407, 'sensitivity': 0.7142857142857143, 'specificity': 0.8421052631578947}, {'accuracy': 0.7878787878787878, 'f1': 0.7586206896551724, 'sensitivity': 0.7857142857142857, 'specificity': 0.7894736842105263}, {'accuracy': 0.7575757575757576, 'f1': 0.7142857142857143, 'sensitivity': 0.7142857142857143, 'specificity': 0.7894736842105263}, {'accuracy': 0.7575757575757576, 'f1': 0.6923076923076923, 'sensitivity': 0.6428571428571429, 'specificity': 0.8421052631578947}, {'accuracy': 0.7878787878787878, 'f1': 0.7741935483870968, 'sensitivity': 0.8571428571428571, 'specificity': 0.7368421052631579}, {'accuracy': 0.8181818181818182, 'f1': 0.8, 'sensitivity': 0.8571428571428571, 'specificity': 0.7894736842105263}, {'accuracy': 0.7878787878787878, 'f1': 0.7407407407407407, 'sensitivity': 0.7142857142857143, 'specificity': 0.8421052631578947}, {'accuracy': 0.7878787878787878, 'f1': 0.7586206896551724, 'sensitivity': 0.7857142857142857, 'specificity': 0.7894736842105263}, {'accuracy': 0.8181818181818182, 'f1': 0.8, 'sensitivity': 0.8571428571428571, 'specificity': 0.7894736842105263}, {'accuracy': 0.7878787878787878, 'f1': 0.7586206896551724, 'sensitivity': 0.7857142857142857, 'specificity': 0.7894736842105263}, {'accuracy': 0.8181818181818182, 'f1': 0.7692307692307693, 'sensitivity': 0.7142857142857143, 'specificity': 0.8947368421052632}, {'accuracy': 0.7575757575757576, 'f1': 0.7333333333333333, 'sensitivity': 0.7857142857142857, 'specificity': 0.7368421052631579}, {'accuracy': 0.7575757575757576, 'f1': 0.6666666666666666, 'sensitivity': 0.5714285714285714, 'specificity': 0.8947368421052632}, {'accuracy': 0.7878787878787878, 'f1': 0.7407407407407407, 'sensitivity': 0.7142857142857143, 'specificity': 0.8421052631578947}, {'accuracy': 0.7878787878787878, 'f1': 0.7741935483870968, 'sensitivity': 0.8571428571428571, 'specificity': 0.7368421052631579}, {'accuracy': 0.7878787878787878, 'f1': 0.7741935483870968, 'sensitivity': 0.8571428571428571, 'specificity': 0.7368421052631579}, {'accuracy': 0.7878787878787878, 'f1': 0.7407407407407407, 'sensitivity': 0.7142857142857143, 'specificity': 0.8421052631578947}, {'accuracy': 0.8181818181818182, 'f1': 0.7857142857142857, 'sensitivity': 0.7857142857142857, 'specificity': 0.8421052631578947}, {'accuracy': 0.7878787878787878, 'f1': 0.7741935483870968, 'sensitivity': 0.8571428571428571, 'specificity': 0.7368421052631579}, {'accuracy': 0.8181818181818182, 'f1': 0.8, 'sensitivity': 0.8571428571428571, 'specificity': 0.7894736842105263}, {'accuracy': 0.8484848484848485, 'f1': 0.8148148148148148, 'sensitivity': 0.7857142857142857, 'specificity': 0.8947368421052632}, {'accuracy': 0.8181818181818182, 'f1': 0.7857142857142857, 'sensitivity': 0.7857142857142857, 'specificity': 0.8421052631578947}, {'accuracy': 0.7878787878787878, 'f1': 0.7586206896551724, 'sensitivity': 0.7857142857142857, 'specificity': 0.7894736842105263}, {'accuracy': 0.7878787878787878, 'f1': 0.7586206896551724, 'sensitivity': 0.7857142857142857, 'specificity': 0.7894736842105263}, {'accuracy': 0.8181818181818182, 'f1': 0.8, 'sensitivity': 0.8571428571428571, 'specificity': 0.7894736842105263}, {'accuracy': 0.8181818181818182, 'f1': 0.7857142857142857, 'sensitivity': 0.7857142857142857, 'specificity': 0.8421052631578947}, {'accuracy': 0.7878787878787878, 'f1': 0.72, 'sensitivity': 0.6428571428571429, 'specificity': 0.8947368421052632}, {'accuracy': 0.8181818181818182, 'f1': 0.8, 'sensitivity': 0.8571428571428571, 'specificity': 0.7894736842105263}, {'accuracy': 0.7878787878787878, 'f1': 0.7741935483870968, 'sensitivity': 0.8571428571428571, 'specificity': 0.7368421052631579}, {'accuracy': 0.8181818181818182, 'f1': 0.8, 'sensitivity': 0.8571428571428571, 'specificity': 0.7894736842105263}, {'accuracy': 0.8787878787878788, 'f1': 0.8571428571428571, 'sensitivity': 0.8571428571428571, 'specificity': 0.8947368421052632}, {'accuracy': 0.8787878787878788, 'f1': 0.8571428571428571, 'sensitivity': 0.8571428571428571, 'specificity': 0.8947368421052632}, {'accuracy': 0.7878787878787878, 'f1': 0.7741935483870968, 'sensitivity': 0.8571428571428571, 'specificity': 0.7368421052631579}, {'accuracy': 0.8484848484848485, 'f1': 0.8275862068965517, 'sensitivity': 0.8571428571428571, 'specificity': 0.8421052631578947}, {'accuracy': 0.8181818181818182, 'f1': 0.7857142857142857, 'sensitivity': 0.7857142857142857, 'specificity': 0.8421052631578947}, {'accuracy': 0.7878787878787878, 'f1': 0.7586206896551724, 'sensitivity': 0.7857142857142857, 'specificity': 0.7894736842105263}, {'accuracy': 0.7878787878787878, 'f1': 0.7741935483870968, 'sensitivity': 0.8571428571428571, 'specificity': 0.7368421052631579}, {'accuracy': 0.7878787878787878, 'f1': 0.7407407407407407, 'sensitivity': 0.7142857142857143, 'specificity': 0.8421052631578947}]",COMPLETE
