number,value,datetime_start,datetime_complete,duration,params_dropout_rate,params_learning_rate,params_weight_decay,user_attrs_best_val_metrics,user_attrs_model_name,user_attrs_train_loss_history,user_attrs_val_loss_history,user_attrs_val_overall_metrics_history,state
10,0.8387096774193549,2026-08-02 16:01:29.552588,2026-08-02 16:01:42.771500,0 days 00:00:13.218912,0.2,0.0021454841512197117,1.1211234935464234e-06,"{'overall': {'n': 33, 'accuracy': 0.8484848484848485, 'precision': 0.7647058823529411, 'recall': 0.9285714285714286, 'sensitivity': 0.9285714285714286, 'specificity': 0.7894736842105263, 'balanced_accuracy': 0.8590225563909775, 'f1': 0.8387096774193549, 'confusion_matrix': [[15, 4], [1, 13]], 'auc': 0.8909774436090225, 'roc_curve': {'fpr': [0.0, 0.0, 0.0, 0.05263157894736842, 0.05263157894736842, 0.10526315789473684, 0.10526315789473684, 0.21052631578947367, 0.21052631578947367, 0.3157894736842105, 0.3157894736842105, 1.0], 'tpr': [0.0, 0.07142857142857142, 0.2857142857142857, 0.2857142857142857, 0.5, 0.5, 0.6428571428571429, 0.6428571428571429, 0.9285714285714286, 0.9285714285714286, 1.0, 1.0]}}, 'India': {'n': 14, 'accuracy': 0.7857142857142857, 'precision': 0.8181818181818182, 'recall': 0.9, 'sensitivity': 0.9, 'specificity': 0.5, 'balanced_accuracy': 0.7, 'f1': 0.8571428571428571, 'confusion_matrix': [[2, 2], [1, 9]], 'auc': 0.75, 'roc_curve': {'fpr': [0.0, 0.0, 0.0, 0.5, 0.5, 1.0], 'tpr': [0.0, 0.1, 0.5, 0.5, 1.0, 1.0]}}, 'Italy': {'n': 19, 'accuracy': 0.8947368421052632, 'precision': 0.6666666666666666, 'recall': 1.0, 'sensitivity': 1.0, 'specificity': 0.8666666666666667, 'balanced_accuracy': 0.9333333333333333, 'f1': 0.8, 'confusion_matrix': [[13, 2], [0, 4]], 'auc': 0.9666666666666667, 'roc_curve': {'fpr': [0.0, 0.0, 0.0, 0.06666666666666667, 0.06666666666666667, 1.0], 'tpr': [0.0, 0.25, 0.5, 0.5, 1.0, 1.0]}}}",resnet18_palpebral_v2_clean,"[0.8919416054195126, 0.7832342777031147, 0.767524973840903, 0.7453790097836627, 0.6788377911839264, 0.6504760262192479, 0.6270076802234776, 0.6090602712915433, 0.6001961053601953, 0.6164761896165002, 0.5793266410859216, 0.5459640053723822, 0.5702466767355306, 0.5395185339529782, 0.546716644274478, 0.5317786602389734, 0.5375196629802123, 0.5547327077546657, 0.5024045575533481, 0.5144129138908639, 0.5484469122444557, 0.49997155437406327, 0.5117934456724205, 0.5458878290574283]","[0.8068733937812574, 0.781716581546899, 0.7445397358952146, 0.7197653037129026, 0.653659341913281, 0.6171048879623413, 0.6073967254523075, 0.5901427106423811, 0.5632979327982123, 0.5586227214697636, 0.5521964773987279, 0.5429978840278856, 0.5536090171698368, 0.5393633156111746, 0.5385447885050918, 0.5525503881049879, 0.520032940488873, 0.5254741943243778, 0.5212375575845892, 0.5239734974774447, 0.5222803751627604, 0.5272559902884744, 0.5271849740635265, 0.5231087243918217]","[{'accuracy': 0.5757575757575758, 'f1': 0.3, 'sensitivity': 0.21428571428571427, 'specificity': 0.8421052631578947}, {'accuracy': 0.6363636363636364, 'f1': 0.5384615384615384, 'sensitivity': 0.5, 'specificity': 0.7368421052631579}, {'accuracy': 0.6666666666666666, 'f1': 0.5217391304347826, 'sensitivity': 0.42857142857142855, 'specificity': 0.8421052631578947}, {'accuracy': 0.6363636363636364, 'f1': 0.4, 'sensitivity': 0.2857142857142857, 'specificity': 0.8947368421052632}, {'accuracy': 0.8181818181818182, 'f1': 0.8235294117647058, 'sensitivity': 1.0, 'specificity': 0.6842105263157895}, {'accuracy': 0.7575757575757576, 'f1': 0.6923076923076923, 'sensitivity': 0.6428571428571429, 'specificity': 0.8421052631578947}, {'accuracy': 0.7878787878787878, 'f1': 0.8, 'sensitivity': 1.0, 'specificity': 0.631578947368421}, {'accuracy': 0.7878787878787878, 'f1': 0.8, 'sensitivity': 1.0, 'specificity': 0.631578947368421}, {'accuracy': 0.8181818181818182, 'f1': 0.7857142857142857, 'sensitivity': 0.7857142857142857, 'specificity': 0.8421052631578947}, {'accuracy': 0.8484848484848485, 'f1': 0.8387096774193549, 'sensitivity': 0.9285714285714286, 'specificity': 0.7894736842105263}, {'accuracy': 0.8484848484848485, 'f1': 0.8387096774193549, 'sensitivity': 0.9285714285714286, 'specificity': 0.7894736842105263}, {'accuracy': 0.7575757575757576, 'f1': 0.6923076923076923, 'sensitivity': 0.6428571428571429, 'specificity': 0.8421052631578947}, {'accuracy': 0.8181818181818182, 'f1': 0.8235294117647058, 'sensitivity': 1.0, 'specificity': 0.6842105263157895}, {'accuracy': 0.8181818181818182, 'f1': 0.8125, 'sensitivity': 0.9285714285714286, 'specificity': 0.7368421052631579}, {'accuracy': 0.7878787878787878, 'f1': 0.72, 'sensitivity': 0.6428571428571429, 'specificity': 0.8947368421052632}, {'accuracy': 0.8181818181818182, 'f1': 0.8235294117647058, 'sensitivity': 1.0, 'specificity': 0.6842105263157895}, {'accuracy': 0.8484848484848485, 'f1': 0.8387096774193549, 'sensitivity': 0.9285714285714286, 'specificity': 0.7894736842105263}, {'accuracy': 0.7878787878787878, 'f1': 0.72, 'sensitivity': 0.6428571428571429, 'specificity': 0.8947368421052632}, {'accuracy': 0.8181818181818182, 'f1': 0.8, 'sensitivity': 0.8571428571428571, 'specificity': 0.7894736842105263}, {'accuracy': 0.8181818181818182, 'f1': 0.8125, 'sensitivity': 0.9285714285714286, 'specificity': 0.7368421052631579}, {'accuracy': 0.8181818181818182, 'f1': 0.8, 'sensitivity': 0.8571428571428571, 'specificity': 0.7894736842105263}, {'accuracy': 0.7878787878787878, 'f1': 0.72, 'sensitivity': 0.6428571428571429, 'specificity': 0.8947368421052632}, {'accuracy': 0.8181818181818182, 'f1': 0.8125, 'sensitivity': 0.9285714285714286, 'specificity': 0.7368421052631579}, {'accuracy': 0.7878787878787878, 'f1': 0.7407407407407407, 'sensitivity': 0.7142857142857143, 'specificity': 0.8421052631578947}]",COMPLETE
11,0.7878787878787878,2026-08-02 16:01:42.771822,2026-08-02 16:01:58.822721,0 days 00:00:16.050899,0.2,0.0029933097580773027,1.0254149590564074e-06,"{'overall': {'n': 33, 'accuracy': 0.7878787878787878, 'precision': 0.6842105263157895, 'recall': 0.9285714285714286, 'sensitivity': 0.9285714285714286, 'specificity': 0.6842105263157895, 'balanced_accuracy': 0.8063909774436091, 'f1': 0.7878787878787878, 'confusion_matrix': [[13, 6], [1, 13]], 'auc': 0.8721804511278195, 'roc_curve': {'fpr': [0.0, 0.0, 0.0, 0.10526315789473684, 0.10526315789473684, 0.15789473684210525, 0.15789473684210525, 0.21052631578947367, 0.21052631578947367, 0.2631578947368421, 0.2631578947368421, 0.3157894736842105, 0.3157894736842105, 0.42105263157894735, 0.42105263157894735, 1.0], 'tpr': [0.0, 0.07142857142857142, 0.42857142857142855, 0.42857142857142855, 0.5714285714285714, 0.5714285714285714, 0.6428571428571429, 0.6428571428571429, 0.7857142857142857, 0.7857142857142857, 0.8571428571428571, 0.8571428571428571, 0.9285714285714286, 0.9285714285714286, 1.0, 1.0]}}, 'India': {'n': 14, 'accuracy': 0.7857142857142857, 'precision': 0.8181818181818182, 'recall': 0.9, 'sensitivity': 0.9, 'specificity': 0.5, 'balanced_accuracy': 0.7, 'f1': 0.8571428571428571, 'confusion_matrix': [[2, 2], [1, 9]], 'auc': 0.7, 'roc_curve': {'fpr': [0.0, 0.0, 0.0, 0.25, 0.25, 0.5, 0.5, 0.75, 0.75, 1.0], 'tpr': [0.0, 0.1, 0.4, 0.4, 0.5, 0.5, 0.9, 0.9, 1.0, 1.0]}}, 'Italy': {'n': 19, 'accuracy': 0.7894736842105263, 'precision': 0.5, 'recall': 1.0, 'sensitivity': 1.0, 'specificity': 0.7333333333333333, 'balanced_accuracy': 0.8666666666666667, 'f1': 0.6666666666666666, 'confusion_matrix': [[11, 4], [0, 4]], 'auc': 1.0, 'roc_curve': {'fpr': [0.0, 0.0, 0.0, 1.0], 'tpr': [0.0, 0.25, 1.0, 1.0]}}}",resnet18_palpebral_v2_clean,"[0.9023301123783288, 0.762105062307901, 0.7095939773597465, 0.6974727404828103, 0.628172814451306, 0.6140635779361852, 0.580035396364351, 0.6044260930541335, 0.5884312549174227, 0.6578996509116217, 0.5357501944958769, 0.5547811799491478, 0.5306775293602849, 0.560098774385768, 0.5835009635678979, 0.5308361700828502, 0.5339503071166032, 0.5043865462012639, 0.5794987500898096, 0.5113200793992605, 0.46969595452807594, 0.5681684439545436, 0.5176171731475173, 0.48527083412700933, 0.544623519805883, 0.5193205049495824, 0.5070618150250011, 0.4961261484796638, 0.5351764257775237]","[0.7874275915550463, 0.7585143717852506, 0.7440435904445071, 0.6993041797117754, 0.6694672432812777, 0.6392147830038359, 0.598235137534864, 0.582881465102687, 0.5810074589469216, 0.574951045440905, 0.5883889776287656, 0.6020220879352454, 0.571435859709075, 0.5683475263190992, 0.5926420580257069, 0.5583781365192297, 0.5634359843803175, 0.595045060822458, 0.554918292796973, 0.5600150679097031, 0.552670879797502, 0.5432799982302117, 0.5451493985725172, 0.563534393455043, 0.5681565385876279, 0.5634125398867058, 0.5442275061751857, 0.5471738035028632, 0.5532466787280459]","[{'accuracy': 0.5454545454545454, 'f1': 0.5714285714285714, 'sensitivity': 0.7142857142857143, 'specificity': 0.42105263157894735}, {'accuracy': 0.7272727272727273, 'f1': 0.7096774193548387, 'sensitivity': 0.7857142857142857, 'specificity': 0.6842105263157895}, {'accuracy': 0.6363636363636364, 'f1': 0.4, 'sensitivity': 0.2857142857142857, 'specificity': 0.8947368421052632}, {'accuracy': 0.7878787878787878, 'f1': 0.7586206896551724, 'sensitivity': 0.7857142857142857, 'specificity': 0.7894736842105263}, {'accuracy': 0.696969696969697, 'f1': 0.5454545454545454, 'sensitivity': 0.42857142857142855, 'specificity': 0.8947368421052632}, {'accuracy': 0.696969696969697, 'f1': 0.5454545454545454, 'sensitivity': 0.42857142857142855, 'specificity': 0.8947368421052632}, {'accuracy': 0.7575757575757576, 'f1': 0.7142857142857143, 'sensitivity': 0.7142857142857143, 'specificity': 0.7894736842105263}, {'accuracy': 0.7575757575757576, 'f1': 0.7142857142857143, 'sensitivity': 0.7142857142857143, 'specificity': 0.7894736842105263}, {'accuracy': 0.7878787878787878, 'f1': 0.7741935483870968, 'sensitivity': 0.8571428571428571, 'specificity': 0.7368421052631579}, {'accuracy': 0.7878787878787878, 'f1': 0.7586206896551724, 'sensitivity': 0.7857142857142857, 'specificity': 0.7894736842105263}, {'accuracy': 0.696969696969697, 'f1': 0.5833333333333334, 'sensitivity': 0.5, 'specificity': 0.8421052631578947}, {'accuracy': 0.696969696969697, 'f1': 0.7222222222222222, 'sensitivity': 0.9285714285714286, 'specificity': 0.5263157894736842}, {'accuracy': 0.7272727272727273, 'f1': 0.7096774193548387, 'sensitivity': 0.7857142857142857, 'specificity': 0.6842105263157895}, {'accuracy': 0.7575757575757576, 'f1': 0.6923076923076923, 'sensitivity': 0.6428571428571429, 'specificity': 0.8421052631578947}, {'accuracy': 0.7272727272727273, 'f1': 0.7428571428571429, 'sensitivity': 0.9285714285714286, 'specificity': 0.5789473684210527}, {'accuracy': 0.7878787878787878, 'f1': 0.7586206896551724, 'sensitivity': 0.7857142857142857, 'specificity': 0.7894736842105263}, {'accuracy': 0.696969696969697, 'f1': 0.5833333333333334, 'sensitivity': 0.5, 'specificity': 0.8421052631578947}, {'accuracy': 0.7272727272727273, 'f1': 0.7428571428571429, 'sensitivity': 0.9285714285714286, 'specificity': 0.5789473684210527}, {'accuracy': 0.7272727272727273, 'f1': 0.64, 'sensitivity': 0.5714285714285714, 'specificity': 0.8421052631578947}, {'accuracy': 0.7272727272727273, 'f1': 0.7096774193548387, 'sensitivity': 0.7857142857142857, 'specificity': 0.6842105263157895}, {'accuracy': 0.7575757575757576, 'f1': 0.75, 'sensitivity': 0.8571428571428571, 'specificity': 0.6842105263157895}, {'accuracy': 0.7575757575757576, 'f1': 0.7142857142857143, 'sensitivity': 0.7142857142857143, 'specificity': 0.7894736842105263}, {'accuracy': 0.7575757575757576, 'f1': 0.7333333333333333, 'sensitivity': 0.7857142857142857, 'specificity': 0.7368421052631579}, {'accuracy': 0.7878787878787878, 'f1': 0.7878787878787878, 'sensitivity': 0.9285714285714286, 'specificity': 0.6842105263157895}, {'accuracy': 0.696969696969697, 'f1': 0.5454545454545454, 'sensitivity': 0.42857142857142855, 'specificity': 0.8947368421052632}, {'accuracy': 0.7878787878787878, 'f1': 0.7878787878787878, 'sensitivity': 0.9285714285714286, 'specificity': 0.6842105263157895}, {'accuracy': 0.7575757575757576, 'f1': 0.7333333333333333, 'sensitivity': 0.7857142857142857, 'specificity': 0.7368421052631579}, {'accuracy': 0.7575757575757576, 'f1': 0.7142857142857143, 'sensitivity': 0.7142857142857143, 'specificity': 0.7894736842105263}, {'accuracy': 0.696969696969697, 'f1': 0.6153846153846154, 'sensitivity': 0.5714285714285714, 'specificity': 0.7894736842105263}]",COMPLETE
