number,value,datetime_start,datetime_complete,duration,params_dropout_rate,params_learning_rate,params_weight_decay,user_attrs_best_val_metrics,user_attrs_model_name,user_attrs_train_loss_history,user_attrs_val_loss_history,user_attrs_val_overall_metrics_history,state
1,0.7857142857142857,2026-08-02 15:58:43.239898,2026-08-02 15:59:56.882630,0 days 00:01:13.642732,0.5,0.00029380279387035364,2.9375384576328313e-06,"{'overall': {'n': 33, 'accuracy': 0.8181818181818182, 'precision': 0.7857142857142857, 'recall': 0.7857142857142857, 'sensitivity': 0.7857142857142857, 'specificity': 0.8421052631578947, 'balanced_accuracy': 0.8139097744360901, 'f1': 0.7857142857142857, 'confusion_matrix': [[16, 3], [3, 11]], 'auc': 0.8120300751879699, 'roc_curve': {'fpr': [0.0, 0.0, 0.0, 0.05263157894736842, 0.05263157894736842, 0.10526315789473684, 0.10526315789473684, 0.15789473684210525, 0.15789473684210525, 0.5789473684210527, 0.5789473684210527, 0.6842105263157895, 0.6842105263157895, 1.0], 'tpr': [0.0, 0.07142857142857142, 0.2857142857142857, 0.2857142857142857, 0.5, 0.5, 0.6428571428571429, 0.6428571428571429, 0.7857142857142857, 0.7857142857142857, 0.8571428571428571, 0.8571428571428571, 1.0, 1.0]}}, 'India': {'n': 14, 'accuracy': 0.7142857142857143, 'precision': 0.875, 'recall': 0.7, 'sensitivity': 0.7, 'specificity': 0.75, 'balanced_accuracy': 0.725, 'f1': 0.7777777777777778, 'confusion_matrix': [[3, 1], [3, 7]], 'auc': 0.6499999999999999, 'roc_curve': {'fpr': [0.0, 0.0, 0.0, 0.25, 0.25, 1.0, 1.0], 'tpr': [0.0, 0.1, 0.5, 0.5, 0.7, 0.7, 1.0]}}, 'Italy': {'n': 19, 'accuracy': 0.8947368421052632, 'precision': 0.6666666666666666, 'recall': 1.0, 'sensitivity': 1.0, 'specificity': 0.8666666666666667, 'balanced_accuracy': 0.9333333333333333, 'f1': 0.8, 'confusion_matrix': [[13, 2], [0, 4]], 'auc': 0.9833333333333334, 'roc_curve': {'fpr': [0.0, 0.0, 0.0, 0.06666666666666667, 0.06666666666666667, 1.0], 'tpr': [0.0, 0.25, 0.75, 0.75, 1.0, 1.0]}}}",resnet18_palpebral_v2_clean,"[0.8705917506028484, 0.9068528919030499, 0.8752331950806624, 0.8587570241744945, 0.8079611161686727, 0.7950438462345806, 0.8499133444779756, 0.8400322787019591, 0.8028342443586185, 0.8074088325563645, 0.8036292519000982, 0.7609277036016351, 0.768786707461275, 0.7653198005347852, 0.7859197207634022, 0.7985800334949367, 0.7964306292154931, 0.7724432589991993, 0.7015977782129452, 0.7639802153536815, 0.7320333849515347, 0.7538959490542381, 0.7321527379238053, 0.7013077708269586, 0.7910860733480642, 0.7493822373301777, 0.7235767730813942, 0.6599946393082473, 0.6915920072833434, 0.6790881756915162, 0.7188817116598419, 0.6954761554073814, 0.6968894889023131, 0.7423569386368556, 0.6848979485745461, 0.7063995939216866, 0.7005189416424328, 0.7300243831628206, 0.712146737322902, 0.7032731416209644, 0.6653071894550955, 0.7004201925353498, 0.6379577734612472, 0.6776138962499353, 0.6885762806759764, 0.6888149068845029, 0.6503153028867102, 0.6804009502297206, 0.6812390633766224, 0.6696413680417648, 0.6461420813143648, 0.667367319397579, 0.677794753715692, 0.652370653010362, 0.6529980325540959, 0.6280175443516661, 0.6592525334547688, 0.6803254070660926, 0.6695672826261709, 0.6397699528182579, 0.6053502950447285, 0.6237203656442908, 0.6570026108760707, 0.6139627485875262, 0.6245623815138608, 0.5719565389961596, 0.6231887912908137, 0.5577111402094759, 0.6046479869362534, 0.6454448021010847, 0.6582521851489086, 0.5836046373607308, 0.6621958597606381, 0.6025230466135291, 0.5920227939719396, 0.6034986534655489, 0.6478080173201909, 0.6200907826423645, 0.5968170233120192, 0.6283088958026558, 0.6211428279118822, 0.6124235170566483, 0.5878251435740894, 0.6529376155493275, 0.6375158879141144, 0.5837504808476429, 0.6434235592551579, 0.5934261738859266, 0.5717496864053587, 0.6249532656164358, 0.5801739696635316, 0.606956632721503, 0.5779662116473874, 0.5828384496518318, 0.6004609552440264, 0.5732591294294951, 0.5261021824861993, 0.5379898125762181, 0.5846302856672678, 0.5791024964376791, 0.6400571157600706, 0.6068343610953022, 0.6362706707013364, 0.5766046157735862, 0.582138151127771, 0.6075480530988302, 0.5521466710314845, 0.5892470660588599, 0.5815893597160744, 0.57730306813259, 0.5788713725197394, 0.6085212056999965, 0.619491418860606, 0.5283427072676602, 0.6391610676879125, 0.5628602129734115, 0.5359938417049434, 0.5977072952598925, 0.5859343547694731, 0.5381061012381749, 0.5748234087268248, 0.5781608814040556, 0.5837148637171613, 0.632961956870477, 0.5501419487378455, 0.6045264676706681, 0.5637080547035924, 0.6489689531705237, 0.5189115566923129, 0.5966104916389415, 0.5726442877819996]","[0.8362754185994467, 0.8535807331403097, 0.8596699382319595, 0.8484535759145563, 0.8450616507819204, 0.822636371309107, 0.8097571658365654, 0.8102138241132101, 0.8092015078573516, 0.8008181181820956, 0.7928020574829795, 0.7872459075667642, 0.7807990601568511, 0.7747990597378124, 0.7704535758856571, 0.7629403887373029, 0.7577467145341815, 0.7522548419056516, 0.7477311618400343, 0.7431436199130435, 0.7398029963175455, 0.7357518925811305, 0.7310845237789731, 0.7263892401348461, 0.7250173073826414, 0.7209307822314176, 0.718299723032749, 0.7153610153631731, 0.7120251980694857, 0.7086372393550295, 0.7046042897484519, 0.7008881153482379, 0.6977776415420301, 0.6945006016528967, 0.6905614191835577, 0.6872099890853419, 0.6852661551851215, 0.6827709692897219, 0.679674405040163, 0.6770082025816946, 0.6736107649225177, 0.6696242527528242, 0.6679602807218378, 0.6652417941526934, 0.6641529545639501, 0.6597233974572384, 0.6584089488694163, 0.6564119512384589, 0.654284473621484, 0.6538729216113235, 0.6516765915986263, 0.6496550350478201, 0.6497021335544009, 0.6471964012492787, 0.6443269830761533, 0.6420891194632559, 0.63964361855478, 0.63770207491788, 0.6370960510138309, 0.6363778547807173, 0.636942592534152, 0.6332253434441306, 0.6309587494893507, 0.6297734027559106, 0.6286590460574988, 0.6284566033970226, 0.628024037137176, 0.6242365484887903, 0.6223089622728752, 0.6208903681148182, 0.6209165074608543, 0.6204608841375872, 0.6210496226946512, 0.6214276732820453, 0.6196546843557647, 0.6194934646288554, 0.6157144723516522, 0.6141421569116188, 0.6106573704517249, 0.6088888879978296, 0.6099365696762548, 0.6087223327521122, 0.6085764819925482, 0.6072765986124674, 0.6058898405595259, 0.6069023645285404, 0.6049698988596598, 0.6050917849396215, 0.6046732393178073, 0.6026565649292686, 0.6024432471304229, 0.6028713800690391, 0.6020051511851224, 0.599636668508703, 0.5993725187850721, 0.5993724356998097, 0.5998146190787806, 0.5975356770284248, 0.5975005102880073, 0.5963580319375703, 0.5958003907492666, 0.594033709078124, 0.594813012715542, 0.5937551693482832, 0.5927641752994421, 0.5929624962084221, 0.5928176171851881, 0.5896678115382339, 0.5901439316344984, 0.5893597530596184, 0.5898766409267079, 0.5899065082723444, 0.5891244863018845, 0.5883264017827583, 0.5852465430895487, 0.5844799081484476, 0.5848571748444529, 0.583068361788085, 0.5804609674395937, 0.5785450826991688, 0.5783096624143196, 0.5769962325240626, 0.5773190025127295, 0.5754468097831263, 0.576676424705621, 0.5787250020287253, 0.5820156624822905, 0.5809056795004642, 0.5811427687153672, 0.5786377769528013, 0.5785907994617115]","[{'accuracy': 0.3939393939393939, 'f1': 0.5454545454545454, 'sensitivity': 0.8571428571428571, 'specificity': 0.05263157894736842}, {'accuracy': 0.42424242424242425, 'f1': 0.5957446808510638, 'sensitivity': 1.0, 'specificity': 0.0}, {'accuracy': 0.45454545454545453, 'f1': 0.6086956521739131, 'sensitivity': 1.0, 'specificity': 0.05263157894736842}, {'accuracy': 0.42424242424242425, 'f1': 0.5777777777777777, 'sensitivity': 0.9285714285714286, 'specificity': 0.05263157894736842}, {'accuracy': 0.3939393939393939, 'f1': 0.5238095238095238, 'sensitivity': 0.7857142857142857, 'specificity': 0.10526315789473684}, {'accuracy': 0.45454545454545453, 'f1': 0.5263157894736842, 'sensitivity': 0.7142857142857143, 'specificity': 0.2631578947368421}, {'accuracy': 0.5454545454545454, 'f1': 0.5714285714285714, 'sensitivity': 0.7142857142857143, 'specificity': 0.42105263157894735}, {'accuracy': 0.5151515151515151, 'f1': 0.5555555555555556, 'sensitivity': 0.7142857142857143, 'specificity': 0.3684210526315789}, {'accuracy': 0.5151515151515151, 'f1': 0.5555555555555556, 'sensitivity': 0.7142857142857143, 'specificity': 0.3684210526315789}, {'accuracy': 0.5757575757575758, 'f1': 0.5882352941176471, 'sensitivity': 0.7142857142857143, 'specificity': 0.47368421052631576}, {'accuracy': 0.5757575757575758, 'f1': 0.5625, 'sensitivity': 0.6428571428571429, 'specificity': 0.5263157894736842}, {'accuracy': 0.5151515151515151, 'f1': 0.5555555555555556, 'sensitivity': 0.7142857142857143, 'specificity': 0.3684210526315789}, {'accuracy': 0.5151515151515151, 'f1': 0.5294117647058824, 'sensitivity': 0.6428571428571429, 'specificity': 0.42105263157894735}, {'accuracy': 0.5757575757575758, 'f1': 0.5625, 'sensitivity': 0.6428571428571429, 'specificity': 0.5263157894736842}, {'accuracy': 0.6363636363636364, 'f1': 0.6, 'sensitivity': 0.6428571428571429, 'specificity': 0.631578947368421}, {'accuracy': 0.6666666666666666, 'f1': 0.6206896551724138, 'sensitivity': 0.6428571428571429, 'specificity': 0.6842105263157895}, {'accuracy': 0.6363636363636364, 'f1': 0.6, 'sensitivity': 0.6428571428571429, 'specificity': 0.631578947368421}, {'accuracy': 0.5757575757575758, 'f1': 0.5625, 'sensitivity': 0.6428571428571429, 'specificity': 0.5263157894736842}, {'accuracy': 0.5151515151515151, 'f1': 0.5294117647058824, 'sensitivity': 0.6428571428571429, 'specificity': 0.42105263157894735}, {'accuracy': 0.5151515151515151, 'f1': 0.5294117647058824, 'sensitivity': 0.6428571428571429, 'specificity': 0.42105263157894735}, {'accuracy': 0.5151515151515151, 'f1': 0.5294117647058824, 'sensitivity': 0.6428571428571429, 'specificity': 0.42105263157894735}, {'accuracy': 0.5151515151515151, 'f1': 0.5294117647058824, 'sensitivity': 0.6428571428571429, 'specificity': 0.42105263157894735}, {'accuracy': 0.5454545454545454, 'f1': 0.5454545454545454, 'sensitivity': 0.6428571428571429, 'specificity': 0.47368421052631576}, {'accuracy': 0.6666666666666666, 'f1': 0.6206896551724138, 'sensitivity': 0.6428571428571429, 'specificity': 0.6842105263157895}, {'accuracy': 0.696969696969697, 'f1': 0.6153846153846154, 'sensitivity': 0.5714285714285714, 'specificity': 0.7894736842105263}, {'accuracy': 0.7272727272727273, 'f1': 0.6666666666666666, 'sensitivity': 0.6428571428571429, 'specificity': 0.7894736842105263}, {'accuracy': 0.5454545454545454, 'f1': 0.5714285714285714, 'sensitivity': 0.7142857142857143, 'specificity': 0.42105263157894735}, {'accuracy': 0.5454545454545454, 'f1': 0.5714285714285714, 'sensitivity': 0.7142857142857143, 'specificity': 0.42105263157894735}, {'accuracy': 0.5454545454545454, 'f1': 0.5714285714285714, 'sensitivity': 0.7142857142857143, 'specificity': 0.42105263157894735}, {'accuracy': 0.7272727272727273, 'f1': 0.6896551724137931, 'sensitivity': 0.7142857142857143, 'specificity': 0.7368421052631579}, {'accuracy': 0.7878787878787878, 'f1': 0.7407407407407407, 'sensitivity': 0.7142857142857143, 'specificity': 0.8421052631578947}, {'accuracy': 0.7878787878787878, 'f1': 0.7407407407407407, 'sensitivity': 0.7142857142857143, 'specificity': 0.8421052631578947}, {'accuracy': 0.7575757575757576, 'f1': 0.6923076923076923, 'sensitivity': 0.6428571428571429, 'specificity': 0.8421052631578947}, {'accuracy': 0.7575757575757576, 'f1': 0.6923076923076923, 'sensitivity': 0.6428571428571429, 'specificity': 0.8421052631578947}, {'accuracy': 0.696969696969697, 'f1': 0.6666666666666666, 'sensitivity': 0.7142857142857143, 'specificity': 0.6842105263157895}, {'accuracy': 0.696969696969697, 'f1': 0.6666666666666666, 'sensitivity': 0.7142857142857143, 'specificity': 0.6842105263157895}, {'accuracy': 0.6666666666666666, 'f1': 0.6451612903225806, 'sensitivity': 0.7142857142857143, 'specificity': 0.631578947368421}, {'accuracy': 0.696969696969697, 'f1': 0.6666666666666666, 'sensitivity': 0.7142857142857143, 'specificity': 0.6842105263157895}, {'accuracy': 0.7272727272727273, 'f1': 0.6896551724137931, 'sensitivity': 0.7142857142857143, 'specificity': 0.7368421052631579}, {'accuracy': 0.7575757575757576, 'f1': 0.7142857142857143, 'sensitivity': 0.7142857142857143, 'specificity': 0.7894736842105263}, {'accuracy': 0.7575757575757576, 'f1': 0.7142857142857143, 'sensitivity': 0.7142857142857143, 'specificity': 0.7894736842105263}, {'accuracy': 0.7878787878787878, 'f1': 0.7407407407407407, 'sensitivity': 0.7142857142857143, 'specificity': 0.8421052631578947}, {'accuracy': 0.7575757575757576, 'f1': 0.7142857142857143, 'sensitivity': 0.7142857142857143, 'specificity': 0.7894736842105263}, {'accuracy': 0.7575757575757576, 'f1': 0.7142857142857143, 'sensitivity': 0.7142857142857143, 'specificity': 0.7894736842105263}, {'accuracy': 0.696969696969697, 'f1': 0.6666666666666666, 'sensitivity': 0.7142857142857143, 'specificity': 0.6842105263157895}, {'accuracy': 0.7272727272727273, 'f1': 0.6896551724137931, 'sensitivity': 0.7142857142857143, 'specificity': 0.7368421052631579}, {'accuracy': 0.7575757575757576, 'f1': 0.7333333333333333, 'sensitivity': 0.7857142857142857, 'specificity': 0.7368421052631579}, {'accuracy': 0.7272727272727273, 'f1': 0.6896551724137931, 'sensitivity': 0.7142857142857143, 'specificity': 0.7368421052631579}, {'accuracy': 0.7878787878787878, 'f1': 0.7407407407407407, 'sensitivity': 0.7142857142857143, 'specificity': 0.8421052631578947}, {'accuracy': 0.7575757575757576, 'f1': 0.7333333333333333, 'sensitivity': 0.7857142857142857, 'specificity': 0.7368421052631579}, {'accuracy': 0.7575757575757576, 'f1': 0.7142857142857143, 'sensitivity': 0.7142857142857143, 'specificity': 0.7894736842105263}, {'accuracy': 0.7878787878787878, 'f1': 0.7586206896551724, 'sensitivity': 0.7857142857142857, 'specificity': 0.7894736842105263}, {'accuracy': 0.7575757575757576, 'f1': 0.7333333333333333, 'sensitivity': 0.7857142857142857, 'specificity': 0.7368421052631579}, {'accuracy': 0.7272727272727273, 'f1': 0.7096774193548387, 'sensitivity': 0.7857142857142857, 'specificity': 0.6842105263157895}, {'accuracy': 0.7878787878787878, 'f1': 0.7586206896551724, 'sensitivity': 0.7857142857142857, 'specificity': 0.7894736842105263}, {'accuracy': 0.8181818181818182, 'f1': 0.7857142857142857, 'sensitivity': 0.7857142857142857, 'specificity': 0.8421052631578947}, {'accuracy': 0.8181818181818182, 'f1': 0.7857142857142857, 'sensitivity': 0.7857142857142857, 'specificity': 0.8421052631578947}, {'accuracy': 0.7878787878787878, 'f1': 0.7407407407407407, 'sensitivity': 0.7142857142857143, 'specificity': 0.8421052631578947}, {'accuracy': 0.7878787878787878, 'f1': 0.7407407407407407, 'sensitivity': 0.7142857142857143, 'specificity': 0.8421052631578947}, {'accuracy': 0.7878787878787878, 'f1': 0.7407407407407407, 'sensitivity': 0.7142857142857143, 'specificity': 0.8421052631578947}, {'accuracy': 0.7575757575757576, 'f1': 0.6923076923076923, 'sensitivity': 0.6428571428571429, 'specificity': 0.8421052631578947}, {'accuracy': 0.8181818181818182, 'f1': 0.7857142857142857, 'sensitivity': 0.7857142857142857, 'specificity': 0.8421052631578947}, {'accuracy': 0.7575757575757576, 'f1': 0.6923076923076923, 'sensitivity': 0.6428571428571429, 'specificity': 0.8421052631578947}, {'accuracy': 0.7575757575757576, 'f1': 0.6923076923076923, 'sensitivity': 0.6428571428571429, 'specificity': 0.8421052631578947}, {'accuracy': 0.8181818181818182, 'f1': 0.7857142857142857, 'sensitivity': 0.7857142857142857, 'specificity': 0.8421052631578947}, {'accuracy': 0.7878787878787878, 'f1': 0.7586206896551724, 'sensitivity': 0.7857142857142857, 'specificity': 0.7894736842105263}, {'accuracy': 0.7575757575757576, 'f1': 0.6923076923076923, 'sensitivity': 0.6428571428571429, 'specificity': 0.8421052631578947}, {'accuracy': 0.7878787878787878, 'f1': 0.7407407407407407, 'sensitivity': 0.7142857142857143, 'specificity': 0.8421052631578947}, {'accuracy': 0.8181818181818182, 'f1': 0.7857142857142857, 'sensitivity': 0.7857142857142857, 'specificity': 0.8421052631578947}, {'accuracy': 0.7878787878787878, 'f1': 0.7586206896551724, 'sensitivity': 0.7857142857142857, 'specificity': 0.7894736842105263}, {'accuracy': 0.8181818181818182, 'f1': 0.7857142857142857, 'sensitivity': 0.7857142857142857, 'specificity': 0.8421052631578947}, {'accuracy': 0.8181818181818182, 'f1': 0.7857142857142857, 'sensitivity': 0.7857142857142857, 'specificity': 0.8421052631578947}, {'accuracy': 0.7575757575757576, 'f1': 0.6923076923076923, 'sensitivity': 0.6428571428571429, 'specificity': 0.8421052631578947}, {'accuracy': 0.7575757575757576, 'f1': 0.6923076923076923, 'sensitivity': 0.6428571428571429, 'specificity': 0.8421052631578947}, {'accuracy': 0.7575757575757576, 'f1': 0.6923076923076923, 'sensitivity': 0.6428571428571429, 'specificity': 0.8421052631578947}, {'accuracy': 0.7575757575757576, 'f1': 0.6923076923076923, 'sensitivity': 0.6428571428571429, 'specificity': 0.8421052631578947}, {'accuracy': 0.7878787878787878, 'f1': 0.7407407407407407, 'sensitivity': 0.7142857142857143, 'specificity': 0.8421052631578947}, {'accuracy': 0.7878787878787878, 'f1': 0.7586206896551724, 'sensitivity': 0.7857142857142857, 'specificity': 0.7894736842105263}, {'accuracy': 0.7878787878787878, 'f1': 0.7586206896551724, 'sensitivity': 0.7857142857142857, 'specificity': 0.7894736842105263}, {'accuracy': 0.7878787878787878, 'f1': 0.7407407407407407, 'sensitivity': 0.7142857142857143, 'specificity': 0.8421052631578947}, {'accuracy': 0.7878787878787878, 'f1': 0.7407407407407407, 'sensitivity': 0.7142857142857143, 'specificity': 0.8421052631578947}, {'accuracy': 0.7878787878787878, 'f1': 0.7407407407407407, 'sensitivity': 0.7142857142857143, 'specificity': 0.8421052631578947}, {'accuracy': 0.7878787878787878, 'f1': 0.7407407407407407, 'sensitivity': 0.7142857142857143, 'specificity': 0.8421052631578947}, {'accuracy': 0.8181818181818182, 'f1': 0.7857142857142857, 'sensitivity': 0.7857142857142857, 'specificity': 0.8421052631578947}, {'accuracy': 0.8181818181818182, 'f1': 0.7857142857142857, 'sensitivity': 0.7857142857142857, 'specificity': 0.8421052631578947}, {'accuracy': 0.7878787878787878, 'f1': 0.7407407407407407, 'sensitivity': 0.7142857142857143, 'specificity': 0.8421052631578947}, {'accuracy': 0.7878787878787878, 'f1': 0.7407407407407407, 'sensitivity': 0.7142857142857143, 'specificity': 0.8421052631578947}, {'accuracy': 0.7878787878787878, 'f1': 0.7407407407407407, 'sensitivity': 0.7142857142857143, 'specificity': 0.8421052631578947}, {'accuracy': 0.7878787878787878, 'f1': 0.7407407407407407, 'sensitivity': 0.7142857142857143, 'specificity': 0.8421052631578947}, {'accuracy': 0.7878787878787878, 'f1': 0.7407407407407407, 'sensitivity': 0.7142857142857143, 'specificity': 0.8421052631578947}, {'accuracy': 0.7878787878787878, 'f1': 0.7407407407407407, 'sensitivity': 0.7142857142857143, 'specificity': 0.8421052631578947}, {'accuracy': 0.7575757575757576, 'f1': 0.7333333333333333, 'sensitivity': 0.7857142857142857, 'specificity': 0.7368421052631579}, {'accuracy': 0.7878787878787878, 'f1': 0.7586206896551724, 'sensitivity': 0.7857142857142857, 'specificity': 0.7894736842105263}, {'accuracy': 0.7575757575757576, 'f1': 0.7142857142857143, 'sensitivity': 0.7142857142857143, 'specificity': 0.7894736842105263}, {'accuracy': 0.7878787878787878, 'f1': 0.7407407407407407, 'sensitivity': 0.7142857142857143, 'specificity': 0.8421052631578947}, {'accuracy': 0.7878787878787878, 'f1': 0.7407407407407407, 'sensitivity': 0.7142857142857143, 'specificity': 0.8421052631578947}, {'accuracy': 0.7878787878787878, 'f1': 0.7407407407407407, 'sensitivity': 0.7142857142857143, 'specificity': 0.8421052631578947}, {'accuracy': 0.7575757575757576, 'f1': 0.7142857142857143, 'sensitivity': 0.7142857142857143, 'specificity': 0.7894736842105263}, {'accuracy': 0.7878787878787878, 'f1': 0.7407407407407407, 'sensitivity': 0.7142857142857143, 'specificity': 0.8421052631578947}, {'accuracy': 0.7878787878787878, 'f1': 0.7407407407407407, 'sensitivity': 0.7142857142857143, 'specificity': 0.8421052631578947}, {'accuracy': 0.7575757575757576, 'f1': 0.7142857142857143, 'sensitivity': 0.7142857142857143, 'specificity': 0.7894736842105263}, {'accuracy': 0.7878787878787878, 'f1': 0.7586206896551724, 'sensitivity': 0.7857142857142857, 'specificity': 0.7894736842105263}, {'accuracy': 0.7878787878787878, 'f1': 0.7586206896551724, 'sensitivity': 0.7857142857142857, 'specificity': 0.7894736842105263}, {'accuracy': 0.7878787878787878, 'f1': 0.7407407407407407, 'sensitivity': 0.7142857142857143, 'specificity': 0.8421052631578947}, {'accuracy': 0.7878787878787878, 'f1': 0.7407407407407407, 'sensitivity': 0.7142857142857143, 'specificity': 0.8421052631578947}, {'accuracy': 0.7878787878787878, 'f1': 0.7407407407407407, 'sensitivity': 0.7142857142857143, 'specificity': 0.8421052631578947}, {'accuracy': 0.7878787878787878, 'f1': 0.7407407407407407, 'sensitivity': 0.7142857142857143, 'specificity': 0.8421052631578947}, {'accuracy': 0.7878787878787878, 'f1': 0.7407407407407407, 'sensitivity': 0.7142857142857143, 'specificity': 0.8421052631578947}, {'accuracy': 0.7575757575757576, 'f1': 0.7142857142857143, 'sensitivity': 0.7142857142857143, 'specificity': 0.7894736842105263}, {'accuracy': 0.7575757575757576, 'f1': 0.7142857142857143, 'sensitivity': 0.7142857142857143, 'specificity': 0.7894736842105263}, {'accuracy': 0.7878787878787878, 'f1': 0.7407407407407407, 'sensitivity': 0.7142857142857143, 'specificity': 0.8421052631578947}, {'accuracy': 0.7878787878787878, 'f1': 0.7407407407407407, 'sensitivity': 0.7142857142857143, 'specificity': 0.8421052631578947}, {'accuracy': 0.7878787878787878, 'f1': 0.7407407407407407, 'sensitivity': 0.7142857142857143, 'specificity': 0.8421052631578947}, {'accuracy': 0.7878787878787878, 'f1': 0.7407407407407407, 'sensitivity': 0.7142857142857143, 'specificity': 0.8421052631578947}, {'accuracy': 0.7878787878787878, 'f1': 0.7407407407407407, 'sensitivity