number,value,datetime_start,datetime_complete,duration,params_dropout_rate,params_learning_rate,params_weight_decay,user_attrs_best_val_metrics,user_attrs_model_name,user_attrs_train_loss_history,user_attrs_val_loss_history,user_attrs_val_overall_metrics_history,state
1,0.8387096774193549,2026-08-02 16:08:39.389980,2026-08-02 16:12:33.072656,0 days 00:03:53.682676,0.5,0.00029380279387035364,2.9375384576328313e-06,"{'overall': {'n': 33, 'accuracy': 0.8484848484848485, 'precision': 0.7647058823529411, 'recall': 0.9285714285714286, 'sensitivity': 0.9285714285714286, 'specificity': 0.7894736842105263, 'balanced_accuracy': 0.8590225563909775, 'f1': 0.8387096774193549, 'confusion_matrix': [[15, 4], [1, 13]], 'auc': 0.8872180451127819, 'roc_curve': {'fpr': [0.0, 0.0, 0.0, 0.05263157894736842, 0.05263157894736842, 0.10526315789473684, 0.10526315789473684, 0.15789473684210525, 0.15789473684210525, 0.21052631578947367, 0.21052631578947367, 0.3684210526315789, 0.3684210526315789, 1.0], 'tpr': [0.0, 0.07142857142857142, 0.35714285714285715, 0.35714285714285715, 0.42857142857142855, 0.42857142857142855, 0.5, 0.5, 0.7857142857142857, 0.7857142857142857, 0.9285714285714286, 0.9285714285714286, 1.0, 1.0]}}, 'India': {'n': 14, 'accuracy': 0.7857142857142857, 'precision': 0.8181818181818182, 'recall': 0.9, 'sensitivity': 0.9, 'specificity': 0.5, 'balanced_accuracy': 0.7, 'f1': 0.8571428571428571, 'confusion_matrix': [[2, 2], [1, 9]], 'auc': 0.625, 'roc_curve': {'fpr': [0.0, 0.0, 0.0, 0.25, 0.25, 0.5, 0.5, 1.0], 'tpr': [0.0, 0.1, 0.2, 0.2, 0.3, 0.3, 1.0, 1.0]}}, 'Italy': {'n': 19, 'accuracy': 0.8947368421052632, 'precision': 0.6666666666666666, 'recall': 1.0, 'sensitivity': 1.0, 'specificity': 0.8666666666666667, 'balanced_accuracy': 0.9333333333333333, 'f1': 0.8, 'confusion_matrix': [[13, 2], [0, 4]], 'auc': 0.9833333333333334, 'roc_curve': {'fpr': [0.0, 0.0, 0.0, 0.06666666666666667, 0.06666666666666667, 1.0], 'tpr': [0.0, 0.25, 0.75, 0.75, 1.0, 1.0]}}}",densenet121_palpebral_v2_clean,"[0.831537133810536, 0.8157385954793716, 0.836470208025926, 0.7922637036304601, 0.8327897104206464, 0.8239097330743903, 0.8069844553802187, 0.8079829251529366, 0.7790690103903511, 0.7700337708391101, 0.7822146013083048, 0.7900238183160492, 0.7652052814597325, 0.7897255290423008, 0.7547195285361334, 0.7409165754223501, 0.7443931292224404, 0.717765176138341, 0.7255560676783126, 0.767085928395884, 0.7442212894262857, 0.7079419525253852, 0.7117553763831688, 0.7253334013042071, 0.7611612878887859, 0.7364705935219266, 0.7176647592854026, 0.7025388076605387, 0.7019521207209455, 0.6726001362926912, 0.7185502261515485, 0.7113259564961819, 0.6898565248937796, 0.6702551028586381, 0.6475730688366669, 0.6774044711858231, 0.7154650775012591, 0.6861527956874165, 0.6520162398452001, 0.683360597945207, 0.64570242284939, 0.672979884195012, 0.7095562906454731, 0.6586106912979227, 0.6548749401869364, 0.6539503999103774, 0.6308585381665767, 0.697990102089004, 0.6305041157251952, 0.6390924951098612, 0.6444479452063706, 0.6392667593545471, 0.6449898951100987, 0.6087911444784, 0.6285202290048663, 0.5669014487440223, 0.6514293705390779, 0.631888956028894, 0.6646139037530154, 0.6098338835286778, 0.5970380693081988, 0.6147271485518147, 0.6419939923760117, 0.6461392893696463, 0.5976130196590297, 0.6117357410342488, 0.6009439506278133, 0.5706775685809305, 0.6736593360932458, 0.6632315188843683, 0.6468198034937018, 0.5828352221195271, 0.6300516720639159, 0.6767825693484174, 0.6181787552423035, 0.6006722908146334, 0.6006076781954987, 0.6048256865400352, 0.6078294685344823, 0.6261101179565025, 0.6112589946645774, 0.568193578167467, 0.6105965798264308, 0.5803018346527554, 0.6040691255733667, 0.6133698943434962, 0.6193815631582248, 0.5910139514120999, 0.5958587981217744, 0.5891008748123977, 0.6069892901458488, 0.5973813265364691, 0.5960715188095901, 0.5768949148670727, 0.5856831089550296, 0.5815964341163635, 0.57113741802064, 0.5922824381203051, 0.5400666815555648, 0.5758193841833152, 0.5731750134600709, 0.5854434185470176, 0.6092180645229012, 0.5576630057088586, 0.5923632395188541, 0.5899164905611253, 0.5787141911241392, 0.5480101207234213, 0.6017899134301192, 0.6143515678431024, 0.54113012789101, 0.6089414610767996, 0.5775327864072181, 0.5447879200739576, 0.5800131989630642, 0.5934275524900449, 0.5848304696430434, 0.5202832626585929, 0.574220819189059, 0.5917352497182935, 0.5438773302447717, 0.5957363405764498, 0.5722539574894684, 0.5733952932799888, 0.5749228813790328, 0.5760361283820197, 0.5449993101176837, 0.6378353565733954, 0.5914030765855549, 0.5444644121144782, 0.5335044604263558, 0.5404921975356853, 0.578349111095959, 0.5631418032756704, 0.5260321667652257, 0.5674391677048033, 0.5414981082180478, 0.5585953828120074, 0.5546092742326244, 0.5788112831431509, 0.580893486738205, 0.5894012328804723, 0.5483057005515951, 0.5688323556192664, 0.5142156319902432, 0.5473106606117147, 0.5631376289768725, 0.6369097540710146, 0.6002022324018921, 0.5079788877474551, 0.4721877874917542, 0.5349182301009727, 0.5200815374488073, 0.5768790087163054, 0.5774855665023754, 0.5307622287447089, 0.542293095430791, 0.5665834976347867, 0.5402378400429985, 0.516669694161573, 0.5157345833367859, 0.5433331939163587, 0.5584727121109994, 0.5214087315742543, 0.5772053859881218, 0.5712125405965262, 0.5246213198892328, 0.5614230419626299, 0.5499849968793377, 0.5410315789134297, 0.5715134131987363, 0.5690542960798504, 0.48512414156995864, 0.5292668518246404, 0.5263936116995401, 0.5280150842192947, 0.550491852278741, 0.5869500309426263, 0.48799809399030064, 0.5825834609814827, 0.522292402406402, 0.4946771767360485, 0.5434548604172587, 0.5395259521654899, 0.4950175103762292, 0.5642201936008125, 0.5453558678658593, 0.4846964863357165, 0.4890335887078418, 0.5575999763627716, 0.5242336337140064, 0.5389158504688187, 0.544559907044796, 0.5276693766874982, 0.5128929885412683, 0.5341748247872915, 0.5876196780741609, 0.5246128114248743, 0.5431226491928101, 0.5494710676717443, 0.5795414203050121, 0.5769489650300007, 0.5562539373012568, 0.491877283678939, 0.475779153653328, 0.5235182877802691, 0.5475245347086167, 0.5032621444455835, 0.5687396857912177, 0.5670801353770376, 0.5686453707170802, 0.4924780169859627, 0.5236652363215061, 0.5649424767652095, 0.4874504401983804, 0.5213734922030114, 0.5699046530470943, 0.530943068447492, 0.5699439029030452]","[0.8056628180272651, 0.7866609782883616, 0.7669343027201566, 0.7982726747339423, 0.8030707637468973, 0.7978432286869396, 0.791997593460661, 0.788046764604973, 0.7681584737517617, 0.75600147969795, 0.7492566361571803, 0.7416014021093195, 0.7378245483745228, 0.7325716416041056, 0.7263262524749293, 0.7221870946161675, 0.7170105558453184, 0.7132384740945065, 0.709052324295044, 0.7064813393535037, 0.7032010844259551, 0.6989214582876726, 0.6959453315445872, 0.691814408157811, 0.6883107622464498, 0.6853564002297141, 0.6813565528754032, 0.6784109617724563, 0.6746940396048806, 0.6709024508794149, 0.6665748791261152, 0.6655586036768827, 0.6624224691679983, 0.6582858237353238, 0.6555646260579427, 0.6527977242614283, 0.6491188388882261, 0.6484029979416819, 0.6460014942920569, 0.6428972455588254, 0.640217510136691, 0.6373066396424265, 0.63463637955261, 0.6330812826301112, 0.6301820531035914, 0.6266227978648562, 0.6235975063208378, 0.6205359155481512, 0.6180366964051218, 0.616908028270259, 0.6153786399147727, 0.6153395193995852, 0.611528476079305, 0.6098618055834915, 0.6070129383694042, 0.605203521974159, 0.6035951430147345, 0.6018071120435541, 0.6010669108593103, 0.5986987514929338, 0.593420639182582, 0.5915751421090328, 0.5901612494931077, 0.5894418322678768, 0.5884380340576172, 0.586121476057804, 0.5846072832743326, 0.5827586903716578, 0.5818166642478018, 0.579631400830818, 0.5780435258691962, 0.5753428502516313, 0.5743386709328854, 0.5725496429385561, 0.5716772801948317, 0.5728967840021307, 0.5730925852602179, 0.5715637243155277, 0.5686404994039824, 0.5680401867086237, 0.5660090988332575, 0.562806223378037, 0.5615379485217008, 0.5604716774189111, 0.5584325591723124, 0.5574892687075066, 0.5565048510378058, 0.5565288861592611, 0.5537142753601074, 0.5528744928764574, 0.5520547501968615, 0.5537656473390984, 0.5534499287605286, 0.5509478774937716, 0.5497710000384938, 0.5487044399434869, 0.5461825945160605, 0.5449555787173185, 0.5447905045567136, 0.5452385725397052, 0.5431718230247498, 0.5449529163765184, 0.5453044212225712, 0.5426722331480547, 0.5410389846021478, 0.5385023066491792, 0.5372183070038304, 0.5378467314171068, 0.5363326181064952, 0.5352039337158203, 0.5332446098327637, 0.5342311588200656, 0.537302289948319, 0.5384660742499612, 0.5359901587168375, 0.5347358060605598, 0.5344343691161184, 0.5314907232920328, 0.5314446723822391, 0.529597546115066, 0.5287491769501658, 0.5251820448673132, 0.524507305838845, 0.5253765221798059, 0.5245691465609001, 0.5240421475786151, 0.5226559747349132, 0.5220252419963027, 0.5227515263990923, 0.5212679667906328, 0.5217793240691676, 0.5210443554502545, 0.5215921690969756, 0.5210711016799464, 0.5204526222113407, 0.5172087568225283, 0.5197657527345599, 0.5141335545164166, 0.5138022357767279, 0.5149009516744902, 0.5176495169148301, 0.5169982115427653, 0.5169462182305076, 0.5139996391354185, 0.5112905971931688, 0.511404857491002, 0.5087424299933694, 0.5105409549944329, 0.5092277599103523, 0.5082980719479647, 0.5095407854426991, 0.5098629973151467, 0.5102233597726533, 0.5068939382379706, 0.5077801220344774, 0.5054735631653757, 0.5056990999164004, 0.5074373230789647, 0.5073620695056338, 0.5050410538008718, 0.5050745154872085, 0.5033567023999763, 0.503494280757326, 0.5021272536480066, 0.5054552085471876, 0.5054550676634817, 0.5021444775841453, 0.5005495042511912, 0.5004457488204493, 0.5000885761145389, 0.49966152509053546, 0.5036502823685155, 0.5018152287512114, 0.5017761389414469, 0.49914862531604187, 0.4992301716949, 0.4977596095114043, 0.49610823212247906, 0.49673977765170013, 0.49783371795307507, 0.49723242629658093, 0.49416528687332617, 0.4953383749181574, 0.49680151722647925, 0.4968804662877863, 0.49468536087960907, 0.49447514071609033, 0.4922723986885764, 0.4906257643844142, 0.4920928622737075, 0.49204224528688373, 0.4910616260586363, 0.49082639723113086, 0.4914905952684807, 0.4899587053241152, 0.48749922622333874, 0.488579096216144, 0.49261996601567126, 0.4932806853092078, 0.4918134429238059, 0.4872915239045114, 0.4874196160923351, 0.48740444400093774, 0.48908619447187945, 0.48904406663143274, 0.4902799418478301, 0.48820653467467334, 0.487141489982605, 0.4895685622186372, 0.4900595383210616, 0.4898729721705119, 0.48580301530433423, 0.4873720407485962, 0.48639246189233026, 0.48622338699572015, 0.48732476884668524, 0.4875840815630826, 0.49067509896827466, 0.4887033122958559]","[{'accuracy': 0.6363636363636364, 'f1': 0.3333333333333333, 'sensitivity': 0.21428571428571427, 'specificity': 0.9473684210526315}, {'accuracy': 0.6060606060606061, 'f1': 0.13333333333333333, 'sensitivity': 0.07142857142857142, 'specificity': 1.0}, {'accuracy': 0.696969696969697, 'f1': 0.5833333333333334, 'sensitivity': 0.5, 'specificity': 0.8421052631578947}, {'accuracy': 0.42424242424242425, 'f1': 0.5957446808510638, 'sensitivity': 1.0, 'specificity': 0.0}, {'accuracy': 0.42424242424242425, 'f1': 0.5957446808510638, 'sensitivity': 1.0, 'specificity': 0.0}, {'accuracy': 0.5151515151515151, 'f1': 0.5789473684210527, 'sensitivity': 0.7857142857142857, 'specificity': 0.3157894736842105}, {'accuracy': 0.6666666666666666, 'f1': 0.47619047619047616, 'sensitivity': 0.35714285714285715, 'specificity': 0.8947368421052632}, {'accuracy': 0.696969696969697, 'f1': 0.5454545454545454, 'sensitivity': 0.42857142857142855, 'specificity': 0.8947368421052632}, {'accuracy': 0.696969696969697, 'f1': 0.6666666666666666, 'sensitivity': 0.7142857142857143, 'specificity': 0.6842105263157895}, {'accuracy': 0.696969696969697, 'f1': 0.6666666666666666, 'sensitivity': 0.7142857142857143, 'specificity': 0.6842105263157895}, {'accuracy': 0.6666666666666666, 'f1': 0.6206896551724138, 'sensitivity': 0.6428571428571429, 'specificity': 0.6842105263157895}, {'accuracy': 0.696969696969697, 'f1': 0.6875, 'sensitivity': 0.7857142857142857, 'specificity': 0.631578947368421}, {'accuracy': 0.6363636363636364, 'f1': 0.7, 'sensitivity': 1.0, 'specificity': 0.3684210526315789}, {'accuracy': 0.6666666666666666, 'f1': 0.717948717948718, 'sensitivity': 1.0, 'specificity': 0.42105263157894735}, {'accuracy': 0.7272727272727273, 'f1': 0.7096774193548387, 'sensitivity': 0.7857142857142857, 'specificity': 0.6842105263157895}, {'accuracy': 0.7575757575757576, 'f1': 0.7333333333333333, 'sensitivity': 0.7857142857142857, 'specificity': 0.7368421052631579}, {'accuracy': 0.7878787878787878, 'f1': 0.7586206896551724, 'sensitivity': 0.7857142857142857, 'specificity': 0.7894736842105263}, {'accuracy': 0.7575757575757576, 'f1': 0.75, 'sensitivity': 0.8571428571428571, 'specificity': 0.6842105263157895}, {'accuracy': 0.7878787878787878, 'f1': 0.7878787878787878, 'sensitivity': 0.9285714285714286, 'specificity': 0.6842105263157895}, {'accuracy': 0.7878787878787878, 'f1': 0.7878787878787878, 'sensitivity': 0.9285714285714286, 'specificity': 0.6842105263157895}, {'accuracy': 0.7878787878787878, 'f1': 0.7878787878787878, 'sensitivity': 0.9285714285714286, 'specificity': 0.6842105263157895}, {'accuracy': 0.7878787878787878, 'f1': 0.7878787878787878, 'sensitivity': 0.9285714285714286, 'specificity': 0.6842105263157895}, {'accuracy': 0.8484848484848485, 'f1': 0.8387096774193549, 'sensitivity': 0.9285714285714286, 'specificity': 0.7894736842105263}, {'accuracy': 0.8181818181818182, 'f1': 0.8125, 'sensitivity': 0.9285714285714286, 'specificity': 0.7368421052631579}, {'accuracy': 0.8484848484848485, 'f1': 0.8387096774193549, 'sensitivity': 0.9285714285714286, 'specificity': 0.7894736842105263}, {'accuracy': 0.8484848484848485, 'f1': 0.8387096774193549, 'sensitivity': 0.9285714285714286, 'specificity': 0.7894736842105263}, {'accuracy': 0.8484848484848485, 'f1': 0.8387096774193549, 'sensitivity': 0.9285714285714286, 'specificity': 0.7894736842105263}, {'accuracy': 0.8484848484848485, 'f1': 0.8387096774193549, 'sensitivity': 0.9285714285714286, 'specificity': 0.7894736842105263}, {'accuracy': 0.8484848484848485, 'f1': 0.8387096774193549, 'sensitivity': 0.9285714285714286, 'specificity': 0.7894736842105263}, {'accuracy': 0.8484848484848485, 'f1': 0.8387096774193549, 'sensitivity': 0.9285714285714286, 'specificity': 0.7894736842105263}, {'accuracy': 0.8484848484848485, 'f1': 0.8387096774193549, 'sensitivity': 0.9285714285714286, 'specificity': 0.7894736842105263}, {'accuracy': 0.8181818181818182, 'f1': 0.8125, 'sensitivity': 0.9285714285714286, 'specificity': 0.7368421052631579}, {'accuracy': 0.8181818181818182, 'f1': 0.8125, 'sensitivity': 0.9285714285714286, 'specificity': 0.7368421052631579}, {'accuracy': 0.8181818181818182, 'f1': 0.8125, 'sensitivity': 0.9285714285714286, 'specificity': 0.7368421052631579}, {'accuracy': 0.8181818181818182, 'f1': 0.8125, 'sensitivity': 0.9285714285714286, 'specificity': 0.7368421052631579}, {'accuracy': 0.8484848484848485, 'f1': 0.8387096774193549, 'sensitivity': 0.9285714285714286, 'specificity': 0.7894736842105263}, {'accuracy': 0.8484848484848485, 'f1': 0.8387096774193549, 'sensitivity': 0.9285714285714286, 'specificity': 0.7894736842105263}, {'accuracy': 0.8484848484848485, 'f1': 0.8387096774193549, 'sensitivity': 0.9285714285714286, 'specificity': 0.7894736842105263}, {'accuracy': 0.8484848484848485, 'f1': 0.8387096774193549, 'sensitivity': 0.9285714285714286, 'specificity': 0.7894736842105263}, {'accuracy': 0.8484848484848485, 'f1': 0.8387096774193549, 'sensitivity': 0.9285714285714286, 'specificity': 0.7894736842105263}, {'accuracy': 0.8181818181818182, 'f1': 0.8125, 'sensitivity': 0.9285714285714286, 'specificity': 0.7368421052631579}, {'accuracy': 0.8181818181818182, 'f1': 0.8125, 'sensitivity': 0.9285714285714286, 'specificity': 0.7368421052631579}, {'accuracy': 0.8181818181818182, 'f1': 0.8125, 'sensitivity': 0.9285714285714286, 'specificity': 0.7368421052631579}, {'accuracy': 0.8181818181818182, 'f1': 0.8125, 'sensitivity': 0.9285714285714286, 'specificity': 0.7368421052631579}, {'accuracy': 0.8181818181818182, 'f1': 0.8125, 'sensitivity': 0.9285714285714286, 'specificity': 0.7368421052631579}, {'accuracy': 0.8181818181818182, 'f1': 0.8125, 'sensitivity': 0.9285714285714286, 'specificity': 0.7368421052631579}, {'accuracy': 0.8181818181818182, 'f1': 0.8125, 'sensitivity': 0.9285714285714286, 'specificity': 0.7368421052631579}, {'accuracy': 0.8484848484848485, 'f1': 0.8387096774193549, 'sensitivity': 0.9285714285714286, 'specificity': 0.7894736842105263}, {'accuracy': 0.8181818181818182, 'f1': 0.8125, 'sensitivity': 0.9285714285714286, 'specificity': 0.7368421052631579}, {'accuracy': 0.8181818181818182, 'f1': 0.8125, 'sensitivity': 0.9285714285714286, 'specificity': 0.7368421052631579}, {'accuracy': 0.8181818181818182, 'f1': 0.8125, 'sensitivity': 0.9285714285714286, 'specificity': 0.7368421052631579}, {'accuracy': 0.8181818181818182, 'f1': 0.8125, 'sensitivity': 0.9285714285714286, 'specificity': 0.7368421052631579}, {'accuracy': 0.8484848484848485, 'f1': 0.8387096774193549, 'sensitivity': 0.9285714285714286, 'specificity': 0.7894736842105263}, {'accuracy': 0.8484848484848485, 'f1': 0.8387096774193549, 'sensitivity': 0.9285714285714286, 'specificity': 0.7894736842105263}, {'accuracy': 0.8484848484848485, 'f1': 0.8387096774193549, 'sensitivity': 0.9285714285714286, 'specificity': 0.7894736842105263}, {'accuracy': 0.8484848484848485, 'f1': 0.8387096774193549, 'sensitivity': 0.9285714285714286, 'specificity': 0.7894736842105263}, {'accuracy': 0.8484848484848485, 'f1': 0.8387096774193549, 'sensitivity': 0.9285714285714286, 'specificity': 0.7894736842105263}, {'accuracy': 0.8181818181818182, 'f1': 0.8125, 'sensitivity': 0.9285714285714286, 'specificity': 0.7368421052631579}, {'accuracy': 0.8181818181818182, 'f1': 0.8125, 'sensitivity': 0.9285714285714286, 'specificity': 0.7368421052631579}, {'accuracy': 0.8181818181818182, 'f1': 0.8125, 'sensitivity': 0.9285714285714286, 'specificity': 0.7368421052631579}, {'accuracy': 0.8181818181818182, 'f1': 0.8125, 'sensitivity': 0.9285714285714286, 'specificity': 0.7368421052631579}, {'accuracy': 0.8484848484848485, 'f1': 0.8387096774193549, 'sensitivity': 0.9285714285714286, 'specificity': 0.7894736842105263}, {'accuracy': 0.8181818181818182, 'f1': 0.8, 'sensitivity': 0.8571428571428571, 'specificity': 0.7894736842105263}, {'accuracy': 0.8484848484848485, 'f1': 0.8387096774193549, 'sensitivity': 0.9285714285714286, 'specificity': 0.7894736842105263}, {'accuracy': 0.8484848484848485, 'f1': 0.8387096774193549, 'sensitivity': 0.9285714285714286, 'specificity': 0.7894736842105263}, {'accuracy': 0.8484848484848485, 'f1': 0.8387096774193549, 'sensitivity': 0.9285714285714286, 'specificity': 0.7894736842105263}, {'accuracy': 0.8181818181818182, 'f1': 0.8125, 'sensitivity': 0.9285714285714286, 'specificity': 0.7368421052631579}, {'accuracy': 0.8181818181818182, 'f1': 0.8125, 'sensitivity': 0.9285714285714286, 'specificity': 0.7368421052631579}, {'accuracy': 0.8181818181818182, 'f1': 0.8125, 'sensitivity': 0.9285714285714286, 'specificity': 0.7368421052631579}, {'accuracy': 0.8181818181818182, 'f1': 0.8125, 'sensitivity': 0.9285714285714286, 'specificity': 0.7368421052631579}, {'accuracy': 0.8181818181818182, 'f1': 0.8125, 'sensitivity': 0.9285714285714286, 'specificity': 0.7368421052631579}, {'accuracy': 0.8181818181818182, 'f1': 0.8125, 'sensitivity': 0.9285714285714286, 'specificity': 0.7368421052631579}, {'accuracy': 0.8181818181818182, 'f1': 0.8125, 'sensitivity': 0.9285714285714286, 'specificity': 0.7368421052631579}, {'accuracy': 0.8484848484848485, 'f1': 0.8387096774193549, 'sensitivity': 0.9285714285714286, 'specificity': 0.7894736842105263}, {'accuracy': 0.8181818181818182, 'f1': 0.8125, 'sensitivity': 0.9285714285714286, 'specificity': 0.7368421052631579}, {'accuracy': 0.8181818181818182, 'f1': 0.8125, 'sensitivity': 0.9285714285714286, 'specificity': 0.7368421052631579}, {'accuracy': 0.8181818181818182, 'f1': 0.8125, 'sensitivity': 0.9285714285714286, 'specificity': 0.7368421052631579}, {'accuracy': 0.8181818181818182, 'f1': 0.8125, 'sensitivity': 0.9285714285714286, 'specificity': 0.7368421052631579}, {'accuracy': 0.8484848484848485, 'f1': 0.8387096774193549, 'sensitivity': 0.9285714285714286, 'specificity': 0.7894736842105263}, {'accuracy': 0.8181818181818182, 'f1': 0.8125, 'sensitivity': 0.9285714285714286, 'specificity': 0.7368421052631579}, {'accuracy': 0.8181818181818182, 'f1': 0.8125, 'sensitivity': 0.9285714285714286, 'specificity': 0.7368421052631579}, {'accuracy': 0.8181818181818182, 'f1': 0.8125, 'sensitivity': 0.9285714285714286, 'specificity': 0.7368421052631579}, {'accuracy': 0.8181818181818182, 'f1': 0.8125, 'sensitivity': 0.9285714285714286, 'specificity': 0.7368421052631579}, {'accuracy': 0.8181818181818182, 'f1': 0.8125, 'sensitivity': 0.9285714285714286, 'specificity': 0.7368421052631579}, {'accuracy': 0.8484848484848485, 'f1': 0.8387096774193549, 'sensitivity': 0.9285714285714286, 'specificity': 0.7894736842105263}, {'accuracy': 0.8181818181818182, 'f1': 0.8125, 'sensitivity': 0.9285714285714286, 'specificity': 0.7368421052631579}, {'accuracy': 0.8484848484848485, 'f1': 0.8387096774193549, 'sensitivity': 0.9285714285714286, 'specificity': 0.7894736842105263}, {'accuracy': 0.8484848484848485, 'f1': 0.8387096774193549, 'sensitivity': 0.9285714285714286, 'specificity': 0.7894736842105263}, {'accuracy': 0.8484848484848485, 'f1': 0.8387096774193549, 'sensitivity': 0.9285714285714286, 'specificity': 0.7894736842105263}, {'accuracy': 0.8484848484848485, 'f1': 0.8387096774193549, 'sensitivity': 0.9285714285714286, 'specificity': 0.7894736842105263}, {'accuracy': 0.8181818181818182, 'f1': 0.8125, 'sensitivity': 0.9285714285714286, 'specificity': 0.7368421052631579}, {'accuracy': 0.8181818181818182, 'f1': 0.8125, 'sensitivity