number,value,datetime_start,datetime_complete,duration,params_dropout_rate,params_learning_rate,params_weight_decay,user_attrs_best_val_metrics,user_attrs_model_name,user_attrs_train_loss_history,user_attrs_val_loss_history,user_attrs_val_overall_metrics_history,state
9,0.8387096774193549,2026-08-02 16:15:24.710169,2026-08-02 16:16:55.234254,0 days 00:01:30.524085,0.5,0.0007203821205189781,0.00011593170353494808,"{'overall': {'n': 33, 'accuracy': 0.8484848484848485, 'precision': 0.7647058823529411, 'recall': 0.9285714285714286, 'sensitivity': 0.9285714285714286, 'specificity': 0.7894736842105263, 'balanced_accuracy': 0.8590225563909775, 'f1': 0.8387096774193549, 'confusion_matrix': [[15, 4], [1, 13]], 'auc': 0.8834586466165414, 'roc_curve': {'fpr': [0.0, 0.0, 0.0, 0.05263157894736842, 0.05263157894736842, 0.10526315789473684, 0.10526315789473684, 0.15789473684210525, 0.15789473684210525, 0.21052631578947367, 0.21052631578947367, 0.6842105263157895, 0.6842105263157895, 1.0], 'tpr': [0.0, 0.07142857142857142, 0.2857142857142857, 0.2857142857142857, 0.5714285714285714, 0.5714285714285714, 0.7142857142857143, 0.7142857142857143, 0.8571428571428571, 0.8571428571428571, 0.9285714285714286, 0.9285714285714286, 1.0, 1.0]}}, 'India': {'n': 14, 'accuracy': 0.7857142857142857, 'precision': 0.8181818181818182, 'recall': 0.9, 'sensitivity': 0.9, 'specificity': 0.5, 'balanced_accuracy': 0.7, 'f1': 0.8571428571428571, 'confusion_matrix': [[2, 2], [1, 9]], 'auc': 0.625, 'roc_curve': {'fpr': [0.0, 0.0, 0.0, 0.25, 0.25, 0.5, 0.5, 1.0, 1.0], 'tpr': [0.0, 0.1, 0.2, 0.2, 0.5, 0.5, 0.9, 0.9, 1.0]}}, 'Italy': {'n': 19, 'accuracy': 0.8947368421052632, 'precision': 0.6666666666666666, 'recall': 1.0, 'sensitivity': 1.0, 'specificity': 0.8666666666666667, 'balanced_accuracy': 0.9333333333333333, 'f1': 0.8, 'confusion_matrix': [[13, 2], [0, 4]], 'auc': 1.0, 'roc_curve': {'fpr': [0.0, 0.0, 0.0, 1.0], 'tpr': [0.0, 0.25, 1.0, 1.0]}}}",densenet121_palpebral_v2_clean,"[0.8065114546295823, 0.8094650100398537, 0.8168536495688735, 0.7692175412809612, 0.7613590379424443, 0.7328986545272221, 0.7166883337576657, 0.7396558653439907, 0.7250940685240638, 0.7126123715710166, 0.7032307492976158, 0.7048330934631903, 0.6577861526154525, 0.6613291916468286, 0.690058134249504, 0.6743980413241102, 0.64913541868033, 0.6770534239067937, 0.6532066788104985, 0.6457388681291745, 0.6281887699436668, 0.6131594449479059, 0.6497000886115017, 0.6349131437326898, 0.5982767955356876, 0.6583213170632621, 0.6645552077830232, 0.5732210568639616, 0.6111261197273304, 0.5441397673246876, 0.6369562496412668, 0.6208457591517872, 0.5785346524604899, 0.6102053905954424, 0.6168893962506427, 0.5982099625448517, 0.5816478662143479, 0.6109952871373158, 0.5785943644725724, 0.5623543376954186, 0.5487251372526813, 0.5186836417542388, 0.6098219835205584, 0.5921563920595788, 0.5841337213453078, 0.5302904982440519, 0.5324387520749048, 0.5432851375728254, 0.5851790194479835, 0.5715711843099026, 0.5767446245184008, 0.549697437033748, 0.575947163515533, 0.5826025881514644, 0.5713938956229102, 0.5341790707300831, 0.5532740709797436, 0.53055521549768, 0.5064378345249504, 0.5354267362727235, 0.5936251710976986, 0.5863838744479299, 0.5938560406103829, 0.5588454947566355, 0.579712880170898, 0.5834350751725254, 0.49064034638025905, 0.5594211974680818, 0.5259350301414136, 0.5764980418792623, 0.5135266401909835, 0.5378591489318191, 0.6072024189873247, 0.5730768580310392, 0.510642657216811, 0.5547515892035124, 0.5426843720950828, 0.5335926208275044, 0.5522822283751128, 0.535346760655081, 0.5063866317666919, 0.5586211918205615, 0.6023921015246815, 0.5056826365704568, 0.5411802936863426]","[0.9012904112989252, 0.8600205986788778, 0.8385082952903978, 0.7800678701111765, 0.7820259206222765, 0.7657606836521265, 0.7579767053777521, 0.7275721051476218, 0.706080922574708, 0.6954295418479226, 0.6846636154434897, 0.6758254034952684, 0.6664610667662187, 0.6578954006686355, 0.6522440061424718, 0.6452573230772307, 0.6430863719997983, 0.6401064251408433, 0.6293344931168989, 0.6199261979623274, 0.6139095299171679, 0.6061993439992269, 0.6055217385292053, 0.6038840973015988, 0.6103960492394187, 0.5972407695018884, 0.5905339952671167, 0.5870003935062524, 0.5813212774016641, 0.5780545382788687, 0.5760664957942385, 0.5780767816485781, 0.5756422805063652, 0.5707990436842947, 0.5694201697002758, 0.5717485854119966, 0.5673751198884213, 0.5624841957381277, 0.5601262034791888, 0.5569245056672529, 0.5545832966313218, 0.553437453327757, 0.5536486524524111, 0.5494372194463556, 0.5523449742432797, 0.5460695678537543, 0.5413509968555335, 0.5409732948650013, 0.5417737816319321, 0.542236252264543, 0.5376891981471669, 0.5316189130147299, 0.5360291329297152, 0.5295754707220829, 0.5315083265304565, 0.5358882997975205, 0.5353267806949038, 0.5307359587062489, 0.5273634339823867, 0.525752887581334, 0.5274553840810602, 0.5262415770328406, 0.5286548282160903, 0.5299330010558619, 0.524137738979224, 0.5201051379695083, 0.5280135761607777, 0.5341448747750485, 0.5312589984951597, 0.5198110414273811, 0.5158962661569769, 0.5168317953745524, 0.5201474211432717, 0.5202816219040842, 0.5166140722505974, 0.5128989039045392, 0.5059247594891172, 0.5041195623802416, 0.508918437090787, 0.5075701547391487, 0.5132629762996327, 0.5157236366560964, 0.5125059936985825, 0.5053610476580533, 0.5045349417310773]","[{'accuracy': 0.5757575757575758, 'f1': 0.0, 'sensitivity': 0.0, 'specificity': 1.0}, {'accuracy': 0.5757575757575758, 'f1': 0.0, 'sensitivity': 0.0, 'specificity': 1.0}, {'accuracy': 0.5757575757575758, 'f1': 0.0, 'sensitivity': 0.0, 'specificity': 1.0}, {'accuracy': 0.7878787878787878, 'f1': 0.7407407407407407, 'sensitivity': 0.7142857142857143, 'specificity': 0.8421052631578947}, {'accuracy': 0.6363636363636364, 'f1': 0.3333333333333333, 'sensitivity': 0.21428571428571427, 'specificity': 0.9473684210526315}, {'accuracy': 0.48484848484848486, 'f1': 0.6046511627906976, 'sensitivity': 0.9285714285714286, 'specificity': 0.15789473684210525}, {'accuracy': 0.5151515151515151, 'f1': 0.6190476190476191, 'sensitivity': 0.9285714285714286, 'specificity': 0.21052631578947367}, {'accuracy': 0.7272727272727273, 'f1': 0.6666666666666666, 'sensitivity': 0.6428571428571429, 'specificity': 0.7894736842105263}, {'accuracy': 0.7575757575757576, 'f1': 0.7142857142857143, 'sensitivity': 0.7142857142857143, 'specificity': 0.7894736842105263}, {'accuracy': 0.7575757575757576, 'f1': 0.7142857142857143, 'sensitivity': 0.7142857142857143, 'specificity': 0.7894736842105263}, {'accuracy': 0.7575757575757576, 'f1': 0.7142857142857143, 'sensitivity': 0.7142857142857143, 'specificity': 0.7894736842105263}, {'accuracy': 0.7575757575757576, 'f1': 0.7333333333333333, 'sensitivity': 0.7857142857142857, 'specificity': 0.7368421052631579}, {'accuracy': 0.7575757575757576, 'f1': 0.7333333333333333, 'sensitivity': 0.7857142857142857, 'specificity': 0.7368421052631579}, {'accuracy': 0.7575757575757576, 'f1': 0.7333333333333333, 'sensitivity': 0.7857142857142857, 'specificity': 0.7368421052631579}, {'accuracy': 0.8181818181818182, 'f1': 0.8125, 'sensitivity': 0.9285714285714286, 'specificity': 0.7368421052631579}, {'accuracy': 0.7878787878787878, 'f1': 0.7741935483870968, 'sensitivity': 0.8571428571428571, 'specificity': 0.7368421052631579}, {'accuracy': 0.7575757575757576, 'f1': 0.7647058823529411, 'sensitivity': 0.9285714285714286, 'specificity': 0.631578947368421}, {'accuracy': 0.7272727272727273, 'f1': 0.7428571428571429, 'sensitivity': 0.9285714285714286, 'specificity': 0.5789473684210527}, {'accuracy': 0.7878787878787878, 'f1': 0.7878787878787878, 'sensitivity': 0.9285714285714286, 'specificity': 0.6842105263157895}, {'accuracy': 0.7878787878787878, 'f1': 0.7878787878787878, 'sensitivity': 0.9285714285714286, 'specificity': 0.6842105263157895}, {'accuracy': 0.8181818181818182, 'f1': 0.8, 'sensitivity': 0.8571428571428571, 'specificity': 0.7894736842105263}, {'accuracy': 0.8181818181818182, 'f1': 0.8, 'sensitivity': 0.8571428571428571, 'specificity': 0.7894736842105263}, {'accuracy': 0.8181818181818182, 'f1': 0.8125, 'sensitivity': 0.9285714285714286, 'specificity': 0.7368421052631579}, {'accuracy': 0.7878787878787878, 'f1': 0.7878787878787878, 'sensitivity': 0.9285714285714286, 'specificity': 0.6842105263157895}, {'accuracy': 0.7878787878787878, 'f1': 0.7878787878787878, 'sensitivity': 0.9285714285714286, 'specificity': 0.6842105263157895}, {'accuracy': 0.8181818181818182, 'f1': 0.8125, 'sensitivity': 0.9285714285714286, 'specificity': 0.7368421052631579}, {'accuracy': 0.8484848484848485, 'f1': 0.8387096774193549, 'sensitivity': 0.9285714285714286, 'specificity': 0.7894736842105263}, {'accuracy': 0.8484848484848485, 'f1': 0.8387096774193549, 'sensitivity': 0.9285714285714286, 'specificity': 0.7894736842105263}, {'accuracy': 0.8484848484848485, 'f1': 0.8387096774193549, 'sensitivity': 0.9285714285714286, 'specificity': 0.7894736842105263}, {'accuracy': 0.8484848484848485, 'f1': 0.8387096774193549, 'sensitivity': 0.9285714285714286, 'specificity': 0.7894736842105263}, {'accuracy': 0.8484848484848485, 'f1': 0.8387096774193549, 'sensitivity': 0.9285714285714286, 'specificity': 0.7894736842105263}, {'accuracy': 0.7878787878787878, 'f1': 0.7878787878787878, 'sensitivity': 0.9285714285714286, 'specificity': 0.6842105263157895}, {'accuracy': 0.8181818181818182, 'f1': 0.8125, 'sensitivity': 0.9285714285714286, 'specificity': 0.7368421052631579}, {'accuracy': 0.8484848484848485, 'f1': 0.8387096774193549, 'sensitivity': 0.9285714285714286, 'specificity': 0.7894736842105263}, {'accuracy': 0.8484848484848485, 'f1': 0.8387096774193549, 'sensitivity': 0.9285714285714286, 'specificity': 0.7894736842105263}, {'accuracy': 0.7878787878787878, 'f1': 0.7878787878787878, 'sensitivity': 0.9285714285714286, 'specificity': 0.6842105263157895}, {'accuracy': 0.8181818181818182, 'f1': 0.8125, 'sensitivity': 0.9285714285714286, 'specificity': 0.7368421052631579}, {'accuracy': 0.8484848484848485, 'f1': 0.8387096774193549, 'sensitivity': 0.9285714285714286, 'specificity': 0.7894736842105263}, {'accuracy': 0.8484848484848485, 'f1': 0.8387096774193549, 'sensitivity': 0.9285714285714286, 'specificity': 0.7894736842105263}, {'accuracy': 0.8484848484848485, 'f1': 0.8387096774193549, 'sensitivity': 0.9285714285714286, 'specificity': 0.7894736842105263}, {'accuracy': 0.8484848484848485, 'f1': 0.8387096774193549, 'sensitivity': 0.9285714285714286, 'specificity': 0.7894736842105263}, {'accuracy': 0.8484848484848485, 'f1': 0.8387096774193549, 'sensitivity': 0.9285714285714286, 'specificity': 0.7894736842105263}, {'accuracy': 0.8181818181818182, 'f1': 0.8125, 'sensitivity': 0.9285714285714286, 'specificity': 0.7368421052631579}, {'accuracy': 0.8484848484848485, 'f1': 0.8387096774193549, 'sensitivity': 0.9285714285714286, 'specificity': 0.7894736842105263}, {'accuracy': 0.8181818181818182, 'f1': 0.8125, 'sensitivity': 0.9285714285714286, 'specificity': 0.7368421052631579}, {'accuracy': 0.8484848484848485, 'f1': 0.8387096774193549, 'sensitivity': 0.9285714285714286, 'specificity': 0.7894736842105263}, {'accuracy': 0.8484848484848485, 'f1': 0.8275862068965517, 'sensitivity': 0.8571428571428571, 'specificity': 0.8421052631578947}, {'accuracy': 0.8484848484848485, 'f1': 0.8275862068965517, 'sensitivity': 0.8571428571428571, 'specificity': 0.8421052631578947}, {'accuracy': 0.8484848484848485, 'f1': 0.8387096774193549, 'sensitivity': 0.9285714285714286, 'specificity': 0.7894736842105263}, {'accuracy': 0.8484848484848485, 'f1': 0.8387096774193549, 'sensitivity': 0.9285714285714286, 'specificity': 0.7894736842105263}, {'accuracy': 0.8484848484848485, 'f1': 0.8387096774193549, 'sensitivity': 0.9285714285714286, 'specificity': 0.7894736842105263}, {'accuracy': 0.8484848484848485, 'f1': 0.8387096774193549, 'sensitivity': 0.9285714285714286, 'specificity': 0.7894736842105263}, {'accuracy': 0.8484848484848485, 'f1': 0.8387096774193549, 'sensitivity': 0.9285714285714286, 'specificity': 0.7894736842105263}, {'accuracy': 0.8484848484848485, 'f1': 0.8387096774193549, 'sensitivity': 0.9285714285714286, 'specificity': 0.7894736842105263}, {'accuracy': 0.8484848484848485, 'f1': 0.8387096774193549, 'sensitivity': 0.9285714285714286, 'specificity': 0.7894736842105263}, {'accuracy': 0.8181818181818182, 'f1': 0.8125, 'sensitivity': 0.9285714285714286, 'specificity': 0.7368421052631579}, {'accuracy': 0.8181818181818182, 'f1': 0.8125, 'sensitivity': 0.9285714285714286, 'specificity': 0.7368421052631579}, {'accuracy': 0.8484848484848485, 'f1': 0.8387096774193549, 'sensitivity': 0.9285714285714286, 'specificity': 0.7894736842105263}, {'accuracy': 0.8484848484848485, 'f1': 0.8387096774193549, 'sensitivity': 0.9285714285714286, 'specificity': 0.7894736842105263}, {'accuracy': 0.8484848484848485, 'f1': 0.8387096774193549, 'sensitivity': 0.9285714285714286, 'specificity': 0.7894736842105263}, {'accuracy': 0.8484848484848485, 'f1': 0.8387096774193549, 'sensitivity': 0.9285714285714286, 'specificity': 0.7894736842105263}, {'accuracy': 0.8484848484848485, 'f1': 0.8387096774193549, 'sensitivity': 0.9285714285714286, 'specificity': 0.7894736842105263}, {'accuracy': 0.8181818181818182, 'f1': 0.8125, 'sensitivity': 0.9285714285714286, 'specificity': 0.7368421052631579}, {'accuracy': 0.8181818181818182, 'f1': 0.8125, 'sensitivity': 0.9285714285714286, 'specificity': 0.7368421052631579}, {'accuracy': 0.8181818181818182, 'f1': 0.8125, 'sensitivity': 0.9285714285714286, 'specificity': 0.7368421052631579}, {'accuracy': 0.8484848484848485, 'f1': 0.8387096774193549, 'sensitivity': 0.9285714285714286, 'specificity': 0.7894736842105263}, {'accuracy': 0.8181818181818182, 'f1': 0.8125, 'sensitivity': 0.9285714285714286, 'specificity': 0.7368421052631579}, {'accuracy': 0.8181818181818182, 'f1': 0.8125, 'sensitivity': 0.9285714285714286, 'specificity': 0.7368421052631579}, {'accuracy': 0.8181818181818182, 'f1': 0.8125, 'sensitivity': 0.9285714285714286, 'specificity': 0.7368421052631579}, {'accuracy': 0.8181818181818182, 'f1': 0.8125, 'sensitivity': 0.9285714285714286, 'specificity': 0.7368421052631579}, {'accuracy': 0.8181818181818182, 'f1': 0.7857142857142857, 'sensitivity': 0.7857142857142857, 'specificity': 0.8421052631578947}, {'accuracy': 0.8484848484848485, 'f1': 0.8275862068965517, 'sensitivity': 0.8571428571428571, 'specificity': 0.8421052631578947}, {'accuracy': 0.8181818181818182, 'f1': 0.8125, 'sensitivity': 0.9285714285714286, 'specificity': 0.7368421052631579}, {'accuracy': 0.8181818181818182, 'f1': 0.8125, 'sensitivity': 0.9285714285714286, 'specificity': 0.7368421052631579}, {'accuracy': 0.8181818181818182, 'f1': 0.8125, 'sensitivity': 0.9285714285714286, 'specificity': 0.7368421052631579}, {'accuracy': 0.8181818181818182, 'f1': 0.8125, 'sensitivity': 0.9285714285714286, 'specificity': 0.7368421052631579}, {'accuracy': 0.8484848484848485, 'f1': 0.8387096774193549, 'sensitivity': 0.9285714285714286, 'specificity': 0.7894736842105263}, {'accuracy': 0.8484848484848485, 'f1': 0.8387096774193549, 'sensitivity': 0.9285714285714286, 'specificity': 0.7894736842105263}, {'accuracy': 0.8181818181818182, 'f1': 0.7857142857142857, 'sensitivity': 0.7857142857142857, 'specificity': 0.8421052631578947}, {'accuracy': 0.8484848484848485, 'f1': 0.8387096774193549, 'sensitivity': 0.9285714285714286, 'specificity': 0.7894736842105263}, {'accuracy': 0.8181818181818182, 'f1': 0.8125, 'sensitivity': 0.9285714285714286, 'specificity': 0.7368421052631579}, {'accuracy': 0.8181818181818182, 'f1': 0.8125, 'sensitivity': 0.9285714285714286, 'specificity': 0.7368421052631579}, {'accuracy': 0.8181818181818182, 'f1': 0.8125, 'sensitivity': 0.9285714285714286, 'specificity': 0.7368421052631579}, {'accuracy': 0.8181818181818182, 'f1': 0.8125, 'sensitivity': 0.9285714285714286, 'specificity': 0.7368421052631579}, {'accuracy': 0.8181818181818182, 'f1': 0.8125, 'sensitivity': 0.9285714285714286, 'specificity': 0.7368421052631579}]",COMPLETE
