number,value,datetime_start,datetime_complete,duration,params_dropout_rate,params_learning_rate,params_weight_decay,user_attrs_best_val_metrics,user_attrs_model_name,user_attrs_train_loss_history,user_attrs_val_loss_history,user_attrs_val_overall_metrics_history,state
5,0.5957446808510638,2026-08-02 16:14:13.816088,2026-08-02 16:14:23.653833,0 days 00:00:09.837745,0.5,0.0001235308191492332,1.0422971466648463e-06,"{'overall': {'n': 33, 'accuracy': 0.42424242424242425, 'precision': 0.42424242424242425, 'recall': 1.0, 'sensitivity': 1.0, 'specificity': 0.0, 'balanced_accuracy': 0.5, 'f1': 0.5957446808510638, 'confusion_matrix': [[0, 19], [0, 14]], 'auc': 0.5827067669172933, 'roc_curve': {'fpr': [0.0, 0.0, 0.0, 0.21052631578947367, 0.21052631578947367, 0.3157894736842105, 0.3157894736842105, 0.42105263157894735, 0.42105263157894735, 0.5263157894736842, 0.5263157894736842, 0.6842105263157895, 0.6842105263157895, 0.7368421052631579, 0.7368421052631579, 0.8421052631578947, 0.8421052631578947, 1.0, 1.0], 'tpr': [0.0, 0.07142857142857142, 0.2857142857142857, 0.2857142857142857, 0.35714285714285715, 0.35714285714285715, 0.42857142857142855, 0.42857142857142855, 0.5714285714285714, 0.5714285714285714, 0.6428571428571429, 0.6428571428571429, 0.7857142857142857, 0.7857142857142857, 0.8571428571428571, 0.8571428571428571, 0.9285714285714286, 0.9285714285714286, 1.0]}}, 'India': {'n': 14, 'accuracy': 0.7142857142857143, 'precision': 0.7142857142857143, 'recall': 1.0, 'sensitivity': 1.0, 'specificity': 0.0, 'balanced_accuracy': 0.5, 'f1': 0.8333333333333334, 'confusion_matrix': [[0, 4], [0, 10]], 'auc': 0.55, 'roc_curve': {'fpr': [0.0, 0.0, 0.0, 0.5, 0.5, 0.75, 0.75, 1.0, 1.0], 'tpr': [0.0, 0.1, 0.4, 0.4, 0.6, 0.6, 0.8, 0.8, 1.0]}}, 'Italy': {'n': 19, 'accuracy': 0.21052631578947367, 'precision': 0.21052631578947367, 'recall': 1.0, 'sensitivity': 1.0, 'specificity': 0.0, 'balanced_accuracy': 0.5, 'f1': 0.34782608695652173, 'confusion_matrix': [[0, 15], [0, 4]], 'auc': 0.5, 'roc_curve': {'fpr': [0.0, 0.06666666666666667, 0.26666666666666666, 0.26666666666666666, 0.4, 0.4, 0.6666666666666666, 0.6666666666666666, 1.0], 'tpr': [0.0, 0.0, 0.0, 0.25, 0.25, 0.5, 0.5, 1.0, 1.0]}}}",densenet121_palpebral_v2_clean,"[0.889774462245158, 0.8342882552683748, 0.8245749974882366, 0.8082446227010512, 0.7844864607646765, 0.8316461467585027, 0.7945170438052803, 0.8024470881121049, 0.8311392688593328]","[0.7955031792322794, 0.7947652105129126, 0.8049364360896024, 0.821408875060804, 0.8133195999896887, 0.8119131326675415, 0.8045765667250662, 0.8011667150439639, 0.8013910687330997]","[{'accuracy': 0.6363636363636364, 'f1': 0.4, 'sensitivity': 0.2857142857142857, 'specificity': 0.8947368421052632}, {'accuracy': 0.48484848484848486, 'f1': 0.5641025641025641, 'sensitivity': 0.7857142857142857, 'specificity': 0.2631578947368421}, {'accuracy': 0.3939393939393939, 'f1': 0.5454545454545454, 'sensitivity': 0.8571428571428571, 'specificity': 0.05263157894736842}, {'accuracy': 0.3939393939393939, 'f1': 0.5652173913043478, 'sensitivity': 0.9285714285714286, 'specificity': 0.0}, {'accuracy': 0.42424242424242425, 'f1': 0.5957446808510638, 'sensitivity': 1.0, 'specificity': 0.0}, {'accuracy': 0.42424242424242425, 'f1': 0.5365853658536586, 'sensitivity': 0.7857142857142857, 'specificity': 0.15789473684210525}, {'accuracy': 0.5151515151515151, 'f1': 0.5, 'sensitivity': 0.5714285714285714, 'specificity': 0.47368421052631576}, {'accuracy': 0.5151515151515151, 'f1': 0.5, 'sensitivity': 0.5714285714285714, 'specificity': 0.47368421052631576}, {'accuracy': 0.48484848484848486, 'f1': 0.48484848484848486, 'sensitivity': 0.5714285714285714, 'specificity': 0.42105263157894735}]",COMPLETE
6,0.8387096774193549,2026-08-02 16:14:23.654154,2026-08-02 16:14:50.916038,0 days 00:00:27.261884,0.5,0.06264278041381323,1.5546306621573133e-05,"{'overall': {'n': 33, 'accuracy': 0.8484848484848485, 'precision': 0.7647058823529411, 'recall': 0.9285714285714286, 'sensitivity': 0.9285714285714286, 'specificity': 0.7894736842105263, 'balanced_accuracy': 0.8590225563909775, 'f1': 0.8387096774193549, 'confusion_matrix': [[15, 4], [1, 13]], 'auc': 0.9022556390977443, 'roc_curve': {'fpr': [0.0, 0.0, 0.0, 0.05263157894736842, 0.05263157894736842, 0.21052631578947367, 0.21052631578947367, 0.631578947368421, 0.631578947368421, 1.0], 'tpr': [0.0, 0.07142857142857142, 0.5714285714285714, 0.5714285714285714, 0.7142857142857143, 0.7142857142857143, 0.9285714285714286, 0.9285714285714286, 1.0, 1.0]}}, 'India': {'n': 14, 'accuracy': 0.7857142857142857, 'precision': 0.8181818181818182, 'recall': 0.9, 'sensitivity': 0.9, 'specificity': 0.5, 'balanced_accuracy': 0.7, 'f1': 0.8571428571428571, 'confusion_matrix': [[2, 2], [1, 9]], 'auc': 0.75, 'roc_curve': {'fpr': [0.0, 0.0, 0.0, 0.25, 0.25, 0.5, 0.5, 1.0, 1.0], 'tpr': [0.0, 0.1, 0.5, 0.5, 0.7, 0.7, 0.9, 0.9, 1.0]}}, 'Italy': {'n': 19, 'accuracy': 0.8947368421052632, 'precision': 0.6666666666666666, 'recall': 1.0, 'sensitivity': 1.0, 'specificity': 0.8666666666666667, 'balanced_accuracy': 0.9333333333333333, 'f1': 0.8, 'confusion_matrix': [[13, 2], [0, 4]], 'auc': 0.9666666666666667, 'roc_curve': {'fpr': [0.0, 0.0, 0.0, 0.13333333333333333, 0.13333333333333333, 1.0], 'tpr': [0.0, 0.25, 0.75, 0.75, 1.0, 1.0]}}}",densenet121_palpebral_v2_clean,"[4.061909959805722, 3.113630716374378, 1.5080440184533201, 1.8661279504662318, 1.651415646470935, 1.452903960714277, 0.9912848985747785, 1.2254610257531633, 1.3583226701281719, 1.4036593462852454, 1.0554728176420098, 1.614421438697158, 1.2497127111384412, 1.0619836781198615, 1.1458977934540502, 1.9344494358593265, 1.3617166486007488, 0.9688319046765763, 1.3981503840313843, 1.6512335902018263, 1.3381630513841742, 1.2041527309165097, 1.1912075881136963, 1.413984798832445, 1.190848888940369]","[4.840711535829486, 0.7608895157322739, 1.752327182076194, 2.7778385335748847, 2.552297758333611, 1.263889572837136, 1.2159324198058157, 0.8635794393944017, 0.7355474703239672, 0.986790454748905, 1.4028518488912871, 0.6365884723085345, 0.7602403525150183, 0.9137983033151338, 0.8601147622773142, 1.2186890732158313, 0.604674989526922, 0.45813047524654504, 0.6478348645296964, 0.8729227961915912, 0.7986271453626228, 0.591042677561442, 1.1521936582796501, 0.6025049758679939, 0.7917995741873076]","[{'accuracy': 0.5757575757575758, 'f1': 0.0, 'sensitivity': 0.0, 'specificity': 1.0}, {'accuracy': 0.696969696969697, 'f1': 0.6428571428571429, 'sensitivity': 0.6428571428571429, 'specificity': 0.7368421052631579}, {'accuracy': 0.45454545454545453, 'f1': 0.6086956521739131, 'sensitivity': 1.0, 'specificity': 0.05263157894736842}, {'accuracy': 0.5757575757575758, 'f1': 0.0, 'sensitivity': 0.0, 'specificity': 1.0}, {'accuracy': 0.42424242424242425, 'f1': 0.5957446808510638, 'sensitivity': 1.0, 'specificity': 0.0}, {'accuracy': 0.6666666666666666, 'f1': 0.42105263157894735, 'sensitivity': 0.2857142857142857, 'specificity': 0.9473684210526315}, {'accuracy': 0.6060606060606061, 'f1': 0.6666666666666666, 'sensitivity': 0.9285714285714286, 'specificity': 0.3684210526315789}, {'accuracy': 0.696969696969697, 'f1': 0.7058823529411765, 'sensitivity': 0.8571428571428571, 'specificity': 0.5789473684210527}, {'accuracy': 0.7575757575757576, 'f1': 0.7333333333333333, 'sensitivity': 0.7857142857142857, 'specificity': 0.7368421052631579}, {'accuracy': 0.7272727272727273, 'f1': 0.5714285714285714, 'sensitivity': 0.42857142857142855, 'specificity': 0.9473684210526315}, {'accuracy': 0.6666666666666666, 'f1': 0.717948717948718, 'sensitivity': 1.0, 'specificity': 0.42105263157894735}, {'accuracy': 0.8181818181818182, 'f1': 0.8, 'sensitivity': 0.8571428571428571, 'specificity': 0.7894736842105263}, {'accuracy': 0.7878787878787878, 'f1': 0.7407407407407407, 'sensitivity': 0.7142857142857143, 'specificity': 0.8421052631578947}, {'accuracy': 0.696969696969697, 'f1': 0.7222222222222222, 'sensitivity': 0.9285714285714286, 'specificity': 0.5263157894736842}, {'accuracy': 0.7575757575757576, 'f1': 0.6666666666666666, 'sensitivity': 0.5714285714285714, 'specificity': 0.8947368421052632}, {'accuracy': 0.6363636363636364, 'f1': 0.7, 'sensitivity': 1.0, 'specificity': 0.3684210526315789}, {'accuracy': 0.8484848484848485, 'f1': 0.8387096774193549, 'sensitivity': 0.9285714285714286, 'specificity': 0.7894736842105263}, {'accuracy': 0.8484848484848485, 'f1': 0.8387096774193549, 'sensitivity': 0.9285714285714286, 'specificity': 0.7894736842105263}, {'accuracy': 0.8181818181818182, 'f1': 0.75, 'sensitivity': 0.6428571428571429, 'specificity': 0.9473684210526315}, {'accuracy': 0.7272727272727273, 'f1': 0.7428571428571429, 'sensitivity': 0.9285714285714286, 'specificity': 0.5789473684210527}, {'accuracy': 0.7575757575757576, 'f1': 0.7647058823529411, 'sensitivity': 0.9285714285714286, 'specificity': 0.631578947368421}, {'accuracy': 0.8484848484848485, 'f1': 0.8148148148148148, 'sensitivity': 0.7857142857142857, 'specificity': 0.8947368421052632}, {'accuracy': 0.696969696969697, 'f1': 0.7222222222222222, 'sensitivity': 0.9285714285714286, 'specificity': 0.5263157894736842}, {'accuracy': 0.7878787878787878, 'f1': 0.7878787878787878, 'sensitivity': 0.9285714285714286, 'specificity': 0.6842105263157895}, {'accuracy': 0.7878787878787878, 'f1': 0.6666666666666666, 'sensitivity': 0.5, 'specificity': 1.0}]",COMPLETE
7,0.6046511627906976,2026-08-02 16:14:50.916352,2026-08-02 16:15:05.236959,0 days 00:00:14.320607,0.5,0.00011137414908293505,0.000686838854067955,"{'overall': {'n': 33, 'accuracy': 0.48484848484848486, 'precision': 0.4482758620689655, 'recall': 0.9285714285714286, 'sensitivity': 0.9285714285714286, 'specificity': 0.15789473684210525, 'balanced_accuracy': 0.543233082706767, 'f1': 0.6046511627906976, 'confusion_matrix': [[3, 16], [1, 13]], 'auc': 0.443609022556391, 'roc_curve': {'fpr': [0.0, 0.05263157894736842, 0.10526315789473684, 0.10526315789473684, 0.15789473684210525, 0.15789473684210525, 0.3684210526315789, 0.3684210526315789, 0.5263157894736842, 0.5263157894736842, 0.5789473684210527, 0.5789473684210527, 0.6842105263157895, 0.6842105263157895, 0.7894736842105263, 0.7894736842105263, 0.8421052631578947, 0.8421052631578947, 0.9473684210526315, 0.9473684210526315, 1.0], 'tpr': [0.0, 0.0, 0.0, 0.07142857142857142, 0.07142857142857142, 0.21428571428571427, 0.21428571428571427, 0.2857142857142857, 0.2857142857142857, 0.42857142857142855, 0.42857142857142855, 0.5714285714285714, 0.5714285714285714, 0.7142857142857143, 0.7142857142857143, 0.7857142857142857, 0.7857142857142857, 0.9285714285714286, 0.9285714285714286, 1.0, 1.0]}}, 'India': {'n': 14, 'accuracy': 0.7142857142857143, 'precision': 0.75, 'recall': 0.9, 'sensitivity': 0.9, 'specificity': 0.25, 'balanced_accuracy': 0.575, 'f1': 0.8181818181818182, 'confusion_matrix': [[1, 3], [1, 9]], 'auc': 0.525, 'roc_curve': {'fpr': [0.0, 0.25, 0.25, 0.5, 0.5, 0.75, 0.75, 1.0, 1.0], 'tpr': [0.0, 0.0, 0.4, 0.4, 0.8, 0.8, 0.9, 0.9, 1.0]}}, 'Italy': {'n': 19, 'accuracy': 0.3157894736842105, 'precision': 0.23529411764705882, 'recall': 1.0, 'sensitivity': 1.0, 'specificity': 0.13333333333333333, 'balanced_accuracy': 0.5666666666666667, 'f1': 0.38095238095238093, 'confusion_matrix': [[2, 13], [0, 4]], 'auc': 0.2833333333333333, 'roc_curve': {'fpr': [0.0, 0.06666666666666667, 0.5333333333333333, 0.5333333333333333, 0.6, 0.6, 0.8666666666666667, 0.8666666666666667, 1.0], 'tpr': [0.0, 0.0, 0.0, 0.25, 0.25, 0.5, 0.5, 1.0, 1.0]}}}",densenet121_palpebral_v2_clean,"[0.8722271607411618, 0.8921841406664311, 0.8539080844809678, 0.8375120861640829, 0.8627181968941594, 0.8464547210181785, 0.8426287486063724, 0.8028414659942222, 0.8396729294037977, 0.852009454310335, 0.8347110144349913, 0.8470157665132687, 0.8598981831247443]","[0.8710949962789362, 0.8357737317229762, 0.8355311119195187, 0.8299844228860104, 0.8267403786832636, 0.822948466647755, 0.8475119489612002, 0.8527768001411901, 0.8592354474645673, 0.8566836425752351, 0.8544232574376193, 0.85220964569034, 0.8505037282452439]","[{'accuracy': 0.42424242424242425, 'f1': 0.5957446808510638, 'sensitivity': 1.0, 'specificity': 0.0}, {'accuracy': 0.42424242424242425, 'f1': 0.5957446808510638, 'sensitivity': 1.0, 'specificity': 0.0}, {'accuracy': 0.42424242424242425, 'f1': 0.5957446808510638, 'sensitivity': 1.0, 'specificity': 0.0}, {'accuracy': 0.42424242424242425, 'f1': 0.5957446808510638, 'sensitivity': 1.0, 'specificity': 0.0}, {'accuracy': 0.42424242424242425, 'f1': 0.5957446808510638, 'sensitivity': 1.0, 'specificity': 0.0}, {'accuracy': 0.48484848484848486, 'f1': 0.6046511627906976, 'sensitivity': 0.9285714285714286, 'specificity': 0.15789473684210525}, {'accuracy': 0.36363636363636365, 'f1': 0.5333333333333333, 'sensitivity': 0.8571428571428571, 'specificity': 0.0}, {'accuracy': 0.30303030303030304, 'f1': 0.43902439024390244, 'sensitivity': 0.6428571428571429, 'specificity': 0.05263157894736842}, {'accuracy': 0.24242424242424243, 'f1': 0.32432432432432434, 'sensitivity': 0.42857142857142855, 'specificity': 0.10526315789473684}, {'accuracy': 0.24242424242424243, 'f1': 0.32432432432432434, 'sensitivity': 0.42857142857142855, 'specificity': 0.10526315789473684}, {'accuracy': 0.24242424242424243, 'f1': 0.32432432432432434, 'sensitivity': 0.42857142857142855, 'specificity': 0.10526315789473684}, {'accuracy': 0.24242424242424243, 'f1': 0.32432432432432434, 'sensitivity': 0.42857142857142855, 'specificity': 0.10526315789473684}, {'accuracy': 0.30303030303030304, 'f1': 0.3783783783783784, 'sensitivity': 0.5, 'specificity': 0.15789473684210525}]",COMPLETE
8,0.8125,2026-08-02 16:15:05.237299,2026-08-02 16:15:24.709776,0 days 00:00:19.472477,0.2,0.008533716477932937,1.217404417807552e-06,"{'overall': {'n': 33, 'accuracy': 0.8181818181818182, 'precision': 0.7222222222222222, 'recall': 0.9285714285714286, 'sensitivity': 0.9285714285714286, 'specificity': 0.7368421052631579, 'balanced_accuracy': 0.8327067669172932, 'f1': 0.8125, 'confusion_matrix': [[14, 5], [1, 13]], 'auc': 0.8947368421052632, 'roc_curve': {'fpr': [0.0, 0.0, 0.0, 0.05263157894736842, 0.05263157894736842, 0.10526315789473684, 0.10526315789473684, 0.21052631578947367, 0.21052631578947367, 0.2631578947368421, 0.2631578947368421, 0.5789473684210527, 0.5789473684210527, 1.0], 'tpr': [0.0, 0.07142857142857142, 0.5714285714285714, 0.5714285714285714, 0.6428571428571429, 0.6428571428571429, 0.7142857142857143, 0.7142857142857143, 0.7857142857142857, 0.7857142857142857, 0.9285714285714286, 0.9285714285714286, 1.0, 1.0]}}, 'India': {'n': 14, 'accuracy': 0.7857142857142857, 'precision': 0.8181818181818182, 'recall': 0.9, 'sensitivity': 0.9, 'specificity': 0.5, 'balanced_accuracy': 0.7, 'f1': 0.8571428571428571, 'confusion_matrix': [[2, 2], [1, 9]], 'auc': 0.75, 'roc_curve': {'fpr': [0.0, 0.0, 0.0, 0.25, 0.25, 0.5, 0.5, 0.75, 0.75, 1.0], 'tpr': [0.0, 0.1, 0.5, 0.5, 0.6, 0.6, 0.9, 0.9, 1.0, 1.0]}}, 'Italy': {'n': 19, 'accuracy': 0.8421052631578947, 'precision': 0.5714285714285714, 'recall': 1.0, 'sensitivity': 1.0, 'specificity': 0.8, 'balanced_accuracy': 0.9, 'f1': 0.7272727272727273, 'confusion_matrix': [[12, 3], [0, 4]], 'auc': 0.9666666666666667, 'roc_curve': {'fpr': [0.0, 0.0, 0.0, 0.13333333333333333, 0.13333333333333333, 1.0], 'tpr': [0.0, 0.25, 0.75, 0.75, 1.0, 1.0]}}}",densenet121_palpebral_v2_clean,"[1.104156921241457, 1.0375113203036075, 0.8470204819906626, 0.6264380828434268, 0.6803138161337139, 0.6070579400915184, 0.5748522206647506, 0.5426945307396895, 0.5437202366772077, 0.5316128385382772, 0.5399031094367931, 0.5010218655826241, 0.49356654661380694, 0.45423000675952985, 0.45123709688912955, 0.5025438512397917, 0.6026804676119065, 0.5816302560023124]","[0.8229676214131442, 0.8434397957541726, 0.6882860299312707, 0.9235683643456661, 0.7112501444238605, 0.6752119786811598, 0.5986307136940233, 0.5723093784216678, 0.5074964147625547, 0.49192982731443463, 0.4835878357742772, 0.5035684253230239, 0.4899752140045166, 0.4980984890099728, 0.495478427771366, 0.49439834825920337, 0.48691006140275434, 0.5143349820917303]","[{'accuracy': 0.42424242424242425, 'f1': 0.5957446808510638, 'sensitivity': 1.0, 'specificity': 0.0}, {'accuracy': 0.5757575757575758, 'f1': 0.0, 'sensitivity': 0.0, 'specificity': 1.0}, {'accuracy': 0.7575757575757576, 'f1': 0.7142857142857143, 'sensitivity': 0.7142857142857143, 'specificity': 0.7894736842105263}, {'accuracy': 0.5757575757575758, 'f1': 0.0, 'sensitivity': 0.0, 'specificity': 1.0}, {'accuracy': 0.6060606060606061, 'f1': 0.6829268292682927, 'sensitivity': 1.0, 'specificity': 0.3157894736842105}, {'accuracy': 0.7575757575757576, 'f1': 0.6363636363636364, 'sensitivity': 0.5, 'specificity': 0.9473684210526315}, {'accuracy': 0.696969696969697, 'f1': 0.6875, 'sensitivity': 0.7857142857142857, 'specificity': 0.631578947368421}, {'accuracy': 0.7878787878787878, 'f1': 0.7407407407407407, 'sensitivity': 0.7142857142857143, 'specificity': 0.8421052631578947}, {'accuracy': 0.8181818181818182, 'f1': 0.8, 'sensitivity': 0.8571428571428571, 'specificity': 0.7894736842105263}, {'accuracy': 0.7575757575757576, 'f1': 0.7142857142857143, 'sensitivity': 0.7142857142857143, 'specificity': 0.7894736842105263}, {'accuracy': 0.7878787878787878, 'f1': 0.7586206896551724, 'sensitivity': 0.7857142857142857, 'specificity': 0.7894736842105263}, {'accuracy': 0.8181818181818182, 'f1': 0.8125, 'sensitivity': 0.9285714285714286, 'specificity': 0.7368421052631579}, {'accuracy': 0.7878787878787878, 'f1': 0.7741935483870968, 'sensitivity': 0.8571428571428571, 'specificity': 0.7368421052631579}, {'accuracy': 0.7575757575757576, 'f1': 0.7333333333333333, 'sensitivity': 0.7857142857142857, 'specificity': 0.7368421052631579}, {'accuracy': 0.7575757575757576, 'f1': 0.7333333333333333, 'sensitivity': 0.7857142857142857, 'specificity': 0.7368421052631579}, {'accuracy': 0.7272727272727273, 'f1': 0.6896551724137931, 'sensitivity': 0.7142857142857143, 'specificity': 0.7368421052631579}, {'accuracy': 0.7575757575757576, 'f1': 0.7333333333333333, 'sensitivity': 0.7857142857142857, 'specificity': 0.7368421052631579}, {'accuracy': 0.7575757575757576, 'f1': 0.6666666666666666, 'sensitivity': 0.5714285714285714, 'specificity': 0.8947368421052632}]",COMPLETE
