number,value,datetime_start,datetime_complete,duration,params_dropout_rate,params_learning_rate,params_weight_decay,user_attrs_best_val_metrics,user_attrs_model_name,user_attrs_train_loss_history,user_attrs_val_loss_history,user_attrs_val_overall_metrics_history,state
0,0.8666666666666667,2026-08-02 15:30:44.280283,2026-08-02 15:31:17.341510,0 days 00:00:33.061227,0.2,0.0013292918943162175,0.0007114476009343421,"{'overall': {'n': 33, 'accuracy': 0.8787878787878788, 'precision': 0.8125, 'recall': 0.9285714285714286, 'sensitivity': 0.9285714285714286, 'specificity': 0.8421052631578947, 'balanced_accuracy': 0.8853383458646616, 'f1': 0.8666666666666667, 'confusion_matrix': [[16, 3], [1, 13]], 'auc': 0.924812030075188, 'roc_curve': {'fpr': [0.0, 0.0, 0.0, 0.05263157894736842, 0.05263157894736842, 0.15789473684210525, 0.15789473684210525, 0.3157894736842105, 0.3157894736842105, 1.0], 'tpr': [0.0, 0.07142857142857142, 0.35714285714285715, 0.35714285714285715, 0.7142857142857143, 0.7142857142857143, 0.9285714285714286, 0.9285714285714286, 1.0, 1.0]}}, 'India': {'n': 14, 'accuracy': 0.7857142857142857, 'precision': 0.8181818181818182, 'recall': 0.9, 'sensitivity': 0.9, 'specificity': 0.5, 'balanced_accuracy': 0.7, 'f1': 0.8571428571428571, 'confusion_matrix': [[2, 2], [1, 9]], 'auc': 0.725, 'roc_curve': {'fpr': [0.0, 0.0, 0.0, 0.25, 0.25, 0.5, 0.5, 1.0, 1.0], 'tpr': [0.0, 0.1, 0.4, 0.4, 0.7, 0.7, 0.9, 0.9, 1.0]}}, 'Italy': {'n': 19, 'accuracy': 0.9473684210526315, 'precision': 0.8, 'recall': 1.0, 'sensitivity': 1.0, 'specificity': 0.9333333333333333, 'balanced_accuracy': 0.9666666666666667, 'f1': 0.8888888888888888, 'confusion_matrix': [[14, 1], [0, 4]], 'auc': 0.9833333333333334, 'roc_curve': {'fpr': [0.0, 0.0, 0.0, 0.06666666666666667, 0.06666666666666667, 1.0], 'tpr': [0.0, 0.25, 0.75, 0.75, 1.0, 1.0]}}}",regnet_y_400mf_palpebral_v2_clean,"[0.8364829409201413, 0.7914569693685367, 0.7489623316865883, 0.7186696035972494, 0.6547212525708785, 0.7033192487741937, 0.6268472047831048, 0.6518546524426795, 0.6200457448201464, 0.5813777048066752, 0.566516445962009, 0.5775577958845934, 0.5711138319495498, 0.5503776578713726, 0.5495976935948758, 0.5550845470649517, 0.5449613368274361, 0.5694250428913444, 0.5415947725441282, 0.539070659915343, 0.5525820559223756, 0.5074727987216798, 0.5355547634971063, 0.49969488856018773, 0.5150719174486122, 0.5299503712464642, 0.5312739419226615, 0.485380258781231, 0.5029485999353674, 0.4769240870381033, 0.47999878000739393, 0.4695362707242271, 0.4838557563080693, 0.5133206315387954, 0.5400105349670182, 0.4975028061708867, 0.5063241076785208, 0.4665167306037928, 0.5022477866798047, 0.45678237179257225, 0.45924740556060084, 0.43183095743324584, 0.5317077991978222, 0.5123684473385085]","[0.7556258205211523, 0.8031687772635258, 0.8666866656505701, 0.8135030486366965, 0.7640963792800903, 0.6881108536864772, 0.6103503017714529, 0.5594188968340555, 0.53719716722315, 0.5277024688142719, 0.5158351479154645, 0.5077896298784198, 0.5015228192011515, 0.49120696746941767, 0.48577978033007996, 0.47940674695101654, 0.47914605429678253, 0.4781943848638823, 0.4832426273461544, 0.47431227655121777, 0.48107041734637634, 0.4634588053732207, 0.4614723740202008, 0.458213159532258, 0.4561441956144391, 0.45805755889776983, 0.4551980134212609, 0.4539934613487937, 0.4496362100947987, 0.45078903978521173, 0.4443808541153417, 0.44668085647351813, 0.4506206223458955, 0.4490338455546986, 0.4523634838335442, 0.4472363284139922, 0.4397572604092685, 0.44575850168863934, 0.4475408178387266, 0.4433532917138302, 0.4465811541586211, 0.4509365703120376, 0.4447980866287694, 0.44802433794195]","[{'accuracy': 0.48484848484848486, 'f1': 0.6222222222222222, 'sensitivity': 1.0, 'specificity': 0.10526315789473684}, {'accuracy': 0.42424242424242425, 'f1': 0.5957446808510638, 'sensitivity': 1.0, 'specificity': 0.0}, {'accuracy': 0.42424242424242425, 'f1': 0.5957446808510638, 'sensitivity': 1.0, 'specificity': 0.0}, {'accuracy': 0.42424242424242425, 'f1': 0.5777777777777777, 'sensitivity': 0.9285714285714286, 'specificity': 0.05263157894736842}, {'accuracy': 0.42424242424242425, 'f1': 0.5581395348837209, 'sensitivity': 0.8571428571428571, 'specificity': 0.10526315789473684}, {'accuracy': 0.696969696969697, 'f1': 0.7058823529411765, 'sensitivity': 0.8571428571428571, 'specificity': 0.5789473684210527}, {'accuracy': 0.8181818181818182, 'f1': 0.8125, 'sensitivity': 0.9285714285714286, 'specificity': 0.7368421052631579}, {'accuracy': 0.8484848484848485, 'f1': 0.8387096774193549, 'sensitivity': 0.9285714285714286, 'specificity': 0.7894736842105263}, {'accuracy': 0.8787878787878788, 'f1': 0.8666666666666667, 'sensitivity': 0.9285714285714286, 'specificity': 0.8421052631578947}, {'accuracy': 0.8181818181818182, 'f1': 0.7857142857142857, 'sensitivity': 0.7857142857142857, 'specificity': 0.8421052631578947}, {'accuracy': 0.8181818181818182, 'f1': 0.8125, 'sensitivity': 0.9285714285714286, 'specificity': 0.7368421052631579}, {'accuracy': 0.8484848484848485, 'f1': 0.8387096774193549, 'sensitivity': 0.9285714285714286, 'specificity': 0.7894736842105263}, {'accuracy': 0.8787878787878788, 'f1': 0.8666666666666667, 'sensitivity': 0.9285714285714286, 'specificity': 0.8421052631578947}, {'accuracy': 0.8484848484848485, 'f1': 0.8387096774193549, 'sensitivity': 0.9285714285714286, 'specificity': 0.7894736842105263}, {'accuracy': 0.8787878787878788, 'f1': 0.8666666666666667, 'sensitivity': 0.9285714285714286, 'specificity': 0.8421052631578947}, {'accuracy': 0.8484848484848485, 'f1': 0.8387096774193549, 'sensitivity': 0.9285714285714286, 'specificity': 0.7894736842105263}, {'accuracy': 0.8787878787878788, 'f1': 0.8666666666666667, 'sensitivity': 0.9285714285714286, 'specificity': 0.8421052631578947}, {'accuracy': 0.8787878787878788, 'f1': 0.8666666666666667, 'sensitivity': 0.9285714285714286, 'specificity': 0.8421052631578947}, {'accuracy': 0.7878787878787878, 'f1': 0.7878787878787878, 'sensitivity': 0.9285714285714286, 'specificity': 0.6842105263157895}, {'accuracy': 0.8181818181818182, 'f1': 0.8125, 'sensitivity': 0.9285714285714286, 'specificity': 0.7368421052631579}, {'accuracy': 0.8484848484848485, 'f1': 0.8148148148148148, 'sensitivity': 0.7857142857142857, 'specificity': 0.8947368421052632}, {'accuracy': 0.8787878787878788, 'f1': 0.8666666666666667, 'sensitivity': 0.9285714285714286, 'specificity': 0.8421052631578947}, {'accuracy': 0.8787878787878788, 'f1': 0.8666666666666667, 'sensitivity': 0.9285714285714286, 'specificity': 0.8421052631578947}, {'accuracy': 0.8787878787878788, 'f1': 0.8666666666666667, 'sensitivity': 0.9285714285714286, 'specificity': 0.8421052631578947}, {'accuracy': 0.8787878787878788, 'f1': 0.8666666666666667, 'sensitivity': 0.9285714285714286, 'specificity': 0.8421052631578947}, {'accuracy': 0.8484848484848485, 'f1': 0.8275862068965517, 'sensitivity': 0.8571428571428571, 'specificity': 0.8421052631578947}, {'accuracy': 0.8787878787878788, 'f1': 0.8666666666666667, 'sensitivity': 0.9285714285714286, 'specificity': 0.8421052631578947}, {'accuracy': 0.8787878787878788, 'f1': 0.8666666666666667, 'sensitivity': 0.9285714285714286, 'specificity': 0.8421052631578947}, {'accuracy': 0.8787878787878788, 'f1': 0.8666666666666667, 'sensitivity': 0.9285714285714286, 'specificity': 0.8421052631578947}, {'accuracy': 0.8484848484848485, 'f1': 0.8275862068965517, 'sensitivity': 0.8571428571428571, 'specificity': 0.8421052631578947}, {'accuracy': 0.8787878787878788, 'f1': 0.8666666666666667, 'sensitivity': 0.9285714285714286, 'specificity': 0.8421052631578947}, {'accuracy': 0.8787878787878788, 'f1': 0.8666666666666667, 'sensitivity': 0.9285714285714286, 'specificity': 0.8421052631578947}, {'accuracy': 0.8787878787878788, 'f1': 0.8666666666666667, 'sensitivity': 0.9285714285714286, 'specificity': 0.8421052631578947}, {'accuracy': 0.8181818181818182, 'f1': 0.7857142857142857, 'sensitivity': 0.7857142857142857, 'specificity': 0.8421052631578947}, {'accuracy': 0.8181818181818182, 'f1': 0.7857142857142857, 'sensitivity': 0.7857142857142857, 'specificity': 0.8421052631578947}, {'accuracy': 0.8181818181818182, 'f1': 0.7857142857142857, 'sensitivity': 0.7857142857142857, 'specificity': 0.8421052631578947}, {'accuracy': 0.8484848484848485, 'f1': 0.8275862068965517, 'sensitivity': 0.8571428571428571, 'specificity': 0.8421052631578947}, {'accuracy': 0.8181818181818182, 'f1': 0.7857142857142857, 'sensitivity': 0.7857142857142857, 'specificity': 0.8421052631578947}, {'accuracy': 0.8181818181818182, 'f1': 0.7857142857142857, 'sensitivity': 0.7857142857142857, 'specificity': 0.8421052631578947}, {'accuracy': 0.8484848484848485, 'f1': 0.8275862068965517, 'sensitivity': 0.8571428571428571, 'specificity': 0.8421052631578947}, {'accuracy': 0.8181818181818182, 'f1': 0.7857142857142857, 'sensitivity': 0.7857142857142857, 'specificity': 0.8421052631578947}, {'accuracy': 0.8181818181818182, 'f1': 0.7857142857142857, 'sensitivity': 0.7857142857142857, 'specificity': 0.8421052631578947}, {'accuracy': 0.8181818181818182, 'f1': 0.7857142857142857, 'sensitivity': 0.7857142857142857, 'specificity': 0.8421052631578947}, {'accuracy': 0.8484848484848485, 'f1': 0.8387096774193549, 'sensitivity': 0.9285714285714286, 'specificity': 0.7894736842105263}]",COMPLETE
