number,value,datetime_start,datetime_complete,duration,params_dropout_rate,params_learning_rate,params_weight_decay,user_attrs_best_val_metrics,user_attrs_model_name,user_attrs_train_loss_history,user_attrs_val_loss_history,user_attrs_val_overall_metrics_history,state
11,0.875,2026-08-02 15:36:29.361279,2026-08-02 15:37:03.583378,0 days 00:00:34.222099,0.2,0.0011060686123122885,0.0002018552018692108,"{'overall': {'n': 33, 'accuracy': 0.8787878787878788, 'precision': 0.7777777777777778, 'recall': 1.0, 'sensitivity': 1.0, 'specificity': 0.7894736842105263, 'balanced_accuracy': 0.8947368421052632, 'f1': 0.875, 'confusion_matrix': [[15, 4], [0, 14]], 'auc': 0.9135338345864662, 'roc_curve': {'fpr': [0.0, 0.0, 0.0, 0.05263157894736842, 0.05263157894736842, 0.10526315789473684, 0.10526315789473684, 0.15789473684210525, 0.15789473684210525, 0.21052631578947367, 0.21052631578947367, 1.0], 'tpr': [0.0, 0.07142857142857142, 0.2857142857142857, 0.2857142857142857, 0.35714285714285715, 0.35714285714285715, 0.7857142857142857, 0.7857142857142857, 0.9285714285714286, 0.9285714285714286, 1.0, 1.0]}}, 'India': {'n': 14, 'accuracy': 0.7857142857142857, 'precision': 0.7692307692307693, 'recall': 1.0, 'sensitivity': 1.0, 'specificity': 0.25, 'balanced_accuracy': 0.625, 'f1': 0.8695652173913043, 'confusion_matrix': [[1, 3], [0, 10]], 'auc': 0.625, 'roc_curve': {'fpr': [0.0, 0.0, 0.0, 0.5, 0.5, 0.75, 0.75, 1.0], 'tpr': [0.0, 0.1, 0.3, 0.3, 0.9, 0.9, 1.0, 1.0]}}, 'Italy': {'n': 19, 'accuracy': 0.9473684210526315, 'precision': 0.8, 'recall': 1.0, 'sensitivity': 1.0, 'specificity': 0.9333333333333333, 'balanced_accuracy': 0.9666666666666667, 'f1': 0.8888888888888888, 'confusion_matrix': [[14, 1], [0, 4]], 'auc': 0.9833333333333334, 'roc_curve': {'fpr': [0.0, 0.0, 0.0, 0.06666666666666667, 0.06666666666666667, 1.0], 'tpr': [0.0, 0.25, 0.75, 0.75, 1.0, 1.0]}}}",regnet_y_400mf_palpebral_v2_clean,"[0.8608405187429972, 0.7953384629148521, 0.7482337122721388, 0.7129856438826252, 0.6983430160591934, 0.6925863434147361, 0.6433753063347166, 0.6470845310103814, 0.6060827678402528, 0.6119359786936779, 0.5939998535920452, 0.5929836618979245, 0.5757020589531652, 0.5746520453730956, 0.5702875256538391, 0.543989806380493, 0.6068319788831749, 0.5659967382617345, 0.5259931458542678, 0.5411241161112754, 0.5486670576578734, 0.5467290627640604, 0.507510809314172, 0.5435699840255132, 0.5665597714335713, 0.5076526427111089, 0.4999986610665227, 0.5218555891750664, 0.49877983509310037, 0.4884899708608918, 0.5205280875528095, 0.49028573170402984, 0.47425267435857005, 0.46285276914274454, 0.5202987296691793, 0.5039030372701734, 0.48517347092660057, 0.4897263427049119, 0.4870955387488106, 0.4837538738124418, 0.4602181777259372, 0.453085021270032, 0.46633007786921316, 0.47591917364802583, 0.48710152131832196, 0.4571475951087396, 0.5111292837471362, 0.4577281109939348, 0.4929648148303, 0.4721684538765459]","[0.751906956687118, 0.766362954269756, 0.7923518708257964, 0.7819198785406171, 0.7218263962052085, 0.7156516602545073, 0.6498485966162248, 0.6132796894420277, 0.5908420916759607, 0.5675961989344973, 0.5662293217398904, 0.5431962392546914, 0.5308987733089563, 0.5249960837942181, 0.5296971797943115, 0.5135345386736321, 0.5100097150513621, 0.5065442034692476, 0.5019060626174464, 0.49749815464019775, 0.48959771430853644, 0.4895028779000947, 0.48351471713095, 0.4802466703183723, 0.4783659920547948, 0.47594332695007324, 0.47081481326710095, 0.4769240473255967, 0.4669344352953362, 0.4594155224886807, 0.45616761843363446, 0.45826789104577265, 0.4709959824879964, 0.46416897123510187, 0.45312990564288513, 0.4540186036716808, 0.45348337202361133, 0.4547091397372159, 0.4510048013744932, 0.4544390512235237, 0.45347679022586707, 0.44993725328734424, 0.44840089480082196, 0.44913549134225556, 0.4635449973019687, 0.4561614014885642, 0.4581010269396233, 0.45989873553767346, 0.4585490985350175, 0.45803125699361164]","[{'accuracy': 0.7878787878787878, 'f1': 0.7407407407407407, 'sensitivity': 0.7142857142857143, 'specificity': 0.8421052631578947}, {'accuracy': 0.6363636363636364, 'f1': 0.25, 'sensitivity': 0.14285714285714285, 'specificity': 1.0}, {'accuracy': 0.6060606060606061, 'f1': 0.13333333333333333, 'sensitivity': 0.07142857142857142, 'specificity': 1.0}, {'accuracy': 0.5757575757575758, 'f1': 0.0, 'sensitivity': 0.0, 'specificity': 1.0}, {'accuracy': 0.7575757575757576, 'f1': 0.6, 'sensitivity': 0.42857142857142855, 'specificity': 1.0}, {'accuracy': 0.696969696969697, 'f1': 0.4444444444444444, 'sensitivity': 0.2857142857142857, 'specificity': 1.0}, {'accuracy': 0.7878787878787878, 'f1': 0.6956521739130435, 'sensitivity': 0.5714285714285714, 'specificity': 0.9473684210526315}, {'accuracy': 0.7575757575757576, 'f1': 0.7142857142857143, 'sensitivity': 0.7142857142857143, 'specificity': 0.7894736842105263}, {'accuracy': 0.7878787878787878, 'f1': 0.7407407407407407, 'sensitivity': 0.7142857142857143, 'specificity': 0.8421052631578947}, {'accuracy': 0.8484848484848485, 'f1': 0.8387096774193549, 'sensitivity': 0.9285714285714286, 'specificity': 0.7894736842105263}, {'accuracy': 0.7575757575757576, 'f1': 0.6666666666666666, 'sensitivity': 0.5714285714285714, 'specificity': 0.8947368421052632}, {'accuracy': 0.8484848484848485, 'f1': 0.8387096774193549, 'sensitivity': 0.9285714285714286, 'specificity': 0.7894736842105263}, {'accuracy': 0.8787878787878788, 'f1': 0.875, 'sensitivity': 1.0, 'specificity': 0.7894736842105263}, {'accuracy': 0.8787878787878788, 'f1': 0.8666666666666667, 'sensitivity': 0.9285714285714286, 'specificity': 0.8421052631578947}, {'accuracy': 0.8484848484848485, 'f1': 0.8275862068965517, 'sensitivity': 0.8571428571428571, 'specificity': 0.8421052631578947}, {'accuracy': 0.8484848484848485, 'f1': 0.8387096774193549, 'sensitivity': 0.9285714285714286, 'specificity': 0.7894736842105263}, {'accuracy': 0.8787878787878788, 'f1': 0.875, 'sensitivity': 1.0, 'specificity': 0.7894736842105263}, {'accuracy': 0.8787878787878788, 'f1': 0.8666666666666667, 'sensitivity': 0.9285714285714286, 'specificity': 0.8421052631578947}, {'accuracy': 0.8787878787878788, 'f1': 0.8666666666666667, 'sensitivity': 0.9285714285714286, 'specificity': 0.8421052631578947}, {'accuracy': 0.8484848484848485, 'f1': 0.8387096774193549, 'sensitivity': 0.9285714285714286, 'specificity': 0.7894736842105263}, {'accuracy': 0.8787878787878788, 'f1': 0.8666666666666667, 'sensitivity': 0.9285714285714286, 'specificity': 0.8421052631578947}, {'accuracy': 0.8787878787878788, 'f1': 0.8666666666666667, 'sensitivity': 0.9285714285714286, 'specificity': 0.8421052631578947}, {'accuracy': 0.8787878787878788, 'f1': 0.8666666666666667, 'sensitivity': 0.9285714285714286, 'specificity': 0.8421052631578947}, {'accuracy': 0.8484848484848485, 'f1': 0.8387096774193549, 'sensitivity': 0.9285714285714286, 'specificity': 0.7894736842105263}, {'accuracy': 0.8787878787878788, 'f1': 0.8666666666666667, 'sensitivity': 0.9285714285714286, 'specificity': 0.8421052631578947}, {'accuracy': 0.8484848484848485, 'f1': 0.8387096774193549, 'sensitivity': 0.9285714285714286, 'specificity': 0.7894736842105263}, {'accuracy': 0.8787878787878788, 'f1': 0.8666666666666667, 'sensitivity': 0.9285714285714286, 'specificity': 0.8421052631578947}, {'accuracy': 0.8787878787878788, 'f1': 0.8666666666666667, 'sensitivity': 0.9285714285714286, 'specificity': 0.8421052631578947}, {'accuracy': 0.8787878787878788, 'f1': 0.8666666666666667, 'sensitivity': 0.9285714285714286, 'specificity': 0.8421052631578947}, {'accuracy': 0.8787878787878788, 'f1': 0.8666666666666667, 'sensitivity': 0.9285714285714286, 'specificity': 0.8421052631578947}, {'accuracy': 0.8484848484848485, 'f1': 0.8387096774193549, 'sensitivity': 0.9285714285714286, 'specificity': 0.7894736842105263}, {'accuracy': 0.8787878787878788, 'f1': 0.8666666666666667, 'sensitivity': 0.9285714285714286, 'specificity': 0.8421052631578947}, {'accuracy': 0.8787878787878788, 'f1': 0.8666666666666667, 'sensitivity': 0.9285714285714286, 'specificity': 0.8421052631578947}, {'accuracy': 0.8484848484848485, 'f1': 0.8275862068965517, 'sensitivity': 0.8571428571428571, 'specificity': 0.8421052631578947}, {'accuracy': 0.8787878787878788, 'f1': 0.8666666666666667, 'sensitivity': 0.9285714285714286, 'specificity': 0.8421052631578947}, {'accuracy': 0.8484848484848485, 'f1': 0.8387096774193549, 'sensitivity': 0.9285714285714286, 'specificity': 0.7894736842105263}, {'accuracy': 0.8787878787878788, 'f1': 0.8666666666666667, 'sensitivity': 0.9285714285714286, 'specificity': 0.8421052631578947}, {'accuracy': 0.8787878787878788, 'f1': 0.8666666666666667, 'sensitivity': 0.9285714285714286, 'specificity': 0.8421052631578947}, {'accuracy': 0.8787878787878788, 'f1': 0.8666666666666667, 'sensitivity': 0.9285714285714286, 'specificity': 0.8421052631578947}, {'accuracy': 0.8787878787878788, 'f1': 0.8666666666666667, 'sensitivity': 0.9285714285714286, 'specificity': 0.8421052631578947}, {'accuracy': 0.8787878787878788, 'f1': 0.8666666666666667, 'sensitivity': 0.9285714285714286, 'specificity': 0.8421052631578947}, {'accuracy': 0.8787878787878788, 'f1': 0.8666666666666667, 'sensitivity': 0.9285714285714286, 'specificity': 0.8421052631578947}, {'accuracy': 0.8787878787878788, 'f1': 0.8666666666666667, 'sensitivity': 0.9285714285714286, 'specificity': 0.8421052631578947}, {'accuracy': 0.8787878787878788, 'f1': 0.8666666666666667, 'sensitivity': 0.9285714285714286, 'specificity': 0.8421052631578947}, {'accuracy': 0.8181818181818182, 'f1': 0.7857142857142857, 'sensitivity': 0.7857142857142857, 'specificity': 0.8421052631578947}, {'accuracy': 0.8484848484848485, 'f1': 0.8275862068965517, 'sensitivity': 0.8571428571428571, 'specificity': 0.8421052631578947}, {'accuracy': 0.8484848484848485, 'f1': 0.8275862068965517, 'sensitivity': 0.8571428571428571, 'specificity': 0.8421052631578947}, {'accuracy': 0.8787878787878788, 'f1': 0.8666666666666667, 'sensitivity': 0.9285714285714286, 'specificity': 0.8421052631578947}, {'accuracy': 0.8787878787878788, 'f1': 0.8666666666666667, 'sensitivity': 0.9285714285714286, 'specificity': 0.8421052631578947}, {'accuracy': 0.8484848484848485, 'f1': 0.8275862068965517, 'sensitivity': 0.8571428571428571, 'specificity': 0.8421052631578947}]",COMPLETE
