number,value,datetime_start,datetime_complete,duration,params_dropout_rate,params_learning_rate,params_weight_decay,user_attrs_best_val_metrics,user_attrs_model_name,user_attrs_train_loss_history,user_attrs_val_loss_history,user_attrs_val_overall_metrics_history,state
2,0.8235294117647058,2026-07-29 10:21:27.035007,2026-07-29 10:21:36.923122,0 days 00:00:09.888115,0.5,0.006358358856676255,0.000133112160807369,"{'overall': {'n': 31, 'accuracy': 0.8064516129032258, 'precision': 0.7, 'recall': 1.0, 'sensitivity': 1.0, 'specificity': 0.6470588235294118, 'balanced_accuracy': 0.8235294117647058, 'f1': 0.8235294117647058, 'confusion_matrix': [[11, 6], [0, 14]], 'auc': 0.861344537815126, 'roc_curve': {'fpr': [0.0, 0.0, 0.058823529411764705, 0.058823529411764705, 0.11764705882352941, 0.11764705882352941, 0.23529411764705882, 0.23529411764705882, 0.35294117647058826, 0.35294117647058826, 1.0], 'tpr': [0.0, 0.07142857142857142, 0.07142857142857142, 0.42857142857142855, 0.42857142857142855, 0.6428571428571429, 0.6428571428571429, 0.9285714285714286, 0.9285714285714286, 1.0, 1.0]}}, 'India': {'n': 14, 'accuracy': 0.7857142857142857, 'precision': 0.7692307692307693, 'recall': 1.0, 'sensitivity': 1.0, 'specificity': 0.25, 'balanced_accuracy': 0.625, 'f1': 0.8695652173913043, 'confusion_matrix': [[1, 3], [0, 10]], 'auc': 0.6749999999999999, 'roc_curve': {'fpr': [0.0, 0.0, 0.25, 0.25, 0.5, 0.5, 0.75, 0.75, 1.0], 'tpr': [0.0, 0.1, 0.1, 0.7, 0.7, 0.9, 0.9, 1.0, 1.0]}}, 'Italy': {'n': 17, 'accuracy': 0.8235294117647058, 'precision': 0.5714285714285714, 'recall': 1.0, 'sensitivity': 1.0, 'specificity': 0.7692307692307693, 'balanced_accuracy': 0.8846153846153846, 'f1': 0.7272727272727273, 'confusion_matrix': [[10, 3], [0, 4]], 'auc': 0.9038461538461539, 'roc_curve': {'fpr': [0.0, 0.0, 0.07692307692307693, 0.07692307692307693, 0.15384615384615385, 0.15384615384615385, 1.0], 'tpr': [0.0, 0.25, 0.25, 0.5, 0.5, 1.0, 1.0]}}}",regnet_y_400mf_forniceal_palpebral_v2,"[0.8799633201287718, 0.6993723905005422, 0.8375754632106444, 0.7400852470170884, 0.6534754646067716, 0.6709858254105056, 0.5952833886860179, 0.5588286600145352, 0.5482827923735794, 0.6183655140351276, 0.7395327788631932, 0.7102684033971255, 0.620126681262944, 0.554247014376582, 0.5791166274725985, 0.5393859873823568, 0.5341614494923832, 0.5856026828694506, 0.6155533784506272]","[0.7738581203645275, 0.7342852027185501, 0.5813758488624327, 0.5676477666824095, 0.6342340553960493, 0.5364329439978446, 0.5893163700257579, 0.5465251370783775, 0.5353694144756563, 0.7256604279241254, 0.5405331763529009, 0.5064209199720814, 0.5429520241675838, 0.5377173356471523, 0.6053796737424789, 0.5484742637603514, 0.539646339993323, 0.5421260912572184, 0.7316212192658456]","[{'accuracy': 0.5161290322580645, 'f1': 0.6511627906976745, 'sensitivity': 1.0, 'specificity': 0.11764705882352941}, {'accuracy': 0.5483870967741935, 'f1': 0.6666666666666666, 'sensitivity': 1.0, 'specificity': 0.17647058823529413}, {'accuracy': 0.7096774193548387, 'f1': 0.7428571428571429, 'sensitivity': 0.9285714285714286, 'specificity': 0.5294117647058824}, {'accuracy': 0.8387096774193549, 'f1': 0.8148148148148148, 'sensitivity': 0.7857142857142857, 'specificity': 0.8823529411764706}, {'accuracy': 0.6774193548387096, 'f1': 0.7368421052631579, 'sensitivity': 1.0, 'specificity': 0.4117647058823529}, {'accuracy': 0.7741935483870968, 'f1': 0.8, 'sensitivity': 1.0, 'specificity': 0.5882352941176471}, {'accuracy': 0.7096774193548387, 'f1': 0.7567567567567568, 'sensitivity': 1.0, 'specificity': 0.47058823529411764}, {'accuracy': 0.7741935483870968, 'f1': 0.7878787878787878, 'sensitivity': 0.9285714285714286, 'specificity': 0.6470588235294118}, {'accuracy': 0.8064516129032258, 'f1': 0.8125, 'sensitivity': 0.9285714285714286, 'specificity': 0.7058823529411765}, {'accuracy': 0.6774193548387096, 'f1': 0.7368421052631579, 'sensitivity': 1.0, 'specificity': 0.4117647058823529}, {'accuracy': 0.7741935483870968, 'f1': 0.72, 'sensitivity': 0.6428571428571429, 'specificity': 0.8823529411764706}, {'accuracy': 0.8064516129032258, 'f1': 0.8, 'sensitivity': 0.8571428571428571, 'specificity': 0.7647058823529411}, {'accuracy': 0.8064516129032258, 'f1': 0.8235294117647058, 'sensitivity': 1.0, 'specificity': 0.6470588235294118}, {'accuracy': 0.8064516129032258, 'f1': 0.8125, 'sensitivity': 0.9285714285714286, 'specificity': 0.7058823529411765}, {'accuracy': 0.7096774193548387, 'f1': 0.7567567567567568, 'sensitivity': 1.0, 'specificity': 0.47058823529411764}, {'accuracy': 0.7741935483870968, 'f1': 0.7741935483870968, 'sensitivity': 0.8571428571428571, 'specificity': 0.7058823529411765}, {'accuracy': 0.8064516129032258, 'f1': 0.8, 'sensitivity': 0.8571428571428571, 'specificity': 0.7647058823529411}, {'accuracy': 0.7741935483870968, 'f1': 0.7586206896551724, 'sensitivity': 0.7857142857142857, 'specificity': 0.7647058823529411}, {'accuracy': 0.6774193548387096, 'f1': 0.7368421052631579, 'sensitivity': 1.0, 'specificity': 0.4117647058823529}]",COMPLETE
3,0.7878787878787878,2026-07-29 10:21:36.923500,2026-07-29 10:21:41.687629,0 days 00:00:04.764129,0.5,0.03142880890840111,4.335281794951567e-06,"{'overall': {'n': 31, 'accuracy': 0.7741935483870968, 'precision': 0.6842105263157895, 'recall': 0.9285714285714286, 'sensitivity': 0.9285714285714286, 'specificity': 0.6470588235294118, 'balanced_accuracy': 0.7878151260504203, 'f1': 0.7878787878787878, 'confusion_matrix': [[11, 6], [1, 13]], 'auc': 0.8487394957983193, 'roc_curve': {'fpr': [0.0, 0.0, 0.058823529411764705, 0.058823529411764705, 0.11764705882352941, 0.11764705882352941, 0.17647058823529413, 0.17647058823529413, 0.7058823529411765, 0.7058823529411765, 1.0], 'tpr': [0.0, 0.07142857142857142, 0.07142857142857142, 0.35714285714285715, 0.35714285714285715, 0.6428571428571429, 0.6428571428571429, 0.9285714285714286, 0.9285714285714286, 1.0, 1.0]}}, 'India': {'n': 14, 'accuracy': 0.8571428571428571, 'precision': 0.8333333333333334, 'recall': 1.0, 'sensitivity': 1.0, 'specificity': 0.5, 'balanced_accuracy': 0.75, 'f1': 0.9090909090909091, 'confusion_matrix': [[2, 2], [0, 10]], 'auc': 0.6, 'roc_curve': {'fpr': [0.0, 0.0, 0.25, 0.25, 0.5, 0.5, 1.0], 'tpr': [0.0, 0.1, 0.1, 0.3, 0.3, 1.0, 1.0]}}, 'Italy': {'n': 17, 'accuracy': 0.7058823529411765, 'precision': 0.42857142857142855, 'recall': 0.75, 'sensitivity': 0.75, 'specificity': 0.6923076923076923, 'balanced_accuracy': 0.7211538461538461, 'f1': 0.5454545454545454, 'confusion_matrix': [[9, 4], [1, 3]], 'auc': 0.826923076923077, 'roc_curve': {'fpr': [0.0, 0.0, 0.0, 0.07692307692307693, 0.07692307692307693, 0.6153846153846154, 0.6153846153846154, 1.0], 'tpr': [0.0, 0.25, 0.5, 0.5, 0.75, 0.75, 1.0, 1.0]}}}",regnet_y_400mf_forniceal_palpebral_v2,"[3.2882941217244075, 2.425479699825855, 1.216379241067536, 1.0455110811051869, 0.7783088992748942, 0.738735210327875, 1.0582852898811808, 1.4455533708844865, 1.0804274463329187]","[3.037939436974064, 0.5798240669312016, 0.6382489406293438, 1.3758732118914205, 0.6200848615938618, 0.9102443975787009, 0.7134490955260492, 0.6041050735981234, 0.9777138098593681]","[{'accuracy': 0.5483870967741935, 'f1': 0.0, 'sensitivity': 0.0, 'specificity': 1.0}, {'accuracy': 0.7741935483870968, 'f1': 0.7878787878787878, 'sensitivity': 0.9285714285714286, 'specificity': 0.6470588235294118}, {'accuracy': 0.7419354838709677, 'f1': 0.75, 'sensitivity': 0.8571428571428571, 'specificity': 0.6470588235294118}, {'accuracy': 0.6129032258064516, 'f1': 0.7, 'sensitivity': 1.0, 'specificity': 0.29411764705882354}, {'accuracy': 0.7741935483870968, 'f1': 0.7741935483870968, 'sensitivity': 0.8571428571428571, 'specificity': 0.7058823529411765}, {'accuracy': 0.7419354838709677, 'f1': 0.7777777777777778, 'sensitivity': 1.0, 'specificity': 0.5294117647058824}, {'accuracy': 0.7419354838709677, 'f1': 0.6666666666666666, 'sensitivity': 0.5714285714285714, 'specificity': 0.8823529411764706}, {'accuracy': 0.7419354838709677, 'f1': 0.6923076923076923, 'sensitivity': 0.6428571428571429, 'specificity': 0.8235294117647058}, {'accuracy': 0.6451612903225806, 'f1': 0.47619047619047616, 'sensitivity': 0.35714285714285715, 'specificity': 0.8823529411764706}]",COMPLETE
4,0.8387096774193549,2026-07-29 10:21:41.687974,2026-07-29 10:21:58.360495,0 days 00:00:16.672521,0.2,0.0008179499475211679,3.752055855124284e-05,"{'overall': {'n': 31, 'accuracy': 0.8387096774193549, 'precision': 0.7647058823529411, 'recall': 0.9285714285714286, 'sensitivity': 0.9285714285714286, 'specificity': 0.7647058823529411, 'balanced_accuracy': 0.8466386554621849, 'f1': 0.8387096774193549, 'confusion_matrix': [[13, 4], [1, 13]], 'auc': 0.819327731092437, 'roc_curve': {'fpr': [0.0, 0.058823529411764705, 0.058823529411764705, 0.17647058823529413, 0.17647058823529413, 0.23529411764705882, 0.23529411764705882, 0.4117647058823529, 0.4117647058823529, 1.0], 'tpr': [0.0, 0.0, 0.21428571428571427, 0.21428571428571427, 0.7142857142857143, 0.7142857142857143, 0.9285714285714286, 0.9285714285714286, 1.0, 1.0]}}, 'India': {'n': 14, 'accuracy': 0.7857142857142857, 'precision': 0.8181818181818182, 'recall': 0.9, 'sensitivity': 0.9, 'specificity': 0.5, 'balanced_accuracy': 0.7, 'f1': 0.8571428571428571, 'confusion_matrix': [[2, 2], [1, 9]], 'auc': 0.525, 'roc_curve': {'fpr': [0.0, 0.25, 0.25, 0.5, 0.5, 1.0, 1.0], 'tpr': [0.0, 0.0, 0.3, 0.3, 0.9, 0.9, 1.0]}}, 'Italy': {'n': 17, 'accuracy': 0.8823529411764706, 'precision': 0.6666666666666666, 'recall': 1.0, 'sensitivity': 1.0, 'specificity': 0.8461538461538461, 'balanced_accuracy': 0.9230769230769231, 'f1': 0.8, 'confusion_matrix': [[11, 2], [0, 4]], 'auc': 0.9038461538461539, 'roc_curve': {'fpr': [0.0, 0.07692307692307693, 0.07692307692307693, 0.15384615384615385, 0.15384615384615385, 1.0], 'tpr': [0.0, 0.0, 0.75, 0.75, 1.0, 1.0]}}}",regnet_y_400mf_forniceal_palpebral_v2,"[0.8421598689085772, 0.7767897167173373, 0.7686689232482391, 0.7083760905427997, 0.6887205036319032, 0.6875794185262148, 0.6542558783576602, 0.6732465888367218, 0.6525415206442073, 0.6043467473010627, 0.6071173060102527, 0.6270061921911175, 0.6018474884584647, 0.563644722205441, 0.5488397369579393, 0.5731707464675514, 0.5312349443532982, 0.566741842801879, 0.5844352521052977, 0.5753858726040847, 0.5428078314479516, 0.5237943507781645, 0.5592109771812854, 0.46504408830688115, 0.5567684664207251, 0.5226041719216068, 0.5228269067751307, 0.5521795940236981, 0.5736370228585743, 0.5202633316825036, 0.5191043098362125, 0.5107302325112479]","[0.8150431302285963, 0.8004689716523693, 0.7594956313410113, 0.7217267713239116, 0.6997058833799055, 0.6955755410655853, 0.6941331605757436, 0.6943622539120335, 0.6662633380582256, 0.6930397018309562, 0.6822843090180428, 0.6571147095772528, 0.6591508446201202, 0.6364570933003579, 0.6415427173337629, 0.6326594852632091, 0.6382963522788017, 0.6318557781557883, 0.6195213938913038, 0.6229481177945291, 0.6175843611840279, 0.6093941907728871, 0.6177585471060968, 0.6141717760793625, 0.5926003725297989, 0.6381372559455133, 0.6122504040118186, 0.6267148390893014, 0.6049107928429881, 0.6022796900041641, 0.5995680439856744, 0.5955948012490426]","[{'accuracy': 0.45161290322580644, 'f1': 0.48484848484848486, 'sensitivity': 0.5714285714285714, 'specificity': 0.35294117647058826}, {'accuracy': 0.5483870967741935, 'f1': 0.0, 'sensitivity': 0.0, 'specificity': 1.0}, {'accuracy': 0.6451612903225806, 'f1': 0.5217391304347826, 'sensitivity': 0.42857142857142855, 'specificity': 0.8235294117647058}, {'accuracy': 0.7419354838709677, 'f1': 0.7777777777777778, 'sensitivity': 1.0, 'specificity': 0.5294117647058824}, {'accuracy': 0.7419354838709677, 'f1': 0.7777777777777778, 'sensitivity': 1.0, 'specificity': 0.5294117647058824}, {'accuracy': 0.7419354838709677, 'f1': 0.7142857142857143, 'sensitivity': 0.7142857142857143, 'specificity': 0.7647058823529411}, {'accuracy': 0.7096774193548387, 'f1': 0.7428571428571429, 'sensitivity': 0.9285714285714286, 'specificity': 0.5294117647058824}, {'accuracy': 0.7096774193548387, 'f1': 0.7096774193548387, 'sensitivity': 0.7857142857142857, 'specificity': 0.6470588235294118}, {'accuracy': 0.7419354838709677, 'f1': 0.7777777777777778, 'sensitivity': 1.0, 'specificity': 0.5294117647058824}, {'accuracy': 0.7096774193548387, 'f1': 0.64, 'sensitivity': 0.5714285714285714, 'specificity': 0.8235294117647058}, {'accuracy': 0.7419354838709677, 'f1': 0.7333333333333333, 'sensitivity': 0.7857142857142857, 'specificity': 0.7058823529411765}, {'accuracy': 0.7419354838709677, 'f1': 0.7647058823529411, 'sensitivity': 0.9285714285714286, 'specificity': 0.5882352941176471}, {'accuracy': 0.7741935483870968, 'f1': 0.7741935483870968, 'sensitivity': 0.8571428571428571, 'specificity': 0.7058823529411765}, {'accuracy': 0.7419354838709677, 'f1': 0.7647058823529411, 'sensitivity': 0.9285714285714286, 'specificity': 0.5882352941176471}, {'accuracy': 0.8064516129032258, 'f1': 0.8125, 'sensitivity': 0.9285714285714286, 'specificity': 0.7058823529411765}, {'accuracy': 0.8064516129032258, 'f1': 0.8, 'sensitivity': 0.8571428571428571, 'specificity': 0.7647058823529411}, {'accuracy': 0.7741935483870968, 'f1': 0.7878787878787878, 'sensitivity': 0.9285714285714286, 'specificity': 0.6470588235294118}, {'accuracy': 0.7419354838709677, 'f1': 0.7647058823529411, 'sensitivity': 0.9285714285714286, 'specificity': 0.5882352941176471}, {'accuracy': 0.7741935483870968, 'f1': 0.7586206896551724, 'sensitivity': 0.7857142857142857, 'specificity': 0.7647058823529411}, {'accuracy': 0.7419354838709677, 'f1': 0.7647058823529411, 'sensitivity': 0.9285714285714286, 'specificity': 0.5882352941176471}, {'accuracy': 0.7096774193548387, 'f1': 0.7428571428571429, 'sensitivity': 0.9285714285714286, 'specificity': 0.5294117647058824}, {'accuracy': 0.8387096774193549, 'f1': 0.8387096774193549, 'sensitivity': 0.9285714285714286, 'specificity': 0.7647058823529411}, {'accuracy': 0.7419354838709677, 'f1': 0.7647058823529411, 'sensitivity': 0.9285714285714286, 'specificity': 0.5882352941176471}, {'accuracy': 0.7741935483870968, 'f1': 0.7878787878787878, 'sensitivity': 0.9285714285714286, 'specificity': 0.6470588235294118}, {'accuracy': 0.7741935483870968, 'f1': 0.7878787878787878, 'sensitivity': 0.9285714285714286, 'specificity': 0.6470588235294118}, {'accuracy': 0.7419354838709677, 'f1': 0.7647058823529411, 'sensitivity': 0.9285714285714286, 'specificity': 0.5882352941176471}, {'accuracy': 0.7741935483870968, 'f1': 0.7407407407407407, 'sensitivity': 0.7142857142857143, 'specificity': 0.8235294117647058}, {'accuracy': 0.7741935483870968, 'f1': 0.7741935483870968, 'sensitivity': 0.8571428571428571, 'specificity': 0.7058823529411765}, {'accuracy': 0.7419354838709677, 'f1': 0.7647058823529411, 'sensitivity': 0.9285714285714286, 'specificity': 0.5882352941176471}, {'accuracy': 0.7419354838709677, 'f1': 0.7647058823529411, 'sensitivity': 0.9285714285714286, 'specificity': 0.5882352941176471}, {'accuracy': 0.8064516129032258, 'f1': 0.8125, 'sensitivity': 0.9285714285714286, 'specificity': 0.7058823529411765}, {'accuracy': 0.8387096774193549, 'f1': 0.8387096774193549, 'sensitivity': 0.9285714285714286, 'specificity': 0.7647058823529411}]",COMPLETE
5,0.8,2026-07-29 10:21:58.360820,2026-07-29 10:22:08.891579,0 days 00:00:10.530759,0.5,0.006847920095574782,2.62108787826544e-06,"{'overall': {'n': 31, 'accuracy': 0.7741935483870968, 'precision': 0.6666666666666666, 'recall': 1.0, 'sensitivity': 1.0, 'specificity': 0.5882352941176471, 'balanced_accuracy': 0.7941176470588236, 'f1': 0.8, 'confusion_matrix': [[10, 7], [0, 14]], 'auc': 0.8445378151260503, 'roc_curve': {'fpr': [0.0, 0.0, 0.0, 0.058823529411764705, 0.058823529411764705, 0.11764705882352941, 0.11764705882352941, 0.23529411764705882, 0.23529411764705882, 0.29411764705882354, 0.29411764705882354, 0.35294117647058826, 0.35294117647058826, 1.0], 'tpr': [0.0, 0.07142857142857142, 0.14285714285714285, 0.14285714285714285, 0.42857142857142855, 0.42857142857142855, 0.5, 0.5, 0.8571428571428571, 0.8571428571428571, 0.9285714285714286, 0.9285714285714286, 1.0, 1.0]}}, 'India': {'n': 14, 'accuracy': 0.7857142857142857, 'precision': 0.7692307692307693, 'recall': 1.0, 'sensitivity': 1.0, 'specificity': 0.25, 'balanced_accuracy': 0.625, 'f1': 0.8695652173913043, 'confusion_matrix': [[1, 3], [0, 10]], 'auc': 0.6499999999999999, 'roc_curve': {'fpr': [0.0, 0.0, 0.0, 0.25, 0.25, 0.5, 0.5, 0.75, 0.75, 1.0], 'tpr': [0.0, 0.1, 0.2, 0.2, 0.5, 0.5, 0.9, 0.9, 1.0, 1.0]}}, 'Italy': {'n': 17, 'accuracy': 0.7647058823529411, 'precision': 0.5, 'recall': 1.0, 'sensitivity': 1.0, 'specificity': 0.6923076923076923, 'balanced_accuracy': 0.8461538461538461, 'f1': 0.6666666666666666, 'confusion_matrix': [[9, 4], [0, 4]], 'auc': 0.9038461538461539, 'roc_curve': {'fpr': [0.0, 0.0, 0.07692307692307693, 0.07692307692307693, 0.15384615384615385, 0.15384615384615385, 1.0], 'tpr': [0.0, 0.25, 0.25, 0.5, 0.5, 1.0, 1.0]}}}",regnet_y_400mf_forniceal_palpebral_v2,"[1.2315789890938065, 0.770183885989546, 1.0574907117149457, 0.9124902044834734, 0.7008119545826296, 0.6935701633797211, 0.6311535863649278, 0.5966550606448634, 0.6595956257411412, 0.645952946474763, 0.6314499613379134, 0.5746993556314585, 0.6668195497421991, 0.5817473123268205, 0.6211303805007415, 0.6536040476390294, 0.7449718342751873, 0.7544110680923981, 0.6561624148265034, 0.5700944015363447]","[0.7953223797582811, 0.8298364723882368, 0.9482820207072843, 0.8483946246485556, 0.8195037995615313, 0.594470449032322, 0.5841358909683843, 0.6295412086671398, 0.5838605242390786, 0.639813898071166, 0.5866914737609125, 0.636660966180986, 0.549928548835939, 0.6150644037031359, 0.6074346611576695, 0.6022969032487562, 0.7384935934697429, 0.8128083156001183, 0.7471956966384765, 0.691112103000764]","[{'accuracy': 0.45161290322580644, 'f1': 0.6222222222222222, 'sensitivity': 1.0, 'specificity': 0.0}, {'accuracy': 0.45161290322580644, 'f1': 0.6222222222222222, 'sensitivity': 1.0, 'specificity': 0.0}, {'accuracy': 0.5806451612903226, 'f1': 0.13333333333333333, 'sensitivity': 0.07142857142857142, 'specificity': 1.0}, {'accuracy': 0.5483870967741935, 'f1': 0.6666666666666666, 'sensitivity': 1.0, 'specificity': 0.17647058823529413}, {'accuracy': 0.6129032258064516, 'f1': 0.25, 'sensitivity': 0.14285714285714285, 'specificity': 1.0}, {'accuracy': 0.7419354838709677, 'f1': 0.7647058823529411, 'sensitivity': 0.9285714285714286, 'specificity': 0.5882352941176471}, {'accuracy': 0.7741935483870968, 'f1': 0.7586206896551724, 'sensitivity': 0.7857142857142857, 'specificity': 0.7647058823529411}, {'accuracy': 0.7419354838709677, 'f1': 0.7777777777777778, 'sensitivity': 1.0, 'specificity': 0.5294117647058824}, {'accuracy': 0.7741935483870968, 'f1': 0.7878787878787878, 'sensitivity': 0.9285714285714286, 'specificity': 0.6470588235294118}, {'accuracy': 0.6774193548387096, 'f1': 0.6153846153846154, 'sensitivity': 0.5714285714285714, 'specificity': 0.7647058823529411}, {'accuracy': 0.7419354838709677, 'f1': 0.7333333333333333, 'sensitivity': 0.7857142857142857, 'specificity': 0.7058823529411765}, {'accuracy': 0.6451612903225806, 'f1': 0.56, 'sensitivity': 0.5, 'specificity': 0.7647058823529411}, {'accuracy': 0.7741935483870968, 'f1': 0.7878787878787878, 'sensitivity': 0.9285714285714286, 'specificity': 0.6470588235294118}, {'accuracy': 0.6451612903225806, 'f1': 0.56, 'sensitivity': 0.5, 'specificity': 0.7647058823529411}, {'accuracy': 0.7741935483870968, 'f1': 0.8, 'sensitivity': 1.0, 'specificity': 0.5882352941176471}, {'accuracy': 0.7741935483870968, 'f1': 0.8, 'sensitivity': 1.0, 'specificity': 0.5882352941176471}, {'accuracy': 0.6451612903225806, 'f1': 0.42105263157894735, 'sensitivity': 0.2857142857142857, 'specificity': 0.9411764705882353}, {'accuracy': 0.6451612903225806, 'f1': 0.717948717948718, 'sensitivity': 1.0, 'specificity': 0.35294117647058826}, {'accuracy': 0.6774193548387096, 'f1': 0.5, 'sensitivity': 0.35714285714285715, 'specificity': 0.9411764705882353}, {'accuracy': 0.6774193548387096, 'f1': 0.7368421052631579, 'sensitivity': 1.0, 'specificity': 0.4117647058823529}]",COMPLETE
