number,value,datetime_start,datetime_complete,duration,params_dropout_rate,params_learning_rate,params_weight_decay,user_attrs_best_val_metrics,user_attrs_model_name,user_attrs_train_loss_history,user_attrs_val_loss_history,user_attrs_val_overall_metrics_history,state
0,0.8387096774193549,2026-07-29 10:20:18.626719,2026-07-29 10:20:34.466388,0 days 00:00:15.839669,0.2,0.0013292918943162175,0.0007114476009343421,"{'overall': {'n': 31, 'accuracy': 0.8387096774193549, 'precision': 0.7647058823529411, 'recall': 0.9285714285714286, 'sensitivity': 0.9285714285714286, 'specificity': 0.7647058823529411, 'balanced_accuracy': 0.8466386554621849, 'f1': 0.8387096774193549, 'confusion_matrix': [[13, 4], [1, 13]], 'auc': 0.8445378151260504, 'roc_curve': {'fpr': [0.0, 0.0, 0.058823529411764705, 0.058823529411764705, 0.11764705882352941, 0.11764705882352941, 0.17647058823529413, 0.17647058823529413, 0.23529411764705882, 0.23529411764705882, 0.47058823529411764, 0.47058823529411764, 1.0], 'tpr': [0.0, 0.07142857142857142, 0.07142857142857142, 0.35714285714285715, 0.35714285714285715, 0.42857142857142855, 0.42857142857142855, 0.7857142857142857, 0.7857142857142857, 0.9285714285714286, 0.9285714285714286, 1.0, 1.0]}}, 'India': {'n': 14, 'accuracy': 0.7857142857142857, 'precision': 0.8181818181818182, 'recall': 0.9, 'sensitivity': 0.9, 'specificity': 0.5, 'balanced_accuracy': 0.7, 'f1': 0.8571428571428571, 'confusion_matrix': [[2, 2], [1, 9]], 'auc': 0.55, 'roc_curve': {'fpr': [0.0, 0.0, 0.25, 0.25, 0.5, 0.5, 1.0, 1.0], 'tpr': [0.0, 0.1, 0.1, 0.3, 0.3, 0.9, 0.9, 1.0]}}, 'Italy': {'n': 17, 'accuracy': 0.8823529411764706, 'precision': 0.6666666666666666, 'recall': 1.0, 'sensitivity': 1.0, 'specificity': 0.8461538461538461, 'balanced_accuracy': 0.9230769230769231, 'f1': 0.8, 'confusion_matrix': [[11, 2], [0, 4]], 'auc': 0.9230769230769231, 'roc_curve': {'fpr': [0.0, 0.0, 0.0, 0.15384615384615385, 0.15384615384615385, 1.0], 'tpr': [0.0, 0.25, 0.5, 0.5, 1.0, 1.0]}}}",regnet_y_400mf_forniceal_palpebral_v2,"[0.8251626446944516, 0.7977103493651565, 0.7416330734077765, 0.7367045753667144, 0.6822153560969294, 0.6423638033218124, 0.5987955007423349, 0.628564030134759, 0.5695900998147977, 0.608397832938603, 0.5539919665070618, 0.603571219103677, 0.5880632988449668, 0.5574499332174963, 0.522811790104626, 0.5398157097044445, 0.558681904864149, 0.550259085739551, 0.5409564031224673, 0.5141444271113597, 0.582301756962627, 0.5328446922659063, 0.48411214615212006, 0.5232266479608964, 0.5728996610965859, 0.5086257182010988]","[0.7734503226895486, 0.6959594757326187, 0.698838843453315, 0.6875423712115134, 0.6835597522797123, 0.6783729426322445, 0.6522103605731842, 0.6668368539502544, 0.6377489124574969, 0.6403082974495427, 0.6315798528732792, 0.656550851560408, 0.6160269129660821, 0.6091931462287903, 0.6122773751135795, 0.5927681547980155, 0.5977631922691099, 0.6534473146161726, 0.5801190455113688, 0.6055436980339789, 0.6036851088846883, 0.6741919017607166, 0.6109077843927568, 0.6130748160423771, 0.6636262324548536, 0.588872185637874]","[{'accuracy': 0.4838709677419355, 'f1': 0.6190476190476191, 'sensitivity': 0.9285714285714286, 'specificity': 0.11764705882352941}, {'accuracy': 0.7096774193548387, 'f1': 0.7272727272727273, 'sensitivity': 0.8571428571428571, 'specificity': 0.5882352941176471}, {'accuracy': 0.7096774193548387, 'f1': 0.5714285714285714, 'sensitivity': 0.42857142857142855, 'specificity': 0.9411764705882353}, {'accuracy': 0.6451612903225806, 'f1': 0.6666666666666666, 'sensitivity': 0.7857142857142857, 'specificity': 0.5294117647058824}, {'accuracy': 0.7419354838709677, 'f1': 0.7777777777777778, 'sensitivity': 1.0, 'specificity': 0.5294117647058824}, {'accuracy': 0.6774193548387096, 'f1': 0.6153846153846154, 'sensitivity': 0.5714285714285714, 'specificity': 0.7647058823529411}, {'accuracy': 0.7419354838709677, 'f1': 0.7777777777777778, 'sensitivity': 1.0, 'specificity': 0.5294117647058824}, {'accuracy': 0.7096774193548387, 'f1': 0.64, 'sensitivity': 0.5714285714285714, 'specificity': 0.8235294117647058}, {'accuracy': 0.7741935483870968, 'f1': 0.7878787878787878, 'sensitivity': 0.9285714285714286, 'specificity': 0.6470588235294118}, {'accuracy': 0.7096774193548387, 'f1': 0.7096774193548387, 'sensitivity': 0.7857142857142857, 'specificity': 0.6470588235294118}, {'accuracy': 0.7741935483870968, 'f1': 0.7878787878787878, 'sensitivity': 0.9285714285714286, 'specificity': 0.6470588235294118}, {'accuracy': 0.7096774193548387, 'f1': 0.64, 'sensitivity': 0.5714285714285714, 'specificity': 0.8235294117647058}, {'accuracy': 0.7741935483870968, 'f1': 0.8, 'sensitivity': 1.0, 'specificity': 0.5882352941176471}, {'accuracy': 0.7419354838709677, 'f1': 0.7142857142857143, 'sensitivity': 0.7142857142857143, 'specificity': 0.7647058823529411}, {'accuracy': 0.7741935483870968, 'f1': 0.7878787878787878, 'sensitivity': 0.9285714285714286, 'specificity': 0.6470588235294118}, {'accuracy': 0.7741935483870968, 'f1': 0.7741935483870968, 'sensitivity': 0.8571428571428571, 'specificity': 0.7058823529411765}, {'accuracy': 0.7419354838709677, 'f1': 0.7142857142857143, 'sensitivity': 0.7142857142857143, 'specificity': 0.7647058823529411}, {'accuracy': 0.6774193548387096, 'f1': 0.7368421052631579, 'sensitivity': 1.0, 'specificity': 0.4117647058823529}, {'accuracy': 0.8064516129032258, 'f1': 0.7857142857142857, 'sensitivity': 0.7857142857142857, 'specificity': 0.8235294117647058}, {'accuracy': 0.8387096774193549, 'f1': 0.8387096774193549, 'sensitivity': 0.9285714285714286, 'specificity': 0.7647058823529411}, {'accuracy': 0.8064516129032258, 'f1': 0.8, 'sensitivity': 0.8571428571428571, 'specificity': 0.7647058823529411}, {'accuracy': 0.6774193548387096, 'f1': 0.7368421052631579, 'sensitivity': 1.0, 'specificity': 0.4117647058823529}, {'accuracy': 0.7419354838709677, 'f1': 0.6923076923076923, 'sensitivity': 0.6428571428571429, 'specificity': 0.8235294117647058}, {'accuracy': 0.7419354838709677, 'f1': 0.7647058823529411, 'sensitivity': 0.9285714285714286, 'specificity': 0.5882352941176471}, {'accuracy': 0.6774193548387096, 'f1': 0.7368421052631579, 'sensitivity': 1.0, 'specificity': 0.4117647058823529}, {'accuracy': 0.7741935483870968, 'f1': 0.7586206896551724, 'sensitivity': 0.7857142857142857, 'specificity': 0.7647058823529411}]",COMPLETE
