number,value,datetime_start,datetime_complete,duration,params_dropout_rate,params_learning_rate,params_weight_decay,user_attrs_best_val_metrics,user_attrs_model_name,user_attrs_train_loss_history,user_attrs_val_loss_history,user_attrs_val_overall_metrics_history,state
5,0.896551724137931,2026-08-02 16:32:35.876515,2026-08-02 16:36:07.442881,0 days 00:03:31.566366,0.2,0.00012590032356612476,3.243056557496459e-05,"{'overall': {'n': 33, 'accuracy': 0.9090909090909091, 'precision': 0.8666666666666667, 'recall': 0.9285714285714286, 'sensitivity': 0.9285714285714286, 'specificity': 0.8947368421052632, 'balanced_accuracy': 0.9116541353383458, 'f1': 0.896551724137931, 'confusion_matrix': [[17, 2], [1, 13]], 'auc': 0.9323308270676691, 'roc_curve': {'fpr': [0.0, 0.0, 0.0, 0.05263157894736842, 0.05263157894736842, 0.10526315789473684, 0.10526315789473684, 0.3157894736842105, 0.3157894736842105, 1.0], 'tpr': [0.0, 0.07142857142857142, 0.2857142857142857, 0.2857142857142857, 0.7142857142857143, 0.7142857142857143, 0.9285714285714286, 0.9285714285714286, 1.0, 1.0]}}, 'India': {'n': 14, 'accuracy': 0.9285714285714286, 'precision': 0.9090909090909091, 'recall': 1.0, 'sensitivity': 1.0, 'specificity': 0.75, 'balanced_accuracy': 0.875, 'f1': 0.9523809523809523, 'confusion_matrix': [[3, 1], [0, 10]], 'auc': 0.975, 'roc_curve': {'fpr': [0.0, 0.0, 0.0, 0.25, 0.25, 1.0], 'tpr': [0.0, 0.1, 0.9, 0.9, 1.0, 1.0]}}, 'Italy': {'n': 19, 'accuracy': 0.8947368421052632, 'precision': 0.75, 'recall': 0.75, 'sensitivity': 0.75, 'specificity': 0.9333333333333333, 'balanced_accuracy': 0.8416666666666667, 'f1': 0.75, 'confusion_matrix': [[14, 1], [1, 3]], 'auc': 0.9, 'roc_curve': {'fpr': [0.0, 0.06666666666666667, 0.06666666666666667, 0.2, 0.2, 1.0], 'tpr': [0.0, 0.0, 0.75, 0.75, 1.0, 1.0]}}}",convnext_tiny_palpebral_v2_clean,"[0.8042043214602186, 0.7743436559936069, 0.7736723872999481, 0.7605814633779968, 0.7405090762289944, 0.7410508785026753, 0.7434239841454866, 0.7368428549229704, 0.739907904965988, 0.7432425440541955, 0.7235732070657591, 0.7381255796413548, 0.7312773170060669, 0.7122562128976481, 0.7325593316002398, 0.7275835382227867, 0.7024135190919535, 0.7024381567310813, 0.6975487995621384, 0.7209882298052706, 0.6978629906445939, 0.6753635445967415, 0.6885227564944337, 0.6824223833368314, 0.6949071355213393, 0.6805966022788295, 0.6785358719478379, 0.6893066779667179, 0.6764980108532684, 0.6788824974306372, 0.6709741807931306, 0.6618868755978464, 0.667621416366653, 0.6754396455177408, 0.6607195656031173, 0.6602516458523984, 0.6556904915942262, 0.6633484580658919, 0.6475161740321986, 0.6444894896437791, 0.6365138758097263, 0.6454138850534199, 0.6389250771099368, 0.6472650979528364, 0.6399761754155948, 0.6478807298552911, 0.6245337618107827, 0.6473991424832123, 0.6250894724927991, 0.6219639284721273, 0.627818477864297, 0.6397269731325819, 0.6289123644102488, 0.6169319437039609, 0.6171180712466209, 0.608482637942232, 0.6274423287404294, 0.6283558583417476, 0.6064270486105356, 0.6094385598668989, 0.6054639873520428, 0.6008955015251968, 0.6149937423649213, 0.6068796428623578, 0.615851478466135, 0.606133417577933, 0.6110464445013084, 0.5911563871712084, 0.6034114570017682, 0.6151964042755153, 0.611133376099416, 0.5988512643125673, 0.6012061686310547, 0.5828551290840502, 0.5843286865594371, 0.6052779661898582, 0.5930813223320917, 0.5966969708733211, 0.5960150668952638, 0.5855806742282893, 0.6033446208530704, 0.5774698356129476, 0.5900735614315563, 0.5970383444369234, 0.5849957679281171, 0.5905095267769517, 0.6022757027322883, 0.5865465430234442, 0.5669782505130136, 0.5716220132562498, 0.578108373067237, 0.5803515453212309, 0.5647672252939236, 0.5819291855325762, 0.5711297487581013, 0.5585787185769997, 0.5509705271152471, 0.5722185321991017, 0.5647288608235239, 0.548034423234447, 0.5760161967466999, 0.5478963733508887, 0.562873867173858, 0.5867276104870222, 0.5604617149624603, 0.5488211950718962, 0.5607929375787445, 0.5553944624022932, 0.5708160029341843, 0.5692566045072694, 0.5554040346714045, 0.5392346626875416, 0.5759027248976246, 0.5450207981842243, 0.5689121891331199, 0.559263279501176, 0.5656714557811914, 0.5718061154251857, 0.5529084699043375, 0.5522817771955831, 0.5633376319676835, 0.5276534723130283, 0.567970430614143, 0.5560563404039042, 0.561213969592227, 0.5629474339106225, 0.5694891790680537, 0.5344073472433533, 0.5296117600226244, 0.5310261300857494, 0.5404524708425762, 0.5649863617704404, 0.5444141965828194, 0.5589237951285002, 0.5439043491091949, 0.5443208612353596, 0.5412116887553639, 0.535768186611845, 0.5424486189488543, 0.5362740612977388, 0.5245936957021423, 0.5241468307987743, 0.5536963710721755, 0.509529748894521, 0.5422963798046112, 0.5311781381139692, 0.5301690097676207, 0.5425138355090918, 0.534929291696738, 0.5317261428233014, 0.5396853590643169, 0.5266514890241307, 0.5161193060559153, 0.5253804882630607, 0.5329329331979057, 0.5515956168143165, 0.5198595354099147, 0.5470106163561739, 0.5247869298158102, 0.5345413163797745, 0.541635749553213, 0.5190957563602372, 0.504177706920548, 0.5315108974248368, 0.5226734213481675, 0.5118949452772835, 0.5059572245111529]","[0.7560712731245792, 0.7452558531905665, 0.7364969687028364, 0.7293464234381011, 0.7234186764919397, 0.7177468375726179, 0.7121202873461174, 0.7068798885200963, 0.7017622951305273, 0.6968980088378444, 0.6920334949637904, 0.6873380144437155, 0.6824441064487804, 0.6776546420473041, 0.6729442748156461, 0.6685781388571768, 0.6644871921250315, 0.6604521256504636, 0.6563273343172941, 0.6524462103843689, 0.6486299272739526, 0.6448137471170137, 0.6408965786298116, 0.6373286734927784, 0.6339134591998477, 0.6306213826844187, 0.6268194299755674, 0.6233032598639979, 0.6202209808609702, 0.6171867215272152, 0.6141009258501458, 0.6109921534856161, 0.6078829729195797, 0.604995279601126, 0.602311929066976, 0.5998636050657793, 0.5970922997503569, 0.5945514837900797, 0.5924866885849924, 0.5903154105851145, 0.5878971923481334, 0.5859727245388608, 0.5836632360111583, 0.5813573671109749, 0.5792532328403357, 0.577024412877632, 0.5744589892300692, 0.5723154689326431, 0.5703918428132029, 0.5683984864841808, 0.5665695631142819, 0.5650460828434337, 0.5632300954876523, 0.5611916744347775, 0.559090155543703, 0.5577420646494086, 0.5561859571572506, 0.555243376529578, 0.5537905151193793, 0.5522897496367946, 0.5506569363854148, 0.5488677458329634, 0.5470308896267053, 0.5453838651830499, 0.5437791239131581, 0.5418589620879202, 0.5403043031692505, 0.5388971856146147, 0.537369348786094, 0.5363693056684552, 0.5351807565400095, 0.5334952961314808, 0.5321542421976725, 0.5304821296171709, 0.5289180567770293, 0.527534362041589, 0.5267982591282238, 0.5258223035118796, 0.525386864488775, 0.5241952375932173, 0.5236002568042639, 0.5226480093869296, 0.5210770585320212, 0.5203285036665021, 0.5197570360068119, 0.518437587853634, 0.5172788049235488, 0.5165605545043945, 0.5156429030678489, 0.5145419113563768, 0.5129527865034161, 0.5120707894816543, 0.5113249150189486, 0.5096818931175001, 0.5084627072016398, 0.507740627635609, 0.5062027194283225, 0.5052306507572983, 0.5038364439299612, 0.5033455292383829, 0.5026613510016239, 0.5016325170343573, 0.5001889900727705, 0.49896894079266174, 0.4981554493759618, 0.49771624622922955, 0.4974556258230498, 0.4969818086335153, 0.496285749204231, 0.4956761128974683, 0.4949626416871042, 0.49466762398228503, 0.49366591915939795, 0.49350596196723706, 0.49254928213177307, 0.4921962058905399, 0.4910035855842359, 0.4911106355262525, 0.4909301960107052, 0.4902928453503233, 0.4893886392766779, 0.48919531070824823, 0.48805587219469476, 0.487568457921346, 0.48731769214976917, 0.48733199726451526, 0.4882331472454649, 0.487458322987412, 0.4867089806181012, 0.4860405777439927, 0.48554391571969696, 0.4857463330933542, 0.48445920510725543, 0.4837912212718617, 0.482820937127778, 0.4817501414905895, 0.4809056412089955, 0.480593255071929, 0.4806116855505741, 0.4804322430581758, 0.4800855896689675, 0.47926299499742914, 0.47876548767089844, 0.47757802587566955, 0.47668931700966577, 0.476601961887244, 0.47602287205782806, 0.475756717450691, 0.47550671750848944, 0.47504833972815314, 0.4750422781163996, 0.4745413606817072, 0.4738556399489894, 0.4729733467102051, 0.4718773076028535, 0.47164357792247424, 0.47104640440507367, 0.47085646427038946, 0.4708197478092078, 0.4702991211053097, 0.47065632993524725, 0.4705433484279748, 0.4706285505583792, 0.4709997104875969, 0.4712092009457675, 0.4710231838804303, 0.47055009639624396]","[{'accuracy': 0.5151515151515151, 'f1': 0.6363636363636364, 'sensitivity': 1.0, 'specificity': 0.15789473684210525}, {'accuracy': 0.6363636363636364, 'f1': 0.7, 'sensitivity': 1.0, 'specificity': 0.3684210526315789}, {'accuracy': 0.7272727272727273, 'f1': 0.7096774193548387, 'sensitivity': 0.7857142857142857, 'specificity': 0.6842105263157895}, {'accuracy': 0.7878787878787878, 'f1': 0.7586206896551724, 'sensitivity': 0.7857142857142857, 'specificity': 0.7894736842105263}, {'accuracy': 0.8484848484848485, 'f1': 0.8148148148148148, 'sensitivity': 0.7857142857142857, 'specificity': 0.8947368421052632}, {'accuracy': 0.8484848484848485, 'f1': 0.8, 'sensitivity': 0.7142857142857143, 'specificity': 0.9473684210526315}, {'accuracy': 0.8484848484848485, 'f1': 0.8, 'sensitivity': 0.7142857142857143, 'specificity': 0.9473684210526315}, {'accuracy': 0.8484848484848485, 'f1': 0.8148148148148148, 'sensitivity': 0.7857142857142857, 'specificity': 0.8947368421052632}, {'accuracy': 0.8484848484848485, 'f1': 0.8148148148148148, 'sensitivity': 0.7857142857142857, 'specificity': 0.8947368421052632}, {'accuracy': 0.8484848484848485, 'f1': 0.8148148148148148, 'sensitivity': 0.7857142857142857, 'specificity': 0.8947368421052632}, {'accuracy': 0.8484848484848485, 'f1': 0.8148148148148148, 'sensitivity': 0.7857142857142857, 'specificity': 0.8947368421052632}, {'accuracy': 0.8484848484848485, 'f1': 0.8148148148148148, 'sensitivity': 0.7857142857142857, 'specificity': 0.8947368421052632}, {'accuracy': 0.8484848484848485, 'f1': 0.8148148148148148, 'sensitivity': 0.7857142857142857, 'specificity': 0.8947368421052632}, {'accuracy': 0.8787878787878788, 'f1': 0.8571428571428571, 'sensitivity': 0.8571428571428571, 'specificity': 0.8947368421052632}, {'accuracy': 0.8787878787878788, 'f1': 0.8571428571428571, 'sensitivity': 0.8571428571428571, 'specificity': 0.8947368421052632}, {'accuracy': 0.9090909090909091, 'f1': 0.896551724137931, 'sensitivity': 0.9285714285714286, 'specificity': 0.8947368421052632}, {'accuracy': 0.9090909090909091, 'f1': 0.896551724137931, 'sensitivity': 0.9285714285714286, 'specificity': 0.8947368421052632}, {'accuracy': 0.9090909090909091, 'f1': 0.896551724137931, 'sensitivity': 0.9285714285714286, 'specificity': 0.8947368421052632}, {'accuracy': 0.9090909090909091, 'f1': 0.896551724137931, 'sensitivity': 0.9285714285714286, 'specificity': 0.8947368421052632}, {'accuracy': 0.8787878787878788, 'f1': 0.8571428571428571, 'sensitivity': 0.8571428571428571, 'specificity': 0.8947368421052632}, {'accuracy': 0.8787878787878788, 'f1': 0.8571428571428571, 'sensitivity': 0.8571428571428571, 'specificity': 0.8947368421052632}, {'accuracy': 0.8787878787878788, 'f1': 0.8571428571428571, 'sensitivity': 0.8571428571428571, 'specificity': 0.8947368421052632}, {'accuracy': 0.8787878787878788, 'f1': 0.8571428571428571, 'sensitivity': 0.8571428571428571, 'specificity': 0.8947368421052632}, {'accuracy': 0.8787878787878788, 'f1': 0.8571428571428571, 'sensitivity': 0.8571428571428571, 'specificity': 0.8947368421052632}, {'accuracy': 0.8787878787878788, 'f1': 0.8571428571428571, 'sensitivity': 0.8571428571428571, 'specificity': 0.8947368421052632}, {'accuracy': 0.8787878787878788, 'f1': 0.8571428571428571, 'sensitivity': 0.8571428571428571, 'specificity': 0.8947368421052632}, {'accuracy': 0.8787878787878788, 'f1': 0.8571428571428571, 'sensitivity': 0.8571428571428571, 'specificity': 0.8947368421052632}, {'accuracy': 0.8787878787878788, 'f1': 0.8571428571428571, 'sensitivity': 0.8571428571428571, 'specificity': 0.8947368421052632}, {'accuracy': 0.8787878787878788, 'f1': 0.8571428571428571, 'sensitivity': 0.8571428571428571, 'specificity': 0.8947368421052632}, {'accuracy': 0.8787878787878788, 'f1': 0.8571428571428571, 'sensitivity': 0.8571428571428571, 'specificity': 0.8947368421052632}, {'accuracy': 0.8787878787878788, 'f1': 0.8571428571428571, 'sensitivity': 0.8571428571428571, 'specificity': 0.8947368421052632}, {'accuracy': 0.8787878787878788, 'f1': 0.8571428571428571, 'sensitivity': 0.8571428571428571, 'specificity': 0.8947368421052632}, {'accuracy': 0.8787878787878788, 'f1': 0.8571428571428571, 'sensitivity': 0.8571428571428571, 'specificity': 0.8947368421052632}, {'accuracy': 0.8787878787878788, 'f1': 0.8571428571428571, 'sensitivity': 0.8571428571428571, 'specificity': 0.8947368421052632}, {'accuracy': 0.8787878787878788, 'f1': 0.8571428571428571, 'sensitivity': 0.8571428571428571, 'specificity': 0.8947368421052632}, {'accuracy': 0.8787878787878788, 'f1': 0.8571428571428571, 'sensitivity': 0.8571428571428571, 'specificity': 0.8947368421052632}, {'accuracy': 0.8787878787878788, 'f1': 0.8571428571428571, 'sensitivity': 0.8571428571428571, 'specificity': 0.8947368421052632}, {'accuracy': 0.8787878787878788, 'f1': 0.8571428571428571, 'sensitivity': 0.8571428571428571, 'specificity': 0.8947368421052632}, {'accuracy': 0.8787878787878788, 'f1': 0.8571428571428571, 'sensitivity': 0.8571428571428571, 'specificity': 0.8947368421052632}, {'accuracy': 0.8787878787878788, 'f1': 0.8571428571428571, 'sensitivity': 0.8571428571428571, 'specificity': 0.8947368421052632}, {'accuracy': 0.8787878787878788, 'f1': 0.8571428571428571, 'sensitivity': 0.8571428571428571, 'specificity': 0.8947368421052632}, {'accuracy': 0.8787878787878788, 'f1': 0.8571428571428571, 'sensitivity': 0.8571428571428571, 'specificity': 0.8947368421052632}, {'accuracy': 0.8787878787878788, 'f1': 0.8571428571428571, 'sensitivity': 0.8571428571428571, 'specificity': 0.8947368421052632}, {'accuracy': 0.8787878787878788, 'f1': 0.8571428571428571, 'sensitivity': 0.8571428571428571, 'specificity': 0.8947368421052632}, {'accuracy': 0.8787878787878788, 'f1': 0.8571428571428571, 'sensitivity': 0.8571428571428571, 'specificity': 0.8947368421052632}, {'accuracy': 0.8787878787878788, 'f1': 0.8571428571428571, 'sensitivity': 0.8571428571428571, 'specificity': 0.8947368421052632}, {'accuracy': 0.8787878787878788, 'f1': 0.8571428571428571, 'sensitivity': 0.8571428571428571, 'specificity': 0.8947368421052632}, {'accuracy': 0.8787878787878788, 'f1': 0.8571428571428571, 'sensitivity': 0.8571428571428571, 'specificity': 0.8947368421052632}, {'accuracy': 0.8787878787878788, 'f1': 0.8571428571428571, 'sensitivity': 0.8571428571428571, 'specificity': 0.8947368421052632}, {'accuracy': 0.8787878787878788, 'f1': 0.8571428571428571, 'sensitivity': 0.8571428571428571, 'specificity': 0.8947368421052632}, {'accuracy': 0.8787878787878788, 'f1': 0.8571428571428571, 'sensitivity': 0.8571428571428571, 'specificity': 0.8947368421052632}, {'accuracy': 0.8787878787878788, 'f1': 0.8571428571428571, 'sensitivity': 0.8571428571428571, 'specificity': 0.8947368421052632}, {'accuracy': 0.8787878787878788, 'f1': 0.8571428571428571, 'sensitivity': 0.8571428571428571, 'specificity': 0.8947368421052632}, {'accuracy': 0.8787878787878788, 'f1': 0.8571428571428571, 'sensitivity': 0.8571428571428571, 'specificity': 0.8947368421052632}, {'accuracy': 0.8787878787878788, 'f1': 0.8571428571428571, 'sensitivity': 0.8571428571428571, 'specificity': 0.8947368421052632}, {'accuracy': 0.8484848484848485, 'f1': 0.8275862068965517, 'sensitivity': 0.8571428571428571, 'specificity': 0.8421052631578947}, {'accuracy': 0.8484848484848485, 'f1': 0.8275862068965517, 'sensitivity': 0.8571428571428571, 'specificity': 0.8421052631578947}, {'accuracy': 0.8484848484848485, 'f1': 0.8275862068965517, 'sensitivity': 0.8571428571428571, 'specificity': 0.8421052631578947}, {'accuracy': 0.8787878787878788, 'f1': 0.8666666666666667, 'sensitivity': 0.9285714285714286, 'specificity': 0.8421052631578947}, {'accuracy': 0.8787878787878788, 'f1': 0.8666666666666667, 'sensitivity': 0.9285714285714286, 'specificity': 0.8421052631578947}, {'accuracy': 0.8787878787878788, 'f1': 0.8666666666666667, 'sensitivity': 0.9285714285714286, 'specificity': 0.8421052631578947}, {'accuracy': 0.8787878787878788, 'f1': 0.8666666666666667, 'sensitivity': 0.9285714285714286, 'specificity': 0.8421052631578947}, {'accuracy': 0.8787878787878788, 'f1': 0.8666666666666667, 'sensitivity': 0.9285714285714286, 'specificity': 0.8421052631578947}, {'accuracy': 0.8787878787878788, 'f1': 0.8666666666666667, 'sensitivity': 0.9285714285714286, 'specificity': 0.8421052631578947}, {'accuracy': 0.8787878787878788, 'f1': 0.8666666666666667, 'sensitivity': 0.9285714285714286, 'specificity': 0.8421052631578947}, {'accuracy': 0.8787878787878788, 'f1': 0.8666666666666667, 'sensitivity': 0.9285714285714286, 'specificity': 0.8421052631578947}, {'accuracy': 0.8787878787878788, 'f1': 0.8666666666666667, 'sensitivity': 0.9285714285714286, 'specificity': 0.8421052631578947}, {'accuracy': 0.8787878787878788, 'f1': 0.8666666666666667, 'sensitivity': 0.9285714285714286, 'specificity': 0.8421052631578947}, {'accuracy': 0.8787878787878788, 'f1': 0.8666666666666667, 'sensitivity': 0.9285714285714286, 'specificity': 0.8421052631578947}, {'accuracy': 0.8787878787878788, 'f1': 0.8666666666666667, 'sensitivity': 0.9285714285714286, 'specificity': 0.8421052631578947}, {'accuracy': 0.8787878787878788, 'f1': 0.8666666666666667, 'sensitivity': 0.9285714285714286, 'specificity': 0.8421052631578947}, {'accuracy': 0.8787878787878788, 'f1': 0.8666666666666667, 'sensitivity': 0.9285714285714286, 'specificity': 0.8421052631578947}, {'accuracy': 0.8787878787878788, 'f1': 0.8666666666666667, 'sensitivity': 0.9285714285714286, 'specificity': 0.8421052631578947}, {'accuracy': 0.8787878787878788, 'f1': 0.8666666666666667, 'sensitivity': 0.9285714285714286, 'specificity': 0.8421052631578947}, {'accuracy': 0.8787878787878788, 'f1': 0.8666666666666667, 'sensitivity': 0.9285714285714286, 'specificity': 0.8421052631578947}, {'accuracy': 0.8787878787878788, 'f1': 0.8666666666666667, 'sensitivity': 0.9285714285714286, 'specificity': 0.8421052631578947}, {'accuracy': 0.8787878787878788, 'f1': 0.8666666666666667, 'sensitivity': 0.9285714285714286, 'specificity': 0.8421052631578947}, {'accuracy': 0.8787878787878788, 'f1': 0.8666666666666667, 'sensitivity': 0.9285714285714286, 'specificity': 0.8421052631578947}, {'accuracy': 0.8787878787878788, 'f1': 0.8666666666666667, 'sensitivity': 0.9285714285714286, 'specificity': 0.8421052631578947}, {'accuracy': 0.8787878787878788, 'f1': 0.8666666666666667, 'sensitivity': 0.9285714285714286, 'specificity': 0.8421052631578947}, {'accuracy': 0.8787878787878788, 'f1': 0.8666666666666667, 'sensitivity': 0.9285714285714286, 'specificity': 0.8421052631578947}, {'accuracy': 0.8787878787878788, 'f1': 0.8666666666666667, 'sensitivity': 0.9285714285714286, 'specificity': 0.8421052631578947}, {'accuracy': 0.8787878787878788, 'f1': 0.8666666666666667, 'sensitivity': 0.9285714285714286, 'specificity': 0.8421052631578947}, {'accuracy': 0.8787878787878788, 'f1': 0.8666666666666667, 'sensitivity': 0.9285714285714286, 'specificity': 0.8421052631578947}, {'accuracy': 0.8787878787878788, 'f1': 0.8666666666666667, 'sensitivity': 0.9285714285714286, 'specificity': 0.8421052631578947}, {'accuracy': 0.8787878787878788, 'f1': 0.8666666666666667, 'sensitivity': 0.9285714285714286, 'specificity': 0.8421052631578947}, {'accuracy': 0.8787878787878788, 'f1': 0.8666666666666667, 'sensitivity': 0.9285714285714286, 'specificity': 0.8421052631578947}, {'accuracy': 0.8787878787878788, 'f1': 0.8666666666666667, 'sensitivity': 0.9285714285714286, 'specificity': 0.8421052631578947}, {'accuracy': 0.8787878787878788, 'f1': 0.8666666666666667, 'sensitivity': 0.9285714285714286, 'specificity': 0.8421052631578947}, {'accuracy': 0.8787878787878788, 'f1': 0.8666666666666667, 'sensitivity': 0.9285714285714286, 'specificity': 0.8421052631578947}, {'accuracy': 0.8787878787878788, 'f1': 0.8666666666666667, 'sensitivity': 0.9285714285714286, 'specificity': 0.8421052631578947}, {'accuracy': 0.8787878787878788, 'f1': 0.8666666666666667, 'sensitivity': 0.9285714285714286, 'specificity': 0.8421052631578947}, {'accuracy': 0.8787878787878788, 'f1': 0.8666666666666667, 'sensitivity': 0.9285714285714286, 'specificity': 0.8421052631578947}, {'accuracy': 0.8787878787878788, 'f1': 0.8666666666666667, 'sensitivity': 0.9285714285714286, 'specificity': 0.8421052631578947}, {'accuracy': 0.8787878787878788, 'f1': 0.8666666666666667, 'sensitivity': 0.9285714285714286, 'specificity': 0.8421052631578947}, {'accuracy': 0.8787878787878788, 'f1': 0.8666666666666667, 'sensitivity': 0.9285714285714286, 'specificity': 0.8421052631578947}, {'accuracy': 0.8787878787878788, 'f1': 0.8666666666666667, 'sensitivity': 0.9285714285714286, 'specificity': 0.8421052631578947}, {'accuracy': 0.8787878787878788, 'f1': 0.8666666666666667, 'sensitivity': 0.9285714285714286, 'specificity': 0.8421052631578947}, {'accuracy': 0.8787878787878788, 'f1': 0.8666666666666667, 'sensitivity': 0.9285714285714286, 'specificity': 0.8421052631578947}, {'accuracy': 0.8787878787878788, 'f1': 0.8666666666666667, 'sensitivity': 0.9285714285714286, 'specificity': 0.8421052631578947}, {'accuracy': 0.8787878787878788, 'f1': 0.8666666666666667, 'sensitivity': 0.9285714285714286, 'specificity': 0.8421052631578947}, {'accuracy': 0.8787878787878788, 'f1': 0.8666666666666667, 'sensitivity': 0.9285714285714286, 'specificity': 0.8421052631578947}, {'accuracy': 0.8787878787878788, 'f1': 0.8666666666666667, 'sensitivity': 0.9285714285714286, 'specificity': 0.8421052631578947}, {'accuracy': 0.8787878787878788, 'f1': 0.8666666666666667, 'sensitivity': 0.9285714285714286, 'specificity': 0.8421052631578947}, {'accuracy': 0.8787878787878788, 'f1': 0.8666666666666667, '