number,value,datetime_start,datetime_complete,duration,params_dropout_rate,params_learning_rate,params_weight_decay,user_attrs_best_val_metrics,user_attrs_model_name,user_attrs_train_loss_history,user_attrs_val_loss_history,user_attrs_val_overall_metrics_history,state
2,0.896551724137931,2026-08-02 16:29:51.751965,2026-08-02 16:30:40.353953,0 days 00:00:48.601988,0.5,0.006358358856676255,0.000133112160807369,"{'overall': {'n': 33, 'accuracy': 0.9090909090909091, 'precision': 0.8666666666666667, 'recall': 0.9285714285714286, 'sensitivity': 0.9285714285714286, 'specificity': 0.8947368421052632, 'balanced_accuracy': 0.9116541353383458, 'f1': 0.896551724137931, 'confusion_matrix': [[17, 2], [1, 13]], 'auc': 0.9360902255639098, 'roc_curve': {'fpr': [0.0, 0.0, 0.0, 0.05263157894736842, 0.05263157894736842, 0.3157894736842105, 0.3157894736842105, 1.0], 'tpr': [0.0, 0.07142857142857142, 0.14285714285714285, 0.14285714285714285, 0.9285714285714286, 0.9285714285714286, 1.0, 1.0]}}, 'India': {'n': 14, 'accuracy': 0.8571428571428571, 'precision': 0.9, 'recall': 0.9, 'sensitivity': 0.9, 'specificity': 0.75, 'balanced_accuracy': 0.825, 'f1': 0.9, 'confusion_matrix': [[3, 1], [1, 9]], 'auc': 0.95, 'roc_curve': {'fpr': [0.0, 0.0, 0.0, 0.5, 0.5, 1.0], 'tpr': [0.0, 0.1, 0.9, 0.9, 1.0, 1.0]}}, 'Italy': {'n': 19, 'accuracy': 0.9473684210526315, 'precision': 0.8, 'recall': 1.0, 'sensitivity': 1.0, 'specificity': 0.9333333333333333, 'balanced_accuracy': 0.9666666666666667, 'f1': 0.8888888888888888, 'confusion_matrix': [[14, 1], [0, 4]], 'auc': 0.9333333333333333, 'roc_curve': {'fpr': [0.0, 0.06666666666666667, 0.06666666666666667, 1.0], 'tpr': [0.0, 0.0, 1.0, 1.0]}}}",convnext_tiny_palpebral_v2_clean,"[0.8923966217514695, 0.7274591512237953, 0.7133907604691209, 0.5630903994010774, 0.5892237760373299, 0.628010098902595, 0.5126169387078443, 0.5430503037591644, 0.4986377109754954, 0.5037259672651228, 0.5035057588918319, 0.5490594948364409, 0.4501049058721555, 0.486900486693477, 0.5118869645706076, 0.4820430036017437, 0.4851784177173842, 0.49593816312733074, 0.542638448689947, 0.4880397422424215, 0.4860542896172858, 0.48307016590573143, 0.4924582029810015, 0.4525862869047961, 0.4752362441542922, 0.4470518572835733, 0.4814156690575429, 0.4988593984123887, 0.4458893091473358, 0.4228138027601684, 0.46636684031675985, 0.47956755915224947, 0.4091436122821656, 0.44206244010009516, 0.4607792974307837, 0.4863328677139535, 0.4771697983047031, 0.4637935416193198]","[0.7199268666180697, 0.5348948782140558, 0.4953234845941717, 0.5620952049891154, 0.4249552957939379, 0.42580185514507873, 0.4436275308782404, 0.4369336619521632, 0.4345421718828606, 0.451339324315389, 0.4283848170078162, 0.4211908326004491, 0.4179994120742335, 0.41559334234757855, 0.41308306925224536, 0.43166441628427216, 0.42297317764975806, 0.407436804337935, 0.45815843524354877, 0.4034894885438861, 0.39393963958277844, 0.3870575644753196, 0.39594026045365766, 0.3963662422064579, 0.3883259513161399, 0.40174440904097125, 0.3859976710695209, 0.3868274688720703, 0.38731570677323773, 0.3848552414865205, 0.3834951574152166, 0.39006801085038617, 0.3919110587148955, 0.3942113211660674, 0.40348300066861237, 0.40684383565729315, 0.3892645546884248, 0.3911270083803119]","[{'accuracy': 0.48484848484848486, 'f1': 0.6222222222222222, 'sensitivity': 1.0, 'specificity': 0.10526315789473684}, {'accuracy': 0.9090909090909091, 'f1': 0.896551724137931, 'sensitivity': 0.9285714285714286, 'specificity': 0.8947368421052632}, {'accuracy': 0.8787878787878788, 'f1': 0.8461538461538461, 'sensitivity': 0.7857142857142857, 'specificity': 0.9473684210526315}, {'accuracy': 0.7272727272727273, 'f1': 0.7567567567567568, 'sensitivity': 1.0, 'specificity': 0.5263157894736842}, {'accuracy': 0.9090909090909091, 'f1': 0.896551724137931, 'sensitivity': 0.9285714285714286, 'specificity': 0.8947368421052632}, {'accuracy': 0.8787878787878788, 'f1': 0.8666666666666667, 'sensitivity': 0.9285714285714286, 'specificity': 0.8421052631578947}, {'accuracy': 0.8484848484848485, 'f1': 0.8387096774193549, 'sensitivity': 0.9285714285714286, 'specificity': 0.7894736842105263}, {'accuracy': 0.8484848484848485, 'f1': 0.8387096774193549, 'sensitivity': 0.9285714285714286, 'specificity': 0.7894736842105263}, {'accuracy': 0.8787878787878788, 'f1': 0.8666666666666667, 'sensitivity': 0.9285714285714286, 'specificity': 0.8421052631578947}, {'accuracy': 0.8484848484848485, 'f1': 0.8387096774193549, 'sensitivity': 0.9285714285714286, 'specificity': 0.7894736842105263}, {'accuracy': 0.8787878787878788, 'f1': 0.8666666666666667, 'sensitivity': 0.9285714285714286, 'specificity': 0.8421052631578947}, {'accuracy': 0.8787878787878788, 'f1': 0.8666666666666667, 'sensitivity': 0.9285714285714286, 'specificity': 0.8421052631578947}, {'accuracy': 0.8787878787878788, 'f1': 0.8666666666666667, 'sensitivity': 0.9285714285714286, 'specificity': 0.8421052631578947}, {'accuracy': 0.8787878787878788, 'f1': 0.8666666666666667, 'sensitivity': 0.9285714285714286, 'specificity': 0.8421052631578947}, {'accuracy': 0.8787878787878788, 'f1': 0.8666666666666667, 'sensitivity': 0.9285714285714286, 'specificity': 0.8421052631578947}, {'accuracy': 0.8787878787878788, 'f1': 0.875, 'sensitivity': 1.0, 'specificity': 0.7894736842105263}, {'accuracy': 0.8787878787878788, 'f1': 0.875, 'sensitivity': 1.0, 'specificity': 0.7894736842105263}, {'accuracy': 0.8787878787878788, 'f1': 0.8666666666666667, 'sensitivity': 0.9285714285714286, 'specificity': 0.8421052631578947}, {'accuracy': 0.8181818181818182, 'f1': 0.8235294117647058, 'sensitivity': 1.0, 'specificity': 0.6842105263157895}, {'accuracy': 0.8787878787878788, 'f1': 0.8666666666666667, 'sensitivity': 0.9285714285714286, 'specificity': 0.8421052631578947}, {'accuracy': 0.8787878787878788, 'f1': 0.8666666666666667, 'sensitivity': 0.9285714285714286, 'specificity': 0.8421052631578947}, {'accuracy': 0.8484848484848485, 'f1': 0.8387096774193549, 'sensitivity': 0.9285714285714286, 'specificity': 0.7894736842105263}, {'accuracy': 0.8787878787878788, 'f1': 0.875, 'sensitivity': 1.0, 'specificity': 0.7894736842105263}, {'accuracy': 0.8787878787878788, 'f1': 0.875, 'sensitivity': 1.0, 'specificity': 0.7894736842105263}, {'accuracy': 0.8484848484848485, 'f1': 0.8387096774193549, 'sensitivity': 0.9285714285714286, 'specificity': 0.7894736842105263}, {'accuracy': 0.8787878787878788, 'f1': 0.875, 'sensitivity': 1.0, 'specificity': 0.7894736842105263}, {'accuracy': 0.8787878787878788, 'f1': 0.8666666666666667, 'sensitivity': 0.9285714285714286, 'specificity': 0.8421052631578947}, {'accuracy': 0.8787878787878788, 'f1': 0.8666666666666667, 'sensitivity': 0.9285714285714286, 'specificity': 0.8421052631578947}, {'accuracy': 0.8484848484848485, 'f1': 0.8387096774193549, 'sensitivity': 0.9285714285714286, 'specificity': 0.7894736842105263}, {'accuracy': 0.8787878787878788, 'f1': 0.875, 'sensitivity': 1.0, 'specificity': 0.7894736842105263}, {'accuracy': 0.8787878787878788, 'f1': 0.8666666666666667, 'sensitivity': 0.9285714285714286, 'specificity': 0.8421052631578947}, {'accuracy': 0.8787878787878788, 'f1': 0.875, 'sensitivity': 1.0, 'specificity': 0.7894736842105263}, {'accuracy': 0.8484848484848485, 'f1': 0.8387096774193549, 'sensitivity': 0.9285714285714286, 'specificity': 0.7894736842105263}, {'accuracy': 0.8787878787878788, 'f1': 0.8666666666666667, 'sensitivity': 0.9285714285714286, 'specificity': 0.8421052631578947}, {'accuracy': 0.8787878787878788, 'f1': 0.875, 'sensitivity': 1.0, 'specificity': 0.7894736842105263}, {'accuracy': 0.8787878787878788, 'f1': 0.875, 'sensitivity': 1.0, 'specificity': 0.7894736842105263}, {'accuracy': 0.8484848484848485, 'f1': 0.8387096774193549, 'sensitivity': 0.9285714285714286, 'specificity': 0.7894736842105263}, {'accuracy': 0.8484848484848485, 'f1': 0.8387096774193549, 'sensitivity': 0.9285714285714286, 'specificity': 0.7894736842105263}]",COMPLETE
3,0.875,2026-08-02 16:30:40.354346,2026-08-02 16:31:06.175028,0 days 00:00:25.820682,0.5,0.03142880890840111,4.335281794951567e-06,"{'overall': {'n': 33, 'accuracy': 0.8787878787878788, 'precision': 0.7777777777777778, 'recall': 1.0, 'sensitivity': 1.0, 'specificity': 0.7894736842105263, 'balanced_accuracy': 0.8947368421052632, 'f1': 0.875, 'confusion_matrix': [[15, 4], [0, 14]], 'auc': 0.9323308270676691, 'roc_curve': {'fpr': [0.0, 0.0, 0.0, 0.05263157894736842, 0.05263157894736842, 0.10526315789473684, 0.10526315789473684, 0.21052631578947367, 0.21052631578947367, 1.0], 'tpr': [0.0, 0.07142857142857142, 0.14285714285714285, 0.14285714285714285, 0.7142857142857143, 0.7142857142857143, 0.9285714285714286, 0.9285714285714286, 1.0, 1.0]}}, 'India': {'n': 14, 'accuracy': 0.8571428571428571, 'precision': 0.8333333333333334, 'recall': 1.0, 'sensitivity': 1.0, 'specificity': 0.5, 'balanced_accuracy': 0.75, 'f1': 0.9090909090909091, 'confusion_matrix': [[2, 2], [0, 10]], 'auc': 0.9, 'roc_curve': {'fpr': [0.0, 0.0, 0.0, 0.25, 0.25, 0.5, 0.5, 1.0], 'tpr': [0.0, 0.1, 0.7, 0.7, 0.9, 0.9, 1.0, 1.0]}}, 'Italy': {'n': 19, 'accuracy': 0.8947368421052632, 'precision': 0.6666666666666666, 'recall': 1.0, 'sensitivity': 1.0, 'specificity': 0.8666666666666667, 'balanced_accuracy': 0.9333333333333333, 'f1': 0.8, 'confusion_matrix': [[13, 2], [0, 4]], 'auc': 0.9333333333333333, 'roc_curve': {'fpr': [0.0, 0.06666666666666667, 0.06666666666666667, 1.0], 'tpr': [0.0, 0.0, 1.0, 1.0]}}}",convnext_tiny_palpebral_v2_clean,"[1.6101834852963883, 1.36969906368003, 1.0320666854744716, 0.7874738412187589, 0.8549931120398818, 0.8802234115979529, 0.8257876948410312, 0.836518840284537, 0.5142729558692073, 0.8197970721895331, 0.7738790334455224, 0.7394657900791295, 0.5334111073159225, 0.7710585684965778, 0.7839970288687195, 0.6911321505410781, 0.7192751907354948, 0.4897787720951813, 0.6076633827575785, 0.6087553461655876]","[1.1789432493123142, 0.5371192151849921, 1.001468665672071, 0.7828735582756273, 0.7547504685141824, 0.4978446237968676, 0.4689920454314261, 0.5925167401631674, 0.5807102376764471, 0.5451777776082357, 0.39379323612559924, 0.49400748628558533, 0.3594473058527166, 0.7203266114899607, 0.5837905768192175, 0.6973405462322813, 0.390193476821437, 0.38519360802390357, 0.3632625233043324, 0.39728141553474194]","[{'accuracy': 0.5151515151515151, 'f1': 0.6363636363636364, 'sensitivity': 1.0, 'specificity': 0.15789473684210525}, {'accuracy': 0.8484848484848485, 'f1': 0.8, 'sensitivity': 0.7142857142857143, 'specificity': 0.9473684210526315}, {'accuracy': 0.6666666666666666, 'f1': 0.717948717948718, 'sensitivity': 1.0, 'specificity': 0.42105263157894735}, {'accuracy': 0.7878787878787878, 'f1': 0.6956521739130435, 'sensitivity': 0.5714285714285714, 'specificity': 0.9473684210526315}, {'accuracy': 0.7575757575757576, 'f1': 0.7777777777777778, 'sensitivity': 1.0, 'specificity': 0.5789473684210527}, {'accuracy': 0.8484848484848485, 'f1': 0.8275862068965517, 'sensitivity': 0.8571428571428571, 'specificity': 0.8421052631578947}, {'accuracy': 0.8484848484848485, 'f1': 0.8275862068965517, 'sensitivity': 0.8571428571428571, 'specificity': 0.8421052631578947}, {'accuracy': 0.7878787878787878, 'f1': 0.7878787878787878, 'sensitivity': 0.9285714285714286, 'specificity': 0.6842105263157895}, {'accuracy': 0.7575757575757576, 'f1': 0.6666666666666666, 'sensitivity': 0.5714285714285714, 'specificity': 0.8947368421052632}, {'accuracy': 0.8181818181818182, 'f1': 0.8235294117647058, 'sensitivity': 1.0, 'specificity': 0.6842105263157895}, {'accuracy': 0.8787878787878788, 'f1': 0.8571428571428571, 'sensitivity': 0.8571428571428571, 'specificity': 0.8947368421052632}, {'accuracy': 0.7878787878787878, 'f1': 0.8, 'sensitivity': 1.0, 'specificity': 0.631578947368421}, {'accuracy': 0.8787878787878788, 'f1': 0.8571428571428571, 'sensitivity': 0.8571428571428571, 'specificity': 0.8947368421052632}, {'accuracy': 0.7272727272727273, 'f1': 0.7567567567567568, 'sensitivity': 1.0, 'specificity': 0.5263157894736842}, {'accuracy': 0.7272727272727273, 'f1': 0.5714285714285714, 'sensitivity': 0.42857142857142855, 'specificity': 0.9473684210526315}, {'accuracy': 0.7575757575757576, 'f1': 0.7777777777777778, 'sensitivity': 1.0, 'specificity': 0.5789473684210527}, {'accuracy': 0.8787878787878788, 'f1': 0.8571428571428571, 'sensitivity': 0.8571428571428571, 'specificity': 0.8947368421052632}, {'accuracy': 0.8787878787878788, 'f1': 0.875, 'sensitivity': 1.0, 'specificity': 0.7894736842105263}, {'accuracy': 0.8484848484848485, 'f1': 0.8387096774193549, 'sensitivity': 0.9285714285714286, 'specificity': 0.7894736842105263}, {'accuracy': 0.8484848484848485, 'f1': 0.8484848484848485, 'sensitivity': 1.0, 'specificity': 0.7368421052631579}]",COMPLETE
