number,value,datetime_start,datetime_complete,duration,params_dropout_rate,params_learning_rate,params_weight_decay,user_attrs_best_val_metrics,user_attrs_model_name,user_attrs_train_loss_history,user_attrs_val_loss_history,user_attrs_val_overall_metrics_history,state
6,0.8484848484848485,2026-08-02 16:36:07.443264,2026-08-02 16:36:27.885403,0 days 00:00:20.442139,0.2,0.06264278041381323,3.218056412620644e-05,"{'overall': {'n': 33, 'accuracy': 0.8484848484848485, 'precision': 0.7368421052631579, 'recall': 1.0, 'sensitivity': 1.0, 'specificity': 0.7368421052631579, 'balanced_accuracy': 0.868421052631579, 'f1': 0.8484848484848485, 'confusion_matrix': [[14, 5], [0, 14]], 'auc': 0.8947368421052633, 'roc_curve': {'fpr': [0.0, 0.0, 0.0, 0.05263157894736842, 0.05263157894736842, 0.10526315789473684, 0.10526315789473684, 0.15789473684210525, 0.15789473684210525, 0.2631578947368421, 0.2631578947368421, 1.0], 'tpr': [0.0, 0.07142857142857142, 0.14285714285714285, 0.14285714285714285, 0.21428571428571427, 0.21428571428571427, 0.7857142857142857, 0.7857142857142857, 0.9285714285714286, 0.9285714285714286, 1.0, 1.0]}}, 'India': {'n': 14, 'accuracy': 0.8571428571428571, 'precision': 0.8333333333333334, 'recall': 1.0, 'sensitivity': 1.0, 'specificity': 0.5, 'balanced_accuracy': 0.75, 'f1': 0.9090909090909091, 'confusion_matrix': [[2, 2], [0, 10]], 'auc': 0.6, 'roc_curve': {'fpr': [0.0, 0.0, 0.0, 0.5, 0.5, 1.0], 'tpr': [0.0, 0.1, 0.2, 0.2, 1.0, 1.0]}}, 'Italy': {'n': 19, 'accuracy': 0.8421052631578947, 'precision': 0.5714285714285714, 'recall': 1.0, 'sensitivity': 1.0, 'specificity': 0.8, 'balanced_accuracy': 0.9, 'f1': 0.7272727272727273, 'confusion_matrix': [[12, 3], [0, 4]], 'auc': 0.9833333333333334, 'roc_curve': {'fpr': [0.0, 0.0, 0.0, 0.06666666666666667, 0.06666666666666667, 1.0], 'tpr': [0.0, 0.25, 0.75, 0.75, 1.0, 1.0]}}}",convnext_tiny_palpebral_v2_clean,"[2.036247245128581, 0.9710742922018696, 1.025747284983957, 0.7363096301918788, 0.7846867959230941, 0.752252387684702, 0.6687024796245903, 0.5898816313175176, 0.8761448454580559, 0.5318908851273012, 0.6459802033885426, 0.6967675239834564, 1.1093033165331707, 1.0740826303595739, 0.6292638494478946, 0.6068925729255803]","[0.5279361406962076, 0.8582093787915779, 0.834397604971221, 0.7218994949803208, 0.7948227795687589, 0.5123474525682854, 0.5024480386213823, 0.6716120459816672, 0.48422561992298474, 0.5644195730035956, 0.5139834808580803, 0.9450388677192457, 1.4501560673569187, 0.5876585498000636, 0.7903373024680398, 0.7014109582612009]","[{'accuracy': 0.8484848484848485, 'f1': 0.8275862068965517, 'sensitivity': 0.8571428571428571, 'specificity': 0.8421052631578947}, {'accuracy': 0.8181818181818182, 'f1': 0.75, 'sensitivity': 0.6428571428571429, 'specificity': 0.9473684210526315}, {'accuracy': 0.7878787878787878, 'f1': 0.7878787878787878, 'sensitivity': 0.9285714285714286, 'specificity': 0.6842105263157895}, {'accuracy': 0.8181818181818182, 'f1': 0.8125, 'sensitivity': 0.9285714285714286, 'specificity': 0.7368421052631579}, {'accuracy': 0.8181818181818182, 'f1': 0.75, 'sensitivity': 0.6428571428571429, 'specificity': 0.9473684210526315}, {'accuracy': 0.8181818181818182, 'f1': 0.8, 'sensitivity': 0.8571428571428571, 'specificity': 0.7894736842105263}, {'accuracy': 0.8181818181818182, 'f1': 0.8235294117647058, 'sensitivity': 1.0, 'specificity': 0.6842105263157895}, {'accuracy': 0.8181818181818182, 'f1': 0.8235294117647058, 'sensitivity': 1.0, 'specificity': 0.6842105263157895}, {'accuracy': 0.8484848484848485, 'f1': 0.8484848484848485, 'sensitivity': 1.0, 'specificity': 0.7368421052631579}, {'accuracy': 0.7272727272727273, 'f1': 0.6666666666666666, 'sensitivity': 0.6428571428571429, 'specificity': 0.7894736842105263}, {'accuracy': 0.8181818181818182, 'f1': 0.8125, 'sensitivity': 0.9285714285714286, 'specificity': 0.7368421052631579}, {'accuracy': 0.7272727272727273, 'f1': 0.7567567567567568, 'sensitivity': 1.0, 'specificity': 0.5263157894736842}, {'accuracy': 0.6363636363636364, 'f1': 0.25, 'sensitivity': 0.14285714285714285, 'specificity': 1.0}, {'accuracy': 0.8181818181818182, 'f1': 0.8235294117647058, 'sensitivity': 1.0, 'specificity': 0.6842105263157895}, {'accuracy': 0.7878787878787878, 'f1': 0.8, 'sensitivity': 1.0, 'specificity': 0.631578947368421}, {'accuracy': 0.696969696969697, 'f1': 0.5, 'sensitivity': 0.35714285714285715, 'specificity': 0.9473684210526315}]",COMPLETE
7,0.8666666666666667,2026-08-02 16:36:27.885794,2026-08-02 16:37:46.655011,0 days 00:01:18.769217,0.2,0.0018546158842013202,1.1919385447560684e-06,"{'overall': {'n': 33, 'accuracy': 0.8787878787878788, 'precision': 0.8125, 'recall': 0.9285714285714286, 'sensitivity': 0.9285714285714286, 'specificity': 0.8421052631578947, 'balanced_accuracy': 0.8853383458646616, 'f1': 0.8666666666666667, 'confusion_matrix': [[16, 3], [1, 13]], 'auc': 0.9248120300751881, 'roc_curve': {'fpr': [0.0, 0.0, 0.0, 0.05263157894736842, 0.05263157894736842, 0.15789473684210525, 0.15789473684210525, 0.2631578947368421, 0.2631578947368421, 1.0], 'tpr': [0.0, 0.07142857142857142, 0.14285714285714285, 0.14285714285714285, 0.7857142857142857, 0.7857142857142857, 0.9285714285714286, 0.9285714285714286, 1.0, 1.0]}}, 'India': {'n': 14, 'accuracy': 0.7857142857142857, 'precision': 0.8181818181818182, 'recall': 0.9, 'sensitivity': 0.9, 'specificity': 0.5, 'balanced_accuracy': 0.7, 'f1': 0.8571428571428571, 'confusion_matrix': [[2, 2], [1, 9]], 'auc': 0.9, 'roc_curve': {'fpr': [0.0, 0.0, 0.0, 0.5, 0.5, 1.0], 'tpr': [0.0, 0.1, 0.8, 0.8, 1.0, 1.0]}}, 'Italy': {'n': 19, 'accuracy': 0.9473684210526315, 'precision': 0.8, 'recall': 1.0, 'sensitivity': 1.0, 'specificity': 0.9333333333333333, 'balanced_accuracy': 0.9666666666666667, 'f1': 0.8888888888888888, 'confusion_matrix': [[14, 1], [0, 4]], 'auc': 0.9333333333333333, 'roc_curve': {'fpr': [0.0, 0.06666666666666667, 0.06666666666666667, 1.0], 'tpr': [0.0, 0.0, 1.0, 1.0]}}}",convnext_tiny_palpebral_v2_clean,"[0.789923427515472, 0.7198997282034514, 0.653910414667319, 0.6173738501719291, 0.6074896360075237, 0.5737747139488625, 0.580949195962868, 0.5440597399970554, 0.5358893725256256, 0.5532382170096138, 0.5291233773263085, 0.5157784748551072, 0.5091447514413998, 0.4956480075191978, 0.5074429531760564, 0.5248336890675375, 0.49270255320909007, 0.5070397721615848, 0.5027753525222374, 0.4851367047290928, 0.47784254606196425, 0.4666176163992345, 0.48244904741546174, 0.506025683406173, 0.4784800307640177, 0.4506546560896943, 0.4485913665089386, 0.4472202662600587, 0.48666648083175257, 0.45413232639135903, 0.4419846978803344, 0.43224666509407245, 0.42405919977371265, 0.4441913009084613, 0.41883908439156237, 0.4382671429621463, 0.4610045542385404, 0.4413875637464965, 0.43634342831491635, 0.47462496931189735, 0.45886766200034035, 0.4267648977554397, 0.4332777111735565, 0.460049694342329, 0.4683992795596849, 0.4049775722800501, 0.440686408060276, 0.39665901384606267, 0.41805817867746414, 0.44091172170954823, 0.4077489577381816, 0.4171636084847103, 0.4484826701366349, 0.4544067511100643, 0.4448459053671123, 0.42573692842035105, 0.4189706348030772, 0.45314227962336, 0.4153895318902881, 0.4003259375790097, 0.3843934741241253, 0.41691900108823715]","[0.7036550821680011, 0.6285618507500851, 0.5779903476888483, 0.5573678414026896, 0.5272335608800253, 0.5034340872909083, 0.49496974367083924, 0.49082151326266205, 0.48724361621972284, 0.4891083962989576, 0.4801850102164529, 0.47396805069663306, 0.4635886640259714, 0.46980339830571954, 0.4538952148321903, 0.4428694826183897, 0.44231029712792597, 0.46244342399365973, 0.43813162138967804, 0.4341734972867099, 0.4372179146968957, 0.4425423000798081, 0.4372721729856549, 0.43004855965123034, 0.43660032387935754, 0.43436743996360083, 0.4364754142183246, 0.43076380816372956, 0.43511347337202594, 0.436318809335882, 0.42456389195991284, 0.4259680256699071, 0.43162538066054834, 0.42214098121180677, 0.41907376954049774, 0.43000366471030493, 0.4227119503599225, 0.4151205438556093, 0.41550675305453216, 0.4260414152434378, 0.42180086627151026, 0.4225699612588594, 0.413081812136101, 0.408048102349946, 0.4183544462377375, 0.40622735745979077, 0.40930020447933313, 0.41442935394518304, 0.4099206707694314, 0.4049309455987179, 0.4080221508488511, 0.41542223728064337, 0.40251303441596753, 0.40854092800255976, 0.40136299711285217, 0.4158571994665897, 0.41097482045491535, 0.41775196971315326, 0.4122003930987734, 0.4121092449535023, 0.412953925855232, 0.4122620712627064]","[{'accuracy': 0.7575757575757576, 'f1': 0.7647058823529411, 'sensitivity': 0.9285714285714286, 'specificity': 0.631578947368421}, {'accuracy': 0.8484848484848485, 'f1': 0.8387096774193549, 'sensitivity': 0.9285714285714286, 'specificity': 0.7894736842105263}, {'accuracy': 0.8484848484848485, 'f1': 0.8275862068965517, 'sensitivity': 0.8571428571428571, 'specificity': 0.8421052631578947}, {'accuracy': 0.7878787878787878, 'f1': 0.7878787878787878, 'sensitivity': 0.9285714285714286, 'specificity': 0.6842105263157895}, {'accuracy': 0.8484848484848485, 'f1': 0.8387096774193549, 'sensitivity': 0.9285714285714286, 'specificity': 0.7894736842105263}, {'accuracy': 0.8484848484848485, 'f1': 0.8275862068965517, 'sensitivity': 0.8571428571428571, 'specificity': 0.8421052631578947}, {'accuracy': 0.8484848484848485, 'f1': 0.8275862068965517, 'sensitivity': 0.8571428571428571, 'specificity': 0.8421052631578947}, {'accuracy': 0.8484848484848485, 'f1': 0.8275862068965517, 'sensitivity': 0.8571428571428571, 'specificity': 0.8421052631578947}, {'accuracy': 0.8484848484848485, 'f1': 0.8275862068965517, 'sensitivity': 0.8571428571428571, 'specificity': 0.8421052631578947}, {'accuracy': 0.8787878787878788, 'f1': 0.8666666666666667, 'sensitivity': 0.9285714285714286, 'specificity': 0.8421052631578947}, {'accuracy': 0.8484848484848485, 'f1': 0.8275862068965517, 'sensitivity': 0.8571428571428571, 'specificity': 0.8421052631578947}, {'accuracy': 0.8484848484848485, 'f1': 0.8275862068965517, 'sensitivity': 0.8571428571428571, 'specificity': 0.8421052631578947}, {'accuracy': 0.8484848484848485, 'f1': 0.8275862068965517, 'sensitivity': 0.8571428571428571, 'specificity': 0.8421052631578947}, {'accuracy': 0.8787878787878788, 'f1': 0.8666666666666667, 'sensitivity': 0.9285714285714286, 'specificity': 0.8421052631578947}, {'accuracy': 0.8787878787878788, 'f1': 0.8666666666666667, 'sensitivity': 0.9285714285714286, 'specificity': 0.8421052631578947}, {'accuracy': 0.8484848484848485, 'f1': 0.8275862068965517, 'sensitivity': 0.8571428571428571, 'specificity': 0.8421052631578947}, {'accuracy': 0.8787878787878788, 'f1': 0.8666666666666667, 'sensitivity': 0.9285714285714286, 'specificity': 0.8421052631578947}, {'accuracy': 0.7878787878787878, 'f1': 0.7878787878787878, 'sensitivity': 0.9285714285714286, 'specificity': 0.6842105263157895}, {'accuracy': 0.8787878787878788, 'f1': 0.8666666666666667, 'sensitivity': 0.9285714285714286, 'specificity': 0.8421052631578947}, {'accuracy': 0.8787878787878788, 'f1': 0.8666666666666667, 'sensitivity': 0.9285714285714286, 'specificity': 0.8421052631578947}, {'accuracy': 0.8787878787878788, 'f1': 0.8666666666666667, 'sensitivity': 0.9285714285714286, 'specificity': 0.8421052631578947}, {'accuracy': 0.8484848484848485, 'f1': 0.8387096774193549, 'sensitivity': 0.9285714285714286, 'specificity': 0.7894736842105263}, {'accuracy': 0.8787878787878788, 'f1': 0.8666666666666667, 'sensitivity': 0.9285714285714286, 'specificity': 0.8421052631578947}, {'accuracy': 0.8787878787878788, 'f1': 0.8666666666666667, 'sensitivity': 0.9285714285714286, 'specificity': 0.8421052631578947}, {'accuracy': 0.8484848484848485, 'f1': 0.8387096774193549, 'sensitivity': 0.9285714285714286, 'specificity': 0.7894736842105263}, {'accuracy': 0.8484848484848485, 'f1': 0.8387096774193549, 'sensitivity': 0.9285714285714286, 'specificity': 0.7894736842105263}, {'accuracy': 0.8484848484848485, 'f1': 0.8387096774193549, 'sensitivity': 0.9285714285714286, 'specificity': 0.7894736842105263}, {'accuracy': 0.8787878787878788, 'f1': 0.8666666666666667, 'sensitivity': 0.9285714285714286, 'specificity': 0.8421052631578947}, {'accuracy': 0.8484848484848485, 'f1': 0.8387096774193549, 'sensitivity': 0.9285714285714286, 'specificity': 0.7894736842105263}, {'accuracy': 0.8484848484848485, 'f1': 0.8387096774193549, 'sensitivity': 0.9285714285714286, 'specificity': 0.7894736842105263}, {'accuracy': 0.8787878787878788, 'f1': 0.8666666666666667, 'sensitivity': 0.9285714285714286, 'specificity': 0.8421052631578947}, {'accuracy': 0.8787878787878788, 'f1': 0.8666666666666667, 'sensitivity': 0.9285714285714286, 'specificity': 0.8421052631578947}, {'accuracy': 0.8484848484848485, 'f1': 0.8387096774193549, 'sensitivity': 0.9285714285714286, 'specificity': 0.7894736842105263}, {'accuracy': 0.8787878787878788, 'f1': 0.8666666666666667, 'sensitivity': 0.9285714285714286, 'specificity': 0.8421052631578947}, {'accuracy': 0.8787878787878788, 'f1': 0.8666666666666667, 'sensitivity': 0.9285714285714286, 'specificity': 0.8421052631578947}, {'accuracy': 0.8484848484848485, 'f1': 0.8387096774193549, 'sensitivity': 0.9285714285714286, 'specificity': 0.7894736842105263}, {'accuracy': 0.8484848484848485, 'f1': 0.8387096774193549, 'sensitivity': 0.9285714285714286, 'specificity': 0.7894736842105263}, {'accuracy': 0.8787878787878788, 'f1': 0.8666666666666667, 'sensitivity': 0.9285714285714286, 'specificity': 0.8421052631578947}, {'accuracy': 0.8787878787878788, 'f1': 0.8666666666666667, 'sensitivity': 0.9285714285714286, 'specificity': 0.8421052631578947}, {'accuracy': 0.8484848484848485, 'f1': 0.8387096774193549, 'sensitivity': 0.9285714285714286, 'specificity': 0.7894736842105263}, {'accuracy': 0.8484848484848485, 'f1': 0.8387096774193549, 'sensitivity': 0.9285714285714286, 'specificity': 0.7894736842105263}, {'accuracy': 0.8484848484848485, 'f1': 0.8387096774193549, 'sensitivity': 0.9285714285714286, 'specificity': 0.7894736842105263}, {'accuracy': 0.8484848484848485, 'f1': 0.8387096774193549, 'sensitivity': 0.9285714285714286, 'specificity': 0.7894736842105263}, {'accuracy': 0.8484848484848485, 'f1': 0.8387096774193549, 'sensitivity': 0.9285714285714286, 'specificity': 0.7894736842105263}, {'accuracy': 0.8181818181818182, 'f1': 0.8125, 'sensitivity': 0.9285714285714286, 'specificity': 0.7368421052631579}, {'accuracy': 0.8787878787878788, 'f1': 0.8666666666666667, 'sensitivity': 0.9285714285714286, 'specificity': 0.8421052631578947}, {'accuracy': 0.8787878787878788, 'f1': 0.8666666666666667, 'sensitivity': 0.9285714285714286, 'specificity': 0.8421052631578947}, {'accuracy': 0.8484848484848485, 'f1': 0.8387096774193549, 'sensitivity': 0.9285714285714286, 'specificity': 0.7894736842105263}, {'accuracy': 0.8484848484848485, 'f1': 0.8387096774193549, 'sensitivity': 0.9285714285714286, 'specificity': 0.7894736842105263}, {'accuracy': 0.8484848484848485, 'f1': 0.8387096774193549, 'sensitivity': 0.9285714285714286, 'specificity': 0.7894736842105263}, {'accuracy': 0.8484848484848485, 'f1': 0.8387096774193549, 'sensitivity': 0.9285714285714286, 'specificity': 0.7894736842105263}, {'accuracy': 0.8484848484848485, 'f1': 0.8484848484848485, 'sensitivity': 1.0, 'specificity': 0.7368421052631579}, {'accuracy': 0.8484848484848485, 'f1': 0.8387096774193549, 'sensitivity': 0.9285714285714286, 'specificity': 0.7894736842105263}, {'accuracy': 0.8484848484848485, 'f1': 0.8387096774193549, 'sensitivity': 0.9285714285714286, 'specificity': 0.7894736842105263}, {'accuracy': 0.8484848484848485, 'f1': 0.8387096774193549, 'sensitivity': 0.9285714285714286, 'specificity': 0.7894736842105263}, {'accuracy': 0.8181818181818182, 'f1': 0.8125, 'sensitivity': 0.9285714285714286, 'specificity': 0.7368421052631579}, {'accuracy': 0.8484848484848485, 'f1': 0.8387096774193549, 'sensitivity': 0.9285714285714286, 'specificity': 0.7894736842105263}, {'accuracy': 0.8484848484848485, 'f1': 0.8387096774193549, 'sensitivity': 0.9285714285714286, 'specificity': 0.7894736842105263}, {'accuracy': 0.8484848484848485, 'f1': 0.8387096774193549, 'sensitivity': 0.9285714285714286, 'specificity': 0.7894736842105263}, {'accuracy': 0.8484848484848485, 'f1': 0.8387096774193549, 'sensitivity': 0.9285714285714286, 'specificity': 0.7894736842105263}, {'accuracy': 0.8484848484848485, 'f1': 0.8387096774193549, 'sensitivity': 0.9285714285714286, 'specificity': 0.7894736842105263}, {'accuracy': 0.8484848484848485, 'f1': 0.8387096774193549, 'sensitivity': 0.9285714285714286, 'specificity': 0.7894736842105263}]",COMPLETE
8,0.8666666666666667,2026-08-02 16:37:46.655348,2026-08-02 16:38:02.272342,0 days 00:00:15.616994,0.2,0.008533716477932937,0.0008929908257203993,"{'overall': {'n': 33, 'accuracy': 0.8787878787878788, 'precision': 0.8125, 'recall': 0.9285714285714286, 'sensitivity': 0.9285714285714286, 'specificity': 0.8421052631578947, 'balanced_accuracy': 0.8853383458646616, 'f1': 0.8666666666666667, 'confusion_matrix': [[16, 3], [1, 13]], 'auc': 0.9436090225563909, 'roc_curve': {'fpr': [0.0, 0.0, 0.0, 0.05263157894736842, 0.05263157894736842, 0.10526315789473684, 0.10526315789473684, 0.15789473684210525, 0.15789473684210525, 1.0], 'tpr': [0.0, 0.07142857142857142, 0.14285714285714285, 0.14285714285714285, 0.8571428571428571, 0.8571428571428571, 0.9285714285714286, 0.9285714285714286, 1.0, 1.0]}}, 'India': {'n': 14, 'accuracy': 0.7857142857142857, 'precision': 0.8181818181818182, 'recall': 0.9, 'sensitivity': 0.9, 'specificity': 0.5, 'balanced_accuracy': 0.7, 'f1': 0.8571428571428571, 'confusion_matrix': [[2, 2], [1, 9]], 'auc': 0.925, 'roc_curve': {'fpr': [0.0, 0.0, 0.0, 0.25, 0.25, 0.5, 0.5, 1.0], 'tpr': [0.0, 0.1, 0.8, 0.8, 0.9, 0.9, 1.0, 1.0]}}, 'Italy': {'n': 19, 'accuracy': 0.9473684210526315, 'precision': 0.8, 'recall': 1.0, 'sensitivity': 1.0, 'specificity': 0.9333333333333333, 'balanced_accuracy': 0.9666666666666667, 'f1': 0.8888888888888888, 'confusion_matrix': [[14, 1], [0, 4]], 'auc': 0.9333333333333333, 'roc_curve': {'fpr': [0.0, 0.06666666666666667, 0.06666666666666667, 1.0], 'tpr': [0.0, 0.0, 1.0, 1.0]}}}",convnext_tiny_palpebral_v2_clean,"[0.8535014146211132, 0.6335216358007975, 0.5808223178055113, 0.5314783177628423, 0.5139404586608837, 0.5056007747223835, 0.487977616439592, 0.4730460053642854, 0.5317904063013216, 0.4614830703924823, 0.47710628541100103, 0.5203436692029435]","[0.5699365789240057, 0.49339348980874725, 0.42828690644466516, 0.42623442592042865, 0.40094767194805725, 0.4163954041220925, 0.41631536772756866, 0.43794978748668323, 0.4476344513170647, 0.4494237683036111, 0.4210107543251731, 0.402821396336411]","[{'accuracy': 0.7878787878787878, 'f1': 0.6956521739130435, 'sensitivity': 0.5714285714285714, 'specificity': 0.9473684210526315}, {'accuracy': 0.7575757575757576, 'f1': 0.7777777777777778, 'sensitivity': 1.0, 'specificity': 0.5789473684210527}, {'accuracy': 0.8787878787878788, 'f1': 0.8666666666666667, 'sensitivity': 0.9285714285714286, 'specificity': 0.8421052631578947}, {'accuracy': 0.8787878787878788, 'f1': 0.8666666666666667, 'sensitivity': 0.9285714285714286, 'specificity': 0.8421052631578947}, {'accuracy': 0.8787878787878788, 'f1': 0.8666666666666667, 'sensitivity': 0.9285714285714286, 'specificity': 0.8421052631578947}, {'accuracy': 0.8787878787878788, 'f1': 0.8666666666666667, 'sensitivity': 0.9285714285714286, 'specificity': 0.8421052631578947}, {'accuracy': 0.8787878787878788, 'f1': 0.8666666666666667, 'sensitivity': 0.9285714285714286, 'specificity': 0.8421052631578947}, {'accuracy': 0.8787878787878788, 'f1': 0.8666666666666667, 'sensitivity': 0.9285714285714286, 'specificity': 0.8421052631578947}, {'accuracy': 0.8484848484848485, 'f1': 0.8387096774193549, 'sensitivity': 0.9285714285714286, 'specificity': 0.7894736842105263}, {'accuracy': 0.8484848484848485, 'f1': 0.8387096774193549, 'sensitivity': 0.9285714285714286, 'specificity': 0.7894736842105263}, {'accuracy': 0.8484848484848485, 'f1': 0.8387096774193549, 'sensitivity': 0.9285714285714286, 'specificity': 0.7894736842105263}, {'accuracy': 0.8484848484848485, 'f1': 0.8387096774193549, 'sensitivity': 0.9285714285714286, 'specificity': 0.7894736842105263}]",COMPLETE
