number,value,datetime_start,datetime_complete,duration,params_dropout_rate,params_learning_rate,params_weight_decay,user_attrs_best_val_metrics,user_attrs_model_name,user_attrs_train_loss_history,user_attrs_val_loss_history,user_attrs_val_overall_metrics_history,state
9,0.9333333333333333,2026-08-02 16:38:02.272788,2026-08-02 16:39:47.118202,0 days 00:01:44.845414,0.2,0.0005854944023048902,2.0094111846413368e-05,"{'overall': {'n': 33, 'accuracy': 0.9393939393939394, 'precision': 0.875, 'recall': 1.0, 'sensitivity': 1.0, 'specificity': 0.8947368421052632, 'balanced_accuracy': 0.9473684210526316, 'f1': 0.9333333333333333, 'confusion_matrix': [[17, 2], [0, 14]], 'auc': 0.9398496240601504, 'roc_curve': {'fpr': [0.0, 0.0, 0.0, 0.05263157894736842, 0.05263157894736842, 0.10526315789473684, 0.10526315789473684, 1.0], 'tpr': [0.0, 0.07142857142857142, 0.21428571428571427, 0.21428571428571427, 0.6428571428571429, 0.6428571428571429, 1.0, 1.0]}}, 'India': {'n': 14, 'accuracy': 1.0, 'precision': 1.0, 'recall': 1.0, 'sensitivity': 1.0, 'specificity': 1.0, 'balanced_accuracy': 1.0, 'f1': 1.0, 'confusion_matrix': [[4, 0], [0, 10]], 'auc': 1.0, 'roc_curve': {'fpr': [0.0, 0.0, 0.0, 1.0], 'tpr': [0.0, 0.1, 1.0, 1.0]}}, 'Italy': {'n': 19, 'accuracy': 0.8947368421052632, 'precision': 0.6666666666666666, 'recall': 1.0, 'sensitivity': 1.0, 'specificity': 0.8666666666666667, 'balanced_accuracy': 0.9333333333333333, 'f1': 0.8, 'confusion_matrix': [[13, 2], [0, 4]], 'auc': 0.9, 'roc_curve': {'fpr': [0.0, 0.06666666666666667, 0.06666666666666667, 0.13333333333333333, 0.13333333333333333, 1.0], 'tpr': [0.0, 0.0, 0.5, 0.5, 1.0, 1.0]}}}",convnext_tiny_palpebral_v2_clean,"[0.8567365171104078, 0.7938533677960073, 0.7657877791006833, 0.7651545038286424, 0.7161514320910372, 0.7152750807882144, 0.6932054738335262, 0.6786805486047505, 0.6467131845998448, 0.65375199183723, 0.6589383794771915, 0.6407244146264941, 0.6258208159579347, 0.625874331455357, 0.6276609913402835, 0.612983264275734, 0.5990251634294623, 0.6026079915217216, 0.5876706297823925, 0.5797277523192349, 0.5689976014048848, 0.5705675555775497, 0.5685506881467554, 0.5563155392937312, 0.574096586135839, 0.5581254888054551, 0.5509212613105774, 0.5441273940320046, 0.5514258675227891, 0.558595424851045, 0.5457043347769226, 0.5348513154004584, 0.5312746850070574, 0.525917370193052, 0.5467136873314712, 0.5203998888170482, 0.517706381169376, 0.5298493609128408, 0.5222332224940622, 0.5515670780314516, 0.5204343703014171, 0.49131225592253225, 0.5141142991599658, 0.5217569288828515, 0.525434328230801, 0.5105966957199652, 0.5148976946508648, 0.5009581103230154, 0.5148340554426838, 0.5096225728657072, 0.5021130839325735, 0.5195966305716938, 0.5102399031058052, 0.49700086953624195, 0.49347168522954776, 0.4808858431727681, 0.50871967243043, 0.4996165723990131, 0.49201839905700934, 0.47980005772698003, 0.4727244527134674, 0.46722671152740125, 0.5061141029493699, 0.493094490063901, 0.4886318389943104, 0.4798769435740465, 0.48433742065303376, 0.49959557459054404, 0.479849734843172, 0.4844864547647388, 0.4818696354003931, 0.48889767748630597, 0.47894257583365535, 0.4671441332393924, 0.4883815294859425, 0.47362511639563454, 0.4801697332337992, 0.46564585503363454, 0.48219436308406044, 0.47134711351615705, 0.44546611261683583, 0.46824005542211977]","[0.7886863441178293, 0.7674604834932269, 0.7358565411784432, 0.7073908285661177, 0.6836899555090702, 0.6643043846795054, 0.6451523267861569, 0.6279318531354269, 0.6114572557536039, 0.5980393742070054, 0.5842670816363711, 0.5743306586236665, 0.5647156997160478, 0.5543947400468768, 0.5476314082290187, 0.5427369059938373, 0.5379376339189934, 0.5338654301383279, 0.5281871918475989, 0.5227946548750906, 0.5188934008280436, 0.5147294275688402, 0.5095369382338091, 0.506907192143527, 0.504406314907652, 0.5000073584643278, 0.4982535622336648, 0.4975745966940215, 0.493404128334739, 0.48905157320427173, 0.4886025443221583, 0.4872818354404334, 0.48449243921222107, 0.4818217826612068, 0.4796019973176898, 0.4762023651238644, 0.4755802804773504, 0.4723099000526197, 0.46969178228667285, 0.4717352029049035, 0.47064539880463574, 0.4687032699584961, 0.46492193684433447, 0.46224493691415497, 0.4617223161639589, 0.4626805637822007, 0.4641545830350934, 0.46097754709648364, 0.46302416830351856, 0.46411266471400403, 0.460736202471184, 0.45590420925255976, 0.45459015441663336, 0.45427098418727063, 0.45436518120043207, 0.4566231135166053, 0.45771250580296374, 0.458180030186971, 0.45375909227313416, 0.44855964545047644, 0.44892504720976856, 0.448318727088697, 0.44812993569807574, 0.4462960705612645, 0.4481594273538301, 0.44929976896806195, 0.4464421778014212, 0.44478146957628656, 0.4419183442086885, 0.4399134534778017, 0.4433372743201978, 0.44534840005816834, 0.4455718488404245, 0.4396125114325321, 0.43654426661404694, 0.436742623647054, 0.438180331027869, 0.44161837751215155, 0.44563154018286505, 0.44301444111448346, 0.4423440658684933, 0.43992284572485724]","[{'accuracy': 0.6060606060606061, 'f1': 0.5806451612903226, 'sensitivity': 0.6428571428571429, 'specificity': 0.5789473684210527}, {'accuracy': 0.6363636363636364, 'f1': 0.25, 'sensitivity': 0.14285714285714285, 'specificity': 1.0}, {'accuracy': 0.6666666666666666, 'f1': 0.42105263157894735, 'sensitivity': 0.2857142857142857, 'specificity': 0.9473684210526315}, {'accuracy': 0.7272727272727273, 'f1': 0.5714285714285714, 'sensitivity': 0.42857142857142855, 'specificity': 0.9473684210526315}, {'accuracy': 0.9393939393939394, 'f1': 0.9333333333333333, 'sensitivity': 1.0, 'specificity': 0.8947368421052632}, {'accuracy': 0.9090909090909091, 'f1': 0.9032258064516129, 'sensitivity': 1.0, 'specificity': 0.8421052631578947}, {'accuracy': 0.9090909090909091, 'f1': 0.9032258064516129, 'sensitivity': 1.0, 'specificity': 0.8421052631578947}, {'accuracy': 0.9090909090909091, 'f1': 0.9032258064516129, 'sensitivity': 1.0, 'specificity': 0.8421052631578947}, {'accuracy': 0.9090909090909091, 'f1': 0.9032258064516129, 'sensitivity': 1.0, 'specificity': 0.8421052631578947}, {'accuracy': 0.9090909090909091, 'f1': 0.9032258064516129, 'sensitivity': 1.0, 'specificity': 0.8421052631578947}, {'accuracy': 0.8787878787878788, 'f1': 0.8666666666666667, 'sensitivity': 0.9285714285714286, 'specificity': 0.8421052631578947}, {'accuracy': 0.8787878787878788, 'f1': 0.8666666666666667, 'sensitivity': 0.9285714285714286, 'specificity': 0.8421052631578947}, {'accuracy': 0.8787878787878788, 'f1': 0.8666666666666667, 'sensitivity': 0.9285714285714286, 'specificity': 0.8421052631578947}, {'accuracy': 0.8787878787878788, 'f1': 0.8666666666666667, 'sensitivity': 0.9285714285714286, 'specificity': 0.8421052631578947}, {'accuracy': 0.8787878787878788, 'f1': 0.8666666666666667, 'sensitivity': 0.9285714285714286, 'specificity': 0.8421052631578947}, {'accuracy': 0.8484848484848485, 'f1': 0.8387096774193549, 'sensitivity': 0.9285714285714286, 'specificity': 0.7894736842105263}, {'accuracy': 0.8484848484848485, 'f1': 0.8387096774193549, 'sensitivity': 0.9285714285714286, 'specificity': 0.7894736842105263}, {'accuracy': 0.8484848484848485, 'f1': 0.8387096774193549, 'sensitivity': 0.9285714285714286, 'specificity': 0.7894736842105263}, {'accuracy': 0.8484848484848485, 'f1': 0.8387096774193549, 'sensitivity': 0.9285714285714286, 'specificity': 0.7894736842105263}, {'accuracy': 0.8484848484848485, 'f1': 0.8387096774193549, 'sensitivity': 0.9285714285714286, 'specificity': 0.7894736842105263}, {'accuracy': 0.8484848484848485, 'f1': 0.8387096774193549, 'sensitivity': 0.9285714285714286, 'specificity': 0.7894736842105263}, {'accuracy': 0.8484848484848485, 'f1': 0.8387096774193549, 'sensitivity': 0.9285714285714286, 'specificity': 0.7894736842105263}, {'accuracy': 0.8484848484848485, 'f1': 0.8387096774193549, 'sensitivity': 0.9285714285714286, 'specificity': 0.7894736842105263}, {'accuracy': 0.8484848484848485, 'f1': 0.8387096774193549, 'sensitivity': 0.9285714285714286, 'specificity': 0.7894736842105263}, {'accuracy': 0.8484848484848485, 'f1': 0.8387096774193549, 'sensitivity': 0.9285714285714286, 'specificity': 0.7894736842105263}, {'accuracy': 0.8484848484848485, 'f1': 0.8387096774193549, 'sensitivity': 0.9285714285714286, 'specificity': 0.7894736842105263}, {'accuracy': 0.8484848484848485, 'f1': 0.8387096774193549, 'sensitivity': 0.9285714285714286, 'specificity': 0.7894736842105263}, {'accuracy': 0.8484848484848485, 'f1': 0.8387096774193549, 'sensitivity': 0.9285714285714286, 'specificity': 0.7894736842105263}, {'accuracy': 0.8484848484848485, 'f1': 0.8387096774193549, 'sensitivity': 0.9285714285714286, 'specificity': 0.7894736842105263}, {'accuracy': 0.8787878787878788, 'f1': 0.8666666666666667, 'sensitivity': 0.9285714285714286, 'specificity': 0.8421052631578947}, {'accuracy': 0.8484848484848485, 'f1': 0.8387096774193549, 'sensitivity': 0.9285714285714286, 'specificity': 0.7894736842105263}, {'accuracy': 0.8484848484848485, 'f1': 0.8387096774193549, 'sensitivity': 0.9285714285714286, 'specificity': 0.7894736842105263}, {'accuracy': 0.8484848484848485, 'f1': 0.8387096774193549, 'sensitivity': 0.9285714285714286, 'specificity': 0.7894736842105263}, {'accuracy': 0.8484848484848485, 'f1': 0.8387096774193549, 'sensitivity': 0.9285714285714286, 'specificity': 0.7894736842105263}, {'accuracy': 0.8484848484848485, 'f1': 0.8387096774193549, 'sensitivity': 0.9285714285714286, 'specificity': 0.7894736842105263}, {'accuracy': 0.8787878787878788, 'f1': 0.8666666666666667, 'sensitivity': 0.9285714285714286, 'specificity': 0.8421052631578947}, {'accuracy': 0.8787878787878788, 'f1': 0.8666666666666667, 'sensitivity': 0.9285714285714286, 'specificity': 0.8421052631578947}, {'accuracy': 0.8787878787878788, 'f1': 0.8666666666666667, 'sensitivity': 0.9285714285714286, 'specificity': 0.8421052631578947}, {'accuracy': 0.8787878787878788, 'f1': 0.8666666666666667, 'sensitivity': 0.9285714285714286, 'specificity': 0.8421052631578947}, {'accuracy': 0.8787878787878788, 'f1': 0.8666666666666667, 'sensitivity': 0.9285714285714286, 'specificity': 0.8421052631578947}, {'accuracy': 0.8484848484848485, 'f1': 0.8387096774193549, 'sensitivity': 0.9285714285714286, 'specificity': 0.7894736842105263}, {'accuracy': 0.8787878787878788, 'f1': 0.8666666666666667, 'sensitivity': 0.9285714285714286, 'specificity': 0.8421052631578947}, {'accuracy': 0.8787878787878788, 'f1': 0.8666666666666667, 'sensitivity': 0.9285714285714286, 'specificity': 0.8421052631578947}, {'accuracy': 0.8787878787878788, 'f1': 0.8666666666666667, 'sensitivity': 0.9285714285714286, 'specificity': 0.8421052631578947}, {'accuracy': 0.8787878787878788, 'f1': 0.8666666666666667, 'sensitivity': 0.9285714285714286, 'specificity': 0.8421052631578947}, {'accuracy': 0.8787878787878788, 'f1': 0.8666666666666667, 'sensitivity': 0.9285714285714286, 'specificity': 0.8421052631578947}, {'accuracy': 0.8787878787878788, 'f1': 0.8666666666666667, 'sensitivity': 0.9285714285714286, 'specificity': 0.8421052631578947}, {'accuracy': 0.8787878787878788, 'f1': 0.8666666666666667, 'sensitivity': 0.9285714285714286, 'specificity': 0.8421052631578947}, {'accuracy': 0.8787878787878788, 'f1': 0.8666666666666667, 'sensitivity': 0.9285714285714286, 'specificity': 0.8421052631578947}, {'accuracy': 0.8484848484848485, 'f1': 0.8387096774193549, 'sensitivity': 0.9285714285714286, 'specificity': 0.7894736842105263}, {'accuracy': 0.8787878787878788, 'f1': 0.8666666666666667, 'sensitivity': 0.9285714285714286, 'specificity': 0.8421052631578947}, {'accuracy': 0.8787878787878788, 'f1': 0.8666666666666667, 'sensitivity': 0.9285714285714286, 'specificity': 0.8421052631578947}, {'accuracy': 0.8787878787878788, 'f1': 0.8666666666666667, 'sensitivity': 0.9285714285714286, 'specificity': 0.8421052631578947}, {'accuracy': 0.8787878787878788, 'f1': 0.8666666666666667, 'sensitivity': 0.9285714285714286, 'specificity': 0.8421052631578947}, {'accuracy': 0.8787878787878788, 'f1': 0.8666666666666667, 'sensitivity': 0.9285714285714286, 'specificity': 0.8421052631578947}, {'accuracy': 0.8787878787878788, 'f1': 0.8666666666666667, 'sensitivity': 0.9285714285714286, 'specificity': 0.8421052631578947}, {'accuracy': 0.8787878787878788, 'f1': 0.8666666666666667, 'sensitivity': 0.9285714285714286, 'specificity': 0.8421052631578947}, {'accuracy': 0.8787878787878788, 'f1': 0.8666666666666667, 'sensitivity': 0.9285714285714286, 'specificity': 0.8421052631578947}, {'accuracy': 0.8787878787878788, 'f1': 0.8666666666666667, 'sensitivity': 0.9285714285714286, 'specificity': 0.8421052631578947}, {'accuracy': 0.8787878787878788, 'f1': 0.8666666666666667, 'sensitivity': 0.9285714285714286, 'specificity': 0.8421052631578947}, {'accuracy': 0.8787878787878788, 'f1': 0.8666666666666667, 'sensitivity': 0.9285714285714286, 'specificity': 0.8421052631578947}, {'accuracy': 0.8787878787878788, 'f1': 0.8666666666666667, 'sensitivity': 0.9285714285714286, 'specificity': 0.8421052631578947}, {'accuracy': 0.8787878787878788, 'f1': 0.8666666666666667, 'sensitivity': 0.9285714285714286, 'specificity': 0.8421052631578947}, {'accuracy': 0.8787878787878788, 'f1': 0.8666666666666667, 'sensitivity': 0.9285714285714286, 'specificity': 0.8421052631578947}, {'accuracy': 0.8787878787878788, 'f1': 0.8666666666666667, 'sensitivity': 0.9285714285714286, 'specificity': 0.8421052631578947}, {'accuracy': 0.8787878787878788, 'f1': 0.8666666666666667, 'sensitivity': 0.9285714285714286, 'specificity': 0.8421052631578947}, {'accuracy': 0.8787878787878788, 'f1': 0.8666666666666667, 'sensitivity': 0.9285714285714286, 'specificity': 0.8421052631578947}, {'accuracy': 0.8787878787878788, 'f1': 0.8666666666666667, 'sensitivity': 0.9285714285714286, 'specificity': 0.8421052631578947}, {'accuracy': 0.8787878787878788, 'f1': 0.8666666666666667, 'sensitivity': 0.9285714285714286, 'specificity': 0.8421052631578947}, {'accuracy': 0.8787878787878788, 'f1': 0.8666666666666667, 'sensitivity': 0.9285714285714286, 'specificity': 0.8421052631578947}, {'accuracy': 0.8787878787878788, 'f1': 0.8666666666666667, 'sensitivity': 0.9285714285714286, 'specificity': 0.8421052631578947}, {'accuracy': 0.8787878787878788, 'f1': 0.8666666666666667, 'sensitivity': 0.9285714285714286, 'specificity': 0.8421052631578947}, {'accuracy': 0.8484848484848485, 'f1': 0.8387096774193549, 'sensitivity': 0.9285714285714286, 'specificity': 0.7894736842105263}, {'accuracy': 0.8787878787878788, 'f1': 0.8666666666666667, 'sensitivity': 0.9285714285714286, 'specificity': 0.8421052631578947}, {'accuracy': 0.8787878787878788, 'f1': 0.8666666666666667, 'sensitivity': 0.9285714285714286, 'specificity': 0.8421052631578947}, {'accuracy': 0.8787878787878788, 'f1': 0.8666666666666667, 'sensitivity': 0.9285714285714286, 'specificity': 0.8421052631578947}, {'accuracy': 0.8787878787878788, 'f1': 0.8666666666666667, 'sensitivity': 0.9285714285714286, 'specificity': 0.8421052631578947}, {'accuracy': 0.8787878787878788, 'f1': 0.8666666666666667, 'sensitivity': 0.9285714285714286, 'specificity': 0.8421052631578947}, {'accuracy': 0.8787878787878788, 'f1': 0.8666666666666667, 'sensitivity': 0.9285714285714286, 'specificity': 0.8421052631578947}, {'accuracy': 0.8787878787878788, 'f1': 0.8666666666666667, 'sensitivity': 0.9285714285714286, 'specificity': 0.8421052631578947}, {'accuracy': 0.8787878787878788, 'f1': 0.8666666666666667, 'sensitivity': 0.9285714285714286, 'specificity': 0.8421052631578947}, {'accuracy': 0.8787878787878788, 'f1': 0.8666666666666667, 'sensitivity': 0.9285714285714286, 'specificity': 0.8421052631578947}]",COMPLETE
10,0.8666666666666667,2026-08-02 16:39:47.118672,2026-08-02 16:40:13.875421,0 days 00:00:26.756749,0.5,0.011625351292093371,0.0001537467136904321,"{'overall': {'n': 33, 'accuracy': 0.8787878787878788, 'precision': 0.8125, 'recall': 0.9285714285714286, 'sensitivity': 0.9285714285714286, 'specificity': 0.8421052631578947, 'balanced_accuracy': 0.8853383458646616, 'f1': 0.8666666666666667, 'confusion_matrix': [[16, 3], [1, 13]], 'auc': 0.9172932330827068, 'roc_curve': {'fpr': [0.0, 0.0, 0.0, 0.05263157894736842, 0.05263157894736842, 0.15789473684210525, 0.15789473684210525, 0.47368421052631576, 0.47368421052631576, 1.0], 'tpr': [0.0, 0.07142857142857142, 0.14285714285714285, 0.14285714285714285, 0.8571428571428571, 0.8571428571428571, 0.9285714285714286, 0.9285714285714286, 1.0, 1.0]}}, 'India': {'n': 14, 'accuracy': 0.7857142857142857, 'precision': 0.8181818181818182, 'recall': 0.9, 'sensitivity': 0.9, 'specificity': 0.5, 'balanced_accuracy': 0.7, 'f1': 0.8571428571428571, 'confusion_matrix': [[2, 2], [1, 9]], 'auc': 0.925, 'roc_curve': {'fpr': [0.0, 0.0, 0.0, 0.75, 0.75, 1.0], 'tpr': [0.0, 0.1, 0.9, 0.9, 1.0, 1.0]}}, 'Italy': {'n': 19, 'accuracy': 0.9473684210526315, 'precision': 0.8, 'recall': 1.0, 'sensitivity': 1.0, 'specificity': 0.9333333333333333, 'balanced_accuracy': 0.9666666666666667, 'f1': 0.8888888888888888, 'confusion_matrix': [[14, 1], [0, 4]], 'auc': 0.9333333333333333, 'roc_curve': {'fpr': [0.0, 0.06666666666666667, 0.06666666666666667, 1.0], 'tpr': [0.0, 0.0, 1.0, 1.0]}}}",convnext_tiny_palpebral_v2_clean,"[0.9617412169248063, 0.736175074087863, 0.7340237798280274, 0.6206005795901974, 0.5621717293925633, 0.5521634442127303, 0.5177463569388484, 0.5682046831838342, 0.5016719689037626, 0.5295182648084021, 0.539291580781242, 0.5089478425632249, 0.5290264278058184, 0.5564500448719555, 0.4906229976786683, 0.4956408798299878, 0.5049775260568454, 0.43334338049225457, 0.5139122692164996, 0.5507470286445112, 0.513413583600758]","[1.0192875573129365, 0.8210925586295851, 0.49696756854201807, 0.4620781956296979, 0.5196526700800116, 0.44568433183612244, 0.4533442294958866, 0.43701897245464905, 0.4363827344143029, 0.4315468542503588, 0.44791412353515625, 0.42998845649488043, 0.450108730431759, 0.4083691654783307, 0.43031446861498285, 0.5360667416543672, 0.4439414486740575, 0.4482343630357222, 0.4334323550715591, 0.4309150811397668, 0.47467848748871777]","[{'accuracy': 0.6060606060606061, 'f1': 0.13333333333333333, 'sensitivity': 0.07142857142857142, 'specificity': 1.0}, {'accuracy': 0.6060606060606061, 'f1': 0.6829268292682927, 'sensitivity': 1.0, 'specificity': 0.3157894736842105}, {'accuracy': 0.8787878787878788, 'f1': 0.8461538461538461, 'sensitivity': 0.7857142857142857, 'specificity': 0.9473684210526315}, {'accuracy': 0.8787878787878788, 'f1': 0.8666666666666667, 'sensitivity': 0.9285714285714286, 'specificity': 0.8421052631578947}, {'accuracy': 0.7575757575757576, 'f1': 0.7647058823529411, 'sensitivity': 0.9285714285714286, 'specificity': 0.631578947368421}, {'accuracy': 0.8484848484848485, 'f1': 0.8148148148148148, 'sensitivity': 0.7857142857142857, 'specificity': 0.8947368421052632}, {'accuracy': 0.8484848484848485, 'f1': 0.8387096774193549, 'sensitivity': 0.9285714285714286, 'specificity': 0.7894736842105263}, {'accuracy': 0.8787878787878788, 'f1': 0.8666666666666667, 'sensitivity': 0.9285714285714286, 'specificity': 0.8421052631578947}, {'accuracy': 0.8787878787878788, 'f1': 0.8666666666666667, 'sensitivity': 0.9285714285714286, 'specificity': 0.8421052631578947}, {'accuracy': 0.8787878787878788, 'f1': 0.8666666666666667, 'sensitivity': 0.9285714285714286, 'specificity': 0.8421052631578947}, {'accuracy': 0.8181818181818182, 'f1': 0.8125, 'sensitivity': 0.9285714285714286, 'specificity': 0.7368421052631579}, {'accuracy': 0.8484848484848485, 'f1': 0.8148148148148148, 'sensitivity': 0.7857142857142857, 'specificity': 0.8947368421052632}, {'accuracy': 0.7878787878787878, 'f1': 0.7878787878787878, 'sensitivity': 0.9285714285714286, 'specificity': 0.6842105263157895}, {'accuracy': 0.8787878787878788, 'f1': 0.8666666666666667, 'sensitivity': 0.9285714285714286, 'specificity': 0.8421052631578947}, {'accuracy': 0.8787878787878788, 'f1': 0.8571428571428571, 'sensitivity': 0.8571428571428571, 'specificity': 0.8947368421052632}, {'accuracy': 0.8181818181818182, 'f1': 0.8235294117647058, 'sensitivity': 1.0, 'specificity': 0.6842105263157895}, {'accuracy': 0.8484848484848485, 'f1': 0.8275862068965517, 'sensitivity': 0.8571428571428571, 'specificity': 0.8421052631578947}, {'accuracy': 0.8181818181818182, 'f1': 0.8125, 'sensitivity': 0.9285714285714286, 'specificity': 0.7368421052631579}, {'accuracy': 0.8181818181818182, 'f1': 0.8125, 'sensitivity': 0.9285714285714286, 'specificity': 0.7368421052631579}, {'accuracy': 0.8484848484848485, 'f1': 0.8148148148148148, 'sensitivity': 0.7857142857142857, 'specificity': 0.8947368421052632}, {'accuracy': 0.8181818181818182, 'f1': 0.8235294117647058, 'sensitivity': 1.0, 'specificity': 0.6842105263157895}]",COMPLETE
