number,value,datetime_start,datetime_complete,duration,params_dropout_rate,params_learning_rate,params_weight_decay,user_attrs_best_val_metrics,user_attrs_model_name,user_attrs_train_loss_history,user_attrs_val_loss_history,user_attrs_val_overall_metrics_history,state
7,0.7692307692307693,2026-08-02 17:23:19.357646,2026-08-02 17:31:46.516098,0 days 00:08:27.158452,0.5,0.00011137414908293505,1.813423762092376e-05,"{'overall': {'n': 31, 'accuracy': 0.8064516129032258, 'precision': 0.8333333333333334, 'recall': 0.7142857142857143, 'sensitivity': 0.7142857142857143, 'specificity': 0.8823529411764706, 'balanced_accuracy': 0.7983193277310925, 'f1': 0.7692307692307693, 'confusion_matrix': [[15, 2], [4, 10]], 'auc': 0.7857142857142857, 'roc_curve': {'fpr': [0.0, 0.0, 0.0, 0.058823529411764705, 0.058823529411764705, 0.11764705882352941, 0.11764705882352941, 0.5882352941176471, 0.5882352941176471, 0.7647058823529411, 0.7647058823529411, 1.0], 'tpr': [0.0, 0.07142857142857142, 0.2857142857142857, 0.2857142857142857, 0.5714285714285714, 0.5714285714285714, 0.7142857142857143, 0.7142857142857143, 0.9285714285714286, 0.9285714285714286, 1.0, 1.0]}}, 'India': {'n': 14, 'accuracy': 0.7142857142857143, 'precision': 0.875, 'recall': 0.7, 'sensitivity': 0.7, 'specificity': 0.75, 'balanced_accuracy': 0.725, 'f1': 0.7777777777777778, 'confusion_matrix': [[3, 1], [3, 7]], 'auc': 0.6499999999999999, 'roc_curve': {'fpr': [0.0, 0.0, 0.0, 0.25, 0.25, 1.0, 1.0], 'tpr': [0.0, 0.1, 0.5, 0.5, 0.7, 0.7, 1.0]}}, 'Italy': {'n': 17, 'accuracy': 0.8823529411764706, 'precision': 0.75, 'recall': 0.75, 'sensitivity': 0.75, 'specificity': 0.9230769230769231, 'balanced_accuracy': 0.8365384615384616, 'f1': 0.75, 'confusion_matrix': [[12, 1], [1, 3]], 'auc': 0.8653846153846154, 'roc_curve': {'fpr': [0.0, 0.0, 0.0, 0.07692307692307693, 0.07692307692307693, 0.46153846153846156, 0.46153846153846156, 1.0], 'tpr': [0.0, 0.25, 0.5, 0.5, 0.75, 0.75, 1.0, 1.0]}}}",vit_b_16_forniceal_palpebral_v2_clean,"[0.8417017054395611, 0.800591682495714, 0.8562696713979553, 0.8354667615728314, 0.825393963022297, 0.81491154351202, 0.8289788045039793, 0.7933417311331041, 0.8391398990235361, 0.801403343272047, 0.7859970436615198, 0.7808640753330828, 0.7533528889928546, 0.8012895892266514, 0.791339499609811, 0.7934764072197635, 0.7312248819539336, 0.7662610419753457, 0.7642745829763866, 0.7347334104330361, 0.7668735599842201, 0.7511735363882415, 0.7361349232342779, 0.7193710467442364, 0.7292633445895448, 0.7419475369712933, 0.7397198851416711, 0.7762631928028704, 0.703119103194905, 0.7224811652079731, 0.7463886405334992, 0.6757020402927788, 0.7110759194205407, 0.7073074554910466, 0.725223147544731, 0.6983920396590719, 0.7226974700583892, 0.685340535478527, 0.6734545607956088, 0.6984315457798186, 0.7014364879958483, 0.7268902626978296, 0.6922927920510169, 0.6974783929026857, 0.6736600816655322, 0.7094942586762565, 0.6772588909077807, 0.6747082325876975, 0.7027693796320026, 0.6655497696934914, 0.6280120497658139, 0.6904641795320575, 0.6655492965055971, 0.6564190302576337, 0.6290509684556196, 0.6903461007033886, 0.6567537577784791, 0.6714317713465009, 0.6467354054353676, 0.6357018594839134, 0.6696393116801774, 0.6818890745947961, 0.6230126830185352, 0.6445289181203259, 0.6475284253658892, 0.6447498705111393, 0.6417935802823022, 0.6489922907076725, 0.6652879370313113, 0.6457960338008647, 0.6372938034485798, 0.6260456341464503, 0.6609474177263222, 0.648114986971122, 0.6257268210657599, 0.6432899329938045, 0.6513175473732202, 0.6097921623664648, 0.6101779443066137, 0.6157514152883672, 0.6484036457781889, 0.6411536859006298, 0.6882186856399588, 0.619329047851822, 0.6121367147179688, 0.6309582250458854, 0.6358104425222695, 0.5888332602929096, 0.5999326669439977, 0.6412778577837003, 0.6225135561560287, 0.6415002783950494, 0.6311782132200643, 0.6365592483760548, 0.6293459725217755, 0.5728707629807142, 0.5906825706261356, 0.6051474469048637, 0.6149194986641813, 0.5824254337622194, 0.6166795269161666, 0.621476679026675, 0.6213376724801096, 0.5931709629743278, 0.6024164103326344, 0.6023850051724181, 0.6079438803147297, 0.6033514356937538, 0.6130218355834078, 0.5849479221973289, 0.5966791315954558, 0.5868945794851601, 0.5719802521523976, 0.5527778421940447, 0.5677668464427091, 0.6097585149362784, 0.5614942105448976, 0.5907971015592821, 0.5902534427286006, 0.5928876436486537, 0.5635613969394139, 0.5922475159168243, 0.5658392024283506, 0.584646095629452, 0.5688199080577513, 0.569910724957784, 0.6230256898062569, 0.5689775761292906, 0.5830938025396697, 0.573338004602056, 0.5731785423090668, 0.5821777934930763, 0.5815389837537494, 0.5919685915213864, 0.5893191622228039, 0.5709683915384772, 0.5721813724154517, 0.5526432982918357, 0.5794983185878416, 0.5944722217767417, 0.5501675516569695, 0.5936480249677386, 0.5598126718787109, 0.5742459495862325, 0.5860217460969679, 0.5327996242614019, 0.5839640538708694, 0.5597246264924809, 0.5675827309387882, 0.5552632366718889, 0.5578456237202599, 0.5503761060789328, 0.5467591058640253, 0.5398955268113792, 0.5627195336380784, 0.5294684735285181, 0.5550536951240228, 0.5577281642527807, 0.5619848228636242, 0.5618484326365853, 0.5602228430663647, 0.5221329957854991, 0.5665446819902278, 0.5808339787989246, 0.5659877264580759, 0.5221837627238968, 0.5766457315204906, 0.5432231259994766, 0.5509921825256477, 0.5265804569737441, 0.6015688079555018]","[0.8237465620040894, 0.81838458776474, 0.8141694664955139, 0.8101922273635864, 0.807074248790741, 0.8041048049926758, 0.8014383316040039, 0.798245370388031, 0.7949581742286682, 0.7924908995628357, 0.7892941832542419, 0.7878649234771729, 0.7865575551986694, 0.786095380783081, 0.7843096256256104, 0.7818837761878967, 0.7800416946411133, 0.778114914894104, 0.7755978107452393, 0.7727053165435791, 0.7704986929893494, 0.7690668106079102, 0.7674219608306885, 0.7665050029754639, 0.7665053009986877, 0.7657567858695984, 0.7632757425308228, 0.7610054016113281, 0.7589728832244873, 0.7565488815307617, 0.7547628283500671, 0.752914547920227, 0.7517446279525757, 0.7503561973571777, 0.7498119473457336, 0.7487410306930542, 0.7486212849617004, 0.7478073835372925, 0.7462881803512573, 0.74591064453125, 0.7437698245048523, 0.7437794208526611, 0.7427682280540466, 0.7428421378135681, 0.7413114905357361, 0.7399486303329468, 0.7391266822814941, 0.7376319766044617, 0.7374289631843567, 0.7367054224014282, 0.736926257610321, 0.7351983785629272, 0.7333548665046692, 0.7314960956573486, 0.7297766208648682, 0.7273337244987488, 0.7256581783294678, 0.724976122379303, 0.7245544195175171, 0.7240608930587769, 0.724810779094696, 0.723613977432251, 0.7219358086585999, 0.7217928767204285, 0.720597505569458, 0.7189528942108154, 0.7186266183853149, 0.718122661113739, 0.7174686789512634, 0.7181416153907776, 0.718392014503479, 0.7172918915748596, 0.7158486843109131, 0.7146057486534119, 0.71510249376297, 0.7133380174636841, 0.7129672169685364, 0.7120123505592346, 0.7091172933578491, 0.707612156867981, 0.7051562666893005, 0.7022217512130737, 0.7009507417678833, 0.6999434232711792, 0.6990506649017334, 0.6988740563392639, 0.699245274066925, 0.6991498470306396, 0.6990431547164917, 0.699066162109375, 0.6989657878875732, 0.6979315280914307, 0.696395218372345, 0.6948872208595276, 0.6942758560180664, 0.6944376826286316, 0.6947681903839111, 0.6945918202400208, 0.6935709714889526, 0.6924744844436646, 0.6915174126625061, 0.6891995072364807, 0.6899464130401611, 0.6886366009712219, 0.687816858291626, 0.6871322989463806, 0.686268150806427, 0.6841947436332703, 0.6840731501579285, 0.6831681728363037, 0.6837641000747681, 0.683030903339386, 0.6835506558418274, 0.6831896901130676, 0.68272465467453, 0.6814401149749756, 0.6809976696968079, 0.6805185675621033, 0.6812785863876343, 0.6820114850997925, 0.6814485788345337, 0.6805143356323242, 0.6801756620407104, 0.6789458990097046, 0.6783475279808044, 0.6772415041923523, 0.6764459609985352, 0.6763246655464172, 0.6772727966308594, 0.6756033301353455, 0.6748091578483582, 0.6751816868782043, 0.6744640469551086, 0.673632800579071, 0.6730453372001648, 0.6715566515922546, 0.6716189384460449, 0.6708940267562866, 0.6710001826286316, 0.67036372423172, 0.6690619587898254, 0.6689503788948059, 0.6694617867469788, 0.6688649654388428, 0.6686354279518127, 0.6679911017417908, 0.668281078338623, 0.6687644124031067, 0.667534589767456, 0.6666378974914551, 0.6654444932937622, 0.6638922691345215, 0.6640338897705078, 0.6637890934944153, 0.662964403629303, 0.661202073097229, 0.660774290561676, 0.6589241027832031, 0.6589301228523254, 0.6591465473175049, 0.6579363346099854, 0.6583001017570496, 0.6584962606430054, 0.6575559377670288, 0.6579504609107971, 0.6583797335624695, 0.6587146520614624, 0.6585888862609863, 0.6581326723098755, 0.6587632894515991, 0.6580619215965271]","[{'accuracy': 0.41935483870967744, 'f1': 0.3076923076923077, 'sensitivity': 0.2857142857142857, 'specificity': 0.5294117647058824}, {'accuracy': 0.45161290322580644, 'f1': 0.32, 'sensitivity': 0.2857142857142857, 'specificity': 0.5882352941176471}, {'accuracy': 0.45161290322580644, 'f1': 0.32, 'sensitivity': 0.2857142857142857, 'specificity': 0.5882352941176471}, {'accuracy': 0.45161290322580644, 'f1': 0.32, 'sensitivity': 0.2857142857142857, 'specificity': 0.5882352941176471}, {'accuracy': 0.4838709677419355, 'f1': 0.3333333333333333, 'sensitivity': 0.2857142857142857, 'specificity': 0.6470588235294118}, {'accuracy': 0.5483870967741935, 'f1': 0.4166666666666667, 'sensitivity': 0.35714285714285715, 'specificity': 0.7058823529411765}, {'accuracy': 0.5161290322580645, 'f1': 0.34782608695652173, 'sensitivity': 0.2857142857142857, 'specificity': 0.7058823529411765}, {'accuracy': 0.5483870967741935, 'f1': 0.4166666666666667, 'sensitivity': 0.35714285714285715, 'specificity': 0.7058823529411765}, {'accuracy': 0.5161290322580645, 'f1': 0.4, 'sensitivity': 0.35714285714285715, 'specificity': 0.6470588235294118}, {'accuracy': 0.4838709677419355, 'f1': 0.3333333333333333, 'sensitivity': 0.2857142857142857, 'specificity': 0.6470588235294118}, {'accuracy': 0.5161290322580645, 'f1': 0.4, 'sensitivity': 0.35714285714285715, 'specificity': 0.6470588235294118}, {'accuracy': 0.4838709677419355, 'f1': 0.3333333333333333, 'sensitivity': 0.2857142857142857, 'specificity': 0.6470588235294118}, {'accuracy': 0.4838709677419355, 'f1': 0.3333333333333333, 'sensitivity': 0.2857142857142857, 'specificity': 0.6470588235294118}, {'accuracy': 0.5161290322580645, 'f1': 0.2857142857142857, 'sensitivity': 0.21428571428571427, 'specificity': 0.7647058823529411}, {'accuracy': 0.5161290322580645, 'f1': 0.2857142857142857, 'sensitivity': 0.21428571428571427, 'specificity': 0.7647058823529411}, {'accuracy': 0.5161290322580645, 'f1': 0.2857142857142857, 'sensitivity': 0.21428571428571427, 'specificity': 0.7647058823529411}, {'accuracy': 0.5161290322580645, 'f1': 0.2857142857142857, 'sensitivity': 0.21428571428571427, 'specificity': 0.7647058823529411}, {'accuracy': 0.5161290322580645, 'f1': 0.2857142857142857, 'sensitivity': 0.21428571428571427, 'specificity': 0.7647058823529411}, {'accuracy': 0.5483870967741935, 'f1': 0.36363636363636365, 'sensitivity': 0.2857142857142857, 'specificity': 0.7647058823529411}, {'accuracy': 0.5806451612903226, 'f1': 0.43478260869565216, 'sensitivity': 0.35714285714285715, 'specificity': 0.7647058823529411}, {'accuracy': 0.6451612903225806, 'f1': 0.5925925925925926, 'sensitivity': 0.5714285714285714, 'specificity': 0.7058823529411765}, {'accuracy': 0.6451612903225806, 'f1': 0.5925925925925926, 'sensitivity': 0.5714285714285714, 'specificity': 0.7058823529411765}, {'accuracy': 0.6129032258064516, 'f1': 0.5714285714285714, 'sensitivity': 0.5714285714285714, 'specificity': 0.6470588235294118}, {'accuracy': 0.6129032258064516, 'f1': 0.5384615384615384, 'sensitivity': 0.5, 'specificity': 0.7058823529411765}, {'accuracy': 0.6451612903225806, 'f1': 0.5217391304347826, 'sensitivity': 0.42857142857142855, 'specificity': 0.8235294117647058}, {'accuracy': 0.6774193548387096, 'f1': 0.5, 'sensitivity': 0.35714285714285715, 'specificity': 0.9411764705882353}, {'accuracy': 0.6129032258064516, 'f1': 0.5384615384615384, 'sensitivity': 0.5, 'specificity': 0.7058823529411765}, {'accuracy': 0.6451612903225806, 'f1': 0.5925925925925926, 'sensitivity': 0.5714285714285714, 'specificity': 0.7058823529411765}, {'accuracy': 0.6451612903225806, 'f1': 0.5925925925925926, 'sensitivity': 0.5714285714285714, 'specificity': 0.7058823529411765}, {'accuracy': 0.6129032258064516, 'f1': 0.5714285714285714, 'sensitivity': 0.5714285714285714, 'specificity': 0.6470588235294118}, {'accuracy': 0.6129032258064516, 'f1': 0.6, 'sensitivity': 0.6428571428571429, 'specificity': 0.5882352941176471}, {'accuracy': 0.6129032258064516, 'f1': 0.6, 'sensitivity': 0.6428571428571429, 'specificity': 0.5882352941176471}, {'accuracy': 0.6129032258064516, 'f1': 0.6, 'sensitivity': 0.6428571428571429, 'specificity': 0.5882352941176471}, {'accuracy': 0.6129032258064516, 'f1': 0.6, 'sensitivity': 0.6428571428571429, 'specificity': 0.5882352941176471}, {'accuracy': 0.6129032258064516, 'f1': 0.6, 'sensitivity': 0.6428571428571429, 'specificity': 0.5882352941176471}, {'accuracy': 0.6129032258064516, 'f1': 0.6, 'sensitivity': 0.6428571428571429, 'specificity': 0.5882352941176471}, {'accuracy': 0.6129032258064516, 'f1': 0.6, 'sensitivity': 0.6428571428571429, 'specificity': 0.5882352941176471}, {'accuracy': 0.6129032258064516, 'f1': 0.6, 'sensitivity': 0.6428571428571429, 'specificity': 0.5882352941176471}, {'accuracy': 0.6129032258064516, 'f1': 0.6, 'sensitivity': 0.6428571428571429, 'specificity': 0.5882352941176471}, {'accuracy': 0.6774193548387096, 'f1': 0.6428571428571429, 'sensitivity': 0.6428571428571429, 'specificity': 0.7058823529411765}, {'accuracy': 0.6129032258064516, 'f1': 0.6, 'sensitivity': 0.6428571428571429, 'specificity': 0.5882352941176471}, {'accuracy': 0.6774193548387096, 'f1': 0.6428571428571429, 'sensitivity': 0.6428571428571429, 'specificity': 0.7058823529411765}, {'accuracy': 0.6774193548387096, 'f1': 0.6428571428571429, 'sensitivity': 0.6428571428571429, 'specificity': 0.7058823529411765}, {'accuracy': 0.6774193548387096, 'f1': 0.6428571428571429, 'sensitivity': 0.6428571428571429, 'specificity': 0.7058823529411765}, {'accuracy': 0.6774193548387096, 'f1': 0.6428571428571429, 'sensitivity': 0.6428571428571429, 'specificity': 0.7058823529411765}, {'accuracy': 0.6774193548387096, 'f1': 0.6428571428571429, 'sensitivity': 0.6428571428571429, 'specificity': 0.7058823529411765}, {'accuracy': 0.6774193548387096, 'f1': 0.6428571428571429, 'sensitivity': 0.6428571428571429, 'specificity': 0.7058823529411765}, {'accuracy': 0.6774193548387096, 'f1': 0.6428571428571429, 'sensitivity': 0.6428571428571429, 'specificity': 0.7058823529411765}, {'accuracy': 0.6774193548387096, 'f1': 0.6428571428571429, 'sensitivity': 0.6428571428571429, 'specificity': 0.7058823529411765}, {'accuracy': 0.6774193548387096, 'f1': 0.6428571428571429, 'sensitivity': 0.6428571428571429, 'specificity': 0.7058823529411765}, {'accuracy': 0.6774193548387096, 'f1': 0.6428571428571429, 'sensitivity': 0.6428571428571429, 'specificity': 0.7058823529411765}, {'accuracy': 0.6774193548387096, 'f1': 0.6428571428571429, 'sensitivity': 0.6428571428571429, 'specificity': 0.7058823529411765}, {'accuracy': 0.6774193548387096, 'f1': 0.6428571428571429, 'sensitivity': 0.6428571428571429, 'specificity': 0.7058823529411765}, {'accuracy': 0.6774193548387096, 'f1': 0.6428571428571429, 'sensitivity': 0.6428571428571429, 'specificity': 0.7058823529411765}, {'accuracy': 0.6774193548387096, 'f1': 0.6428571428571429, 'sensitivity': 0.6428571428571429, 'specificity': 0.7058823529411765}, {'accuracy': 0.6774193548387096, 'f1': 0.6428571428571429, 'sensitivity': 0.6428571428571429, 'specificity': 0.7058823529411765}, {'accuracy': 0.6774193548387096, 'f1': 0.6428571428571429, 'sensitivity': 0.6428571428571429, 'specificity': 0.7058823529411765}, {'accuracy': 0.6774193548387096, 'f1': 0.6428571428571429, 'sensitivity': 0.6428571428571429, 'specificity': 0.7058823529411765}, {'accuracy': 0.6774193548387096, 'f1': 0.6428571428571429, 'sensitivity': 0.6428571428571429, 'specificity': 0.7058823529411765}, {'accuracy': 0.6774193548387096, 'f1': 0.6428571428571429, 'sensitivity': 0.6428571428571429, 'specificity': 0.7058823529411765}, {'accuracy': 0.6774193548387096, 'f1': 0.6428571428571429, 'sensitivity': 0.6428571428571429, 'specificity': 0.7058823529411765}, {'accuracy': 0.6774193548387096, 'f1': 0.6428571428571429, 'sensitivity': 0.6428571428571429, 'specificity': 0.7058823529411765}, {'accuracy': 0.6774193548387096, 'f1': 0.6428571428571429, 'sensitivity': 0.6428571428571429, 'specificity': 0.7058823529411765}, {'accuracy': 0.6774193548387096, 'f1': 0.6428571428571429, 'sensitivity': 0.6428571428571429, 'specificity': 0.7058823529411765}, {'accuracy': 0.6774193548387096, 'f1': 0.6428571428571429, 'sensitivity': 0.6428571428571429, 'specificity': 0.7058823529411765}, {'accuracy': 0.6774193548387096, 'f1': 0.6428571428571429, 'sensitivity': 0.6428571428571429, 'specificity': 0.7058823529411765}, {'accuracy': 0.6774193548387096, 'f1': 0.6428571428571429, 'sensitivity': 0.6428571428571429, 'specificity': 0.7058823529411765}, {'accuracy': 0.6774193548387096, 'f1': 0.6428571428571429, 'sensitivity': 0.6428571428571429, 'specificity': 0.7058823529411765}, {'accuracy': 0.6774193548387096, 'f1': 0.6428571428571429, 'sensitivity': 0.6428571428571429, 'specificity': 0.7058823529411765}, {'accuracy': 0.6774193548387096, 'f1': 0.6428571428571429, 'sensitivity': 0.6428571428571429, 'specificity': 0.7058823529411765}, {'accuracy': 0.6774193548387096, 'f1': 0.6428571428571429, 'sensitivity': 0.6428571428571429, 'specificity': 0.7058823529411765}, {'accuracy': 0.6774193548387096, 'f1': 0.6428571428571429, 'sensitivity': 0.6428571428571429, 'specificity': 0.7058823529411765}, {'accuracy': 0.6774193548387096, 'f1': 0.6428571428571429, 'sensitivity': 0.6428571428571429, 'specificity': 0.7058823529411765}, {'accuracy': 0.6774193548387096, 'f1': 0.6428571428571429, 'sensitivity': 0.6428571428571429, 'specificity': 0.7058823529411765}, {'accuracy': 0.6774193548387096, 'f1': 0.6428571428571429, 'sensitivity': 0.6428571428571429, 'specificity': 0.7058823529411765}, {'accuracy': 0.6774193548387096, 'f1': 0.6428571428571429, 'sensitivity': 0.6428571428571429, 'specificity': 0.7058823529411765}, {'accuracy': 0.6774193548387096, 'f1': 0.6428571428571429, 'sensitivity': 0.6428571428571429, 'specificity': 0.7058823529411765}, {'accuracy': 0.7096774193548387, 'f1': 0.6666666666666666, 'sensitivity': 0.6428571428571429, 'specificity': 0.7647058823529411}, {'accuracy': 0.6774193548387096, 'f1': 0.6428571428571429, 'sensitivity': 0.6428571428571429, 'specificity': 0.7058823529411765}, {'accuracy': 0.6774193548387096, 'f1': 0.6428571428571429, 'sensitivity': 0.6428571428571429, 'specificity': 0.7058823529411765}, {'accuracy': 0.6774193548387096, 'f1': 0.6428571428571429, 'sensitivity': 0.6428571428571429, 'specificity': 0.7058823529411765}, {'accuracy': 0.6774193548387096, 'f1': 0.6428571428571429, 'sensitivity': 0.6428571428571429, 'specificity': 0.7058823529411765}, {'accuracy': 0.6451612903225806, 'f1': 0.6206896551724138, 'sensitivity': 0.6428571428571429, 'specificity': 0.6470588235294118}, {'accuracy': 0.6451612903225806, 'f1': 0.6206896551724138, 'sensitivity': 0.6428571428571429, 'specificity': 0.6470588235294118}, {'accuracy': 0.6451612903225806, 'f1': 0.6206896551724138, 'sensitivity': 0.6428571428571429, 'specificity': 0.6470588235294118}, {'accuracy': 0.6774193548387096, 'f1': 0.6428571428571429, 'sensitivity': 0.6428571428571429, 'specificity': 0.7058823529411765}, {'accuracy': 0.6774193548387096, 'f1': 0.6428571428571429, 'sensitivity': 0.6428571428571429, 'specificity': 0.7058823529411765}, {'accuracy': 0.6774193548387096, 'f1': 0.6428571428571429, 'sensitivity': 0.6428571428571429, 'specificity': 0.7058823529411765}, {'accuracy': 0.7096774193548387, 'f1': 0.6666666666666666, 'sensitivity': 0.6428571428571429, 'specificity': 0.7647058823529411}, {'accuracy': 0.7096774193548387, 'f1': 0.6666666666666666, 'sensitivity': 0.6428571428571429, 'specificity': 0.7647058823529411}, {'accuracy': 0.7096774193548387, 'f1': 0.6666666666666666, 'sensitivity': 0.6428571428571429, 'specificity': 0.7647058823529411}, {'accuracy': 0.7096774193548387, 'f1': 0.6666666666666666, 'sensitivity': 0.6428571428571429, 'specificity': 0.7647058823529411}, {'accuracy': 0.7096774193548387, 'f1': 0.6666666666666666, 'sensitivity': 0.6428571428571429, 'specificity': 0.7647058823529411}, {'accuracy': 0.7096774193548387, 'f1': 0.6666666666666666, 'sensitivity': 0.6428571428571429, 'specificity': 0.7647058823529411}, {'accuracy': 0.7096774193548387, 'f1': 0.6666666666666666, 'sensitivity': 0.6428571428571429, 'specificity': 0.7647058823529411}, {'accuracy': 0.7096774193548387, 'f1': 0.6666666666666666, 'sensitivity': 0.6428571428571429, 'specificity': 0.7647058823529411}, {'accuracy': 0.7096774193548387, 'f1': 0.6666666666666666, 'sensitivity': 0.6428571428571429, 'specificity': 0.7647058823529411}, {'accuracy': 0.7096774193548387, 'f1': 0.6666666666666666, 'sensitivity': 0.6428571428571429, 'specificity': 0.7647058823529411}, {'accuracy': 0.7096774193548387, 'f1': 0.6666666666666666, 'sensitivity': 0.6428571428571429, 'specificity': 0.7647058823529411}, {'accuracy': 0.7096774193548387, 'f1': 0.6666666666666666, 'sensitivity': 0.6428571428571429, 'specificity': 0.7647058823529411}, {'accuracy': 0.7419354838709677, 'f1': 0.6923076923076923, 'sensitivity': 0.6428571428571429, 'specificity': 0.8235294117647058}, {'accuracy': 0.7096774193548387, 'f1': 0.6666666666666666, 'sensitivity': 0.6428571428571429, 'specificity': 0.7647058823529411}, {'accuracy': 0.7741935483870968, 'f1': 0.72, 'sensitivity': 0.6428571428571429, 'specificity': 0.8823529411764706}, {'accuracy': 0.7741935483870968, 'f1': 0.72, 'sensitivity': 0.6428571428571429, 'specif