number,value,datetime_start,datetime_complete,duration,params_dropout_rate,params_learning_rate,params_weight_decay,user_attrs_best_val_metrics,user_attrs_model_name,user_attrs_train_loss_history,user_attrs_val_loss_history,user_attrs_val_overall_metrics_history,state
9,0.7647058823529411,2026-07-29 11:16:51.293675,2026-07-29 11:18:12.241520,0 days 00:01:20.947845,0.2,0.0008200518402245837,1.9634341572933354e-06,"{'overall': {'n': 31, 'accuracy': 0.7419354838709677, 'precision': 0.65, 'recall': 0.9285714285714286, 'sensitivity': 0.9285714285714286, 'specificity': 0.5882352941176471, 'balanced_accuracy': 0.7584033613445378, 'f1': 0.7647058823529411, 'confusion_matrix': [[10, 7], [1, 13]], 'auc': 0.773109243697479, 'roc_curve': {'fpr': [0.0, 0.0, 0.0, 0.058823529411764705, 0.058823529411764705, 0.29411764705882354, 0.29411764705882354, 0.35294117647058826, 0.35294117647058826, 0.4117647058823529, 0.4117647058823529, 1.0], 'tpr': [0.0, 0.07142857142857142, 0.2857142857142857, 0.2857142857142857, 0.35714285714285715, 0.35714285714285715, 0.6428571428571429, 0.6428571428571429, 0.7857142857142857, 0.7857142857142857, 1.0, 1.0]}}, 'India': {'n': 14, 'accuracy': 0.7857142857142857, 'precision': 0.8181818181818182, 'recall': 0.9, 'sensitivity': 0.9, 'specificity': 0.5, 'balanced_accuracy': 0.7, 'f1': 0.8571428571428571, 'confusion_matrix': [[2, 2], [1, 9]], 'auc': 0.6, 'roc_curve': {'fpr': [0.0, 0.0, 0.0, 0.5, 0.5, 1.0], 'tpr': [0.0, 0.1, 0.2, 0.2, 1.0, 1.0]}}, 'Italy': {'n': 17, 'accuracy': 0.7058823529411765, 'precision': 0.4444444444444444, 'recall': 1.0, 'sensitivity': 1.0, 'specificity': 0.6153846153846154, 'balanced_accuracy': 0.8076923076923077, 'f1': 0.6153846153846154, 'confusion_matrix': [[8, 5], [0, 4]], 'auc': 0.9423076923076923, 'roc_curve': {'fpr': [0.0, 0.0, 0.0, 0.23076923076923078, 0.23076923076923078, 1.0], 'tpr': [0.0, 0.25, 0.75, 0.75, 1.0, 1.0]}}}",convnext_tiny_forniceal_palpebral_v2,"[0.8028289898723161, 0.7504735465357903, 0.7147177506466301, 0.69602975735859, 0.6732834050444518, 0.6663995269609957, 0.6421354583331517, 0.6444924204122453, 0.6124380336326807, 0.6027493063284426, 0.5945156962693143, 0.5830511016910579, 0.5758266542233578, 0.5695251777869503, 0.5557356833600674, 0.5730393956713125, 0.5199216875900217, 0.5588816217824716, 0.5296354083990564, 0.5283178676958797, 0.5250502317941108, 0.5212317498362794, 0.5187444962611815, 0.5023348355779842, 0.5066396324407487, 0.510413926677639, 0.4885951596863416, 0.47701760376391766, 0.4796192929858253, 0.47073784815210873, 0.48267753797323526, 0.4565740758869924, 0.4638597150238193, 0.45660371865545, 0.44637903560992, 0.4277356871131326, 0.4390901523787959, 0.45971023489017876, 0.4716479762070844, 0.43330783746680435, 0.43716999259935757, 0.4411853053131882, 0.42458230621960696, 0.4485554680937812, 0.4457776325495065, 0.4168964782539679, 0.41065558953350095, 0.4485352201526668, 0.44642521451119666, 0.4334705975793657, 0.4289141537583604, 0.42295388299591685, 0.3969066181555897, 0.438329103649879, 0.4072720031855869, 0.4102359046133197, 0.4143832848996532, 0.3962018244526013, 0.39792174263065366, 0.3952105525805026, 0.39558177132184813, 0.39562622158705785, 0.38101080769584295, 0.3819367544991629, 0.41227911787779153, 0.39433333835228773]","[0.800980806350708, 0.7816127250271458, 0.7732722778474131, 0.7585494806689601, 0.7574982220126737, 0.7448627429623758, 0.736992512979815, 0.7263003376222426, 0.7214095342543817, 0.7152066826820374, 0.7089567876631214, 0.7065979838371277, 0.699046500267521, 0.6994500371717638, 0.6933144100250737, 0.6883605853203805, 0.6866064398519455, 0.6857535829467158, 0.6832574163713763, 0.6806829331382629, 0.6784175557474936, 0.6850741024940245, 0.6809865736192272, 0.6821705564375846, 0.674949869032829, 0.6678663847907897, 0.6650472581386566, 0.659641065905171, 0.6611474713971538, 0.6585802512784158, 0.6553291649587693, 0.6553793203446173, 0.6550056530583289, 0.6542689829103409, 0.6551770510212067, 0.6506149913034132, 0.6478822231292725, 0.649221682740796, 0.6425278311775576, 0.6418886396192736, 0.640139494211443, 0.6417656483188752, 0.6407176169656938, 0.6417803418251776, 0.640784457806618, 0.6413273215293884, 0.6397770652847905, 0.6392475683842936, 0.6399114468405324, 0.6528433465188549, 0.6424329973036244, 0.6401228452882459, 0.6386626862710522, 0.6392013651709403, 0.6441956056702521, 0.6398262746872441, 0.6376222891192282, 0.6361902769534818, 0.6350754297548725, 0.6505728498581917, 0.6402086961653924, 0.636056637571704, 0.6378654462675895, 0.6388810834577007, 0.6427354601121718, 0.6470025345202415]","[{'accuracy': 0.6451612903225806, 'f1': 0.42105263157894735, 'sensitivity': 0.2857142857142857, 'specificity': 0.9411764705882353}, {'accuracy': 0.5806451612903226, 'f1': 0.43478260869565216, 'sensitivity': 0.35714285714285715, 'specificity': 0.7647058823529411}, {'accuracy': 0.6129032258064516, 'f1': 0.45454545454545453, 'sensitivity': 0.35714285714285715, 'specificity': 0.8235294117647058}, {'accuracy': 0.5161290322580645, 'f1': 0.5161290322580645, 'sensitivity': 0.5714285714285714, 'specificity': 0.47058823529411764}, {'accuracy': 0.5161290322580645, 'f1': 0.4, 'sensitivity': 0.35714285714285715, 'specificity': 0.6470588235294118}, {'accuracy': 0.5483870967741935, 'f1': 0.46153846153846156, 'sensitivity': 0.42857142857142855, 'specificity': 0.6470588235294118}, {'accuracy': 0.5483870967741935, 'f1': 0.5, 'sensitivity': 0.5, 'specificity': 0.5882352941176471}, {'accuracy': 0.5483870967741935, 'f1': 0.5, 'sensitivity': 0.5, 'specificity': 0.5882352941176471}, {'accuracy': 0.6451612903225806, 'f1': 0.6666666666666666, 'sensitivity': 0.7857142857142857, 'specificity': 0.5294117647058824}, {'accuracy': 0.6451612903225806, 'f1': 0.6666666666666666, 'sensitivity': 0.7857142857142857, 'specificity': 0.5294117647058824}, {'accuracy': 0.5806451612903226, 'f1': 0.5185185185185185, 'sensitivity': 0.5, 'specificity': 0.6470588235294118}, {'accuracy': 0.6451612903225806, 'f1': 0.6666666666666666, 'sensitivity': 0.7857142857142857, 'specificity': 0.5294117647058824}, {'accuracy': 0.6451612903225806, 'f1': 0.6451612903225806, 'sensitivity': 0.7142857142857143, 'specificity': 0.5882352941176471}, {'accuracy': 0.6129032258064516, 'f1': 0.5714285714285714, 'sensitivity': 0.5714285714285714, 'specificity': 0.6470588235294118}, {'accuracy': 0.6451612903225806, 'f1': 0.6666666666666666, 'sensitivity': 0.7857142857142857, 'specificity': 0.5294117647058824}, {'accuracy': 0.6451612903225806, 'f1': 0.6451612903225806, 'sensitivity': 0.7142857142857143, 'specificity': 0.5882352941176471}, {'accuracy': 0.6129032258064516, 'f1': 0.6, 'sensitivity': 0.6428571428571429, 'specificity': 0.5882352941176471}, {'accuracy': 0.6129032258064516, 'f1': 0.6, 'sensitivity': 0.6428571428571429, 'specificity': 0.5882352941176471}, {'accuracy': 0.6129032258064516, 'f1': 0.625, 'sensitivity': 0.7142857142857143, 'specificity': 0.5294117647058824}, {'accuracy': 0.6451612903225806, 'f1': 0.6451612903225806, 'sensitivity': 0.7142857142857143, 'specificity': 0.5882352941176471}, {'accuracy': 0.6451612903225806, 'f1': 0.6451612903225806, 'sensitivity': 0.7142857142857143, 'specificity': 0.5882352941176471}, {'accuracy': 0.6774193548387096, 'f1': 0.7058823529411765, 'sensitivity': 0.8571428571428571, 'specificity': 0.5294117647058824}, {'accuracy': 0.6774193548387096, 'f1': 0.6875, 'sensitivity': 0.7857142857142857, 'specificity': 0.5882352941176471}, {'accuracy': 0.6774193548387096, 'f1': 0.6875, 'sensitivity': 0.7857142857142857, 'specificity': 0.5882352941176471}, {'accuracy': 0.6774193548387096, 'f1': 0.6875, 'sensitivity': 0.7857142857142857, 'specificity': 0.5882352941176471}, {'accuracy': 0.6774193548387096, 'f1': 0.6875, 'sensitivity': 0.7857142857142857, 'specificity': 0.5882352941176471}, {'accuracy': 0.6451612903225806, 'f1': 0.6451612903225806, 'sensitivity': 0.7142857142857143, 'specificity': 0.5882352941176471}, {'accuracy': 0.6774193548387096, 'f1': 0.6875, 'sensitivity': 0.7857142857142857, 'specificity': 0.5882352941176471}, {'accuracy': 0.6774193548387096, 'f1': 0.6875, 'sensitivity': 0.7857142857142857, 'specificity': 0.5882352941176471}, {'accuracy': 0.6774193548387096, 'f1': 0.6875, 'sensitivity': 0.7857142857142857, 'specificity': 0.5882352941176471}, {'accuracy': 0.6451612903225806, 'f1': 0.6451612903225806, 'sensitivity': 0.7142857142857143, 'specificity': 0.5882352941176471}, {'accuracy': 0.6451612903225806, 'f1': 0.6451612903225806, 'sensitivity': 0.7142857142857143, 'specificity': 0.5882352941176471}, {'accuracy': 0.6774193548387096, 'f1': 0.6875, 'sensitivity': 0.7857142857142857, 'specificity': 0.5882352941176471}, {'accuracy': 0.6774193548387096, 'f1': 0.6875, 'sensitivity': 0.7857142857142857, 'specificity': 0.5882352941176471}, {'accuracy': 0.6774193548387096, 'f1': 0.6666666666666666, 'sensitivity': 0.7142857142857143, 'specificity': 0.6470588235294118}, {'accuracy': 0.6451612903225806, 'f1': 0.6451612903225806, 'sensitivity': 0.7142857142857143, 'specificity': 0.5882352941176471}, {'accuracy': 0.6774193548387096, 'f1': 0.6875, 'sensitivity': 0.7857142857142857, 'specificity': 0.5882352941176471}, {'accuracy': 0.7096774193548387, 'f1': 0.7272727272727273, 'sensitivity': 0.8571428571428571, 'specificity': 0.5882352941176471}, {'accuracy': 0.7096774193548387, 'f1': 0.7096774193548387, 'sensitivity': 0.7857142857142857, 'specificity': 0.6470588235294118}, {'accuracy': 0.6774193548387096, 'f1': 0.6666666666666666, 'sensitivity': 0.7142857142857143, 'specificity': 0.6470588235294118}, {'accuracy': 0.6774193548387096, 'f1': 0.6875, 'sensitivity': 0.7857142857142857, 'specificity': 0.5882352941176471}, {'accuracy': 0.7096774193548387, 'f1': 0.7272727272727273, 'sensitivity': 0.8571428571428571, 'specificity': 0.5882352941176471}, {'accuracy': 0.6774193548387096, 'f1': 0.6875, 'sensitivity': 0.7857142857142857, 'specificity': 0.5882352941176471}, {'accuracy': 0.6451612903225806, 'f1': 0.6451612903225806, 'sensitivity': 0.7142857142857143, 'specificity': 0.5882352941176471}, {'accuracy': 0.6774193548387096, 'f1': 0.6875, 'sensitivity': 0.7857142857142857, 'specificity': 0.5882352941176471}, {'accuracy': 0.6774193548387096, 'f1': 0.6875, 'sensitivity': 0.7857142857142857, 'specificity': 0.5882352941176471}, {'accuracy': 0.6451612903225806, 'f1': 0.6451612903225806, 'sensitivity': 0.7142857142857143, 'specificity': 0.5882352941176471}, {'accuracy': 0.6774193548387096, 'f1': 0.6666666666666666, 'sensitivity': 0.7142857142857143, 'specificity': 0.6470588235294118}, {'accuracy': 0.6774193548387096, 'f1': 0.6666666666666666, 'sensitivity': 0.7142857142857143, 'specificity': 0.6470588235294118}, {'accuracy': 0.7096774193548387, 'f1': 0.7272727272727273, 'sensitivity': 0.8571428571428571, 'specificity': 0.5882352941176471}, {'accuracy': 0.7096774193548387, 'f1': 0.7272727272727273, 'sensitivity': 0.8571428571428571, 'specificity': 0.5882352941176471}, {'accuracy': 0.6774193548387096, 'f1': 0.6666666666666666, 'sensitivity': 0.7142857142857143, 'specificity': 0.6470588235294118}, {'accuracy': 0.6774193548387096, 'f1': 0.6666666666666666, 'sensitivity': 0.7142857142857143, 'specificity': 0.6470588235294118}, {'accuracy': 0.6774193548387096, 'f1': 0.6666666666666666, 'sensitivity': 0.7142857142857143, 'specificity': 0.6470588235294118}, {'accuracy': 0.7419354838709677, 'f1': 0.7647058823529411, 'sensitivity': 0.9285714285714286, 'specificity': 0.5882352941176471}, {'accuracy': 0.6774193548387096, 'f1': 0.6666666666666666, 'sensitivity': 0.7142857142857143, 'specificity': 0.6470588235294118}, {'accuracy': 0.6774193548387096, 'f1': 0.6666666666666666, 'sensitivity': 0.7142857142857143, 'specificity': 0.6470588235294118}, {'accuracy': 0.6774193548387096, 'f1': 0.6666666666666666, 'sensitivity': 0.7142857142857143, 'specificity': 0.6470588235294118}, {'accuracy': 0.6774193548387096, 'f1': 0.6666666666666666, 'sensitivity': 0.7142857142857143, 'specificity': 0.6470588235294118}, {'accuracy': 0.7419354838709677, 'f1': 0.7647058823529411, 'sensitivity': 0.9285714285714286, 'specificity': 0.5882352941176471}, {'accuracy': 0.7096774193548387, 'f1': 0.7096774193548387, 'sensitivity': 0.7857142857142857, 'specificity': 0.6470588235294118}, {'accuracy': 0.6774193548387096, 'f1': 0.6666666666666666, 'sensitivity': 0.7142857142857143, 'specificity': 0.6470588235294118}, {'accuracy': 0.6774193548387096, 'f1': 0.6666666666666666, 'sensitivity': 0.7142857142857143, 'specificity': 0.6470588235294118}, {'accuracy': 0.6774193548387096, 'f1': 0.6666666666666666, 'sensitivity': 0.7142857142857143, 'specificity': 0.6470588235294118}, {'accuracy': 0.7419354838709677, 'f1': 0.75, 'sensitivity': 0.8571428571428571, 'specificity': 0.6470588235294118}, {'accuracy': 0.7096774193548387, 'f1': 0.7272727272727273, 'sensitivity': 0.8571428571428571, 'specificity': 0.5882352941176471}]",COMPLETE
10,0.7272727272727273,2026-07-29 11:18:12.241873,2026-07-29 11:18:22.532377,0 days 00:00:10.290504,0.2,0.07154800196121129,1.501794887726592e-05,"{'overall': {'n': 31, 'accuracy': 0.7096774193548387, 'precision': 0.631578947368421, 'recall': 0.8571428571428571, 'sensitivity': 0.8571428571428571, 'specificity': 0.5882352941176471, 'balanced_accuracy': 0.7226890756302521, 'f1': 0.7272727272727273, 'confusion_matrix': [[10, 7], [2, 12]], 'auc': 0.7857142857142857, 'roc_curve': {'fpr': [0.0, 0.0, 0.0, 0.17647058823529413, 0.17647058823529413, 0.23529411764705882, 0.23529411764705882, 0.4117647058823529, 0.4117647058823529, 0.6470588235294118, 0.6470588235294118, 0.7647058823529411, 0.7647058823529411, 1.0], 'tpr': [0.0, 0.07142857142857142, 0.42857142857142855, 0.42857142857142855, 0.6428571428571429, 0.6428571428571429, 0.7142857142857143, 0.7142857142857143, 0.8571428571428571, 0.8571428571428571, 0.9285714285714286, 0.9285714285714286, 1.0, 1.0]}}, 'India': {'n': 14, 'accuracy': 0.7142857142857143, 'precision': 0.8, 'recall': 0.8, 'sensitivity': 0.8, 'specificity': 0.5, 'balanced_accuracy': 0.65, 'f1': 0.8, 'confusion_matrix': [[2, 2], [2, 8]], 'auc': 0.6749999999999999, 'roc_curve': {'fpr': [0.0, 0.0, 0.0, 0.25, 0.25, 0.5, 0.5, 0.75, 0.75, 1.0, 1.0], 'tpr': [0.0, 0.1, 0.4, 0.4, 0.6, 0.6, 0.8, 0.8, 0.9, 0.9, 1.0]}}, 'Italy': {'n': 17, 'accuracy': 0.7058823529411765, 'precision': 0.4444444444444444, 'recall': 1.0, 'sensitivity': 1.0, 'specificity': 0.6153846153846154, 'balanced_accuracy': 0.8076923076923077, 'f1': 0.6153846153846154, 'confusion_matrix': [[8, 5], [0, 4]], 'auc': 0.9038461538461537, 'roc_curve': {'fpr': [0.0, 0.0, 0.0, 0.15384615384615385, 0.15384615384615385, 0.23076923076923078, 0.23076923076923078, 1.0], 'tpr': [0.0, 0.25, 0.5, 0.5, 0.75, 0.75, 1.0, 1.0]}}}",convnext_tiny_forniceal_palpebral_v2,"[4.250099631393848, 1.6695747817454696, 1.399345031400927, 1.2440842495483606, 0.853225369842685, 0.7410442302016174, 0.8560266608283633, 1.1553595978386548]","[0.9396639331694572, 2.4349012730583066, 2.12619829466266, 1.7855598541998094, 1.1901972024671492, 1.9151984030200588, 1.2828904774881178, 2.4862375028671755]","[{'accuracy': 0.7096774193548387, 'f1': 0.7272727272727273, 'sensitivity': 0.8571428571428571, 'specificity': 0.5882352941176471}, {'accuracy': 0.6774193548387096, 'f1': 0.5454545454545454, 'sensitivity': 0.42857142857142855, 'specificity': 0.8823529411764706}, {'accuracy': 0.6129032258064516, 'f1': 0.45454545454545453, 'sensitivity': 0.35714285714285715, 'specificity': 0.8235294117647058}, {'accuracy': 0.5806451612903226, 'f1': 0.43478260869565216, 'sensitivity': 0.35714285714285715, 'specificity': 0.7647058823529411}, {'accuracy': 0.6451612903225806, 'f1': 0.6206896551724138, 'sensitivity': 0.6428571428571429, 'specificity': 0.6470588235294118}, {'accuracy': 0.5483870967741935, 'f1': 0.36363636363636365, 'sensitivity': 0.2857142857142857, 'specificity': 0.7647058823529411}, {'accuracy': 0.6451612903225806, 'f1': 0.6857142857142857, 'sensitivity': 0.8571428571428571, 'specificity': 0.47058823529411764}, {'accuracy': 0.6451612903225806, 'f1': 0.717948717948718, 'sensitivity': 1.0, 'specificity': 0.35294117647058826}]",COMPLETE
11,0.7096774193548387,2026-07-29 11:18:22.532697,2026-07-29 11:18:35.262438,0 days 00:00:12.729741,0.5,0.01108625345512942,0.00018173304454637375,"{'overall': {'n': 31, 'accuracy': 0.7096774193548387, 'precision': 0.6470588235294118, 'recall': 0.7857142857142857, 'sensitivity': 0.7857142857142857, 'specificity': 0.6470588235294118, 'balanced_accuracy': 0.7163865546218487, 'f1': 0.7096774193548387, 'confusion_matrix': [[11, 6], [3, 11]], 'auc': 0.7857142857142857, 'roc_curve': {'fpr': [0.0, 0.0, 0.0, 0.058823529411764705, 0.058823529411764705, 0.29411764705882354, 0.29411764705882354, 0.35294117647058826, 0.35294117647058826, 0.4117647058823529, 0.4117647058823529, 1.0], 'tpr': [0.0, 0.07142857142857142, 0.2857142857142857, 0.2857142857142857, 0.35714285714285715, 0.35714285714285715, 0.7142857142857143, 0.7142857142857143, 0.9285714285714286, 0.9285714285714286, 1.0, 1.0]}}, 'India': {'n': 14, 'accuracy': 0.6428571428571429, 'precision': 0.7777777777777778, 'recall': 0.7, 'sensitivity': 0.7, 'specificity': 0.5, 'balanced_accuracy': 0.6, 'f1': 0.7368421052631579, 'confusion_matrix': [[2, 2], [3, 7]], 'auc': 0.55, 'roc_curve': {'fpr': [0.0, 0.0, 0.25, 0.25, 0.5, 0.5, 0.75, 0.75, 1.0], 'tpr': [0.0, 0.1, 0.1, 0.2, 0.2, 0.9, 0.9, 1.0, 1.0]}}, 'Italy': {'n': 17, 'accuracy': 0.7647058823529411, 'precision': 0.5, 'recall': 1.0, 'sensitivity': 1.0, 'specificity': 0.6923076923076923, 'balanced_accuracy': 0.8461538461538461, 'f1': 0.6666666666666666, 'confusion_matrix': [[9, 4], [0, 4]], 'auc': 0.9423076923076923, 'roc_curve': {'fpr': [0.0, 0.0, 0.0, 0.23076923076923078, 0.23076923076923078, 1.0], 'tpr': [0.0, 0.25, 0.75, 0.75, 1.0, 1.0]}}}",convnext_tiny_forniceal_palpebral_v2,"[0.8487945267943298, 0.6417993578781076, 0.5184974599452246, 0.47114425775956137, 0.5671528715665649, 0.7004432929616397, 0.47299743833996, 0.47137013908957137, 0.5095902375218009, 0.6007829030760291]","[0.8638330851831744, 0.7218393798797361, 0.6728663656019396, 1.0694859297044816, 0.7364420198625133, 0.6873732670660941, 0.7256059531242617, 0.7085854132329265, 0.7205252849286602, 0.6811530349716064]","[{'accuracy': 0.5483870967741935, 'f1': 0.6666666666666666, 'sensitivity': 1.0, 'specificity': 0.17647058823529413}, {'accuracy': 0.6451612903225806, 'f1': 0.6857142857142857, 'sensitivity': 0.8571428571428571, 'specificity': 0.47058823529411764}, {'accuracy': 0.6774193548387096, 'f1': 0.6428571428571429, 'sensitivity': 0.6428571428571429, 'specificity': 0.7058823529411765}, {'accuracy': 0.5806451612903226, 'f1': 0.6829268292682927, 'sensitivity': 1.0, 'specificity': 0.23529411764705882}, {'accuracy': 0.5806451612903226, 'f1': 0.5185185185185185, 'sensitivity': 0.5, 'specificity': 0.6470588235294118}, {'accuracy': 0.6451612903225806, 'f1': 0.6206896551724138, 'sensitivity': 0.6428571428571429, 'specificity': 0.6470588235294118}, {'accuracy': 0.6774193548387096, 'f1': 0.6666666666666666, 'sensitivity': 0.7142857142857143, 'specificity': 0.6470588235294118}, {'accuracy': 0.6774193548387096, 'f1': 0.6666666666666666, 'sensitivity': 0.7142857142857143, 'specificity': 0.6470588235294118}, {'accuracy': 0.6129032258064516, 'f1': 0.5384615384615384, 'sensitivity': 0.5, 'specificity': 0.7058823529411765}, {'accuracy': 0.7096774193548387, 'f1': 0.7096774193548387, 'sensitivity': 0.7857142857142857, 'specificity': 0.6470588235294118}]",COMPLETE
