number,value,datetime_start,datetime_complete,duration,params_dropout_rate,params_learning_rate,params_weight_decay,user_attrs_best_val_metrics,user_attrs_model_name,user_attrs_train_loss_history,user_attrs_val_loss_history,user_attrs_val_overall_metrics_history,state
8,0.7333333333333333,2026-07-29 11:14:48.484750,2026-07-29 11:16:51.293239,0 days 00:02:02.808489,0.2,0.00015673095467235422,0.0007025166339242157,"{'overall': {'n': 31, 'accuracy': 0.7419354838709677, 'precision': 0.6875, 'recall': 0.7857142857142857, 'sensitivity': 0.7857142857142857, 'specificity': 0.7058823529411765, 'balanced_accuracy': 0.7457983193277311, 'f1': 0.7333333333333333, 'confusion_matrix': [[12, 5], [3, 11]], 'auc': 0.7605042016806722, 'roc_curve': {'fpr': [0.0, 0.0, 0.058823529411764705, 0.058823529411764705, 0.11764705882352941, 0.11764705882352941, 0.17647058823529413, 0.17647058823529413, 0.23529411764705882, 0.23529411764705882, 0.29411764705882354, 0.29411764705882354, 0.47058823529411764, 0.47058823529411764, 0.7647058823529411, 0.7647058823529411, 1.0], 'tpr': [0.0, 0.07142857142857142, 0.07142857142857142, 0.21428571428571427, 0.21428571428571427, 0.42857142857142855, 0.42857142857142855, 0.5, 0.5, 0.7142857142857143, 0.7142857142857143, 0.7857142857142857, 0.7857142857142857, 0.9285714285714286, 0.9285714285714286, 1.0, 1.0]}}, 'India': {'n': 14, 'accuracy': 0.7142857142857143, 'precision': 0.875, 'recall': 0.7, 'sensitivity': 0.7, 'specificity': 0.75, 'balanced_accuracy': 0.725, 'f1': 0.7777777777777778, 'confusion_matrix': [[3, 1], [3, 7]], 'auc': 0.75, 'roc_curve': {'fpr': [0.0, 0.0, 0.0, 0.25, 0.25, 1.0, 1.0], 'tpr': [0.0, 0.1, 0.3, 0.3, 0.9, 0.9, 1.0]}}, 'Italy': {'n': 17, 'accuracy': 0.7647058823529411, 'precision': 0.5, 'recall': 1.0, 'sensitivity': 1.0, 'specificity': 0.6923076923076923, 'balanced_accuracy': 0.8461538461538461, 'f1': 0.6666666666666666, 'confusion_matrix': [[9, 4], [0, 4]], 'auc': 0.9230769230769231, 'roc_curve': {'fpr': [0.0, 0.0, 0.07692307692307693, 0.07692307692307693, 0.15384615384615385, 0.15384615384615385, 1.0], 'tpr': [0.0, 0.25, 0.25, 0.75, 0.75, 1.0, 1.0]}}}",convnext_tiny_forniceal_palpebral_v2,"[0.8093969773273079, 0.7886468545109236, 0.7888600842482378, 0.7906108770240732, 0.7668308222374949, 0.767391524752792, 0.7580592753935833, 0.7575514288175673, 0.7555536124981991, 0.7445172395835928, 0.7526227057385607, 0.7470044100365671, 0.7388196060446655, 0.7137442397422531, 0.7140936478465593, 0.7250421460793943, 0.6958891753436757, 0.7169098740532285, 0.6988780522833065, 0.6902209901485313, 0.6898702650654073, 0.6772752919164645, 0.6738512288956415, 0.6796635016292131, 0.6704197619237057, 0.6670218057372943, 0.670698115209333, 0.6843943636433608, 0.6765768321192994, 0.6597899500610066, 0.6527805855485047, 0.651066663516622, 0.6561257044474283, 0.6288860833563772, 0.6551150018666066, 0.6447398557143957, 0.6427043208054134, 0.6188359394365427, 0.6404843468244384, 0.6198501757213047, 0.636296622201699, 0.6272201067736359, 0.6267906812583508, 0.6106258413824094, 0.6355341502598354, 0.6127256965961586, 0.6230650722575025, 0.6058402057407665, 0.5921887242469658, 0.6080755080495562, 0.6125763638489912, 0.6047907860911622, 0.5993967048164939, 0.6050875142318051, 0.6056723888634014, 0.5908776185139507, 0.5819161785703127, 0.601490053392592, 0.592083723366666, 0.5860229256201763, 0.5586799431820305, 0.5558496429806664, 0.5745079833634046, 0.5757297143644217, 0.5758354826038387, 0.5879659818954208, 0.5845679296117251, 0.5676194476027067, 0.565287648415079, 0.553688722402871, 0.5673522523471287, 0.5832312354425184, 0.5594285702218815, 0.5510743645583691, 0.559068655987986, 0.5535864643499154, 0.5487753047424109, 0.5575434401327249, 0.5619597149138548, 0.5495246433887352, 0.5651418854590176, 0.5540637248227386, 0.5343877669094371, 0.5543342107007293, 0.5194057810063265, 0.5470623669981145, 0.5159698043550763, 0.529115570645754, 0.5490541952807887, 0.5524313328217487, 0.536252421586692, 0.5199215331045138, 0.5575133708058572, 0.5405736208772983, 0.4951369399521627, 0.5217502040116966, 0.5366825643850832, 0.5190248092015585, 0.5297766100792658, 0.5470466037996772]","[0.7728993815760459, 0.7702380418777466, 0.7669228199989565, 0.764593243598938, 0.7615075918935961, 0.7583855717412887, 0.7554882168769836, 0.7543718564894891, 0.753308976850202, 0.7519523962851493, 0.7484107652018147, 0.7446688317483471, 0.7430746170782274, 0.7415222102595914, 0.7397082198050714, 0.7382389422385923, 0.7367511007093615, 0.7355617130956342, 0.7341973127857331, 0.7327259509794174, 0.7314925328377755, 0.7297272701417247, 0.7291562711038897, 0.7280499819786318, 0.727058804804279, 0.7265401328763654, 0.728178656870319, 0.7277271728361806, 0.7250699093264918, 0.7233836458575341, 0.7231426373604806, 0.7212064304659443, 0.7201116315780147, 0.7181026974032002, 0.717115375303453, 0.7154531459654531, 0.7144344487497883, 0.7137007040362204, 0.7127316094213917, 0.7111380619387473, 0.7102984536078668, 0.708933214987478, 0.7078771283549647, 0.7071534241399458, 0.7063176728064015, 0.7054695506249705, 0.7054747073881088, 0.7046326321940268, 0.7039506262348544, 0.7030882681569746, 0.7021931679018082, 0.7012585151580072, 0.6999902879038165, 0.6989167332649231, 0.6981900161312472, 0.6969024423630007, 0.6955332006177595, 0.6943071619156869, 0.6932150683095378, 0.6925236063618814, 0.6915165878111317, 0.6910625215499632, 0.6903753184503124, 0.6896820722087738, 0.6888659538761261, 0.6886714658429546, 0.6874861582632987, 0.687314223858618, 0.6867979168891907, 0.6865438761249665, 0.6865522784571494, 0.6863774445749098, 0.6854574209259402, 0.68471348093402, 0.6837675898305832, 0.6830609383121613, 0.6822590712578066, 0.6820205103966498, 0.681253308250058, 0.680625811699898, 0.6801786730366368, 0.6788987517356873, 0.6788573784212912, 0.6782608724409535, 0.6774317824071453, 0.6763334956861311, 0.6761843312171197, 0.6754492636649839, 0.6744164930235955, 0.6733608188167695, 0.6731248901736352, 0.6723914319469083, 0.6718942407638796, 0.6712058301894895, 0.6709235829691733, 0.6697273658167932, 0.6697830154049781, 0.6697480370921474, 0.6696438943186114, 0.6689173636897918]","[{'accuracy': 0.7419354838709677, 'f1': 0.7142857142857143, 'sensitivity': 0.7142857142857143, 'specificity': 0.7647058823529411}, {'accuracy': 0.6774193548387096, 'f1': 0.6428571428571429, 'sensitivity': 0.6428571428571429, 'specificity': 0.7058823529411765}, {'accuracy': 0.7096774193548387, 'f1': 0.6666666666666666, 'sensitivity': 0.6428571428571429, 'specificity': 0.7647058823529411}, {'accuracy': 0.7096774193548387, 'f1': 0.6666666666666666, 'sensitivity': 0.6428571428571429, 'specificity': 0.7647058823529411}, {'accuracy': 0.7096774193548387, 'f1': 0.6666666666666666, 'sensitivity': 0.6428571428571429, 'specificity': 0.7647058823529411}, {'accuracy': 0.7096774193548387, 'f1': 0.6666666666666666, 'sensitivity': 0.6428571428571429, 'specificity': 0.7647058823529411}, {'accuracy': 0.7096774193548387, 'f1': 0.6666666666666666, 'sensitivity': 0.6428571428571429, 'specificity': 0.7647058823529411}, {'accuracy': 0.7096774193548387, 'f1': 0.6666666666666666, 'sensitivity': 0.6428571428571429, 'specificity': 0.7647058823529411}, {'accuracy': 0.7096774193548387, 'f1': 0.6666666666666666, 'sensitivity': 0.6428571428571429, 'specificity': 0.7647058823529411}, {'accuracy': 0.7096774193548387, 'f1': 0.6666666666666666, 'sensitivity': 0.6428571428571429, 'specificity': 0.7647058823529411}, {'accuracy': 0.7096774193548387, 'f1': 0.6666666666666666, 'sensitivity': 0.6428571428571429, 'specificity': 0.7647058823529411}, {'accuracy': 0.7096774193548387, 'f1': 0.7096774193548387, 'sensitivity': 0.7857142857142857, 'specificity': 0.6470588235294118}, {'accuracy': 0.6774193548387096, 'f1': 0.6428571428571429, 'sensitivity': 0.6428571428571429, 'specificity': 0.7058823529411765}, {'accuracy': 0.6774193548387096, 'f1': 0.6428571428571429, 'sensitivity': 0.6428571428571429, 'specificity': 0.7058823529411765}, {'accuracy': 0.7096774193548387, 'f1': 0.6666666666666666, 'sensitivity': 0.6428571428571429, 'specificity': 0.7647058823529411}, {'accuracy': 0.7096774193548387, 'f1': 0.6666666666666666, 'sensitivity': 0.6428571428571429, 'specificity': 0.7647058823529411}, {'accuracy': 0.7096774193548387, 'f1': 0.6896551724137931, 'sensitivity': 0.7142857142857143, 'specificity': 0.7058823529411765}, {'accuracy': 0.7096774193548387, 'f1': 0.6666666666666666, 'sensitivity': 0.6428571428571429, 'specificity': 0.7647058823529411}, {'accuracy': 0.7096774193548387, 'f1': 0.6666666666666666, 'sensitivity': 0.6428571428571429, 'specificity': 0.7647058823529411}, {'accuracy': 0.7096774193548387, 'f1': 0.7096774193548387, 'sensitivity': 0.7857142857142857, 'specificity': 0.6470588235294118}, {'accuracy': 0.6774193548387096, 'f1': 0.6875, 'sensitivity': 0.7857142857142857, 'specificity': 0.5882352941176471}, {'accuracy': 0.7419354838709677, 'f1': 0.7333333333333333, 'sensitivity': 0.7857142857142857, 'specificity': 0.7058823529411765}, {'accuracy': 0.7096774193548387, 'f1': 0.6666666666666666, 'sensitivity': 0.6428571428571429, 'specificity': 0.7647058823529411}, {'accuracy': 0.7419354838709677, 'f1': 0.7142857142857143, 'sensitivity': 0.7142857142857143, 'specificity': 0.7647058823529411}, {'accuracy': 0.7419354838709677, 'f1': 0.7142857142857143, 'sensitivity': 0.7142857142857143, 'specificity': 0.7647058823529411}, {'accuracy': 0.7096774193548387, 'f1': 0.6666666666666666, 'sensitivity': 0.6428571428571429, 'specificity': 0.7647058823529411}, {'accuracy': 0.6774193548387096, 'f1': 0.6153846153846154, 'sensitivity': 0.5714285714285714, 'specificity': 0.7647058823529411}, {'accuracy': 0.6774193548387096, 'f1': 0.6153846153846154, 'sensitivity': 0.5714285714285714, 'specificity': 0.7647058823529411}, {'accuracy': 0.6774193548387096, 'f1': 0.6153846153846154, 'sensitivity': 0.5714285714285714, 'specificity': 0.7647058823529411}, {'accuracy': 0.6774193548387096, 'f1': 0.6153846153846154, 'sensitivity': 0.5714285714285714, 'specificity': 0.7647058823529411}, {'accuracy': 0.6774193548387096, 'f1': 0.6153846153846154, 'sensitivity': 0.5714285714285714, 'specificity': 0.7647058823529411}, {'accuracy': 0.7096774193548387, 'f1': 0.6666666666666666, 'sensitivity': 0.6428571428571429, 'specificity': 0.7647058823529411}, {'accuracy': 0.7096774193548387, 'f1': 0.6666666666666666, 'sensitivity': 0.6428571428571429, 'specificity': 0.7647058823529411}, {'accuracy': 0.7419354838709677, 'f1': 0.7333333333333333, 'sensitivity': 0.7857142857142857, 'specificity': 0.7058823529411765}, {'accuracy': 0.6129032258064516, 'f1': 0.6470588235294118, 'sensitivity': 0.7857142857142857, 'specificity': 0.47058823529411764}, {'accuracy': 0.7096774193548387, 'f1': 0.7096774193548387, 'sensitivity': 0.7857142857142857, 'specificity': 0.6470588235294118}, {'accuracy': 0.7419354838709677, 'f1': 0.7333333333333333, 'sensitivity': 0.7857142857142857, 'specificity': 0.7058823529411765}, {'accuracy': 0.7419354838709677, 'f1': 0.7142857142857143, 'sensitivity': 0.7142857142857143, 'specificity': 0.7647058823529411}, {'accuracy': 0.7419354838709677, 'f1': 0.7142857142857143, 'sensitivity': 0.7142857142857143, 'specificity': 0.7647058823529411}, {'accuracy': 0.7419354838709677, 'f1': 0.7333333333333333, 'sensitivity': 0.7857142857142857, 'specificity': 0.7058823529411765}, {'accuracy': 0.7419354838709677, 'f1': 0.7333333333333333, 'sensitivity': 0.7857142857142857, 'specificity': 0.7058823529411765}, {'accuracy': 0.7096774193548387, 'f1': 0.7096774193548387, 'sensitivity': 0.7857142857142857, 'specificity': 0.6470588235294118}, {'accuracy': 0.7096774193548387, 'f1': 0.7096774193548387, 'sensitivity': 0.7857142857142857, 'specificity': 0.6470588235294118}, {'accuracy': 0.7096774193548387, 'f1': 0.7096774193548387, 'sensitivity': 0.7857142857142857, 'specificity': 0.6470588235294118}, {'accuracy': 0.7419354838709677, 'f1': 0.7333333333333333, 'sensitivity': 0.7857142857142857, 'specificity': 0.7058823529411765}, {'accuracy': 0.7096774193548387, 'f1': 0.7096774193548387, 'sensitivity': 0.7857142857142857, 'specificity': 0.6470588235294118}, {'accuracy': 0.7096774193548387, 'f1': 0.7096774193548387, 'sensitivity': 0.7857142857142857, 'specificity': 0.6470588235294118}, {'accuracy': 0.7096774193548387, 'f1': 0.7096774193548387, 'sensitivity': 0.7857142857142857, 'specificity': 0.6470588235294118}, {'accuracy': 0.7096774193548387, 'f1': 0.7096774193548387, 'sensitivity': 0.7857142857142857, 'specificity': 0.6470588235294118}, {'accuracy': 0.7096774193548387, 'f1': 0.7096774193548387, 'sensitivity': 0.7857142857142857, 'specificity': 0.6470588235294118}, {'accuracy': 0.7419354838709677, 'f1': 0.7333333333333333, 'sensitivity': 0.7857142857142857, 'specificity': 0.7058823529411765}, {'accuracy': 0.7419354838709677, 'f1': 0.7333333333333333, 'sensitivity': 0.7857142857142857, 'specificity': 0.7058823529411765}, {'accuracy': 0.7096774193548387, 'f1': 0.7096774193548387, 'sensitivity': 0.7857142857142857, 'specificity': 0.6470588235294118}, {'accuracy': 0.7096774193548387, 'f1': 0.7096774193548387, 'sensitivity': 0.7857142857142857, 'specificity': 0.6470588235294118}, {'accuracy': 0.7096774193548387, 'f1': 0.7096774193548387, 'sensitivity': 0.7857142857142857, 'specificity': 0.6470588235294118}, {'accuracy': 0.7096774193548387, 'f1': 0.7096774193548387, 'sensitivity': 0.7857142857142857, 'specificity': 0.6470588235294118}, {'accuracy': 0.7096774193548387, 'f1': 0.7096774193548387, 'sensitivity': 0.7857142857142857, 'specificity': 0.6470588235294118}, {'accuracy': 0.7096774193548387, 'f1': 0.7096774193548387, 'sensitivity': 0.7857142857142857, 'specificity': 0.6470588235294118}, {'accuracy': 0.7096774193548387, 'f1': 0.7096774193548387, 'sensitivity': 0.7857142857142857, 'specificity': 0.6470588235294118}, {'accuracy': 0.7096774193548387, 'f1': 0.7096774193548387, 'sensitivity': 0.7857142857142857, 'specificity': 0.6470588235294118}, {'accuracy': 0.7096774193548387, 'f1': 0.7096774193548387, 'sensitivity': 0.7857142857142857, 'specificity': 0.6470588235294118}, {'accuracy': 0.7096774193548387, 'f1': 0.7096774193548387, 'sensitivity': 0.7857142857142857, 'specificity': 0.6470588235294118}, {'accuracy': 0.7096774193548387, 'f1': 0.7096774193548387, 'sensitivity': 0.7857142857142857, 'specificity': 0.6470588235294118}, {'accuracy': 0.7096774193548387, 'f1': 0.7096774193548387, 'sensitivity': 0.7857142857142857, 'specificity': 0.6470588235294118}, {'accuracy': 0.7096774193548387, 'f1': 0.7096774193548387, 'sensitivity': 0.7857142857142857, 'specificity': 0.6470588235294118}, {'accuracy': 0.7419354838709677, 'f1': 0.7333333333333333, 'sensitivity': 0.7857142857142857, 'specificity': 0.7058823529411765}, {'accuracy': 0.7096774193548387, 'f1': 0.7096774193548387, 'sensitivity': 0.7857142857142857, 'specificity': 0.6470588235294118}, {'accuracy': 0.7419354838709677, 'f1': 0.7333333333333333, 'sensitivity': 0.7857142857142857, 'specificity': 0.7058823529411765}, {'accuracy': 0.7096774193548387, 'f1': 0.7096774193548387, 'sensitivity': 0.7857142857142857, 'specificity': 0.6470588235294118}, {'accuracy': 0.7096774193548387, 'f1': 0.7096774193548387, 'sensitivity': 0.7857142857142857, 'specificity': 0.6470588235294118}, {'accuracy': 0.7096774193548387, 'f1': 0.7096774193548387, 'sensitivity': 0.7857142857142857, 'specificity': 0.6470588235294118}, {'accuracy': 0.7096774193548387, 'f1': 0.7096774193548387, 'sensitivity': 0.7857142857142857, 'specificity': 0.6470588235294118}, {'accuracy': 0.7096774193548387, 'f1': 0.7096774193548387, 'sensitivity': 0.7857142857142857, 'specificity': 0.6470588235294118}, {'accuracy': 0.7096774193548387, 'f1': 0.7096774193548387, 'sensitivity': 0.7857142857142857, 'specificity': 0.6470588235294118}, {'accuracy': 0.7096774193548387, 'f1': 0.7096774193548387, 'sensitivity': 0.7857142857142857, 'specificity': 0.6470588235294118}, {'accuracy': 0.7096774193548387, 'f1': 0.7096774193548387, 'sensitivity': 0.7857142857142857, 'specificity': 0.6470588235294118}, {'accuracy': 0.7096774193548387, 'f1': 0.7096774193548387, 'sensitivity': 0.7857142857142857, 'specificity': 0.6470588235294118}, {'accuracy': 0.7096774193548387, 'f1': 0.7096774193548387, 'sensitivity': 0.7857142857142857, 'specificity': 0.6470588235294118}, {'accuracy': 0.7096774193548387, 'f1': 0.7096774193548387, 'sensitivity': 0.7857142857142857, 'specificity': 0.6470588235294118}, {'accuracy': 0.7096774193548387, 'f1': 0.7096774193548387, 'sensitivity': 0.7857142857142857, 'specificity': 0.6470588235294118}, {'accuracy': 0.7096774193548387, 'f1': 0.7096774193548387, 'sensitivity': 0.7857142857142857, 'specificity': 0.6470588235294118}, {'accuracy': 0.7096774193548387, 'f1': 0.7096774193548387, 'sensitivity': 0.7857142857142857, 'specificity': 0.6470588235294118}, {'accuracy': 0.7096774193548387, 'f1': 0.7096774193548387, 'sensitivity': 0.7857142857142857, 'specificity': 0.6470588235294118}, {'accuracy': 0.7096774193548387, 'f1': 0.7096774193548387, 'sensitivity': 0.7857142857142857, 'specificity': 0.6470588235294118}, {'accuracy': 0.7096774193548387, 'f1': 0.7096774193548387, 'sensitivity': 0.7857142857142857, 'specificity': 0.6470588235294118}, {'accuracy': 0.7096774193548387, 'f1': 0.7096774193548387, 'sensitivity': 0.7857142857142857, 'specificity': 0.6470588235294118}, {'accuracy': 0.7096774193548387, 'f1': 0.7096774193548387, 'sensitivity': 0.7857142857142857, 'specificity': 0.6470588235294118}, {'accuracy': 0.7096774193548387, 'f1': 0.7096774193548387, 'sensitivity': 0.7857142857142857, 'specificity': 0.6470588235294118}, {'accuracy': 0.7096774193548387, 'f1': 0.7096774193548387, 'sensitivity': 0.7857142857142857, 'specificity': 0.6470588235294118}, {'accuracy': 0.7096774193548387, 'f1': 0.7096774193548387, 'sensitivity': 0.7857142857142857, 'specificity': 0.6470588235294118}, {'accuracy': 0.6774193548387096, 'f1': 0.6875, 'sensitivity': 0.7857142857142857, 'specificity': 0.5882352941176471}, {'accuracy': 0.6774193548387096, 'f1': 0.6875, 'sensitivity': 0.7857142857142857, 'specificity': 0.5882352941176471}, {'accuracy': 0.6774193548387096, 'f1': 0.6875, 'sensitivity': 0.7857142857142857, 'specificity': 0.5882352941176471}, {'accuracy': 0.6774193548387096, 'f1': 0.6875, 'sensitivity': 0.7857142857142857, 'specificity': 0.5882352941176471}, {'accuracy': 0.6774193548387096, 'f1': 0.6875, 'sensitivity': 0.7857142857142857, 'specificity': 0.5882352941176471}, {'accuracy': 0.6774193548387096, 'f1': 0.6875, 'sensitivity': 0.7857142857142857, 'specificity': 0.5882352941176471}, {'accuracy': 0.6774193548387096, 'f1': 0.6875, 'sensitivity': 0.7857142857142857, 'specificity': 0.5882352941176471}, {'accuracy': 0.6774193548387096, 'f1': 0.6875, 'sensitivity': 0.7857142857142857, 'specificity': 0.5882352941176471}, {'accuracy': 0.6774193548387096, 'f1': 0.6875, 'sensitivity': 0.7857142857142857, 'specificity': 0.5882352941176471}, {'accuracy': 0.6774193548387096, 'f1': 0.6875, 'sensitivity': 0.7857142857142857, 'specificity': 0.5882352941176471}]",COMPLETE
