number,value,datetime_start,datetime_complete,duration,params_dropout_rate,params_learning_rate,params_weight_decay,user_attrs_best_val_metrics,user_attrs_model_name,user_attrs_train_loss_history,user_attrs_val_loss_history,user_attrs_val_overall_metrics_history,state
7,0.8484848484848485,2026-07-29 11:03:15.760357,2026-07-29 11:03:32.700715,0 days 00:00:16.940358,0.2,0.005987474910461402,1.3783237455007196e-06,"{'overall': {'n': 33, 'accuracy': 0.8484848484848485, 'precision': 0.7368421052631579, 'recall': 1.0, 'sensitivity': 1.0, 'specificity': 0.7368421052631579, 'balanced_accuracy': 0.868421052631579, 'f1': 0.8484848484848485, 'confusion_matrix': [[14, 5], [0, 14]], 'auc': 0.9172932330827068, 'roc_curve': {'fpr': [0.0, 0.0, 0.0, 0.05263157894736842, 0.05263157894736842, 0.10526315789473684, 0.10526315789473684, 0.15789473684210525, 0.15789473684210525, 0.2631578947368421, 0.2631578947368421, 1.0], 'tpr': [0.0, 0.07142857142857142, 0.21428571428571427, 0.21428571428571427, 0.6428571428571429, 0.6428571428571429, 0.7142857142857143, 0.7142857142857143, 0.9285714285714286, 0.9285714285714286, 1.0, 1.0]}}, 'India': {'n': 14, 'accuracy': 0.8571428571428571, 'precision': 0.8333333333333334, 'recall': 1.0, 'sensitivity': 1.0, 'specificity': 0.5, 'balanced_accuracy': 0.75, 'f1': 0.9090909090909091, 'confusion_matrix': [[2, 2], [0, 10]], 'auc': 0.875, 'roc_curve': {'fpr': [0.0, 0.0, 0.0, 0.25, 0.25, 0.5, 0.5, 1.0], 'tpr': [0.0, 0.1, 0.6, 0.6, 0.9, 0.9, 1.0, 1.0]}}, 'Italy': {'n': 19, 'accuracy': 0.8421052631578947, 'precision': 0.5714285714285714, 'recall': 1.0, 'sensitivity': 1.0, 'specificity': 0.8, 'balanced_accuracy': 0.9, 'f1': 0.7272727272727273, 'confusion_matrix': [[12, 3], [0, 4]], 'auc': 0.9500000000000001, 'roc_curve': {'fpr': [0.0, 0.0, 0.06666666666666667, 0.06666666666666667, 1.0], 'tpr': [0.0, 0.25, 0.25, 1.0, 1.0]}}}",convnext_tiny_palpebral_v2,"[0.7356672060015975, 0.5807958774219285, 0.5585853335083715, 0.519820508183233, 0.5083222622113512, 0.46190409628760737, 0.4815377127255825, 0.46666030615370796, 0.4313178097964912, 0.4917225666985606, 0.44859006704873594, 0.4534888117518646, 0.5018008213169527]","[0.502199902678981, 0.588389353318648, 0.440912405649821, 0.4507921247771292, 0.4718852765632398, 0.3972732804038308, 0.45978232586022577, 0.4188078533519398, 0.45356434764284076, 0.4269047939416134, 0.5093670252597693, 0.4373402740016128, 0.4914316408561938]","[{'accuracy': 0.8484848484848485, 'f1': 0.8275862068965517, 'sensitivity': 0.8571428571428571, 'specificity': 0.8421052631578947}, {'accuracy': 0.7575757575757576, 'f1': 0.7777777777777778, 'sensitivity': 1.0, 'specificity': 0.5789473684210527}, {'accuracy': 0.8181818181818182, 'f1': 0.8125, 'sensitivity': 0.9285714285714286, 'specificity': 0.7368421052631579}, {'accuracy': 0.8181818181818182, 'f1': 0.8125, 'sensitivity': 0.9285714285714286, 'specificity': 0.7368421052631579}, {'accuracy': 0.8484848484848485, 'f1': 0.8484848484848485, 'sensitivity': 1.0, 'specificity': 0.7368421052631579}, {'accuracy': 0.8484848484848485, 'f1': 0.8387096774193549, 'sensitivity': 0.9285714285714286, 'specificity': 0.7894736842105263}, {'accuracy': 0.8181818181818182, 'f1': 0.8125, 'sensitivity': 0.9285714285714286, 'specificity': 0.7368421052631579}, {'accuracy': 0.8181818181818182, 'f1': 0.8125, 'sensitivity': 0.9285714285714286, 'specificity': 0.7368421052631579}, {'accuracy': 0.8181818181818182, 'f1': 0.8125, 'sensitivity': 0.9285714285714286, 'specificity': 0.7368421052631579}, {'accuracy': 0.8484848484848485, 'f1': 0.8387096774193549, 'sensitivity': 0.9285714285714286, 'specificity': 0.7894736842105263}, {'accuracy': 0.8181818181818182, 'f1': 0.8235294117647058, 'sensitivity': 1.0, 'specificity': 0.6842105263157895}, {'accuracy': 0.8484848484848485, 'f1': 0.8387096774193549, 'sensitivity': 0.9285714285714286, 'specificity': 0.7894736842105263}, {'accuracy': 0.8484848484848485, 'f1': 0.8484848484848485, 'sensitivity': 1.0, 'specificity': 0.7368421052631579}]",COMPLETE
8,0.9032258064516129,2026-07-29 11:03:32.701063,2026-07-29 11:05:40.222326,0 days 00:02:07.521263,0.2,0.00015673095467235422,0.0007025166339242157,"{'overall': {'n': 33, 'accuracy': 0.9090909090909091, 'precision': 0.8235294117647058, 'recall': 1.0, 'sensitivity': 1.0, 'specificity': 0.8421052631578947, 'balanced_accuracy': 0.9210526315789473, 'f1': 0.9032258064516129, 'confusion_matrix': [[16, 3], [0, 14]], 'auc': 0.8759398496240601, 'roc_curve': {'fpr': [0.0, 0.05263157894736842, 0.05263157894736842, 0.10526315789473684, 0.10526315789473684, 0.15789473684210525, 0.15789473684210525, 1.0], 'tpr': [0.0, 0.0, 0.14285714285714285, 0.14285714285714285, 0.5, 0.5, 1.0, 1.0]}}, 'India': {'n': 14, 'accuracy': 1.0, 'precision': 1.0, 'recall': 1.0, 'sensitivity': 1.0, 'specificity': 1.0, 'balanced_accuracy': 1.0, 'f1': 1.0, 'confusion_matrix': [[4, 0], [0, 10]], 'auc': 1.0, 'roc_curve': {'fpr': [0.0, 0.0, 0.0, 1.0], 'tpr': [0.0, 0.1, 1.0, 1.0]}}, 'Italy': {'n': 19, 'accuracy': 0.8421052631578947, 'precision': 0.5714285714285714, 'recall': 1.0, 'sensitivity': 1.0, 'specificity': 0.8, 'balanced_accuracy': 0.9, 'f1': 0.7272727272727273, 'confusion_matrix': [[12, 3], [0, 4]], 'auc': 0.9, 'roc_curve': {'fpr': [0.0, 0.06666666666666667, 0.06666666666666667, 0.13333333333333333, 0.13333333333333333, 1.0], 'tpr': [0.0, 0.0, 0.5, 0.5, 1.0, 1.0]}}}",convnext_tiny_palpebral_v2,"[0.8385857469988185, 0.8179180180000154, 0.7857300662836492, 0.7842693968324472, 0.766379522172031, 0.7569414558789588, 0.7485855715164286, 0.7231327279514035, 0.7178536100892832, 0.7322646643941766, 0.7094834450854371, 0.7119015549981831, 0.6959321088348793, 0.6749153784568737, 0.6778985696123135, 0.6787324674082118, 0.6621078039636675, 0.6632396562999447, 0.6745272993251977, 0.6611928075354621, 0.6483324268795797, 0.6374301030146365, 0.629594337071804, 0.6136599968600747, 0.6416828344199831, 0.6066892711532037, 0.6105960248321887, 0.6156497321381474, 0.628316662564183, 0.6146714553138278, 0.5867355203391701, 0.6294381886918023, 0.5767011687850321, 0.5742194786766507, 0.5881726094429066, 0.606200318265435, 0.5873507762586834, 0.578667661212138, 0.5788669953283095, 0.5870460954722979, 0.5758488276936361, 0.5729791620709249, 0.565588166382139, 0.5705582148191944, 0.5532726021791925, 0.556847142067966, 0.5583341966401663, 0.5560773311071838, 0.559241080915691, 0.545990743384456, 0.5403934794151231, 0.5769438443594421, 0.5647463478789424, 0.5483434401600566, 0.553959759260645, 0.5664979168121388, 0.5170078954554551, 0.546331393797666, 0.5466828362041751, 0.5550540721179634, 0.5210864541941131, 0.5367817768197976, 0.5635797622188038, 0.5326444739537524, 0.5404040533185794, 0.5586335390608832, 0.5263201710798883, 0.5235574509923822, 0.5192699690922996, 0.5141057162884844, 0.5195881813172473, 0.5314433882568056, 0.521370190263584, 0.5147955689998652, 0.5136168235974596, 0.5179684122666618, 0.5065845162268506, 0.5235847663010983, 0.5221391780092227, 0.5211281134987509, 0.537375898155945, 0.5024703200289745, 0.5035892245390557, 0.5220838370702124, 0.50386901643892, 0.5378761765183202, 0.49390787951993625, 0.503379096258555, 0.49561007942584967, 0.5065676862040892, 0.4999503315679285, 0.48966422894143113, 0.5246028623833562, 0.484791536599595, 0.5123305451001553, 0.5171723713148508, 0.5034364004008818, 0.48625443194875656, 0.5111531484995456, 0.510494323953098]","[0.8137712243831519, 0.7856441591725205, 0.769730295195724, 0.7546186194275365, 0.7401123841603597, 0.728198817282012, 0.7162467205163204, 0.704201360543569, 0.6939236864899144, 0.6856108253652399, 0.6760744163484285, 0.6664278236302462, 0.6584553556008772, 0.6499295126308094, 0.6413057446479797, 0.6349477713758295, 0.6287796063856645, 0.6229453935767665, 0.615977760517236, 0.6112432461796384, 0.6056373769586737, 0.6017409147638263, 0.600231490351937, 0.5930646856625875, 0.5865268364097133, 0.5815978754650463, 0.5756615436438358, 0.5703065178611062, 0.5664336789738048, 0.5622835737286191, 0.5586660992015492, 0.5557408332824707, 0.5540231755285552, 0.5502161293318777, 0.5469904487783258, 0.5428643298871589, 0.5382737788287076, 0.5359908775849775, 0.5362975778001727, 0.5361452644521539, 0.5316747246366559, 0.5288225701360991, 0.5249020439205747, 0.5222883874719794, 0.5214131131316676, 0.5195774706927213, 0.5202541676434603, 0.5171368989077482, 0.5132665887023463, 0.513640486832821, 0.5106647050741947, 0.5072028275692102, 0.5091446601983273, 0.5091195756738837, 0.504526001034361, 0.5030182202657064, 0.5022868134758689, 0.500403541507143, 0.497808575630188, 0.49654777844746906, 0.49452045830813324, 0.49352041519049444, 0.4943629431002068, 0.49345522938352643, 0.49268588875279284, 0.49310799439748126, 0.4915979197531035, 0.488254113630815, 0.4894033128565008, 0.48719927036400995, 0.48694628657716693, 0.4867949269034646, 0.48550565315015387, 0.4848660411256732, 0.4825676571239125, 0.4851176377498742, 0.4825919685941754, 0.4796682126594312, 0.47684002645087964, 0.47608936194217566, 0.47519503940235486, 0.47783364671649353, 0.47683698480779474, 0.4754711859153979, 0.48030329473090894, 0.477700544126106, 0.4738404461831758, 0.47334396477901575, 0.47176630569226813, 0.4715157277656324, 0.46997729214754974, 0.47000352541605633, 0.4693761305375533, 0.46653902169429895, 0.46645315488179523, 0.46547875982342346, 0.46814832542881823, 0.4683836951400294, 0.46590552185520984, 0.46586049686778674]","[{'accuracy': 0.42424242424242425, 'f1': 0.5957446808510638, 'sensitivity': 1.0, 'specificity': 0.0}, {'accuracy': 0.6060606060606061, 'f1': 0.6285714285714286, 'sensitivity': 0.7857142857142857, 'specificity': 0.47368421052631576}, {'accuracy': 0.6363636363636364, 'f1': 0.5714285714285714, 'sensitivity': 0.5714285714285714, 'specificity': 0.6842105263157895}, {'accuracy': 0.6363636363636364, 'f1': 0.5, 'sensitivity': 0.42857142857142855, 'specificity': 0.7894736842105263}, {'accuracy': 0.6666666666666666, 'f1': 0.56, 'sensitivity': 0.5, 'specificity': 0.7894736842105263}, {'accuracy': 0.7272727272727273, 'f1': 0.64, 'sensitivity': 0.5714285714285714, 'specificity': 0.8421052631578947}, {'accuracy': 0.7575757575757576, 'f1': 0.6923076923076923, 'sensitivity': 0.6428571428571429, 'specificity': 0.8421052631578947}, {'accuracy': 0.8484848484848485, 'f1': 0.8275862068965517, 'sensitivity': 0.8571428571428571, 'specificity': 0.8421052631578947}, {'accuracy': 0.8787878787878788, 'f1': 0.8666666666666667, 'sensitivity': 0.9285714285714286, 'specificity': 0.8421052631578947}, {'accuracy': 0.8787878787878788, 'f1': 0.875, 'sensitivity': 1.0, 'specificity': 0.7894736842105263}, {'accuracy': 0.8787878787878788, 'f1': 0.875, 'sensitivity': 1.0, 'specificity': 0.7894736842105263}, {'accuracy': 0.9090909090909091, 'f1': 0.9032258064516129, 'sensitivity': 1.0, 'specificity': 0.8421052631578947}, {'accuracy': 0.9090909090909091, 'f1': 0.9032258064516129, 'sensitivity': 1.0, 'specificity': 0.8421052631578947}, {'accuracy': 0.8787878787878788, 'f1': 0.8666666666666667, 'sensitivity': 0.9285714285714286, 'specificity': 0.8421052631578947}, {'accuracy': 0.8484848484848485, 'f1': 0.8275862068965517, 'sensitivity': 0.8571428571428571, 'specificity': 0.8421052631578947}, {'accuracy': 0.8787878787878788, 'f1': 0.8666666666666667, 'sensitivity': 0.9285714285714286, 'specificity': 0.8421052631578947}, {'accuracy': 0.8787878787878788, 'f1': 0.8666666666666667, 'sensitivity': 0.9285714285714286, 'specificity': 0.8421052631578947}, {'accuracy': 0.8787878787878788, 'f1': 0.8666666666666667, 'sensitivity': 0.9285714285714286, 'specificity': 0.8421052631578947}, {'accuracy': 0.8787878787878788, 'f1': 0.8666666666666667, 'sensitivity': 0.9285714285714286, 'specificity': 0.8421052631578947}, {'accuracy': 0.8787878787878788, 'f1': 0.8666666666666667, 'sensitivity': 0.9285714285714286, 'specificity': 0.8421052631578947}, {'accuracy': 0.8787878787878788, 'f1': 0.8666666666666667, 'sensitivity': 0.9285714285714286, 'specificity': 0.8421052631578947}, {'accuracy': 0.9090909090909091, 'f1': 0.9032258064516129, 'sensitivity': 1.0, 'specificity': 0.8421052631578947}, {'accuracy': 0.8787878787878788, 'f1': 0.875, 'sensitivity': 1.0, 'specificity': 0.7894736842105263}, {'accuracy': 0.8787878787878788, 'f1': 0.875, 'sensitivity': 1.0, 'specificity': 0.7894736842105263}, {'accuracy': 0.9090909090909091, 'f1': 0.9032258064516129, 'sensitivity': 1.0, 'specificity': 0.8421052631578947}, {'accuracy': 0.9090909090909091, 'f1': 0.9032258064516129, 'sensitivity': 1.0, 'specificity': 0.8421052631578947}, {'accuracy': 0.8787878787878788, 'f1': 0.8666666666666667, 'sensitivity': 0.9285714285714286, 'specificity': 0.8421052631578947}, {'accuracy': 0.8787878787878788, 'f1': 0.8666666666666667, 'sensitivity': 0.9285714285714286, 'specificity': 0.8421052631578947}, {'accuracy': 0.8787878787878788, 'f1': 0.8666666666666667, 'sensitivity': 0.9285714285714286, 'specificity': 0.8421052631578947}, {'accuracy': 0.8787878787878788, 'f1': 0.8666666666666667, 'sensitivity': 0.9285714285714286, 'specificity': 0.8421052631578947}, {'accuracy': 0.8787878787878788, 'f1': 0.8666666666666667, 'sensitivity': 0.9285714285714286, 'specificity': 0.8421052631578947}, {'accuracy': 0.8787878787878788, 'f1': 0.8666666666666667, 'sensitivity': 0.9285714285714286, 'specificity': 0.8421052631578947}, {'accuracy': 0.8787878787878788, 'f1': 0.8666666666666667, 'sensitivity': 0.9285714285714286, 'specificity': 0.8421052631578947}, {'accuracy': 0.8787878787878788, 'f1': 0.8666666666666667, 'sensitivity': 0.9285714285714286, 'specificity': 0.8421052631578947}, {'accuracy': 0.8787878787878788, 'f1': 0.8666666666666667, 'sensitivity': 0.9285714285714286, 'specificity': 0.8421052631578947}, {'accuracy': 0.8787878787878788, 'f1': 0.8666666666666667, 'sensitivity': 0.9285714285714286, 'specificity': 0.8421052631578947}, {'accuracy': 0.8787878787878788, 'f1': 0.8666666666666667, 'sensitivity': 0.9285714285714286, 'specificity': 0.8421052631578947}, {'accuracy': 0.8787878787878788, 'f1': 0.8666666666666667, 'sensitivity': 0.9285714285714286, 'specificity': 0.8421052631578947}, {'accuracy': 0.8787878787878788, 'f1': 0.8666666666666667, 'sensitivity': 0.9285714285714286, 'specificity': 0.8421052631578947}, {'accuracy': 0.8484848484848485, 'f1': 0.8387096774193549, 'sensitivity': 0.9285714285714286, 'specificity': 0.7894736842105263}, {'accuracy': 0.8484848484848485, 'f1': 0.8387096774193549, 'sensitivity': 0.9285714285714286, 'specificity': 0.7894736842105263}, {'accuracy': 0.8484848484848485, 'f1': 0.8387096774193549, 'sensitivity': 0.9285714285714286, 'specificity': 0.7894736842105263}, {'accuracy': 0.8787878787878788, 'f1': 0.8666666666666667, 'sensitivity': 0.9285714285714286, 'specificity': 0.8421052631578947}, {'accuracy': 0.8787878787878788, 'f1': 0.8666666666666667, 'sensitivity': 0.9285714285714286, 'specificity': 0.8421052631578947}, {'accuracy': 0.8484848484848485, 'f1': 0.8387096774193549, 'sensitivity': 0.9285714285714286, 'specificity': 0.7894736842105263}, {'accuracy': 0.8484848484848485, 'f1': 0.8387096774193549, 'sensitivity': 0.9285714285714286, 'specificity': 0.7894736842105263}, {'accuracy': 0.8181818181818182, 'f1': 0.8125, 'sensitivity': 0.9285714285714286, 'specificity': 0.7368421052631579}, {'accuracy': 0.8181818181818182, 'f1': 0.8125, 'sensitivity': 0.9285714285714286, 'specificity': 0.7368421052631579}, {'accuracy': 0.8181818181818182, 'f1': 0.8125, 'sensitivity': 0.9285714285714286, 'specificity': 0.7368421052631579}, {'accuracy': 0.8181818181818182, 'f1': 0.8125, 'sensitivity': 0.9285714285714286, 'specificity': 0.7368421052631579}, {'accuracy': 0.8181818181818182, 'f1': 0.8125, 'sensitivity': 0.9285714285714286, 'specificity': 0.7368421052631579}, {'accuracy': 0.8181818181818182, 'f1': 0.8125, 'sensitivity': 0.9285714285714286, 'specificity': 0.7368421052631579}, {'accuracy': 0.8181818181818182, 'f1': 0.8125, 'sensitivity': 0.9285714285714286, 'specificity': 0.7368421052631579}, {'accuracy': 0.8181818181818182, 'f1': 0.8125, 'sensitivity': 0.9285714285714286, 'specificity': 0.7368421052631579}, {'accuracy': 0.8181818181818182, 'f1': 0.8125, 'sensitivity': 0.9285714285714286, 'specificity': 0.7368421052631579}, {'accuracy': 0.8181818181818182, 'f1': 0.8125, 'sensitivity': 0.9285714285714286, 'specificity': 0.7368421052631579}, {'accuracy': 0.8181818181818182, 'f1': 0.8125, 'sensitivity': 0.9285714285714286, 'specificity': 0.7368421052631579}, {'accuracy': 0.8181818181818182, 'f1': 0.8125, 'sensitivity': 0.9285714285714286, 'specificity': 0.7368421052631579}, {'accuracy': 0.8181818181818182, 'f1': 0.8125, 'sensitivity': 0.9285714285714286, 'specificity': 0.7368421052631579}, {'accuracy': 0.8181818181818182, 'f1': 0.8125, 'sensitivity': 0.9285714285714286, 'specificity': 0.7368421052631579}, {'accuracy': 0.8181818181818182, 'f1': 0.8125, 'sensitivity': 0.9285714285714286, 'specificity': 0.7368421052631579}, {'accuracy': 0.8181818181818182, 'f1': 0.8125, 'sensitivity': 0.9285714285714286, 'specificity': 0.7368421052631579}, {'accuracy': 0.8181818181818182, 'f1': 0.8125, 'sensitivity': 0.9285714285714286, 'specificity': 0.7368421052631579}, {'accuracy': 0.8181818181818182, 'f1': 0.8125, 'sensitivity': 0.9285714285714286, 'specificity': 0.7368421052631579}, {'accuracy': 0.8181818181818182, 'f1': 0.8125, 'sensitivity': 0.9285714285714286, 'specificity': 0.7368421052631579}, {'accuracy': 0.8181818181818182, 'f1': 0.8125, 'sensitivity': 0.9285714285714286, 'specificity': 0.7368421052631579}, {'accuracy': 0.8181818181818182, 'f1': 0.8125, 'sensitivity': 0.9285714285714286, 'specificity': 0.7368421052631579}, {'accuracy': 0.8181818181818182, 'f1': 0.8125, 'sensitivity': 0.9285714285714286, 'specificity': 0.7368421052631579}, {'accuracy': 0.8181818181818182, 'f1': 0.8125, 'sensitivity': 0.9285714285714286, 'specificity': 0.7368421052631579}, {'accuracy': 0.8181818181818182, 'f1': 0.8125, 'sensitivity': 0.9285714285714286, 'specificity': 0.7368421052631579}, {'accuracy': 0.8181818181818182, 'f1': 0.8125, 'sensitivity': 0.9285714285714286, 'specificity': 0.7368421052631579}, {'accuracy': 0.8181818181818182, 'f1': 0.8125, 'sensitivity': 0.9285714285714286, 'specificity': 0.7368421052631579}, {'accuracy': 0.8181818181818182, 'f1': 0.8125, 'sensitivity': 0.9285714285714286, 'specificity': 0.7368421052631579}, {'accuracy': 0.8181818181818182, 'f1': 0.8125, 'sensitivity': 0.9285714285714286, 'specificity': 0.7368421052631579}, {'accuracy': 0.8181818181818182, 'f1': 0.8125, 'sensitivity': 0.9285714285714286, 'specificity': 0.7368421052631579}, {'accuracy': 0.8181818181818182, 'f1': 0.8125, 'sensitivity': 0.9285714285714286, 'specificity': 0.7368421052631579}, {'accuracy': 0.8181818181818182, 'f1': 0.8125, 'sensitivity': 0.9285714285714286, 'specificity': 0.7368421052631579}, {'accuracy': 0.8181818181818182, 'f1': 0.8125, 'sensitivity': 0.9285714285714286, 'specificity': 0.7368421052631579}, {'accuracy': 0.8181818181818182, 'f1': 0.8125, 'sensitivity': 0.9285714285714286, 'specificity': 0.7368421052631579}, {'accuracy': 0.8181818181818182, 'f1': 0.8125, 'sensitivity': 0.9285714285714286, 'specificity': 0.7368421052631579}, {'accuracy': 0.8181818181818182, 'f1': 0.8125, 'sensitivity': 0.9285714285714286, 'specificity': 0.7368421052631579}, {'accuracy': 0.8181818181818182, 'f1': 0.8125, 'sensitivity': 0.9285714285714286, 'specificity': 0.7368421052631579}, {'accuracy': 0.8181818181818182, 'f1': 0.8125, 'sensitivity': 0.9285714285714286, 'specificity': 0.7368421052631579}, {'accuracy': 0.8181818181818182, 'f1': 0.8125, 'sensitivity': 0.9285714285714286, 'specificity': 0.7368421052631579}, {'accuracy': 0.8181818181818182, 'f1': 0.8125, 'sensitivity': 0.9285714285714286, 'specificity': 0.7368421052631579}, {'accuracy': 0.8181818181818182, 'f1': 0.8125, 'sensitivity': 0.9285714285714286, 'specificity': 0.7368421052631579}, {'accuracy': 0.8181818181818182, 'f1': 0.8125, 'sensitivity': 0.9285714285714286, 'specificity': 0.7368421052631579}, {'accuracy': 0.8181818181818182, 'f1': 0.8125, 'sensitivity': 0.9285714285714286, 'specificity': 0.7368421052631579}, {'accuracy': 0.8181818181818182, 'f1': 0.8125, 'sensitivity': 0.9285714285714286, 'specificity': 0.7368421052631579}, {'accuracy': 0.8181818181818182, 'f1': 0.8125, 'sensitivity': 0.9285714285714286, 'specificity': 0.7368421052631579}, {'accuracy': 0.8181818181818182, 'f1': 0.8125, 'sensitivity': 0.9285714285714286, 'specificity': 0.7368421052631579}, {'accuracy': 0.8181818181818182, 'f1': 0.8125, 'sensitivity': 0.9285714285714286, 'specificity': 0.7368421052631579}, {'accuracy': 0.8181818181818182, 'f1': 0.8125, 'sensitivity': 0.9285714285714286, 'specificity': 0.7368421052631579}, {'accuracy': 0.8181818181818182, 'f1': 0.8125, 'sensitivity': 0.9285714285714286, 'specificity': 0.7368421052631579}, {'accuracy': 0.8181818181818182, 'f1': 0.8125, 'sensitivity': 0.9285714285714286, 'specificity': 0.7368421052631579}, {'accuracy': 0.8181818181818182, 'f1': 0.8125, 'sensitivity': 0.9285714285714286, 'specificity': 0.7368421052631579}, {'accuracy': 0.8181818181818182, 'f1': 0.8125, 'sensitivity': 0.9285714285714286, 'specificity': 0.7368421052631579}, {'accuracy': 0.8181818181818182, 'f1': 0.8125, 'sensitivity': 0.9285714285714286, 'specificity': 0.7368421052631579}, {'accuracy': 0.8181818181818182, 'f1': 0.8125, 'sensitivity': 0.9285714285714286, 'specificity': 0.7368421052631579}, {'accuracy': 0.8181818181818182, 'f1': 0.8125, 'sensitivity': 0.9285714285714286, 'specificity': 0.7368421052631579}]",COMPLETE
