number,value,datetime_start,datetime_complete,duration,params_learning_rate,params_weight_decay,user_attrs_best_val_metrics,user_attrs_model_name,user_attrs_train_loss_history,user_attrs_val_loss_history,state
9,0.8484848484848485,2026-07-19 13:18:55.223427,2026-07-19 13:19:07.549999,0 days 00:00:12.326572,0.0019762189340280074,7.4763120622522945e-06,"{'overall': {'n': 31, 'accuracy': 0.8387096774193549, 'precision': 0.7368421052631579, 'recall': 1.0, 'f1': 0.8484848484848485, 'confusion_matrix': [[12, 5], [0, 14]], 'auc': 0.8697478991596639, 'roc_curve': {'fpr': [0.0, 0.058823529411764705, 0.058823529411764705, 0.11764705882352941, 0.11764705882352941, 0.17647058823529413, 0.17647058823529413, 0.29411764705882354, 0.29411764705882354, 1.0], 'tpr': [0.0, 0.0, 0.07142857142857142, 0.07142857142857142, 0.8571428571428571, 0.8571428571428571, 0.9285714285714286, 0.9285714285714286, 1.0, 1.0]}}, 'India': {'n': 14, 'accuracy': 0.8571428571428571, 'precision': 0.8333333333333334, 'recall': 1.0, 'f1': 0.9090909090909091, 'confusion_matrix': [[2, 2], [0, 10]], 'auc': 0.725, 'roc_curve': {'fpr': [0.0, 0.25, 0.25, 0.5, 0.5, 1.0], 'tpr': [0.0, 0.0, 0.9, 0.9, 1.0, 1.0]}}, 'Italy': {'n': 17, 'accuracy': 0.8235294117647058, 'precision': 0.5714285714285714, 'recall': 1.0, 'f1': 0.7272727272727273, 'confusion_matrix': [[10, 3], [0, 4]], 'auc': 0.9230769230769231, 'roc_curve': {'fpr': [0.0, 0.07692307692307693, 0.07692307692307693, 1.0], 'tpr': [0.0, 0.0, 1.0, 1.0]}}}",efficientnet_b0_forniceal_palpebral,"[0.7616142886025565, 0.704380043509866, 0.64625409833428, 0.5580653000851067, 0.5352259294516375, 0.5496860256000441, 0.4979364089414376, 0.5005871548133642, 0.46137868476157284, 0.47969511698703377, 0.4831098885763259, 0.48512026018836873, 0.4961432096909504, 0.4702929114403368, 0.5012605271371854, 0.43603650891051, 0.5349728015004372, 0.42623103800274076, 0.38818934539548394, 0.4213397008221166]","[0.8346097796194015, 0.7452829153307022, 0.6739311487443985, 0.6421495676040649, 0.6169277429580688, 0.5978160606276605, 0.5788976184783443, 0.5747695334496037, 0.5959274413124207, 0.5637009691807532, 0.5652133312917524, 0.5850357413291931, 0.6092054151719616, 0.5509479738050892, 0.548701822757721, 0.5905845184479991, 0.614578846000856, 0.5842072040803971, 0.5821733215162831, 0.6969323273627989]",COMPLETE
10,0.8148148148148148,2026-07-19 13:19:07.550398,2026-07-19 13:19:13.178947,0 days 00:00:05.628549,0.07154800196121129,1.0422971466648463e-06,"{'overall': {'n': 31, 'accuracy': 0.8387096774193549, 'precision': 0.8461538461538461, 'recall': 0.7857142857142857, 'f1': 0.8148148148148148, 'confusion_matrix': [[15, 2], [3, 11]], 'auc': 0.8361344537815126, 'roc_curve': {'fpr': [0.0, 0.058823529411764705, 0.058823529411764705, 0.11764705882352941, 0.11764705882352941, 0.23529411764705882, 0.23529411764705882, 0.35294117647058826, 0.35294117647058826, 0.47058823529411764, 0.47058823529411764, 1.0], 'tpr': [0.0, 0.0, 0.07142857142857142, 0.07142857142857142, 0.7857142857142857, 0.7857142857142857, 0.8571428571428571, 0.8571428571428571, 0.9285714285714286, 0.9285714285714286, 1.0, 1.0]}}, 'India': {'n': 14, 'accuracy': 0.8571428571428571, 'precision': 0.9, 'recall': 0.9, 'f1': 0.9, 'confusion_matrix': [[3, 1], [1, 9]], 'auc': 0.75, 'roc_curve': {'fpr': [0.0, 0.0, 0.25, 0.25, 0.5, 0.5, 1.0], 'tpr': [0.0, 0.1, 0.1, 0.9, 0.9, 1.0, 1.0]}}, 'Italy': {'n': 17, 'accuracy': 0.8235294117647058, 'precision': 0.6666666666666666, 'recall': 0.5, 'f1': 0.5714285714285714, 'confusion_matrix': [[12, 1], [2, 2]], 'auc': 0.8076923076923077, 'roc_curve': {'fpr': [0.0, 0.07692307692307693, 0.07692307692307693, 0.23076923076923078, 0.23076923076923078, 0.38461538461538464, 0.38461538461538464, 1.0], 'tpr': [0.0, 0.0, 0.5, 0.5, 0.75, 0.75, 1.0, 1.0]}}}",efficientnet_b0_forniceal_palpebral,"[2.0002158363761544, 0.9505395985392182, 1.0929779171132716, 1.259273728545831, 1.333134720925571, 1.3415548821188965, 1.5794093462885643, 1.025985017114756, 1.0329942411305952]","[2.7603812986804592, 1.9063178137425454, 2.16218537669028, 1.059976989223111, 1.6541291744478288, 2.0322450514762633, 1.942832269976216, 1.115628352088313, 1.1122219889394698]",COMPLETE
11,0.9032258064516129,2026-07-19 13:19:13.179292,2026-07-19 13:19:23.535333,0 days 00:00:10.356041,0.0018749553686558654,2.9565112284687803e-05,"{'overall': {'n': 31, 'accuracy': 0.9032258064516129, 'precision': 0.8235294117647058, 'recall': 1.0, 'f1': 0.9032258064516129, 'confusion_matrix': [[14, 3], [0, 14]], 'auc': 0.9033613445378151, 'roc_curve': {'fpr': [0.0, 0.058823529411764705, 0.058823529411764705, 0.11764705882352941, 0.11764705882352941, 0.17647058823529413, 0.17647058823529413, 1.0], 'tpr': [0.0, 0.0, 0.5714285714285714, 0.5714285714285714, 0.7857142857142857, 0.7857142857142857, 1.0, 1.0]}}, 'India': {'n': 14, 'accuracy': 0.8571428571428571, 'precision': 0.8333333333333334, 'recall': 1.0, 'f1': 0.9090909090909091, 'confusion_matrix': [[2, 2], [0, 10]], 'auc': 0.7, 'roc_curve': {'fpr': [0.0, 0.25, 0.25, 0.5, 0.5, 1.0], 'tpr': [0.0, 0.0, 0.8, 0.8, 1.0, 1.0]}}, 'Italy': {'n': 17, 'accuracy': 0.9411764705882353, 'precision': 0.8, 'recall': 1.0, 'f1': 0.8888888888888888, 'confusion_matrix': [[12, 1], [0, 4]], 'auc': 0.9615384615384616, 'roc_curve': {'fpr': [0.0, 0.0, 0.0, 0.07692307692307693, 0.07692307692307693, 1.0], 'tpr': [0.0, 0.25, 0.5, 0.5, 1.0, 1.0]}}}",efficientnet_b0_forniceal_palpebral,"[0.7818125924285577, 0.6667085983315293, 0.5773863346398282, 0.5750583385934636, 0.5604301804587954, 0.5227797331453181, 0.5057281766619001, 0.4782547853430923, 0.5021328230698904, 0.5031149488728063, 0.47143444723012495, 0.4529141617470047, 0.47049108330084355, 0.433992315514558, 0.46995844970755024, 0.5200649053872037, 0.43347993229522186]","[0.8220654206891214, 0.7815782677742743, 0.6639184067326207, 0.6276766696283894, 0.5931538074247299, 0.5951920584324868, 0.5664327250372979, 0.5601739691149804, 0.5546124106453311, 0.5456935446108541, 0.552179217338562, 0.5298310912424519, 0.5439144017234925, 0.5638139440167335, 0.557763974512777, 0.5687096388109268, 0.5327200860746445]",COMPLETE
