number,value,datetime_start,datetime_complete,duration,params_learning_rate,params_weight_decay,user_attrs_best_val_metrics,user_attrs_model_name,user_attrs_train_loss_history,user_attrs_val_loss_history,state
9,0.8484848484848485,2026-07-19 13:12:43.274105,2026-07-19 13:12:57.281517,0 days 00:00:14.007412,0.0019762189340280074,7.4763120622522945e-06,"{'overall': {'n': 33, 'accuracy': 0.8484848484848485, 'precision': 0.7368421052631579, 'recall': 1.0, 'f1': 0.8484848484848485, 'confusion_matrix': [[14, 5], [0, 14]], 'auc': 0.8609022556390977, 'roc_curve': {'fpr': [0.0, 0.0, 0.10526315789473684, 0.10526315789473684, 0.15789473684210525, 0.15789473684210525, 0.2631578947368421, 0.2631578947368421, 1.0], 'tpr': [0.0, 0.07142857142857142, 0.07142857142857142, 0.6428571428571429, 0.6428571428571429, 0.7857142857142857, 0.7857142857142857, 1.0, 1.0]}}, 'India': {'n': 14, 'accuracy': 0.7142857142857143, 'precision': 0.7142857142857143, 'recall': 1.0, 'f1': 0.8333333333333334, 'confusion_matrix': [[0, 4], [0, 10]], 'auc': 0.475, 'roc_curve': {'fpr': [0.0, 0.0, 0.5, 0.5, 0.75, 0.75, 1.0, 1.0], 'tpr': [0.0, 0.1, 0.1, 0.8, 0.8, 0.9, 0.9, 1.0]}}, 'Italy': {'n': 19, 'accuracy': 0.9473684210526315, 'precision': 0.8, 'recall': 1.0, 'f1': 0.8888888888888888, 'confusion_matrix': [[14, 1], [0, 4]], 'auc': 0.9666666666666667, 'roc_curve': {'fpr': [0.0, 0.0, 0.0, 0.06666666666666667, 0.06666666666666667, 1.0], 'tpr': [0.0, 0.25, 0.5, 0.5, 1.0, 1.0]}}}",efficientnet_b0_palpebral,"[0.7319086197985719, 0.6273331776360013, 0.6381499869933981, 0.5753887891769409, 0.5016074626651031, 0.5443297182487337, 0.5160292862661627, 0.5635223009728438, 0.5125932663876489, 0.5120450704303009, 0.5272668848764028, 0.4756416635008048, 0.48290708917655695, 0.4683134269635409, 0.5063662773726002, 0.43277510507217304, 0.5233472206734664, 0.5099579561625095, 0.5223310526633105, 0.51353159171856, 0.496252595095445, 0.5065738925870681]","[0.7614056738940153, 0.7114180759950117, 0.6763950089613596, 0.6346154646439985, 0.5543283982710405, 0.5246118848974054, 0.5012850508545384, 0.5171984723120024, 0.5080759380802964, 0.5227950052781538, 0.5039151112238566, 0.48957660703948047, 0.4987484939170606, 0.49640213359485974, 0.5199455347928134, 0.489245436408303, 0.4800493861689712, 0.5181711695410989, 0.48933407032128534, 0.5300454226407137, 0.49241235761931446, 0.5181919227946888]",COMPLETE
10,0.8484848484848485,2026-07-19 13:12:57.281869,2026-07-19 13:13:06.838321,0 days 00:00:09.556452,0.006832837228538867,1.0422971466648463e-06,"{'overall': {'n': 33, 'accuracy': 0.8484848484848485, 'precision': 0.7368421052631579, 'recall': 1.0, 'f1': 0.8484848484848485, 'confusion_matrix': [[14, 5], [0, 14]], 'auc': 0.8759398496240601, 'roc_curve': {'fpr': [0.0, 0.0, 0.05263157894736842, 0.05263157894736842, 0.10526315789473684, 0.10526315789473684, 0.15789473684210525, 0.15789473684210525, 0.21052631578947367, 0.21052631578947367, 1.0], 'tpr': [0.0, 0.07142857142857142, 0.07142857142857142, 0.21428571428571427, 0.21428571428571427, 0.5714285714285714, 0.5714285714285714, 0.7857142857142857, 0.7857142857142857, 1.0, 1.0]}}, 'India': {'n': 14, 'accuracy': 0.7857142857142857, 'precision': 0.7692307692307693, 'recall': 1.0, 'f1': 0.8695652173913043, 'confusion_matrix': [[1, 3], [0, 10]], 'auc': 0.55, 'roc_curve': {'fpr': [0.0, 0.0, 0.25, 0.25, 0.5, 0.5, 0.75, 0.75, 1.0], 'tpr': [0.0, 0.1, 0.1, 0.3, 0.3, 0.8, 0.8, 1.0, 1.0]}}, 'Italy': {'n': 19, 'accuracy': 0.8947368421052632, 'precision': 0.6666666666666666, 'recall': 1.0, 'f1': 0.8, 'confusion_matrix': [[13, 2], [0, 4]], 'auc': 0.9666666666666667, 'roc_curve': {'fpr': [0.0, 0.0, 0.0, 0.06666666666666667, 0.06666666666666667, 1.0], 'tpr': [0.0, 0.25, 0.5, 0.5, 1.0, 1.0]}}}",efficientnet_b0_palpebral,"[0.7784153396720128, 0.5750850841699057, 0.5687229682672892, 0.5299651066199044, 0.5734222409938345, 0.49688910303131634, 0.5372567321883132, 0.46419521199156905, 0.4659224570981714, 0.42776713860745463, 0.48607828167100614, 0.5465990518102583, 0.6718142824062449, 0.45835180995085384, 0.5149469440741254]","[0.7316740390026208, 0.759027134288441, 0.6190246379736698, 0.6318771225033384, 0.597222053643429, 0.48447694200457947, 0.5070139133568966, 0.5246758388750481, 0.4878306027614709, 0.4650658405188358, 0.5299624818744082, 0.5486634789091168, 0.5102455182508989, 0.49631677251873596, 0.4759894645575321]",COMPLETE
11,0.8484848484848485,2026-07-19 13:13:06.838640,2026-07-19 13:13:16.279232,0 days 00:00:09.440592,0.0035818838057926684,3.7733073376064454e-05,"{'overall': {'n': 33, 'accuracy': 0.8484848484848485, 'precision': 0.7368421052631579, 'recall': 1.0, 'f1': 0.8484848484848485, 'confusion_matrix': [[14, 5], [0, 14]], 'auc': 0.8646616541353385, 'roc_curve': {'fpr': [0.0, 0.0, 0.0, 0.05263157894736842, 0.05263157894736842, 0.15789473684210525, 0.15789473684210525, 0.21052631578947367, 0.21052631578947367, 0.2631578947368421, 0.2631578947368421, 1.0], 'tpr': [0.0, 0.07142857142857142, 0.21428571428571427, 0.21428571428571427, 0.42857142857142855, 0.42857142857142855, 0.5, 0.5, 0.8571428571428571, 0.8571428571428571, 1.0, 1.0]}}, 'India': {'n': 14, 'accuracy': 0.7857142857142857, 'precision': 0.7692307692307693, 'recall': 1.0, 'f1': 0.8695652173913043, 'confusion_matrix': [[1, 3], [0, 10]], 'auc': 0.6499999999999999, 'roc_curve': {'fpr': [0.0, 0.0, 0.0, 0.25, 0.25, 0.5, 0.5, 0.75, 0.75, 1.0], 'tpr': [0.0, 0.1, 0.2, 0.2, 0.5, 0.5, 0.9, 0.9, 1.0, 1.0]}}, 'Italy': {'n': 19, 'accuracy': 0.8947368421052632, 'precision': 0.6666666666666666, 'recall': 1.0, 'f1': 0.8, 'confusion_matrix': [[13, 2], [0, 4]], 'auc': 0.9, 'roc_curve': {'fpr': [0.0, 0.0, 0.13333333333333333, 0.13333333333333333, 1.0], 'tpr': [0.0, 0.25, 0.25, 1.0, 1.0]}}}",efficientnet_b0_palpebral,"[0.7202819814745164, 0.6251690316673936, 0.5394006485970605, 0.516471199049855, 0.5457185043996533, 0.5506806446621749, 0.48051785653000634, 0.4522188455853241, 0.4832660425577732, 0.5025429567753874, 0.49567565065346014, 0.5080666285476937, 0.4948674722617825, 0.4469928638824564, 0.5277967920761235]","[0.7396984949256434, 0.6950242248448458, 0.6741999459989143, 0.617197087316802, 0.49895106662403454, 0.4706894267689098, 0.5186712814099861, 0.47689579472397314, 0.4642395395221132, 0.4641822612646854, 0.46608292695247766, 0.4672464963161584, 0.516779798449892, 0.4822393402908788, 0.481142672625455]",COMPLETE
