number,value,datetime_start,datetime_complete,duration,params_dropout_rate,params_learning_rate,params_weight_decay,user_attrs_best_val_metrics,user_attrs_model_name,user_attrs_train_loss_history,user_attrs_val_loss_history,user_attrs_val_overall_metrics_history,state
11,0.7333333333333333,2026-07-29 10:26:09.246812,2026-07-29 10:26:35.259675,0 days 00:00:26.012863,0.2,0.00010456212519927677,3.5710047510092684e-05,"{'overall': {'n': 33, 'accuracy': 0.7575757575757576, 'precision': 0.6875, 'recall': 0.7857142857142857, 'sensitivity': 0.7857142857142857, 'specificity': 0.7368421052631579, 'balanced_accuracy': 0.7612781954887218, 'f1': 0.7333333333333333, 'confusion_matrix': [[14, 5], [3, 11]], 'auc': 0.7781954887218046, 'roc_curve': {'fpr': [0.0, 0.0, 0.0, 0.15789473684210525, 0.15789473684210525, 0.21052631578947367, 0.21052631578947367, 0.2631578947368421, 0.2631578947368421, 0.47368421052631576, 0.47368421052631576, 0.5263157894736842, 0.5263157894736842, 0.7368421052631579, 0.7368421052631579, 1.0], 'tpr': [0.0, 0.07142857142857142, 0.2857142857142857, 0.2857142857142857, 0.5, 0.5, 0.7142857142857143, 0.7142857142857143, 0.7857142857142857, 0.7857142857142857, 0.8571428571428571, 0.8571428571428571, 0.9285714285714286, 0.9285714285714286, 1.0, 1.0]}}, 'India': {'n': 14, 'accuracy': 0.7142857142857143, 'precision': 0.875, 'recall': 0.7, 'sensitivity': 0.7, 'specificity': 0.75, 'balanced_accuracy': 0.725, 'f1': 0.7777777777777778, 'confusion_matrix': [[3, 1], [3, 7]], 'auc': 0.7, 'roc_curve': {'fpr': [0.0, 0.0, 0.0, 0.25, 0.25, 0.5, 0.5, 1.0, 1.0], 'tpr': [0.0, 0.1, 0.3, 0.3, 0.7, 0.7, 0.9, 0.9, 1.0]}}, 'Italy': {'n': 19, 'accuracy': 0.7894736842105263, 'precision': 0.5, 'recall': 1.0, 'sensitivity': 1.0, 'specificity': 0.7333333333333333, 'balanced_accuracy': 0.8666666666666667, 'f1': 0.6666666666666666, 'confusion_matrix': [[11, 4], [0, 4]], 'auc': 1.0, 'roc_curve': {'fpr': [0.0, 0.0, 0.0, 1.0], 'tpr': [0.0, 0.25, 1.0, 1.0]}}}",mobilenet_v3_small_palpebral_v2,"[0.8119887816195457, 0.8037791650816305, 0.7997141721232838, 0.8033095365328504, 0.7850820414277891, 0.7887977649833983, 0.7680138673213933, 0.7631391069746964, 0.7548463620886897, 0.7533602497435563, 0.7458678858959122, 0.7331463398522888, 0.7401175968694371, 0.7332843482889086, 0.7266757839562877, 0.7337561928673296, 0.7149244294261301, 0.7224222895325414, 0.7082941358452601, 0.7149987437867171, 0.7037171725405763, 0.707899874409303, 0.7038399928452953, 0.7029200800207277, 0.6939626162415309, 0.7051843594241616, 0.692760582791259, 0.6752918177093101, 0.6857902020808088, 0.6790636023938261, 0.6818414914686948, 0.6702079019009672, 0.6565865317717293, 0.6786898575871196, 0.6673185549034978, 0.6826302752589548, 0.6628260348016852, 0.6559776119049022, 0.6480920356235756, 0.6474269721286976, 0.6424683052182987, 0.666064191732975, 0.6457920520510895, 0.6532319223643929, 0.6498098219467314, 0.6559709038166021, 0.6388728658095101, 0.6465225555249398, 0.6590165290611469, 0.6396386883906181, 0.6611258817824307, 0.6361434404423695, 0.6269261359378991, 0.6274571166133249, 0.6418125416269366, 0.6509376945874549]","[0.8054683389085712, 0.7997398936387264, 0.7931329373157385, 0.7913539716691682, 0.7899865327459393, 0.7866800192630652, 0.7839174686056195, 0.7842091628999421, 0.7846448584036394, 0.782853856231227, 0.7814644719615127, 0.7809576265739672, 0.7821367401065249, 0.7864126364390055, 0.7889060793500958, 0.7874780080535195, 0.7821896527752732, 0.77754228404074, 0.7706762281331149, 0.7630894870469065, 0.7566342516378923, 0.7500638185125409, 0.745665450890859, 0.742906164039265, 0.73987190470551, 0.7370212656078916, 0.7344319061799482, 0.7323158907167839, 0.7283219640905206, 0.7257489092422255, 0.7266405098366014, 0.7269639571507772, 0.7241051197052002, 0.7224580880367395, 0.7190225846839674, 0.7155453923976782, 0.7135106162591414, 0.7089064048998284, 0.7025931730414882, 0.6983020341757572, 0.6939974228541056, 0.6912514296444979, 0.6886435945828756, 0.6869199872016907, 0.6845749652746952, 0.6823742389678955, 0.6808638915871129, 0.6803579998738838, 0.6803572141762936, 0.6824750322284121, 0.6882323496269457, 0.6911021254279397, 0.6926689978801843, 0.6951728824413184, 0.6992416417959965, 0.7079150604479241]","[{'accuracy': 0.3939393939393939, 'f1': 0.5652173913043478, 'sensitivity': 0.9285714285714286, 'specificity': 0.0}, {'accuracy': 0.3939393939393939, 'f1': 0.5652173913043478, 'sensitivity': 0.9285714285714286, 'specificity': 0.0}, {'accuracy': 0.3939393939393939, 'f1': 0.5652173913043478, 'sensitivity': 0.9285714285714286, 'specificity': 0.0}, {'accuracy': 0.3939393939393939, 'f1': 0.5652173913043478, 'sensitivity': 0.9285714285714286, 'specificity': 0.0}, {'accuracy': 0.42424242424242425, 'f1': 0.5777777777777777, 'sensitivity': 0.9285714285714286, 'specificity': 0.05263157894736842}, {'accuracy': 0.45454545454545453, 'f1': 0.6086956521739131, 'sensitivity': 1.0, 'specificity': 0.05263157894736842}, {'accuracy': 0.48484848484848486, 'f1': 0.6222222222222222, 'sensitivity': 1.0, 'specificity': 0.10526315789473684}, {'accuracy': 0.48484848484848486, 'f1': 0.6222222222222222, 'sensitivity': 1.0, 'specificity': 0.10526315789473684}, {'accuracy': 0.48484848484848486, 'f1': 0.6222222222222222, 'sensitivity': 1.0, 'specificity': 0.10526315789473684}, {'accuracy': 0.5151515151515151, 'f1': 0.6363636363636364, 'sensitivity': 1.0, 'specificity': 0.15789473684210525}, {'accuracy': 0.5454545454545454, 'f1': 0.6511627906976745, 'sensitivity': 1.0, 'specificity': 0.21052631578947367}, {'accuracy': 0.5454545454545454, 'f1': 0.6511627906976745, 'sensitivity': 1.0, 'specificity': 0.21052631578947367}, {'accuracy': 0.5454545454545454, 'f1': 0.6511627906976745, 'sensitivity': 1.0, 'specificity': 0.21052631578947367}, {'accuracy': 0.5151515151515151, 'f1': 0.6190476190476191, 'sensitivity': 0.9285714285714286, 'specificity': 0.21052631578947367}, {'accuracy': 0.5151515151515151, 'f1': 0.6, 'sensitivity': 0.8571428571428571, 'specificity': 0.2631578947368421}, {'accuracy': 0.45454545454545453, 'f1': 0.55, 'sensitivity': 0.7857142857142857, 'specificity': 0.21052631578947367}, {'accuracy': 0.45454545454545453, 'f1': 0.55, 'sensitivity': 0.7857142857142857, 'specificity': 0.21052631578947367}, {'accuracy': 0.5151515151515151, 'f1': 0.5789473684210527, 'sensitivity': 0.7857142857142857, 'specificity': 0.3157894736842105}, {'accuracy': 0.5454545454545454, 'f1': 0.5945945945945946, 'sensitivity': 0.7857142857142857, 'specificity': 0.3684210526315789}, {'accuracy': 0.5757575757575758, 'f1': 0.631578947368421, 'sensitivity': 0.8571428571428571, 'specificity': 0.3684210526315789}, {'accuracy': 0.6363636363636364, 'f1': 0.6666666666666666, 'sensitivity': 0.8571428571428571, 'specificity': 0.47368421052631576}, {'accuracy': 0.6363636363636364, 'f1': 0.6666666666666666, 'sensitivity': 0.8571428571428571, 'specificity': 0.47368421052631576}, {'accuracy': 0.6666666666666666, 'f1': 0.6857142857142857, 'sensitivity': 0.8571428571428571, 'specificity': 0.5263157894736842}, {'accuracy': 0.6363636363636364, 'f1': 0.6470588235294118, 'sensitivity': 0.7857142857142857, 'specificity': 0.5263157894736842}, {'accuracy': 0.696969696969697, 'f1': 0.6875, 'sensitivity': 0.7857142857142857, 'specificity': 0.631578947368421}, {'accuracy': 0.7272727272727273, 'f1': 0.7096774193548387, 'sensitivity': 0.7857142857142857, 'specificity': 0.6842105263157895}, {'accuracy': 0.7575757575757576, 'f1': 0.7333333333333333, 'sensitivity': 0.7857142857142857, 'specificity': 0.7368421052631579}, {'accuracy': 0.7272727272727273, 'f1': 0.6666666666666666, 'sensitivity': 0.6428571428571429, 'specificity': 0.7894736842105263}, {'accuracy': 0.696969696969697, 'f1': 0.6153846153846154, 'sensitivity': 0.5714285714285714, 'specificity': 0.7894736842105263}, {'accuracy': 0.696969696969697, 'f1': 0.6153846153846154, 'sensitivity': 0.5714285714285714, 'specificity': 0.7894736842105263}, {'accuracy': 0.6666666666666666, 'f1': 0.56, 'sensitivity': 0.5, 'specificity': 0.7894736842105263}, {'accuracy': 0.6363636363636364, 'f1': 0.5, 'sensitivity': 0.42857142857142855, 'specificity': 0.7894736842105263}, {'accuracy': 0.696969696969697, 'f1': 0.6153846153846154, 'sensitivity': 0.5714285714285714, 'specificity': 0.7894736842105263}, {'accuracy': 0.696969696969697, 'f1': 0.6153846153846154, 'sensitivity': 0.5714285714285714, 'specificity': 0.7894736842105263}, {'accuracy': 0.696969696969697, 'f1': 0.6153846153846154, 'sensitivity': 0.5714285714285714, 'specificity': 0.7894736842105263}, {'accuracy': 0.696969696969697, 'f1': 0.6153846153846154, 'sensitivity': 0.5714285714285714, 'specificity': 0.7894736842105263}, {'accuracy': 0.6666666666666666, 'f1': 0.5925925925925926, 'sensitivity': 0.5714285714285714, 'specificity': 0.7368421052631579}, {'accuracy': 0.696969696969697, 'f1': 0.6428571428571429, 'sensitivity': 0.6428571428571429, 'specificity': 0.7368421052631579}, {'accuracy': 0.696969696969697, 'f1': 0.6428571428571429, 'sensitivity': 0.6428571428571429, 'specificity': 0.7368421052631579}, {'accuracy': 0.6666666666666666, 'f1': 0.6206896551724138, 'sensitivity': 0.6428571428571429, 'specificity': 0.6842105263157895}, {'accuracy': 0.6666666666666666, 'f1': 0.6206896551724138, 'sensitivity': 0.6428571428571429, 'specificity': 0.6842105263157895}, {'accuracy': 0.6666666666666666, 'f1': 0.6206896551724138, 'sensitivity': 0.6428571428571429, 'specificity': 0.6842105263157895}, {'accuracy': 0.6666666666666666, 'f1': 0.6206896551724138, 'sensitivity': 0.6428571428571429, 'specificity': 0.6842105263157895}, {'accuracy': 0.6666666666666666, 'f1': 0.6206896551724138, 'sensitivity': 0.6428571428571429, 'specificity': 0.6842105263157895}, {'accuracy': 0.696969696969697, 'f1': 0.6666666666666666, 'sensitivity': 0.7142857142857143, 'specificity': 0.6842105263157895}, {'accuracy': 0.696969696969697, 'f1': 0.6666666666666666, 'sensitivity': 0.7142857142857143, 'specificity': 0.6842105263157895}, {'accuracy': 0.696969696969697, 'f1': 0.6666666666666666, 'sensitivity': 0.7142857142857143, 'specificity': 0.6842105263157895}, {'accuracy': 0.696969696969697, 'f1': 0.6666666666666666, 'sensitivity': 0.7142857142857143, 'specificity': 0.6842105263157895}, {'accuracy': 0.696969696969697, 'f1': 0.6666666666666666, 'sensitivity': 0.7142857142857143, 'specificity': 0.6842105263157895}, {'accuracy': 0.696969696969697, 'f1': 0.6666666666666666, 'sensitivity': 0.7142857142857143, 'specificity': 0.6842105263157895}, {'accuracy': 0.696969696969697, 'f1': 0.6666666666666666, 'sensitivity': 0.7142857142857143, 'specificity': 0.6842105263157895}, {'accuracy': 0.696969696969697, 'f1': 0.6666666666666666, 'sensitivity': 0.7142857142857143, 'specificity': 0.6842105263157895}, {'accuracy': 0.696969696969697, 'f1': 0.6666666666666666, 'sensitivity': 0.7142857142857143, 'specificity': 0.6842105263157895}, {'accuracy': 0.696969696969697, 'f1': 0.6666666666666666, 'sensitivity': 0.7142857142857143, 'specificity': 0.6842105263157895}, {'accuracy': 0.696969696969697, 'f1': 0.6666666666666666, 'sensitivity': 0.7142857142857143, 'specificity': 0.6842105263157895}, {'accuracy': 0.696969696969697, 'f1': 0.6666666666666666, 'sensitivity': 0.7142857142857143, 'specificity': 0.6842105263157895}]",COMPLETE
