number,value,datetime_start,datetime_complete,duration,params_dropout_rate,params_learning_rate,params_weight_decay,user_attrs_best_val_metrics,user_attrs_model_name,user_attrs_train_loss_history,user_attrs_val_loss_history,user_attrs_val_overall_metrics_history,state
6,0.7586206896551724,2026-07-29 10:24:42.789484,2026-07-29 10:24:51.523048,0 days 00:00:08.733564,0.5,0.0023345864076016252,0.0002267398652378039,"{'overall': {'n': 33, 'accuracy': 0.7878787878787878, 'precision': 0.7333333333333333, 'recall': 0.7857142857142857, 'sensitivity': 0.7857142857142857, 'specificity': 0.7894736842105263, 'balanced_accuracy': 0.7875939849624061, 'f1': 0.7586206896551724, 'confusion_matrix': [[15, 4], [3, 11]], 'auc': 0.81203007518797, 'roc_curve': {'fpr': [0.0, 0.05263157894736842, 0.05263157894736842, 0.10526315789473684, 0.10526315789473684, 0.15789473684210525, 0.15789473684210525, 0.21052631578947367, 0.21052631578947367, 0.3684210526315789, 0.3684210526315789, 0.47368421052631576, 0.47368421052631576, 1.0], 'tpr': [0.0, 0.0, 0.21428571428571427, 0.21428571428571427, 0.42857142857142855, 0.42857142857142855, 0.7142857142857143, 0.7142857142857143, 0.7857142857142857, 0.7857142857142857, 0.8571428571428571, 0.8571428571428571, 1.0, 1.0]}}, 'India': {'n': 14, 'accuracy': 0.7857142857142857, 'precision': 1.0, 'recall': 0.7, 'sensitivity': 0.7, 'specificity': 1.0, 'balanced_accuracy': 0.85, 'f1': 0.8235294117647058, 'confusion_matrix': [[4, 0], [3, 7]], 'auc': 0.8, 'roc_curve': {'fpr': [0.0, 0.0, 0.0, 0.5, 0.5, 0.75, 0.75, 1.0], 'tpr': [0.0, 0.1, 0.7, 0.7, 0.8, 0.8, 1.0, 1.0]}}, 'Italy': {'n': 19, 'accuracy': 0.7894736842105263, 'precision': 0.5, 'recall': 1.0, 'sensitivity': 1.0, 'specificity': 0.7333333333333333, 'balanced_accuracy': 0.8666666666666667, 'f1': 0.6666666666666666, 'confusion_matrix': [[11, 4], [0, 4]], 'auc': 0.9166666666666667, 'roc_curve': {'fpr': [0.0, 0.06666666666666667, 0.06666666666666667, 0.13333333333333333, 0.13333333333333333, 1.0], 'tpr': [0.0, 0.0, 0.75, 0.75, 1.0, 1.0]}}}",mobilenet_v3_small_palpebral_v2,"[0.7926303610106967, 0.691610254988765, 0.6494346020237499, 0.5966627295838286, 0.6335083877803475, 0.613570544103913, 0.5796010083710121, 0.5798682471774271, 0.5486819294114776, 0.5600927989214461, 0.5333953598477194, 0.5461332426955369, 0.5635191954129579, 0.5603324212380593, 0.5663077268774146, 0.5012888841281663, 0.5012506505116722, 0.5843434789717592, 0.5774023647339929, 0.5401376213458989]","[0.8198552944443442, 0.7872775160905087, 0.762596890781865, 0.7619250796057961, 0.7526497985377456, 0.7359105131842874, 0.7086309302936901, 0.694819683378393, 0.6875853249520967, 0.6730410113479152, 0.6582221244320725, 0.637463545257395, 0.6272920984210391, 0.6490328221610098, 0.6893122738057916, 0.7157241647893732, 0.700717422095212, 0.6861895684039954, 0.6671638561017585, 0.6626647060567682]","[{'accuracy': 0.36363636363636365, 'f1': 0.46153846153846156, 'sensitivity': 0.6428571428571429, 'specificity': 0.15789473684210525}, {'accuracy': 0.5454545454545454, 'f1': 0.5714285714285714, 'sensitivity': 0.7142857142857143, 'specificity': 0.42105263157894735}, {'accuracy': 0.696969696969697, 'f1': 0.7058823529411765, 'sensitivity': 0.8571428571428571, 'specificity': 0.5789473684210527}, {'accuracy': 0.45454545454545453, 'f1': 0.5714285714285714, 'sensitivity': 0.8571428571428571, 'specificity': 0.15789473684210525}, {'accuracy': 0.5151515151515151, 'f1': 0.6363636363636364, 'sensitivity': 1.0, 'specificity': 0.15789473684210525}, {'accuracy': 0.696969696969697, 'f1': 0.7222222222222222, 'sensitivity': 0.9285714285714286, 'specificity': 0.5263157894736842}, {'accuracy': 0.7575757575757576, 'f1': 0.75, 'sensitivity': 0.8571428571428571, 'specificity': 0.6842105263157895}, {'accuracy': 0.7272727272727273, 'f1': 0.6896551724137931, 'sensitivity': 0.7142857142857143, 'specificity': 0.7368421052631579}, {'accuracy': 0.7575757575757576, 'f1': 0.7142857142857143, 'sensitivity': 0.7142857142857143, 'specificity': 0.7894736842105263}, {'accuracy': 0.7878787878787878, 'f1': 0.7586206896551724, 'sensitivity': 0.7857142857142857, 'specificity': 0.7894736842105263}, {'accuracy': 0.7272727272727273, 'f1': 0.7096774193548387, 'sensitivity': 0.7857142857142857, 'specificity': 0.6842105263157895}, {'accuracy': 0.7575757575757576, 'f1': 0.75, 'sensitivity': 0.8571428571428571, 'specificity': 0.6842105263157895}, {'accuracy': 0.7272727272727273, 'f1': 0.7272727272727273, 'sensitivity': 0.8571428571428571, 'specificity': 0.631578947368421}, {'accuracy': 0.696969696969697, 'f1': 0.7058823529411765, 'sensitivity': 0.8571428571428571, 'specificity': 0.5789473684210527}, {'accuracy': 0.6666666666666666, 'f1': 0.6857142857142857, 'sensitivity': 0.8571428571428571, 'specificity': 0.5263157894736842}, {'accuracy': 0.6363636363636364, 'f1': 0.6666666666666666, 'sensitivity': 0.8571428571428571, 'specificity': 0.47368421052631576}, {'accuracy': 0.6363636363636364, 'f1': 0.6666666666666666, 'sensitivity': 0.8571428571428571, 'specificity': 0.47368421052631576}, {'accuracy': 0.6666666666666666, 'f1': 0.6857142857142857, 'sensitivity': 0.8571428571428571, 'specificity': 0.5263157894736842}, {'accuracy': 0.696969696969697, 'f1': 0.7058823529411765, 'sensitivity': 0.8571428571428571, 'specificity': 0.5789473684210527}, {'accuracy': 0.6666666666666666, 'f1': 0.6857142857142857, 'sensitivity': 0.8571428571428571, 'specificity': 0.5263157894736842}]",COMPLETE
7,0.7647058823529411,2026-07-29 10:24:51.523390,2026-07-29 10:25:05.418783,0 days 00:00:13.895393,0.2,0.005987474910461402,1.3783237455007196e-06,"{'overall': {'n': 33, 'accuracy': 0.7575757575757576, 'precision': 0.65, 'recall': 0.9285714285714286, 'sensitivity': 0.9285714285714286, 'specificity': 0.631578947368421, 'balanced_accuracy': 0.7800751879699248, 'f1': 0.7647058823529411, 'confusion_matrix': [[12, 7], [1, 13]], 'auc': 0.8157894736842105, 'roc_curve': {'fpr': [0.0, 0.0, 0.0, 0.05263157894736842, 0.05263157894736842, 0.15789473684210525, 0.15789473684210525, 0.21052631578947367, 0.21052631578947367, 0.2631578947368421, 0.2631578947368421, 0.3157894736842105, 0.3157894736842105, 0.5263157894736842, 0.5263157894736842, 1.0], 'tpr': [0.0, 0.07142857142857142, 0.21428571428571427, 0.21428571428571427, 0.2857142857142857, 0.2857142857142857, 0.5714285714285714, 0.5714285714285714, 0.6428571428571429, 0.6428571428571429, 0.7857142857142857, 0.7857142857142857, 0.9285714285714286, 0.9285714285714286, 1.0, 1.0]}}, 'India': {'n': 14, 'accuracy': 0.8571428571428571, 'precision': 0.9, 'recall': 0.9, 'sensitivity': 0.9, 'specificity': 0.75, 'balanced_accuracy': 0.825, 'f1': 0.9, 'confusion_matrix': [[3, 1], [1, 9]], 'auc': 0.825, 'roc_curve': {'fpr': [0.0, 0.0, 0.0, 0.25, 0.25, 0.75, 0.75, 1.0], 'tpr': [0.0, 0.1, 0.5, 0.5, 0.9, 0.9, 1.0, 1.0]}}, 'Italy': {'n': 19, 'accuracy': 0.6842105263157895, 'precision': 0.4, 'recall': 1.0, 'sensitivity': 1.0, 'specificity': 0.6, 'balanced_accuracy': 0.8, 'f1': 0.5714285714285714, 'confusion_matrix': [[9, 6], [0, 4]], 'auc': 0.9833333333333334, 'roc_curve': {'fpr': [0.0, 0.0, 0.0, 0.06666666666666667, 0.06666666666666667, 1.0], 'tpr': [0.0, 0.25, 0.75, 0.75, 1.0, 1.0]}}}",mobilenet_v3_small_palpebral_v2,"[0.7222162169336483, 0.6253838138469797, 0.5787907132249794, 0.580771049126884, 0.5603470150998097, 0.6151291218814471, 0.553024611528346, 0.5375436285868386, 0.46605919410061364, 0.5102644681141076, 0.5004235652108856, 0.5254087410620506, 0.47219470834100485, 0.531990277846128, 0.4540021614917856, 0.5322696673159568, 0.5078586580737537, 0.49148636622144687, 0.46728109602896584, 0.6226361366297235, 0.48648297944605745, 0.4735010607747842, 0.4870861362147805, 0.40631495455637673, 0.4366114254029381, 0.5338089754249876, 0.41081135122981294, 0.4881054845866778, 0.45346800499404505, 0.45368266105651855, 0.5102038478219746, 0.44720297084738875]","[0.7596575608759215, 0.7356815554878928, 0.7199003985433867, 0.7203181060877714, 0.7053932944933573, 0.6904937624931335, 0.7171898989966421, 0.7175700267155966, 0.7009274598323938, 0.755067917433652, 0.6992237224723353, 0.7457204081795432, 0.6512717514327078, 0.6407708941083966, 0.6624734437826908, 0.7111668984095255, 0.7322130600611368, 0.6908152013114004, 0.6534207607760574, 0.6225452097979459, 0.6076460282007853, 0.5805997541456511, 0.5728415882948673, 0.5847422462521177, 0.5637555519739786, 0.566626433170203, 0.5741957895683519, 0.5809112245386298, 0.6269198114221747, 0.6476281194975881, 0.7476848472248424, 0.8162243510737563]","[{'accuracy': 0.6060606060606061, 'f1': 0.38095238095238093, 'sensitivity': 0.2857142857142857, 'specificity': 0.8421052631578947}, {'accuracy': 0.696969696969697, 'f1': 0.5833333333333334, 'sensitivity': 0.5, 'specificity': 0.8421052631578947}, {'accuracy': 0.6363636363636364, 'f1': 0.625, 'sensitivity': 0.7142857142857143, 'specificity': 0.5789473684210527}, {'accuracy': 0.6363636363636364, 'f1': 0.5, 'sensitivity': 0.42857142857142855, 'specificity': 0.7894736842105263}, {'accuracy': 0.696969696969697, 'f1': 0.6153846153846154, 'sensitivity': 0.5714285714285714, 'specificity': 0.7894736842105263}, {'accuracy': 0.6666666666666666, 'f1': 0.6206896551724138, 'sensitivity': 0.6428571428571429, 'specificity': 0.6842105263157895}, {'accuracy': 0.696969696969697, 'f1': 0.7222222222222222, 'sensitivity': 0.9285714285714286, 'specificity': 0.5263157894736842}, {'accuracy': 0.7575757575757576, 'f1': 0.7647058823529411, 'sensitivity': 0.9285714285714286, 'specificity': 0.631578947368421}, {'accuracy': 0.6666666666666666, 'f1': 0.7027027027027027, 'sensitivity': 0.9285714285714286, 'specificity': 0.47368421052631576}, {'accuracy': 0.5151515151515151, 'f1': 0.6363636363636364, 'sensitivity': 1.0, 'specificity': 0.15789473684210525}, {'accuracy': 0.5757575757575758, 'f1': 0.6666666666666666, 'sensitivity': 1.0, 'specificity': 0.2631578947368421}, {'accuracy': 0.48484848484848486, 'f1': 0.6222222222222222, 'sensitivity': 1.0, 'specificity': 0.10526315789473684}, {'accuracy': 0.6060606060606061, 'f1': 0.6829268292682927, 'sensitivity': 1.0, 'specificity': 0.3157894736842105}, {'accuracy': 0.6363636363636364, 'f1': 0.6842105263157895, 'sensitivity': 0.9285714285714286, 'specificity': 0.42105263157894735}, {'accuracy': 0.5757575757575758, 'f1': 0.631578947368421, 'sensitivity': 0.8571428571428571, 'specificity': 0.3684210526315789}, {'accuracy': 0.6060606060606061, 'f1': 0.6666666666666666, 'sensitivity': 0.9285714285714286, 'specificity': 0.3684210526315789}, {'accuracy': 0.696969696969697, 'f1': 0.7222222222222222, 'sensitivity': 0.9285714285714286, 'specificity': 0.5263157894736842}, {'accuracy': 0.6666666666666666, 'f1': 0.7027027027027027, 'sensitivity': 0.9285714285714286, 'specificity': 0.47368421052631576}, {'accuracy': 0.6666666666666666, 'f1': 0.6666666666666666, 'sensitivity': 0.7857142857142857, 'specificity': 0.5789473684210527}, {'accuracy': 0.6666666666666666, 'f1': 0.6451612903225806, 'sensitivity': 0.7142857142857143, 'specificity': 0.631578947368421}, {'accuracy': 0.7878787878787878, 'f1': 0.7407407407407407, 'sensitivity': 0.7142857142857143, 'specificity': 0.8421052631578947}, {'accuracy': 0.7575757575757576, 'f1': 0.7333333333333333, 'sensitivity': 0.7857142857142857, 'specificity': 0.7368421052631579}, {'accuracy': 0.7575757575757576, 'f1': 0.7333333333333333, 'sensitivity': 0.7857142857142857, 'specificity': 0.7368421052631579}, {'accuracy': 0.696969696969697, 'f1': 0.6666666666666666, 'sensitivity': 0.7142857142857143, 'specificity': 0.6842105263157895}, {'accuracy': 0.7272727272727273, 'f1': 0.6896551724137931, 'sensitivity': 0.7142857142857143, 'specificity': 0.7368421052631579}, {'accuracy': 0.7272727272727273, 'f1': 0.6666666666666666, 'sensitivity': 0.6428571428571429, 'specificity': 0.7894736842105263}, {'accuracy': 0.696969696969697, 'f1': 0.6428571428571429, 'sensitivity': 0.6428571428571429, 'specificity': 0.7368421052631579}, {'accuracy': 0.8181818181818182, 'f1': 0.7272727272727273, 'sensitivity': 0.5714285714285714, 'specificity': 1.0}, {'accuracy': 0.8181818181818182, 'f1': 0.7272727272727273, 'sensitivity': 0.5714285714285714, 'specificity': 1.0}, {'accuracy': 0.7878787878787878, 'f1': 0.6666666666666666, 'sensitivity': 0.5, 'specificity': 1.0}, {'accuracy': 0.7575757575757576, 'f1': 0.6, 'sensitivity': 0.42857142857142855, 'specificity': 1.0}, {'accuracy': 0.7272727272727273, 'f1': 0.5263157894736842, 'sensitivity': 0.35714285714285715, 'specificity': 1.0}]",COMPLETE
8,0.8387096774193549,2026-07-29 10:25:05.419084,2026-07-29 10:25:21.383317,0 days 00:00:15.964233,0.2,0.00015673095467235422,0.0007025166339242157,"{'overall': {'n': 33, 'accuracy': 0.8484848484848485, 'precision': 0.7647058823529411, 'recall': 0.9285714285714286, 'sensitivity': 0.9285714285714286, 'specificity': 0.7894736842105263, 'balanced_accuracy': 0.8590225563909775, 'f1': 0.8387096774193549, 'confusion_matrix': [[15, 4], [1, 13]], 'auc': 0.8571428571428572, 'roc_curve': {'fpr': [0.0, 0.0, 0.0, 0.05263157894736842, 0.05263157894736842, 0.15789473684210525, 0.15789473684210525, 0.47368421052631576, 0.47368421052631576, 1.0], 'tpr': [0.0, 0.07142857142857142, 0.14285714285714285, 0.14285714285714285, 0.2857142857142857, 0.2857142857142857, 0.9285714285714286, 0.9285714285714286, 1.0, 1.0]}}, 'India': {'n': 14, 'accuracy': 0.8571428571428571, 'precision': 0.9, 'recall': 0.9, 'sensitivity': 0.9, 'specificity': 0.75, 'balanced_accuracy': 0.825, 'f1': 0.9, 'confusion_matrix': [[3, 1], [1, 9]], 'auc': 0.95, 'roc_curve': {'fpr': [0.0, 0.0, 0.0, 0.5, 0.5, 1.0], 'tpr': [0.0, 0.1, 0.9, 0.9, 1.0, 1.0]}}, 'Italy': {'n': 19, 'accuracy': 0.8421052631578947, 'precision': 0.5714285714285714, 'recall': 1.0, 'sensitivity': 1.0, 'specificity': 0.8, 'balanced_accuracy': 0.9, 'f1': 0.7272727272727273, 'confusion_matrix': [[12, 3], [0, 4]], 'auc': 0.9666666666666667, 'roc_curve': {'fpr': [0.0, 0.0, 0.0, 0.06666666666666667, 0.06666666666666667, 1.0], 'tpr': [0.0, 0.25, 0.5, 0.5, 1.0, 1.0]}}}",mobilenet_v3_small_palpebral_v2,"[0.8111523772707049, 0.8000713077602007, 0.7989557488075155, 0.7723090336812253, 0.7605740088500724, 0.7593207592206286, 0.7324395657375159, 0.7390220631037326, 0.7300449668966382, 0.7336347407063112, 0.7127281032650676, 0.7114322765773495, 0.7094291942009073, 0.7162659894551663, 0.6949104402238959, 0.6811815618679223, 0.7043607546793704, 0.6657803030992975, 0.6852651518701718, 0.6960278958674299, 0.6634877347788274, 0.6566905801659388, 0.6793934541032803, 0.6506514340047015, 0.6401048792119057, 0.6457679090120935, 0.657421721527908, 0.6589366371268468, 0.6570449424105764, 0.6386749953623639, 0.6450143420933098, 0.6412187080509615, 0.6349750559851034, 0.6558332072188523, 0.653307689736221, 0.6100288984791332]","[0.8250112678065444, 0.8233770999041471, 0.8182100093725956, 0.8132320786967422, 0.8104906949129972, 0.8084438768300143, 0.8054774331324028, 0.8024809252132069, 0.7990311059084806, 0.7917678211674546, 0.7853623989856604, 0.7760836879412333, 0.7675515774524573, 0.7637010740511345, 0.7649677233262495, 0.7628841851696824, 0.7592696330764077, 0.7522839542591211, 0.7425134073604237, 0.7371131831949408, 0.7282693602822043, 0.721081226161032, 0.7126125332080957, 0.7042811440699028, 0.6933385802037788, 0.6861712968710697, 0.6808697183926901, 0.6763169178456971, 0.6717348369685087, 0.6737039956179532, 0.6753126418951786, 0.6770104151783567, 0.6762924429142114, 0.6787499767361265, 0.676662311409459, 0.6759632609107278]","[{'accuracy': 0.42424242424242425, 'f1': 0.5957446808510638, 'sensitivity': 1.0, 'specificity': 0.0}, {'accuracy': 0.36363636363636365, 'f1': 0.5333333333333333, 'sensitivity': 0.8571428571428571, 'specificity': 0.0}, {'accuracy': 0.42424242424242425, 'f1': 0.5957446808510638, 'sensitivity': 1.0, 'specificity': 0.0}, {'accuracy': 0.42424242424242425, 'f1': 0.5957446808510638, 'sensitivity': 1.0, 'specificity': 0.0}, {'accuracy': 0.42424242424242425, 'f1': 0.5957446808510638, 'sensitivity': 1.0, 'specificity': 0.0}, {'accuracy': 0.42424242424242425, 'f1': 0.5957446808510638, 'sensitivity': 1.0, 'specificity': 0.0}, {'accuracy': 0.42424242424242425, 'f1': 0.5957446808510638, 'sensitivity': 1.0, 'specificity': 0.0}, {'accuracy': 0.42424242424242425, 'f1': 0.5957446808510638, 'sensitivity': 1.0, 'specificity': 0.0}, {'accuracy': 0.42424242424242425, 'f1': 0.5957446808510638, 'sensitivity': 1.0, 'specificity': 0.0}, {'accuracy': 0.42424242424242425, 'f1': 0.5957446808510638, 'sensitivity': 1.0, 'specificity': 0.0}, {'accuracy': 0.42424242424242425, 'f1': 0.5957446808510638, 'sensitivity': 1.0, 'specificity': 0.0}, {'accuracy': 0.48484848484848486, 'f1': 0.6222222222222222, 'sensitivity': 1.0, 'specificity': 0.10526315789473684}, {'accuracy': 0.48484848484848486, 'f1': 0.6222222222222222, 'sensitivity': 1.0, 'specificity': 0.10526315789473684}, {'accuracy': 0.48484848484848486, 'f1': 0.6222222222222222, 'sensitivity': 1.0, 'specificity': 0.10526315789473684}, {'accuracy': 0.48484848484848486, 'f1': 0.6222222222222222, 'sensitivity': 1.0, 'specificity': 0.10526315789473684}, {'accuracy': 0.5151515151515151, 'f1': 0.6363636363636364, 'sensitivity': 1.0, 'specificity': 0.15789473684210525}, {'accuracy': 0.5454545454545454, 'f1': 0.6511627906976745, 'sensitivity': 1.0, 'specificity': 0.21052631578947367}, {'accuracy': 0.5454545454545454, 'f1': 0.6511627906976745, 'sensitivity': 1.0, 'specificity': 0.21052631578947367}, {'accuracy': 0.6060606060606061, 'f1': 0.6829268292682927, 'sensitivity': 1.0, 'specificity': 0.3157894736842105}, {'accuracy': 0.6060606060606061, 'f1': 0.6829268292682927, 'sensitivity': 1.0, 'specificity': 0.3157894736842105}, {'accuracy': 0.696969696969697, 'f1': 0.7368421052631579, 'sensitivity': 1.0, 'specificity': 0.47368421052631576}, {'accuracy': 0.7272727272727273, 'f1': 0.7567567567567568, 'sensitivity': 1.0, 'specificity': 0.5263157894736842}, {'accuracy': 0.7575757575757576, 'f1': 0.7777777777777778, 'sensitivity': 1.0, 'specificity': 0.5789473684210527}, {'accuracy': 0.7272727272727273, 'f1': 0.7428571428571429, 'sensitivity': 0.9285714285714286, 'specificity': 0.5789473684210527}, {'accuracy': 0.7272727272727273, 'f1': 0.7428571428571429, 'sensitivity': 0.9285714285714286, 'specificity': 0.5789473684210527}, {'accuracy': 0.8181818181818182, 'f1': 0.8125, 'sensitivity': 0.9285714285714286, 'specificity': 0.7368421052631579}, {'accuracy': 0.8181818181818182, 'f1': 0.8125, 'sensitivity': 0.9285714285714286, 'specificity': 0.7368421052631579}, {'accuracy': 0.8484848484848485, 'f1': 0.8387096774193549, 'sensitivity': 0.9285714285714286, 'specificity': 0.7894736842105263}, {'accuracy': 0.8181818181818182, 'f1': 0.8, 'sensitivity': 0.8571428571428571, 'specificity': 0.7894736842105263}, {'accuracy': 0.7575757575757576, 'f1': 0.7142857142857143, 'sensitivity': 0.7142857142857143, 'specificity': 0.7894736842105263}, {'accuracy': 0.7575757575757576, 'f1': 0.7142857142857143, 'sensitivity': 0.7142857142857143, 'specificity': 0.7894736842105263}, {'accuracy': 0.7575757575757576, 'f1': 0.7142857142857143, 'sensitivity': 0.7142857142857143, 'specificity': 0.7894736842105263}, {'accuracy': 0.7575757575757576, 'f1': 0.6923076923076923, 'sensitivity': 0.6428571428571429, 'specificity': 0.8421052631578947}, {'accuracy': 0.7272727272727273, 'f1': 0.6666666666666666, 'sensitivity': 0.6428571428571429, 'specificity': 0.7894736842105263}, {'accuracy': 0.7272727272727273, 'f1': 0.6666666666666666, 'sensitivity': 0.6428571428571429, 'specificity': 0.7894736842105263}, {'accuracy': 0.7272727272727273, 'f1': 0.6666666666666666, 'sensitivity': 0.6428571428571429, 'specificity': 0.7894736842105263}]",COMPLETE
