number,value,datetime_start,datetime_complete,duration,params_dropout_rate,params_learning_rate,params_weight_decay,user_attrs_best_val_metrics,user_attrs_model_name,user_attrs_train_loss_history,user_attrs_val_loss_history,user_attrs_val_overall_metrics_history,state
2,0.7857142857142857,2026-07-29 10:24:04.546847,2026-07-29 10:24:12.891413,0 days 00:00:08.344566,0.5,0.006358358856676255,0.000133112160807369,"{'overall': {'n': 33, 'accuracy': 0.8181818181818182, 'precision': 0.7857142857142857, 'recall': 0.7857142857142857, 'sensitivity': 0.7857142857142857, 'specificity': 0.8421052631578947, 'balanced_accuracy': 0.8139097744360901, 'f1': 0.7857142857142857, 'confusion_matrix': [[16, 3], [3, 11]], 'auc': 0.8834586466165414, 'roc_curve': {'fpr': [0.0, 0.0, 0.0, 0.05263157894736842, 0.05263157894736842, 0.10526315789473684, 0.10526315789473684, 0.15789473684210525, 0.15789473684210525, 0.2631578947368421, 0.2631578947368421, 1.0], 'tpr': [0.0, 0.07142857142857142, 0.2857142857142857, 0.2857142857142857, 0.35714285714285715, 0.35714285714285715, 0.42857142857142855, 0.42857142857142855, 0.8571428571428571, 0.8571428571428571, 1.0, 1.0]}}, 'India': {'n': 14, 'accuracy': 0.7142857142857143, 'precision': 0.875, 'recall': 0.7, 'sensitivity': 0.7, 'specificity': 0.75, 'balanced_accuracy': 0.725, 'f1': 0.7777777777777778, 'confusion_matrix': [[3, 1], [3, 7]], 'auc': 0.775, 'roc_curve': {'fpr': [0.0, 0.0, 0.0, 0.25, 0.25, 0.5, 0.5, 1.0], 'tpr': [0.0, 0.1, 0.3, 0.3, 0.8, 0.8, 1.0, 1.0]}}, 'Italy': {'n': 19, 'accuracy': 0.8947368421052632, 'precision': 0.6666666666666666, 'recall': 1.0, 'sensitivity': 1.0, 'specificity': 0.8666666666666667, 'balanced_accuracy': 0.9333333333333333, 'f1': 0.8, 'confusion_matrix': [[13, 2], [0, 4]], 'auc': 0.9333333333333333, 'roc_curve': {'fpr': [0.0, 0.0, 0.0, 0.13333333333333333, 0.13333333333333333, 1.0], 'tpr': [0.0, 0.25, 0.5, 0.5, 1.0, 1.0]}}}",mobilenet_v3_small_palpebral_v2,"[0.7162449703311289, 0.6137114352737831, 0.6341723554971203, 0.5688359476872628, 0.5610479250648953, 0.5615798037573202, 0.5621759887562682, 0.5282911978020574, 0.6556491516283806, 0.5892572513479271, 0.5780760073503911, 0.6408726247335901, 0.5142625272274017, 0.5426811167341195, 0.5721134192106739, 0.5421923702915773, 0.5482991491721956, 0.5865479364300406, 0.48685630840181515]","[0.8831048481392137, 0.9831940911032937, 1.0012210282412441, 0.9795749151345455, 0.9567327427141594, 0.9051441315448645, 0.8411294980482622, 0.8253145254019535, 0.7710797931208755, 0.7210697622010203, 0.6516285701231523, 0.6163732806841532, 0.6165472124562119, 0.6442927736224551, 0.6873813307646549, 0.7258430502631448, 0.700458007328438, 0.692661287206592, 0.7306360042456425]","[{'accuracy': 0.42424242424242425, 'f1': 0.5957446808510638, 'sensitivity': 1.0, 'specificity': 0.0}, {'accuracy': 0.42424242424242425, 'f1': 0.5957446808510638, 'sensitivity': 1.0, 'specificity': 0.0}, {'accuracy': 0.42424242424242425, 'f1': 0.5957446808510638, 'sensitivity': 1.0, 'specificity': 0.0}, {'accuracy': 0.42424242424242425, 'f1': 0.5957446808510638, 'sensitivity': 1.0, 'specificity': 0.0}, {'accuracy': 0.42424242424242425, 'f1': 0.5957446808510638, 'sensitivity': 1.0, 'specificity': 0.0}, {'accuracy': 0.42424242424242425, 'f1': 0.5957446808510638, 'sensitivity': 1.0, 'specificity': 0.0}, {'accuracy': 0.42424242424242425, 'f1': 0.5957446808510638, 'sensitivity': 1.0, 'specificity': 0.0}, {'accuracy': 0.42424242424242425, 'f1': 0.5957446808510638, 'sensitivity': 1.0, 'specificity': 0.0}, {'accuracy': 0.6060606060606061, 'f1': 0.6829268292682927, 'sensitivity': 1.0, 'specificity': 0.3157894736842105}, {'accuracy': 0.696969696969697, 'f1': 0.7222222222222222, 'sensitivity': 0.9285714285714286, 'specificity': 0.5263157894736842}, {'accuracy': 0.7272727272727273, 'f1': 0.7567567567567568, 'sensitivity': 1.0, 'specificity': 0.5263157894736842}, {'accuracy': 0.8181818181818182, 'f1': 0.7857142857142857, 'sensitivity': 0.7857142857142857, 'specificity': 0.8421052631578947}, {'accuracy': 0.7272727272727273, 'f1': 0.6896551724137931, 'sensitivity': 0.7142857142857143, 'specificity': 0.7368421052631579}, {'accuracy': 0.7272727272727273, 'f1': 0.6896551724137931, 'sensitivity': 0.7142857142857143, 'specificity': 0.7368421052631579}, {'accuracy': 0.6666666666666666, 'f1': 0.6206896551724138, 'sensitivity': 0.6428571428571429, 'specificity': 0.6842105263157895}, {'accuracy': 0.6363636363636364, 'f1': 0.6, 'sensitivity': 0.6428571428571429, 'specificity': 0.631578947368421}, {'accuracy': 0.6666666666666666, 'f1': 0.6206896551724138, 'sensitivity': 0.6428571428571429, 'specificity': 0.6842105263157895}, {'accuracy': 0.696969696969697, 'f1': 0.5833333333333334, 'sensitivity': 0.5, 'specificity': 0.8421052631578947}, {'accuracy': 0.6666666666666666, 'f1': 0.5217391304347826, 'sensitivity': 0.42857142857142855, 'specificity': 0.8421052631578947}]",COMPLETE
3,0.7567567567567568,2026-07-29 10:24:12.891730,2026-07-29 10:24:20.270106,0 days 00:00:07.378376,0.5,0.03142880890840111,4.335281794951567e-06,"{'overall': {'n': 33, 'accuracy': 0.7272727272727273, 'precision': 0.6086956521739131, 'recall': 1.0, 'sensitivity': 1.0, 'specificity': 0.5263157894736842, 'balanced_accuracy': 0.763157894736842, 'f1': 0.7567567567567568, 'confusion_matrix': [[10, 9], [0, 14]], 'auc': 0.8421052631578947, 'roc_curve': {'fpr': [0.0, 0.0, 0.05263157894736842, 0.05263157894736842, 0.15789473684210525, 0.15789473684210525, 0.21052631578947367, 0.21052631578947367, 0.3157894736842105, 0.3157894736842105, 1.0], 'tpr': [0.0, 0.07142857142857142, 0.07142857142857142, 0.2857142857142857, 0.2857142857142857, 0.5, 0.5, 0.9285714285714286, 0.9285714285714286, 1.0, 1.0]}}, 'India': {'n': 14, 'accuracy': 0.7142857142857143, 'precision': 0.7142857142857143, 'recall': 1.0, 'sensitivity': 1.0, 'specificity': 0.0, 'balanced_accuracy': 0.5, 'f1': 0.8333333333333334, 'confusion_matrix': [[0, 4], [0, 10]], 'auc': 0.8, 'roc_curve': {'fpr': [0.0, 0.0, 0.0, 0.25, 0.25, 0.5, 0.5, 1.0], 'tpr': [0.0, 0.1, 0.3, 0.3, 0.9, 0.9, 1.0, 1.0]}}, 'Italy': {'n': 19, 'accuracy': 0.7368421052631579, 'precision': 0.4444444444444444, 'recall': 1.0, 'sensitivity': 1.0, 'specificity': 0.6666666666666666, 'balanced_accuracy': 0.8333333333333333, 'f1': 0.6153846153846154, 'confusion_matrix': [[10, 5], [0, 4]], 'auc': 0.9500000000000001, 'roc_curve': {'fpr': [0.0, 0.0, 0.06666666666666667, 0.06666666666666667, 1.0], 'tpr': [0.0, 0.25, 0.25, 1.0, 1.0]}}}",mobilenet_v3_small_palpebral_v2,"[0.9528095424175262, 0.6860449845032977, 0.842511654689612, 0.7666007262586758, 0.9400709228010367, 0.8577045936458159, 0.952346103870316, 0.8313101857703253, 0.980533434065762, 0.8422169827467558, 0.9749328095391886, 0.9425275706692248, 1.0224022891446454, 0.7685269042356124, 1.1114002339887303, 1.0042628144586323, 0.8969770255467749]","[0.9763871919025074, 1.2699717698675212, 1.2637307571642327, 0.9999855937379779, 0.7566273808479309, 0.6460980845220161, 0.78636634349823, 0.7314116123950842, 0.7974774873617924, 0.6302747672254388, 0.6475305503064935, 0.8535537791974617, 0.6631257461779045, 0.920021678462173, 1.311641599192764, 1.4676519126603098, 1.127584370699796]","[{'accuracy': 0.696969696969697, 'f1': 0.6875, 'sensitivity': 0.7857142857142857, 'specificity': 0.631578947368421}, {'accuracy': 0.5151515151515151, 'f1': 0.6, 'sensitivity': 0.8571428571428571, 'specificity': 0.2631578947368421}, {'accuracy': 0.45454545454545453, 'f1': 0.6086956521739131, 'sensitivity': 1.0, 'specificity': 0.05263157894736842}, {'accuracy': 0.6363636363636364, 'f1': 0.7, 'sensitivity': 1.0, 'specificity': 0.3684210526315789}, {'accuracy': 0.7272727272727273, 'f1': 0.7567567567567568, 'sensitivity': 1.0, 'specificity': 0.5263157894736842}, {'accuracy': 0.7272727272727273, 'f1': 0.7567567567567568, 'sensitivity': 1.0, 'specificity': 0.5263157894736842}, {'accuracy': 0.6060606060606061, 'f1': 0.6829268292682927, 'sensitivity': 1.0, 'specificity': 0.3157894736842105}, {'accuracy': 0.6363636363636364, 'f1': 0.7, 'sensitivity': 1.0, 'specificity': 0.3684210526315789}, {'accuracy': 0.6666666666666666, 'f1': 0.717948717948718, 'sensitivity': 1.0, 'specificity': 0.42105263157894735}, {'accuracy': 0.696969696969697, 'f1': 0.7058823529411765, 'sensitivity': 0.8571428571428571, 'specificity': 0.5789473684210527}, {'accuracy': 0.696969696969697, 'f1': 0.7222222222222222, 'sensitivity': 0.9285714285714286, 'specificity': 0.5263157894736842}, {'accuracy': 0.6666666666666666, 'f1': 0.5217391304347826, 'sensitivity': 0.42857142857142855, 'specificity': 0.8421052631578947}, {'accuracy': 0.6666666666666666, 'f1': 0.5217391304347826, 'sensitivity': 0.42857142857142855, 'specificity': 0.8421052631578947}, {'accuracy': 0.6363636363636364, 'f1': 0.45454545454545453, 'sensitivity': 0.35714285714285715, 'specificity': 0.8421052631578947}, {'accuracy': 0.6060606060606061, 'f1': 0.13333333333333333, 'sensitivity': 0.07142857142857142, 'specificity': 1.0}, {'accuracy': 0.6666666666666666, 'f1': 0.35294117647058826, 'sensitivity': 0.21428571428571427, 'specificity': 1.0}, {'accuracy': 0.6363636363636364, 'f1': 0.4, 'sensitivity': 0.2857142857142857, 'specificity': 0.8947368421052632}]",COMPLETE
4,0.8235294117647058,2026-07-29 10:24:20.270501,2026-07-29 10:24:39.270510,0 days 00:00:19.000009,0.2,0.0008179499475211679,3.752055855124284e-05,"{'overall': {'n': 33, 'accuracy': 0.8181818181818182, 'precision': 0.7, 'recall': 1.0, 'sensitivity': 1.0, 'specificity': 0.6842105263157895, 'balanced_accuracy': 0.8421052631578947, 'f1': 0.8235294117647058, 'confusion_matrix': [[13, 6], [0, 14]], 'auc': 0.849624060150376, 'roc_curve': {'fpr': [0.0, 0.0, 0.0, 0.10526315789473684, 0.10526315789473684, 0.15789473684210525, 0.15789473684210525, 0.21052631578947367, 0.21052631578947367, 0.2631578947368421, 0.2631578947368421, 1.0], 'tpr': [0.0, 0.07142857142857142, 0.2857142857142857, 0.2857142857142857, 0.35714285714285715, 0.35714285714285715, 0.42857142857142855, 0.42857142857142855, 0.7857142857142857, 0.7857142857142857, 1.0, 1.0]}}, 'India': {'n': 14, 'accuracy': 0.8571428571428571, 'precision': 0.8333333333333334, 'recall': 1.0, 'sensitivity': 1.0, 'specificity': 0.5, 'balanced_accuracy': 0.75, 'f1': 0.9090909090909091, 'confusion_matrix': [[2, 2], [0, 10]], 'auc': 0.725, 'roc_curve': {'fpr': [0.0, 0.0, 0.0, 0.25, 0.25, 0.5, 0.5, 1.0], 'tpr': [0.0, 0.1, 0.2, 0.2, 0.7, 0.7, 1.0, 1.0]}}, 'Italy': {'n': 19, 'accuracy': 0.7894736842105263, 'precision': 0.5, 'recall': 1.0, 'sensitivity': 1.0, 'specificity': 0.7333333333333333, 'balanced_accuracy': 0.8666666666666667, 'f1': 0.6666666666666666, 'confusion_matrix': [[11, 4], [0, 4]], 'auc': 1.0, 'roc_curve': {'fpr': [0.0, 0.0, 0.0, 1.0], 'tpr': [0.0, 0.25, 1.0, 1.0]}}}",mobilenet_v3_small_palpebral_v2,"[0.787507361923622, 0.7202224088030935, 0.6928016322338029, 0.6859006111985011, 0.6541894283515728, 0.658650494174452, 0.6251881647583665, 0.6033795693062789, 0.5937498515804872, 0.6076978062162336, 0.6118766624011741, 0.5975064524751625, 0.5789238510542358, 0.5779225321005512, 0.546292565121556, 0.569543346663974, 0.5891665678150606, 0.5682534089941063, 0.5560998036371951, 0.5825534530033339, 0.5592612659694344, 0.5346764831353497, 0.5392950682450603, 0.5517646042716424, 0.5413458051270996, 0.5015406529634994, 0.5989696482159445, 0.5097803921494263, 0.5551205190601728, 0.524402740380622, 0.527052839070756, 0.5500109065447422, 0.511023346556733, 0.5673567072445194, 0.5470532542032911, 0.536384590808919, 0.5652056565347886, 0.5154361815642048, 0.5207302023638163, 0.5289743951219597, 0.45175410461741566, 0.5220550717107507, 0.5252865627901444]","[0.7714502594687722, 0.759904297915372, 0.7454977450948773, 0.7370554208755493, 0.7286458123813976, 0.7201394420681577, 0.7202034791310629, 0.7195423660856305, 0.7195608326883027, 0.7091307712323738, 0.6962953191815, 0.6856018774437181, 0.6768731565186472, 0.6686824560165405, 0.6741561961896492, 0.6854870066498265, 0.684803641203678, 0.6777214407920837, 0.6640617377830275, 0.6569821039835612, 0.6534593015006094, 0.6442333839156411, 0.6369105965802164, 0.6351760372971044, 0.6428639672019265, 0.653542905142813, 0.6475475990411007, 0.6403805830261924, 0.6296186049779257, 0.6162666588118582, 0.6207472700061221, 0.6167352380174579, 0.6166181058594675, 0.6103315750757853, 0.589977578683333, 0.58973495165507, 0.5947817455638539, 0.5991812510923906, 0.5970799417206736, 0.6001088763728286, 0.5988716717922327, 0.5937534390073834, 0.5956029855843746]","[{'accuracy': 0.7272727272727273, 'f1': 0.7567567567567568, 'sensitivity': 1.0, 'specificity': 0.5263157894736842}, {'accuracy': 0.6666666666666666, 'f1': 0.717948717948718, 'sensitivity': 1.0, 'specificity': 0.42105263157894735}, {'accuracy': 0.696969696969697, 'f1': 0.7368421052631579, 'sensitivity': 1.0, 'specificity': 0.47368421052631576}, {'accuracy': 0.7878787878787878, 'f1': 0.8, 'sensitivity': 1.0, 'specificity': 0.631578947368421}, {'accuracy': 0.7878787878787878, 'f1': 0.8, 'sensitivity': 1.0, 'specificity': 0.631578947368421}, {'accuracy': 0.7878787878787878, 'f1': 0.8, 'sensitivity': 1.0, 'specificity': 0.631578947368421}, {'accuracy': 0.8181818181818182, 'f1': 0.8235294117647058, 'sensitivity': 1.0, 'specificity': 0.6842105263157895}, {'accuracy': 0.7878787878787878, 'f1': 0.8, 'sensitivity': 1.0, 'specificity': 0.631578947368421}, {'accuracy': 0.7878787878787878, 'f1': 0.8, 'sensitivity': 1.0, 'specificity': 0.631578947368421}, {'accuracy': 0.7878787878787878, 'f1': 0.8, 'sensitivity': 1.0, 'specificity': 0.631578947368421}, {'accuracy': 0.7575757575757576, 'f1': 0.7777777777777778, 'sensitivity': 1.0, 'specificity': 0.5789473684210527}, {'accuracy': 0.7575757575757576, 'f1': 0.7777777777777778, 'sensitivity': 1.0, 'specificity': 0.5789473684210527}, {'accuracy': 0.7575757575757576, 'f1': 0.7777777777777778, 'sensitivity': 1.0, 'specificity': 0.5789473684210527}, {'accuracy': 0.7272727272727273, 'f1': 0.7428571428571429, 'sensitivity': 0.9285714285714286, 'specificity': 0.5789473684210527}, {'accuracy': 0.7272727272727273, 'f1': 0.7428571428571429, 'sensitivity': 0.9285714285714286, 'specificity': 0.5789473684210527}, {'accuracy': 0.7272727272727273, 'f1': 0.7428571428571429, 'sensitivity': 0.9285714285714286, 'specificity': 0.5789473684210527}, {'accuracy': 0.7272727272727273, 'f1': 0.7272727272727273, 'sensitivity': 0.8571428571428571, 'specificity': 0.631578947368421}, {'accuracy': 0.696969696969697, 'f1': 0.6875, 'sensitivity': 0.7857142857142857, 'specificity': 0.631578947368421}, {'accuracy': 0.7272727272727273, 'f1': 0.7272727272727273, 'sensitivity': 0.8571428571428571, 'specificity': 0.631578947368421}, {'accuracy': 0.7272727272727273, 'f1': 0.7096774193548387, 'sensitivity': 0.7857142857142857, 'specificity': 0.6842105263157895}, {'accuracy': 0.7272727272727273, 'f1': 0.7096774193548387, 'sensitivity': 0.7857142857142857, 'specificity': 0.6842105263157895}, {'accuracy': 0.7272727272727273, 'f1': 0.7096774193548387, 'sensitivity': 0.7857142857142857, 'specificity': 0.6842105263157895}, {'accuracy': 0.7272727272727273, 'f1': 0.7096774193548387, 'sensitivity': 0.7857142857142857, 'specificity': 0.6842105263157895}, {'accuracy': 0.7272727272727273, 'f1': 0.7096774193548387, 'sensitivity': 0.7857142857142857, 'specificity': 0.6842105263157895}, {'accuracy': 0.7575757575757576, 'f1': 0.75, 'sensitivity': 0.8571428571428571, 'specificity': 0.6842105263157895}, {'accuracy': 0.7575757575757576, 'f1': 0.75, 'sensitivity': 0.8571428571428571, 'specificity': 0.6842105263157895}, {'accuracy': 0.7272727272727273, 'f1': 0.7096774193548387, 'sensitivity': 0.7857142857142857, 'specificity': 0.6842105263157895}, {'accuracy': 0.7272727272727273, 'f1': 0.7096774193548387, 'sensitivity': 0.7857142857142857, 'specificity': 0.6842105263157895}, {'accuracy': 0.7878787878787878, 'f1': 0.7586206896551724, 'sensitivity': 0.7857142857142857, 'specificity': 0.7894736842105263}, {'accuracy': 0.7878787878787878, 'f1': 0.7586206896551724, 'sensitivity': 0.7857142857142857, 'specificity': 0.7894736842105263}, {'accuracy': 0.7575757575757576, 'f1': 0.7142857142857143, 'sensitivity': 0.7142857142857143, 'specificity': 0.7894736842105263}, {'accuracy': 0.7575757575757576, 'f1': 0.7142857142857143, 'sensitivity': 0.7142857142857143, 'specificity': 0.7894736842105263}, {'accuracy': 0.7272727272727273, 'f1': 0.6896551724137931, 'sensitivity': 0.7142857142857143, 'specificity': 0.7368421052631579}, {'accuracy': 0.7272727272727273, 'f1': 0.6896551724137931, 'sensitivity': 0.7142857142857143, 'specificity': 0.7368421052631579}, {'accuracy': 0.7575757575757576, 'f1': 0.7333333333333333, 'sensitivity': 0.7857142857142857, 'specificity': 0.7368421052631579}, {'accuracy': 0.7575757575757576, 'f1': 0.7142857142857143, 'sensitivity': 0.7142857142857143, 'specificity': 0.7894736842105263}, {'accuracy': 0.7575757575757576, 'f1': 0.7142857142857143, 'sensitivity': 0.7142857142857143, 'specificity': 0.7894736842105263}, {'accuracy': 0.7575757575757576, 'f1': 0.7142857142857143, 'sensitivity': 0.7142857142857143, 'specificity': 0.7894736842105263}, {'accuracy': 0.7272727272727273, 'f1': 0.6896551724137931, 'sensitivity': 0.7142857142857143, 'specificity': 0.7368421052631579}, {'accuracy': 0.7272727272727273, 'f1': 0.6896551724137931, 'sensitivity': 0.7142857142857143, 'specificity': 0.7368421052631579}, {'accuracy': 0.7272727272727273, 'f1': 0.6896551724137931, 'sensitivity': 0.7142857142857143, 'specificity': 0.7368421052631579}, {'accuracy': 0.7272727272727273, 'f1': 0.6896551724137931, 'sensitivity': 0.7142857142857143, 'specificity': 0.7368421052631579}, {'accuracy': 0.7272727272727273, 'f1': 0.6896551724137931, 'sensitivity': 0.7142857142857143, 'specificity': 0.7368421052631579}]",COMPLETE
5,0.6086956521739131,2026-07-29 10:24:39.270842,2026-07-29 10:24:42.789205,0 days 00:00:03.518363,0.5,0.006847920095574782,2.62108787826544e-06,"{'overall': {'n': 33, 'accuracy': 0.45454545454545453, 'precision': 0.4375, 'recall': 1.0, 'sensitivity': 1.0, 'specificity': 0.05263157894736842, 'balanced_accuracy': 0.5263157894736842, 'f1': 0.6086956521739131, 'confusion_matrix': [[1, 18], [0, 14]], 'auc': 0.7518796992481203, 'roc_curve': {'fpr': [0.0, 0.0, 0.0, 0.10526315789473684, 0.10526315789473684, 0.21052631578947367, 0.21052631578947367, 0.42105263157894735, 0.42105263157894735, 0.5263157894736842, 0.5263157894736842, 0.5789473684210527, 0.5789473684210527, 1.0], 'tpr': [0.0, 0.07142857142857142, 0.21428571428571427, 0.21428571428571427, 0.2857142857142857, 0.2857142857142857, 0.7142857142857143, 0.7142857142857143, 0.7857142857142857, 0.7857142857142857, 0.8571428571428571, 0.8571428571428571, 1.0, 1.0]}}, 'India': {'n': 14, 'accuracy': 0.7142857142857143, 'precision': 0.7142857142857143, 'recall': 1.0, 'sensitivity': 1.0, 'specificity': 0.0, 'balanced_accuracy': 0.5, 'f1': 0.8333333333333334, 'confusion_matrix': [[0, 4], [0, 10]], 'auc': 0.6499999999999999, 'roc_curve': {'fpr': [0.0, 0.0, 0.0, 0.5, 0.5, 1.0, 1.0], 'tpr': [0.0, 0.1, 0.6, 0.6, 0.7, 0.7, 1.0]}}, 'Italy': {'n': 19, 'accuracy': 0.2631578947368421, 'precision': 0.2222222222222222, 'recall': 1.0, 'sensitivity': 1.0, 'specificity': 0.06666666666666667, 'balanced_accuracy': 0.5333333333333333, 'f1': 0.36363636363636365, 'confusion_matrix': [[1, 14], [0, 4]], 'auc': 0.9666666666666667, 'roc_curve': {'fpr': [0.0, 0.0, 0.0, 0.13333333333333333, 0.13333333333333333, 1.0], 'tpr': [0.0, 0.25, 0.75, 0.75, 1.0, 1.0]}}}",mobilenet_v3_small_palpebral_v2,"[0.7631869102945391, 0.5979498052439153, 0.5986233448350666, 0.582668602861316, 0.6473014204707367, 0.4928826519985073, 0.5148878847526399, 0.5677230796277128]","[0.8102030934709491, 0.865430853583596, 0.9524841380841804, 1.0439944339521003, 0.972765590205337, 0.9057252407073975, 0.9225703748789701, 0.8955143581737172]","[{'accuracy': 0.42424242424242425, 'f1': 0.5957446808510638, 'sensitivity': 1.0, 'specificity': 0.0}, {'accuracy': 0.42424242424242425, 'f1': 0.5957446808510638, 'sensitivity': 1.0, 'specificity': 0.0}, {'accuracy': 0.42424242424242425, 'f1': 0.5957446808510638, 'sensitivity': 1.0, 'specificity': 0.0}, {'accuracy': 0.42424242424242425, 'f1': 0.5957446808510638, 'sensitivity': 1.0, 'specificity': 0.0}, {'accuracy': 0.42424242424242425, 'f1': 0.5957446808510638, 'sensitivity': 1.0, 'specificity': 0.0}, {'accuracy': 0.42424242424242425, 'f1': 0.5957446808510638, 'sensitivity': 1.0, 'specificity': 0.0}, {'accuracy': 0.42424242424242425, 'f1': 0.5957446808510638, 'sensitivity': 1.0, 'specificity': 0.0}, {'accuracy': 0.45454545454545453, 'f1': 0.6086956521739131, 'sensitivity': 1.0, 'specificity': 0.05263157894736842}]",COMPLETE
