number,value,datetime_start,datetime_complete,duration,params_learning_rate,params_weight_decay,user_attrs_best_val_metrics,user_attrs_model_name,user_attrs_train_loss_history,user_attrs_val_loss_history,state
9,0.7741935483870968,2026-07-19 13:10:00.170775,2026-07-19 13:10:13.790055,0 days 00:00:13.619280,0.0019762189340280074,7.4763120622522945e-06,"{'overall': {'n': 33, 'accuracy': 0.7878787878787878, 'precision': 0.7058823529411765, 'recall': 0.8571428571428571, 'f1': 0.7741935483870968, 'confusion_matrix': [[14, 5], [2, 12]], 'auc': 0.8345864661654135, 'roc_curve': {'fpr': [0.0, 0.0, 0.0, 0.05263157894736842, 0.05263157894736842, 0.21052631578947367, 0.21052631578947367, 0.2631578947368421, 0.2631578947368421, 0.5263157894736842, 0.5263157894736842, 0.7368421052631579, 0.7368421052631579, 1.0], 'tpr': [0.0, 0.07142857142857142, 0.5, 0.5, 0.5714285714285714, 0.5714285714285714, 0.6428571428571429, 0.6428571428571429, 0.8571428571428571, 0.8571428571428571, 0.9285714285714286, 0.9285714285714286, 1.0, 1.0]}}, 'India': {'n': 14, 'accuracy': 0.8571428571428571, 'precision': 1.0, 'recall': 0.8, 'f1': 0.8888888888888888, 'confusion_matrix': [[4, 0], [2, 8]], 'auc': 0.8250000000000001, 'roc_curve': {'fpr': [0.0, 0.0, 0.0, 0.75, 0.75, 1.0, 1.0], 'tpr': [0.0, 0.1, 0.8, 0.8, 0.9, 0.9, 1.0]}}, 'Italy': {'n': 19, 'accuracy': 0.7368421052631579, 'precision': 0.4444444444444444, 'recall': 1.0, 'f1': 0.6153846153846154, 'confusion_matrix': [[10, 5], [0, 4]], 'auc': 1.0, 'roc_curve': {'fpr': [0.0, 0.0, 0.0, 1.0], 'tpr': [0.0, 0.25, 1.0, 1.0]}}}",mobilenet_v3_small_palpebral,"[0.7579125173833986, 0.6819013893999011, 0.6631292254719513, 0.5870512719975401, 0.60731035826222, 0.5883276798077767, 0.599127769075482, 0.5375581044234977, 0.5587557394378233, 0.5295043587684631, 0.5595167038456493, 0.527838635720954, 0.5040495808156121, 0.474631481612755, 0.4942984830662115, 0.568406036950105, 0.5516999111270273, 0.5296473892911381, 0.5228006042392048, 0.5075944093678961, 0.5238242990133778, 0.515642079296491, 0.4888658657768704, 0.5323097474922408, 0.47489057668786966, 0.5240666704462064, 0.5180795958500035, 0.46738936451097196, 0.4707222505910507, 0.517734578508415]","[0.7750181700244094, 0.7360112089099307, 0.7243128617604574, 0.7223839236028267, 0.7204878655346957, 0.7161069458181207, 0.7065031347852765, 0.7060406135790276, 0.7071584878545819, 0.7013192483873079, 0.6901129628672744, 0.6809518662366, 0.6510224450718273, 0.6445308237364797, 0.6438856413870147, 0.6521907033342303, 0.6511648712736188, 0.6553269480213975, 0.651981942581408, 0.636379088416244, 0.6343967607527068, 0.6252793886444785, 0.6186440442547654, 0.6056898416894855, 0.6121729214986166, 0.6172287933754198, 0.6078152150818796, 0.5891365932695793, 0.6200853188832601, 0.6468124931508844]",COMPLETE
10,0.6086956521739131,2026-07-19 13:10:13.790447,2026-07-19 13:10:16.605615,0 days 00:00:02.815168,0.07994787715316955,2.6301587628514246e-05,"{'overall': {'n': 33, 'accuracy': 0.45454545454545453, 'precision': 0.4375, 'recall': 1.0, 'f1': 0.6086956521739131, 'confusion_matrix': [[1, 18], [0, 14]], 'auc': 0.7330827067669173, 'roc_curve': {'fpr': [0.0, 0.05263157894736842, 0.05263157894736842, 0.05263157894736842, 0.10526315789473684, 0.10526315789473684, 0.21052631578947367, 0.21052631578947367, 0.2631578947368421, 0.2631578947368421, 0.42105263157894735, 0.42105263157894735, 0.47368421052631576, 0.47368421052631576, 0.7368421052631579, 0.7368421052631579, 0.7894736842105263, 0.7894736842105263, 1.0], 'tpr': [0.0, 0.0, 0.14285714285714285, 0.42857142857142855, 0.42857142857142855, 0.5, 0.5, 0.5714285714285714, 0.5714285714285714, 0.6428571428571429, 0.6428571428571429, 0.7857142857142857, 0.7857142857142857, 0.8571428571428571, 0.8571428571428571, 0.9285714285714286, 0.9285714285714286, 1.0, 1.0]}}, 'India': {'n': 14, 'accuracy': 0.7857142857142857, 'precision': 0.7692307692307693, 'recall': 1.0, 'f1': 0.8695652173913043, 'confusion_matrix': [[1, 3], [0, 10]], 'auc': 0.6, 'roc_curve': {'fpr': [0.0, 0.0, 0.0, 0.25, 0.25, 0.75, 0.75, 1.0], 'tpr': [0.0, 0.1, 0.4, 0.4, 0.5, 0.5, 1.0, 1.0]}}, 'Italy': {'n': 19, 'accuracy': 0.21052631578947367, 'precision': 0.21052631578947367, 'recall': 1.0, 'f1': 0.34782608695652173, 'confusion_matrix': [[0, 15], [0, 4]], 'auc': 0.9333333333333333, 'roc_curve': {'fpr': [0.0, 0.06666666666666667, 0.06666666666666667, 0.06666666666666667, 1.0], 'tpr': [0.0, 0.0, 0.5, 1.0, 1.0]}}}",mobilenet_v3_small_palpebral,"[1.697711135970046, 1.507089761708746, 1.9403832382121622, 1.8452788844013845, 1.5691346257727667, 1.2797220984831552]","[1.229726209784999, 1.7120983419996318, 2.996355251832442, 5.652341351364598, 5.372354608593565, 4.607120701760957]",COMPLETE
11,0.7857142857142857,2026-07-19 13:10:16.605930,2026-07-19 13:10:25.289517,0 days 00:00:08.683587,0.005744437249279422,0.00012004944451687336,"{'overall': {'n': 33, 'accuracy': 0.8181818181818182, 'precision': 0.7857142857142857, 'recall': 0.7857142857142857, 'f1': 0.7857142857142857, 'confusion_matrix': [[16, 3], [3, 11]], 'auc': 0.8120300751879699, 'roc_curve': {'fpr': [0.0, 0.05263157894736842, 0.05263157894736842, 0.15789473684210525, 0.15789473684210525, 0.2631578947368421, 0.2631578947368421, 0.42105263157894735, 0.42105263157894735, 0.631578947368421, 0.631578947368421, 1.0], 'tpr': [0.0, 0.0, 0.2857142857142857, 0.2857142857142857, 0.7857142857142857, 0.7857142857142857, 0.8571428571428571, 0.8571428571428571, 0.9285714285714286, 0.9285714285714286, 1.0, 1.0]}}, 'India': {'n': 14, 'accuracy': 0.7857142857142857, 'precision': 1.0, 'recall': 0.7, 'f1': 0.8235294117647058, 'confusion_matrix': [[4, 0], [3, 7]], 'auc': 0.875, 'roc_curve': {'fpr': [0.0, 0.0, 0.0, 0.25, 0.25, 0.75, 0.75, 1.0], 'tpr': [0.0, 0.1, 0.7, 0.7, 0.9, 0.9, 1.0, 1.0]}}, 'Italy': {'n': 19, 'accuracy': 0.8421052631578947, 'precision': 0.5714285714285714, 'recall': 1.0, 'f1': 0.7272727272727273, 'confusion_matrix': [[12, 3], [0, 4]], 'auc': 0.9333333333333333, 'roc_curve': {'fpr': [0.0, 0.06666666666666667, 0.06666666666666667, 1.0], 'tpr': [0.0, 0.0, 1.0, 1.0]}}}",mobilenet_v3_small_palpebral,"[0.7362666331379619, 0.6044985953940462, 0.5696953505475, 0.5145711093548907, 0.5346442729432062, 0.5013743465309901, 0.47980866369032704, 0.46404437335911175, 0.5193347461176234, 0.5535937660182548, 0.486111753626375, 0.4984632971270984, 0.5415896528604015, 0.4439625582158171, 0.4872500849085928, 0.5066522545372414, 0.4939814185267253, 0.48904350340761094, 0.5036557087835097]","[0.7875742514928182, 0.7462723526087675, 0.7394183151649706, 0.7584699103326509, 0.7328740430600715, 0.7218757344014717, 0.7139746510621273, 0.7040827473004659, 0.7341131820823207, 0.7287318164652045, 0.6999363176750414, 0.6910649501916134, 0.6824326804189971, 0.6657833655675253, 0.6934216166987563, 0.6864659280487986, 0.745529319300796, 0.7312331380266132, 0.7613839543226993]",COMPLETE
