number,value,datetime_start,datetime_complete,duration,params_learning_rate,params_weight_decay,user_attrs_best_val_metrics,user_attrs_model_name,user_attrs_train_loss_history,user_attrs_val_loss_history,state
10,0.6875,2026-07-19 13:16:17.452266,2026-07-19 13:16:20.550475,0 days 00:00:03.098209,0.07154800196121129,1.0422971466648463e-06,"{'overall': {'n': 31, 'accuracy': 0.6774193548387096, 'precision': 0.6111111111111112, 'recall': 0.7857142857142857, 'f1': 0.6875, 'confusion_matrix': [[10, 7], [3, 11]], 'auc': 0.7436974789915967, 'roc_curve': {'fpr': [0.0, 0.058823529411764705, 0.058823529411764705, 0.11764705882352941, 0.11764705882352941, 0.29411764705882354, 0.29411764705882354, 0.47058823529411764, 0.47058823529411764, 0.5882352941176471, 0.5882352941176471, 0.8823529411764706, 0.8823529411764706, 1.0], 'tpr': [0.0, 0.0, 0.42857142857142855, 0.42857142857142855, 0.5, 0.5, 0.7857142857142857, 0.7857142857142857, 0.8571428571428571, 0.8571428571428571, 0.9285714285714286, 0.9285714285714286, 1.0, 1.0]}}, 'India': {'n': 14, 'accuracy': 0.7857142857142857, 'precision': 1.0, 'recall': 0.7, 'f1': 0.8235294117647058, 'confusion_matrix': [[4, 0], [3, 7]], 'auc': 0.825, 'roc_curve': {'fpr': [0.0, 0.0, 0.0, 0.25, 0.25, 0.5, 0.5, 1.0, 1.0], 'tpr': [0.0, 0.1, 0.7, 0.7, 0.8, 0.8, 0.9, 0.9, 1.0]}}, 'Italy': {'n': 17, 'accuracy': 0.5882352941176471, 'precision': 0.36363636363636365, 'recall': 1.0, 'f1': 0.5333333333333333, 'confusion_matrix': [[6, 7], [0, 4]], 'auc': 0.9230769230769231, 'roc_curve': {'fpr': [0.0, 0.07692307692307693, 0.07692307692307693, 1.0], 'tpr': [0.0, 0.0, 1.0, 1.0]}}}",mobilenet_v3_small_forniceal_palpebral,"[1.3782756231269058, 1.3445233812137527, 1.0647751883584626, 1.2477632355527812, 0.902263441864325, 1.2466257082767227, 1.0556904069420432]","[2.488242890565626, 1.1727965762538295, 1.3642388736048052, 1.5852831563641947, 1.9809987737286476, 2.2863452280721357, 2.4650306913160507]",COMPLETE
11,0.7428571428571429,2026-07-19 13:16:20.550817,2026-07-19 13:16:29.652970,0 days 00:00:09.102153,0.002537843647212505,0.0008265896689441099,"{'overall': {'n': 31, 'accuracy': 0.7096774193548387, 'precision': 0.6190476190476191, 'recall': 0.9285714285714286, 'f1': 0.7428571428571429, 'confusion_matrix': [[9, 8], [1, 13]], 'auc': 0.819327731092437, 'roc_curve': {'fpr': [0.0, 0.058823529411764705, 0.058823529411764705, 0.11764705882352941, 0.11764705882352941, 0.17647058823529413, 0.17647058823529413, 0.35294117647058826, 0.35294117647058826, 0.4117647058823529, 0.4117647058823529, 0.47058823529411764, 0.47058823529411764, 1.0], 'tpr': [0.0, 0.0, 0.42857142857142855, 0.42857142857142855, 0.6428571428571429, 0.6428571428571429, 0.7142857142857143, 0.7142857142857143, 0.7857142857142857, 0.7857142857142857, 0.9285714285714286, 0.9285714285714286, 1.0, 1.0]}}, 'India': {'n': 14, 'accuracy': 0.7142857142857143, 'precision': 0.75, 'recall': 0.9, 'f1': 0.8181818181818182, 'confusion_matrix': [[1, 3], [1, 9]], 'auc': 0.725, 'roc_curve': {'fpr': [0.0, 0.0, 0.0, 0.5, 0.5, 0.75, 0.75, 1.0], 'tpr': [0.0, 0.1, 0.6, 0.6, 0.7, 0.7, 1.0, 1.0]}}, 'Italy': {'n': 17, 'accuracy': 0.7058823529411765, 'precision': 0.4444444444444444, 'recall': 1.0, 'f1': 0.6153846153846154, 'confusion_matrix': [[8, 5], [0, 4]], 'auc': 0.9230769230769231, 'roc_curve': {'fpr': [0.0, 0.07692307692307693, 0.07692307692307693, 1.0], 'tpr': [0.0, 0.0, 1.0, 1.0]}}}",mobilenet_v3_small_forniceal_palpebral,"[0.7690193839624625, 0.6422397151690762, 0.5885377530338002, 0.5339065757738489, 0.5307497937663072, 0.49728119150310957, 0.47812870611138897, 0.4884395808184228, 0.4993769579193219, 0.4665353023478774, 0.48712124467707, 0.49860561461675734, 0.45881937798999606, 0.4552717403489716, 0.43553214839526583, 0.4706689524812763, 0.4111018038931347, 0.4316255673259294, 0.4350782644991972, 0.440848769176574, 0.4649890912633364]","[0.8228283639877073, 0.8113869909317263, 0.790631644187435, 0.8096178020200422, 0.7924918243961949, 0.7867575730046918, 0.796392556159727, 0.7846804818799419, 0.7680594305838307, 0.7267634580212254, 0.7233931960598114, 0.704674688077742, 0.7051880398104268, 0.7013438036364894, 0.6827237721412412, 0.6587794230830285, 0.6631459959091679, 0.662227080714318, 0.6759347386898533, 0.66632907044503, 0.68317263549374]",COMPLETE
