number,value,datetime_start,datetime_complete,duration,params_dropout_rate,params_learning_rate,params_weight_decay,user_attrs_best_val_metrics,user_attrs_model_name,user_attrs_train_loss_history,user_attrs_val_loss_history,user_attrs_val_overall_metrics_history,state
6,0.7741935483870968,2026-07-29 10:39:40.249822,2026-07-29 10:39:57.259884,0 days 00:00:17.010062,0.5,0.0023345864076016252,0.0002267398652378039,"{'overall': {'n': 33, 'accuracy': 0.7878787878787878, 'precision': 0.7058823529411765, 'recall': 0.8571428571428571, 'sensitivity': 0.8571428571428571, 'specificity': 0.7368421052631579, 'balanced_accuracy': 0.7969924812030075, 'f1': 0.7741935483870968, 'confusion_matrix': [[14, 5], [2, 12]], 'auc': 0.8421052631578947, 'roc_curve': {'fpr': [0.0, 0.0, 0.0, 0.05263157894736842, 0.05263157894736842, 0.15789473684210525, 0.15789473684210525, 0.2631578947368421, 0.2631578947368421, 0.3157894736842105, 0.3157894736842105, 1.0], 'tpr': [0.0, 0.07142857142857142, 0.2857142857142857, 0.2857142857142857, 0.35714285714285715, 0.35714285714285715, 0.5714285714285714, 0.5714285714285714, 0.8571428571428571, 0.8571428571428571, 1.0, 1.0]}}, 'India': {'n': 14, 'accuracy': 0.7142857142857143, 'precision': 0.8, 'recall': 0.8, 'sensitivity': 0.8, 'specificity': 0.5, 'balanced_accuracy': 0.65, 'f1': 0.8, 'confusion_matrix': [[2, 2], [2, 8]], 'auc': 0.7, 'roc_curve': {'fpr': [0.0, 0.0, 0.0, 0.5, 0.5, 1.0], 'tpr': [0.0, 0.1, 0.4, 0.4, 1.0, 1.0]}}, 'Italy': {'n': 19, 'accuracy': 0.8421052631578947, 'precision': 0.5714285714285714, 'recall': 1.0, 'sensitivity': 1.0, 'specificity': 0.8, 'balanced_accuracy': 0.9, 'f1': 0.7272727272727273, 'confusion_matrix': [[12, 3], [0, 4]], 'auc': 0.9833333333333334, 'roc_curve': {'fpr': [0.0, 0.0, 0.0, 0.06666666666666667, 0.06666666666666667, 1.0], 'tpr': [0.0, 0.25, 0.75, 0.75, 1.0, 1.0]}}}",resnet18_palpebral_v2,"[0.906025166937847, 0.8264291894356937, 0.8202558692717394, 0.708308820298176, 0.7363585202109735, 0.7041628704165781, 0.6414018707559598, 0.6810301558071414, 0.6757521285916006, 0.6960617122271203, 0.6380969195176434, 0.6105251959617565, 0.6966576963071002, 0.6504136927869936, 0.565290807493475, 0.6854177014717203, 0.6914186367135964, 0.5853977491524046, 0.6622962416797284, 0.6070486599246397, 0.5858688843960793, 0.6121384536983162, 0.5959421475202042, 0.5815618790143373, 0.5842439520437985, 0.5597963530496256, 0.6573077779732003, 0.6117524867815687, 0.5650017282228597, 0.5760679758147688, 0.5532208992945438]","[0.8005037379987312, 0.7183287793939764, 0.6787013230901776, 0.64742716514703, 0.6209565690069487, 0.6234544371113633, 0.6079938881324999, 0.5960875243851633, 0.5956523237806378, 0.5760231740546949, 0.5733703483234752, 0.5873191320534908, 0.5638025384960752, 0.5600709409424753, 0.5791439757202611, 0.5479222716707172, 0.5402049873814438, 0.5533713933193323, 0.5541919505957401, 0.5432123848886201, 0.5361170985481956, 0.5229001442591349, 0.5144264950896754, 0.5036258191773386, 0.5450279568180894, 0.5489545554825754, 0.5282495021820068, 0.5207080552072236, 0.5361872730833112, 0.5306035027359471, 0.5242097883513479]","[{'accuracy': 0.42424242424242425, 'f1': 0.5957446808510638, 'sensitivity': 1.0, 'specificity': 0.0}, {'accuracy': 0.7575757575757576, 'f1': 0.75, 'sensitivity': 0.8571428571428571, 'specificity': 0.6842105263157895}, {'accuracy': 0.7272727272727273, 'f1': 0.64, 'sensitivity': 0.5714285714285714, 'specificity': 0.8421052631578947}, {'accuracy': 0.7272727272727273, 'f1': 0.64, 'sensitivity': 0.5714285714285714, 'specificity': 0.8421052631578947}, {'accuracy': 0.7575757575757576, 'f1': 0.7333333333333333, 'sensitivity': 0.7857142857142857, 'specificity': 0.7368421052631579}, {'accuracy': 0.7272727272727273, 'f1': 0.64, 'sensitivity': 0.5714285714285714, 'specificity': 0.8421052631578947}, {'accuracy': 0.7272727272727273, 'f1': 0.64, 'sensitivity': 0.5714285714285714, 'specificity': 0.8421052631578947}, {'accuracy': 0.7575757575757576, 'f1': 0.7333333333333333, 'sensitivity': 0.7857142857142857, 'specificity': 0.7368421052631579}, {'accuracy': 0.7575757575757576, 'f1': 0.75, 'sensitivity': 0.8571428571428571, 'specificity': 0.6842105263157895}, {'accuracy': 0.7575757575757576, 'f1': 0.7333333333333333, 'sensitivity': 0.7857142857142857, 'specificity': 0.7368421052631579}, {'accuracy': 0.7575757575757576, 'f1': 0.7333333333333333, 'sensitivity': 0.7857142857142857, 'specificity': 0.7368421052631579}, {'accuracy': 0.7575757575757576, 'f1': 0.7333333333333333, 'sensitivity': 0.7857142857142857, 'specificity': 0.7368421052631579}, {'accuracy': 0.7575757575757576, 'f1': 0.7333333333333333, 'sensitivity': 0.7857142857142857, 'specificity': 0.7368421052631579}, {'accuracy': 0.7878787878787878, 'f1': 0.7741935483870968, 'sensitivity': 0.8571428571428571, 'specificity': 0.7368421052631579}, {'accuracy': 0.7878787878787878, 'f1': 0.7741935483870968, 'sensitivity': 0.8571428571428571, 'specificity': 0.7368421052631579}, {'accuracy': 0.7575757575757576, 'f1': 0.7333333333333333, 'sensitivity': 0.7857142857142857, 'specificity': 0.7368421052631579}, {'accuracy': 0.7575757575757576, 'f1': 0.7333333333333333, 'sensitivity': 0.7857142857142857, 'specificity': 0.7368421052631579}, {'accuracy': 0.7575757575757576, 'f1': 0.7333333333333333, 'sensitivity': 0.7857142857142857, 'specificity': 0.7368421052631579}, {'accuracy': 0.7575757575757576, 'f1': 0.7333333333333333, 'sensitivity': 0.7857142857142857, 'specificity': 0.7368421052631579}, {'accuracy': 0.7575757575757576, 'f1': 0.7333333333333333, 'sensitivity': 0.7857142857142857, 'specificity': 0.7368421052631579}, {'accuracy': 0.7878787878787878, 'f1': 0.7741935483870968, 'sensitivity': 0.8571428571428571, 'specificity': 0.7368421052631579}, {'accuracy': 0.7575757575757576, 'f1': 0.7333333333333333, 'sensitivity': 0.7857142857142857, 'specificity': 0.7368421052631579}, {'accuracy': 0.7878787878787878, 'f1': 0.7741935483870968, 'sensitivity': 0.8571428571428571, 'specificity': 0.7368421052631579}, {'accuracy': 0.7878787878787878, 'f1': 0.7741935483870968, 'sensitivity': 0.8571428571428571, 'specificity': 0.7368421052631579}, {'accuracy': 0.7272727272727273, 'f1': 0.6896551724137931, 'sensitivity': 0.7142857142857143, 'specificity': 0.7368421052631579}, {'accuracy': 0.7878787878787878, 'f1': 0.7741935483870968, 'sensitivity': 0.8571428571428571, 'specificity': 0.7368421052631579}, {'accuracy': 0.7878787878787878, 'f1': 0.7741935483870968, 'sensitivity': 0.8571428571428571, 'specificity': 0.7368421052631579}, {'accuracy': 0.7878787878787878, 'f1': 0.7741935483870968, 'sensitivity': 0.8571428571428571, 'specificity': 0.7368421052631579}, {'accuracy': 0.7878787878787878, 'f1': 0.7741935483870968, 'sensitivity': 0.8571428571428571, 'specificity': 0.7368421052631579}, {'accuracy': 0.7878787878787878, 'f1': 0.7741935483870968, 'sensitivity': 0.8571428571428571, 'specificity': 0.7368421052631579}, {'accuracy': 0.7575757575757576, 'f1': 0.7333333333333333, 'sensitivity': 0.7857142857142857, 'specificity': 0.7368421052631579}]",COMPLETE
7,0.8125,2026-07-29 10:39:57.260212,2026-07-29 10:40:03.954609,0 days 00:00:06.694397,0.2,0.005987474910461402,1.3783237455007196e-06,"{'overall': {'n': 33, 'accuracy': 0.8181818181818182, 'precision': 0.7222222222222222, 'recall': 0.9285714285714286, 'sensitivity': 0.9285714285714286, 'specificity': 0.7368421052631579, 'balanced_accuracy': 0.8327067669172932, 'f1': 0.8125, 'confusion_matrix': [[14, 5], [1, 13]], 'auc': 0.8383458646616542, 'roc_curve': {'fpr': [0.0, 0.0, 0.0, 0.05263157894736842, 0.05263157894736842, 0.15789473684210525, 0.15789473684210525, 0.21052631578947367, 0.21052631578947367, 0.2631578947368421, 0.2631578947368421, 0.3157894736842105, 0.3157894736842105, 1.0], 'tpr': [0.0, 0.07142857142857142, 0.21428571428571427, 0.21428571428571427, 0.35714285714285715, 0.35714285714285715, 0.5, 0.5, 0.5714285714285714, 0.5714285714285714, 0.9285714285714286, 0.9285714285714286, 1.0, 1.0]}}, 'India': {'n': 14, 'accuracy': 0.7857142857142857, 'precision': 0.8181818181818182, 'recall': 0.9, 'sensitivity': 0.9, 'specificity': 0.5, 'balanced_accuracy': 0.7, 'f1': 0.8571428571428571, 'confusion_matrix': [[2, 2], [1, 9]], 'auc': 0.65, 'roc_curve': {'fpr': [0.0, 0.0, 0.0, 0.25, 0.25, 0.5, 0.5, 0.75, 0.75, 1.0], 'tpr': [0.0, 0.1, 0.3, 0.3, 0.4, 0.4, 0.9, 0.9, 1.0, 1.0]}}, 'Italy': {'n': 19, 'accuracy': 0.8421052631578947, 'precision': 0.5714285714285714, 'recall': 1.0, 'sensitivity': 1.0, 'specificity': 0.8, 'balanced_accuracy': 0.9, 'f1': 0.7272727272727273, 'confusion_matrix': [[12, 3], [0, 4]], 'auc': 0.9666666666666667, 'roc_curve': {'fpr': [0.0, 0.0, 0.0, 0.06666666666666667, 0.06666666666666667, 1.0], 'tpr': [0.0, 0.25, 0.5, 0.5, 1.0, 1.0]}}}",resnet18_palpebral_v2,"[0.9076836827574977, 0.70730571636301, 0.5974973211225295, 0.5301621049050463, 0.6397545669252509, 0.513464621755461, 0.5754413993548084, 0.5098920209913065, 0.5313961405233042, 0.5930254609379547, 0.43545682086849846, 0.4533025069742013]","[0.7824202071536671, 0.6934971393960895, 0.6410702322468613, 0.6442847324140144, 0.565463409279332, 0.6115215438784976, 0.6720334183086049, 0.6101110126032974, 0.6848643042824485, 0.6523535323865486, 0.6209253397854891, 0.6416680523843477]","[{'accuracy': 0.45454545454545453, 'f1': 0.6086956521739131, 'sensitivity': 1.0, 'specificity': 0.05263157894736842}, {'accuracy': 0.7878787878787878, 'f1': 0.8, 'sensitivity': 1.0, 'specificity': 0.631578947368421}, {'accuracy': 0.6666666666666666, 'f1': 0.56, 'sensitivity': 0.5, 'specificity': 0.7894736842105263}, {'accuracy': 0.6363636363636364, 'f1': 0.45454545454545453, 'sensitivity': 0.35714285714285715, 'specificity': 0.8421052631578947}, {'accuracy': 0.7878787878787878, 'f1': 0.7741935483870968, 'sensitivity': 0.8571428571428571, 'specificity': 0.7368421052631579}, {'accuracy': 0.8181818181818182, 'f1': 0.8125, 'sensitivity': 0.9285714285714286, 'specificity': 0.7368421052631579}, {'accuracy': 0.7878787878787878, 'f1': 0.8, 'sensitivity': 1.0, 'specificity': 0.631578947368421}, {'accuracy': 0.7575757575757576, 'f1': 0.7333333333333333, 'sensitivity': 0.7857142857142857, 'specificity': 0.7368421052631579}, {'accuracy': 0.6666666666666666, 'f1': 0.5217391304347826, 'sensitivity': 0.42857142857142855, 'specificity': 0.8421052631578947}, {'accuracy': 0.7272727272727273, 'f1': 0.6896551724137931, 'sensitivity': 0.7142857142857143, 'specificity': 0.7368421052631579}, {'accuracy': 0.7878787878787878, 'f1': 0.7741935483870968, 'sensitivity': 0.8571428571428571, 'specificity': 0.7368421052631579}, {'accuracy': 0.7878787878787878, 'f1': 0.7741935483870968, 'sensitivity': 0.8571428571428571, 'specificity': 0.7368421052631579}]",COMPLETE
8,0.7333333333333333,2026-07-29 10:40:03.954927,2026-07-29 10:40:34.237986,0 days 00:00:30.283059,0.2,0.00015673095467235422,0.0007025166339242157,"{'overall': {'n': 33, 'accuracy': 0.7575757575757576, 'precision': 0.6875, 'recall': 0.7857142857142857, 'sensitivity': 0.7857142857142857, 'specificity': 0.7368421052631579, 'balanced_accuracy': 0.7612781954887218, 'f1': 0.7333333333333333, 'confusion_matrix': [[14, 5], [3, 11]], 'auc': 0.8195488721804511, 'roc_curve': {'fpr': [0.0, 0.0, 0.0, 0.10526315789473684, 0.10526315789473684, 0.21052631578947367, 0.21052631578947367, 0.2631578947368421, 0.2631578947368421, 0.3157894736842105, 0.3157894736842105, 1.0], 'tpr': [0.0, 0.07142857142857142, 0.2857142857142857, 0.2857142857142857, 0.35714285714285715, 0.35714285714285715, 0.42857142857142855, 0.42857142857142855, 0.8571428571428571, 0.8571428571428571, 1.0, 1.0]}}, 'India': {'n': 14, 'accuracy': 0.6428571428571429, 'precision': 0.7777777777777778, 'recall': 0.7, 'sensitivity': 0.7, 'specificity': 0.5, 'balanced_accuracy': 0.6, 'f1': 0.7368421052631579, 'confusion_matrix': [[2, 2], [3, 7]], 'auc': 0.575, 'roc_curve': {'fpr': [0.0, 0.0, 0.25, 0.25, 0.5, 0.5, 1.0], 'tpr': [0.0, 0.1, 0.1, 0.2, 0.2, 1.0, 1.0]}}, 'Italy': {'n': 19, 'accuracy': 0.8421052631578947, 'precision': 0.5714285714285714, 'recall': 1.0, 'sensitivity': 1.0, 'specificity': 0.8, 'balanced_accuracy': 0.9, 'f1': 0.7272727272727273, 'confusion_matrix': [[12, 3], [0, 4]], 'auc': 0.9666666666666667, 'roc_curve': {'fpr': [0.0, 0.0, 0.0, 0.13333333333333333, 0.13333333333333333, 1.0], 'tpr': [0.0, 0.25, 0.75, 0.75, 1.0, 1.0]}}}",resnet18_palpebral_v2,"[0.9057677261876744, 0.8551849087342521, 0.8523796208646913, 0.8099064515126462, 0.8370732822955049, 0.8165483656308509, 0.8192595705291293, 0.802144957299264, 0.773988742307322, 0.8038244077701442, 0.7627636632382475, 0.7922065755389384, 0.7518881215954458, 0.7594378914264653, 0.7501165452382422, 0.7436849806482428, 0.7488518767798973, 0.7315061743685741, 0.7421219992321848, 0.7266345063582161, 0.7581002692513118, 0.7067288164271425, 0.7323969235483384, 0.6911115176630336, 0.7442711121988612, 0.7091349272538494, 0.700441300868988, 0.7067632694907536, 0.6847222810549451, 0.6877840942894387, 0.6707641608667689, 0.6886186635257393, 0.6903349500618233, 0.6881835034351476, 0.6648421717795315, 0.6819671546386568, 0.7084601276757702, 0.6482305550417363, 0.6347374683184339, 0.6630983680289313, 0.6838227163087454, 0.6544943542669941, 0.6699200075193746, 0.652749304345112, 0.6272615000901632, 0.6653671481751449, 0.6836065993403757, 0.6400109343970848, 0.6183093411243514, 0.6261001308232743, 0.6483183404467753, 0.6082883639051425, 0.6547137321225854, 0.6191151157909671, 0.6537732549061049, 0.632374232573225, 0.6354593160926112]","[0.8724231250358351, 0.8600422469052401, 0.8583352854757598, 0.8552268562894879, 0.8326838323564241, 0.8256713043559681, 0.818062444527944, 0.8156157117901426, 0.8083758914109432, 0.8052667776743571, 0.8023306474541173, 0.7892531409408107, 0.7884708064975161, 0.7833843140891104, 0.7815073683406367, 0.779567539691925, 0.7723790100126555, 0.7676024545322765, 0.7617145704500603, 0.7593183318773905, 0.7539063728216923, 0.7493143768021555, 0.7508173043077643, 0.743851773666613, 0.7438610412857749, 0.7384934064113733, 0.7373259103659427, 0.7273430499163541, 0.7290220314806158, 0.7274812478007693, 0.7240510041063483, 0.7174587936112375, 0.726312933546124, 0.7117686831589901, 0.7094297065879359, 0.7009204680269415, 0.7022349581573949, 0.7000476645700859, 0.6947626832759741, 0.6955286625659827, 0.7041570742925009, 0.7065616611278418, 0.6999323657064727, 0.6948892708980676, 0.6959958798957594, 0.6875751939686862, 0.689561619903102, 0.6912194923921064, 0.6931311813267794, 0.6704814957849907, 0.6817166696895253, 0.6933512109698672, 0.6857819846182158, 0.678545077641805, 0.6774701891523419, 0.6762724428465872, 0.6762328111764156]","[{'accuracy': 0.3333333333333333, 'f1': 0.3888888888888889, 'sensitivity': 0.5, 'specificity': 0.21052631578947367}, {'accuracy': 0.5151515151515151, 'f1': 0.1111111111111111, 'sensitivity': 0.07142857142857142, 'specificity': 0.8421052631578947}, {'accuracy': 0.5151515151515151, 'f1': 0.1111111111111111, 'sensitivity': 0.07142857142857142, 'specificity': 0.8421052631578947}, {'accuracy': 0.45454545454545453, 'f1': 0.25, 'sensitivity': 0.21428571428571427, 'specificity': 0.631578947368421}, {'accuracy': 0.3333333333333333, 'f1': 0.3888888888888889, 'sensitivity': 0.5, 'specificity': 0.21052631578947367}, {'accuracy': 0.45454545454545453, 'f1': 0.4375, 'sensitivity': 0.5, 'specificity': 0.42105263157894735}, {'accuracy': 0.45454545454545453, 'f1': 0.47058823529411764, 'sensitivity': 0.5714285714285714, 'specificity': 0.3684210526315789}, {'accuracy': 0.3939393939393939, 'f1': 0.5, 'sensitivity': 0.7142857142857143, 'specificity': 0.15789473684210525}, {'accuracy': 0.45454545454545453, 'f1': 0.47058823529411764, 'sensitivity': 0.5714285714285714, 'specificity': 0.3684210526315789}, {'accuracy': 0.5151515151515151, 'f1': 0.5294117647058824, 'sensitivity': 0.6428571428571429, 'specificity': 0.42105263157894735}, {'accuracy': 0.5151515151515151, 'f1': 0.5294117647058824, 'sensitivity': 0.6428571428571429, 'specificity': 0.42105263157894735}, {'accuracy': 0.48484848484848486, 'f1': 0.48484848484848486, 'sensitivity': 0.5714285714285714, 'specificity': 0.42105263157894735}, {'accuracy': 0.48484848484848486, 'f1': 0.48484848484848486, 'sensitivity': 0.5714285714285714, 'specificity': 0.42105263157894735}, {'accuracy': 0.48484848484848486, 'f1': 0.5405405405405406, 'sensitivity': 0.7142857142857143, 'specificity': 0.3157894736842105}, {'accuracy': 0.6060606060606061, 'f1': 0.5517241379310345, 'sensitivity': 0.5714285714285714, 'specificity': 0.631578947368421}, {'accuracy': 0.6666666666666666, 'f1': 0.5925925925925926, 'sensitivity': 0.5714285714285714, 'specificity': 0.7368421052631579}, {'accuracy': 0.5454545454545454, 'f1': 0.5161290322580645, 'sensitivity': 0.5714285714285714, 'specificity': 0.5263157894736842}, {'accuracy': 0.5757575757575758, 'f1': 0.5625, 'sensitivity': 0.6428571428571429, 'specificity': 0.5263157894736842}, {'accuracy': 0.5757575757575758, 'f1': 0.5, 'sensitivity': 0.5, 'specificity': 0.631578947368421}, {'accuracy': 0.6363636363636364, 'f1': 0.6, 'sensitivity': 0.6428571428571429, 'specificity': 0.631578947368421}, {'accuracy': 0.6060606060606061, 'f1': 0.5806451612903226, 'sensitivity': 0.6428571428571429, 'specificity': 0.5789473684210527}, {'accuracy': 0.6666666666666666, 'f1': 0.6206896551724138, 'sensitivity': 0.6428571428571429, 'specificity': 0.6842105263157895}, {'accuracy': 0.6363636363636364, 'f1': 0.5714285714285714, 'sensitivity': 0.5714285714285714, 'specificity': 0.6842105263157895}, {'accuracy': 0.6666666666666666, 'f1': 0.5925925925925926, 'sensitivity': 0.5714285714285714, 'specificity': 0.7368421052631579}, {'accuracy': 0.6363636363636364, 'f1': 0.5714285714285714, 'sensitivity': 0.5714285714285714, 'specificity': 0.6842105263157895}, {'accuracy': 0.6666666666666666, 'f1': 0.5925925925925926, 'sensitivity': 0.5714285714285714, 'specificity': 0.7368421052631579}, {'accuracy': 0.6363636363636364, 'f1': 0.5, 'sensitivity': 0.42857142857142855, 'specificity': 0.7894736842105263}, {'accuracy': 0.6363636363636364, 'f1': 0.5, 'sensitivity': 0.42857142857142855, 'specificity': 0.7894736842105263}, {'accuracy': 0.6363636363636364, 'f1': 0.5384615384615384, 'sensitivity': 0.5, 'specificity': 0.7368421052631579}, {'accuracy': 0.6363636363636364, 'f1': 0.5, 'sensitivity': 0.42857142857142855, 'specificity': 0.7894736842105263}, {'accuracy': 0.6363636363636364, 'f1': 0.5, 'sensitivity': 0.42857142857142855, 'specificity': 0.7894736842105263}, {'accuracy': 0.6363636363636364, 'f1': 0.5, 'sensitivity': 0.42857142857142855, 'specificity': 0.7894736842105263}, {'accuracy': 0.6363636363636364, 'f1': 0.5, 'sensitivity': 0.42857142857142855, 'specificity': 0.7894736842105263}, {'accuracy': 0.6363636363636364, 'f1': 0.5, 'sensitivity': 0.42857142857142855, 'specificity': 0.7894736842105263}, {'accuracy': 0.6363636363636364, 'f1': 0.5384615384615384, 'sensitivity': 0.5, 'specificity': 0.7368421052631579}, {'accuracy': 0.696969696969697, 'f1': 0.6428571428571429, 'sensitivity': 0.6428571428571429, 'specificity': 0.7368421052631579}, {'accuracy': 0.6060606060606061, 'f1': 0.48, 'sensitivity': 0.42857142857142855, 'specificity': 0.7368421052631579}, {'accuracy': 0.6363636363636364, 'f1': 0.5384615384615384, 'sensitivity': 0.5, 'specificity': 0.7368421052631579}, {'accuracy': 0.696969696969697, 'f1': 0.6428571428571429, 'sensitivity': 0.6428571428571429, 'specificity': 0.7368421052631579}, {'accuracy': 0.7272727272727273, 'f1': 0.6896551724137931, 'sensitivity': 0.7142857142857143, 'specificity': 0.7368421052631579}, {'accuracy': 0.696969696969697, 'f1': 0.6428571428571429, 'sensitivity': 0.6428571428571429, 'specificity': 0.7368421052631579}, {'accuracy': 0.696969696969697, 'f1': 0.6428571428571429, 'sensitivity': 0.6428571428571429, 'specificity': 0.7368421052631579}, {'accuracy': 0.6666666666666666, 'f1': 0.5925925925925926, 'sensitivity': 0.5714285714285714, 'specificity': 0.7368421052631579}, {'accuracy': 0.6363636363636364, 'f1': 0.5, 'sensitivity': 0.42857142857142855, 'specificity': 0.7894736842105263}, {'accuracy': 0.6666666666666666, 'f1': 0.56, 'sensitivity': 0.5, 'specificity': 0.7894736842105263}, {'accuracy': 0.6666666666666666, 'f1': 0.5925925925925926, 'sensitivity': 0.5714285714285714, 'specificity': 0.7368421052631579}, {'accuracy': 0.6363636363636364, 'f1': 0.5384615384615384, 'sensitivity': 0.5, 'specificity': 0.7368421052631579}, {'accuracy': 0.6666666666666666, 'f1': 0.5925925925925926, 'sensitivity': 0.5714285714285714, 'specificity': 0.7368421052631579}, {'accuracy': 0.696969696969697, 'f1': 0.6428571428571429, 'sensitivity': 0.6428571428571429, 'specificity': 0.7368421052631579}, {'accuracy': 0.7575757575757576, 'f1': 0.7333333333333333, 'sensitivity': 0.7857142857142857, 'specificity': 0.7368421052631579}, {'accuracy': 0.696969696969697, 'f1': 0.6428571428571429, 'sensitivity': 0.6428571428571429, 'specificity': 0.7368421052631579}, {'accuracy': 0.6666666666666666, 'f1': 0.5925925925925926, 'sensitivity': 0.5714285714285714, 'specificity': 0.7368421052631579}, {'accuracy': 0.696969696969697, 'f1': 0.6428571428571429, 'sensitivity': 0.6428571428571429, 'specificity': 0.7368421052631579}, {'accuracy': 0.6666666666666666, 'f1': 0.5925925925925926, 'sensitivity': 0.5714285714285714, 'specificity': 0.7368421052631579}, {'accuracy': 0.696969696969697, 'f1': 0.6428571428571429, 'sensitivity': 0.6428571428571429, 'specificity': 0.7368421052631579}, {'accuracy': 0.696969696969697, 'f1': 0.6428571428571429, 'sensitivity': 0.6428571428571429, 'specificity': 0.7368421052631579}, {'accuracy': 0.6363636363636364, 'f1': 0.5384615384615384, 'sensitivity': 0.5, 'specificity': 0.7368421052631579}]",COMPLETE
