number,value,datetime_start,datetime_complete,duration,params_learning_rate,params_weight_decay,user_attrs_best_val_metrics,user_attrs_model_name,user_attrs_train_loss_history,user_attrs_val_loss_history,state
9,0.7741935483870968,2026-07-19 13:07:53.207217,2026-07-19 13:08:04.898729,0 days 00:00:11.691512,0.0019762189340280074,7.4763120622522945e-06,"{'overall': {'n': 33, 'accuracy': 0.7878787878787878, 'precision': 0.7058823529411765, 'recall': 0.8571428571428571, 'f1': 0.7741935483870968, 'confusion_matrix': [[14, 5], [2, 12]], 'auc': 0.8195488721804511, 'roc_curve': {'fpr': [0.0, 0.0, 0.0, 0.10526315789473684, 0.10526315789473684, 0.15789473684210525, 0.15789473684210525, 0.21052631578947367, 0.21052631578947367, 0.2631578947368421, 0.2631578947368421, 0.42105263157894735, 0.42105263157894735, 1.0], 'tpr': [0.0, 0.07142857142857142, 0.2857142857142857, 0.2857142857142857, 0.35714285714285715, 0.35714285714285715, 0.5, 0.5, 0.5714285714285714, 0.5714285714285714, 0.8571428571428571, 0.8571428571428571, 1.0, 1.0]}}, 'India': {'n': 14, 'accuracy': 0.7142857142857143, 'precision': 0.8, 'recall': 0.8, 'f1': 0.8, 'confusion_matrix': [[2, 2], [2, 8]], 'auc': 0.625, 'roc_curve': {'fpr': [0.0, 0.0, 0.0, 0.25, 0.25, 0.5, 0.5, 0.75, 0.75, 1.0], 'tpr': [0.0, 0.1, 0.3, 0.3, 0.4, 0.4, 0.8, 0.8, 1.0, 1.0]}}, 'Italy': {'n': 19, 'accuracy': 0.8421052631578947, 'precision': 0.5714285714285714, 'recall': 1.0, 'f1': 0.7272727272727273, 'confusion_matrix': [[12, 3], [0, 4]], 'auc': 1.0, 'roc_curve': {'fpr': [0.0, 0.0, 0.0, 1.0], 'tpr': [0.0, 0.25, 1.0, 1.0]}}}",resnet18_palpebral,"[0.7599508221575756, 0.7188471488605271, 0.7776914665241115, 0.720504850346521, 0.5855849513549678, 0.6295149723030874, 0.5714712940304485, 0.5667635739244372, 0.5888095877028459, 0.5950602737088867, 0.6108798791241172, 0.7031666857517318, 0.5583828873192238, 0.5264049391478103, 0.5375558114209712, 0.5415665203372374, 0.5564780180027943, 0.6084929341512011, 0.5672087566742045, 0.5816666195724184]","[0.7379080201640273, 0.7089713089393846, 0.6615037954214847, 0.644142438064922, 0.6459132505185676, 0.6270433032151425, 0.6060413880781694, 0.64649959044023, 0.5995494091149532, 0.5979009288730044, 0.5917292002475623, 0.5527269912488533, 0.5481915040449663, 0.5778179168701172, 0.544502778486772, 0.5626502398288611, 0.5646349155541622, 0.576001499638413, 0.5486197182626436, 0.582209131934426]",COMPLETE
10,0.7878787878787878,2026-07-19 13:08:04.899054,2026-07-19 13:08:13.604650,0 days 00:00:08.705596,0.07154800196121129,1.0422971466648463e-06,"{'overall': {'n': 33, 'accuracy': 0.7878787878787878, 'precision': 0.6842105263157895, 'recall': 0.9285714285714286, 'f1': 0.7878787878787878, 'confusion_matrix': [[13, 6], [1, 13]], 'auc': 0.8609022556390977, 'roc_curve': {'fpr': [0.0, 0.0, 0.0, 0.05263157894736842, 0.05263157894736842, 0.10526315789473684, 0.10526315789473684, 0.15789473684210525, 0.15789473684210525, 0.21052631578947367, 0.21052631578947367, 0.3157894736842105, 0.3157894736842105, 0.42105263157894735, 0.42105263157894735, 1.0], 'tpr': [0.0, 0.07142857142857142, 0.2857142857142857, 0.2857142857142857, 0.42857142857142855, 0.42857142857142855, 0.5714285714285714, 0.5714285714285714, 0.6428571428571429, 0.6428571428571429, 0.7857142857142857, 0.7857142857142857, 0.9285714285714286, 0.9285714285714286, 1.0, 1.0]}}, 'India': {'n': 14, 'accuracy': 0.7857142857142857, 'precision': 0.8181818181818182, 'recall': 0.9, 'f1': 0.8571428571428571, 'confusion_matrix': [[2, 2], [1, 9]], 'auc': 0.6499999999999999, 'roc_curve': {'fpr': [0.0, 0.0, 0.0, 0.25, 0.25, 0.5, 0.5, 0.75, 0.75, 1.0], 'tpr': [0.0, 0.1, 0.2, 0.2, 0.5, 0.5, 0.9, 0.9, 1.0, 1.0]}}, 'Italy': {'n': 19, 'accuracy': 0.7894736842105263, 'precision': 0.5, 'recall': 1.0, 'f1': 0.6666666666666666, 'confusion_matrix': [[11, 4], [0, 4]], 'auc': 0.9500000000000001, 'roc_curve': {'fpr': [0.0, 0.0, 0.0, 0.06666666666666667, 0.06666666666666667, 0.13333333333333333, 0.13333333333333333, 1.0], 'tpr': [0.0, 0.25, 0.5, 0.5, 0.75, 0.75, 1.0, 1.0]}}}",resnet18_palpebral,"[6.425912463901848, 5.287876628092583, 3.217002331815808, 1.6459590613052546, 1.6966451793316975, 1.8514360686801128, 1.5330521166324615, 1.5826258567710783, 1.555047726986424, 0.6899423551875234, 0.8875749226634866, 0.7359440243426735, 2.0047908113492245, 1.7817275474797811, 0.837941295263783]","[2.9062194535226533, 4.05418773130937, 4.38281874223189, 1.5289232658617424, 2.249687339320327, 1.647987394621878, 3.1993795308199795, 2.5726856751875444, 1.1220408208442456, 0.8015841570767489, 0.9872078751072739, 2.3511100537849194, 1.0933040272105823, 1.3672509626908735, 1.2634821805087002]",COMPLETE
11,0.8125,2026-07-19 13:08:13.605027,2026-07-19 13:08:24.129944,0 days 00:00:10.524917,0.004256733074010643,0.0001891482357327301,"{'overall': {'n': 33, 'accuracy': 0.8181818181818182, 'precision': 0.7222222222222222, 'recall': 0.9285714285714286, 'f1': 0.8125, 'confusion_matrix': [[14, 5], [1, 13]], 'auc': 0.8458646616541353, 'roc_curve': {'fpr': [0.0, 0.0, 0.0, 0.10526315789473684, 0.10526315789473684, 0.15789473684210525, 0.15789473684210525, 0.21052631578947367, 0.21052631578947367, 0.2631578947368421, 0.2631578947368421, 0.3684210526315789, 0.3684210526315789, 1.0], 'tpr': [0.0, 0.07142857142857142, 0.2857142857142857, 0.2857142857142857, 0.42857142857142855, 0.42857142857142855, 0.5, 0.5, 0.7142857142857143, 0.7142857142857143, 0.9285714285714286, 0.9285714285714286, 1.0, 1.0]}}, 'India': {'n': 14, 'accuracy': 0.7857142857142857, 'precision': 0.8181818181818182, 'recall': 0.9, 'f1': 0.8571428571428571, 'confusion_matrix': [[2, 2], [1, 9]], 'auc': 0.7, 'roc_curve': {'fpr': [0.0, 0.0, 0.0, 0.25, 0.25, 0.5, 0.5, 0.75, 0.75, 1.0], 'tpr': [0.0, 0.1, 0.3, 0.3, 0.6, 0.6, 0.9, 0.9, 1.0, 1.0]}}, 'Italy': {'n': 19, 'accuracy': 0.8421052631578947, 'precision': 0.5714285714285714, 'recall': 1.0, 'f1': 0.7272727272727273, 'confusion_matrix': [[12, 3], [0, 4]], 'auc': 0.9666666666666667, 'roc_curve': {'fpr': [0.0, 0.0, 0.0, 0.13333333333333333, 0.13333333333333333, 1.0], 'tpr': [0.0, 0.25, 0.75, 0.75, 1.0, 1.0]}}}",resnet18_palpebral,"[0.7994477464663272, 0.6508735986734857, 0.5639656024263394, 0.6165854579565541, 0.6330057939156791, 0.6889709289500255, 0.557105513203223, 0.5635955373182991, 0.5404256138185791, 0.50530507351389, 0.482637663945457, 0.471540383550505, 0.46451673957685763, 0.5369649434721233, 0.4513162869886057, 0.5006742737940605, 0.5189380071415807, 0.571240031166582]","[0.7161282445445205, 0.677896550207427, 0.6293177676923347, 0.6500590281053023, 0.850074847539266, 0.5816343661510583, 0.5594353459098123, 0.5775912024758079, 0.6363156853300153, 0.5465227112625585, 0.515566905339559, 0.5263622312834768, 0.5085531364787709, 0.508947618079908, 0.5143106200478293, 0.5776787598927816, 0.5611858801408247, 0.6303084474621397]",COMPLETE
