number,value,datetime_start,datetime_complete,duration,params_learning_rate,params_weight_decay,user_attrs_best_val_metrics,user_attrs_model_name,user_attrs_train_loss_history,user_attrs_val_loss_history,state
9,0.7272727272727273,2026-07-19 13:14:43.304337,2026-07-19 13:14:56.065589,0 days 00:00:12.761252,0.0019762189340280074,7.4763120622522945e-06,"{'overall': {'n': 31, 'accuracy': 0.7096774193548387, 'precision': 0.631578947368421, 'recall': 0.8571428571428571, 'f1': 0.7272727272727273, 'confusion_matrix': [[10, 7], [2, 12]], 'auc': 0.7184873949579832, 'roc_curve': {'fpr': [0.0, 0.0, 0.058823529411764705, 0.058823529411764705, 0.11764705882352941, 0.11764705882352941, 0.17647058823529413, 0.17647058823529413, 0.23529411764705882, 0.23529411764705882, 0.35294117647058826, 0.35294117647058826, 0.4117647058823529, 0.4117647058823529, 0.5294117647058824, 0.5294117647058824, 0.6470588235294118, 0.6470588235294118, 1.0], 'tpr': [0.0, 0.07142857142857142, 0.07142857142857142, 0.14285714285714285, 0.14285714285714285, 0.2857142857142857, 0.2857142857142857, 0.42857142857142855, 0.42857142857142855, 0.5, 0.5, 0.7142857142857143, 0.7142857142857143, 0.8571428571428571, 0.8571428571428571, 0.9285714285714286, 0.9285714285714286, 1.0, 1.0]}}, 'India': {'n': 14, 'accuracy': 0.6428571428571429, 'precision': 0.7272727272727273, 'recall': 0.8, 'f1': 0.7619047619047619, 'confusion_matrix': [[1, 3], [2, 8]], 'auc': 0.425, 'roc_curve': {'fpr': [0.0, 0.0, 0.0, 0.25, 0.25, 0.75, 0.75, 1.0, 1.0], 'tpr': [0.0, 0.1, 0.2, 0.2, 0.3, 0.3, 0.9, 0.9, 1.0]}}, 'Italy': {'n': 17, 'accuracy': 0.7647058823529411, 'precision': 0.5, 'recall': 1.0, 'f1': 0.6666666666666666, 'confusion_matrix': [[9, 4], [0, 4]], 'auc': 0.846153846153846, 'roc_curve': {'fpr': [0.0, 0.07692307692307693, 0.07692307692307693, 0.15384615384615385, 0.15384615384615385, 0.23076923076923078, 0.23076923076923078, 1.0], 'tpr': [0.0, 0.0, 0.25, 0.25, 0.75, 0.75, 1.0, 1.0]}}}",resnet18_forniceal_palpebral,"[0.8473849831795206, 0.7395976035773348, 0.7492176825497426, 0.7728016116992146, 0.6845353606606828, 0.7446839712104019, 0.6465948163246622, 0.6144282809731101, 0.6153564570712394, 0.5883464967312456, 0.6265373704384785, 0.5785401017487455, 0.6339431396957969, 0.5835820598667171, 0.5605350067826356, 0.5822748781061496, 0.6029072152514036, 0.5260642616927218, 0.5265144411803914, 0.5234636554912645, 0.5187841661933328, 0.48689027384024897, 0.5528579374559882]","[0.772700886572561, 0.765498536248361, 0.7846616122030443, 0.7521727585023449, 0.7653190109037584, 0.7475925030246857, 0.7592861210146258, 0.7562207098930113, 0.729032035796873, 0.726622998714447, 0.738978507057313, 0.727298621208437, 0.7232342919995708, 0.7252258312317633, 0.7550685194230848, 0.7423328988013729, 0.7294319483541674, 0.7138003226249449, 0.7379615768309562, 0.7142237021077064, 0.728212543072239, 0.7279086593658693, 0.7234659310310118]",COMPLETE
10,0.717948717948718,2026-07-19 13:14:56.065929,2026-07-19 13:15:03.295398,0 days 00:00:07.229469,0.07154800196121129,1.0422971466648463e-06,"{'overall': {'n': 31, 'accuracy': 0.6451612903225806, 'precision': 0.56, 'recall': 1.0, 'f1': 0.717948717948718, 'confusion_matrix': [[6, 11], [0, 14]], 'auc': 0.7647058823529411, 'roc_curve': {'fpr': [0.0, 0.0, 0.0, 0.058823529411764705, 0.058823529411764705, 0.11764705882352941, 0.11764705882352941, 0.29411764705882354, 0.29411764705882354, 0.4117647058823529, 0.4117647058823529, 0.5882352941176471, 0.5882352941176471, 1.0], 'tpr': [0.0, 0.07142857142857142, 0.14285714285714285, 0.14285714285714285, 0.2857142857142857, 0.2857142857142857, 0.35714285714285715, 0.35714285714285715, 0.8571428571428571, 0.8571428571428571, 0.9285714285714286, 0.9285714285714286, 1.0, 1.0]}}, 'India': {'n': 14, 'accuracy': 0.7142857142857143, 'precision': 0.7142857142857143, 'recall': 1.0, 'f1': 0.8333333333333334, 'confusion_matrix': [[0, 4], [0, 10]], 'auc': 0.55, 'roc_curve': {'fpr': [0.0, 0.0, 0.0, 0.5, 0.5, 0.75, 0.75, 1.0], 'tpr': [0.0, 0.1, 0.2, 0.2, 0.8, 0.8, 1.0, 1.0]}}, 'Italy': {'n': 17, 'accuracy': 0.5882352941176471, 'precision': 0.36363636363636365, 'recall': 1.0, 'f1': 0.5333333333333333, 'confusion_matrix': [[6, 7], [0, 4]], 'auc': 0.8846153846153846, 'roc_curve': {'fpr': [0.0, 0.0, 0.07692307692307693, 0.07692307692307693, 0.15384615384615385, 0.15384615384615385, 0.23076923076923078, 0.23076923076923078, 1.0], 'tpr': [0.0, 0.25, 0.25, 0.5, 0.5, 0.75, 0.75, 1.0, 1.0]}}}",resnet18_forniceal_palpebral,"[7.60310489014369, 4.936266603923979, 1.8413656412997619, 2.2241614967787346, 2.8752309540096594, 1.9061212766738165, 1.4219235691972882, 1.2564177914541594, 0.9087375645734825, 1.1519249924997084, 1.1709949004204094, 0.7746950189272562, 1.2220578278814043]","[8.719404743563745, 7.152256473418205, 3.8221282189892185, 4.973406037976665, 4.793529833516767, 5.601475977128552, 1.719208421245698, 1.4645600011271815, 2.395103339226015, 4.303588574932467, 2.6463968984542356, 3.1377871728712514, 4.393583636130056]",COMPLETE
11,0.6341463414634146,2026-07-19 13:15:03.295701,2026-07-19 13:15:07.304299,0 days 00:00:04.008598,0.001583766194444301,1.1042518780558261e-05,"{'overall': {'n': 31, 'accuracy': 0.5161290322580645, 'precision': 0.48148148148148145, 'recall': 0.9285714285714286, 'f1': 0.6341463414634146, 'confusion_matrix': [[3, 14], [1, 13]], 'auc': 0.5924369747899159, 'roc_curve': {'fpr': [0.0, 0.0, 0.058823529411764705, 0.058823529411764705, 0.17647058823529413, 0.17647058823529413, 0.29411764705882354, 0.29411764705882354, 0.4117647058823529, 0.4117647058823529, 0.47058823529411764, 0.47058823529411764, 0.6470588235294118, 0.6470588235294118, 0.7058823529411765, 0.7058823529411765, 0.7647058823529411, 0.7647058823529411, 0.8235294117647058, 0.8235294117647058, 1.0], 'tpr': [0.0, 0.07142857142857142, 0.07142857142857142, 0.14285714285714285, 0.14285714285714285, 0.42857142857142855, 0.42857142857142855, 0.5, 0.5, 0.5714285714285714, 0.5714285714285714, 0.6428571428571429, 0.6428571428571429, 0.7142857142857143, 0.7142857142857143, 0.7857142857142857, 0.7857142857142857, 0.8571428571428571, 0.8571428571428571, 1.0, 1.0]}}, 'India': {'n': 14, 'accuracy': 0.7142857142857143, 'precision': 0.75, 'recall': 0.9, 'f1': 0.8181818181818182, 'confusion_matrix': [[1, 3], [1, 9]], 'auc': 0.6000000000000001, 'roc_curve': {'fpr': [0.0, 0.0, 0.0, 0.25, 0.25, 0.5, 0.5, 0.75, 0.75, 1.0], 'tpr': [0.0, 0.1, 0.3, 0.3, 0.5, 0.5, 0.6, 0.6, 1.0, 1.0]}}, 'Italy': {'n': 17, 'accuracy': 0.35294117647058826, 'precision': 0.26666666666666666, 'recall': 1.0, 'f1': 0.42105263157894735, 'confusion_matrix': [[2, 11], [0, 4]], 'auc': 0.8269230769230769, 'roc_curve': {'fpr': [0.0, 0.0, 0.23076923076923078, 0.23076923076923078, 1.0], 'tpr': [0.0, 0.25, 0.25, 1.0, 1.0]}}}",resnet18_forniceal_palpebral,"[0.857739384482507, 0.7920068076678685, 0.8002430808787443, 0.7639250329562596, 0.7041090475458677, 0.6982250375812556, 0.6917833252018001]","[0.8525572534530393, 0.7921625721839166, 0.838114982651126, 0.8231164851496297, 0.8388098093771166, 0.8358648573198626, 0.8090831829655555]",COMPLETE
