number,value,datetime_start,datetime_complete,duration,params_dropout_rate,params_learning_rate,params_weight_decay,user_attrs_best_val_metrics,user_attrs_model_name,user_attrs_train_loss_history,user_attrs_val_loss_history,user_attrs_val_overall_metrics_history,state
11,0.8125,2026-07-29 11:28:18.563908,2026-07-29 11:29:33.577344,0 days 00:01:15.013436,0.2,0.000670735294106766,3.4944270263884775e-05,"{'overall': {'n': 33, 'accuracy': 0.8181818181818182, 'precision': 0.7222222222222222, 'recall': 0.9285714285714286, 'sensitivity': 0.9285714285714286, 'specificity': 0.7368421052631579, 'balanced_accuracy': 0.8327067669172932, 'f1': 0.8125, 'confusion_matrix': [[14, 5], [1, 13]], 'auc': 0.8609022556390977, 'roc_curve': {'fpr': [0.0, 0.0, 0.0, 0.05263157894736842, 0.05263157894736842, 0.10526315789473684, 0.10526315789473684, 0.15789473684210525, 0.15789473684210525, 0.2631578947368421, 0.2631578947368421, 0.42105263157894735, 0.42105263157894735, 1.0], 'tpr': [0.0, 0.07142857142857142, 0.14285714285714285, 0.14285714285714285, 0.2857142857142857, 0.2857142857142857, 0.5714285714285714, 0.5714285714285714, 0.7857142857142857, 0.7857142857142857, 0.9285714285714286, 0.9285714285714286, 1.0, 1.0]}}, 'India': {'n': 14, 'accuracy': 0.7857142857142857, 'precision': 0.8181818181818182, 'recall': 0.9, 'sensitivity': 0.9, 'specificity': 0.5, 'balanced_accuracy': 0.7, 'f1': 0.8571428571428571, 'confusion_matrix': [[2, 2], [1, 9]], 'auc': 0.825, 'roc_curve': {'fpr': [0.0, 0.0, 0.0, 0.5, 0.5, 0.75, 0.75, 1.0], 'tpr': [0.0, 0.1, 0.7, 0.7, 0.9, 0.9, 1.0, 1.0]}}, 'Italy': {'n': 19, 'accuracy': 0.8421052631578947, 'precision': 0.5714285714285714, 'recall': 1.0, 'sensitivity': 1.0, 'specificity': 0.8, 'balanced_accuracy': 0.9, 'f1': 0.7272727272727273, 'confusion_matrix': [[12, 3], [0, 4]], 'auc': 0.9000000000000001, 'roc_curve': {'fpr': [0.0, 0.0, 0.06666666666666667, 0.06666666666666667, 0.13333333333333333, 0.13333333333333333, 0.2, 0.2, 1.0], 'tpr': [0.0, 0.25, 0.25, 0.5, 0.5, 0.75, 0.75, 1.0, 1.0]}}}",swin_t_palpebral_v2,"[0.7799670052844168, 0.7422104600249537, 0.7318597574107695, 0.7028309169984022, 0.6658554957402463, 0.6819178540975053, 0.6269322104801406, 0.6548615907201704, 0.6376077473558337, 0.6185193417088085, 0.6130811722073334, 0.6063239025753855, 0.6128447505811981, 0.6199841933534634, 0.5849930176277034, 0.6062710589130983, 0.5861913332875991, 0.5802317490640855, 0.5812668030625148, 0.5859036003517, 0.5566922149910832, 0.5481574114979497, 0.5499229928515604, 0.5818389539687049, 0.5611224087658307, 0.5205425872707998, 0.5708028214262021, 0.56670024852879, 0.5331871564814586, 0.5319024545467452, 0.5458656521822443, 0.5609233618177325, 0.5169590237914332, 0.5482706873622162, 0.5363488205221315, 0.5313192315843721, 0.5364407439105559, 0.5401601211124698, 0.5344889694886492, 0.5416973943741906, 0.49884441751518, 0.5419836308782464, 0.5540057122707367, 0.5551818875682275, 0.5245088307273309, 0.5326823120480342, 0.5180229520955623, 0.5406923684852802, 0.5616521112966222, 0.5048997848239166, 0.5107203275952118, 0.5200624852780474, 0.5025375773575133, 0.4885375029993373, 0.5044301327885381, 0.5502926134905278, 0.5099703278762615, 0.5013530222785394, 0.4996698342806456, 0.4913391253806108, 0.483861629141877, 0.49784351885318756, 0.475297650754057, 0.5108737519245274, 0.5072394218665874, 0.4737276628317422]","[0.7652317755150072, 0.7367862300439314, 0.714810828367869, 0.6964166489514437, 0.6813909646236536, 0.6687114410328142, 0.6573737715229844, 0.647858561891498, 0.640449811111797, 0.6310833150690253, 0.6207110249634945, 0.6138713630762967, 0.606974928668051, 0.6075337222128203, 0.6003040689410586, 0.6032534837722778, 0.5961439428907452, 0.5952735416816942, 0.5847154927976204, 0.5775049798416368, 0.5746500076669635, 0.5697725722284028, 0.5668286301872947, 0.5656139742244374, 0.5640558365619543, 0.5617791486508918, 0.5591264240669481, 0.5579337965358387, 0.5532821778095129, 0.55243452390035, 0.5525786985050548, 0.5509242650234338, 0.5520257118976477, 0.5512941786737153, 0.5469846147479434, 0.5446843667463823, 0.5433381109526663, 0.5439647544514049, 0.5454043980800745, 0.5440452821326979, 0.5411407550175985, 0.5430054303371545, 0.539511810649525, 0.5381879553650365, 0.535351630413171, 0.5343840194470955, 0.5342835874268503, 0.5359041943694606, 0.5335487163428104, 0.5328364877989797, 0.5351706923860492, 0.5311797712788437, 0.5320054003686616, 0.5312820203376539, 0.5298655900088224, 0.5286392912720189, 0.529582294550809, 0.5271041573900165, 0.5267331925305453, 0.5305962743181171, 0.5299633633006703, 0.5307205301342588, 0.5328750068491156, 0.5348265062678944, 0.5356998877091841, 0.5295023376291449]","[{'accuracy': 0.6666666666666666, 'f1': 0.56, 'sensitivity': 0.5, 'specificity': 0.7894736842105263}, {'accuracy': 0.7272727272727273, 'f1': 0.7428571428571429, 'sensitivity': 0.9285714285714286, 'specificity': 0.5789473684210527}, {'accuracy': 0.7575757575757576, 'f1': 0.7647058823529411, 'sensitivity': 0.9285714285714286, 'specificity': 0.631578947368421}, {'accuracy': 0.7575757575757576, 'f1': 0.7333333333333333, 'sensitivity': 0.7857142857142857, 'specificity': 0.7368421052631579}, {'accuracy': 0.7878787878787878, 'f1': 0.7741935483870968, 'sensitivity': 0.8571428571428571, 'specificity': 0.7368421052631579}, {'accuracy': 0.7575757575757576, 'f1': 0.7333333333333333, 'sensitivity': 0.7857142857142857, 'specificity': 0.7368421052631579}, {'accuracy': 0.7575757575757576, 'f1': 0.7333333333333333, 'sensitivity': 0.7857142857142857, 'specificity': 0.7368421052631579}, {'accuracy': 0.7878787878787878, 'f1': 0.7741935483870968, 'sensitivity': 0.8571428571428571, 'specificity': 0.7368421052631579}, {'accuracy': 0.7878787878787878, 'f1': 0.7741935483870968, 'sensitivity': 0.8571428571428571, 'specificity': 0.7368421052631579}, {'accuracy': 0.7878787878787878, 'f1': 0.7741935483870968, 'sensitivity': 0.8571428571428571, 'specificity': 0.7368421052631579}, {'accuracy': 0.7878787878787878, 'f1': 0.7741935483870968, 'sensitivity': 0.8571428571428571, 'specificity': 0.7368421052631579}, {'accuracy': 0.7878787878787878, 'f1': 0.7741935483870968, 'sensitivity': 0.8571428571428571, 'specificity': 0.7368421052631579}, {'accuracy': 0.7575757575757576, 'f1': 0.7333333333333333, 'sensitivity': 0.7857142857142857, 'specificity': 0.7368421052631579}, {'accuracy': 0.7878787878787878, 'f1': 0.7586206896551724, 'sensitivity': 0.7857142857142857, 'specificity': 0.7894736842105263}, {'accuracy': 0.7878787878787878, 'f1': 0.7741935483870968, 'sensitivity': 0.8571428571428571, 'specificity': 0.7368421052631579}, {'accuracy': 0.7878787878787878, 'f1': 0.7878787878787878, 'sensitivity': 0.9285714285714286, 'specificity': 0.6842105263157895}, {'accuracy': 0.7878787878787878, 'f1': 0.7586206896551724, 'sensitivity': 0.7857142857142857, 'specificity': 0.7894736842105263}, {'accuracy': 0.7878787878787878, 'f1': 0.7586206896551724, 'sensitivity': 0.7857142857142857, 'specificity': 0.7894736842105263}, {'accuracy': 0.8181818181818182, 'f1': 0.8, 'sensitivity': 0.8571428571428571, 'specificity': 0.7894736842105263}, {'accuracy': 0.7878787878787878, 'f1': 0.7741935483870968, 'sensitivity': 0.8571428571428571, 'specificity': 0.7368421052631579}, {'accuracy': 0.7878787878787878, 'f1': 0.7741935483870968, 'sensitivity': 0.8571428571428571, 'specificity': 0.7368421052631579}, {'accuracy': 0.8181818181818182, 'f1': 0.8, 'sensitivity': 0.8571428571428571, 'specificity': 0.7894736842105263}, {'accuracy': 0.7878787878787878, 'f1': 0.7741935483870968, 'sensitivity': 0.8571428571428571, 'specificity': 0.7368421052631579}, {'accuracy': 0.8181818181818182, 'f1': 0.8, 'sensitivity': 0.8571428571428571, 'specificity': 0.7894736842105263}, {'accuracy': 0.7878787878787878, 'f1': 0.7741935483870968, 'sensitivity': 0.8571428571428571, 'specificity': 0.7368421052631579}, {'accuracy': 0.8181818181818182, 'f1': 0.8, 'sensitivity': 0.8571428571428571, 'specificity': 0.7894736842105263}, {'accuracy': 0.8181818181818182, 'f1': 0.8, 'sensitivity': 0.8571428571428571, 'specificity': 0.7894736842105263}, {'accuracy': 0.8181818181818182, 'f1': 0.8, 'sensitivity': 0.8571428571428571, 'specificity': 0.7894736842105263}, {'accuracy': 0.8181818181818182, 'f1': 0.8, 'sensitivity': 0.8571428571428571, 'specificity': 0.7894736842105263}, {'accuracy': 0.7878787878787878, 'f1': 0.7741935483870968, 'sensitivity': 0.8571428571428571, 'specificity': 0.7368421052631579}, {'accuracy': 0.8181818181818182, 'f1': 0.8, 'sensitivity': 0.8571428571428571, 'specificity': 0.7894736842105263}, {'accuracy': 0.8181818181818182, 'f1': 0.8, 'sensitivity': 0.8571428571428571, 'specificity': 0.7894736842105263}, {'accuracy': 0.7878787878787878, 'f1': 0.7741935483870968, 'sensitivity': 0.8571428571428571, 'specificity': 0.7368421052631579}, {'accuracy': 0.7575757575757576, 'f1': 0.75, 'sensitivity': 0.8571428571428571, 'specificity': 0.6842105263157895}, {'accuracy': 0.8181818181818182, 'f1': 0.8, 'sensitivity': 0.8571428571428571, 'specificity': 0.7894736842105263}, {'accuracy': 0.7878787878787878, 'f1': 0.7741935483870968, 'sensitivity': 0.8571428571428571, 'specificity': 0.7368421052631579}, {'accuracy': 0.7878787878787878, 'f1': 0.7741935483870968, 'sensitivity': 0.8571428571428571, 'specificity': 0.7368421052631579}, {'accuracy': 0.7878787878787878, 'f1': 0.7741935483870968, 'sensitivity': 0.8571428571428571, 'specificity': 0.7368421052631579}, {'accuracy': 0.8181818181818182, 'f1': 0.8, 'sensitivity': 0.8571428571428571, 'specificity': 0.7894736842105263}, {'accuracy': 0.8181818181818182, 'f1': 0.8, 'sensitivity': 0.8571428571428571, 'specificity': 0.7894736842105263}, {'accuracy': 0.8181818181818182, 'f1': 0.8, 'sensitivity': 0.8571428571428571, 'specificity': 0.7894736842105263}, {'accuracy': 0.8181818181818182, 'f1': 0.8, 'sensitivity': 0.8571428571428571, 'specificity': 0.7894736842105263}, {'accuracy': 0.7878787878787878, 'f1': 0.7741935483870968, 'sensitivity': 0.8571428571428571, 'specificity': 0.7368421052631579}, {'accuracy': 0.8181818181818182, 'f1': 0.8, 'sensitivity': 0.8571428571428571, 'specificity': 0.7894736842105263}, {'accuracy': 0.8181818181818182, 'f1': 0.8, 'sensitivity': 0.8571428571428571, 'specificity': 0.7894736842105263}, {'accuracy': 0.8181818181818182, 'f1': 0.8, 'sensitivity': 0.8571428571428571, 'specificity': 0.7894736842105263}, {'accuracy': 0.8181818181818182, 'f1': 0.8, 'sensitivity': 0.8571428571428571, 'specificity': 0.7894736842105263}, {'accuracy': 0.8181818181818182, 'f1': 0.8, 'sensitivity': 0.8571428571428571, 'specificity': 0.7894736842105263}, {'accuracy': 0.7878787878787878, 'f1': 0.7741935483870968, 'sensitivity': 0.8571428571428571, 'specificity': 0.7368421052631579}, {'accuracy': 0.8181818181818182, 'f1': 0.8, 'sensitivity': 0.8571428571428571, 'specificity': 0.7894736842105263}, {'accuracy': 0.7878787878787878, 'f1': 0.7586206896551724, 'sensitivity': 0.7857142857142857, 'specificity': 0.7894736842105263}, {'accuracy': 0.7878787878787878, 'f1': 0.7741935483870968, 'sensitivity': 0.8571428571428571, 'specificity': 0.7368421052631579}, {'accuracy': 0.7878787878787878, 'f1': 0.7741935483870968, 'sensitivity': 0.8571428571428571, 'specificity': 0.7368421052631579}, {'accuracy': 0.7878787878787878, 'f1': 0.7741935483870968, 'sensitivity': 0.8571428571428571, 'specificity': 0.7368421052631579}, {'accuracy': 0.7878787878787878, 'f1': 0.7741935483870968, 'sensitivity': 0.8571428571428571, 'specificity': 0.7368421052631579}, {'accuracy': 0.7878787878787878, 'f1': 0.7741935483870968, 'sensitivity': 0.8571428571428571, 'specificity': 0.7368421052631579}, {'accuracy': 0.7878787878787878, 'f1': 0.7741935483870968, 'sensitivity': 0.8571428571428571, 'specificity': 0.7368421052631579}, {'accuracy': 0.7878787878787878, 'f1': 0.7741935483870968, 'sensitivity': 0.8571428571428571, 'specificity': 0.7368421052631579}, {'accuracy': 0.7878787878787878, 'f1': 0.7741935483870968, 'sensitivity': 0.8571428571428571, 'specificity': 0.7368421052631579}, {'accuracy': 0.7878787878787878, 'f1': 0.7878787878787878, 'sensitivity': 0.9285714285714286, 'specificity': 0.6842105263157895}, {'accuracy': 0.7878787878787878, 'f1': 0.7878787878787878, 'sensitivity': 0.9285714285714286, 'specificity': 0.6842105263157895}, {'accuracy': 0.7878787878787878, 'f1': 0.7741935483870968, 'sensitivity': 0.8571428571428571, 'specificity': 0.7368421052631579}, {'accuracy': 0.7575757575757576, 'f1': 0.7333333333333333, 'sensitivity': 0.7857142857142857, 'specificity': 0.7368421052631579}, {'accuracy': 0.8181818181818182, 'f1': 0.8125, 'sensitivity': 0.9285714285714286, 'specificity': 0.7368421052631579}, {'accuracy': 0.7878787878787878, 'f1': 0.7878787878787878, 'sensitivity': 0.9285714285714286, 'specificity': 0.6842105263157895}, {'accuracy': 0.7878787878787878, 'f1': 0.7741935483870968, 'sensitivity': 0.8571428571428571, 'specificity': 0.7368421052631579}]",COMPLETE
