number,value,datetime_start,datetime_complete,duration,params_dropout_rate,params_learning_rate,params_weight_decay,user_attrs_best_val_metrics,user_attrs_model_name,user_attrs_train_loss_history,user_attrs_val_loss_history,user_attrs_val_overall_metrics_history,state
3,0.7428571428571429,2026-08-09 02:14:39.318731,2026-08-09 02:15:40.169890,0 days 00:01:00.851159,0.5,0.03142880890840111,4.335281794951567e-06,"{'overall': {'n': 31, 'accuracy': 0.7096774193548387, 'precision': 0.6190476190476191, 'recall': 0.9285714285714286, 'sensitivity': 0.9285714285714286, 'specificity': 0.5294117647058824, 'balanced_accuracy': 0.7289915966386555, 'f1': 0.7428571428571429, 'confusion_matrix': [[9, 8], [1, 13]], 'auc': 0.7352941176470588, 'roc_curve': {'fpr': [0.0, 0.0, 0.0, 0.058823529411764705, 0.058823529411764705, 0.11764705882352941, 0.11764705882352941, 0.29411764705882354, 0.29411764705882354, 0.4117647058823529, 0.4117647058823529, 0.47058823529411764, 0.47058823529411764, 0.6470588235294118, 0.6470588235294118, 1.0], 'tpr': [0.0, 0.07142857142857142, 0.2857142857142857, 0.2857142857142857, 0.35714285714285715, 0.35714285714285715, 0.42857142857142855, 0.42857142857142855, 0.5714285714285714, 0.5714285714285714, 0.6428571428571429, 0.6428571428571429, 0.9285714285714286, 0.9285714285714286, 1.0, 1.0]}}, 'India': {'n': 14, 'accuracy': 0.7142857142857143, 'precision': 0.75, 'recall': 0.9, 'sensitivity': 0.9, 'specificity': 0.25, 'balanced_accuracy': 0.575, 'f1': 0.8181818181818182, 'confusion_matrix': [[1, 3], [1, 9]], 'auc': 0.525, 'roc_curve': {'fpr': [0.0, 0.0, 0.0, 0.25, 0.25, 0.5, 0.5, 0.75, 0.75, 1.0, 1.0], 'tpr': [0.0, 0.1, 0.3, 0.3, 0.4, 0.4, 0.5, 0.5, 0.9, 0.9, 1.0]}}, 'Italy': {'n': 17, 'accuracy': 0.7058823529411765, 'precision': 0.4444444444444444, 'recall': 1.0, 'sensitivity': 1.0, 'specificity': 0.6153846153846154, 'balanced_accuracy': 0.8076923076923077, 'f1': 0.6153846153846154, 'confusion_matrix': [[8, 5], [0, 4]], 'auc': 0.826923076923077, 'roc_curve': {'fpr': [0.0, 0.0, 0.07692307692307693, 0.07692307692307693, 0.23076923076923078, 0.23076923076923078, 0.38461538461538464, 0.38461538461538464, 1.0], 'tpr': [0.0, 0.25, 0.25, 0.5, 0.5, 0.75, 0.75, 1.0, 1.0]}}}",convnext_base_forniceal_palpebral_new_way,"[1.082419374362141, 0.8281627658273087, 0.8373990934722277, 0.6219278874040461, 0.7234710669841896, 0.7017858855578364, 0.5793855384904512, 0.7725752689400498, 0.9555041944088579, 0.6022657614175965, 0.6893774125040794, 0.5664209289615657, 0.6019050525564725, 0.5662830666619905, 0.41744489633307164, 0.5089623226600439, 0.6612446344628626, 0.41754026680576556, 0.5806782326730741, 0.6026259206590199]","[1.2606574296951294, 1.0462188720703125, 1.0859932899475098, 0.8235598206520081, 0.9130494594573975, 0.7654080986976624, 0.8404949307441711, 0.8714656233787537, 0.86913001537323, 0.7087558507919312, 0.7354087829589844, 0.7006515860557556, 0.6821889281272888, 0.7304361462593079, 0.778610348701477, 0.8135135769844055, 0.8190613985061646, 0.8938402533531189, 0.8651317954063416, 0.7788748741149902]","[{'accuracy': 0.5806451612903226, 'f1': 0.23529411764705882, 'sensitivity': 0.14285714285714285, 'specificity': 0.9411764705882353}, {'accuracy': 0.5483870967741935, 'f1': 0.65, 'sensitivity': 0.9285714285714286, 'specificity': 0.23529411764705882}, {'accuracy': 0.6451612903225806, 'f1': 0.47619047619047616, 'sensitivity': 0.35714285714285715, 'specificity': 0.8823529411764706}, {'accuracy': 0.6129032258064516, 'f1': 0.625, 'sensitivity': 0.7142857142857143, 'specificity': 0.5294117647058824}, {'accuracy': 0.6451612903225806, 'f1': 0.47619047619047616, 'sensitivity': 0.35714285714285715, 'specificity': 0.8823529411764706}, {'accuracy': 0.7096774193548387, 'f1': 0.7428571428571429, 'sensitivity': 0.9285714285714286, 'specificity': 0.5294117647058824}, {'accuracy': 0.6774193548387096, 'f1': 0.5, 'sensitivity': 0.35714285714285715, 'specificity': 0.9411764705882353}, {'accuracy': 0.5806451612903226, 'f1': 0.6829268292682927, 'sensitivity': 1.0, 'specificity': 0.23529411764705882}, {'accuracy': 0.6774193548387096, 'f1': 0.5, 'sensitivity': 0.35714285714285715, 'specificity': 0.9411764705882353}, {'accuracy': 0.6129032258064516, 'f1': 0.625, 'sensitivity': 0.7142857142857143, 'specificity': 0.5294117647058824}, {'accuracy': 0.7096774193548387, 'f1': 0.64, 'sensitivity': 0.5714285714285714, 'specificity': 0.8235294117647058}, {'accuracy': 0.7419354838709677, 'f1': 0.6923076923076923, 'sensitivity': 0.6428571428571429, 'specificity': 0.8235294117647058}, {'accuracy': 0.7096774193548387, 'f1': 0.6896551724137931, 'sensitivity': 0.7142857142857143, 'specificity': 0.7058823529411765}, {'accuracy': 0.7096774193548387, 'f1': 0.64, 'sensitivity': 0.5714285714285714, 'specificity': 0.8235294117647058}, {'accuracy': 0.6451612903225806, 'f1': 0.56, 'sensitivity': 0.5, 'specificity': 0.7647058823529411}, {'accuracy': 0.6451612903225806, 'f1': 0.6666666666666666, 'sensitivity': 0.7857142857142857, 'specificity': 0.5294117647058824}, {'accuracy': 0.6129032258064516, 'f1': 0.5714285714285714, 'sensitivity': 0.5714285714285714, 'specificity': 0.6470588235294118}, {'accuracy': 0.6129032258064516, 'f1': 0.625, 'sensitivity': 0.7142857142857143, 'specificity': 0.5294117647058824}, {'accuracy': 0.6451612903225806, 'f1': 0.5925925925925926, 'sensitivity': 0.5714285714285714, 'specificity': 0.7058823529411765}, {'accuracy': 0.5806451612903226, 'f1': 0.5806451612903226, 'sensitivity': 0.6428571428571429, 'specificity': 0.5294117647058824}]",COMPLETE
4,0.5806451612903226,2026-08-09 02:15:40.170320,2026-08-09 02:16:32.022207,0 days 00:00:51.851887,0.2,0.0008179499475211679,3.752055855124284e-05,"{'overall': {'n': 31, 'accuracy': 0.5806451612903226, 'precision': 0.5294117647058824, 'recall': 0.6428571428571429, 'sensitivity': 0.6428571428571429, 'specificity': 0.5294117647058824, 'balanced_accuracy': 0.5861344537815126, 'f1': 0.5806451612903226, 'confusion_matrix': [[9, 8], [5, 9]], 'auc': 0.5798319327731092, 'roc_curve': {'fpr': [0.0, 0.0, 0.058823529411764705, 0.058823529411764705, 0.17647058823529413, 0.17647058823529413, 0.23529411764705882, 0.23529411764705882, 0.4117647058823529, 0.4117647058823529, 0.47058823529411764, 0.47058823529411764, 0.5294117647058824, 0.5294117647058824, 0.6470588235294118, 0.6470588235294118, 0.7647058823529411, 0.7647058823529411, 0.9411764705882353, 0.9411764705882353, 1.0], 'tpr': [0.0, 0.07142857142857142, 0.07142857142857142, 0.14285714285714285, 0.14285714285714285, 0.21428571428571427, 0.21428571428571427, 0.35714285714285715, 0.35714285714285715, 0.42857142857142855, 0.42857142857142855, 0.7142857142857143, 0.7142857142857143, 0.7857142857142857, 0.7857142857142857, 0.8571428571428571, 0.8571428571428571, 0.9285714285714286, 0.9285714285714286, 1.0, 1.0]}}, 'India': {'n': 14, 'accuracy': 0.5, 'precision': 0.7142857142857143, 'recall': 0.5, 'sensitivity': 0.5, 'specificity': 0.5, 'balanced_accuracy': 0.5, 'f1': 0.5882352941176471, 'confusion_matrix': [[2, 2], [5, 5]], 'auc': 0.6000000000000001, 'roc_curve': {'fpr': [0.0, 0.0, 0.0, 0.25, 0.25, 0.5, 0.5, 0.75, 0.75, 1.0], 'tpr': [0.0, 0.1, 0.3, 0.3, 0.4, 0.4, 0.7, 0.7, 1.0, 1.0]}}, 'Italy': {'n': 17, 'accuracy': 0.6470588235294118, 'precision': 0.4, 'recall': 1.0, 'sensitivity': 1.0, 'specificity': 0.5384615384615384, 'balanced_accuracy': 0.7692307692307692, 'f1': 0.5714285714285714, 'confusion_matrix': [[7, 6], [0, 4]], 'auc': 0.6730769230769231, 'roc_curve': {'fpr': [0.0, 0.07692307692307693, 0.07692307692307693, 0.3076923076923077, 0.3076923076923077, 0.46153846153846156, 0.46153846153846156, 1.0], 'tpr': [0.0, 0.0, 0.25, 0.25, 0.5, 0.5, 1.0, 1.0]}}}",convnext_base_forniceal_palpebral_new_way,"[0.8041033732647799, 0.7830585553532555, 0.7882754839196497, 0.7445490676529554, 0.7397371031800095, 0.7087375485167211, 0.7066741711428376, 0.7160482386342523, 0.6832514299827368, 0.6799925756292279, 0.6667835262356973, 0.6774715022975896, 0.6795503318715258, 0.6832303007443746, 0.6243213305667955, 0.6363614051520419, 0.6143170441089033]","[0.8028276562690735, 0.8021802306175232, 0.7894289493560791, 0.7835267186164856, 0.7781562805175781, 0.7782406806945801, 0.7741565108299255, 0.7740095853805542, 0.7711924314498901, 0.7678611278533936, 0.7685879468917847, 0.7692872285842896, 0.7709603905677795, 0.7702469229698181, 0.7722647786140442, 0.7737693190574646, 0.7690944075584412]","[{'accuracy': 0.5806451612903226, 'f1': 0.5806451612903226, 'sensitivity': 0.6428571428571429, 'specificity': 0.5294117647058824}, {'accuracy': 0.5806451612903226, 'f1': 0.23529411764705882, 'sensitivity': 0.14285714285714285, 'specificity': 0.9411764705882353}, {'accuracy': 0.5161290322580645, 'f1': 0.4827586206896552, 'sensitivity': 0.5, 'specificity': 0.5294117647058824}, {'accuracy': 0.5483870967741935, 'f1': 0.5333333333333333, 'sensitivity': 0.5714285714285714, 'specificity': 0.5294117647058824}, {'accuracy': 0.5483870967741935, 'f1': 0.5333333333333333, 'sensitivity': 0.5714285714285714, 'specificity': 0.5294117647058824}, {'accuracy': 0.5161290322580645, 'f1': 0.4444444444444444, 'sensitivity': 0.42857142857142855, 'specificity': 0.5882352941176471}, {'accuracy': 0.5161290322580645, 'f1': 0.4444444444444444, 'sensitivity': 0.42857142857142855, 'specificity': 0.5882352941176471}, {'accuracy': 0.5161290322580645, 'f1': 0.4444444444444444, 'sensitivity': 0.42857142857142855, 'specificity': 0.5882352941176471}, {'accuracy': 0.5161290322580645, 'f1': 0.4444444444444444, 'sensitivity': 0.42857142857142855, 'specificity': 0.5882352941176471}, {'accuracy': 0.5483870967741935, 'f1': 0.5, 'sensitivity': 0.5, 'specificity': 0.5882352941176471}, {'accuracy': 0.5161290322580645, 'f1': 0.4444444444444444, 'sensitivity': 0.42857142857142855, 'specificity': 0.5882352941176471}, {'accuracy': 0.5161290322580645, 'f1': 0.4444444444444444, 'sensitivity': 0.42857142857142855, 'specificity': 0.5882352941176471}, {'accuracy': 0.5161290322580645, 'f1': 0.4444444444444444, 'sensitivity': 0.42857142857142855, 'specificity': 0.5882352941176471}, {'accuracy': 0.5483870967741935, 'f1': 0.5, 'sensitivity': 0.5, 'specificity': 0.5882352941176471}, {'accuracy': 0.5161290322580645, 'f1': 0.4444444444444444, 'sensitivity': 0.42857142857142855, 'specificity': 0.5882352941176471}, {'accuracy': 0.5161290322580645, 'f1': 0.4444444444444444, 'sensitivity': 0.42857142857142855, 'specificity': 0.5882352941176471}, {'accuracy': 0.5483870967741935, 'f1': 0.5, 'sensitivity': 0.5, 'specificity': 0.5882352941176471}]",COMPLETE
5,0.7586206896551724,2026-08-09 02:16:32.022632,2026-08-09 02:17:27.565898,0 days 00:00:55.543266,0.5,0.08088564223049027,1.0422971466648463e-06,"{'overall': {'n': 31, 'accuracy': 0.7741935483870968, 'precision': 0.7333333333333333, 'recall': 0.7857142857142857, 'sensitivity': 0.7857142857142857, 'specificity': 0.7647058823529411, 'balanced_accuracy': 0.7752100840336134, 'f1': 0.7586206896551724, 'confusion_matrix': [[13, 4], [3, 11]], 'auc': 0.8109243697478992, 'roc_curve': {'fpr': [0.0, 0.0, 0.0, 0.058823529411764705, 0.058823529411764705, 0.11764705882352941, 0.11764705882352941, 0.17647058823529413, 0.17647058823529413, 0.4117647058823529, 0.4117647058823529, 0.7647058823529411, 0.7647058823529411, 1.0], 'tpr': [0.0, 0.07142857142857142, 0.14285714285714285, 0.14285714285714285, 0.42857142857142855, 0.42857142857142855, 0.5, 0.5, 0.7857142857142857, 0.7857142857142857, 0.9285714285714286, 0.9285714285714286, 1.0, 1.0]}}, 'India': {'n': 14, 'accuracy': 0.7142857142857143, 'precision': 0.875, 'recall': 0.7, 'sensitivity': 0.7, 'specificity': 0.75, 'balanced_accuracy': 0.725, 'f1': 0.7777777777777778, 'confusion_matrix': [[3, 1], [3, 7]], 'auc': 0.6749999999999999, 'roc_curve': {'fpr': [0.0, 0.0, 0.0, 0.25, 0.25, 0.75, 0.75, 1.0, 1.0], 'tpr': [0.0, 0.1, 0.4, 0.4, 0.7, 0.7, 0.9, 0.9, 1.0]}}, 'Italy': {'n': 17, 'accuracy': 0.8235294117647058, 'precision': 0.5714285714285714, 'recall': 1.0, 'sensitivity': 1.0, 'specificity': 0.7692307692307693, 'balanced_accuracy': 0.8846153846153846, 'f1': 0.7272727272727273, 'confusion_matrix': [[10, 3], [0, 4]], 'auc': 0.9038461538461539, 'roc_curve': {'fpr': [0.0, 0.0, 0.07692307692307693, 0.07692307692307693, 0.15384615384615385, 0.15384615384615385, 1.0], 'tpr': [0.0, 0.25, 0.25, 0.5, 0.5, 1.0, 1.0]}}}",convnext_base_forniceal_palpebral_new_way,"[4.481482645281318, 2.117922702614142, 1.627539105155841, 1.514211735352367, 1.3437431904734398, 1.2000555108193638, 1.1750148348256844, 1.2643927708775007, 1.2174774797595278, 0.8844331316396493, 0.5970860626421818, 1.2057521736540762, 1.03803654552317, 0.8889532888016733, 0.8777119233494713, 0.7854861572486203, 0.7396454016367594, 0.8647858277470076]","[3.802173376083374, 3.978188991546631, 2.915534734725952, 2.3323073387145996, 1.6574305295944214, 1.4744635820388794, 1.1228195428848267, 1.2754756212234497, 0.8042192459106445, 0.7462491393089294, 0.732502281665802, 0.8704334497451782, 0.8930161595344543, 0.8238356709480286, 0.945838212966919, 0.8511533141136169, 1.063523769378662, 1.2534384727478027]","[{'accuracy': 0.4838709677419355, 'f1': 0.6363636363636364, 'sensitivity': 1.0, 'specificity': 0.058823529411764705}, {'accuracy': 0.5806451612903226, 'f1': 0.23529411764705882, 'sensitivity': 0.14285714285714285, 'specificity': 0.9411764705882353}, {'accuracy': 0.5806451612903226, 'f1': 0.6666666666666666, 'sensitivity': 0.9285714285714286, 'specificity': 0.29411764705882354}, {'accuracy': 0.5806451612903226, 'f1': 0.43478260869565216, 'sensitivity': 0.35714285714285715, 'specificity': 0.7647058823529411}, {'accuracy': 0.5806451612903226, 'f1': 0.5806451612903226, 'sensitivity': 0.6428571428571429, 'specificity': 0.5294117647058824}, {'accuracy': 0.6129032258064516, 'f1': 0.5384615384615384, 'sensitivity': 0.5, 'specificity': 0.7058823529411765}, {'accuracy': 0.7096774193548387, 'f1': 0.7096774193548387, 'sensitivity': 0.7857142857142857, 'specificity': 0.6470588235294118}, {'accuracy': 0.6451612903225806, 'f1': 0.47619047619047616, 'sensitivity': 0.35714285714285715, 'specificity': 0.8823529411764706}, {'accuracy': 0.7096774193548387, 'f1': 0.7096774193548387, 'sensitivity': 0.7857142857142857, 'specificity': 0.6470588235294118}, {'accuracy': 0.7741935483870968, 'f1': 0.7586206896551724, 'sensitivity': 0.7857142857142857, 'specificity': 0.7647058823529411}, {'accuracy': 0.7419354838709677, 'f1': 0.6923076923076923, 'sensitivity': 0.6428571428571429, 'specificity': 0.8235294117647058}, {'accuracy': 0.7096774193548387, 'f1': 0.5714285714285714, 'sensitivity': 0.42857142857142855, 'specificity': 0.9411764705882353}, {'accuracy': 0.7096774193548387, 'f1': 0.6086956521739131, 'sensitivity': 0.5, 'specificity': 0.8823529411764706}, {'accuracy': 0.6774193548387096, 'f1': 0.6428571428571429, 'sensitivity': 0.6428571428571429, 'specificity': 0.7058823529411765}, {'accuracy': 0.6451612903225806, 'f1': 0.6666666666666666, 'sensitivity': 0.7857142857142857, 'specificity': 0.5294117647058824}, {'accuracy': 0.7096774193548387, 'f1': 0.7272727272727273, 'sensitivity': 0.8571428571428571, 'specificity': 0.5882352941176471}, {'accuracy': 0.6451612903225806, 'f1': 0.47619047619047616, 'sensitivity': 0.35714285714285715, 'specificity': 0.8823529411764706}, {'accuracy': 0.6774193548387096, 'f1': 0.7368421052631579, 'sensitivity': 1.0, 'specificity': 0.4117647058823529}]",COMPLETE
6,0.7222222222222222,2026-08-09 02:17:27.566395,2026-08-09 02:18:33.861287,0 days 00:01:06.294892,0.5,0.06392358408103824,1.1547312539151762e-06,"{'overall': {'n': 31, 'accuracy': 0.6774193548387096, 'precision': 0.5909090909090909, 'recall': 0.9285714285714286, 'sensitivity': 0.9285714285714286, 'specificity': 0.47058823529411764, 'balanced_accuracy': 0.6995798319327731, 'f1': 0.7222222222222222, 'confusion_matrix': [[8, 9], [1, 13]], 'auc': 0.73109243697479, 'roc_curve': {'fpr': [0.0, 0.0, 0.0, 0.058823529411764705, 0.058823529411764705, 0.17647058823529413, 0.17647058823529413, 0.4117647058823529, 0.4117647058823529, 0.47058823529411764, 0.47058823529411764, 0.5294117647058824, 0.5294117647058824, 0.5882352941176471, 0.5882352941176471, 1.0], 'tpr': [0.0, 0.07142857142857142, 0.21428571428571427, 0.21428571428571427, 0.2857142857142857, 0.2857142857142857, 0.5714285714285714, 0.5714285714285714, 0.6428571428571429, 0.6428571428571429, 0.7857142857142857, 0.7857142857142857, 0.9285714285714286, 0.9285714285714286, 1.0, 1.0]}}, 'India': {'n': 14, 'accuracy': 0.7142857142857143, 'precision': 0.75, 'recall': 0.9, 'sensitivity': 0.9, 'specificity': 0.25, 'balanced_accuracy': 0.575, 'f1': 0.8181818181818182, 'confusion_matrix': [[1, 3], [1, 9]], 'auc': 0.625, 'roc_curve': {'fpr': [0.0, 0.0, 0.0, 0.5, 0.5, 0.75, 0.75, 1.0], 'tpr': [0.0, 0.1, 0.4, 0.4, 0.7, 0.7, 1.0, 1.0]}}, 'Italy': {'n': 17, 'accuracy': 0.6470588235294118, 'precision': 0.4, 'recall': 1.0, 'sensitivity': 1.0, 'specificity': 0.5384615384615384, 'balanced_accuracy': 0.7692307692307692, 'f1': 0.5714285714285714, 'confusion_matrix': [[7, 6], [0, 4]], 'auc': 0.923076923076923, 'roc_curve': {'fpr': [0.0, 0.0, 0.0, 0.07692307692307693, 0.07692307692307693, 0.23076923076923078, 0.23076923076923078, 1.0], 'tpr': [0.0, 0.25, 0.5, 0.5, 0.75, 0.75, 1.0, 1.0]}}}",convnext_base_forniceal_palpebral_new_way,"[1.584043228707346, 1.7871662816222833, 1.1943549380010487, 1.384606856878112, 1.133069980712164, 0.8136478542876081, 0.8657444857415699, 0.9031506630839133, 0.9149370996319518, 0.7268525463383214, 0.8727786543012477, 0.7407355661294899, 0.8042512564432054, 1.028822617465947, 0.9345714040353995, 1.1909669597132677, 0.8632854701710396, 0.773569645322099, 1.0362803031798122, 0.8136725819029775, 0.6611469108231214, 0.6953182473880093]","[3.338867664337158, 2.727289915084839, 1.3679102659225464, 1.3775290250778198, 1.253870964050293, 1.5869166851043701, 1.014295220375061, 0.9860731959342957, 1.0429295301437378, 1.0423051118850708, 1.0526853799819946, 1.3365709781646729, 1.3627183437347412, 1.892564058303833, 0.8892567157745361, 1.5005064010620117, 1.2342554330825806, 1.567183256149292, 1.3918673992156982, 1.1368497610092163, 1.1211930513381958, 1.2463406324386597]","[{'accuracy': 0.45161290322580644, 'f1': 0.6222222222222222, 'sensitivity': 1.0, 'specificity': 0.0}, {'accuracy': 0.6129032258064516, 'f1': 0.25, 'sensitivity': 0.14285714285714285, 'specificity': 1.0}, {'accuracy': 0.6129032258064516, 'f1': 0.5714285714285714, 'sensitivity': 0.5714285714285714, 'specificity': 0.6470588235294118}, {'accuracy': 0.6129032258064516, 'f1': 0.5384615384615384, 'sensitivity': 0.5, 'specificity': 0.7058823529411765}, {'accuracy': 0.6129032258064516, 'f1': 0.625, 'sensitivity': 0.7142857142857143, 'specificity': 0.5294117647058824}, {'accuracy': 0.6129032258064516, 'f1': 0.45454545454545453, 'sensitivity': 0.35714285714285715, 'specificity': 0.8235294117647058}, {'accuracy': 0.5483870967741935, 'f1': 0.5333333333333333, 'sensitivity': 0.5714285714285714, 'specificity': 0.5294117647058824}, {'accuracy': 0.5806451612903226, 'f1': 0.5517241379310345, 'sensitivity': 0.5714285714285714, 'specificity': 0.5882352941176471}, {'accuracy': 0.6451612903225806, 'f1': 0.5925925925925926, 'sensitivity': 0.5714285714285714, 'specificity': 0.7058823529411765}, {'accuracy': 0.6451612903225806, 'f1': 0.5925925925925926, 'sensitivity': 0.5714285714285714, 'specificity': 0.7058823529411765}, {'accuracy': 0.6451612903225806, 'f1': 0.6206896551724138, 'sensitivity': 0.6428571428571429, 'specificity': 0.6470588235294118}, {'accuracy': 0.6451612903225806, 'f1': 0.5217391304347826, 'sensitivity': 0.42857142857142855, 'specificity': 0.8235294117647058}, {'accuracy': 0.6129032258064516, 'f1': 0.6842105263157895, 'sensitivity': 0.9285714285714286, 'specificity': 0.35294117647058826}, {'accuracy': 0.6129032258064516, 'f1': 0.3333333333333333, 'sensitivity': 0.21428571428571427, 'specificity': 0.9411764705882353}, {'accuracy': 0.6451612903225806, 'f1': 0.6666666666666666, 'sensitivity': 0.7857142857142857, 'specificity': 0.5294117647058824}, {'accuracy': 0.6129032258064516, 'f1': 0.3333333333333333, 'sensitivity': 0.21428571428571427, 'specificity': 0.9411764705882353}, {'accuracy': 0.6129032258064516, 'f1': 0.7, 'sensitivity': 1.0, 'specificity': 0.29411764705882354}, {'accuracy': 0.6451612903225806, 'f1': 0.35294117647058826, 'sensitivity': 0.21428571428571427, 'specificity': 1.0}, {'accuracy': 0.6129032258064516, 'f1': 0.7, 'sensitivity': 1.0, 'specificity': 0.29411764705882354}, {'accuracy': 0.6451612903225806, 'f1': 0.5217391304347826, 'sensitivity': 0.42857142857142855, 'specificity': 0.8235294117647058}, {'accuracy': 0.6774193548387096, 'f1': 0.7222222222222222, 'sensitivity': 0.9285714285714286, 'specificity': 0.47058823529411764}, {'accuracy': 0.6451612903225806, 'f1': 0.5217391304347826, 'sensitivity': 0.42857142857142855, 'specificity': 0.8235294117647058}]",COMPLETE
