number,value,datetime_start,datetime_complete,duration,params_dropout_rate,params_learning_rate,params_weight_decay,user_attrs_best_val_metrics,user_attrs_model_name,user_attrs_train_loss_history,user_attrs_val_loss_history,user_attrs_val_overall_metrics_history,state
9,0.6666666666666666,2026-08-09 02:23:40.605829,2026-08-09 02:24:23.606992,0 days 00:00:43.001163,0.5,0.010631680735011315,1.2723208072531627e-05,"{'overall': {'n': 31, 'accuracy': 0.5806451612903226, 'precision': 0.52, 'recall': 0.9285714285714286, 'sensitivity': 0.9285714285714286, 'specificity': 0.29411764705882354, 'balanced_accuracy': 0.6113445378151261, 'f1': 0.6666666666666666, 'confusion_matrix': [[5, 12], [1, 13]], 'auc': 0.6008403361344538, 'roc_curve': {'fpr': [0.0, 0.0, 0.0, 0.11764705882352941, 0.11764705882352941, 0.23529411764705882, 0.23529411764705882, 0.29411764705882354, 0.29411764705882354, 0.4117647058823529, 0.4117647058823529, 0.47058823529411764, 0.47058823529411764, 0.5882352941176471, 0.5882352941176471, 0.6470588235294118, 0.6470588235294118, 0.7058823529411765, 0.7058823529411765, 1.0], 'tpr': [0.0, 0.07142857142857142, 0.21428571428571427, 0.21428571428571427, 0.2857142857142857, 0.2857142857142857, 0.35714285714285715, 0.35714285714285715, 0.42857142857142855, 0.42857142857142855, 0.5, 0.5, 0.5714285714285714, 0.5714285714285714, 0.6428571428571429, 0.6428571428571429, 0.7142857142857143, 0.7142857142857143, 1.0, 1.0]}}, 'India': {'n': 14, 'accuracy': 0.6428571428571429, 'precision': 0.6923076923076923, 'recall': 0.9, 'sensitivity': 0.9, 'specificity': 0.0, 'balanced_accuracy': 0.45, 'f1': 0.782608695652174, 'confusion_matrix': [[0, 4], [1, 9]], 'auc': 0.55, 'roc_curve': {'fpr': [0.0, 0.0, 0.0, 0.5, 0.5, 1.0, 1.0], 'tpr': [0.0, 0.1, 0.5, 0.5, 0.6, 0.6, 1.0]}}, 'Italy': {'n': 17, 'accuracy': 0.5294117647058824, 'precision': 0.3333333333333333, 'recall': 1.0, 'sensitivity': 1.0, 'specificity': 0.38461538461538464, 'balanced_accuracy': 0.6923076923076923, 'f1': 0.5, 'confusion_matrix': [[5, 8], [0, 4]], 'auc': 0.673076923076923, 'roc_curve': {'fpr': [0.0, 0.0, 0.15384615384615385, 0.15384615384615385, 0.5384615384615384, 0.5384615384615384, 0.6153846153846154, 0.6153846153846154, 1.0], 'tpr': [0.0, 0.25, 0.25, 0.5, 0.5, 0.75, 0.75, 1.0, 1.0]}}}",convnext_base_forniceal_palpebral_new_way,"[0.8382242723387114, 0.7249881434602802, 0.6553505010345355, 0.6136176861873289, 0.5515951043894501, 0.4994231255687013, 0.6106239766085229, 0.517345492937127, 0.5069290985460995, 0.5150003940069756, 0.5079510978290013, 0.5881989444194197, 0.49177290428252446, 0.5782797606218428]","[1.009724497795105, 0.7975434064865112, 0.7936652898788452, 0.7611116766929626, 0.8174374103546143, 0.738477885723114, 0.7327661514282227, 0.7821393013000488, 0.7350066304206848, 0.7414160370826721, 0.7441661953926086, 0.7727524042129517, 0.7430278062820435, 0.7534556984901428]","[{'accuracy': 0.5483870967741935, 'f1': 0.0, 'sensitivity': 0.0, 'specificity': 1.0}, {'accuracy': 0.5806451612903226, 'f1': 0.6666666666666666, 'sensitivity': 0.9285714285714286, 'specificity': 0.29411764705882354}, {'accuracy': 0.5806451612903226, 'f1': 0.48, 'sensitivity': 0.42857142857142855, 'specificity': 0.7058823529411765}, {'accuracy': 0.5161290322580645, 'f1': 0.5161290322580645, 'sensitivity': 0.5714285714285714, 'specificity': 0.47058823529411764}, {'accuracy': 0.6451612903225806, 'f1': 0.5217391304347826, 'sensitivity': 0.42857142857142855, 'specificity': 0.8235294117647058}, {'accuracy': 0.5483870967741935, 'f1': 0.5333333333333333, 'sensitivity': 0.5714285714285714, 'specificity': 0.5294117647058824}, {'accuracy': 0.5161290322580645, 'f1': 0.5454545454545454, 'sensitivity': 0.6428571428571429, 'specificity': 0.4117647058823529}, {'accuracy': 0.6129032258064516, 'f1': 0.45454545454545453, 'sensitivity': 0.35714285714285715, 'specificity': 0.8235294117647058}, {'accuracy': 0.5806451612903226, 'f1': 0.5806451612903226, 'sensitivity': 0.6428571428571429, 'specificity': 0.5294117647058824}, {'accuracy': 0.5161290322580645, 'f1': 0.5454545454545454, 'sensitivity': 0.6428571428571429, 'specificity': 0.4117647058823529}, {'accuracy': 0.6129032258064516, 'f1': 0.5, 'sensitivity': 0.42857142857142855, 'specificity': 0.7647058823529411}, {'accuracy': 0.6129032258064516, 'f1': 0.5, 'sensitivity': 0.42857142857142855, 'specificity': 0.7647058823529411}, {'accuracy': 0.5483870967741935, 'f1': 0.5625, 'sensitivity': 0.6428571428571429, 'specificity': 0.47058823529411764}, {'accuracy': 0.6774193548387096, 'f1': 0.6153846153846154, 'sensitivity': 0.5714285714285714, 'specificity': 0.7647058823529411}]",COMPLETE
10,0.6842105263157895,2026-08-09 02:24:23.607428,2026-08-09 02:27:01.527298,0 days 00:02:37.919870,0.2,0.002173586595720061,0.0001537467136904321,"{'overall': {'n': 31, 'accuracy': 0.6129032258064516, 'precision': 0.5416666666666666, 'recall': 0.9285714285714286, 'sensitivity': 0.9285714285714286, 'specificity': 0.35294117647058826, 'balanced_accuracy': 0.6407563025210085, 'f1': 0.6842105263157895, 'confusion_matrix': [[6, 11], [1, 13]], 'auc': 0.6176470588235294, 'roc_curve': {'fpr': [0.0, 0.058823529411764705, 0.058823529411764705, 0.11764705882352941, 0.11764705882352941, 0.29411764705882354, 0.29411764705882354, 0.4117647058823529, 0.4117647058823529, 0.47058823529411764, 0.47058823529411764, 0.5294117647058824, 0.5294117647058824, 0.6470588235294118, 0.6470588235294118, 0.9411764705882353, 0.9411764705882353, 1.0], 'tpr': [0.0, 0.0, 0.07142857142857142, 0.07142857142857142, 0.2857142857142857, 0.2857142857142857, 0.42857142857142855, 0.42857142857142855, 0.5714285714285714, 0.5714285714285714, 0.7857142857142857, 0.7857142857142857, 0.8571428571428571, 0.8571428571428571, 0.9285714285714286, 0.9285714285714286, 1.0, 1.0]}}, 'India': {'n': 14, 'accuracy': 0.7857142857142857, 'precision': 0.8181818181818182, 'recall': 0.9, 'sensitivity': 0.9, 'specificity': 0.5, 'balanced_accuracy': 0.7, 'f1': 0.8571428571428571, 'confusion_matrix': [[2, 2], [1, 9]], 'auc': 0.725, 'roc_curve': {'fpr': [0.0, 0.0, 0.0, 0.25, 0.25, 0.5, 0.5, 1.0, 1.0], 'tpr': [0.0, 0.1, 0.4, 0.4, 0.7, 0.7, 0.9, 0.9, 1.0]}}, 'Italy': {'n': 17, 'accuracy': 0.47058823529411764, 'precision': 0.3076923076923077, 'recall': 1.0, 'sensitivity': 1.0, 'specificity': 0.3076923076923077, 'balanced_accuracy': 0.6538461538461539, 'f1': 0.47058823529411764, 'confusion_matrix': [[4, 9], [0, 4]], 'auc': 0.75, 'roc_curve': {'fpr': [0.0, 0.07692307692307693, 0.15384615384615385, 0.15384615384615385, 0.5384615384615384, 0.5384615384615384, 1.0], 'tpr': [0.0, 0.0, 0.0, 0.75, 0.75, 1.0, 1.0]}}}",convnext_base_forniceal_palpebral_new_way,"[0.8046313954048416, 0.755660010438387, 0.7183038243631117, 0.691873744231503, 0.6682351304560291, 0.6488806670214854, 0.6401391572692767, 0.5997355085651891, 0.603858794079346, 0.6289053281553748, 0.5996825646380989, 0.5863102378488398, 0.5843852417809623, 0.5607158286230904, 0.5589018131599945, 0.5378392932771825, 0.5644479280426389, 0.49515552463985624, 0.5284285662936515, 0.5330019568910405, 0.5041326783141311, 0.5172643714210614, 0.515093406446937, 0.4844747662138777, 0.5103943303328793, 0.4994835606237658, 0.504454665848998, 0.5073180176368376, 0.48733243163751094, 0.4669299827141016, 0.4963425584390861, 0.49383501637549626, 0.49481737329846337, 0.469826137938467, 0.4899143195476662, 0.5014758329002225, 0.4919335611012517, 0.4654591896501528, 0.4539782388680646, 0.4693962264628637, 0.47130394063028347, 0.46939172408207747, 0.4674531069337105, 0.474504541377632, 0.48055548144846544, 0.5038037391341462, 0.44323373672102584, 0.44337029136768, 0.42369213233999653, 0.41822281905582975, 0.42332395809848294, 0.4123285133011487, 0.4597663911832433]","[0.7949634194374084, 0.7804118394851685, 0.779414713382721, 0.7739710211753845, 0.7666929960250854, 0.776141345500946, 0.7657263278961182, 0.7765831351280212, 0.7869864106178284, 0.7620687484741211, 0.7596893310546875, 0.7676860094070435, 0.7689514756202698, 0.7476683259010315, 0.7536669969558716, 0.7594798803329468, 0.7488924264907837, 0.7302237749099731, 0.7330347299575806, 0.7458789944648743, 0.7314690947532654, 0.7297864556312561, 0.7359065413475037, 0.7256102561950684, 0.716752827167511, 0.716978132724762, 0.7283749580383301, 0.7532837986946106, 0.7383288145065308, 0.7132560610771179, 0.7130720019340515, 0.7133592963218689, 0.7080949544906616, 0.7062039375305176, 0.6983478665351868, 0.693152129650116, 0.693895161151886, 0.703997790813446, 0.6956585049629211, 0.6862090229988098, 0.6857513189315796, 0.6901588439941406, 0.7022407054901123, 0.7073866724967957, 0.6856359243392944, 0.6852115392684937, 0.7143539786338806, 0.6988511085510254, 0.6922954320907593, 0.6933417916297913, 0.7022500038146973, 0.7027971744537354, 0.7011740803718567]","[{'accuracy': 0.6129032258064516, 'f1': 0.6842105263157895, 'sensitivity': 0.9285714285714286, 'specificity': 0.35294117647058826}, {'accuracy': 0.5806451612903226, 'f1': 0.6285714285714286, 'sensitivity': 0.7857142857142857, 'specificity': 0.4117647058823529}, {'accuracy': 0.5161290322580645, 'f1': 0.4, 'sensitivity': 0.35714285714285715, 'specificity': 0.6470588235294118}, {'accuracy': 0.4838709677419355, 'f1': 0.38461538461538464, 'sensitivity': 0.35714285714285715, 'specificity': 0.5882352941176471}, {'accuracy': 0.5483870967741935, 'f1': 0.5, 'sensitivity': 0.5, 'specificity': 0.5882352941176471}, {'accuracy': 0.5161290322580645, 'f1': 0.4444444444444444, 'sensitivity': 0.42857142857142855, 'specificity': 0.5882352941176471}, {'accuracy': 0.5161290322580645, 'f1': 0.4444444444444444, 'sensitivity': 0.42857142857142855, 'specificity': 0.5882352941176471}, {'accuracy': 0.5161290322580645, 'f1': 0.4444444444444444, 'sensitivity': 0.42857142857142855, 'specificity': 0.5882352941176471}, {'accuracy': 0.5161290322580645, 'f1': 0.4444444444444444, 'sensitivity': 0.42857142857142855, 'specificity': 0.5882352941176471}, {'accuracy': 0.5483870967741935, 'f1': 0.5, 'sensitivity': 0.5, 'specificity': 0.5882352941176471}, {'accuracy': 0.5483870967741935, 'f1': 0.5, 'sensitivity': 0.5, 'specificity': 0.5882352941176471}, {'accuracy': 0.5161290322580645, 'f1': 0.4444444444444444, 'sensitivity': 0.42857142857142855, 'specificity': 0.5882352941176471}, {'accuracy': 0.5806451612903226, 'f1': 0.48, 'sensitivity': 0.42857142857142855, 'specificity': 0.7058823529411765}, {'accuracy': 0.5483870967741935, 'f1': 0.5, 'sensitivity': 0.5, 'specificity': 0.5882352941176471}, {'accuracy': 0.5806451612903226, 'f1': 0.5185185185185185, 'sensitivity': 0.5, 'specificity': 0.6470588235294118}, {'accuracy': 0.5806451612903226, 'f1': 0.48, 'sensitivity': 0.42857142857142855, 'specificity': 0.7058823529411765}, {'accuracy': 0.5806451612903226, 'f1': 0.48, 'sensitivity': 0.42857142857142855, 'specificity': 0.7058823529411765}, {'accuracy': 0.5483870967741935, 'f1': 0.5, 'sensitivity': 0.5, 'specificity': 0.5882352941176471}, {'accuracy': 0.5806451612903226, 'f1': 0.5185185185185185, 'sensitivity': 0.5, 'specificity': 0.6470588235294118}, {'accuracy': 0.5806451612903226, 'f1': 0.48, 'sensitivity': 0.42857142857142855, 'specificity': 0.7058823529411765}, {'accuracy': 0.5806451612903226, 'f1': 0.5185185185185185, 'sensitivity': 0.5, 'specificity': 0.6470588235294118}, {'accuracy': 0.5806451612903226, 'f1': 0.5185185185185185, 'sensitivity': 0.5, 'specificity': 0.6470588235294118}, {'accuracy': 0.5806451612903226, 'f1': 0.48, 'sensitivity': 0.42857142857142855, 'specificity': 0.7058823529411765}, {'accuracy': 0.5806451612903226, 'f1': 0.5185185185185185, 'sensitivity': 0.5, 'specificity': 0.6470588235294118}, {'accuracy': 0.5806451612903226, 'f1': 0.5517241379310345, 'sensitivity': 0.5714285714285714, 'specificity': 0.5882352941176471}, {'accuracy': 0.5161290322580645, 'f1': 0.5161290322580645, 'sensitivity': 0.5714285714285714, 'specificity': 0.47058823529411764}, {'accuracy': 0.5806451612903226, 'f1': 0.48, 'sensitivity': 0.42857142857142855, 'specificity': 0.7058823529411765}, {'accuracy': 0.6129032258064516, 'f1': 0.5, 'sensitivity': 0.42857142857142855, 'specificity': 0.7647058823529411}, {'accuracy': 0.6129032258064516, 'f1': 0.5, 'sensitivity': 0.42857142857142855, 'specificity': 0.7647058823529411}, {'accuracy': 0.6129032258064516, 'f1': 0.5714285714285714, 'sensitivity': 0.5714285714285714, 'specificity': 0.6470588235294118}, {'accuracy': 0.6129032258064516, 'f1': 0.5714285714285714, 'sensitivity': 0.5714285714285714, 'specificity': 0.6470588235294118}, {'accuracy': 0.6774193548387096, 'f1': 0.6153846153846154, 'sensitivity': 0.5714285714285714, 'specificity': 0.7647058823529411}, {'accuracy': 0.6774193548387096, 'f1': 0.6153846153846154, 'sensitivity': 0.5714285714285714, 'specificity': 0.7647058823529411}, {'accuracy': 0.6774193548387096, 'f1': 0.6153846153846154, 'sensitivity': 0.5714285714285714, 'specificity': 0.7647058823529411}, {'accuracy': 0.6451612903225806, 'f1': 0.5925925925925926, 'sensitivity': 0.5714285714285714, 'specificity': 0.7058823529411765}, {'accuracy': 0.6451612903225806, 'f1': 0.5925925925925926, 'sensitivity': 0.5714285714285714, 'specificity': 0.7058823529411765}, {'accuracy': 0.6774193548387096, 'f1': 0.6153846153846154, 'sensitivity': 0.5714285714285714, 'specificity': 0.7647058823529411}, {'accuracy': 0.6451612903225806, 'f1': 0.56, 'sensitivity': 0.5, 'specificity': 0.7647058823529411}, {'accuracy': 0.6774193548387096, 'f1': 0.6153846153846154, 'sensitivity': 0.5714285714285714, 'specificity': 0.7647058823529411}, {'accuracy': 0.6129032258064516, 'f1': 0.5714285714285714, 'sensitivity': 0.5714285714285714, 'specificity': 0.6470588235294118}, {'accuracy': 0.6129032258064516, 'f1': 0.5714285714285714, 'sensitivity': 0.5714285714285714, 'specificity': 0.6470588235294118}, {'accuracy': 0.6774193548387096, 'f1': 0.6153846153846154, 'sensitivity': 0.5714285714285714, 'specificity': 0.7647058823529411}, {'accuracy': 0.6451612903225806, 'f1': 0.56, 'sensitivity': 0.5, 'specificity': 0.7647058823529411}, {'accuracy': 0.6129032258064516, 'f1': 0.5, 'sensitivity': 0.42857142857142855, 'specificity': 0.7647058823529411}, {'accuracy': 0.6129032258064516, 'f1': 0.6, 'sensitivity': 0.6428571428571429, 'specificity': 0.5882352941176471}, {'accuracy': 0.6451612903225806, 'f1': 0.5925925925925926, 'sensitivity': 0.5714285714285714, 'specificity': 0.7058823529411765}, {'accuracy': 0.6451612903225806, 'f1': 0.56, 'sensitivity': 0.5, 'specificity': 0.7647058823529411}, {'accuracy': 0.6451612903225806, 'f1': 0.56, 'sensitivity': 0.5, 'specificity': 0.7647058823529411}, {'accuracy': 0.6774193548387096, 'f1': 0.6153846153846154, 'sensitivity': 0.5714285714285714, 'specificity': 0.7647058823529411}, {'accuracy': 0.6774193548387096, 'f1': 0.6153846153846154, 'sensitivity': 0.5714285714285714, 'specificity': 0.7647058823529411}, {'accuracy': 0.6451612903225806, 'f1': 0.56, 'sensitivity': 0.5, 'specificity': 0.7647058823529411}, {'accuracy': 0.6451612903225806, 'f1': 0.56, 'sensitivity': 0.5, 'specificity': 0.7647058823529411}, {'accuracy': 0.6451612903225806, 'f1': 0.56, 'sensitivity': 0.5, 'specificity': 0.7647058823529411}]",COMPLETE
11,0.6842105263157895,2026-08-09 02:27:01.527686,2026-08-09 02:27:44.260578,0 days 00:00:42.732892,0.5,0.07812837862824294,4.0531927535428565e-06,"{'overall': {'n': 31, 'accuracy': 0.6129032258064516, 'precision': 0.5416666666666666, 'recall': 0.9285714285714286, 'sensitivity': 0.9285714285714286, 'specificity': 0.35294117647058826, 'balanced_accuracy': 0.6407563025210085, 'f1': 0.6842105263157895, 'confusion_matrix': [[6, 11], [1, 13]], 'auc': 0.73109243697479, 'roc_curve': {'fpr': [0.0, 0.0, 0.0, 0.058823529411764705, 0.058823529411764705, 0.17647058823529413, 0.17647058823529413, 0.29411764705882354, 0.29411764705882354, 0.35294117647058826, 0.35294117647058826, 0.4117647058823529, 0.4117647058823529, 0.5294117647058824, 0.5294117647058824, 0.7058823529411765, 0.7058823529411765, 1.0], 'tpr': [0.0, 0.07142857142857142, 0.21428571428571427, 0.21428571428571427, 0.2857142857142857, 0.2857142857142857, 0.35714285714285715, 0.35714285714285715, 0.6428571428571429, 0.6428571428571429, 0.7857142857142857, 0.7857142857142857, 0.8571428571428571, 0.8571428571428571, 0.9285714285714286, 0.9285714285714286, 1.0, 1.0]}}, 'India': {'n': 14, 'accuracy': 0.6428571428571429, 'precision': 0.6923076923076923, 'recall': 0.9, 'sensitivity': 0.9, 'specificity': 0.0, 'balanced_accuracy': 0.45, 'f1': 0.782608695652174, 'confusion_matrix': [[0, 4], [1, 9]], 'auc': 0.5, 'roc_curve': {'fpr': [0.0, 0.0, 0.0, 0.5, 0.5, 0.75, 0.75, 1.0, 1.0], 'tpr': [0.0, 0.1, 0.3, 0.3, 0.5, 0.5, 0.9, 0.9, 1.0]}}, 'Italy': {'n': 17, 'accuracy': 0.5882352941176471, 'precision': 0.36363636363636365, 'recall': 1.0, 'sensitivity': 1.0, 'specificity': 0.46153846153846156, 'balanced_accuracy': 0.7307692307692308, 'f1': 0.5333333333333333, 'confusion_matrix': [[6, 7], [0, 4]], 'auc': 0.846153846153846, 'roc_curve': {'fpr': [0.0, 0.0, 0.15384615384615385, 0.15384615384615385, 0.23076923076923078, 0.23076923076923078, 1.0], 'tpr': [0.0, 0.25, 0.25, 0.5, 0.5, 1.0, 1.0]}}}",convnext_base_forniceal_palpebral_new_way,"[1.7716886267370107, 2.1715978242102123, 2.1439888169165373, 1.6787444645044756, 1.1974345178020245, 1.1176471207417598, 0.9700474394422, 1.0720351950651934, 1.071792056365889, 0.790489616037226, 1.480131782642027, 1.0337653752086924, 1.0375506869789695, 1.0367304346188395]","[2.8461740016937256, 4.177666187286377, 1.7124502658843994, 2.6371572017669678, 1.388363003730774, 1.2629978656768799, 1.1502577066421509, 1.4689985513687134, 1.2812080383300781, 3.0486316680908203, 1.7577019929885864, 2.362467050552368, 1.5661598443984985, 1.623133897781372]","[{'accuracy': 0.45161290322580644, 'f1': 0.6222222222222222, 'sensitivity': 1.0, 'specificity': 0.0}, {'accuracy': 0.6129032258064516, 'f1': 0.25, 'sensitivity': 0.14285714285714285, 'specificity': 1.0}, {'accuracy': 0.5806451612903226, 'f1': 0.6060606060606061, 'sensitivity': 0.7142857142857143, 'specificity': 0.47058823529411764}, {'accuracy': 0.6451612903225806, 'f1': 0.42105263157894735, 'sensitivity': 0.2857142857142857, 'specificity': 0.9411764705882353}, {'accuracy': 0.5483870967741935, 'f1': 0.5882352941176471, 'sensitivity': 0.7142857142857143, 'specificity': 0.4117647058823529}, {'accuracy': 0.6129032258064516, 'f1': 0.5384615384615384, 'sensitivity': 0.5, 'specificity': 0.7058823529411765}, {'accuracy': 0.6129032258064516, 'f1': 0.625, 'sensitivity': 0.7142857142857143, 'specificity': 0.5294117647058824}, {'accuracy': 0.6451612903225806, 'f1': 0.42105263157894735, 'sensitivity': 0.2857142857142857, 'specificity': 0.9411764705882353}, {'accuracy': 0.6129032258064516, 'f1': 0.6842105263157895, 'sensitivity': 0.9285714285714286, 'specificity': 0.35294117647058826}, {'accuracy': 0.6129032258064516, 'f1': 0.25, 'sensitivity': 0.14285714285714285, 'specificity': 1.0}, {'accuracy': 0.5806451612903226, 'f1': 0.6829268292682927, 'sensitivity': 1.0, 'specificity': 0.23529411764705882}, {'accuracy': 0.6129032258064516, 'f1': 0.3333333333333333, 'sensitivity': 0.21428571428571427, 'specificity': 0.9411764705882353}, {'accuracy': 0.6129032258064516, 'f1': 0.6842105263157895, 'sensitivity': 0.9285714285714286, 'specificity': 0.35294117647058826}, {'accuracy': 0.6451612903225806, 'f1': 0.5217391304347826, 'sensitivity': 0.42857142857142855, 'specificity': 0.8235294117647058}]",COMPLETE
