number,value,datetime_start,datetime_complete,duration,params_dropout_rate,params_learning_rate,params_weight_decay,user_attrs_best_val_metrics,user_attrs_model_name,user_attrs_train_loss_history,user_attrs_val_loss_history,user_attrs_val_overall_metrics_history,state
3,0.6451612903225806,2026-08-08 22:09:29.114924,2026-08-08 22:09:53.404154,0 days 00:00:24.289230,0.5,0.03142880890840111,4.335281794951567e-06,"{'overall': {'n': 31, 'accuracy': 0.6451612903225806, 'precision': 0.5882352941176471, 'recall': 0.7142857142857143, 'sensitivity': 0.7142857142857143, 'specificity': 0.5882352941176471, 'balanced_accuracy': 0.6512605042016807, 'f1': 0.6451612903225806, 'confusion_matrix': [[10, 7], [4, 10]], 'auc': 0.6764705882352942, 'roc_curve': {'fpr': [0.0, 0.0, 0.0, 0.11764705882352941, 0.11764705882352941, 0.17647058823529413, 0.17647058823529413, 0.35294117647058826, 0.35294117647058826, 0.7058823529411765, 0.7058823529411765, 0.7647058823529411, 0.7647058823529411, 0.8235294117647058, 0.8235294117647058, 0.9411764705882353, 0.9411764705882353, 1.0], 'tpr': [0.0, 0.07142857142857142, 0.2857142857142857, 0.2857142857142857, 0.42857142857142855, 0.42857142857142855, 0.5714285714285714, 0.5714285714285714, 0.7142857142857143, 0.7142857142857143, 0.7857142857142857, 0.7857142857142857, 0.8571428571428571, 0.8571428571428571, 0.9285714285714286, 0.9285714285714286, 1.0, 1.0]}}, 'India': {'n': 14, 'accuracy': 0.5714285714285714, 'precision': 0.7, 'recall': 0.7, 'sensitivity': 0.7, 'specificity': 0.25, 'balanced_accuracy': 0.475, 'f1': 0.7, 'confusion_matrix': [[1, 3], [3, 7]], 'auc': 0.45, 'roc_curve': {'fpr': [0.0, 0.0, 0.0, 0.25, 0.25, 0.5, 0.5, 0.75, 0.75, 1.0, 1.0], 'tpr': [0.0, 0.1, 0.2, 0.2, 0.4, 0.4, 0.5, 0.5, 0.7, 0.7, 1.0]}}, 'Italy': {'n': 17, 'accuracy': 0.7058823529411765, 'precision': 0.42857142857142855, 'recall': 0.75, 'sensitivity': 0.75, 'specificity': 0.6923076923076923, 'balanced_accuracy': 0.7211538461538461, 'f1': 0.5454545454545454, 'confusion_matrix': [[9, 4], [1, 3]], 'auc': 0.826923076923077, 'roc_curve': {'fpr': [0.0, 0.0, 0.0, 0.07692307692307693, 0.07692307692307693, 0.6153846153846154, 0.6153846153846154, 1.0], 'tpr': [0.0, 0.25, 0.5, 0.5, 0.75, 0.75, 1.0, 1.0]}}}",efficientnet_b4_forniceal_palpebral_new_way,"[0.7537978871339033, 0.5589121494974408, 0.5829676276161557, 0.5263439161436898, 0.5572429390586152, 0.6374066810624129, 0.450264704065258, 0.5469325774786423, 0.5554759498356151, 0.43417435803380955, 0.5615638737775841, 0.46302457468039326, 0.5070374283660837, 0.515102509130426, 0.5099290564757626, 0.4867124529111953, 0.45299605406871457, 0.5023719998849493, 0.48154290273886957, 0.503968285358682, 0.4742127060890198]","[0.9159592390060425, 0.9505839347839355, 0.8144690990447998, 0.8814305663108826, 0.8901796936988831, 0.879257321357727, 0.9353849291801453, 0.8452466130256653, 0.8086298704147339, 0.7866424918174744, 0.7678375840187073, 0.7713934183120728, 0.7804683446884155, 0.7214467525482178, 0.7309539318084717, 0.8234678506851196, 0.8590776920318604, 0.9776797890663147, 0.9540448784828186, 0.9519947171211243, 0.8679144978523254]","[{'accuracy': 0.5161290322580645, 'f1': 0.0, 'sensitivity': 0.0, 'specificity': 0.9411764705882353}, {'accuracy': 0.5483870967741935, 'f1': 0.125, 'sensitivity': 0.07142857142857142, 'specificity': 0.9411764705882353}, {'accuracy': 0.5806451612903226, 'f1': 0.5806451612903226, 'sensitivity': 0.6428571428571429, 'specificity': 0.5294117647058824}, {'accuracy': 0.5161290322580645, 'f1': 0.5714285714285714, 'sensitivity': 0.7142857142857143, 'specificity': 0.35294117647058826}, {'accuracy': 0.45161290322580644, 'f1': 0.48484848484848486, 'sensitivity': 0.5714285714285714, 'specificity': 0.35294117647058826}, {'accuracy': 0.6129032258064516, 'f1': 0.6, 'sensitivity': 0.6428571428571429, 'specificity': 0.5882352941176471}, {'accuracy': 0.5806451612903226, 'f1': 0.6060606060606061, 'sensitivity': 0.7142857142857143, 'specificity': 0.47058823529411764}, {'accuracy': 0.6451612903225806, 'f1': 0.6451612903225806, 'sensitivity': 0.7142857142857143, 'specificity': 0.5882352941176471}, {'accuracy': 0.5806451612903226, 'f1': 0.5517241379310345, 'sensitivity': 0.5714285714285714, 'specificity': 0.5882352941176471}, {'accuracy': 0.6129032258064516, 'f1': 0.5714285714285714, 'sensitivity': 0.5714285714285714, 'specificity': 0.6470588235294118}, {'accuracy': 0.6129032258064516, 'f1': 0.5384615384615384, 'sensitivity': 0.5, 'specificity': 0.7058823529411765}, {'accuracy': 0.6451612903225806, 'f1': 0.5217391304347826, 'sensitivity': 0.42857142857142855, 'specificity': 0.8235294117647058}, {'accuracy': 0.6451612903225806, 'f1': 0.5217391304347826, 'sensitivity': 0.42857142857142855, 'specificity': 0.8235294117647058}, {'accuracy': 0.6774193548387096, 'f1': 0.6153846153846154, 'sensitivity': 0.5714285714285714, 'specificity': 0.7647058823529411}, {'accuracy': 0.7096774193548387, 'f1': 0.64, 'sensitivity': 0.5714285714285714, 'specificity': 0.8235294117647058}, {'accuracy': 0.7096774193548387, 'f1': 0.64, 'sensitivity': 0.5714285714285714, 'specificity': 0.8235294117647058}, {'accuracy': 0.7096774193548387, 'f1': 0.64, 'sensitivity': 0.5714285714285714, 'specificity': 0.8235294117647058}, {'accuracy': 0.7096774193548387, 'f1': 0.6086956521739131, 'sensitivity': 0.5, 'specificity': 0.8823529411764706}, {'accuracy': 0.6774193548387096, 'f1': 0.5833333333333334, 'sensitivity': 0.5, 'specificity': 0.8235294117647058}, {'accuracy': 0.6774193548387096, 'f1': 0.5833333333333334, 'sensitivity': 0.5, 'specificity': 0.8235294117647058}, {'accuracy': 0.7096774193548387, 'f1': 0.64, 'sensitivity': 0.5714285714285714, 'specificity': 0.8235294117647058}]",COMPLETE
4,0.7857142857142857,2026-08-08 22:09:53.404540,2026-08-08 22:11:17.756857,0 days 00:01:24.352317,0.2,0.0008179499475211679,3.752055855124284e-05,"{'overall': {'n': 31, 'accuracy': 0.8064516129032258, 'precision': 0.7857142857142857, 'recall': 0.7857142857142857, 'sensitivity': 0.7857142857142857, 'specificity': 0.8235294117647058, 'balanced_accuracy': 0.8046218487394958, 'f1': 0.7857142857142857, 'confusion_matrix': [[14, 3], [3, 11]], 'auc': 0.8025210084033613, 'roc_curve': {'fpr': [0.0, 0.058823529411764705, 0.058823529411764705, 0.11764705882352941, 0.11764705882352941, 0.17647058823529413, 0.17647058823529413, 0.29411764705882354, 0.29411764705882354, 0.7058823529411765, 0.7058823529411765, 1.0], 'tpr': [0.0, 0.0, 0.5, 0.5, 0.5714285714285714, 0.5714285714285714, 0.7857142857142857, 0.7857142857142857, 0.8571428571428571, 0.8571428571428571, 1.0, 1.0]}}, 'India': {'n': 14, 'accuracy': 0.6428571428571429, 'precision': 0.7777777777777778, 'recall': 0.7, 'sensitivity': 0.7, 'specificity': 0.5, 'balanced_accuracy': 0.6, 'f1': 0.7368421052631579, 'confusion_matrix': [[2, 2], [3, 7]], 'auc': 0.475, 'roc_curve': {'fpr': [0.0, 0.25, 0.25, 0.5, 0.5, 0.75, 0.75, 1.0, 1.0], 'tpr': [0.0, 0.0, 0.4, 0.4, 0.7, 0.7, 0.8, 0.8, 1.0]}}, 'Italy': {'n': 17, 'accuracy': 0.9411764705882353, 'precision': 0.8, 'recall': 1.0, 'sensitivity': 1.0, 'specificity': 0.9230769230769231, 'balanced_accuracy': 0.9615384615384616, 'f1': 0.8888888888888888, 'confusion_matrix': [[12, 1], [0, 4]], 'auc': 0.9807692307692308, 'roc_curve': {'fpr': [0.0, 0.0, 0.0, 0.07692307692307693, 0.07692307692307693, 1.0], 'tpr': [0.0, 0.25, 0.75, 0.75, 1.0, 1.0]}}}",efficientnet_b4_forniceal_palpebral_new_way,"[0.8009312302887845, 0.7901085079932699, 0.782732616881935, 0.7779517834689341, 0.7648650338860596, 0.765400792465729, 0.7412820653039582, 0.7365151854599414, 0.734919815241885, 0.7265112842021345, 0.7147662505811575, 0.7011315331978052, 0.7023278681599364, 0.6963181288874879, 0.6837007456085309, 0.6739700533905808, 0.69321733388771, 0.6635365429378691, 0.6724288690657843, 0.660672512184195, 0.6763039044782418, 0.6538717316932419, 0.660450071704631, 0.6365183226916254, 0.6410742069588227, 0.6562090702608329, 0.6218416301571593, 0.6295576979513882, 0.6234291937886453, 0.6284488626077872, 0.618550219097916, 0.6081969985345594, 0.6138617627474726, 0.5779472528671732, 0.5833133483419612, 0.6140374703472163, 0.5808374192438969, 0.5849199619422965, 0.5959923940450966, 0.6247361383470548, 0.5969127578800227, 0.5798186132697021, 0.5588625020721332, 0.5736737312102804, 0.5895634759851054, 0.5696444272184048, 0.5797735355338272, 0.575301409173174, 0.5629898358364495, 0.5454029063789212, 0.5682664375726868, 0.5357060254025622, 0.560673329700418, 0.5468130010325892, 0.5295256947984501, 0.5340783859596772, 0.5556692631066251, 0.5532634087971279, 0.5392086266660366, 0.5632619792912282, 0.5317125673196754, 0.5376329896401386, 0.5224949255281565, 0.5576401358964492, 0.5126813938017605, 0.539988073767448, 0.5150487672309486, 0.5394311782454146, 0.5301435018072322, 0.5398454633699793, 0.5448629264117909, 0.5059759837835014, 0.5288753789298388]","[0.8076639175415039, 0.8119326829910278, 0.8137189745903015, 0.8097727298736572, 0.7967132925987244, 0.7868072390556335, 0.7804126143455505, 0.775078535079956, 0.773392915725708, 0.7731800079345703, 0.7697768807411194, 0.7610415816307068, 0.7551466226577759, 0.7514339089393616, 0.7471451163291931, 0.744948148727417, 0.7432894110679626, 0.7399530410766602, 0.7333353161811829, 0.728916585445404, 0.7292332053184509, 0.7263312339782715, 0.7226380109786987, 0.72532057762146, 0.7229068279266357, 0.7204596400260925, 0.7158790826797485, 0.7191098928451538, 0.719194233417511, 0.7143552899360657, 0.7137667536735535, 0.7104631662368774, 0.713232159614563, 0.7123553156852722, 0.7088967561721802, 0.7052180171012878, 0.7091522216796875, 0.7100872993469238, 0.7041028141975403, 0.7065775990486145, 0.7031599283218384, 0.7097722887992859, 0.7043669819831848, 0.7082808613777161, 0.7045120596885681, 0.7005391120910645, 0.695400059223175, 0.695961594581604, 0.6951681971549988, 0.6960382461547852, 0.6919105052947998, 0.6924216747283936, 0.6929711103439331, 0.6899992227554321, 0.6894603371620178, 0.6892249584197998, 0.6915450096130371, 0.684029221534729, 0.6873533129692078, 0.6782431602478027, 0.6845384240150452, 0.6777356863021851, 0.6840975284576416, 0.6782840490341187, 0.6740351915359497, 0.6695414781570435, 0.6751519441604614, 0.6755536794662476, 0.6833464503288269, 0.6840603351593018, 0.6864537596702576, 0.6762384176254272, 0.6763143539428711]","[{'accuracy': 0.4838709677419355, 'f1': 0.5294117647058824, 'sensitivity': 0.6428571428571429, 'specificity': 0.35294117647058826}, {'accuracy': 0.41935483870967744, 'f1': 0.4375, 'sensitivity': 0.5, 'specificity': 0.35294117647058826}, {'accuracy': 0.3870967741935484, 'f1': 0.09523809523809523, 'sensitivity': 0.07142857142857142, 'specificity': 0.6470588235294118}, {'accuracy': 0.5161290322580645, 'f1': 0.4827586206896552, 'sensitivity': 0.5, 'specificity': 0.5294117647058824}, {'accuracy': 0.5806451612903226, 'f1': 0.6666666666666666, 'sensitivity': 0.9285714285714286, 'specificity': 0.29411764705882354}, {'accuracy': 0.5483870967741935, 'f1': 0.65, 'sensitivity': 0.9285714285714286, 'specificity': 0.23529411764705882}, {'accuracy': 0.6129032258064516, 'f1': 0.6666666666666666, 'sensitivity': 0.8571428571428571, 'specificity': 0.4117647058823529}, {'accuracy': 0.6774193548387096, 'f1': 0.7058823529411765, 'sensitivity': 0.8571428571428571, 'specificity': 0.5294117647058824}, {'accuracy': 0.6451612903225806, 'f1': 0.6857142857142857, 'sensitivity': 0.8571428571428571, 'specificity': 0.47058823529411764}, {'accuracy': 0.6129032258064516, 'f1': 0.6470588235294118, 'sensitivity': 0.7857142857142857, 'specificity': 0.47058823529411764}, {'accuracy': 0.7096774193548387, 'f1': 0.7096774193548387, 'sensitivity': 0.7857142857142857, 'specificity': 0.6470588235294118}, {'accuracy': 0.7741935483870968, 'f1': 0.7586206896551724, 'sensitivity': 0.7857142857142857, 'specificity': 0.7647058823529411}, {'accuracy': 0.7096774193548387, 'f1': 0.6896551724137931, 'sensitivity': 0.7142857142857143, 'specificity': 0.7058823529411765}, {'accuracy': 0.7419354838709677, 'f1': 0.7142857142857143, 'sensitivity': 0.7142857142857143, 'specificity': 0.7647058823529411}, {'accuracy': 0.7419354838709677, 'f1': 0.7142857142857143, 'sensitivity': 0.7142857142857143, 'specificity': 0.7647058823529411}, {'accuracy': 0.7741935483870968, 'f1': 0.7586206896551724, 'sensitivity': 0.7857142857142857, 'specificity': 0.7647058823529411}, {'accuracy': 0.7741935483870968, 'f1': 0.7586206896551724, 'sensitivity': 0.7857142857142857, 'specificity': 0.7647058823529411}, {'accuracy': 0.8064516129032258, 'f1': 0.7857142857142857, 'sensitivity': 0.7857142857142857, 'specificity': 0.8235294117647058}, {'accuracy': 0.8064516129032258, 'f1': 0.7857142857142857, 'sensitivity': 0.7857142857142857, 'specificity': 0.8235294117647058}, {'accuracy': 0.8064516129032258, 'f1': 0.7857142857142857, 'sensitivity': 0.7857142857142857, 'specificity': 0.8235294117647058}, {'accuracy': 0.8064516129032258, 'f1': 0.7857142857142857, 'sensitivity': 0.7857142857142857, 'specificity': 0.8235294117647058}, {'accuracy': 0.8064516129032258, 'f1': 0.7857142857142857, 'sensitivity': 0.7857142857142857, 'specificity': 0.8235294117647058}, {'accuracy': 0.7741935483870968, 'f1': 0.7407407407407407, 'sensitivity': 0.7142857142857143, 'specificity': 0.8235294117647058}, {'accuracy': 0.8064516129032258, 'f1': 0.7857142857142857, 'sensitivity': 0.7857142857142857, 'specificity': 0.8235294117647058}, {'accuracy': 0.7741935483870968, 'f1': 0.7407407407407407, 'sensitivity': 0.7142857142857143, 'specificity': 0.8235294117647058}, {'accuracy': 0.7741935483870968, 'f1': 0.7407407407407407, 'sensitivity': 0.7142857142857143, 'specificity': 0.8235294117647058}, {'accuracy': 0.7419354838709677, 'f1': 0.6923076923076923, 'sensitivity': 0.6428571428571429, 'specificity': 0.8235294117647058}, {'accuracy': 0.7419354838709677, 'f1': 0.6923076923076923, 'sensitivity': 0.6428571428571429, 'specificity': 0.8235294117647058}, {'accuracy': 0.7419354838709677, 'f1': 0.6923076923076923, 'sensitivity': 0.6428571428571429, 'specificity': 0.8235294117647058}, {'accuracy': 0.7741935483870968, 'f1': 0.7407407407407407, 'sensitivity': 0.7142857142857143, 'specificity': 0.8235294117647058}, {'accuracy': 0.7419354838709677, 'f1': 0.6923076923076923, 'sensitivity': 0.6428571428571429, 'specificity': 0.8235294117647058}, {'accuracy': 0.8064516129032258, 'f1': 0.7857142857142857, 'sensitivity': 0.7857142857142857, 'specificity': 0.8235294117647058}, {'accuracy': 0.7741935483870968, 'f1': 0.7407407407407407, 'sensitivity': 0.7142857142857143, 'specificity': 0.8235294117647058}, {'accuracy': 0.7741935483870968, 'f1': 0.7407407407407407, 'sensitivity': 0.7142857142857143, 'specificity': 0.8235294117647058}, {'accuracy': 0.7741935483870968, 'f1': 0.7407407407407407, 'sensitivity': 0.7142857142857143, 'specificity': 0.8235294117647058}, {'accuracy': 0.8064516129032258, 'f1': 0.7857142857142857, 'sensitivity': 0.7857142857142857, 'specificity': 0.8235294117647058}, {'accuracy': 0.8064516129032258, 'f1': 0.7857142857142857, 'sensitivity': 0.7857142857142857, 'specificity': 0.8235294117647058}, {'accuracy': 0.7741935483870968, 'f1': 0.7407407407407407, 'sensitivity': 0.7142857142857143, 'specificity': 0.8235294117647058}, {'accuracy': 0.7741935483870968, 'f1': 0.7407407407407407, 'sensitivity': 0.7142857142857143, 'specificity': 0.8235294117647058}, {'accuracy': 0.7741935483870968, 'f1': 0.7407407407407407, 'sensitivity': 0.7142857142857143, 'specificity': 0.8235294117647058}, {'accuracy': 0.7741935483870968, 'f1': 0.7407407407407407, 'sensitivity': 0.7142857142857143, 'specificity': 0.8235294117647058}, {'accuracy': 0.7419354838709677, 'f1': 0.6923076923076923, 'sensitivity': 0.6428571428571429, 'specificity': 0.8235294117647058}, {'accuracy': 0.7419354838709677, 'f1': 0.6923076923076923, 'sensitivity': 0.6428571428571429, 'specificity': 0.8235294117647058}, {'accuracy': 0.7096774193548387, 'f1': 0.64, 'sensitivity': 0.5714285714285714, 'specificity': 0.8235294117647058}, {'accuracy': 0.7419354838709677, 'f1': 0.6923076923076923, 'sensitivity': 0.6428571428571429, 'specificity': 0.8235294117647058}, {'accuracy': 0.7419354838709677, 'f1': 0.6923076923076923, 'sensitivity': 0.6428571428571429, 'specificity': 0.8235294117647058}, {'accuracy': 0.7419354838709677, 'f1': 0.6923076923076923, 'sensitivity': 0.6428571428571429, 'specificity': 0.8235294117647058}, {'accuracy': 0.7096774193548387, 'f1': 0.64, 'sensitivity': 0.5714285714285714, 'specificity': 0.8235294117647058}, {'accuracy': 0.7419354838709677, 'f1': 0.6923076923076923, 'sensitivity': 0.6428571428571429, 'specificity': 0.8235294117647058}, {'accuracy': 0.7419354838709677, 'f1': 0.6923076923076923, 'sensitivity': 0.6428571428571429, 'specificity': 0.8235294117647058}, {'accuracy': 0.7741935483870968, 'f1': 0.7407407407407407, 'sensitivity': 0.7142857142857143, 'specificity': 0.8235294117647058}, {'accuracy': 0.7419354838709677, 'f1': 0.6923076923076923, 'sensitivity': 0.6428571428571429, 'specificity': 0.8235294117647058}, {'accuracy': 0.7419354838709677, 'f1': 0.6923076923076923, 'sensitivity': 0.6428571428571429, 'specificity': 0.8235294117647058}, {'accuracy': 0.7419354838709677, 'f1': 0.6923076923076923, 'sensitivity': 0.6428571428571429, 'specificity': 0.8235294117647058}, {'accuracy': 0.7419354838709677, 'f1': 0.6923076923076923, 'sensitivity': 0.6428571428571429, 'specificity': 0.8235294117647058}, {'accuracy': 0.7419354838709677, 'f1': 0.6923076923076923, 'sensitivity': 0.6428571428571429, 'specificity': 0.8235294117647058}, {'accuracy': 0.7096774193548387, 'f1': 0.64, 'sensitivity': 0.5714285714285714, 'specificity': 0.8235294117647058}, {'accuracy': 0.7419354838709677, 'f1': 0.6923076923076923, 'sensitivity': 0.6428571428571429, 'specificity': 0.8235294117647058}, {'accuracy': 0.7419354838709677, 'f1': 0.6923076923076923, 'sensitivity': 0.6428571428571429, 'specificity': 0.8235294117647058}, {'accuracy': 0.7419354838709677, 'f1': 0.6923076923076923, 'sensitivity': 0.6428571428571429, 'specificity': 0.8235294117647058}, {'accuracy': 0.7419354838709677, 'f1': 0.6923076923076923, 'sensitivity': 0.6428571428571429, 'specificity': 0.8235294117647058}, {'accuracy': 0.7419354838709677, 'f1': 0.6923076923076923, 'sensitivity': 0.6428571428571429, 'specificity': 0.8235294117647058}, {'accuracy': 0.7419354838709677, 'f1': 0.6923076923076923, 'sensitivity': 0.6428571428571429, 'specificity': 0.8235294117647058}, {'accuracy': 0.7741935483870968, 'f1': 0.7407407407407407, 'sensitivity': 0.7142857142857143, 'specificity': 0.8235294117647058}, {'accuracy': 0.7419354838709677, 'f1': 0.6923076923076923, 'sensitivity': 0.6428571428571429, 'specificity': 0.8235294117647058}, {'accuracy': 0.7419354838709677, 'f1': 0.6923076923076923, 'sensitivity': 0.6428571428571429, 'specificity': 0.8235294117647058}, {'accuracy': 0.7741935483870968, 'f1': 0.7407407407407407, 'sensitivity': 0.7142857142857143, 'specificity': 0.8235294117647058}, {'accuracy': 0.7096774193548387, 'f1': 0.64, 'sensitivity': 0.5714285714285714, 'specificity': 0.8235294117647058}, {'accuracy': 0.7419354838709677, 'f1': 0.6923076923076923, 'sensitivity': 0.6428571428571429, 'specificity': 0.8235294117647058}, {'accuracy': 0.7096774193548387, 'f1': 0.64, 'sensitivity': 0.5714285714285714, 'specificity': 0.8235294117647058}, {'accuracy': 0.7096774193548387, 'f1': 0.64, 'sensitivity': 0.5714285714285714, 'specificity': 0.8235294117647058}, {'accuracy': 0.6774193548387096, 'f1': 0.5833333333333334, 'sensitivity': 0.5, 'specificity': 0.8235294117647058}, {'accuracy': 0.7096774193548387, 'f1': 0.64, 'sensitivity': 0.5714285714285714, 'specificity': 0.8235294117647058}]",COMPLETE
