number,value,datetime_start,datetime_complete,duration,params_dropout_rate,params_learning_rate,params_weight_decay,user_attrs_best_val_metrics,user_attrs_model_name,user_attrs_train_loss_history,user_attrs_val_loss_history,user_attrs_val_overall_metrics_history,state
1,0.8484848484848485,2026-08-08 21:50:44.945996,2026-08-08 21:52:34.349259,0 days 00:01:49.403263,0.5,0.00029380279387035364,2.9375384576328313e-06,"{'overall': {'n': 33, 'accuracy': 0.8484848484848485, 'precision': 0.7368421052631579, 'recall': 1.0, 'sensitivity': 1.0, 'specificity': 0.7368421052631579, 'balanced_accuracy': 0.868421052631579, 'f1': 0.8484848484848485, 'confusion_matrix': [[14, 5], [0, 14]], 'auc': 0.9060150375939849, 'roc_curve': {'fpr': [0.0, 0.0, 0.05263157894736842, 0.05263157894736842, 0.21052631578947367, 0.21052631578947367, 1.0], 'tpr': [0.0, 0.07142857142857142, 0.07142857142857142, 0.7142857142857143, 0.7142857142857143, 1.0, 1.0]}}, 'India': {'n': 14, 'accuracy': 0.8571428571428571, 'precision': 0.8333333333333334, 'recall': 1.0, 'sensitivity': 1.0, 'specificity': 0.5, 'balanced_accuracy': 0.75, 'f1': 0.9090909090909091, 'confusion_matrix': [[2, 2], [0, 10]], 'auc': 0.725, 'roc_curve': {'fpr': [0.0, 0.0, 0.25, 0.25, 0.5, 0.5, 1.0], 'tpr': [0.0, 0.1, 0.1, 0.8, 0.8, 1.0, 1.0]}}, 'Italy': {'n': 19, 'accuracy': 0.8421052631578947, 'precision': 0.5714285714285714, 'recall': 1.0, 'sensitivity': 1.0, 'specificity': 0.8, 'balanced_accuracy': 0.9, 'f1': 0.7272727272727273, 'confusion_matrix': [[12, 3], [0, 4]], 'auc': 0.9333333333333333, 'roc_curve': {'fpr': [0.0, 0.0, 0.0, 0.13333333333333333, 0.13333333333333333, 1.0], 'tpr': [0.0, 0.25, 0.5, 0.5, 1.0, 1.0]}}}",efficientnet_b4_palpebral_new_way,"[0.8093340645562734, 0.8073949924367942, 0.8044704052786164, 0.8045866485463072, 0.7941704325328599, 0.7973177492223829, 0.7844153701864331, 0.7918307978585856, 0.7847639736750268, 0.7832413102617327, 0.7799911676653174, 0.7769218343772636, 0.7684073910018466, 0.7692869187190833, 0.7661971706428276, 0.7613628100085732, 0.7623012547461402, 0.7477585014128527, 0.7514998987810502, 0.7659258297737072, 0.7589482341381099, 0.7424026913200783, 0.7382005737317319, 0.7441758525292606, 0.7407921153978007, 0.7274748319821642, 0.7318320905925423, 0.7333348551333345, 0.7280767938948625, 0.7320500726731408, 0.7332391967836595, 0.7230581731985737, 0.7231661081314087, 0.7175160899067556, 0.7350273546793603, 0.7029572962135668, 0.7196305627064989, 0.7044483616652079, 0.716242838379563, 0.7054755217981654, 0.7118695792772912, 0.7157423184407468, 0.6972035078812908, 0.6911071546819826, 0.6949363260079693, 0.6836013557105665, 0.6948827315639976, 0.6901296787704063, 0.7101019794577794, 0.6947217441552522, 0.697449605196517, 0.7070071799865622, 0.6773981669091231, 0.6914005259804378, 0.694637688974671, 0.6717702012188387, 0.6831335267483793, 0.678070667168952, 0.663134707125607, 0.6677400339518161, 0.684600961129397, 0.6636616410009119, 0.6663321481635239, 0.6672944201538894, 0.6515237783754109, 0.6474728019821723, 0.6586323463364153, 0.6594720510457526, 0.6582221665129756, 0.6387526799511436, 0.6316571579074228, 0.6494719192681723, 0.6488917185770755, 0.6307546204289064, 0.660636427386707, 0.6697793433208339, 0.6367628057271439, 0.6592460902321418, 0.6331349303390806, 0.6531517860905224, 0.6301238067102748, 0.6411302500213218, 0.6427824505117555, 0.6475674742894457, 0.6317226199914288, 0.6415225650301043, 0.6450222754320561, 0.6431056355798481, 0.6315867715323997, 0.6471728449625684, 0.634242048326707, 0.6233264547310128]","[0.803153912226359, 0.8010819716887041, 0.7981883413863905, 0.795043454025731, 0.7960982304630857, 0.7975628267634999, 0.793976119070342, 0.7846534342476816, 0.7812585704254381, 0.776215647206162, 0.76938709526351, 0.7614668029727358, 0.7581147316730383, 0.7540469205740726, 0.7526750022714789, 0.7507675235921686, 0.7481587294376257, 0.7456382296302102, 0.7414843458117861, 0.7408271811225198, 0.7387565103444186, 0.7326382651473536, 0.7305610107653069, 0.7279588110519178, 0.7283616860707601, 0.7249159018198649, 0.7183901324416652, 0.7174236268708201, 0.7147059043248495, 0.7134059197974928, 0.7132909478563251, 0.7106883200732145, 0.7070936253576567, 0.7074936375473485, 0.7041186022036003, 0.7003073836817886, 0.6996438412955313, 0.697898987567786, 0.6956286936095266, 0.6936009472066705, 0.6883092305876992, 0.6858031027244799, 0.6819942756132646, 0.6770651665600863, 0.6796507582519994, 0.6796900250694968, 0.6793734756383029, 0.6720120762333726, 0.6688081495689623, 0.6673984437277822, 0.6711182774919452, 0.6659735910820238, 0.6613696813583374, 0.6589656616702224, 0.660325496485739, 0.6576598918799198, 0.6561657804431338, 0.6574121876196428, 0.6553303400675455, 0.6527546093319402, 0.6515910625457764, 0.6462360476002549, 0.6428182865634109, 0.6476029338258685, 0.6491762200991312, 0.6482972177592191, 0.6408080169648835, 0.6360926212686481, 0.6431013110912207, 0.6399241559433214, 0.6329286378441434, 0.6339608512141488, 0.6338421485640786, 0.6360905847766183, 0.6318962808811304, 0.6274498105049133, 0.6242557601495222, 0.6224134022539313, 0.62219986409852, 0.6211879867495913, 0.6199962153579249, 0.6167938420266816, 0.6141081723299894, 0.6107672308430527, 0.6030658573815317, 0.606726070245107, 0.6077549638170184, 0.6055155197779337, 0.6066602775544832, 0.6098910931384924, 0.6077910210147048, 0.6063136783513156]","[{'accuracy': 0.7272727272727273, 'f1': 0.7272727272727273, 'sensitivity': 0.8571428571428571, 'specificity': 0.631578947368421}, {'accuracy': 0.696969696969697, 'f1': 0.7058823529411765, 'sensitivity': 0.8571428571428571, 'specificity': 0.5789473684210527}, {'accuracy': 0.7272727272727273, 'f1': 0.7096774193548387, 'sensitivity': 0.7857142857142857, 'specificity': 0.6842105263157895}, {'accuracy': 0.7575757575757576, 'f1': 0.75, 'sensitivity': 0.8571428571428571, 'specificity': 0.6842105263157895}, {'accuracy': 0.6363636363636364, 'f1': 0.6842105263157895, 'sensitivity': 0.9285714285714286, 'specificity': 0.42105263157894735}, {'accuracy': 0.5151515151515151, 'f1': 0.6363636363636364, 'sensitivity': 1.0, 'specificity': 0.15789473684210525}, {'accuracy': 0.5454545454545454, 'f1': 0.6511627906976745, 'sensitivity': 1.0, 'specificity': 0.21052631578947367}, {'accuracy': 0.6060606060606061, 'f1': 0.6829268292682927, 'sensitivity': 1.0, 'specificity': 0.3157894736842105}, {'accuracy': 0.7575757575757576, 'f1': 0.7777777777777778, 'sensitivity': 1.0, 'specificity': 0.5789473684210527}, {'accuracy': 0.7272727272727273, 'f1': 0.7567567567567568, 'sensitivity': 1.0, 'specificity': 0.5263157894736842}, {'accuracy': 0.7878787878787878, 'f1': 0.8, 'sensitivity': 1.0, 'specificity': 0.631578947368421}, {'accuracy': 0.7878787878787878, 'f1': 0.8, 'sensitivity': 1.0, 'specificity': 0.631578947368421}, {'accuracy': 0.8181818181818182, 'f1': 0.8235294117647058, 'sensitivity': 1.0, 'specificity': 0.6842105263157895}, {'accuracy': 0.8484848484848485, 'f1': 0.8484848484848485, 'sensitivity': 1.0, 'specificity': 0.7368421052631579}, {'accuracy': 0.7575757575757576, 'f1': 0.7333333333333333, 'sensitivity': 0.7857142857142857, 'specificity': 0.7368421052631579}, {'accuracy': 0.7878787878787878, 'f1': 0.7586206896551724, 'sensitivity': 0.7857142857142857, 'specificity': 0.7894736842105263}, {'accuracy': 0.7575757575757576, 'f1': 0.7142857142857143, 'sensitivity': 0.7142857142857143, 'specificity': 0.7894736842105263}, {'accuracy': 0.7878787878787878, 'f1': 0.7407407407407407, 'sensitivity': 0.7142857142857143, 'specificity': 0.8421052631578947}, {'accuracy': 0.7575757575757576, 'f1': 0.7142857142857143, 'sensitivity': 0.7142857142857143, 'specificity': 0.7894736842105263}, {'accuracy': 0.7575757575757576, 'f1': 0.7142857142857143, 'sensitivity': 0.7142857142857143, 'specificity': 0.7894736842105263}, {'accuracy': 0.7575757575757576, 'f1': 0.7142857142857143, 'sensitivity': 0.7142857142857143, 'specificity': 0.7894736842105263}, {'accuracy': 0.7878787878787878, 'f1': 0.7407407407407407, 'sensitivity': 0.7142857142857143, 'specificity': 0.8421052631578947}, {'accuracy': 0.7878787878787878, 'f1': 0.7407407407407407, 'sensitivity': 0.7142857142857143, 'specificity': 0.8421052631578947}, {'accuracy': 0.7575757575757576, 'f1': 0.7142857142857143, 'sensitivity': 0.7142857142857143, 'specificity': 0.7894736842105263}, {'accuracy': 0.7575757575757576, 'f1': 0.7142857142857143, 'sensitivity': 0.7142857142857143, 'specificity': 0.7894736842105263}, {'accuracy': 0.7575757575757576, 'f1': 0.7142857142857143, 'sensitivity': 0.7142857142857143, 'specificity': 0.7894736842105263}, {'accuracy': 0.7878787878787878, 'f1': 0.7407407407407407, 'sensitivity': 0.7142857142857143, 'specificity': 0.8421052631578947}, {'accuracy': 0.7575757575757576, 'f1': 0.7142857142857143, 'sensitivity': 0.7142857142857143, 'specificity': 0.7894736842105263}, {'accuracy': 0.7878787878787878, 'f1': 0.7407407407407407, 'sensitivity': 0.7142857142857143, 'specificity': 0.8421052631578947}, {'accuracy': 0.7878787878787878, 'f1': 0.7407407407407407, 'sensitivity': 0.7142857142857143, 'specificity': 0.8421052631578947}, {'accuracy': 0.8181818181818182, 'f1': 0.7692307692307693, 'sensitivity': 0.7142857142857143, 'specificity': 0.8947368421052632}, {'accuracy': 0.7878787878787878, 'f1': 0.7407407407407407, 'sensitivity': 0.7142857142857143, 'specificity': 0.8421052631578947}, {'accuracy': 0.8181818181818182, 'f1': 0.7692307692307693, 'sensitivity': 0.7142857142857143, 'specificity': 0.8947368421052632}, {'accuracy': 0.8181818181818182, 'f1': 0.7692307692307693, 'sensitivity': 0.7142857142857143, 'specificity': 0.8947368421052632}, {'accuracy': 0.7878787878787878, 'f1': 0.7407407407407407, 'sensitivity': 0.7142857142857143, 'specificity': 0.8421052631578947}, {'accuracy': 0.8181818181818182, 'f1': 0.7692307692307693, 'sensitivity': 0.7142857142857143, 'specificity': 0.8947368421052632}, {'accuracy': 0.8181818181818182, 'f1': 0.7692307692307693, 'sensitivity': 0.7142857142857143, 'specificity': 0.8947368421052632}, {'accuracy': 0.7878787878787878, 'f1': 0.7407407407407407, 'sensitivity': 0.7142857142857143, 'specificity': 0.8421052631578947}, {'accuracy': 0.7878787878787878, 'f1': 0.7407407407407407, 'sensitivity': 0.7142857142857143, 'specificity': 0.8421052631578947}, {'accuracy': 0.8181818181818182, 'f1': 0.7692307692307693, 'sensitivity': 0.7142857142857143, 'specificity': 0.8947368421052632}, {'accuracy': 0.7878787878787878, 'f1': 0.7407407407407407, 'sensitivity': 0.7142857142857143, 'specificity': 0.8421052631578947}, {'accuracy': 0.7878787878787878, 'f1': 0.7407407407407407, 'sensitivity': 0.7142857142857143, 'specificity': 0.8421052631578947}, {'accuracy': 0.7878787878787878, 'f1': 0.7407407407407407, 'sensitivity': 0.7142857142857143, 'specificity': 0.8421052631578947}, {'accuracy': 0.7878787878787878, 'f1': 0.7407407407407407, 'sensitivity': 0.7142857142857143, 'specificity': 0.8421052631578947}, {'accuracy': 0.8181818181818182, 'f1': 0.7692307692307693, 'sensitivity': 0.7142857142857143, 'specificity': 0.8947368421052632}, {'accuracy': 0.7878787878787878, 'f1': 0.7407407407407407, 'sensitivity': 0.7142857142857143, 'specificity': 0.8421052631578947}, {'accuracy': 0.7878787878787878, 'f1': 0.7407407407407407, 'sensitivity': 0.7142857142857143, 'specificity': 0.8421052631578947}, {'accuracy': 0.7878787878787878, 'f1': 0.7407407407407407, 'sensitivity': 0.7142857142857143, 'specificity': 0.8421052631578947}, {'accuracy': 0.7878787878787878, 'f1': 0.7407407407407407, 'sensitivity': 0.7142857142857143, 'specificity': 0.8421052631578947}, {'accuracy': 0.7878787878787878, 'f1': 0.7407407407407407, 'sensitivity': 0.7142857142857143, 'specificity': 0.8421052631578947}, {'accuracy': 0.7878787878787878, 'f1': 0.7407407407407407, 'sensitivity': 0.7142857142857143, 'specificity': 0.8421052631578947}, {'accuracy': 0.8181818181818182, 'f1': 0.7692307692307693, 'sensitivity': 0.7142857142857143, 'specificity': 0.8947368421052632}, {'accuracy': 0.8181818181818182, 'f1': 0.7692307692307693, 'sensitivity': 0.7142857142857143, 'specificity': 0.8947368421052632}, {'accuracy': 0.8181818181818182, 'f1': 0.7692307692307693, 'sensitivity': 0.7142857142857143, 'specificity': 0.8947368421052632}, {'accuracy': 0.8181818181818182, 'f1': 0.7692307692307693, 'sensitivity': 0.7142857142857143, 'specificity': 0.8947368421052632}, {'accuracy': 0.7878787878787878, 'f1': 0.7407407407407407, 'sensitivity': 0.7142857142857143, 'specificity': 0.8421052631578947}, {'accuracy': 0.8181818181818182, 'f1': 0.7692307692307693, 'sensitivity': 0.7142857142857143, 'specificity': 0.8947368421052632}, {'accuracy': 0.7878787878787878, 'f1': 0.7407407407407407, 'sensitivity': 0.7142857142857143, 'specificity': 0.8421052631578947}, {'accuracy': 0.7878787878787878, 'f1': 0.7407407407407407, 'sensitivity': 0.7142857142857143, 'specificity': 0.8421052631578947}, {'accuracy': 0.8181818181818182, 'f1': 0.7692307692307693, 'sensitivity': 0.7142857142857143, 'specificity': 0.8947368421052632}, {'accuracy': 0.8181818181818182, 'f1': 0.7692307692307693, 'sensitivity': 0.7142857142857143, 'specificity': 0.8947368421052632}, {'accuracy': 0.7878787878787878, 'f1': 0.7407407407407407, 'sensitivity': 0.7142857142857143, 'specificity': 0.8421052631578947}, {'accuracy': 0.8181818181818182, 'f1': 0.7692307692307693, 'sensitivity': 0.7142857142857143, 'specificity': 0.8947368421052632}, {'accuracy': 0.7878787878787878, 'f1': 0.7407407407407407, 'sensitivity': 0.7142857142857143, 'specificity': 0.8421052631578947}, {'accuracy': 0.8181818181818182, 'f1': 0.7692307692307693, 'sensitivity': 0.7142857142857143, 'specificity': 0.8947368421052632}, {'accuracy': 0.7878787878787878, 'f1': 0.7407407407407407, 'sensitivity': 0.7142857142857143, 'specificity': 0.8421052631578947}, {'accuracy': 0.7878787878787878, 'f1': 0.7407407407407407, 'sensitivity': 0.7142857142857143, 'specificity': 0.8421052631578947}, {'accuracy': 0.7878787878787878, 'f1': 0.7407407407407407, 'sensitivity': 0.7142857142857143, 'specificity': 0.8421052631578947}, {'accuracy': 0.7878787878787878, 'f1': 0.7407407407407407, 'sensitivity': 0.7142857142857143, 'specificity': 0.8421052631578947}, {'accuracy': 0.7878787878787878, 'f1': 0.7407407407407407, 'sensitivity': 0.7142857142857143, 'specificity': 0.8421052631578947}, {'accuracy': 0.7878787878787878, 'f1': 0.7407407407407407, 'sensitivity': 0.7142857142857143, 'specificity': 0.8421052631578947}, {'accuracy': 0.7878787878787878, 'f1': 0.7407407407407407, 'sensitivity': 0.7142857142857143, 'specificity': 0.8421052631578947}, {'accuracy': 0.7878787878787878, 'f1': 0.7407407407407407, 'sensitivity': 0.7142857142857143, 'specificity': 0.8421052631578947}, {'accuracy': 0.7878787878787878, 'f1': 0.7407407407407407, 'sensitivity': 0.7142857142857143, 'specificity': 0.8421052631578947}, {'accuracy': 0.7878787878787878, 'f1': 0.7407407407407407, 'sensitivity': 0.7142857142857143, 'specificity': 0.8421052631578947}, {'accuracy': 0.8181818181818182, 'f1': 0.7692307692307693, 'sensitivity': 0.7142857142857143, 'specificity': 0.8947368421052632}, {'accuracy': 0.8181818181818182, 'f1': 0.7692307692307693, 'sensitivity': 0.7142857142857143, 'specificity': 0.8947368421052632}, {'accuracy': 0.7878787878787878, 'f1': 0.7407407407407407, 'sensitivity': 0.7142857142857143, 'specificity': 0.8421052631578947}, {'accuracy': 0.8181818181818182, 'f1': 0.7692307692307693, 'sensitivity': 0.7142857142857143, 'specificity': 0.8947368421052632}, {'accuracy': 0.8181818181818182, 'f1': 0.7692307692307693, 'sensitivity': 0.7142857142857143, 'specificity': 0.8947368421052632}, {'accuracy': 0.8181818181818182, 'f1': 0.7692307692307693, 'sensitivity': 0.7142857142857143, 'specificity': 0.8947368421052632}, {'accuracy': 0.8181818181818182, 'f1': 0.7692307692307693, 'sensitivity': 0.7142857142857143, 'specificity': 0.8947368421052632}, {'accuracy': 0.8181818181818182, 'f1': 0.7692307692307693, 'sensitivity': 0.7142857142857143, 'specificity': 0.8947368421052632}, {'accuracy': 0.8181818181818182, 'f1': 0.7692307692307693, 'sensitivity': 0.7142857142857143, 'specificity': 0.8947368421052632}, {'accuracy': 0.8181818181818182, 'f1': 0.7692307692307693, 'sensitivity': 0.7142857142857143, 'specificity': 0.8947368421052632}, {'accuracy': 0.8181818181818182, 'f1': 0.7692307692307693, 'sensitivity': 0.7142857142857143, 'specificity': 0.8947368421052632}, {'accuracy': 0.8181818181818182, 'f1': 0.7692307692307693, 'sensitivity': 0.7142857142857143, 'specificity': 0.8947368421052632}, {'accuracy': 0.8181818181818182, 'f1': 0.7692307692307693, 'sensitivity': 0.7142857142857143, 'specificity': 0.8947368421052632}, {'accuracy': 0.8181818181818182, 'f1': 0.7692307692307693, 'sensitivity': 0.7142857142857143, 'specificity': 0.8947368421052632}, {'accuracy': 0.8181818181818182, 'f1': 0.7692307692307693, 'sensitivity': 0.7142857142857143, 'specificity': 0.8947368421052632}, {'accuracy': 0.8181818181818182, 'f1': 0.7692307692307693, 'sensitivity': 0.7142857142857143, 'specificity': 0.8947368421052632}, {'accuracy': 0.8181818181818182, 'f1': 0.7692307692307693, 'sensitivity': 0.7142857142857143, 'specificity': 0.8947368421052632}]",COMPLETE
