number,value,datetime_start,datetime_complete,duration,params_dropout_rate,params_learning_rate,params_weight_decay,user_attrs_best_val_metrics,user_attrs_model_name,user_attrs_train_loss_history,user_attrs_val_loss_history,user_attrs_val_overall_metrics_history,state
11,0.8275862068965517,2026-08-08 22:04:15.509818,2026-08-08 22:06:27.247795,0 days 00:02:11.737977,0.5,0.00035672341043120414,1.024553430636821e-06,"{'overall': {'n': 33, 'accuracy': 0.8484848484848485, 'precision': 0.8, 'recall': 0.8571428571428571, 'sensitivity': 0.8571428571428571, 'specificity': 0.8421052631578947, 'balanced_accuracy': 0.849624060150376, 'f1': 0.8275862068965517, 'confusion_matrix': [[16, 3], [2, 12]], 'auc': 0.8984962406015038, 'roc_curve': {'fpr': [0.0, 0.0, 0.05263157894736842, 0.05263157894736842, 0.10526315789473684, 0.10526315789473684, 0.15789473684210525, 0.15789473684210525, 0.3157894736842105, 0.3157894736842105, 1.0], 'tpr': [0.0, 0.07142857142857142, 0.07142857142857142, 0.6428571428571429, 0.6428571428571429, 0.7857142857142857, 0.7857142857142857, 0.8571428571428571, 0.8571428571428571, 1.0, 1.0]}}, 'India': {'n': 14, 'accuracy': 0.7857142857142857, 'precision': 0.8181818181818182, 'recall': 0.9, 'sensitivity': 0.9, 'specificity': 0.5, 'balanced_accuracy': 0.7, 'f1': 0.8571428571428571, 'confusion_matrix': [[2, 2], [1, 9]], 'auc': 0.75, 'roc_curve': {'fpr': [0.0, 0.0, 0.25, 0.25, 0.5, 0.5, 1.0], 'tpr': [0.0, 0.1, 0.1, 0.9, 0.9, 1.0, 1.0]}}, 'Italy': {'n': 19, 'accuracy': 0.8947368421052632, 'precision': 0.75, 'recall': 0.75, 'sensitivity': 0.75, 'specificity': 0.9333333333333333, 'balanced_accuracy': 0.8416666666666667, 'f1': 0.75, 'confusion_matrix': [[14, 1], [1, 3]], 'auc': 0.9166666666666667, 'roc_curve': {'fpr': [0.0, 0.0, 0.0, 0.06666666666666667, 0.06666666666666667, 0.26666666666666666, 0.26666666666666666, 1.0], 'tpr': [0.0, 0.25, 0.5, 0.5, 0.75, 0.75, 1.0, 1.0]}}}",efficientnet_b4_palpebral_new_way,"[0.8091041224681779, 0.8041105953273394, 0.798703670501709, 0.7925850618754001, 0.7928141844983132, 0.7794284879766553, 0.7772812385432768, 0.7836500153636301, 0.7758312995070653, 0.7699802612626789, 0.7616440038017879, 0.7618332398648293, 0.7586346710754546, 0.7600099949647259, 0.7579604916225205, 0.7530662014784403, 0.7492602278065208, 0.7440133015841048, 0.73468387758495, 0.7388483029327645, 0.7452948373674557, 0.7336380698822982, 0.7269758025542, 0.723610808912492, 0.7244116967877016, 0.7224005898892485, 0.7234921297490202, 0.7167557205585454, 0.7058580738819198, 0.7282977242343474, 0.7158393851968626, 0.7201723997166615, 0.7025513795037933, 0.6799706611412251, 0.6919036898391926, 0.7042577989054042, 0.7147909308111431, 0.7000274950305357, 0.679018377468286, 0.683192653766531, 0.6833920257770463, 0.68632224695572, 0.6795609194711344, 0.6786359114362704, 0.6750613585213162, 0.6800954499781526, 0.6790797785417924, 0.6774216167974156, 0.6753945642749205, 0.6793944263300359, 0.671924920271564, 0.6647437428007062, 0.6640842237219905, 0.6720141614509734, 0.6517458526503961, 0.6505939644693539, 0.6740397143837632, 0.6882642937811795, 0.6471528667487846, 0.6568167028048181, 0.66367298325166, 0.6398932389076183, 0.6350303852794975, 0.6189035706172715, 0.640021234948114, 0.6508489116927646, 0.6621747462954742, 0.6460443348284589, 0.641268195695435, 0.6378527512613511, 0.6350585656450284, 0.6313479274313971, 0.6326396662667887, 0.6253519547696145, 0.6334122004887915, 0.6306631876932864, 0.6397107223801265, 0.6277239263452441, 0.6278074687679872, 0.623697044044141, 0.6227999219041787, 0.6249010531318109, 0.6738050244501884, 0.6254050897446689, 0.6310779156274353, 0.6287601227002428, 0.6187176250464079, 0.5954849131849428, 0.6043141318472806, 0.6469952527260938, 0.5833660502307463, 0.5994258262463753, 0.6127770937831196, 0.6064240135104451, 0.6433868467413038, 0.6030317142309732, 0.5703099887102645, 0.6312167087927559, 0.603047186175719, 0.5942438019821975, 0.6116010566420903, 0.6315036550262906, 0.6257987598709712, 0.6101066939878148, 0.5898142208326731, 0.6261278493514914, 0.5929732784530185, 0.6059868742298606, 0.6114343669240838, 0.614559891602851, 0.5754235864475074]","[0.8082912546215635, 0.8125835620995724, 0.8098637822902564, 0.8028415658257224, 0.8005599000237205, 0.7972602898424322, 0.7948076688882076, 0.7838296059406165, 0.7725622383030978, 0.7649663704814333, 0.7602744210850109, 0.7565340399742126, 0.7508837219440576, 0.7467519586736505, 0.7426008564053159, 0.7399329037377329, 0.7375693321228027, 0.7331411603725317, 0.7304631580005992, 0.7252398151339907, 0.7204683730096528, 0.7176976908336986, 0.7161284865755023, 0.716104785601298, 0.709064245223999, 0.708264202782602, 0.7040700912475586, 0.7013875860156435, 0.6979716727227876, 0.6930748477126613, 0.687642722418814, 0.6840655568874243, 0.6838594909870264, 0.6801776127381758, 0.6810391743977865, 0.6797561790003921, 0.6727239868857644, 0.6695724906343402, 0.6704186020475446, 0.6659878528479374, 0.6643189516934481, 0.6646139838478782, 0.6641562888116548, 0.6617996439789281, 0.6603492317777692, 0.6536525442744746, 0.6515133462168954, 0.6501381189534159, 0.6474698637471055, 0.6518100734912988, 0.6525323661890897, 0.6460399817336689, 0.6413984063899878, 0.6407428058710966, 0.6418439258228649, 0.639385927807201, 0.6394885272690745, 0.6419161485903191, 0.635470343358589, 0.6326543291409811, 0.6295283924449574, 0.6274375482039019, 0.6294654878703031, 0.6229887821457603, 0.6242695288224653, 0.6240935903606992, 0.6225838029023373, 0.6204788395852754, 0.6166509552435442, 0.6128380117994366, 0.6104301719954519, 0.6152782259565411, 0.6128958264986674, 0.6089825467629866, 0.6090646873820912, 0.6098184838439479, 0.6112545963489648, 0.6106671781250925, 0.6078175721746503, 0.6045031944910685, 0.5993841778148304, 0.6015600164731344, 0.6012932134397102, 0.6015792579361887, 0.6010961857709017, 0.6013224684830868, 0.6048757289395188, 0.5978166009440566, 0.5910102562470869, 0.5888593576171182, 0.5911530978751905, 0.5941760540008545, 0.5878651485298619, 0.592573780002016, 0.5913945779655919, 0.5934396964130979, 0.5808567585367145, 0.5761491204753066, 0.579808442881613, 0.581947310404344, 0.5816731019453569, 0.5801978219639171, 0.5722621354189786, 0.5683278513677192, 0.5736605272148595, 0.5713558070587389, 0.5690957723241864, 0.5726585966168027, 0.5739965854269086, 0.577227381142703, 0.5705402999213247]","[{'accuracy': 0.5757575757575758, 'f1': 0.125, 'sensitivity': 0.07142857142857142, 'specificity': 0.9473684210526315}, {'accuracy': 0.5454545454545454, 'f1': 0.11764705882352941, 'sensitivity': 0.07142857142857142, 'specificity': 0.8947368421052632}, {'accuracy': 0.5454545454545454, 'f1': 0.0, 'sensitivity': 0.0, 'specificity': 0.9473684210526315}, {'accuracy': 0.6666666666666666, 'f1': 0.42105263157894735, 'sensitivity': 0.2857142857142857, 'specificity': 0.9473684210526315}, {'accuracy': 0.5757575757575758, 'f1': 0.4166666666666667, 'sensitivity': 0.35714285714285715, 'specificity': 0.7368421052631579}, {'accuracy': 0.6060606060606061, 'f1': 0.5517241379310345, 'sensitivity': 0.5714285714285714, 'specificity': 0.631578947368421}, {'accuracy': 0.696969696969697, 'f1': 0.6153846153846154, 'sensitivity': 0.5714285714285714, 'specificity': 0.7894736842105263}, {'accuracy': 0.696969696969697, 'f1': 0.6153846153846154, 'sensitivity': 0.5714285714285714, 'specificity': 0.7894736842105263}, {'accuracy': 0.8181818181818182, 'f1': 0.8, 'sensitivity': 0.8571428571428571, 'specificity': 0.7894736842105263}, {'accuracy': 0.7272727272727273, 'f1': 0.6896551724137931, 'sensitivity': 0.7142857142857143, 'specificity': 0.7368421052631579}, {'accuracy': 0.8181818181818182, 'f1': 0.7857142857142857, 'sensitivity': 0.7857142857142857, 'specificity': 0.8421052631578947}, {'accuracy': 0.7878787878787878, 'f1': 0.7407407407407407, 'sensitivity': 0.7142857142857143, 'specificity': 0.8421052631578947}, {'accuracy': 0.7575757575757576, 'f1': 0.6923076923076923, 'sensitivity': 0.6428571428571429, 'specificity': 0.8421052631578947}, {'accuracy': 0.7575757575757576, 'f1': 0.6923076923076923, 'sensitivity': 0.6428571428571429, 'specificity': 0.8421052631578947}, {'accuracy': 0.8181818181818182, 'f1': 0.7857142857142857, 'sensitivity': 0.7857142857142857, 'specificity': 0.8421052631578947}, {'accuracy': 0.8484848484848485, 'f1': 0.8275862068965517, 'sensitivity': 0.8571428571428571, 'specificity': 0.8421052631578947}, {'accuracy': 0.8181818181818182, 'f1': 0.7857142857142857, 'sensitivity': 0.7857142857142857, 'specificity': 0.8421052631578947}, {'accuracy': 0.8181818181818182, 'f1': 0.7857142857142857, 'sensitivity': 0.7857142857142857, 'specificity': 0.8421052631578947}, {'accuracy': 0.8181818181818182, 'f1': 0.7857142857142857, 'sensitivity': 0.7857142857142857, 'specificity': 0.8421052631578947}, {'accuracy': 0.7878787878787878, 'f1': 0.7407407407407407, 'sensitivity': 0.7142857142857143, 'specificity': 0.8421052631578947}, {'accuracy': 0.8181818181818182, 'f1': 0.7857142857142857, 'sensitivity': 0.7857142857142857, 'specificity': 0.8421052631578947}, {'accuracy': 0.8181818181818182, 'f1': 0.7857142857142857, 'sensitivity': 0.7857142857142857, 'specificity': 0.8421052631578947}, {'accuracy': 0.8181818181818182, 'f1': 0.7857142857142857, 'sensitivity': 0.7857142857142857, 'specificity': 0.8421052631578947}, {'accuracy': 0.8181818181818182, 'f1': 0.7857142857142857, 'sensitivity': 0.7857142857142857, 'specificity': 0.8421052631578947}, {'accuracy': 0.8181818181818182, 'f1': 0.7857142857142857, 'sensitivity': 0.7857142857142857, 'specificity': 0.8421052631578947}, {'accuracy': 0.7878787878787878, 'f1': 0.7407407407407407, 'sensitivity': 0.7142857142857143, 'specificity': 0.8421052631578947}, {'accuracy': 0.7878787878787878, 'f1': 0.7407407407407407, 'sensitivity': 0.7142857142857143, 'specificity': 0.8421052631578947}, {'accuracy': 0.7878787878787878, 'f1': 0.7407407407407407, 'sensitivity': 0.7142857142857143, 'specificity': 0.8421052631578947}, {'accuracy': 0.7878787878787878, 'f1': 0.7407407407407407, 'sensitivity': 0.7142857142857143, 'specificity': 0.8421052631578947}, {'accuracy': 0.8181818181818182, 'f1': 0.7857142857142857, 'sensitivity': 0.7857142857142857, 'specificity': 0.8421052631578947}, {'accuracy': 0.8484848484848485, 'f1': 0.8148148148148148, 'sensitivity': 0.7857142857142857, 'specificity': 0.8947368421052632}, {'accuracy': 0.8181818181818182, 'f1': 0.7857142857142857, 'sensitivity': 0.7857142857142857, 'specificity': 0.8421052631578947}, {'accuracy': 0.8181818181818182, 'f1': 0.7857142857142857, 'sensitivity': 0.7857142857142857, 'specificity': 0.8421052631578947}, {'accuracy': 0.8181818181818182, 'f1': 0.7857142857142857, 'sensitivity': 0.7857142857142857, 'specificity': 0.8421052631578947}, {'accuracy': 0.8181818181818182, 'f1': 0.7857142857142857, 'sensitivity': 0.7857142857142857, 'specificity': 0.8421052631578947}, {'accuracy': 0.8181818181818182, 'f1': 0.7857142857142857, 'sensitivity': 0.7857142857142857, 'specificity': 0.8421052631578947}, {'accuracy': 0.8181818181818182, 'f1': 0.7857142857142857, 'sensitivity': 0.7857142857142857, 'specificity': 0.8421052631578947}, {'accuracy': 0.8181818181818182, 'f1': 0.7857142857142857, 'sensitivity': 0.7857142857142857, 'specificity': 0.8421052631578947}, {'accuracy': 0.8181818181818182, 'f1': 0.7857142857142857, 'sensitivity': 0.7857142857142857, 'specificity': 0.8421052631578947}, {'accuracy': 0.8181818181818182, 'f1': 0.7857142857142857, 'sensitivity': 0.7857142857142857, 'specificity': 0.8421052631578947}, {'accuracy': 0.8181818181818182, 'f1': 0.7857142857142857, 'sensitivity': 0.7857142857142857, 'specificity': 0.8421052631578947}, {'accuracy': 0.8181818181818182, 'f1': 0.7857142857142857, 'sensitivity': 0.7857142857142857, 'specificity': 0.8421052631578947}, {'accuracy': 0.8181818181818182, 'f1': 0.7857142857142857, 'sensitivity': 0.7857142857142857, 'specificity': 0.8421052631578947}, {'accuracy': 0.7878787878787878, 'f1': 0.7407407407407407, 'sensitivity': 0.7142857142857143, 'specificity': 0.8421052631578947}, {'accuracy': 0.8181818181818182, 'f1': 0.7857142857142857, 'sensitivity': 0.7857142857142857, 'specificity': 0.8421052631578947}, {'accuracy': 0.8181818181818182, 'f1': 0.7857142857142857, 'sensitivity': 0.7857142857142857, 'specificity': 0.8421052631578947}, {'accuracy': 0.8181818181818182, 'f1': 0.7857142857142857, 'sensitivity': 0.7857142857142857, 'specificity': 0.8421052631578947}, {'accuracy': 0.8484848484848485, 'f1': 0.8148148148148148, 'sensitivity': 0.7857142857142857, 'specificity': 0.8947368421052632}, {'accuracy': 0.8484848484848485, 'f1': 0.8148148148148148, 'sensitivity': 0.7857142857142857, 'specificity': 0.8947368421052632}, {'accuracy': 0.8181818181818182, 'f1': 0.7692307692307693, 'sensitivity': 0.7142857142857143, 'specificity': 0.8947368421052632}, {'accuracy': 0.8484848484848485, 'f1': 0.8148148148148148, 'sensitivity': 0.7857142857142857, 'specificity': 0.8947368421052632}, {'accuracy': 0.8181818181818182, 'f1': 0.7692307692307693, 'sensitivity': 0.7142857142857143, 'specificity': 0.8947368421052632}, {'accuracy': 0.8181818181818182, 'f1': 0.7692307692307693, 'sensitivity': 0.7142857142857143, 'specificity': 0.8947368421052632}, {'accuracy': 0.8484848484848485, 'f1': 0.8148148148148148, 'sensitivity': 0.7857142857142857, 'specificity': 0.8947368421052632}, {'accuracy': 0.8484848484848485, 'f1': 0.8148148148148148, 'sensitivity': 0.7857142857142857, 'specificity': 0.8947368421052632}, {'accuracy': 0.8484848484848485, 'f1': 0.8148148148148148, 'sensitivity': 0.7857142857142857, 'specificity': 0.8947368421052632}, {'accuracy': 0.8181818181818182, 'f1': 0.7692307692307693, 'sensitivity': 0.7142857142857143, 'specificity': 0.8947368421052632}, {'accuracy': 0.8181818181818182, 'f1': 0.7692307692307693, 'sensitivity': 0.7142857142857143, 'specificity': 0.8947368421052632}, {'accuracy': 0.8181818181818182, 'f1': 0.7692307692307693, 'sensitivity': 0.7142857142857143, 'specificity': 0.8947368421052632}, {'accuracy': 0.8181818181818182, 'f1': 0.7692307692307693, 'sensitivity': 0.7142857142857143, 'specificity': 0.8947368421052632}, {'accuracy': 0.8484848484848485, 'f1': 0.8148148148148148, 'sensitivity': 0.7857142857142857, 'specificity': 0.8947368421052632}, {'accuracy': 0.8181818181818182, 'f1': 0.7692307692307693, 'sensitivity': 0.7142857142857143, 'specificity': 0.8947368421052632}, {'accuracy': 0.8181818181818182, 'f1': 0.7692307692307693, 'sensitivity': 0.7142857142857143, 'specificity': 0.8947368421052632}, {'accuracy': 0.8181818181818182, 'f1': 0.7692307692307693, 'sensitivity': 0.7142857142857143, 'specificity': 0.8947368421052632}, {'accuracy': 0.8181818181818182, 'f1': 0.7692307692307693, 'sensitivity': 0.7142857142857143, 'specificity': 0.8947368421052632}, {'accuracy': 0.7878787878787878, 'f1': 0.7407407407407407, 'sensitivity': 0.7142857142857143, 'specificity': 0.8421052631578947}, {'accuracy': 0.7878787878787878, 'f1': 0.7407407407407407, 'sensitivity': 0.7142857142857143, 'specificity': 0.8421052631578947}, {'accuracy': 0.7878787878787878, 'f1': 0.7407407407407407, 'sensitivity': 0.7142857142857143, 'specificity': 0.8421052631578947}, {'accuracy': 0.7878787878787878, 'f1': 0.7407407407407407, 'sensitivity': 0.7142857142857143, 'specificity': 0.8421052631578947}, {'accuracy': 0.8181818181818182, 'f1': 0.7857142857142857, 'sensitivity': 0.7857142857142857, 'specificity': 0.8421052631578947}, {'accuracy': 0.8181818181818182, 'f1': 0.7857142857142857, 'sensitivity': 0.7857142857142857, 'specificity': 0.8421052631578947}, {'accuracy': 0.8181818181818182, 'f1': 0.7692307692307693, 'sensitivity': 0.7142857142857143, 'specificity': 0.8947368421052632}, {'accuracy': 0.8484848484848485, 'f1': 0.8148148148148148, 'sensitivity': 0.7857142857142857, 'specificity': 0.8947368421052632}, {'accuracy': 0.8181818181818182, 'f1': 0.7692307692307693, 'sensitivity': 0.7142857142857143, 'specificity': 0.8947368421052632}, {'accuracy': 0.8181818181818182, 'f1': 0.7692307692307693, 'sensitivity': 0.7142857142857143, 'specificity': 0.8947368421052632}, {'accuracy': 0.8181818181818182, 'f1': 0.7692307692307693, 'sensitivity': 0.7142857142857143, 'specificity': 0.8947368421052632}, {'accuracy': 0.8181818181818182, 'f1': 0.7692307692307693, 'sensitivity': 0.7142857142857143, 'specificity': 0.8947368421052632}, {'accuracy': 0.8181818181818182, 'f1': 0.7692307692307693, 'sensitivity': 0.7142857142857143, 'specificity': 0.8947368421052632}, {'accuracy': 0.8181818181818182, 'f1': 0.7692307692307693, 'sensitivity': 0.7142857142857143, 'specificity': 0.8947368421052632}, {'accuracy': 0.8181818181818182, 'f1': 0.7692307692307693, 'sensitivity': 0.7142857142857143, 'specificity': 0.8947368421052632}, {'accuracy': 0.8181818181818182, 'f1': 0.7692307692307693, 'sensitivity': 0.7142857142857143, 'specificity': 0.8947368421052632}, {'accuracy': 0.8181818181818182, 'f1': 0.7692307692307693, 'sensitivity': 0.7142857142857143, 'specificity': 0.8947368421052632}, {'accuracy': 0.8181818181818182, 'f1': 0.7692307692307693, 'sensitivity': 0.7142857142857143, 'specificity': 0.8947368421052632}, {'accuracy': 0.8181818181818182, 'f1': 0.7692307692307693, 'sensitivity': 0.7142857142857143, 'specificity': 0.8947368421052632}, {'accuracy': 0.8181818181818182, 'f1': 0.7692307692307693, 'sensitivity': 0.7142857142857143, 'specificity': 0.8947368421052632}, {'accuracy': 0.8181818181818182, 'f1': 0.7692307692307693, 'sensitivity': 0.7142857142857143, 'specificity': 0.8947368421052632}, {'accuracy': 0.8181818181818182, 'f1': 0.7692307692307693, 'sensitivity': 0.7142857142857143, 'specificity': 0.8947368421052632}, {'accuracy': 0.8181818181818182, 'f1': 0.7692307692307693, 'sensitivity': 0.7142857142857143, 'specificity': 0.8947368421052632}, {'accuracy': 0.8181818181818182, 'f1': 0.7692307692307693, 'sensitivity': 0.7142857142857143, 'specificity': 0.8947368421052632}, {'accuracy': 0.8181818181818182, 'f1': 0.7692307692307693, 'sensitivity': 0.7142857142857143, 'specificity': 0.8947368421052632}, {'accuracy': 0.8181818181818182, 'f1': 0.7692307692307693, 'sensitivity': 0.7142857142857143, 'specificity': 0.8947368421052632}, {'accuracy': 0.8181818181818182, 'f1': 0.7692307692307693, 'sensitivity': 0.7142857142857143, 'specificity': 0.8947368421052632}, {'accuracy': 0.7878787878787878, 'f1': 0.7407407407407407, 'sensitivity': 0.7142857142857143, 'specificity': 0.8421052631578947}, {'accuracy': 0.8181818181818182, 'f1': 0.7692307692307693, 'sensitivity': 0.7142857142857143, 'specificity': 0.8947368421052632}, {'accuracy': 0.7878787878787878, 'f1': 0.7407407407407407, 'sensitivity': 0.7142857142857143, 'specificity': 0.8421052631578947}, {'accuracy': 0.7878787878787878, 'f1': 0.7407407407407407, 'sensitivity': 0.7142857142857143, 'specificity': 0.8421052631578947}, {'accuracy': 0.8181818181818182, 'f1': 0.7692307692307693, 'sensitivity': 0.7142857142857143, 'specificity': 0.8947368421052632}, {'accuracy': 0.7878787878787878, 'f1': 0.7407407407407407, 'sensitivity': 0.7142857142857143, 'specificity': 0.8421052631578947}, {'accuracy': 0.7878787878787878, 'f1': 0.7407407407407407, 'sensitivity': 0.7142857142857143, 'specificity': 0.8421052631578947}, {'accuracy': 0.8181818181818182, 'f1': 0.7692307692307693, 'sensitivity': 0.7142857142857143, 'specificity': 0.8947368421052632}, {'accuracy': 0.7878787878787878, 'f1': 0.7407407407407407, 'sensitivity': 0.7142857142857143, 'specificity': 0.8421052631578947}, {'accuracy': 0.7878787878787878, 'f1': 0.7407407407407407, 'sensitivity': 0.7142857142857143, 'specificity': 0.8421052631578947}, {'accuracy': 0.7878787878787878, 'f1': 0.7407407407407407, 'sensitivity': 0.7142857142857143, 'specificity': 0.8421052631578947}, {'accuracy': 0.7878787878787878, 'f1': 0.7407407407407407, 'sensitivity': 0.7142857142857143, 'specificity': 0.8421052631578947}, {'accuracy': 0.7878787878787878, 'f1': 0.7407407407407407, 'sensitivity': 0.7142857142857143, 'specificity': 0.8421052631578947}, {'accuracy': 0.8181818181818182, 'f1': 0.7692307692307693, 'sensitivity': 0.7142857142857143, 'specificity': 0.8947368421052632}, {'accuracy': 0.8181818181818182, 'f1': 0.7692307692307693, 'sensitivity': 0.7142857142857143, 'specificity': 0.8947368421052632}, {'accuracy': 0.8181818181818182, 'f1': 0.7692307692307693, 'sensitivity': 0.7142857142857143, 'specificity': 0.8947368421052632}, {'accuracy': 0.8181818181818182, 'f1': 0.7692307692307693, 'sensitivity': 0.7142857142857143, 'specificity': 0.8947368421052632}, {'accuracy': 0.8181818181818182, 'f1': 0.7692307692307693, 'sensitivity': 0.7142857142857143, 'specificity': 0.8947368421052632}, {'accuracy': 0.8181818181818182, 'f1': 0.7692307692307693, 'sensitivity': 0.7142857142857143, 'specificity': 0.8947368421052632}]",COMPLETE
