number,value,datetime_start,datetime_complete,duration,params_dropout_rate,params_learning_rate,params_weight_decay,user_attrs_best_val_metrics,user_attrs_model_name,user_attrs_train_loss_history,user_attrs_val_loss_history,user_attrs_val_overall_metrics_history,state
5,0.75,2026-08-08 22:11:17.757243,2026-08-08 22:11:27.274476,0 days 00:00:09.517233,0.2,0.00012590032356612476,3.243056557496459e-05,"{'overall': {'n': 31, 'accuracy': 0.7419354838709677, 'precision': 0.6666666666666666, 'recall': 0.8571428571428571, 'sensitivity': 0.8571428571428571, 'specificity': 0.6470588235294118, 'balanced_accuracy': 0.7521008403361344, 'f1': 0.75, 'confusion_matrix': [[11, 6], [2, 12]], 'auc': 0.7142857142857143, 'roc_curve': {'fpr': [0.0, 0.058823529411764705, 0.058823529411764705, 0.23529411764705882, 0.23529411764705882, 0.29411764705882354, 0.29411764705882354, 0.35294117647058826, 0.35294117647058826, 0.4117647058823529, 0.4117647058823529, 0.8235294117647058, 0.8235294117647058, 1.0], 'tpr': [0.0, 0.0, 0.21428571428571427, 0.21428571428571427, 0.35714285714285715, 0.35714285714285715, 0.7857142857142857, 0.7857142857142857, 0.8571428571428571, 0.8571428571428571, 0.9285714285714286, 0.9285714285714286, 1.0, 1.0]}}, 'India': {'n': 14, 'accuracy': 0.7857142857142857, 'precision': 0.8888888888888888, 'recall': 0.8, 'sensitivity': 0.8, 'specificity': 0.75, 'balanced_accuracy': 0.775, 'f1': 0.8421052631578947, 'confusion_matrix': [[3, 1], [2, 8]], 'auc': 0.825, 'roc_curve': {'fpr': [0.0, 0.0, 0.0, 0.25, 0.25, 0.5, 0.5, 1.0, 1.0], 'tpr': [0.0, 0.1, 0.7, 0.7, 0.8, 0.8, 0.9, 0.9, 1.0]}}, 'Italy': {'n': 17, 'accuracy': 0.7058823529411765, 'precision': 0.4444444444444444, 'recall': 1.0, 'sensitivity': 1.0, 'specificity': 0.6153846153846154, 'balanced_accuracy': 0.8076923076923077, 'f1': 0.6153846153846154, 'confusion_matrix': [[8, 5], [0, 4]], 'auc': 0.7115384615384616, 'roc_curve': {'fpr': [0.0, 0.07692307692307693, 0.07692307692307693, 0.3076923076923077, 0.3076923076923077, 0.38461538461538464, 0.38461538461538464, 1.0], 'tpr': [0.0, 0.0, 0.25, 0.25, 0.5, 0.5, 1.0, 1.0]}}}",efficientnet_b4_forniceal_palpebral_new_way,"[0.7999159430160003, 0.7969174648628754, 0.7982715457475105, 0.7937424584310881, 0.7920761213821619, 0.7950229567735374, 0.7927979839091398, 0.7900283871864786]","[0.7994430065155029, 0.8020795583724976, 0.8027111887931824, 0.8075584769248962, 0.8054071068763733, 0.8028730154037476, 0.8068443536758423, 0.8093928694725037]","[{'accuracy': 0.5806451612903226, 'f1': 0.6486486486486487, 'sensitivity': 0.8571428571428571, 'specificity': 0.35294117647058826}, {'accuracy': 0.7419354838709677, 'f1': 0.75, 'sensitivity': 0.8571428571428571, 'specificity': 0.6470588235294118}, {'accuracy': 0.6774193548387096, 'f1': 0.6666666666666666, 'sensitivity': 0.7142857142857143, 'specificity': 0.6470588235294118}, {'accuracy': 0.3870967741935484, 'f1': 0.45714285714285713, 'sensitivity': 0.5714285714285714, 'specificity': 0.23529411764705882}, {'accuracy': 0.4838709677419355, 'f1': 0.5789473684210527, 'sensitivity': 0.7857142857142857, 'specificity': 0.23529411764705882}, {'accuracy': 0.5806451612903226, 'f1': 0.5806451612903226, 'sensitivity': 0.6428571428571429, 'specificity': 0.5294117647058824}, {'accuracy': 0.6129032258064516, 'f1': 0.5384615384615384, 'sensitivity': 0.5, 'specificity': 0.7058823529411765}, {'accuracy': 0.5806451612903226, 'f1': 0.43478260869565216, 'sensitivity': 0.35714285714285715, 'specificity': 0.7647058823529411}]",COMPLETE
6,0.6923076923076923,2026-08-08 22:11:27.274830,2026-08-08 22:11:57.536265,0 days 00:00:30.261435,0.2,0.06264278041381323,3.218056412620644e-05,"{'overall': {'n': 31, 'accuracy': 0.7419354838709677, 'precision': 0.75, 'recall': 0.6428571428571429, 'sensitivity': 0.6428571428571429, 'specificity': 0.8235294117647058, 'balanced_accuracy': 0.7331932773109244, 'f1': 0.6923076923076923, 'confusion_matrix': [[14, 3], [5, 9]], 'auc': 0.8487394957983193, 'roc_curve': {'fpr': [0.0, 0.0, 0.058823529411764705, 0.058823529411764705, 0.11764705882352941, 0.11764705882352941, 0.17647058823529413, 0.17647058823529413, 0.23529411764705882, 0.23529411764705882, 0.5294117647058824, 0.5294117647058824, 1.0], 'tpr': [0.0, 0.07142857142857142, 0.07142857142857142, 0.42857142857142855, 0.42857142857142855, 0.5, 0.5, 0.7857142857142857, 0.7857142857142857, 0.9285714285714286, 0.9285714285714286, 1.0, 1.0]}}, 'India': {'n': 14, 'accuracy': 0.5, 'precision': 0.6666666666666666, 'recall': 0.6, 'sensitivity': 0.6, 'specificity': 0.25, 'balanced_accuracy': 0.425, 'f1': 0.631578947368421, 'confusion_matrix': [[1, 3], [4, 6]], 'auc': 0.475, 'roc_curve': {'fpr': [0.0, 0.0, 0.25, 0.25, 0.5, 0.5, 0.75, 0.75, 1.0, 1.0], 'tpr': [0.0, 0.1, 0.1, 0.4, 0.4, 0.5, 0.5, 0.9, 0.9, 1.0]}}, 'Italy': {'n': 17, 'accuracy': 0.9411764705882353, 'precision': 1.0, 'recall': 0.75, 'sensitivity': 0.75, 'specificity': 1.0, 'balanced_accuracy': 0.875, 'f1': 0.8571428571428571, 'confusion_matrix': [[13, 0], [1, 3]], 'auc': 1.0, 'roc_curve': {'fpr': [0.0, 0.0, 0.0, 1.0], 'tpr': [0.0, 0.25, 1.0, 1.0]}}}",efficientnet_b4_forniceal_palpebral_new_way,"[0.8015194170329035, 0.8355228787376767, 0.644179966782226, 0.7540763089445983, 0.6507501902223445, 0.5665473883249321, 0.5366249935967582, 0.6148022147668463, 0.5795184450895607, 0.6232382265888915, 0.5499704046314265, 0.6067817113837417, 0.43676560610330023, 0.4897665186804168, 0.5348334677365362, 0.4940870858374096, 0.6656177262870633, 0.47605834668185437, 0.5035089351692978, 0.34972341135651075, 0.3853845918665127, 0.4268010439110451, 0.5304009087231695, 0.6246693450577405, 0.4499022490313264, 0.4172751165571667]","[0.917811930179596, 0.9086581468582153, 1.2010611295700073, 1.397599458694458, 1.1107288599014282, 1.1270583868026733, 1.0333994626998901, 0.8488250970840454, 0.8295828104019165, 0.9299065470695496, 0.947553277015686, 0.9678528904914856, 0.8672701716423035, 0.8066055178642273, 0.8101033568382263, 0.9205590486526489, 0.8052929639816284, 0.8394052386283875, 0.7248295545578003, 0.8501185178756714, 0.9046262502670288, 0.8888365626335144, 0.8492149710655212, 0.8193657994270325, 0.8141027688980103, 0.8961980938911438]","[{'accuracy': 0.5806451612903226, 'f1': 0.48, 'sensitivity': 0.42857142857142855, 'specificity': 0.7058823529411765}, {'accuracy': 0.4838709677419355, 'f1': 0.38461538461538464, 'sensitivity': 0.35714285714285715, 'specificity': 0.5882352941176471}, {'accuracy': 0.5161290322580645, 'f1': 0.21052631578947367, 'sensitivity': 0.14285714285714285, 'specificity': 0.8235294117647058}, {'accuracy': 0.5806451612903226, 'f1': 0.38095238095238093, 'sensitivity': 0.2857142857142857, 'specificity': 0.8235294117647058}, {'accuracy': 0.5161290322580645, 'f1': 0.4827586206896552, 'sensitivity': 0.5, 'specificity': 0.5294117647058824}, {'accuracy': 0.6451612903225806, 'f1': 0.5217391304347826, 'sensitivity': 0.42857142857142855, 'specificity': 0.8235294117647058}, {'accuracy': 0.6774193548387096, 'f1': 0.5, 'sensitivity': 0.35714285714285715, 'specificity': 0.9411764705882353}, {'accuracy': 0.6451612903225806, 'f1': 0.56, 'sensitivity': 0.5, 'specificity': 0.7647058823529411}, {'accuracy': 0.5806451612903226, 'f1': 0.5517241379310345, 'sensitivity': 0.5714285714285714, 'specificity': 0.5882352941176471}, {'accuracy': 0.5483870967741935, 'f1': 0.46153846153846156, 'sensitivity': 0.42857142857142855, 'specificity': 0.6470588235294118}, {'accuracy': 0.5806451612903226, 'f1': 0.43478260869565216, 'sensitivity': 0.35714285714285715, 'specificity': 0.7647058823529411}, {'accuracy': 0.6451612903225806, 'f1': 0.5217391304347826, 'sensitivity': 0.42857142857142855, 'specificity': 0.8235294117647058}, {'accuracy': 0.6451612903225806, 'f1': 0.56, 'sensitivity': 0.5, 'specificity': 0.7647058823529411}, {'accuracy': 0.6774193548387096, 'f1': 0.6153846153846154, 'sensitivity': 0.5714285714285714, 'specificity': 0.7647058823529411}, {'accuracy': 0.6451612903225806, 'f1': 0.56, 'sensitivity': 0.5, 'specificity': 0.7647058823529411}, {'accuracy': 0.6129032258064516, 'f1': 0.45454545454545453, 'sensitivity': 0.35714285714285715, 'specificity': 0.8235294117647058}, {'accuracy': 0.7096774193548387, 'f1': 0.6666666666666666, 'sensitivity': 0.6428571428571429, 'specificity': 0.7647058823529411}, {'accuracy': 0.7096774193548387, 'f1': 0.6086956521739131, 'sensitivity': 0.5, 'specificity': 0.8823529411764706}, {'accuracy': 0.7419354838709677, 'f1': 0.6923076923076923, 'sensitivity': 0.6428571428571429, 'specificity': 0.8235294117647058}, {'accuracy': 0.7419354838709677, 'f1': 0.6666666666666666, 'sensitivity': 0.5714285714285714, 'specificity': 0.8823529411764706}, {'accuracy': 0.7096774193548387, 'f1': 0.64, 'sensitivity': 0.5714285714285714, 'specificity': 0.8235294117647058}, {'accuracy': 0.6774193548387096, 'f1': 0.6153846153846154, 'sensitivity': 0.5714285714285714, 'specificity': 0.7647058823529411}, {'accuracy': 0.6774193548387096, 'f1': 0.6153846153846154, 'sensitivity': 0.5714285714285714, 'specificity': 0.7647058823529411}, {'accuracy': 0.6774193548387096, 'f1': 0.6153846153846154, 'sensitivity': 0.5714285714285714, 'specificity': 0.7647058823529411}, {'accuracy': 0.6774193548387096, 'f1': 0.6153846153846154, 'sensitivity': 0.5714285714285714, 'specificity': 0.7647058823529411}, {'accuracy': 0.6774193548387096, 'f1': 0.6153846153846154, 'sensitivity': 0.5714285714285714, 'specificity': 0.7647058823529411}]",COMPLETE
7,0.7407407407407407,2026-08-08 22:11:57.536682,2026-08-08 22:12:32.065357,0 days 00:00:34.528675,0.2,0.0018546158842013202,1.1919385447560684e-06,"{'overall': {'n': 31, 'accuracy': 0.7741935483870968, 'precision': 0.7692307692307693, 'recall': 0.7142857142857143, 'sensitivity': 0.7142857142857143, 'specificity': 0.8235294117647058, 'balanced_accuracy': 0.76890756302521, 'f1': 0.7407407407407407, 'confusion_matrix': [[14, 3], [4, 10]], 'auc': 0.7899159663865546, 'roc_curve': {'fpr': [0.0, 0.058823529411764705, 0.058823529411764705, 0.17647058823529413, 0.17647058823529413, 0.23529411764705882, 0.23529411764705882, 0.29411764705882354, 0.29411764705882354, 0.5882352941176471, 0.5882352941176471, 0.7647058823529411, 0.7647058823529411, 1.0], 'tpr': [0.0, 0.0, 0.42857142857142855, 0.42857142857142855, 0.7142857142857143, 0.7142857142857143, 0.7857142857142857, 0.7857142857142857, 0.8571428571428571, 0.8571428571428571, 0.9285714285714286, 0.9285714285714286, 1.0, 1.0]}}, 'India': {'n': 14, 'accuracy': 0.5714285714285714, 'precision': 0.75, 'recall': 0.6, 'sensitivity': 0.6, 'specificity': 0.5, 'balanced_accuracy': 0.55, 'f1': 0.6666666666666666, 'confusion_matrix': [[2, 2], [4, 6]], 'auc': 0.425, 'roc_curve': {'fpr': [0.0, 0.25, 0.25, 0.5, 0.5, 0.75, 0.75, 1.0, 1.0], 'tpr': [0.0, 0.0, 0.3, 0.3, 0.6, 0.6, 0.8, 0.8, 1.0]}}, 'Italy': {'n': 17, 'accuracy': 0.9411764705882353, 'precision': 0.8, 'recall': 1.0, 'sensitivity': 1.0, 'specificity': 0.9230769230769231, 'balanced_accuracy': 0.9615384615384616, 'f1': 0.8888888888888888, 'confusion_matrix': [[12, 1], [0, 4]], 'auc': 0.9807692307692308, 'roc_curve': {'fpr': [0.0, 0.0, 0.0, 0.07692307692307693, 0.07692307692307693, 1.0], 'tpr': [0.0, 0.25, 0.75, 0.75, 1.0, 1.0]}}}",efficientnet_b4_forniceal_palpebral_new_way,"[0.7934170122049293, 0.7723603013421403, 0.758844272620013, 0.7290726612214329, 0.7151598241053471, 0.6973405293866891, 0.6961281327974229, 0.6670763443927376, 0.6560032002779902, 0.6531328323747025, 0.6526874794441015, 0.6278553106346909, 0.6197282582724175, 0.6034074218905702, 0.6076856170381818, 0.5861874903951373, 0.5573553029371767, 0.5816901532971129, 0.5671225697004876, 0.5932634626927019, 0.5346660910009526, 0.5683731236019913, 0.5679482902799334, 0.5460122361475107, 0.5590635104244258, 0.5547239123558512, 0.5592400687081474, 0.5446489053924067, 0.5336470547176543, 0.5535196418664894]","[0.8077936768531799, 0.7961704730987549, 0.7913163304328918, 0.7879678010940552, 0.7852749824523926, 0.7811875939369202, 0.7644121646881104, 0.7582626342773438, 0.7539390325546265, 0.7581559419631958, 0.7501392960548401, 0.739647388458252, 0.7302106618881226, 0.7255282998085022, 0.7230948209762573, 0.7169714570045471, 0.7129716277122498, 0.6994557976722717, 0.7027742266654968, 0.6970897316932678, 0.6996144652366638, 0.7021616697311401, 0.68523108959198, 0.6893448233604431, 0.6878771185874939, 0.6900498867034912, 0.6876033544540405, 0.6891525983810425, 0.6870216727256775, 0.6886079907417297]","[{'accuracy': 0.4838709677419355, 'f1': 0.5294117647058824, 'sensitivity': 0.6428571428571429, 'specificity': 0.35294117647058826}, {'accuracy': 0.5806451612903226, 'f1': 0.6060606060606061, 'sensitivity': 0.7142857142857143, 'specificity': 0.47058823529411764}, {'accuracy': 0.5806451612903226, 'f1': 0.6666666666666666, 'sensitivity': 0.9285714285714286, 'specificity': 0.29411764705882354}, {'accuracy': 0.5161290322580645, 'f1': 0.6341463414634146, 'sensitivity': 0.9285714285714286, 'specificity': 0.17647058823529413}, {'accuracy': 0.5161290322580645, 'f1': 0.6341463414634146, 'sensitivity': 0.9285714285714286, 'specificity': 0.17647058823529413}, {'accuracy': 0.5483870967741935, 'f1': 0.65, 'sensitivity': 0.9285714285714286, 'specificity': 0.23529411764705882}, {'accuracy': 0.5806451612903226, 'f1': 0.6486486486486487, 'sensitivity': 0.8571428571428571, 'specificity': 0.35294117647058826}, {'accuracy': 0.6451612903225806, 'f1': 0.6857142857142857, 'sensitivity': 0.8571428571428571, 'specificity': 0.47058823529411764}, {'accuracy': 0.6451612903225806, 'f1': 0.6666666666666666, 'sensitivity': 0.7857142857142857, 'specificity': 0.5294117647058824}, {'accuracy': 0.6129032258064516, 'f1': 0.625, 'sensitivity': 0.7142857142857143, 'specificity': 0.5294117647058824}, {'accuracy': 0.7096774193548387, 'f1': 0.7096774193548387, 'sensitivity': 0.7857142857142857, 'specificity': 0.6470588235294118}, {'accuracy': 0.7419354838709677, 'f1': 0.7333333333333333, 'sensitivity': 0.7857142857142857, 'specificity': 0.7058823529411765}, {'accuracy': 0.7419354838709677, 'f1': 0.7142857142857143, 'sensitivity': 0.7142857142857143, 'specificity': 0.7647058823529411}, {'accuracy': 0.7419354838709677, 'f1': 0.7142857142857143, 'sensitivity': 0.7142857142857143, 'specificity': 0.7647058823529411}, {'accuracy': 0.7419354838709677, 'f1': 0.7142857142857143, 'sensitivity': 0.7142857142857143, 'specificity': 0.7647058823529411}, {'accuracy': 0.7419354838709677, 'f1': 0.6923076923076923, 'sensitivity': 0.6428571428571429, 'specificity': 0.8235294117647058}, {'accuracy': 0.7419354838709677, 'f1': 0.7142857142857143, 'sensitivity': 0.7142857142857143, 'specificity': 0.7647058823529411}, {'accuracy': 0.7419354838709677, 'f1': 0.7142857142857143, 'sensitivity': 0.7142857142857143, 'specificity': 0.7647058823529411}, {'accuracy': 0.7419354838709677, 'f1': 0.6923076923076923, 'sensitivity': 0.6428571428571429, 'specificity': 0.8235294117647058}, {'accuracy': 0.7419354838709677, 'f1': 0.7142857142857143, 'sensitivity': 0.7142857142857143, 'specificity': 0.7647058823529411}, {'accuracy': 0.7096774193548387, 'f1': 0.64, 'sensitivity': 0.5714285714285714, 'specificity': 0.8235294117647058}, {'accuracy': 0.7419354838709677, 'f1': 0.6923076923076923, 'sensitivity': 0.6428571428571429, 'specificity': 0.8235294117647058}, {'accuracy': 0.7419354838709677, 'f1': 0.6923076923076923, 'sensitivity': 0.6428571428571429, 'specificity': 0.8235294117647058}, {'accuracy': 0.7419354838709677, 'f1': 0.6923076923076923, 'sensitivity': 0.6428571428571429, 'specificity': 0.8235294117647058}, {'accuracy': 0.7741935483870968, 'f1': 0.7407407407407407, 'sensitivity': 0.7142857142857143, 'specificity': 0.8235294117647058}, {'accuracy': 0.7741935483870968, 'f1': 0.7407407407407407, 'sensitivity': 0.7142857142857143, 'specificity': 0.8235294117647058}, {'accuracy': 0.7741935483870968, 'f1': 0.7407407407407407, 'sensitivity': 0.7142857142857143, 'specificity': 0.8235294117647058}, {'accuracy': 0.7419354838709677, 'f1': 0.6923076923076923, 'sensitivity': 0.6428571428571429, 'specificity': 0.8235294117647058}, {'accuracy': 0.7419354838709677, 'f1': 0.6923076923076923, 'sensitivity': 0.6428571428571429, 'specificity': 0.8235294117647058}, {'accuracy': 0.7419354838709677, 'f1': 0.6923076923076923, 'sensitivity': 0.6428571428571429, 'specificity': 0.8235294117647058}]",COMPLETE
