number,value,datetime_start,datetime_complete,duration,params_dropout_rate,params_learning_rate,params_weight_decay,user_attrs_best_val_metrics,user_attrs_model_name,user_attrs_train_loss_history,user_attrs_val_loss_history,user_attrs_val_overall_metrics_history,state
4,0.8461538461538461,2026-08-08 21:53:26.053381,2026-08-08 21:54:48.052130,0 days 00:01:21.998749,0.2,0.0008179499475211679,3.752055855124284e-05,"{'overall': {'n': 33, 'accuracy': 0.8787878787878788, 'precision': 0.9166666666666666, 'recall': 0.7857142857142857, 'sensitivity': 0.7857142857142857, 'specificity': 0.9473684210526315, 'balanced_accuracy': 0.8665413533834586, 'f1': 0.8461538461538461, 'confusion_matrix': [[18, 1], [3, 11]], 'auc': 0.8947368421052632, 'roc_curve': {'fpr': [0.0, 0.05263157894736842, 0.05263157894736842, 0.2631578947368421, 0.2631578947368421, 0.3157894736842105, 0.3157894736842105, 1.0], 'tpr': [0.0, 0.0, 0.7857142857142857, 0.7857142857142857, 0.8571428571428571, 0.8571428571428571, 1.0, 1.0]}}, 'India': {'n': 14, 'accuracy': 0.8571428571428571, 'precision': 0.9, 'recall': 0.9, 'sensitivity': 0.9, 'specificity': 0.75, 'balanced_accuracy': 0.825, 'f1': 0.9, 'confusion_matrix': [[3, 1], [1, 9]], 'auc': 0.725, 'roc_curve': {'fpr': [0.0, 0.25, 0.25, 0.5, 0.5, 1.0], 'tpr': [0.0, 0.0, 0.9, 0.9, 1.0, 1.0]}}, 'Italy': {'n': 19, 'accuracy': 0.8947368421052632, 'precision': 1.0, 'recall': 0.5, 'sensitivity': 0.5, 'specificity': 1.0, 'balanced_accuracy': 0.75, 'f1': 0.6666666666666666, 'confusion_matrix': [[15, 0], [2, 2]], 'auc': 0.8666666666666667, 'roc_curve': {'fpr': [0.0, 0.0, 0.0, 0.26666666666666666, 0.26666666666666666, 1.0], 'tpr': [0.0, 0.25, 0.5, 0.5, 1.0, 1.0]}}}",efficientnet_b4_palpebral_new_way,"[0.8050877313740206, 0.7946700145866697, 0.7897479842040712, 0.7741163065101927, 0.768255541656191, 0.7635799441116535, 0.747797427982684, 0.7372279254016497, 0.7243505668955923, 0.722318382847388, 0.725417096883256, 0.7062836731506499, 0.7008068652342487, 0.69559810769479, 0.692347903914799, 0.667322571309197, 0.6753252215732802, 0.660558908585681, 0.6537200090111486, 0.6714627340139933, 0.6624265072361523, 0.6435038092120594, 0.6627415422572206, 0.6327166596785286, 0.6428877063934376, 0.6307434573868252, 0.6017583553364735, 0.6333457373625395, 0.6273829080411141, 0.6276609163410616, 0.6001380441204601, 0.605595997232475, 0.5908677163503028, 0.6032263857639388, 0.6491089842177384, 0.58734493855609, 0.5840642104875173, 0.6142402255771965, 0.6173617855602542, 0.5757574221945756, 0.5589732732993877, 0.5745367960424612, 0.5941704539273749, 0.5767030396208858, 0.5513267734192855, 0.5665480233975594, 0.5591783097248204, 0.5685231851426181, 0.5455048155310928, 0.5851687812647283, 0.5663337788439744, 0.5784139465417294, 0.5497944607639944, 0.5613719698609105, 0.5787906078313361, 0.5285860260590812, 0.541782707568036, 0.5725295873272498, 0.5360537534517957, 0.5638421094970197, 0.5527353570950742, 0.5236568510137647, 0.538422628743759, 0.5411231391477269, 0.5323990784733501, 0.520166873537152, 0.5309260136244313, 0.5234241268492692, 0.5674383517922155]","[0.8087215929320364, 0.8038348916805151, 0.7968616359161608, 0.7911990302981753, 0.784363222844673, 0.7756944208434133, 0.7718789920662389, 0.7425802241672169, 0.7230384747187296, 0.7154433113155942, 0.7097099820772806, 0.690606333992698, 0.684606342604666, 0.6782168294444229, 0.6766000877727162, 0.6741375489668413, 0.6692792303634413, 0.6590763583327784, 0.6561369336012638, 0.6442167072585134, 0.6411126472733237, 0.6407476645527463, 0.6340661590749567, 0.6276486534060854, 0.618283622192614, 0.6145516182437087, 0.6111758170705853, 0.6054821447892622, 0.6042281009934165, 0.6077043070937648, 0.6071829091418873, 0.603131373723348, 0.5994272430737814, 0.5939074248978586, 0.584487340667031, 0.5886812932563551, 0.5821171005566915, 0.5730639226508863, 0.5694373141635548, 0.5785643223560217, 0.5736274701176267, 0.5648210355729768, 0.5715673060128184, 0.5655812169566299, 0.5613884365919865, 0.5571504253329653, 0.5595954927531156, 0.5512559341661858, 0.5620265079267097, 0.5468031204108036, 0.5427145632830533, 0.540806026169748, 0.5413220181609645, 0.541669791395014, 0.531751275062561, 0.530027342565132, 0.5348722356738467, 0.537339864355145, 0.5346212856697313, 0.5243708617759474, 0.527753208622788, 0.5214575926462809, 0.5247901678085327, 0.525955283280575, 0.5271861047455759, 0.5270786140904282, 0.527984416846073, 0.5280160036954012, 0.5354248249169552]","[{'accuracy': 0.5151515151515151, 'f1': 0.5789473684210527, 'sensitivity': 0.7857142857142857, 'specificity': 0.3157894736842105}, {'accuracy': 0.6060606060606061, 'f1': 0.6486486486486487, 'sensitivity': 0.8571428571428571, 'specificity': 0.42105263157894735}, {'accuracy': 0.6666666666666666, 'f1': 0.6857142857142857, 'sensitivity': 0.8571428571428571, 'specificity': 0.5263157894736842}, {'accuracy': 0.6363636363636364, 'f1': 0.6666666666666666, 'sensitivity': 0.8571428571428571, 'specificity': 0.47368421052631576}, {'accuracy': 0.7575757575757576, 'f1': 0.75, 'sensitivity': 0.8571428571428571, 'specificity': 0.6842105263157895}, {'accuracy': 0.6666666666666666, 'f1': 0.6666666666666666, 'sensitivity': 0.7857142857142857, 'specificity': 0.5789473684210527}, {'accuracy': 0.696969696969697, 'f1': 0.6875, 'sensitivity': 0.7857142857142857, 'specificity': 0.631578947368421}, {'accuracy': 0.7575757575757576, 'f1': 0.75, 'sensitivity': 0.8571428571428571, 'specificity': 0.6842105263157895}, {'accuracy': 0.7575757575757576, 'f1': 0.75, 'sensitivity': 0.8571428571428571, 'specificity': 0.6842105263157895}, {'accuracy': 0.7272727272727273, 'f1': 0.7272727272727273, 'sensitivity': 0.8571428571428571, 'specificity': 0.631578947368421}, {'accuracy': 0.7878787878787878, 'f1': 0.7741935483870968, 'sensitivity': 0.8571428571428571, 'specificity': 0.7368421052631579}, {'accuracy': 0.8181818181818182, 'f1': 0.7857142857142857, 'sensitivity': 0.7857142857142857, 'specificity': 0.8421052631578947}, {'accuracy': 0.8484848484848485, 'f1': 0.8148148148148148, 'sensitivity': 0.7857142857142857, 'specificity': 0.8947368421052632}, {'accuracy': 0.8787878787878788, 'f1': 0.8461538461538461, 'sensitivity': 0.7857142857142857, 'specificity': 0.9473684210526315}, {'accuracy': 0.8484848484848485, 'f1': 0.8, 'sensitivity': 0.7142857142857143, 'specificity': 0.9473684210526315}, {'accuracy': 0.8484848484848485, 'f1': 0.8, 'sensitivity': 0.7142857142857143, 'specificity': 0.9473684210526315}, {'accuracy': 0.8484848484848485, 'f1': 0.8, 'sensitivity': 0.7142857142857143, 'specificity': 0.9473684210526315}, {'accuracy': 0.8181818181818182, 'f1': 0.7692307692307693, 'sensitivity': 0.7142857142857143, 'specificity': 0.8947368421052632}, {'accuracy': 0.8181818181818182, 'f1': 0.7692307692307693, 'sensitivity': 0.7142857142857143, 'specificity': 0.8947368421052632}, {'accuracy': 0.8181818181818182, 'f1': 0.7692307692307693, 'sensitivity': 0.7142857142857143, 'specificity': 0.8947368421052632}, {'accuracy': 0.8181818181818182, 'f1': 0.7692307692307693, 'sensitivity': 0.7142857142857143, 'specificity': 0.8947368421052632}, {'accuracy': 0.8181818181818182, 'f1': 0.7692307692307693, 'sensitivity': 0.7142857142857143, 'specificity': 0.8947368421052632}, {'accuracy': 0.8484848484848485, 'f1': 0.8, 'sensitivity': 0.7142857142857143, 'specificity': 0.9473684210526315}, {'accuracy': 0.8181818181818182, 'f1': 0.7692307692307693, 'sensitivity': 0.7142857142857143, 'specificity': 0.8947368421052632}, {'accuracy': 0.8181818181818182, 'f1': 0.7692307692307693, 'sensitivity': 0.7142857142857143, 'specificity': 0.8947368421052632}, {'accuracy': 0.8181818181818182, 'f1': 0.7692307692307693, 'sensitivity': 0.7142857142857143, 'specificity': 0.8947368421052632}, {'accuracy': 0.8181818181818182, 'f1': 0.7692307692307693, 'sensitivity': 0.7142857142857143, 'specificity': 0.8947368421052632}, {'accuracy': 0.8181818181818182, 'f1': 0.7692307692307693, 'sensitivity': 0.7142857142857143, 'specificity': 0.8947368421052632}, {'accuracy': 0.8181818181818182, 'f1': 0.7692307692307693, 'sensitivity': 0.7142857142857143, 'specificity': 0.8947368421052632}, {'accuracy': 0.8181818181818182, 'f1': 0.7692307692307693, 'sensitivity': 0.7142857142857143, 'specificity': 0.8947368421052632}, {'accuracy': 0.8181818181818182, 'f1': 0.7692307692307693, 'sensitivity': 0.7142857142857143, 'specificity': 0.8947368421052632}, {'accuracy': 0.8181818181818182, 'f1': 0.7692307692307693, 'sensitivity': 0.7142857142857143, 'specificity': 0.8947368421052632}, {'accuracy': 0.8181818181818182, 'f1': 0.7692307692307693, 'sensitivity': 0.7142857142857143, 'specificity': 0.8947368421052632}, {'accuracy': 0.8181818181818182, 'f1': 0.7692307692307693, 'sensitivity': 0.7142857142857143, 'specificity': 0.8947368421052632}, {'accuracy': 0.8181818181818182, 'f1': 0.7692307692307693, 'sensitivity': 0.7142857142857143, 'specificity': 0.8947368421052632}, {'accuracy': 0.8181818181818182, 'f1': 0.7692307692307693, 'sensitivity': 0.7142857142857143, 'specificity': 0.8947368421052632}, {'accuracy': 0.8181818181818182, 'f1': 0.7692307692307693, 'sensitivity': 0.7142857142857143, 'specificity': 0.8947368421052632}, {'accuracy': 0.8181818181818182, 'f1': 0.7692307692307693, 'sensitivity': 0.7142857142857143, 'specificity': 0.8947368421052632}, {'accuracy': 0.8484848484848485, 'f1': 0.8148148148148148, 'sensitivity': 0.7857142857142857, 'specificity': 0.8947368421052632}, {'accuracy': 0.8181818181818182, 'f1': 0.7692307692307693, 'sensitivity': 0.7142857142857143, 'specificity': 0.8947368421052632}, {'accuracy': 0.8181818181818182, 'f1': 0.7692307692307693, 'sensitivity': 0.7142857142857143, 'specificity': 0.8947368421052632}, {'accuracy': 0.8181818181818182, 'f1': 0.7692307692307693, 'sensitivity': 0.7142857142857143, 'specificity': 0.8947368421052632}, {'accuracy': 0.8181818181818182, 'f1': 0.7692307692307693, 'sensitivity': 0.7142857142857143, 'specificity': 0.8947368421052632}, {'accuracy': 0.8181818181818182, 'f1': 0.7692307692307693, 'sensitivity': 0.7142857142857143, 'specificity': 0.8947368421052632}, {'accuracy': 0.8181818181818182, 'f1': 0.7692307692307693, 'sensitivity': 0.7142857142857143, 'specificity': 0.8947368421052632}, {'accuracy': 0.8181818181818182, 'f1': 0.7692307692307693, 'sensitivity': 0.7142857142857143, 'specificity': 0.8947368421052632}, {'accuracy': 0.8181818181818182, 'f1': 0.7692307692307693, 'sensitivity': 0.7142857142857143, 'specificity': 0.8947368421052632}, {'accuracy': 0.8181818181818182, 'f1': 0.7692307692307693, 'sensitivity': 0.7142857142857143, 'specificity': 0.8947368421052632}, {'accuracy': 0.8181818181818182, 'f1': 0.7692307692307693, 'sensitivity': 0.7142857142857143, 'specificity': 0.8947368421052632}, {'accuracy': 0.8181818181818182, 'f1': 0.7692307692307693, 'sensitivity': 0.7142857142857143, 'specificity': 0.8947368421052632}, {'accuracy': 0.8181818181818182, 'f1': 0.7692307692307693, 'sensitivity': 0.7142857142857143, 'specificity': 0.8947368421052632}, {'accuracy': 0.8181818181818182, 'f1': 0.7692307692307693, 'sensitivity': 0.7142857142857143, 'specificity': 0.8947368421052632}, {'accuracy': 0.8181818181818182, 'f1': 0.7692307692307693, 'sensitivity': 0.7142857142857143, 'specificity': 0.8947368421052632}, {'accuracy': 0.8484848484848485, 'f1': 0.8148148148148148, 'sensitivity': 0.7857142857142857, 'specificity': 0.8947368421052632}, {'accuracy': 0.8181818181818182, 'f1': 0.7692307692307693, 'sensitivity': 0.7142857142857143, 'specificity': 0.8947368421052632}, {'accuracy': 0.8484848484848485, 'f1': 0.8148148148148148, 'sensitivity': 0.7857142857142857, 'specificity': 0.8947368421052632}, {'accuracy': 0.8181818181818182, 'f1': 0.7692307692307693, 'sensitivity': 0.7142857142857143, 'specificity': 0.8947368421052632}, {'accuracy': 0.8181818181818182, 'f1': 0.7692307692307693, 'sensitivity': 0.7142857142857143, 'specificity': 0.8947368421052632}, {'accuracy': 0.8181818181818182, 'f1': 0.7692307692307693, 'sensitivity': 0.7142857142857143, 'specificity': 0.8947368421052632}, {'accuracy': 0.8181818181818182, 'f1': 0.7692307692307693, 'sensitivity': 0.7142857142857143, 'specificity': 0.8947368421052632}, {'accuracy': 0.8181818181818182, 'f1': 0.7692307692307693, 'sensitivity': 0.7142857142857143, 'specificity': 0.8947368421052632}, {'accuracy': 0.8181818181818182, 'f1': 0.7692307692307693, 'sensitivity': 0.7142857142857143, 'specificity': 0.8947368421052632}, {'accuracy': 0.8484848484848485, 'f1': 0.8148148148148148, 'sensitivity': 0.7857142857142857, 'specificity': 0.8947368421052632}, {'accuracy': 0.8181818181818182, 'f1': 0.7692307692307693, 'sensitivity': 0.7142857142857143, 'specificity': 0.8947368421052632}, {'accuracy': 0.8181818181818182, 'f1': 0.7692307692307693, 'sensitivity': 0.7142857142857143, 'specificity': 0.8947368421052632}, {'accuracy': 0.8181818181818182, 'f1': 0.7692307692307693, 'sensitivity': 0.7142857142857143, 'specificity': 0.8947368421052632}, {'accuracy': 0.8181818181818182, 'f1': 0.7692307692307693, 'sensitivity': 0.7142857142857143, 'specificity': 0.8947368421052632}, {'accuracy': 0.8181818181818182, 'f1': 0.7692307692307693, 'sensitivity': 0.7142857142857143, 'specificity': 0.8947368421052632}, {'accuracy': 0.8181818181818182, 'f1': 0.7692307692307693, 'sensitivity': 0.7142857142857143, 'specificity': 0.8947368421052632}]",COMPLETE
