number,value,datetime_start,datetime_complete,duration,params_dropout_rate,params_learning_rate,params_weight_decay,user_attrs_best_val_metrics,user_attrs_model_name,user_attrs_train_loss_history,user_attrs_val_loss_history,user_attrs_val_overall_metrics_history,state
5,0.8125,2026-08-08 22:58:58.843263,2026-08-08 23:09:37.406021,0 days 00:10:38.562758,0.2,0.00012590032356612476,3.243056557496459e-05,"{'overall': {'n': 33, 'accuracy': 0.8181818181818182, 'precision': 0.7222222222222222, 'recall': 0.9285714285714286, 'sensitivity': 0.9285714285714286, 'specificity': 0.7368421052631579, 'balanced_accuracy': 0.8327067669172932, 'f1': 0.8125, 'confusion_matrix': [[14, 5], [1, 13]], 'auc': 0.9060150375939849, 'roc_curve': {'fpr': [0.0, 0.0, 0.0, 0.05263157894736842, 0.05263157894736842, 0.2631578947368421, 0.2631578947368421, 0.42105263157894735, 0.42105263157894735, 1.0], 'tpr': [0.0, 0.07142857142857142, 0.2857142857142857, 0.2857142857142857, 0.7857142857142857, 0.7857142857142857, 0.9285714285714286, 0.9285714285714286, 1.0, 1.0]}}, 'India': {'n': 14, 'accuracy': 0.7142857142857143, 'precision': 0.75, 'recall': 0.9, 'sensitivity': 0.9, 'specificity': 0.25, 'balanced_accuracy': 0.575, 'f1': 0.8181818181818182, 'confusion_matrix': [[1, 3], [1, 9]], 'auc': 0.7, 'roc_curve': {'fpr': [0.0, 0.0, 0.0, 0.25, 0.25, 0.75, 0.75, 1.0, 1.0], 'tpr': [0.0, 0.1, 0.3, 0.3, 0.8, 0.8, 0.9, 0.9, 1.0]}}, 'Italy': {'n': 19, 'accuracy': 0.8947368421052632, 'precision': 0.6666666666666666, 'recall': 1.0, 'sensitivity': 1.0, 'specificity': 0.8666666666666667, 'balanced_accuracy': 0.9333333333333333, 'f1': 0.8, 'confusion_matrix': [[13, 2], [0, 4]], 'auc': 0.9666666666666667, 'roc_curve': {'fpr': [0.0, 0.0, 0.0, 0.13333333333333333, 0.13333333333333333, 1.0], 'tpr': [0.0, 0.25, 0.75, 0.75, 1.0, 1.0]}}}",maxvit_small_palpebral_new_way,"[0.807772982988926, 0.8107406682526039, 0.8009035330734505, 0.7967367997232652, 0.791689615770681, 0.7852698090850123, 0.7662050230613607, 0.7787748535737297, 0.7680046554432799, 0.7648912399809882, 0.766917283961315, 0.7501177554888441, 0.7423885902821623, 0.7357402763619328, 0.7292008309174847, 0.7385587364632562, 0.7362166437881672, 0.6980377147529299, 0.7171558710123529, 0.7083378011817174, 0.7010357597016341, 0.7074571946598837, 0.7010417442448091, 0.6900681494087573, 0.6828657913681687, 0.682495282580521, 0.6786447775284976, 0.6758766904571988, 0.6632748183035693, 0.6563422790426292, 0.6517344748737007, 0.6779093983157581, 0.6580772423586309, 0.6653454899787903, 0.6621017728420283, 0.6431273624597006, 0.6336217447621932, 0.6367218675992347, 0.6385703461849137, 0.6425108771450472, 0.6289121666491426, 0.6186036530709424, 0.6201450852368842, 0.6090789832026753, 0.6284351021248773, 0.6079632533307107, 0.6086502935712701, 0.618181921393666, 0.6275885385393307, 0.6146129255263221, 0.5902997511901603, 0.5935431533301903, 0.6053640254285951, 0.5923347409987292, 0.5953667921735751, 0.5994637774315891, 0.5864745129812632, 0.5899268392695497, 0.5866840130445973, 0.5780666052110938, 0.5728078413483323, 0.5751483882499846, 0.5718242360266629, 0.5801404118537903, 0.5942021691246538, 0.5642833109723021, 0.5633501177591993, 0.5689555659199392, 0.5662657792205052, 0.5515037984248029, 0.5649564420150606, 0.5577946850006154, 0.5597302404460528, 0.5523308440549484, 0.5378524258436747, 0.5450970664719083, 0.5642390689313017, 0.5507103248147776, 0.5354885976046126, 0.5513989499073155, 0.5360579502503604, 0.530703161331202, 0.5475901838959447, 0.5358116259638047, 0.5736809582110273, 0.5486706882123126, 0.5460599155615498, 0.5496023798620464, 0.5506170060460931, 0.5541225762556721, 0.5329702492581297, 0.5301199433029882, 0.5389282652084401, 0.5543031538559111, 0.5286986551537419, 0.5391019788009441, 0.5314146355287919, 0.49719238399669824, 0.5286064140054564, 0.5270659189350557, 0.529835629936875, 0.5160337102334231, 0.5070809974575674, 0.5099499462456103, 0.5039125629608204, 0.509115642467082, 0.5157426919368718, 0.5327303334577194, 0.5219623945801464, 0.5133403758734267, 0.5238810907925991, 0.5031199498681833, 0.4933077787721394, 0.5173149148359993, 0.49515964692791564, 0.5134959278122478, 0.5174125922436745, 0.5147791378545445, 0.503699628327856, 0.4948326921620906, 0.5020753873499814, 0.4959851219164615, 0.4798939626737936, 0.49772068127891084, 0.4800005819623833, 0.48117211875536586, 0.4929772818720104, 0.5005597630083956, 0.4887283979267474, 0.48904264861384766, 0.5069536345683976, 0.4801405644574702, 0.4928599191422494, 0.4753049499546455, 0.48150829487289026, 0.47721761070339885, 0.5054195854837531, 0.5041201910041025, 0.4863060097031246, 0.4883951982915007, 0.4908723643678703, 0.47794928159934796, 0.5046250247797429, 0.47002589821026025, 0.47795516726196996, 0.5034218339730572, 0.460065661084573, 0.4797165176726335, 0.4841214232886864, 0.49538860534200607, 0.4650227265642179, 0.47083420824530897, 0.4775561183098926, 0.46135276477068465, 0.4904945232220833, 0.4818218903036307, 0.4860916958739426, 0.4561890659742797, 0.4783483941033976, 0.4851843308139321, 0.46715293913487566, 0.4651283791523106, 0.4887903956388006, 0.4780310293696574, 0.4710009672389125, 0.49750131960736205, 0.46200869355770136, 0.46692650464196866, 0.46694045193147976, 0.4839900183361887, 0.48539943627963794, 0.45984309319628786, 0.45488687224735486, 0.47127078187386723, 0.45848421150485413, 0.4783960444643008, 0.4288555711310431, 0.46629762254803386, 0.45336225806482583, 0.4705871128483324, 0.46636560717165865, 0.4595656991004944, 0.4516094924993073, 0.4572024736183369, 0.43998674406910576, 0.48395020164401326, 0.44537607664304063, 0.4823222750464812, 0.45565500440976475, 0.43607373900760876, 0.47736842545452496, 0.45986337890688156, 0.4403706252180188, 0.45113237014669455, 0.43911719637990787, 0.45719344963301095, 0.43863214838583736, 0.4825408352131875, 0.4570703757125021, 0.44342718317808694, 0.441958459007819, 0.4268289753143361, 0.4277574493000839, 0.41636471381250595, 0.4434691132693891, 0.40756220671514803, 0.45448379682389317, 0.44617615610558464, 0.44616945768823685, 0.4402072330973796, 0.4425320491096042, 0.44533442108836396, 0.41589726537268684, 0.44463158522220636, 0.4348341654862789, 0.44131764315611477, 0.44906961128411704, 0.4477426524193871, 0.4239358532902421, 0.43188139855466934, 0.4473165688135766, 0.4288490578433536, 0.44040717865457596, 0.45365243222539786, 0.45469554133762585, 0.4491480083655048, 0.4625503541223261, 0.42515493445838526, 0.4359949827194214, 0.43666615351935884, 0.44753981208959165, 0.43881298433865934]","[0.8076263214602615, 0.7976993611364653, 0.7988525773539688, 0.8002285307103937, 0.8021840182217684, 0.8037664023312655, 0.8044575109626307, 0.8005793058510983, 0.7953353000409675, 0.7874826337351943, 0.7819208376335375, 0.7768416260228013, 0.7705824320966547, 0.7649840802857371, 0.7591351848660093, 0.7545666459834937, 0.7496411872632576, 0.7435007239833022, 0.7388346122972893, 0.7337105888308901, 0.729515299652562, 0.7256885839231086, 0.7198336268916274, 0.7148960359168776, 0.7121373559489395, 0.7070265285896532, 0.7037749507210471, 0.6963616880503568, 0.6934718182592681, 0.6892415348327521, 0.6856038272380829, 0.6832654521320806, 0.679129669160554, 0.6756671612912958, 0.6723500463095579, 0.6675696607792017, 0.6646092949491559, 0.6618581739338961, 0.6584136088689169, 0.6555355588595072, 0.652833488854495, 0.6496527032418684, 0.6460889126315261, 0.6429654377879519, 0.6396635373433431, 0.6370841571778962, 0.6322390491312201, 0.6298167886156024, 0.6284779779838793, 0.6256560376196196, 0.6240031899827899, 0.6205733725518892, 0.6190387859488978, 0.616710698965824, 0.6134474367806406, 0.6106525894367334, 0.6086407574740323, 0.6076350446903345, 0.6064141212087689, 0.6035125291708744, 0.6009737162879019, 0.599192100943941, 0.5973622744733637, 0.5967231736038671, 0.5941839994806232, 0.5909740942897219, 0.5896566401828419, 0.5885066895773916, 0.5879344055146882, 0.5871220881288702, 0.5835125157327363, 0.5821368315003135, 0.5804755200039257, 0.5789913625428171, 0.576691286130385, 0.5762008753689852, 0.5740890864169959, 0.5724184982704393, 0.5714109142621359, 0.5697892109553019, 0.5676832054600571, 0.5652338392806776, 0.5632330865570994, 0.5623355616222728, 0.5620913144313928, 0.5586000897667625, 0.5582505392305779, 0.5571983384363579, 0.5566152388399298, 0.554970717791355, 0.5540112275065798, 0.553827191844131, 0.5537783467408383, 0.5507939331459276, 0.5506069082202334, 0.5483176635973381, 0.5478576493985725, 0.5465866688526038, 0.5455372405774666, 0.5431359536720045, 0.5432063268892693, 0.5433894973812681, 0.5416112235098174, 0.5414458477135861, 0.5420160835439508, 0.5407601992289225, 0.5397387237259836, 0.5373231678298025, 0.5361803806189335, 0.5357689423994585, 0.5337130192554358, 0.5338861725547097, 0.5333067323222305, 0.5312584638595581, 0.5313735152735855, 0.5296570279381492, 0.5280352144530325, 0.5274014725829616, 0.5263549595168142, 0.5255426457433989, 0.5236729889205007, 0.5261497894922892, 0.5241320566697554, 0.5224911444114916, 0.5223874431667905, 0.5211578065698798, 0.5215918403683286, 0.5214139331470836, 0.5209021026437933, 0.5203263398372766, 0.5192721684773763, 0.518772511771231, 0.5185087810863148, 0.5178119522152524, 0.5153033913988055, 0.5137318986834902, 0.5131359642202203, 0.5121179060502485, 0.5138029943812977, 0.5124525048516013, 0.5109519958496094, 0.5122925043106079, 0.5095492673642708, 0.5093783934911092, 0.5097200075785319, 0.5094638701641199, 0.5090576012929281, 0.5098892052968343, 0.5081459645069006, 0.5083595622669567, 0.5075728929404056, 0.5093581098498721, 0.5076856504787098, 0.5056090065927217, 0.5053015369357485, 0.505562525807005, 0.5037200017408892, 0.5026132157354644, 0.5023706176064231, 0.501152616558653, 0.502015876047539, 0.5020617643992106, 0.5028972192244097, 0.5023821520082878, 0.5006339116529985, 0.5019279790647102, 0.4997879953095407, 0.4997454484303792, 0.5002433567336111, 0.4995505051179366, 0.4984384197177309, 0.4981038281411836, 0.4956486333500255, 0.49677091656309186, 0.4970790400649562, 0.49814900484952057, 0.49545747583562677, 0.4960685029174342, 0.49456124594717316, 0.49376121073058155, 0.49526952613483777, 0.49540655540697504, 0.4953672524654504, 0.4945544582424742, 0.4927158572457053, 0.4915059877164436, 0.49273522694905597, 0.49273365916627826, 0.4936941175749808, 0.4942112113490249, 0.49261339144273236, 0.49256404240926105, 0.4905402732617927, 0.4918104410171509, 0.4910426139831543, 0.48939174955541437, 0.4884882190010764, 0.4916098587440722, 0.49213367158716376, 0.4911399284998576, 0.48978829022609827, 0.4905776580174764, 0.4893683231238163, 0.48756083213921747, 0.49025580738530017, 0.4886554551847053, 0.4905522411519831, 0.49010695833148377, 0.4897885322570801, 0.4862122933069865, 0.48626555096019397, 0.4839043617248535, 0.4848605863975756, 0.48395271734757855, 0.48677368958791095, 0.48579524502609717, 0.482374906539917, 0.48374199144767993, 0.4828185493295843, 0.48496840939377295, 0.48410096674254444, 0.48153045321955823, 0.4796525817928892, 0.480148763367624, 0.4777002009478482, 0.478530511711583, 0.4790384769439697, 0.4803479187416308, 0.47953630938674463, 0.47934895212000067, 0.47833237142273877, 0.4798571593833692]","[{'accuracy': 0.5454545454545454, 'f1': 0.34782608695652173, 'sensitivity': 0.2857142857142857, 'specificity': 0.7368421052631579}, {'accuracy': 0.6060606060606061, 'f1': 0.5185185185185185, 'sensitivity': 0.5, 'specificity': 0.6842105263157895}, {'accuracy': 0.5454545454545454, 'f1': 0.4827586206896552, 'sensitivity': 0.5, 'specificity': 0.5789473684210527}, {'accuracy': 0.5151515151515151, 'f1': 0.42857142857142855, 'sensitivity': 0.42857142857142855, 'specificity': 0.5789473684210527}, {'accuracy': 0.5757575757575758, 'f1': 0.5, 'sensitivity': 0.5, 'specificity': 0.631578947368421}, {'accuracy': 0.5454545454545454, 'f1': 0.5161290322580645, 'sensitivity': 0.5714285714285714, 'specificity': 0.5263157894736842}, {'accuracy': 0.5454545454545454, 'f1': 0.5161290322580645, 'sensitivity': 0.5714285714285714, 'specificity': 0.5263157894736842}, {'accuracy': 0.5757575757575758, 'f1': 0.5625, 'sensitivity': 0.6428571428571429, 'specificity': 0.5263157894736842}, {'accuracy': 0.5757575757575758, 'f1': 0.5625, 'sensitivity': 0.6428571428571429, 'specificity': 0.5263157894736842}, {'accuracy': 0.6060606060606061, 'f1': 0.6060606060606061, 'sensitivity': 0.7142857142857143, 'specificity': 0.5263157894736842}, {'accuracy': 0.5757575757575758, 'f1': 0.5882352941176471, 'sensitivity': 0.7142857142857143, 'specificity': 0.47368421052631576}, {'accuracy': 0.6060606060606061, 'f1': 0.6285714285714286, 'sensitivity': 0.7857142857142857, 'specificity': 0.47368421052631576}, {'accuracy': 0.6363636363636364, 'f1': 0.6470588235294118, 'sensitivity': 0.7857142857142857, 'specificity': 0.5263157894736842}, {'accuracy': 0.6363636363636364, 'f1': 0.6470588235294118, 'sensitivity': 0.7857142857142857, 'specificity': 0.5263157894736842}, {'accuracy': 0.696969696969697, 'f1': 0.6875, 'sensitivity': 0.7857142857142857, 'specificity': 0.631578947368421}, {'accuracy': 0.696969696969697, 'f1': 0.6875, 'sensitivity': 0.7857142857142857, 'specificity': 0.631578947368421}, {'accuracy': 0.696969696969697, 'f1': 0.6875, 'sensitivity': 0.7857142857142857, 'specificity': 0.631578947368421}, {'accuracy': 0.696969696969697, 'f1': 0.6875, 'sensitivity': 0.7857142857142857, 'specificity': 0.631578947368421}, {'accuracy': 0.7272727272727273, 'f1': 0.7272727272727273, 'sensitivity': 0.8571428571428571, 'specificity': 0.631578947368421}, {'accuracy': 0.7272727272727273, 'f1': 0.7272727272727273, 'sensitivity': 0.8571428571428571, 'specificity': 0.631578947368421}, {'accuracy': 0.7272727272727273, 'f1': 0.7272727272727273, 'sensitivity': 0.8571428571428571, 'specificity': 0.631578947368421}, {'accuracy': 0.7575757575757576, 'f1': 0.75, 'sensitivity': 0.8571428571428571, 'specificity': 0.6842105263157895}, {'accuracy': 0.7575757575757576, 'f1': 0.75, 'sensitivity': 0.8571428571428571, 'specificity': 0.6842105263157895}, {'accuracy': 0.7575757575757576, 'f1': 0.75, 'sensitivity': 0.8571428571428571, 'specificity': 0.6842105263157895}, {'accuracy': 0.7878787878787878, 'f1': 0.7741935483870968, 'sensitivity': 0.8571428571428571, 'specificity': 0.7368421052631579}, {'accuracy': 0.7878787878787878, 'f1': 0.7741935483870968, 'sensitivity': 0.8571428571428571, 'specificity': 0.7368421052631579}, {'accuracy': 0.7878787878787878, 'f1': 0.7741935483870968, 'sensitivity': 0.8571428571428571, 'specificity': 0.7368421052631579}, {'accuracy': 0.7878787878787878, 'f1': 0.7741935483870968, 'sensitivity': 0.8571428571428571, 'specificity': 0.7368421052631579}, {'accuracy': 0.7878787878787878, 'f1': 0.7741935483870968, 'sensitivity': 0.8571428571428571, 'specificity': 0.7368421052631579}, {'accuracy': 0.7878787878787878, 'f1': 0.7741935483870968, 'sensitivity': 0.8571428571428571, 'specificity': 0.7368421052631579}, {'accuracy': 0.7878787878787878, 'f1': 0.7741935483870968, 'sensitivity': 0.8571428571428571, 'specificity': 0.7368421052631579}, {'accuracy': 0.7575757575757576, 'f1': 0.7333333333333333, 'sensitivity': 0.7857142857142857, 'specificity': 0.7368421052631579}, {'accuracy': 0.7575757575757576, 'f1': 0.7333333333333333, 'sensitivity': 0.7857142857142857, 'specificity': 0.7368421052631579}, {'accuracy': 0.7575757575757576, 'f1': 0.7333333333333333, 'sensitivity': 0.7857142857142857, 'specificity': 0.7368421052631579}, {'accuracy': 0.7878787878787878, 'f1': 0.7586206896551724, 'sensitivity': 0.7857142857142857, 'specificity': 0.7894736842105263}, {'accuracy': 0.8181818181818182, 'f1': 0.8125, 'sensitivity': 0.9285714285714286, 'specificity': 0.7368421052631579}, {'accuracy': 0.7575757575757576, 'f1': 0.7333333333333333, 'sensitivity': 0.7857142857142857, 'specificity': 0.7368421052631579}, {'accuracy': 0.7575757575757576, 'f1': 0.7333333333333333, 'sensitivity': 0.7857142857142857, 'specificity': 0.7368421052631579}, {'accuracy': 0.7878787878787878, 'f1': 0.7741935483870968, 'sensitivity': 0.8571428571428571, 'specificity': 0.7368421052631579}, {'accuracy': 0.7878787878787878, 'f1': 0.7741935483870968, 'sensitivity': 0.8571428571428571, 'specificity': 0.7368421052631579}, {'accuracy': 0.7575757575757576, 'f1': 0.75, 'sensitivity': 0.8571428571428571, 'specificity': 0.6842105263157895}, {'accuracy': 0.7575757575757576, 'f1': 0.75, 'sensitivity': 0.8571428571428571, 'specificity': 0.6842105263157895}, {'accuracy': 0.7575757575757576, 'f1': 0.75, 'sensitivity': 0.8571428571428571, 'specificity': 0.6842105263157895}, {'accuracy': 0.7575757575757576, 'f1': 0.75, 'sensitivity': 0.8571428571428571, 'specificity': 0.6842105263157895}, {'accuracy': 0.7272727272727273, 'f1': 0.7096774193548387, 'sensitivity': 0.7857142857142857, 'specificity': 0.6842105263157895}, {'accuracy': 0.7272727272727273, 'f1': 0.7096774193548387, 'sensitivity': 0.7857142857142857, 'specificity': 0.6842105263157895}, {'accuracy': 0.7575757575757576, 'f1': 0.75, 'sensitivity': 0.8571428571428571, 'specificity': 0.6842105263157895}, {'accuracy': 0.7575757575757576, 'f1': 0.75, 'sensitivity': 0.8571428571428571, 'specificity': 0.6842105263157895}, {'accuracy': 0.7575757575757576, 'f1': 0.75, 'sensitivity': 0.8571428571428571, 'specificity': 0.6842105263157895}, {'accuracy': 0.7575757575757576, 'f1': 0.7333333333333333, 'sensitivity': 0.7857142857142857, 'specificity': 0.7368421052631579}, {'accuracy': 0.7575757575757576, 'f1': 0.7333333333333333, 'sensitivity': 0.7857142857142857, 'specificity': 0.7368421052631579}, {'accuracy': 0.7575757575757576, 'f1': 0.7333333333333333, 'sensitivity': 0.7857142857142857, 'specificity': 0.7368421052631579}, {'accuracy': 0.7575757575757576, 'f1': 0.7333333333333333, 'sensitivity': 0.7857142857142857, 'specificity': 0.7368421052631579}, {'accuracy': 0.7575757575757576, 'f1': 0.7333333333333333, 'sensitivity': 0.7857142857142857, 'specificity': 0.7368421052631579}, {'accuracy': 0.7575757575757576, 'f1': 0.7333333333333333, 'sensitivity': 0.7857142857142857, 'specificity': 0.7368421052631579}, {'accuracy': 0.7575757575757576, 'f1': 0.7333333333333333, 'sensitivity': 0.7857142857142857, 'specificity': 0.7368421052631579}, {'accuracy': 0.7575757575757576, 'f1': 0.7333333333333333, 'sensitivity': 0.7857142857142857, 'specificity': 0.7368421052631579}, {'accuracy': 0.7575757575757576, 'f1': 0.7333333333333333, 'sensitivity': 0.7857142857142857, 'specificity': 0.7368421052631579}, {'accuracy': 0.7575757575757576, 'f1': 0.7333333333333333, 'sensitivity': 0.7857142857142857, 'specificity': 0.7368421052631579}, {'accuracy': 0.7575757575757576, 'f1': 0.7333333333333333, 'sensitivity': 0.7857142857142857, 'specificity': 0.7368421052631579}, {'accuracy': 0.7575757575757576, 'f1': 0.7333333333333333, 'sensitivity': 0.7857142857142857, 'specificity': 0.7368421052631579}, {'accuracy': 0.7575757575757576, 'f1': 0.7333333333333333, 'sensitivity': 0.7857142857142857, 'specificity': 0.7368421052631579}, {'accuracy': 0.7575757575757576, 'f1': 0.7333333333333333, 'sensitivity': 0.7857142857142857, 'specificity': 0.7368421052631579}, {'accuracy': 0.7575757575757576, 'f1': 0.7333333333333333, 'sensitivity': 0.7857142857142857, 'specificity': 0.7368421052631579}, {'accuracy': 0.7575757575757576, 'f1': 0.7333333333333333, 'sensitivity': 0.7857142857142857, 'specificity': 0.7368421052631579}, {'accuracy': 0.7575757575757576, 'f1': 0.7333333333333333, 'sensitivity': 0.7857142857142857, 'specificity': 0.7368421052631579}, {'accuracy': 0.7575757575757576, 'f1': 0.7333333333333333, 'sensitivity': 0.7857142857142857, 'specificity': 0.7368421052631579}, {'accuracy': 0.7575757575757576, 'f1': 0.7333333333333333, 'sensitivity': 0.7857142857142857, 'specificity': 0.7368421052631579}, {'accuracy': 0.7575757575757576, 'f1': 0.7333333333333333, 'sensitivity': 0.7857142857142857, 'specificity': 0.7368421052631579}, {'accuracy': 0.7575757575757576, 'f1': 0.7333333333333333, 'sensitivity': 0.7857142857142857, 'specificity': 0.7368421052631579}, {'accuracy': 0.7575757575757576, 'f1': 0.7333333333333333, 'sensitivity': 0.7857142857142857, 'specificity': 0.7368421052631579}, {'accuracy': 0.7575757575757576, 'f1': 0.7333333333333333, 'sensitivity': 0.7857142857142857, 'specificity': 0.7368421052631579}, {'accuracy': 0.7575757575757576, 'f1': 0.7333333333333333, 'sensitivity': 0.7857142857142857, 'specificity': 0.7368421052631579}, {'accuracy': 0.7575757575757576, 'f1': 0.7333333333333333, 'sensitivity': 0.7857142857142857, 'specificity': 0.7368421052631579}, {'accuracy': 0.7575757575757576, 'f1': 0.7333333333333333, 'sensitivity': 0.7857142857142857, 'specificity': 0.7368421052631579}, {'accuracy': 0.7575757575757576, 'f1': 0.7333333333333333, 'sensitivity': 0.7857142857142857, 'specificity': 0.7368421052631579}, {'accuracy': 0.7575757575757576, 'f1': 0.7333333333333333, 'sensitivity': 0.7857142857142857, 'specificity': 0.7368421052631579}, {'accuracy': 0.7575757575757576, 'f1': 0.7333333333333333, 'sensitivity': 0.7857142857142857, 'specificity': 0.7368421052631579}, {'accuracy': 0.7575757575757576, 'f1': 0.7333333333333333, 'sensitivity': 0.7857142857142857, 'specificity': 0.7368421052631579}, {'accuracy': 0.7575757575757576, 'f1': 0.7333333333333333, 'sensitivity': 0.7857142857142857, 'specificity': 0.7368421052631579}, {'accuracy': 0.7575757575757576, 'f1': 0.7333333333333333, 'sensitivity': 0.7857142857142857, 'specificity': 0.7368421052631579}, {'accuracy': 0.7575757575757576, 'f1': 0.7333333333333333, 'sensitivity': 0.7857142857142857, 'specificity': 0.7368421052631579}, {'accuracy': 0.7575757575757576, 'f1': 0.7333333333333333, 'sensitivity': 0.7857142857142857, 'specificity': 0.7368421052631579}, {'accuracy': 0.7575757575757576, 'f1': 0.7333333333333333, 'sensitivity': 0.7857142857142857, 'specificity': 0.7368421052631579}, {'accuracy': 0.7575757575757576, 'f1': 0.7333333333333333, 'sensitivity': 0.7857142857142857, 'specificity': 0.7368421052631579}, {'accuracy': 0.7575757575757576, 'f1': 0.733333333333333