number,value,datetime_start,datetime_complete,duration,params_dropout_rate,params_learning_rate,params_weight_decay,user_attrs_best_val_metrics,user_attrs_model_name,user_attrs_train_loss_history,user_attrs_val_loss_history,user_attrs_val_overall_metrics_history,state
6,0.7741935483870968,2026-08-08 23:09:37.406414,2026-08-08 23:10:00.495585,0 days 00:00:23.089171,0.2,0.06264278041381323,3.218056412620644e-05,"{'overall': {'n': 33, 'accuracy': 0.7878787878787878, 'precision': 0.7058823529411765, 'recall': 0.8571428571428571, 'sensitivity': 0.8571428571428571, 'specificity': 0.7368421052631579, 'balanced_accuracy': 0.7969924812030075, 'f1': 0.7741935483870968, 'confusion_matrix': [[14, 5], [2, 12]], 'auc': 0.8571428571428572, 'roc_curve': {'fpr': [0.0, 0.0, 0.0, 0.05263157894736842, 0.05263157894736842, 0.15789473684210525, 0.15789473684210525, 0.21052631578947367, 0.21052631578947367, 0.3157894736842105, 0.3157894736842105, 0.47368421052631576, 0.47368421052631576, 1.0], 'tpr': [0.0, 0.07142857142857142, 0.21428571428571427, 0.21428571428571427, 0.5, 0.5, 0.5714285714285714, 0.5714285714285714, 0.8571428571428571, 0.8571428571428571, 0.9285714285714286, 0.9285714285714286, 1.0, 1.0]}}, 'India': {'n': 14, 'accuracy': 0.7857142857142857, 'precision': 0.8181818181818182, 'recall': 0.9, 'sensitivity': 0.9, 'specificity': 0.5, 'balanced_accuracy': 0.7, 'f1': 0.8571428571428571, 'confusion_matrix': [[2, 2], [1, 9]], 'auc': 0.7, 'roc_curve': {'fpr': [0.0, 0.0, 0.0, 0.25, 0.25, 0.5, 0.5, 0.75, 0.75, 1.0], 'tpr': [0.0, 0.1, 0.4, 0.4, 0.5, 0.5, 0.9, 0.9, 1.0, 1.0]}}, 'Italy': {'n': 19, 'accuracy': 0.7894736842105263, 'precision': 0.5, 'recall': 0.75, 'sensitivity': 0.75, 'specificity': 0.8, 'balanced_accuracy': 0.775, 'f1': 0.6, 'confusion_matrix': [[12, 3], [1, 3]], 'auc': 0.9166666666666667, 'roc_curve': {'fpr': [0.0, 0.0, 0.0, 0.06666666666666667, 0.06666666666666667, 0.26666666666666666, 0.26666666666666666, 1.0], 'tpr': [0.0, 0.25, 0.5, 0.5, 0.75, 0.75, 1.0, 1.0]}}}",maxvit_small_palpebral_new_way,"[1.1489101782539823, 0.7430071045231346, 0.5906059773552497, 0.49105531944344377, 0.6211088323435247, 0.4484233414100495, 0.47797707413995505, 0.48154952668196316]","[0.6164548613808372, 0.8300504539952134, 0.9336768063631925, 1.1989275758916682, 0.9715040235808401, 0.7974276398167466, 0.7173716516205759, 0.6494855013760653]","[{'accuracy': 0.8181818181818182, 'f1': 0.75, 'sensitivity': 0.6428571428571429, 'specificity': 0.9473684210526315}, {'accuracy': 0.7575757575757576, 'f1': 0.6666666666666666, 'sensitivity': 0.5714285714285714, 'specificity': 0.8947368421052632}, {'accuracy': 0.6666666666666666, 'f1': 0.6666666666666666, 'sensitivity': 0.7857142857142857, 'specificity': 0.5789473684210527}, {'accuracy': 0.6666666666666666, 'f1': 0.5217391304347826, 'sensitivity': 0.42857142857142855, 'specificity': 0.8421052631578947}, {'accuracy': 0.7272727272727273, 'f1': 0.6666666666666666, 'sensitivity': 0.6428571428571429, 'specificity': 0.7894736842105263}, {'accuracy': 0.7878787878787878, 'f1': 0.7586206896551724, 'sensitivity': 0.7857142857142857, 'specificity': 0.7894736842105263}, {'accuracy': 0.7272727272727273, 'f1': 0.6896551724137931, 'sensitivity': 0.7142857142857143, 'specificity': 0.7368421052631579}, {'accuracy': 0.7878787878787878, 'f1': 0.7741935483870968, 'sensitivity': 0.8571428571428571, 'specificity': 0.7368421052631579}]",COMPLETE
7,0.8,2026-08-08 23:10:00.495943,2026-08-08 23:11:20.823670,0 days 00:01:20.327727,0.2,0.0018546158842013202,1.1919385447560684e-06,"{'overall': {'n': 33, 'accuracy': 0.8181818181818182, 'precision': 0.75, 'recall': 0.8571428571428571, 'sensitivity': 0.8571428571428571, 'specificity': 0.7894736842105263, 'balanced_accuracy': 0.8233082706766917, 'f1': 0.8, 'confusion_matrix': [[15, 4], [2, 12]], 'auc': 0.8909774436090225, 'roc_curve': {'fpr': [0.0, 0.0, 0.05263157894736842, 0.05263157894736842, 0.10526315789473684, 0.10526315789473684, 0.15789473684210525, 0.15789473684210525, 0.21052631578947367, 0.21052631578947367, 0.3157894736842105, 0.3157894736842105, 1.0], 'tpr': [0.0, 0.07142857142857142, 0.07142857142857142, 0.6428571428571429, 0.6428571428571429, 0.7142857142857143, 0.7142857142857143, 0.7857142857142857, 0.7857142857142857, 0.8571428571428571, 0.8571428571428571, 1.0, 1.0]}}, 'India': {'n': 14, 'accuracy': 0.7142857142857143, 'precision': 0.75, 'recall': 0.9, 'sensitivity': 0.9, 'specificity': 0.25, 'balanced_accuracy': 0.575, 'f1': 0.8181818181818182, 'confusion_matrix': [[1, 3], [1, 9]], 'auc': 0.775, 'roc_curve': {'fpr': [0.0, 0.0, 0.0, 0.25, 0.25, 0.5, 0.5, 0.75, 0.75, 1.0], 'tpr': [0.0, 0.1, 0.6, 0.6, 0.7, 0.7, 0.8, 0.8, 1.0, 1.0]}}, 'Italy': {'n': 19, 'accuracy': 0.8947368421052632, 'precision': 0.75, 'recall': 0.75, 'sensitivity': 0.75, 'specificity': 0.9333333333333333, 'balanced_accuracy': 0.8416666666666667, 'f1': 0.75, 'confusion_matrix': [[14, 1], [1, 3]], 'auc': 0.9166666666666667, 'roc_curve': {'fpr': [0.0, 0.0, 0.06666666666666667, 0.06666666666666667, 0.2, 0.2, 1.0], 'tpr': [0.0, 0.25, 0.25, 0.75, 0.75, 1.0, 1.0]}}}",maxvit_small_palpebral_new_way,"[0.7851277293748413, 0.6962594457020034, 0.640519594119874, 0.6103130993464135, 0.5622443517312309, 0.5457357906347868, 0.5412067060439002, 0.5315420386807018, 0.4729682027504144, 0.5221420958736874, 0.5072212558708443, 0.4605537514812899, 0.4755051428119078, 0.47514489924670844, 0.44122845131829874, 0.45069320786078243, 0.46525757162776216, 0.4466782312914236, 0.44244174254651103, 0.4184895370969709, 0.3913400652787543, 0.3777577095473839, 0.43625199676349463, 0.40738691142852734, 0.4226615065770433, 0.40721943461342364, 0.3924103876612834, 0.43508904856561825, 0.39403339115199665]","[0.7797278779925723, 0.7510290001377915, 0.7265848463231867, 0.6661736531691118, 0.5958844929030447, 0.5670029394554369, 0.5368325565800522, 0.5186207005471895, 0.5067461584553574, 0.4987956177104603, 0.49045219927123096, 0.4872046672936642, 0.48684066714662494, 0.48569398576563055, 0.48094246965466125, 0.4741359840739857, 0.4723349195538145, 0.4737885865298184, 0.47179940252593067, 0.4643566897421172, 0.46132860039219714, 0.45889899224945996, 0.46107045086947357, 0.4635007092446992, 0.46001701643972687, 0.4663437641028202, 0.4695691737261685, 0.4680270787441369, 0.4660603241486983]","[{'accuracy': 0.5454545454545454, 'f1': 0.0, 'sensitivity': 0.0, 'specificity': 0.9473684210526315}, {'accuracy': 0.6666666666666666, 'f1': 0.42105263157894735, 'sensitivity': 0.2857142857142857, 'specificity': 0.9473684210526315}, {'accuracy': 0.6666666666666666, 'f1': 0.47619047619047616, 'sensitivity': 0.35714285714285715, 'specificity': 0.8947368421052632}, {'accuracy': 0.7575757575757576, 'f1': 0.6666666666666666, 'sensitivity': 0.5714285714285714, 'specificity': 0.8947368421052632}, {'accuracy': 0.8181818181818182, 'f1': 0.7857142857142857, 'sensitivity': 0.7857142857142857, 'specificity': 0.8421052631578947}, {'accuracy': 0.8181818181818182, 'f1': 0.7857142857142857, 'sensitivity': 0.7857142857142857, 'specificity': 0.8421052631578947}, {'accuracy': 0.7575757575757576, 'f1': 0.7333333333333333, 'sensitivity': 0.7857142857142857, 'specificity': 0.7368421052631579}, {'accuracy': 0.7575757575757576, 'f1': 0.7333333333333333, 'sensitivity': 0.7857142857142857, 'specificity': 0.7368421052631579}, {'accuracy': 0.7575757575757576, 'f1': 0.7333333333333333, 'sensitivity': 0.7857142857142857, 'specificity': 0.7368421052631579}, {'accuracy': 0.7878787878787878, 'f1': 0.7586206896551724, 'sensitivity': 0.7857142857142857, 'specificity': 0.7894736842105263}, {'accuracy': 0.7575757575757576, 'f1': 0.7333333333333333, 'sensitivity': 0.7857142857142857, 'specificity': 0.7368421052631579}, {'accuracy': 0.7878787878787878, 'f1': 0.7741935483870968, 'sensitivity': 0.8571428571428571, 'specificity': 0.7368421052631579}, {'accuracy': 0.7878787878787878, 'f1': 0.7741935483870968, 'sensitivity': 0.8571428571428571, 'specificity': 0.7368421052631579}, {'accuracy': 0.7878787878787878, 'f1': 0.7741935483870968, 'sensitivity': 0.8571428571428571, 'specificity': 0.7368421052631579}, {'accuracy': 0.7878787878787878, 'f1': 0.7741935483870968, 'sensitivity': 0.8571428571428571, 'specificity': 0.7368421052631579}, {'accuracy': 0.7878787878787878, 'f1': 0.7586206896551724, 'sensitivity': 0.7857142857142857, 'specificity': 0.7894736842105263}, {'accuracy': 0.7878787878787878, 'f1': 0.7586206896551724, 'sensitivity': 0.7857142857142857, 'specificity': 0.7894736842105263}, {'accuracy': 0.7878787878787878, 'f1': 0.7586206896551724, 'sensitivity': 0.7857142857142857, 'specificity': 0.7894736842105263}, {'accuracy': 0.7878787878787878, 'f1': 0.7741935483870968, 'sensitivity': 0.8571428571428571, 'specificity': 0.7368421052631579}, {'accuracy': 0.8181818181818182, 'f1': 0.8, 'sensitivity': 0.8571428571428571, 'specificity': 0.7894736842105263}, {'accuracy': 0.8181818181818182, 'f1': 0.8, 'sensitivity': 0.8571428571428571, 'specificity': 0.7894736842105263}, {'accuracy': 0.8181818181818182, 'f1': 0.8, 'sensitivity': 0.8571428571428571, 'specificity': 0.7894736842105263}, {'accuracy': 0.8181818181818182, 'f1': 0.8, 'sensitivity': 0.8571428571428571, 'specificity': 0.7894736842105263}, {'accuracy': 0.8181818181818182, 'f1': 0.8, 'sensitivity': 0.8571428571428571, 'specificity': 0.7894736842105263}, {'accuracy': 0.8181818181818182, 'f1': 0.8, 'sensitivity': 0.8571428571428571, 'specificity': 0.7894736842105263}, {'accuracy': 0.7878787878787878, 'f1': 0.7741935483870968, 'sensitivity': 0.8571428571428571, 'specificity': 0.7368421052631579}, {'accuracy': 0.7878787878787878, 'f1': 0.7878787878787878, 'sensitivity': 0.9285714285714286, 'specificity': 0.6842105263157895}, {'accuracy': 0.7575757575757576, 'f1': 0.75, 'sensitivity': 0.8571428571428571, 'specificity': 0.6842105263157895}, {'accuracy': 0.7878787878787878, 'f1': 0.7741935483870968, 'sensitivity': 0.8571428571428571, 'specificity': 0.7368421052631579}]",COMPLETE
8,0.8148148148148148,2026-08-08 23:11:20.824142,2026-08-08 23:12:25.067555,0 days 00:01:04.243413,0.2,0.008533716477932937,0.0008929908257203993,"{'overall': {'n': 33, 'accuracy': 0.8484848484848485, 'precision': 0.8461538461538461, 'recall': 0.7857142857142857, 'sensitivity': 0.7857142857142857, 'specificity': 0.8947368421052632, 'balanced_accuracy': 0.8402255639097744, 'f1': 0.8148148148148148, 'confusion_matrix': [[17, 2], [3, 11]], 'auc': 0.9135338345864661, 'roc_curve': {'fpr': [0.0, 0.0, 0.0, 0.05263157894736842, 0.05263157894736842, 0.10526315789473684, 0.10526315789473684, 0.3684210526315789, 0.3684210526315789, 1.0], 'tpr': [0.0, 0.07142857142857142, 0.35714285714285715, 0.35714285714285715, 0.7142857142857143, 0.7142857142857143, 0.8571428571428571, 0.8571428571428571, 1.0, 1.0]}}, 'India': {'n': 14, 'accuracy': 0.8571428571428571, 'precision': 1.0, 'recall': 0.8, 'sensitivity': 0.8, 'specificity': 1.0, 'balanced_accuracy': 0.9, 'f1': 0.8888888888888888, 'confusion_matrix': [[4, 0], [2, 8]], 'auc': 0.925, 'roc_curve': {'fpr': [0.0, 0.0, 0.0, 0.75, 0.75, 1.0], 'tpr': [0.0, 0.1, 0.9, 0.9, 1.0, 1.0]}}, 'Italy': {'n': 19, 'accuracy': 0.8421052631578947, 'precision': 0.6, 'recall': 0.75, 'sensitivity': 0.75, 'specificity': 0.8666666666666667, 'balanced_accuracy': 0.8083333333333333, 'f1': 0.6666666666666666, 'confusion_matrix': [[13, 2], [1, 3]], 'auc': 0.9166666666666667, 'roc_curve': {'fpr': [0.0, 0.0, 0.0, 0.06666666666666667, 0.06666666666666667, 0.26666666666666666, 0.26666666666666666, 1.0], 'tpr': [0.0, 0.25, 0.5, 0.5, 0.75, 0.75, 1.0, 1.0]}}}",maxvit_small_palpebral_new_way,"[0.7360678303320676, 0.5181157975796832, 0.5156020751062608, 0.4163590866998331, 0.42258876759484904, 0.42147455665449435, 0.40156957487396844, 0.39329993290616977, 0.3778941958945319, 0.3404274395364799, 0.33610023370641745, 0.4064728142015192, 0.3163583347734237, 0.3964975711130938, 0.33325275936663545, 0.3847516966576608, 0.3089437230138589, 0.346320290833909, 0.3741044901459422, 0.2758027889475917, 0.318884361263932, 0.29054515369680545, 0.42471386304754294]","[0.7124791903929277, 0.6659369143572721, 0.6811434789137407, 0.6037052400184401, 0.5675496260325114, 0.5447600682576498, 0.5537283203818582, 0.5328383734731963, 0.5237801291725852, 0.49643569642847235, 0.4761419079520486, 0.4679763606100371, 0.4718069416103941, 0.48708500645377417, 0.45700162107294257, 0.4437967502709591, 0.45088859037919476, 0.4450535701982903, 0.4493715835340095, 0.48438600337866583, 0.5250714403210264, 0.4819808801015218, 0.4887990879290032]","[{'accuracy': 0.6363636363636364, 'f1': 0.3333333333333333, 'sensitivity': 0.21428571428571427, 'specificity': 0.9473684210526315}, {'accuracy': 0.696969696969697, 'f1': 0.5454545454545454, 'sensitivity': 0.42857142857142855, 'specificity': 0.8947368421052632}, {'accuracy': 0.7272727272727273, 'f1': 0.5714285714285714, 'sensitivity': 0.42857142857142855, 'specificity': 0.9473684210526315}, {'accuracy': 0.7575757575757576, 'f1': 0.6666666666666666, 'sensitivity': 0.5714285714285714, 'specificity': 0.8947368421052632}, {'accuracy': 0.8181818181818182, 'f1': 0.7692307692307693, 'sensitivity': 0.7142857142857143, 'specificity': 0.8947368421052632}, {'accuracy': 0.7878787878787878, 'f1': 0.7586206896551724, 'sensitivity': 0.7857142857142857, 'specificity': 0.7894736842105263}, {'accuracy': 0.7575757575757576, 'f1': 0.6923076923076923, 'sensitivity': 0.6428571428571429, 'specificity': 0.8421052631578947}, {'accuracy': 0.7575757575757576, 'f1': 0.7333333333333333, 'sensitivity': 0.7857142857142857, 'specificity': 0.7368421052631579}, {'accuracy': 0.7575757575757576, 'f1': 0.75, 'sensitivity': 0.8571428571428571, 'specificity': 0.6842105263157895}, {'accuracy': 0.7575757575757576, 'f1': 0.75, 'sensitivity': 0.8571428571428571, 'specificity': 0.6842105263157895}, {'accuracy': 0.8181818181818182, 'f1': 0.8, 'sensitivity': 0.8571428571428571, 'specificity': 0.7894736842105263}, {'accuracy': 0.8181818181818182, 'f1': 0.8, 'sensitivity': 0.8571428571428571, 'specificity': 0.7894736842105263}, {'accuracy': 0.8181818181818182, 'f1': 0.8, 'sensitivity': 0.8571428571428571, 'specificity': 0.7894736842105263}, {'accuracy': 0.7575757575757576, 'f1': 0.75, 'sensitivity': 0.8571428571428571, 'specificity': 0.6842105263157895}, {'accuracy': 0.8484848484848485, 'f1': 0.8148148148148148, 'sensitivity': 0.7857142857142857, 'specificity': 0.8947368421052632}, {'accuracy': 0.7878787878787878, 'f1': 0.7741935483870968, 'sensitivity': 0.8571428571428571, 'specificity': 0.7368421052631579}, {'accuracy': 0.7878787878787878, 'f1': 0.7741935483870968, 'sensitivity': 0.8571428571428571, 'specificity': 0.7368421052631579}, {'accuracy': 0.7878787878787878, 'f1': 0.7741935483870968, 'sensitivity': 0.8571428571428571, 'specificity': 0.7368421052631579}, {'accuracy': 0.8181818181818182, 'f1': 0.8, 'sensitivity': 0.8571428571428571, 'specificity': 0.7894736842105263}, {'accuracy': 0.7272727272727273, 'f1': 0.7272727272727273, 'sensitivity': 0.8571428571428571, 'specificity': 0.631578947368421}, {'accuracy': 0.7272727272727273, 'f1': 0.7428571428571429, 'sensitivity': 0.9285714285714286, 'specificity': 0.5789473684210527}, {'accuracy': 0.8181818181818182, 'f1': 0.8, 'sensitivity': 0.8571428571428571, 'specificity': 0.7894736842105263}, {'accuracy': 0.8181818181818182, 'f1': 0.8, 'sensitivity': 0.8571428571428571, 'specificity': 0.7894736842105263}]",COMPLETE
