number,value,datetime_start,datetime_complete,duration,params_dropout_rate,params_learning_rate,params_weight_decay,user_attrs_best_val_metrics,user_attrs_model_name,user_attrs_train_loss_history,user_attrs_val_loss_history,user_attrs_val_overall_metrics_history,state
11,0.8461538461538461,2026-08-08 23:16:18.382793,2026-08-08 23:17:25.464834,0 days 00:01:07.082041,0.5,0.003704279325456271,0.0001488394312303403,"{'overall': {'n': 33, 'accuracy': 0.8787878787878788, 'precision': 0.9166666666666666, 'recall': 0.7857142857142857, 'sensitivity': 0.7857142857142857, 'specificity': 0.9473684210526315, 'balanced_accuracy': 0.8665413533834586, 'f1': 0.8461538461538461, 'confusion_matrix': [[18, 1], [3, 11]], 'auc': 0.924812030075188, 'roc_curve': {'fpr': [0.0, 0.0, 0.05263157894736842, 0.05263157894736842, 0.42105263157894735, 0.42105263157894735, 1.0], 'tpr': [0.0, 0.07142857142857142, 0.07142857142857142, 0.9285714285714286, 0.9285714285714286, 1.0, 1.0]}}, 'India': {'n': 14, 'accuracy': 0.8571428571428571, 'precision': 1.0, 'recall': 0.8, 'sensitivity': 0.8, 'specificity': 1.0, 'balanced_accuracy': 0.9, 'f1': 0.8888888888888888, 'confusion_matrix': [[4, 0], [2, 8]], 'auc': 0.95, 'roc_curve': {'fpr': [0.0, 0.0, 0.0, 0.5, 0.5, 1.0], 'tpr': [0.0, 0.1, 0.9, 0.9, 1.0, 1.0]}}, 'Italy': {'n': 19, 'accuracy': 0.8947368421052632, 'precision': 0.75, 'recall': 0.75, 'sensitivity': 0.75, 'specificity': 0.9333333333333333, 'balanced_accuracy': 0.8416666666666667, 'f1': 0.75, 'confusion_matrix': [[14, 1], [1, 3]], 'auc': 0.9333333333333333, 'roc_curve': {'fpr': [0.0, 0.06666666666666667, 0.06666666666666667, 1.0], 'tpr': [0.0, 0.0, 1.0, 1.0]}}}",maxvit_small_palpebral_new_way,"[0.7386387618172248, 0.6437530932047509, 0.5434177446839036, 0.5199973851639703, 0.5294772003660139, 0.46589666308946165, 0.4635422249503483, 0.5119916597344228, 0.5175584388884488, 0.4324748322663718, 0.4986659750243686, 0.3960452387664492, 0.46726383081335104, 0.42435537762199804, 0.4057616546059286, 0.42756771133435484, 0.4151478078191643, 0.4328555887108607, 0.4526922296214577, 0.41136208788448614, 0.4486355840765088, 0.43001346280243224, 0.43141410623165155, 0.34105018610196397]","[0.7062951272184198, 0.6670954119075428, 0.653031688747984, 0.6256927360187877, 0.5732996536023689, 0.5380842685699463, 0.5085702303684119, 0.4937710762023926, 0.4773102890361439, 0.47101228164904047, 0.4650465755751639, 0.4544149203733964, 0.4477846658591068, 0.4510785630255034, 0.4593801968025439, 0.45515464291428076, 0.43709506049300684, 0.4431693373304425, 0.4488556348916256, 0.46188548478213226, 0.46007081234093866, 0.46628108169093274, 0.46857152924393164, 0.4650963039109201]","[{'accuracy': 0.8787878787878788, 'f1': 0.8461538461538461, 'sensitivity': 0.7857142857142857, 'specificity': 0.9473684210526315}, {'accuracy': 0.8181818181818182, 'f1': 0.75, 'sensitivity': 0.6428571428571429, 'specificity': 0.9473684210526315}, {'accuracy': 0.7878787878787878, 'f1': 0.6956521739130435, 'sensitivity': 0.5714285714285714, 'specificity': 0.9473684210526315}, {'accuracy': 0.7878787878787878, 'f1': 0.6956521739130435, 'sensitivity': 0.5714285714285714, 'specificity': 0.9473684210526315}, {'accuracy': 0.7878787878787878, 'f1': 0.72, 'sensitivity': 0.6428571428571429, 'specificity': 0.8947368421052632}, {'accuracy': 0.8181818181818182, 'f1': 0.7857142857142857, 'sensitivity': 0.7857142857142857, 'specificity': 0.8421052631578947}, {'accuracy': 0.7878787878787878, 'f1': 0.7586206896551724, 'sensitivity': 0.7857142857142857, 'specificity': 0.7894736842105263}, {'accuracy': 0.7878787878787878, 'f1': 0.7741935483870968, 'sensitivity': 0.8571428571428571, 'specificity': 0.7368421052631579}, {'accuracy': 0.7878787878787878, 'f1': 0.7586206896551724, 'sensitivity': 0.7857142857142857, 'specificity': 0.7894736842105263}, {'accuracy': 0.7878787878787878, 'f1': 0.7586206896551724, 'sensitivity': 0.7857142857142857, 'specificity': 0.7894736842105263}, {'accuracy': 0.8181818181818182, 'f1': 0.8, 'sensitivity': 0.8571428571428571, 'specificity': 0.7894736842105263}, {'accuracy': 0.7878787878787878, 'f1': 0.7586206896551724, 'sensitivity': 0.7857142857142857, 'specificity': 0.7894736842105263}, {'accuracy': 0.7878787878787878, 'f1': 0.7586206896551724, 'sensitivity': 0.7857142857142857, 'specificity': 0.7894736842105263}, {'accuracy': 0.8181818181818182, 'f1': 0.8, 'sensitivity': 0.8571428571428571, 'specificity': 0.7894736842105263}, {'accuracy': 0.8484848484848485, 'f1': 0.8387096774193549, 'sensitivity': 0.9285714285714286, 'specificity': 0.7894736842105263}, {'accuracy': 0.8181818181818182, 'f1': 0.8, 'sensitivity': 0.8571428571428571, 'specificity': 0.7894736842105263}, {'accuracy': 0.8181818181818182, 'f1': 0.8, 'sensitivity': 0.8571428571428571, 'specificity': 0.7894736842105263}, {'accuracy': 0.8181818181818182, 'f1': 0.8, 'sensitivity': 0.8571428571428571, 'specificity': 0.7894736842105263}, {'accuracy': 0.8181818181818182, 'f1': 0.8, 'sensitivity': 0.8571428571428571, 'specificity': 0.7894736842105263}, {'accuracy': 0.8181818181818182, 'f1': 0.8, 'sensitivity': 0.8571428571428571, 'specificity': 0.7894736842105263}, {'accuracy': 0.8181818181818182, 'f1': 0.8, 'sensitivity': 0.8571428571428571, 'specificity': 0.7894736842105263}, {'accuracy': 0.8181818181818182, 'f1': 0.8, 'sensitivity': 0.8571428571428571, 'specificity': 0.7894736842105263}, {'accuracy': 0.8484848484848485, 'f1': 0.8275862068965517, 'sensitivity': 0.8571428571428571, 'specificity': 0.8421052631578947}, {'accuracy': 0.8181818181818182, 'f1': 0.7857142857142857, 'sensitivity': 0.7857142857142857, 'specificity': 0.8421052631578947}]",COMPLETE
