number,value,datetime_start,datetime_complete,duration,params_dropout_rate,params_learning_rate,params_weight_decay,user_attrs_best_val_metrics,user_attrs_model_name,user_attrs_train_loss_history,user_attrs_val_loss_history,user_attrs_val_overall_metrics_history,state
6,0.8275862068965517,2026-08-02 16:09:53.922319,2026-08-02 16:10:21.597227,0 days 00:00:27.674908,0.2,0.06264278041381323,3.218056412620644e-05,"{'overall': {'n': 31, 'accuracy': 0.8387096774193549, 'precision': 0.8, 'recall': 0.8571428571428571, 'sensitivity': 0.8571428571428571, 'specificity': 0.8235294117647058, 'balanced_accuracy': 0.8403361344537814, 'f1': 0.8275862068965517, 'confusion_matrix': [[14, 3], [2, 12]], 'auc': 0.819327731092437, 'roc_curve': {'fpr': [0.0, 0.0, 0.0, 0.058823529411764705, 0.058823529411764705, 0.17647058823529413, 0.17647058823529413, 0.5294117647058824, 0.5294117647058824, 0.7058823529411765, 0.7058823529411765, 1.0], 'tpr': [0.0, 0.07142857142857142, 0.2857142857142857, 0.2857142857142857, 0.35714285714285715, 0.35714285714285715, 0.8571428571428571, 0.8571428571428571, 0.9285714285714286, 0.9285714285714286, 1.0, 1.0]}}, 'India': {'n': 14, 'accuracy': 0.7857142857142857, 'precision': 0.8888888888888888, 'recall': 0.8, 'sensitivity': 0.8, 'specificity': 0.75, 'balanced_accuracy': 0.775, 'f1': 0.8421052631578947, 'confusion_matrix': [[3, 1], [2, 8]], 'auc': 0.6500000000000001, 'roc_curve': {'fpr': [0.0, 0.0, 0.0, 0.25, 0.25, 1.0, 1.0], 'tpr': [0.0, 0.1, 0.2, 0.2, 0.8, 0.8, 1.0]}}, 'Italy': {'n': 17, 'accuracy': 0.8823529411764706, 'precision': 0.6666666666666666, 'recall': 1.0, 'sensitivity': 1.0, 'specificity': 0.8461538461538461, 'balanced_accuracy': 0.9230769230769231, 'f1': 0.8, 'confusion_matrix': [[11, 2], [0, 4]], 'auc': 0.9615384615384616, 'roc_curve': {'fpr': [0.0, 0.0, 0.0, 0.15384615384615385, 0.15384615384615385, 1.0], 'tpr': [0.0, 0.25, 0.75, 0.75, 1.0, 1.0]}}}",swin_t_forniceal_palpebral_v2_clean,"[4.545816054960498, 2.867917771242103, 2.157630742812643, 1.5648939455447555, 1.210961218593883, 1.0517331077938987, 1.2258328394014009, 1.101307498557227, 0.6272064956272541, 0.7646671687664629, 0.6523157804190707, 0.8826742362813885, 1.0358615213510942, 0.7303172897319404, 0.6892108096151935, 0.7968227924132834, 0.5297398303641754, 0.7551916233536338, 0.6086342861863221, 0.6703946681655183, 0.4674697556868702, 0.9024138349254115]","[5.079848766326904, 4.338252544403076, 2.9918222427368164, 2.419888734817505, 1.5084810256958008, 0.939760684967041, 1.4246748685836792, 1.203128695487976, 0.8998845219612122, 1.1149976253509521, 1.252715826034546, 1.0996499061584473, 1.1748318672180176, 1.0402179956436157, 0.7817938923835754, 1.0316866636276245, 0.8315814733505249, 0.9735207557678223, 0.7839505076408386, 0.8193685412406921, 1.1556469202041626, 0.7884135842323303]","[{'accuracy': 0.45161290322580644, 'f1': 0.6222222222222222, 'sensitivity': 1.0, 'specificity': 0.0}, {'accuracy': 0.5806451612903226, 'f1': 0.23529411764705882, 'sensitivity': 0.14285714285714285, 'specificity': 0.9411764705882353}, {'accuracy': 0.5483870967741935, 'f1': 0.65, 'sensitivity': 0.9285714285714286, 'specificity': 0.23529411764705882}, {'accuracy': 0.6451612903225806, 'f1': 0.42105263157894735, 'sensitivity': 0.2857142857142857, 'specificity': 0.9411764705882353}, {'accuracy': 0.6451612903225806, 'f1': 0.7027027027027027, 'sensitivity': 0.9285714285714286, 'specificity': 0.4117647058823529}, {'accuracy': 0.8387096774193549, 'f1': 0.8148148148148148, 'sensitivity': 0.7857142857142857, 'specificity': 0.8823529411764706}, {'accuracy': 0.6774193548387096, 'f1': 0.7222222222222222, 'sensitivity': 0.9285714285714286, 'specificity': 0.47058823529411764}, {'accuracy': 0.6451612903225806, 'f1': 0.5217391304347826, 'sensitivity': 0.42857142857142855, 'specificity': 0.8235294117647058}, {'accuracy': 0.8387096774193549, 'f1': 0.8275862068965517, 'sensitivity': 0.8571428571428571, 'specificity': 0.8235294117647058}, {'accuracy': 0.6451612903225806, 'f1': 0.5217391304347826, 'sensitivity': 0.42857142857142855, 'specificity': 0.8235294117647058}, {'accuracy': 0.6774193548387096, 'f1': 0.7222222222222222, 'sensitivity': 0.9285714285714286, 'specificity': 0.47058823529411764}, {'accuracy': 0.6129032258064516, 'f1': 0.45454545454545453, 'sensitivity': 0.35714285714285715, 'specificity': 0.8235294117647058}, {'accuracy': 0.6774193548387096, 'f1': 0.7222222222222222, 'sensitivity': 0.9285714285714286, 'specificity': 0.47058823529411764}, {'accuracy': 0.6129032258064516, 'f1': 0.5, 'sensitivity': 0.42857142857142855, 'specificity': 0.7647058823529411}, {'accuracy': 0.7741935483870968, 'f1': 0.7586206896551724, 'sensitivity': 0.7857142857142857, 'specificity': 0.7647058823529411}, {'accuracy': 0.7096774193548387, 'f1': 0.7428571428571429, 'sensitivity': 0.9285714285714286, 'specificity': 0.5294117647058824}, {'accuracy': 0.7419354838709677, 'f1': 0.6923076923076923, 'sensitivity': 0.6428571428571429, 'specificity': 0.8235294117647058}, {'accuracy': 0.6774193548387096, 'f1': 0.7222222222222222, 'sensitivity': 0.9285714285714286, 'specificity': 0.47058823529411764}, {'accuracy': 0.7419354838709677, 'f1': 0.7647058823529411, 'sensitivity': 0.9285714285714286, 'specificity': 0.5882352941176471}, {'accuracy': 0.7419354838709677, 'f1': 0.6923076923076923, 'sensitivity': 0.6428571428571429, 'specificity': 0.8235294117647058}, {'accuracy': 0.6451612903225806, 'f1': 0.7027027027027027, 'sensitivity': 0.9285714285714286, 'specificity': 0.4117647058823529}, {'accuracy': 0.7741935483870968, 'f1': 0.72, 'sensitivity': 0.6428571428571429, 'specificity': 0.8823529411764706}]",COMPLETE
7,0.7857142857142857,2026-08-02 16:10:21.597615,2026-08-02 16:10:48.968493,0 days 00:00:27.370878,0.2,0.07632456052732821,1.1894496684567144e-06,"{'overall': {'n': 31, 'accuracy': 0.8064516129032258, 'precision': 0.7857142857142857, 'recall': 0.7857142857142857, 'sensitivity': 0.7857142857142857, 'specificity': 0.8235294117647058, 'balanced_accuracy': 0.8046218487394958, 'f1': 0.7857142857142857, 'confusion_matrix': [[14, 3], [3, 11]], 'auc': 0.8109243697478992, 'roc_curve': {'fpr': [0.0, 0.0, 0.0, 0.058823529411764705, 0.058823529411764705, 0.11764705882352941, 0.11764705882352941, 0.17647058823529413, 0.17647058823529413, 0.23529411764705882, 0.23529411764705882, 0.47058823529411764, 0.47058823529411764, 0.8235294117647058, 0.8235294117647058, 1.0], 'tpr': [0.0, 0.07142857142857142, 0.21428571428571427, 0.21428571428571427, 0.2857142857142857, 0.2857142857142857, 0.5, 0.5, 0.7857142857142857, 0.7857142857142857, 0.8571428571428571, 0.8571428571428571, 0.9285714285714286, 0.9285714285714286, 1.0, 1.0]}}, 'India': {'n': 14, 'accuracy': 0.7142857142857143, 'precision': 0.875, 'recall': 0.7, 'sensitivity': 0.7, 'specificity': 0.75, 'balanced_accuracy': 0.725, 'f1': 0.7777777777777778, 'confusion_matrix': [[3, 1], [3, 7]], 'auc': 0.675, 'roc_curve': {'fpr': [0.0, 0.0, 0.0, 0.25, 0.25, 1.0, 1.0], 'tpr': [0.0, 0.1, 0.3, 0.3, 0.8, 0.8, 1.0]}}, 'Italy': {'n': 17, 'accuracy': 0.8823529411764706, 'precision': 0.6666666666666666, 'recall': 1.0, 'sensitivity': 1.0, 'specificity': 0.8461538461538461, 'balanced_accuracy': 0.9230769230769231, 'f1': 0.8, 'confusion_matrix': [[11, 2], [0, 4]], 'auc': 0.9615384615384616, 'roc_curve': {'fpr': [0.0, 0.0, 0.0, 0.15384615384615385, 0.15384615384615385, 1.0], 'tpr': [0.0, 0.25, 0.75, 0.75, 1.0, 1.0]}}}",swin_t_forniceal_palpebral_v2_clean,"[2.5122609527743593, 1.8169194719418376, 1.4969139074792668, 1.3014639964720018, 1.2204504402316347, 0.8322467755298225, 0.7323418223128026, 0.7842469109969885, 0.7095954920969852, 0.7377061231606672, 1.012720948984834, 0.8184394061970873, 0.722899258542223, 1.0194835898016585, 0.7985836583740857, 1.5152463969730197, 1.9513835331209664, 1.2888707425318608, 1.417288495569813, 1.0548862689206389, 0.9175541271157817, 1.5237307254554464]","[3.6585235595703125, 1.7049643993377686, 1.4873625040054321, 1.0355730056762695, 1.2161717414855957, 1.004006028175354, 1.5319441556930542, 1.1265016794204712, 0.8759494423866272, 1.0661293268203735, 0.8640953302383423, 0.9069596529006958, 0.8061181902885437, 1.2110137939453125, 0.7342569828033447, 1.9170660972595215, 1.7732009887695312, 3.0470099449157715, 2.0363688468933105, 0.9525399804115295, 1.7016621828079224, 2.331181764602661]","[{'accuracy': 0.5483870967741935, 'f1': 0.0, 'sensitivity': 0.0, 'specificity': 1.0}, {'accuracy': 0.6451612903225806, 'f1': 0.5217391304347826, 'sensitivity': 0.42857142857142855, 'specificity': 0.8235294117647058}, {'accuracy': 0.6129032258064516, 'f1': 0.6666666666666666, 'sensitivity': 0.8571428571428571, 'specificity': 0.4117647058823529}, {'accuracy': 0.7096774193548387, 'f1': 0.7096774193548387, 'sensitivity': 0.7857142857142857, 'specificity': 0.6470588235294118}, {'accuracy': 0.6774193548387096, 'f1': 0.5833333333333334, 'sensitivity': 0.5, 'specificity': 0.8235294117647058}, {'accuracy': 0.7419354838709677, 'f1': 0.7142857142857143, 'sensitivity': 0.7142857142857143, 'specificity': 0.7647058823529411}, {'accuracy': 0.5806451612903226, 'f1': 0.6666666666666666, 'sensitivity': 0.9285714285714286, 'specificity': 0.29411764705882354}, {'accuracy': 0.7419354838709677, 'f1': 0.6666666666666666, 'sensitivity': 0.5714285714285714, 'specificity': 0.8823529411764706}, {'accuracy': 0.8064516129032258, 'f1': 0.7857142857142857, 'sensitivity': 0.7857142857142857, 'specificity': 0.8235294117647058}, {'accuracy': 0.7096774193548387, 'f1': 0.7428571428571429, 'sensitivity': 0.9285714285714286, 'specificity': 0.5294117647058824}, {'accuracy': 0.7419354838709677, 'f1': 0.7333333333333333, 'sensitivity': 0.7857142857142857, 'specificity': 0.7058823529411765}, {'accuracy': 0.7741935483870968, 'f1': 0.72, 'sensitivity': 0.6428571428571429, 'specificity': 0.8823529411764706}, {'accuracy': 0.7096774193548387, 'f1': 0.7272727272727273, 'sensitivity': 0.8571428571428571, 'specificity': 0.5882352941176471}, {'accuracy': 0.6774193548387096, 'f1': 0.5, 'sensitivity': 0.35714285714285715, 'specificity': 0.9411764705882353}, {'accuracy': 0.7741935483870968, 'f1': 0.72, 'sensitivity': 0.6428571428571429, 'specificity': 0.8823529411764706}, {'accuracy': 0.6451612903225806, 'f1': 0.717948717948718, 'sensitivity': 1.0, 'specificity': 0.35294117647058826}, {'accuracy': 0.5806451612903226, 'f1': 0.13333333333333333, 'sensitivity': 0.07142857142857142, 'specificity': 1.0}, {'accuracy': 0.5483870967741935, 'f1': 0.65, 'sensitivity': 0.9285714285714286, 'specificity': 0.23529411764705882}, {'accuracy': 0.6451612903225806, 'f1': 0.42105263157894735, 'sensitivity': 0.2857142857142857, 'specificity': 0.9411764705882353}, {'accuracy': 0.7419354838709677, 'f1': 0.75, 'sensitivity': 0.8571428571428571, 'specificity': 0.6470588235294118}, {'accuracy': 0.6774193548387096, 'f1': 0.7368421052631579, 'sensitivity': 1.0, 'specificity': 0.4117647058823529}, {'accuracy': 0.6451612903225806, 'f1': 0.42105263157894735, 'sensitivity': 0.2857142857142857, 'specificity': 0.9411764705882353}]",COMPLETE
8,0.75,2026-08-02 16:10:48.968918,2026-08-02 16:11:07.803340,0 days 00:00:18.834422,0.2,0.008533716477932937,0.0008861663417407571,"{'overall': {'n': 31, 'accuracy': 0.7419354838709677, 'precision': 0.6666666666666666, 'recall': 0.8571428571428571, 'sensitivity': 0.8571428571428571, 'specificity': 0.6470588235294118, 'balanced_accuracy': 0.7521008403361344, 'f1': 0.75, 'confusion_matrix': [[11, 6], [2, 12]], 'auc': 0.8109243697478992, 'roc_curve': {'fpr': [0.0, 0.0, 0.0, 0.058823529411764705, 0.058823529411764705, 0.11764705882352941, 0.11764705882352941, 0.17647058823529413, 0.17647058823529413, 0.35294117647058826, 0.35294117647058826, 0.6470588235294118, 0.6470588235294118, 0.7058823529411765, 0.7058823529411765, 1.0], 'tpr': [0.0, 0.07142857142857142, 0.2857142857142857, 0.2857142857142857, 0.35714285714285715, 0.35714285714285715, 0.5714285714285714, 0.5714285714285714, 0.7857142857142857, 0.7857142857142857, 0.8571428571428571, 0.8571428571428571, 0.9285714285714286, 0.9285714285714286, 1.0, 1.0]}}, 'India': {'n': 14, 'accuracy': 0.7142857142857143, 'precision': 0.8, 'recall': 0.8, 'sensitivity': 0.8, 'specificity': 0.5, 'balanced_accuracy': 0.65, 'f1': 0.8, 'confusion_matrix': [[2, 2], [2, 8]], 'auc': 0.6749999999999999, 'roc_curve': {'fpr': [0.0, 0.0, 0.0, 0.25, 0.25, 0.5, 0.5, 1.0, 1.0], 'tpr': [0.0, 0.1, 0.4, 0.4, 0.7, 0.7, 0.8, 0.8, 1.0]}}, 'Italy': {'n': 17, 'accuracy': 0.7647058823529411, 'precision': 0.5, 'recall': 1.0, 'sensitivity': 1.0, 'specificity': 0.6923076923076923, 'balanced_accuracy': 0.8461538461538461, 'f1': 0.6666666666666666, 'confusion_matrix': [[9, 4], [0, 4]], 'auc': 0.9615384615384616, 'roc_curve': {'fpr': [0.0, 0.0, 0.0, 0.15384615384615385, 0.15384615384615385, 1.0], 'tpr': [0.0, 0.25, 0.75, 0.75, 1.0, 1.0]}}}",swin_t_forniceal_palpebral_v2_clean,"[0.9943994668876233, 0.8253254168698577, 0.7559058504039738, 0.6624906513155723, 0.5878659624631714, 0.6188498289406705, 0.6250774992161057, 0.5699035947014686, 0.5904062994483377, 0.5743091728817038, 0.517384696777175, 0.5587816757409751, 0.605912472115082, 0.5304684063204291, 0.4990953734131897]","[0.9572839736938477, 0.9476512670516968, 0.7410403490066528, 0.7387072443962097, 0.7076590657234192, 0.6652277708053589, 0.6502537727355957, 0.6252700090408325, 0.6444122195243835, 0.6270442008972168, 0.6797922253608704, 0.6297774314880371, 0.673890233039856, 0.6390940546989441, 0.6920397281646729]","[{'accuracy': 0.45161290322580644, 'f1': 0.6222222222222222, 'sensitivity': 1.0, 'specificity': 0.0}, {'accuracy': 0.6451612903225806, 'f1': 0.35294117647058826, 'sensitivity': 0.21428571428571427, 'specificity': 1.0}, {'accuracy': 0.6129032258064516, 'f1': 0.625, 'sensitivity': 0.7142857142857143, 'specificity': 0.5294117647058824}, {'accuracy': 0.6451612903225806, 'f1': 0.56, 'sensitivity': 0.5, 'specificity': 0.7647058823529411}, {'accuracy': 0.6451612903225806, 'f1': 0.56, 'sensitivity': 0.5, 'specificity': 0.7647058823529411}, {'accuracy': 0.7419354838709677, 'f1': 0.6923076923076923, 'sensitivity': 0.6428571428571429, 'specificity': 0.8235294117647058}, {'accuracy': 0.7096774193548387, 'f1': 0.64, 'sensitivity': 0.5714285714285714, 'specificity': 0.8235294117647058}, {'accuracy': 0.7096774193548387, 'f1': 0.6896551724137931, 'sensitivity': 0.7142857142857143, 'specificity': 0.7058823529411765}, {'accuracy': 0.7419354838709677, 'f1': 0.6923076923076923, 'sensitivity': 0.6428571428571429, 'specificity': 0.8235294117647058}, {'accuracy': 0.7419354838709677, 'f1': 0.6923076923076923, 'sensitivity': 0.6428571428571429, 'specificity': 0.8235294117647058}, {'accuracy': 0.6451612903225806, 'f1': 0.5217391304347826, 'sensitivity': 0.42857142857142855, 'specificity': 0.8235294117647058}, {'accuracy': 0.7419354838709677, 'f1': 0.75, 'sensitivity': 0.8571428571428571, 'specificity': 0.6470588235294118}, {'accuracy': 0.7419354838709677, 'f1': 0.6666666666666666, 'sensitivity': 0.5714285714285714, 'specificity': 0.8823529411764706}, {'accuracy': 0.7096774193548387, 'f1': 0.7272727272727273, 'sensitivity': 0.8571428571428571, 'specificity': 0.5882352941176471}, {'accuracy': 0.6774193548387096, 'f1': 0.5454545454545454, 'sensitivity': 0.42857142857142855, 'specificity': 0.8823529411764706}]",COMPLETE
