number,value,datetime_start,datetime_complete,duration,params_dropout_rate,params_learning_rate,params_weight_decay,user_attrs_best_val_metrics,user_attrs_model_name,user_attrs_train_loss_history,user_attrs_val_loss_history,user_attrs_val_overall_metrics_history,state
2,0.7333333333333333,2026-08-02 16:04:52.312087,2026-08-02 16:05:14.539712,0 days 00:00:22.227625,0.5,0.006358358856676255,0.000133112160807369,"{'overall': {'n': 31, 'accuracy': 0.7419354838709677, 'precision': 0.6875, 'recall': 0.7857142857142857, 'sensitivity': 0.7857142857142857, 'specificity': 0.7058823529411765, 'balanced_accuracy': 0.7457983193277311, 'f1': 0.7333333333333333, 'confusion_matrix': [[12, 5], [3, 11]], 'auc': 0.7773109243697479, 'roc_curve': {'fpr': [0.0, 0.0, 0.0, 0.11764705882352941, 0.11764705882352941, 0.17647058823529413, 0.17647058823529413, 0.23529411764705882, 0.23529411764705882, 0.29411764705882354, 0.29411764705882354, 0.35294117647058826, 0.35294117647058826, 0.5294117647058824, 0.5294117647058824, 0.7058823529411765, 0.7058823529411765, 1.0], 'tpr': [0.0, 0.07142857142857142, 0.2857142857142857, 0.2857142857142857, 0.42857142857142855, 0.42857142857142855, 0.5, 0.5, 0.5714285714285714, 0.5714285714285714, 0.7857142857142857, 0.7857142857142857, 0.8571428571428571, 0.8571428571428571, 0.9285714285714286, 0.9285714285714286, 1.0, 1.0]}}, 'India': {'n': 14, 'accuracy': 0.7142857142857143, 'precision': 0.875, 'recall': 0.7, 'sensitivity': 0.7, 'specificity': 0.75, 'balanced_accuracy': 0.725, 'f1': 0.7777777777777778, 'confusion_matrix': [[3, 1], [3, 7]], 'auc': 0.6749999999999999, 'roc_curve': {'fpr': [0.0, 0.0, 0.0, 0.25, 0.25, 0.5, 0.5, 1.0, 1.0], 'tpr': [0.0, 0.1, 0.4, 0.4, 0.7, 0.7, 0.8, 0.8, 1.0]}}, 'Italy': {'n': 17, 'accuracy': 0.7647058823529411, 'precision': 0.5, 'recall': 1.0, 'sensitivity': 1.0, 'specificity': 0.6923076923076923, 'balanced_accuracy': 0.8461538461538461, 'f1': 0.6666666666666666, 'confusion_matrix': [[9, 4], [0, 4]], 'auc': 0.9423076923076923, 'roc_curve': {'fpr': [0.0, 0.0, 0.0, 0.23076923076923078, 0.23076923076923078, 1.0], 'tpr': [0.0, 0.25, 0.75, 0.75, 1.0, 1.0]}}}",swin_t_forniceal_palpebral_v2_clean,"[0.8482231688337262, 0.8006267442184241, 0.7647631002121231, 0.7397632400194804, 0.621678427774079, 0.7152595524074269, 0.6959568545931861, 0.6360319970416374, 0.6134899270777799, 0.5611713648247881, 0.6442964271623262, 0.591270713579087, 0.5119407756798933, 0.6513765511058626, 0.5323830309773789, 0.5295334334681634, 0.5781979232418294, 0.5217172590648236]","[0.8726145625114441, 0.7942667007446289, 0.7759201526641846, 0.8683370351791382, 0.6992282867431641, 0.6743969917297363, 0.7755824327468872, 0.6470756530761719, 0.6463077664375305, 0.6521499156951904, 0.6333667635917664, 0.6371514201164246, 0.6583012938499451, 0.645227313041687, 0.6357200145721436, 0.6625842452049255, 0.6459061503410339, 0.6484966278076172]","[{'accuracy': 0.6129032258064516, 'f1': 0.3333333333333333, 'sensitivity': 0.21428571428571427, 'specificity': 0.9411764705882353}, {'accuracy': 0.5806451612903226, 'f1': 0.6060606060606061, 'sensitivity': 0.7142857142857143, 'specificity': 0.47058823529411764}, {'accuracy': 0.6129032258064516, 'f1': 0.6842105263157895, 'sensitivity': 0.9285714285714286, 'specificity': 0.35294117647058826}, {'accuracy': 0.5806451612903226, 'f1': 0.38095238095238093, 'sensitivity': 0.2857142857142857, 'specificity': 0.8235294117647058}, {'accuracy': 0.6774193548387096, 'f1': 0.7058823529411765, 'sensitivity': 0.8571428571428571, 'specificity': 0.5294117647058824}, {'accuracy': 0.7096774193548387, 'f1': 0.7272727272727273, 'sensitivity': 0.8571428571428571, 'specificity': 0.5882352941176471}, {'accuracy': 0.6774193548387096, 'f1': 0.5, 'sensitivity': 0.35714285714285715, 'specificity': 0.9411764705882353}, {'accuracy': 0.6451612903225806, 'f1': 0.6206896551724138, 'sensitivity': 0.6428571428571429, 'specificity': 0.6470588235294118}, {'accuracy': 0.7096774193548387, 'f1': 0.7272727272727273, 'sensitivity': 0.8571428571428571, 'specificity': 0.5882352941176471}, {'accuracy': 0.6774193548387096, 'f1': 0.6153846153846154, 'sensitivity': 0.5714285714285714, 'specificity': 0.7647058823529411}, {'accuracy': 0.7096774193548387, 'f1': 0.6896551724137931, 'sensitivity': 0.7142857142857143, 'specificity': 0.7058823529411765}, {'accuracy': 0.6774193548387096, 'f1': 0.6428571428571429, 'sensitivity': 0.6428571428571429, 'specificity': 0.7058823529411765}, {'accuracy': 0.6774193548387096, 'f1': 0.6153846153846154, 'sensitivity': 0.5714285714285714, 'specificity': 0.7647058823529411}, {'accuracy': 0.6774193548387096, 'f1': 0.6153846153846154, 'sensitivity': 0.5714285714285714, 'specificity': 0.7647058823529411}, {'accuracy': 0.7096774193548387, 'f1': 0.7096774193548387, 'sensitivity': 0.7857142857142857, 'specificity': 0.6470588235294118}, {'accuracy': 0.6774193548387096, 'f1': 0.5833333333333334, 'sensitivity': 0.5, 'specificity': 0.8235294117647058}, {'accuracy': 0.7096774193548387, 'f1': 0.7096774193548387, 'sensitivity': 0.7857142857142857, 'specificity': 0.6470588235294118}, {'accuracy': 0.7419354838709677, 'f1': 0.7333333333333333, 'sensitivity': 0.7857142857142857, 'specificity': 0.7058823529411765}]",COMPLETE
3,0.7272727272727273,2026-08-02 16:05:14.540038,2026-08-02 16:05:27.257351,0 days 00:00:12.717313,0.5,0.03142880890840111,4.335281794951567e-06,"{'overall': {'n': 31, 'accuracy': 0.7096774193548387, 'precision': 0.631578947368421, 'recall': 0.8571428571428571, 'sensitivity': 0.8571428571428571, 'specificity': 0.5882352941176471, 'balanced_accuracy': 0.7226890756302521, 'f1': 0.7272727272727273, 'confusion_matrix': [[10, 7], [2, 12]], 'auc': 0.7857142857142857, 'roc_curve': {'fpr': [0.0, 0.0, 0.0, 0.058823529411764705, 0.058823529411764705, 0.17647058823529413, 0.17647058823529413, 0.29411764705882354, 0.29411764705882354, 0.35294117647058826, 0.35294117647058826, 0.4117647058823529, 0.4117647058823529, 0.5882352941176471, 0.5882352941176471, 1.0], 'tpr': [0.0, 0.07142857142857142, 0.21428571428571427, 0.21428571428571427, 0.2857142857142857, 0.2857142857142857, 0.5714285714285714, 0.5714285714285714, 0.7857142857142857, 0.7857142857142857, 0.8571428571428571, 0.8571428571428571, 0.9285714285714286, 0.9285714285714286, 1.0, 1.0]}}, 'India': {'n': 14, 'accuracy': 0.5714285714285714, 'precision': 0.6666666666666666, 'recall': 0.8, 'sensitivity': 0.8, 'specificity': 0.0, 'balanced_accuracy': 0.4, 'f1': 0.7272727272727273, 'confusion_matrix': [[0, 4], [2, 8]], 'auc': 0.45, 'roc_curve': {'fpr': [0.0, 0.0, 0.0, 0.25, 0.25, 0.75, 0.75, 1.0, 1.0], 'tpr': [0.0, 0.1, 0.2, 0.2, 0.4, 0.4, 0.8, 0.8, 1.0]}}, 'Italy': {'n': 17, 'accuracy': 0.8235294117647058, 'precision': 0.5714285714285714, 'recall': 1.0, 'sensitivity': 1.0, 'specificity': 0.7692307692307693, 'balanced_accuracy': 0.8846153846153846, 'f1': 0.7272727272727273, 'confusion_matrix': [[10, 3], [0, 4]], 'auc': 0.9230769230769231, 'roc_curve': {'fpr': [0.0, 0.0, 0.0, 0.15384615384615385, 0.15384615384615385, 1.0], 'tpr': [0.0, 0.25, 0.5, 0.5, 1.0, 1.0]}}}",swin_t_forniceal_palpebral_v2_clean,"[1.1215640136173792, 0.8807823722865306, 0.8524248810852466, 0.8024692373210881, 0.7398283319408391, 0.8555831450994323, 0.7151122879819806, 0.7611095653910215, 0.7571880320707957, 0.7877257032459285]","[0.7457854747772217, 0.6324204802513123, 0.5970401763916016, 0.632479727268219, 0.6675360798835754, 0.667057991027832, 0.7020174860954285, 1.0325759649276733, 0.7222143411636353, 0.9341636300086975]","[{'accuracy': 0.6451612903225806, 'f1': 0.5217391304347826, 'sensitivity': 0.42857142857142855, 'specificity': 0.8235294117647058}, {'accuracy': 0.7741935483870968, 'f1': 0.6956521739130435, 'sensitivity': 0.5714285714285714, 'specificity': 0.9411764705882353}, {'accuracy': 0.7419354838709677, 'f1': 0.6666666666666666, 'sensitivity': 0.5714285714285714, 'specificity': 0.8823529411764706}, {'accuracy': 0.6774193548387096, 'f1': 0.7058823529411765, 'sensitivity': 0.8571428571428571, 'specificity': 0.5294117647058824}, {'accuracy': 0.7419354838709677, 'f1': 0.6923076923076923, 'sensitivity': 0.6428571428571429, 'specificity': 0.8235294117647058}, {'accuracy': 0.7096774193548387, 'f1': 0.6666666666666666, 'sensitivity': 0.6428571428571429, 'specificity': 0.7647058823529411}, {'accuracy': 0.6451612903225806, 'f1': 0.6666666666666666, 'sensitivity': 0.7857142857142857, 'specificity': 0.5294117647058824}, {'accuracy': 0.6129032258064516, 'f1': 0.4, 'sensitivity': 0.2857142857142857, 'specificity': 0.8823529411764706}, {'accuracy': 0.7096774193548387, 'f1': 0.7272727272727273, 'sensitivity': 0.8571428571428571, 'specificity': 0.5882352941176471}, {'accuracy': 0.6129032258064516, 'f1': 0.45454545454545453, 'sensitivity': 0.35714285714285715, 'specificity': 0.8235294117647058}]",COMPLETE
