number,value,datetime_start,datetime_complete,duration,params_dropout_rate,params_learning_rate,params_weight_decay,user_attrs_best_val_metrics,user_attrs_model_name,user_attrs_train_loss_history,user_attrs_val_loss_history,user_attrs_val_overall_metrics_history,state
9,0.8275862068965517,2026-08-02 16:11:07.803777,2026-08-02 16:11:49.488549,0 days 00:00:41.684772,0.2,0.004251318379941623,2.0094111846413368e-05,"{'overall': {'n': 31, 'accuracy': 0.8387096774193549, 'precision': 0.8, 'recall': 0.8571428571428571, 'sensitivity': 0.8571428571428571, 'specificity': 0.8235294117647058, 'balanced_accuracy': 0.8403361344537814, 'f1': 0.8275862068965517, 'confusion_matrix': [[14, 3], [2, 12]], 'auc': 0.8319327731092436, 'roc_curve': {'fpr': [0.0, 0.0, 0.0, 0.11764705882352941, 0.11764705882352941, 0.17647058823529413, 0.17647058823529413, 0.6470588235294118, 0.6470588235294118, 1.0], 'tpr': [0.0, 0.07142857142857142, 0.35714285714285715, 0.35714285714285715, 0.5714285714285714, 0.5714285714285714, 0.8571428571428571, 0.8571428571428571, 1.0, 1.0]}}, 'India': {'n': 14, 'accuracy': 0.7857142857142857, 'precision': 0.8888888888888888, 'recall': 0.8, 'sensitivity': 0.8, 'specificity': 0.75, 'balanced_accuracy': 0.775, 'f1': 0.8421052631578947, 'confusion_matrix': [[3, 1], [2, 8]], 'auc': 0.7250000000000001, 'roc_curve': {'fpr': [0.0, 0.0, 0.0, 0.25, 0.25, 1.0, 1.0], 'tpr': [0.0, 0.1, 0.5, 0.5, 0.8, 0.8, 1.0]}}, 'Italy': {'n': 17, 'accuracy': 0.8823529411764706, 'precision': 0.6666666666666666, 'recall': 1.0, 'sensitivity': 1.0, 'specificity': 0.8461538461538461, 'balanced_accuracy': 0.9230769230769231, 'f1': 0.8, 'confusion_matrix': [[11, 2], [0, 4]], 'auc': 0.9615384615384616, 'roc_curve': {'fpr': [0.0, 0.0, 0.0, 0.15384615384615385, 0.15384615384615385, 1.0], 'tpr': [0.0, 0.25, 0.75, 0.75, 1.0, 1.0]}}}",swin_t_forniceal_palpebral_v2_clean,"[0.772221140310067, 0.8166563823109582, 0.7955214944826502, 0.6728042757430044, 0.708787093357164, 0.616387288586623, 0.5890912182477056, 0.6347173419939417, 0.5460221082174859, 0.5871013755701027, 0.567383449499299, 0.5756400562062556, 0.5592610361624737, 0.549647392058859, 0.5299568689193855, 0.5319000336588645, 0.5157584278356462, 0.5338657587563911, 0.5573876573114979, 0.5199993313575277, 0.5009827115097825, 0.5277243414703681, 0.49980132068906513, 0.5051560963497681, 0.4793652502857909, 0.46228749451994083, 0.45730625812699194, 0.5876528190917709, 0.5124057725984223, 0.4630672384281548, 0.49033845849588614, 0.5366321566964494, 0.48752941850091325, 0.5072566688466235]","[1.0659822225570679, 0.733826756477356, 0.734394371509552, 0.8472557067871094, 0.7324090600013733, 0.6756922006607056, 0.682693600654602, 0.6736868619918823, 0.6557355523109436, 0.6661413908004761, 0.6555365324020386, 0.6572754979133606, 0.6419879198074341, 0.6425644755363464, 0.6333453059196472, 0.6334063410758972, 0.6683868169784546, 0.6425514817237854, 0.6264856457710266, 0.6562391519546509, 0.6218212246894836, 0.6249499917030334, 0.6402071714401245, 0.6157354116439819, 0.6172294020652771, 0.6390581130981445, 0.611443817615509, 0.6148053407669067, 0.617838442325592, 0.6482230424880981, 0.6147021651268005, 0.6205584406852722, 0.6202470064163208, 0.614516019821167]","[{'accuracy': 0.5483870967741935, 'f1': 0.0, 'sensitivity': 0.0, 'specificity': 1.0}, {'accuracy': 0.5483870967741935, 'f1': 0.5333333333333333, 'sensitivity': 0.5714285714285714, 'specificity': 0.5294117647058824}, {'accuracy': 0.6129032258064516, 'f1': 0.6666666666666666, 'sensitivity': 0.8571428571428571, 'specificity': 0.4117647058823529}, {'accuracy': 0.6774193548387096, 'f1': 0.4444444444444444, 'sensitivity': 0.2857142857142857, 'specificity': 1.0}, {'accuracy': 0.6451612903225806, 'f1': 0.5217391304347826, 'sensitivity': 0.42857142857142855, 'specificity': 0.8235294117647058}, {'accuracy': 0.6774193548387096, 'f1': 0.6666666666666666, 'sensitivity': 0.7142857142857143, 'specificity': 0.6470588235294118}, {'accuracy': 0.7096774193548387, 'f1': 0.6666666666666666, 'sensitivity': 0.6428571428571429, 'specificity': 0.7647058823529411}, {'accuracy': 0.7096774193548387, 'f1': 0.6666666666666666, 'sensitivity': 0.6428571428571429, 'specificity': 0.7647058823529411}, {'accuracy': 0.6774193548387096, 'f1': 0.6428571428571429, 'sensitivity': 0.6428571428571429, 'specificity': 0.7058823529411765}, {'accuracy': 0.7419354838709677, 'f1': 0.6923076923076923, 'sensitivity': 0.6428571428571429, 'specificity': 0.8235294117647058}, {'accuracy': 0.7419354838709677, 'f1': 0.6923076923076923, 'sensitivity': 0.6428571428571429, 'specificity': 0.8235294117647058}, {'accuracy': 0.7096774193548387, 'f1': 0.64, 'sensitivity': 0.5714285714285714, 'specificity': 0.8235294117647058}, {'accuracy': 0.7419354838709677, 'f1': 0.6923076923076923, 'sensitivity': 0.6428571428571429, 'specificity': 0.8235294117647058}, {'accuracy': 0.7419354838709677, 'f1': 0.6923076923076923, 'sensitivity': 0.6428571428571429, 'specificity': 0.8235294117647058}, {'accuracy': 0.7096774193548387, 'f1': 0.7272727272727273, 'sensitivity': 0.8571428571428571, 'specificity': 0.5882352941176471}, {'accuracy': 0.7419354838709677, 'f1': 0.7333333333333333, 'sensitivity': 0.7857142857142857, 'specificity': 0.7058823529411765}, {'accuracy': 0.7096774193548387, 'f1': 0.6086956521739131, 'sensitivity': 0.5, 'specificity': 0.8823529411764706}, {'accuracy': 0.6774193548387096, 'f1': 0.7058823529411765, 'sensitivity': 0.8571428571428571, 'specificity': 0.5294117647058824}, {'accuracy': 0.7741935483870968, 'f1': 0.7741935483870968, 'sensitivity': 0.8571428571428571, 'specificity': 0.7058823529411765}, {'accuracy': 0.7096774193548387, 'f1': 0.6086956521739131, 'sensitivity': 0.5, 'specificity': 0.8823529411764706}, {'accuracy': 0.7419354838709677, 'f1': 0.75, 'sensitivity': 0.8571428571428571, 'specificity': 0.6470588235294118}, {'accuracy': 0.7741935483870968, 'f1': 0.7586206896551724, 'sensitivity': 0.7857142857142857, 'specificity': 0.7647058823529411}, {'accuracy': 0.8064516129032258, 'f1': 0.7692307692307693, 'sensitivity': 0.7142857142857143, 'specificity': 0.8823529411764706}, {'accuracy': 0.7419354838709677, 'f1': 0.75, 'sensitivity': 0.8571428571428571, 'specificity': 0.6470588235294118}, {'accuracy': 0.8064516129032258, 'f1': 0.7857142857142857, 'sensitivity': 0.7857142857142857, 'specificity': 0.8235294117647058}, {'accuracy': 0.7419354838709677, 'f1': 0.6923076923076923, 'sensitivity': 0.6428571428571429, 'specificity': 0.8235294117647058}, {'accuracy': 0.8387096774193549, 'f1': 0.8275862068965517, 'sensitivity': 0.8571428571428571, 'specificity': 0.8235294117647058}, {'accuracy': 0.7741935483870968, 'f1': 0.7407407407407407, 'sensitivity': 0.7142857142857143, 'specificity': 0.8235294117647058}, {'accuracy': 0.7741935483870968, 'f1': 0.7407407407407407, 'sensitivity': 0.7142857142857143, 'specificity': 0.8235294117647058}, {'accuracy': 0.6774193548387096, 'f1': 0.5833333333333334, 'sensitivity': 0.5, 'specificity': 0.8235294117647058}, {'accuracy': 0.8064516129032258, 'f1': 0.8, 'sensitivity': 0.8571428571428571, 'specificity': 0.7647058823529411}, {'accuracy': 0.7419354838709677, 'f1': 0.75, 'sensitivity': 0.8571428571428571, 'specificity': 0.6470588235294118}, {'accuracy': 0.8387096774193549, 'f1': 0.8275862068965517, 'sensitivity': 0.8571428571428571, 'specificity': 0.8235294117647058}, {'accuracy': 0.8064516129032258, 'f1': 0.8, 'sensitivity': 0.8571428571428571, 'specificity': 0.7647058823529411}]",COMPLETE
10,0.7407407407407407,2026-08-02 16:11:49.489013,2026-08-02 16:12:11.838240,0 days 00:00:22.349227,0.5,0.022815201702138285,0.0001537467136904321,"{'overall': {'n': 31, 'accuracy': 0.7741935483870968, 'precision': 0.7692307692307693, 'recall': 0.7142857142857143, 'sensitivity': 0.7142857142857143, 'specificity': 0.8235294117647058, 'balanced_accuracy': 0.76890756302521, 'f1': 0.7407407407407407, 'confusion_matrix': [[14, 3], [4, 10]], 'auc': 0.815126050420168, 'roc_curve': {'fpr': [0.0, 0.0, 0.0, 0.058823529411764705, 0.058823529411764705, 0.17647058823529413, 0.17647058823529413, 0.35294117647058826, 0.35294117647058826, 0.5294117647058824, 0.5294117647058824, 0.7058823529411765, 0.7058823529411765, 1.0], 'tpr': [0.0, 0.07142857142857142, 0.2857142857142857, 0.2857142857142857, 0.42857142857142855, 0.42857142857142855, 0.7857142857142857, 0.7857142857142857, 0.8571428571428571, 0.8571428571428571, 0.9285714285714286, 0.9285714285714286, 1.0, 1.0]}}, 'India': {'n': 14, 'accuracy': 0.6428571428571429, 'precision': 0.8571428571428571, 'recall': 0.6, 'sensitivity': 0.6, 'specificity': 0.75, 'balanced_accuracy': 0.675, 'f1': 0.7058823529411765, 'confusion_matrix': [[3, 1], [4, 6]], 'auc': 0.625, 'roc_curve': {'fpr': [0.0, 0.0, 0.0, 0.25, 0.25, 0.75, 0.75, 1.0, 1.0], 'tpr': [0.0, 0.1, 0.3, 0.3, 0.7, 0.7, 0.8, 0.8, 1.0]}}, 'Italy': {'n': 17, 'accuracy': 0.8823529411764706, 'precision': 0.6666666666666666, 'recall': 1.0, 'sensitivity': 1.0, 'specificity': 0.8461538461538461, 'balanced_accuracy': 0.9230769230769231, 'f1': 0.8, 'confusion_matrix': [[11, 2], [0, 4]], 'auc': 0.9423076923076923, 'roc_curve': {'fpr': [0.0, 0.0, 0.0, 0.07692307692307693, 0.07692307692307693, 0.15384615384615385, 0.15384615384615385, 1.0], 'tpr': [0.0, 0.25, 0.5, 0.5, 0.75, 0.75, 1.0, 1.0]}}}",swin_t_forniceal_palpebral_v2_clean,"[1.2987399993299626, 0.8994943965859965, 0.9912715156873068, 0.6942242089988423, 0.7841765519713058, 0.7152969727710802, 0.8179963843352129, 0.8723693968487435, 0.5746274371536411, 0.7292158546901885, 0.7359026970506526, 0.655839011174481, 0.685175135022118, 0.5500515267557028, 0.6548144456480636, 0.7241208966897459, 0.5420874726204645, 0.5877112521200764]","[0.7539319396018982, 0.8580285906791687, 0.9433231353759766, 0.7994675040245056, 0.7196929454803467, 0.7150935530662537, 0.6641417741775513, 0.6884653568267822, 0.7020611763000488, 0.709983766078949, 0.6335724592208862, 0.6460159420967102, 0.6927098631858826, 0.6380623579025269, 0.6603272557258606, 0.6658703684806824, 0.8185678720474243, 0.6681579947471619]","[{'accuracy': 0.5483870967741935, 'f1': 0.5625, 'sensitivity': 0.6428571428571429, 'specificity': 0.47058823529411764}, {'accuracy': 0.6129032258064516, 'f1': 0.6470588235294118, 'sensitivity': 0.7857142857142857, 'specificity': 0.47058823529411764}, {'accuracy': 0.6129032258064516, 'f1': 0.5, 'sensitivity': 0.42857142857142855, 'specificity': 0.7647058823529411}, {'accuracy': 0.6451612903225806, 'f1': 0.56, 'sensitivity': 0.5, 'specificity': 0.7647058823529411}, {'accuracy': 0.6774193548387096, 'f1': 0.6153846153846154, 'sensitivity': 0.5714285714285714, 'specificity': 0.7647058823529411}, {'accuracy': 0.6774193548387096, 'f1': 0.6153846153846154, 'sensitivity': 0.5714285714285714, 'specificity': 0.7647058823529411}, {'accuracy': 0.6774193548387096, 'f1': 0.6153846153846154, 'sensitivity': 0.5714285714285714, 'specificity': 0.7647058823529411}, {'accuracy': 0.6774193548387096, 'f1': 0.5833333333333334, 'sensitivity': 0.5, 'specificity': 0.8235294117647058}, {'accuracy': 0.6451612903225806, 'f1': 0.6857142857142857, 'sensitivity': 0.8571428571428571, 'specificity': 0.47058823529411764}, {'accuracy': 0.7096774193548387, 'f1': 0.6086956521739131, 'sensitivity': 0.5, 'specificity': 0.8823529411764706}, {'accuracy': 0.7419354838709677, 'f1': 0.7333333333333333, 'sensitivity': 0.7857142857142857, 'specificity': 0.7058823529411765}, {'accuracy': 0.7419354838709677, 'f1': 0.7142857142857143, 'sensitivity': 0.7142857142857143, 'specificity': 0.7647058823529411}, {'accuracy': 0.6774193548387096, 'f1': 0.5833333333333334, 'sensitivity': 0.5, 'specificity': 0.8235294117647058}, {'accuracy': 0.7096774193548387, 'f1': 0.7096774193548387, 'sensitivity': 0.7857142857142857, 'specificity': 0.6470588235294118}, {'accuracy': 0.7741935483870968, 'f1': 0.7407407407407407, 'sensitivity': 0.7142857142857143, 'specificity': 0.8235294117647058}, {'accuracy': 0.7419354838709677, 'f1': 0.6923076923076923, 'sensitivity': 0.6428571428571429, 'specificity': 0.8235294117647058}, {'accuracy': 0.6774193548387096, 'f1': 0.5, 'sensitivity': 0.35714285714285715, 'specificity': 0.9411764705882353}, {'accuracy': 0.7096774193548387, 'f1': 0.6086956521739131, 'sensitivity': 0.5, 'specificity': 0.8823529411764706}]",COMPLETE
11,0.8275862068965517,2026-08-02 16:12:11.838619,2026-08-02 16:13:04.418776,0 days 00:00:52.580157,0.2,0.002773141381085539,1.4547307271298078e-05,"{'overall': {'n': 31, 'accuracy': 0.8387096774193549, 'precision': 0.8, 'recall': 0.8571428571428571, 'sensitivity': 0.8571428571428571, 'specificity': 0.8235294117647058, 'balanced_accuracy': 0.8403361344537814, 'f1': 0.8275862068965517, 'confusion_matrix': [[14, 3], [2, 12]], 'auc': 0.8445378151260504, 'roc_curve': {'fpr': [0.0, 0.0, 0.0, 0.058823529411764705, 0.058823529411764705, 0.11764705882352941, 0.11764705882352941, 0.17647058823529413, 0.17647058823529413, 0.47058823529411764, 0.47058823529411764, 0.7058823529411765, 0.7058823529411765, 1.0], 'tpr': [0.0, 0.07142857142857142, 0.21428571428571427, 0.21428571428571427, 0.35714285714285715, 0.35714285714285715, 0.7857142857142857, 0.7857142857142857, 0.8571428571428571, 0.8571428571428571, 0.9285714285714286, 0.9285714285714286, 1.0, 1.0]}}, 'India': {'n': 14, 'accuracy': 0.7857142857142857, 'precision': 0.8888888888888888, 'recall': 0.8, 'sensitivity': 0.8, 'specificity': 0.75, 'balanced_accuracy': 0.775, 'f1': 0.8421052631578947, 'confusion_matrix': [[3, 1], [2, 8]], 'auc': 0.7750000000000001, 'roc_curve': {'fpr': [0.0, 0.0, 0.0, 0.25, 0.25, 1.0, 1.0], 'tpr': [0.0, 0.1, 0.7, 0.7, 0.8, 0.8, 1.0]}}, 'Italy': {'n': 17, 'accuracy': 0.8823529411764706, 'precision': 0.6666666666666666, 'recall': 1.0, 'sensitivity': 1.0, 'specificity': 0.8461538461538461, 'balanced_accuracy': 0.9230769230769231, 'f1': 0.8, 'confusion_matrix': [[11, 2], [0, 4]], 'auc': 0.9615384615384616, 'roc_curve': {'fpr': [0.0, 0.0, 0.0, 0.15384615384615385, 0.15384615384615385, 1.0], 'tpr': [0.0, 0.25, 0.75, 0.75, 1.0, 1.0]}}}",swin_t_forniceal_palpebral_v2_clean,"[0.8097967582495034, 0.7942464132698215, 0.7643493600443106, 0.6810648043950399, 0.6999917168195556, 0.6595287035111668, 0.6779780270291024, 0.6572833389652019, 0.626479375119112, 0.5876823087938788, 0.5849721711509082, 0.595551471726424, 0.6410138903021001, 0.573653278707647, 0.6124491180692401, 0.5765717548577964, 0.5275736540353217, 0.5428889420162253, 0.5465619681643791, 0.5584785443584935, 0.5254277586936951, 0.516233037320935, 0.5399404650642758, 0.5799655381108628, 0.5022698217103271, 0.5890073492413476, 0.5251669141711021, 0.527032483799928, 0.5320589019327747, 0.5334357846350897, 0.5458696496729948, 0.5310441675234814, 0.5252159181095305, 0.5029097033195755, 0.5111046553063555, 0.46797375127571783, 0.5039141062571078, 0.4977324499564917, 0.4511916613092228, 0.46842829568856426, 0.523493113566418, 0.5189548759233384, 0.4719863156883084]","[0.8266335725784302, 0.7362657785415649, 0.7270763516426086, 0.7724321484565735, 0.719823956489563, 0.7022364735603333, 0.707192063331604, 0.6875642538070679, 0.6884428262710571, 0.6733646988868713, 0.6625415086746216, 0.65739905834198, 0.6692255139350891, 0.6555859446525574, 0.6450523734092712, 0.6536520719528198, 0.6431686282157898, 0.6336399912834167, 0.6365627646446228, 0.6321872472763062, 0.6337522864341736, 0.6432787775993347, 0.6435046792030334, 0.6340708136558533, 0.6181565523147583, 0.6191458702087402, 0.6350675821304321, 0.6213126182556152, 0.6156802177429199, 0.6177454590797424, 0.6384079456329346, 0.6153231859207153, 0.6154442429542542, 0.6271905899047852, 0.603910505771637, 0.5991646647453308, 0.6093926429748535, 0.604918360710144, 0.6098076701164246, 0.6103234887123108, 0.6184943318367004, 0.604675829410553, 0.6077722907066345]","[{'accuracy': 0.5483870967741935, 'f1': 0.0, 'sensitivity': 0.0, 'specificity': 1.0}, {'accuracy': 0.6451612903225806, 'f1': 0.7027027027027027, 'sensitivity': 0.9285714285714286, 'specificity': 0.4117647058823529}, {'accuracy': 0.6451612903225806, 'f1': 0.6666666666666666, 'sensitivity': 0.7857142857142857, 'specificity': 0.5294117647058824}, {'accuracy': 0.6451612903225806, 'f1': 0.47619047619047616, 'sensitivity': 0.35714285714285715, 'specificity': 0.8823529411764706}, {'accuracy': 0.5806451612903226, 'f1': 0.43478260869565216, 'sensitivity': 0.35714285714285715, 'specificity': 0.7647058823529411}, {'accuracy': 0.6774193548387096, 'f1': 0.6153846153846154, 'sensitivity': 0.5714285714285714, 'specificity': 0.7647058823529411}, {'accuracy': 0.6451612903225806, 'f1': 0.56, 'sensitivity': 0.5, 'specificity': 0.7647058823529411}, {'accuracy': 0.7419354838709677, 'f1': 0.7142857142857143, 'sensitivity': 0.7142857142857143, 'specificity': 0.7647058823529411}, {'accuracy': 0.6451612903225806, 'f1': 0.56, 'sensitivity': 0.5, 'specificity': 0.7647058823529411}, {'accuracy': 0.7419354838709677, 'f1': 0.7142857142857143, 'sensitivity': 0.7142857142857143, 'specificity': 0.7647058823529411}, {'accuracy': 0.6774193548387096, 'f1': 0.7058823529411765, 'sensitivity': 0.8571428571428571, 'specificity': 0.5294117647058824}, {'accuracy': 0.7419354838709677, 'f1': 0.7333333333333333, 'sensitivity': 0.7857142857142857, 'specificity': 0.7058823529411765}, {'accuracy': 0.7419354838709677, 'f1': 0.6923076923076923, 'sensitivity': 0.6428571428571429, 'specificity': 0.8235294117647058}, {'accuracy': 0.7419354838709677, 'f1': 0.7142857142857143, 'sensitivity': 0.7142857142857143, 'specificity': 0.7647058823529411}, {'accuracy': 0.6774193548387096, 'f1': 0.6875, 'sensitivity': 0.7857142857142857, 'specificity': 0.5882352941176471}, {'accuracy': 0.7419354838709677, 'f1': 0.6923076923076923, 'sensitivity': 0.6428571428571429, 'specificity': 0.8235294117647058}, {'accuracy': 0.8064516129032258, 'f1': 0.7857142857142857, 'sensitivity': 0.7857142857142857, 'specificity': 0.8235294117647058}, {'accuracy': 0.7096774193548387, 'f1': 0.7272727272727273, 'sensitivity': 0.8571428571428571, 'specificity': 0.5882352941176471}, {'accuracy': 0.7419354838709677, 'f1': 0.7142857142857143, 'sensitivity': 0.7142857142857143, 'specificity': 0.7647058823529411}, {'accuracy': 0.7096774193548387, 'f1': 0.7096774193548387, 'sensitivity': 0.7857142857142857, 'specificity': 0.6470588235294118}, {'accuracy': 0.7096774193548387, 'f1': 0.6896551724137931, 'sensitivity': 0.7142857142857143, 'specificity': 0.7058823529411765}, {'accuracy': 0.7096774193548387, 'f1': 0.64, 'sensitivity': 0.5714285714285714, 'specificity': 0.8235294117647058}, {'accuracy': 0.7096774193548387, 'f1': 0.64, 'sensitivity': 0.5714285714285714, 'specificity': 0.8235294117647058}, {'accuracy': 0.7419354838709677, 'f1': 0.6923076923076923, 'sensitivity': 0.6428571428571429, 'specificity': 0.8235294117647058}, {'accuracy': 0.7419354838709677, 'f1': 0.7333333333333333, 'sensitivity': 0.7857142857142857, 'specificity': 0.7058823529411765}, {'accuracy': 0.7741935483870968, 'f1': 0.7586206896551724, 'sensitivity': 0.7857142857142857, 'specificity': 0.7647058823529411}, {'accuracy': 0.7419354838709677, 'f1': 0.6923076923076923, 'sensitivity': 0.6428571428571429, 'specificity': 0.8235294117647058}, {'accuracy': 0.7419354838709677, 'f1': 0.7142857142857143, 'sensitivity': 0.7142857142857143, 'specificity': 0.7647058823529411}, {'accuracy': 0.7419354838709677, 'f1': 0.75, 'sensitivity': 0.8571428571428571, 'specificity': 0.6470588235294118}, {'accuracy': 0.7419354838709677, 'f1': 0.75, 'sensitivity': 0.8571428571428571, 'specificity': 0.6470588235294118}, {'accuracy': 0.7741935483870968, 'f1': 0.72, 'sensitivity': 0.6428571428571429, 'specificity': 0.8823529411764706}, {'accuracy': 0.7741935483870968, 'f1': 0.7586206896551724, 'sensitivity': 0.7857142857142857, 'specificity': 0.7647058823529411}, {'accuracy': 0.7419354838709677, 'f1': 0.75, 'sensitivity': 0.8571428571428571, 'specificity': 0.6470588235294118}, {'accuracy': 0.7741935483870968, 'f1': 0.72, 'sensitivity': 0.6428571428571429, 'specificity': 0.8823529411764706}, {'accuracy': 0.8064516129032258, 'f1': 0.7857142857142857, 'sensitivity': 0.7857142857142857, 'specificity': 0.8235294117647058}, {'accuracy': 0.8387096774193549, 'f1': 0.8275862068965517, 'sensitivity': 0.8571428571428571, 'specificity': 0.8235294117647058}, {'accuracy': 0.8387096774193549, 'f1': 0.8148148148148148, 'sensitivity': 0.7857142857142857, 'specificity': 0.8823529411764706}, {'accuracy': 0.8064516129032258, 'f1': 0.8, 'sensitivity': 0.8571428571428571, 'specificity': 0.7647058823529411}, {'accuracy': 0.8064516129032258, 'f1': 0.8, 'sensitivity': 0.8571428571428571, 'specificity': 0.7647058823529411}, {'accuracy': 0.8387096774193549, 'f1': 0.8275862068965517, 'sensitivity': 0.8571428571428571, 'specificity': 0.8235294117647058}, {'accuracy': 0.8064516129032258, 'f1': 0.7692307692307693, 'sensitivity': 0.7142857142857143, 'specificity': 0.8823529411764706}, {'accuracy': 0.7096774193548387, 'f1': 0.7272727272727273, 'sensitivity': 0.8571428571428571, 'specificity': 0.5882352941176471}, {'accuracy': 0.6774193548387096, 'f1': 0.7058823529411765, 'sensitivity': 0.8571428571428571, 'specificity': 0.5294117647058824}]",COMPLETE
