number,value,datetime_start,datetime_complete,duration,params_dropout_rate,params_learning_rate,params_weight_decay,user_attrs_best_val_metrics,user_attrs_model_name,user_attrs_train_loss_history,user_attrs_val_loss_history,user_attrs_val_overall_metrics_history,state
9,0.6842105263157895,2026-08-02 15:45:56.239585,2026-08-02 15:46:00.592303,0 days 00:00:04.352718,0.5,0.008491777678447011,0.0001979449847008091,"{'overall': {'n': 31, 'accuracy': 0.6129032258064516, 'precision': 0.5416666666666666, 'recall': 0.9285714285714286, 'sensitivity': 0.9285714285714286, 'specificity': 0.35294117647058826, 'balanced_accuracy': 0.6407563025210085, 'f1': 0.6842105263157895, 'confusion_matrix': [[6, 11], [1, 13]], 'auc': 0.6386554621848739, 'roc_curve': {'fpr': [0.0, 0.0, 0.0, 0.11764705882352941, 0.11764705882352941, 0.29411764705882354, 0.29411764705882354, 0.47058823529411764, 0.47058823529411764, 0.5294117647058824, 0.5294117647058824, 0.9411764705882353, 0.9411764705882353, 1.0], 'tpr': [0.0, 0.07142857142857142, 0.14285714285714285, 0.14285714285714285, 0.21428571428571427, 0.21428571428571427, 0.5714285714285714, 0.5714285714285714, 0.7142857142857143, 0.7142857142857143, 0.9285714285714286, 0.9285714285714286, 1.0, 1.0]}}, 'India': {'n': 14, 'accuracy': 0.8571428571428571, 'precision': 0.9, 'recall': 0.9, 'sensitivity': 0.9, 'specificity': 0.75, 'balanced_accuracy': 0.825, 'f1': 0.9, 'confusion_matrix': [[3, 1], [1, 9]], 'auc': 0.8, 'roc_curve': {'fpr': [0.0, 0.0, 0.0, 0.25, 0.25, 1.0, 1.0], 'tpr': [0.0, 0.1, 0.5, 0.5, 0.9, 0.9, 1.0]}}, 'Italy': {'n': 17, 'accuracy': 0.4117647058823529, 'precision': 0.2857142857142857, 'recall': 1.0, 'sensitivity': 1.0, 'specificity': 0.23076923076923078, 'balanced_accuracy': 0.6153846153846154, 'f1': 0.4444444444444444, 'confusion_matrix': [[3, 10], [0, 4]], 'auc': 0.7692307692307692, 'roc_curve': {'fpr': [0.0, 0.0, 0.0, 0.38461538461538464, 0.38461538461538464, 0.5384615384615384, 0.5384615384615384, 1.0], 'tpr': [0.0, 0.25, 0.5, 0.5, 0.75, 0.75, 1.0, 1.0]}}}",mobilenet_v3_small_forniceal_palpebral_v2_clean,"[0.7323180416814324, 0.5676802388664817, 0.5034830772957835, 0.5137136758995705, 0.5583700095715166, 0.5351332981570237, 0.49253410141484266, 0.545292924253308, 0.43063528034962767, 0.4673734856706087]","[0.7902735471725464, 0.7774660587310791, 0.7574924230575562, 0.7814620137214661, 0.8761173486709595, 1.0180087089538574, 1.07492995262146, 1.1751221418380737, 1.2951817512512207, 1.387237548828125]","[{'accuracy': 0.6129032258064516, 'f1': 0.6666666666666666, 'sensitivity': 0.8571428571428571, 'specificity': 0.4117647058823529}, {'accuracy': 0.6129032258064516, 'f1': 0.6842105263157895, 'sensitivity': 0.9285714285714286, 'specificity': 0.35294117647058826}, {'accuracy': 0.5806451612903226, 'f1': 0.6666666666666666, 'sensitivity': 0.9285714285714286, 'specificity': 0.29411764705882354}, {'accuracy': 0.5161290322580645, 'f1': 0.6341463414634146, 'sensitivity': 0.9285714285714286, 'specificity': 0.17647058823529413}, {'accuracy': 0.5483870967741935, 'f1': 0.6666666666666666, 'sensitivity': 1.0, 'specificity': 0.17647058823529413}, {'accuracy': 0.4838709677419355, 'f1': 0.6363636363636364, 'sensitivity': 1.0, 'specificity': 0.058823529411764705}, {'accuracy': 0.4838709677419355, 'f1': 0.6363636363636364, 'sensitivity': 1.0, 'specificity': 0.058823529411764705}, {'accuracy': 0.4838709677419355, 'f1': 0.6363636363636364, 'sensitivity': 1.0, 'specificity': 0.058823529411764705}, {'accuracy': 0.4838709677419355, 'f1': 0.6363636363636364, 'sensitivity': 1.0, 'specificity': 0.058823529411764705}, {'accuracy': 0.4838709677419355, 'f1': 0.6363636363636364, 'sensitivity': 1.0, 'specificity': 0.058823529411764705}]",COMPLETE
10,0.6222222222222222,2026-08-02 15:46:00.592704,2026-08-02 15:46:04.501096,0 days 00:00:03.908392,0.2,0.0018747137061545785,1.9113354590616596e-05,"{'overall': {'n': 31, 'accuracy': 0.45161290322580644, 'precision': 0.45161290322580644, 'recall': 1.0, 'sensitivity': 1.0, 'specificity': 0.0, 'balanced_accuracy': 0.5, 'f1': 0.6222222222222222, 'confusion_matrix': [[0, 17], [0, 14]], 'auc': 0.5084033613445378, 'roc_curve': {'fpr': [0.0, 0.0, 0.17647058823529413, 0.17647058823529413, 0.47058823529411764, 0.47058823529411764, 0.5294117647058824, 0.5294117647058824, 0.5882352941176471, 0.5882352941176471, 0.7647058823529411, 0.7647058823529411, 0.8235294117647058, 0.8235294117647058, 1.0], 'tpr': [0.0, 0.07142857142857142, 0.07142857142857142, 0.2857142857142857, 0.2857142857142857, 0.5, 0.5, 0.5714285714285714, 0.5714285714285714, 0.7142857142857143, 0.7142857142857143, 0.7857142857142857, 0.7857142857142857, 1.0, 1.0]}}, 'India': {'n': 14, 'accuracy': 0.7142857142857143, 'precision': 0.7142857142857143, 'recall': 1.0, 'sensitivity': 1.0, 'specificity': 0.0, 'balanced_accuracy': 0.5, 'f1': 0.8333333333333334, 'confusion_matrix': [[0, 4], [0, 10]], 'auc': 0.725, 'roc_curve': {'fpr': [0.0, 0.0, 0.0, 0.25, 0.25, 0.75, 0.75, 1.0], 'tpr': [0.0, 0.1, 0.5, 0.5, 0.7, 0.7, 1.0, 1.0]}}, 'Italy': {'n': 17, 'accuracy': 0.23529411764705882, 'precision': 0.23529411764705882, 'recall': 1.0, 'sensitivity': 1.0, 'specificity': 0.0, 'balanced_accuracy': 0.5, 'f1': 0.38095238095238093, 'confusion_matrix': [[0, 13], [0, 4]], 'auc': 0.6730769230769231, 'roc_curve': {'fpr': [0.0, 0.0, 0.23076923076923078, 0.23076923076923078, 0.8461538461538461, 0.8461538461538461, 1.0], 'tpr': [0.0, 0.25, 0.25, 0.75, 0.75, 1.0, 1.0]}}}",mobilenet_v3_small_forniceal_palpebral_v2_clean,"[0.7648865191303954, 0.6967364091451477, 0.6567010956556618, 0.6244672147595153, 0.5798066603083188, 0.5780251528941044, 0.5877287262151031, 0.5260038686041929, 0.5307758028815392]","[0.8516502380371094, 0.8390650153160095, 0.8395829796791077, 0.8536611795425415, 0.8668971657752991, 0.8812709450721741, 0.8861091136932373, 0.8784938454627991, 0.8631690144538879]","[{'accuracy': 0.45161290322580644, 'f1': 0.6222222222222222, 'sensitivity': 1.0, 'specificity': 0.0}, {'accuracy': 0.45161290322580644, 'f1': 0.6222222222222222, 'sensitivity': 1.0, 'specificity': 0.0}, {'accuracy': 0.45161290322580644, 'f1': 0.6222222222222222, 'sensitivity': 1.0, 'specificity': 0.0}, {'accuracy': 0.45161290322580644, 'f1': 0.6222222222222222, 'sensitivity': 1.0, 'specificity': 0.0}, {'accuracy': 0.45161290322580644, 'f1': 0.6222222222222222, 'sensitivity': 1.0, 'specificity': 0.0}, {'accuracy': 0.45161290322580644, 'f1': 0.6222222222222222, 'sensitivity': 1.0, 'specificity': 0.0}, {'accuracy': 0.45161290322580644, 'f1': 0.6222222222222222, 'sensitivity': 1.0, 'specificity': 0.0}, {'accuracy': 0.45161290322580644, 'f1': 0.6222222222222222, 'sensitivity': 1.0, 'specificity': 0.0}, {'accuracy': 0.45161290322580644, 'f1': 0.6222222222222222, 'sensitivity': 1.0, 'specificity': 0.0}]",COMPLETE
11,0.7567567567567568,2026-08-02 15:46:04.501427,2026-08-02 15:46:09.044571,0 days 00:00:04.543144,0.5,0.008044777829695324,0.0001488394312303403,"{'overall': {'n': 31, 'accuracy': 0.7096774193548387, 'precision': 0.6086956521739131, 'recall': 1.0, 'sensitivity': 1.0, 'specificity': 0.47058823529411764, 'balanced_accuracy': 0.7352941176470589, 'f1': 0.7567567567567568, 'confusion_matrix': [[8, 9], [0, 14]], 'auc': 0.7941176470588236, 'roc_curve': {'fpr': [0.0, 0.0, 0.058823529411764705, 0.058823529411764705, 0.11764705882352941, 0.11764705882352941, 0.17647058823529413, 0.17647058823529413, 0.29411764705882354, 0.29411764705882354, 0.35294117647058826, 0.35294117647058826, 0.4117647058823529, 0.4117647058823529, 0.47058823529411764, 0.47058823529411764, 1.0], 'tpr': [0.0, 0.07142857142857142, 0.07142857142857142, 0.35714285714285715, 0.35714285714285715, 0.42857142857142855, 0.42857142857142855, 0.6428571428571429, 0.6428571428571429, 0.7142857142857143, 0.7142857142857143, 0.7857142857142857, 0.7857142857142857, 0.8571428571428571, 0.8571428571428571, 1.0, 1.0]}}, 'India': {'n': 14, 'accuracy': 0.7857142857142857, 'precision': 0.7692307692307693, 'recall': 1.0, 'sensitivity': 1.0, 'specificity': 0.25, 'balanced_accuracy': 0.625, 'f1': 0.8695652173913043, 'confusion_matrix': [[1, 3], [0, 10]], 'auc': 0.75, 'roc_curve': {'fpr': [0.0, 0.0, 0.0, 0.25, 0.25, 0.5, 0.5, 0.75, 0.75, 1.0], 'tpr': [0.0, 0.1, 0.5, 0.5, 0.7, 0.7, 0.8, 0.8, 1.0, 1.0]}}, 'Italy': {'n': 17, 'accuracy': 0.6470588235294118, 'precision': 0.4, 'recall': 1.0, 'sensitivity': 1.0, 'specificity': 0.5384615384615384, 'balanced_accuracy': 0.7692307692307692, 'f1': 0.5714285714285714, 'confusion_matrix': [[7, 6], [0, 4]], 'auc': 0.7692307692307693, 'roc_curve': {'fpr': [0.0, 0.07692307692307693, 0.07692307692307693, 0.15384615384615385, 0.15384615384615385, 0.3076923076923077, 0.3076923076923077, 0.38461538461538464, 0.38461538461538464, 1.0], 'tpr': [0.0, 0.0, 0.25, 0.25, 0.5, 0.5, 0.75, 0.75, 1.0, 1.0]}}}",mobilenet_v3_small_forniceal_palpebral_v2_clean,"[0.7617362255141849, 0.609920026899195, 0.5359629084463833, 0.49483137613251094, 0.4879678826348311, 0.4933823130163206, 0.478092106832128, 0.45099599020821707, 0.45421236550726857, 0.42792029283484634]","[0.7678732872009277, 0.7204610109329224, 0.6919448971748352, 0.694712221622467, 0.7213864326477051, 0.76875901222229, 0.7814188599586487, 0.7823554277420044, 0.817597508430481, 0.8370646834373474]","[{'accuracy': 0.7096774193548387, 'f1': 0.5714285714285714, 'sensitivity': 0.42857142857142855, 'specificity': 0.9411764705882353}, {'accuracy': 0.6451612903225806, 'f1': 0.6206896551724138, 'sensitivity': 0.6428571428571429, 'specificity': 0.6470588235294118}, {'accuracy': 0.7096774193548387, 'f1': 0.7272727272727273, 'sensitivity': 0.8571428571428571, 'specificity': 0.5882352941176471}, {'accuracy': 0.7096774193548387, 'f1': 0.7567567567567568, 'sensitivity': 1.0, 'specificity': 0.47058823529411764}, {'accuracy': 0.6129032258064516, 'f1': 0.7, 'sensitivity': 1.0, 'specificity': 0.29411764705882354}, {'accuracy': 0.5161290322580645, 'f1': 0.6511627906976745, 'sensitivity': 1.0, 'specificity': 0.11764705882352941}, {'accuracy': 0.5161290322580645, 'f1': 0.6511627906976745, 'sensitivity': 1.0, 'specificity': 0.11764705882352941}, {'accuracy': 0.5806451612903226, 'f1': 0.6829268292682927, 'sensitivity': 1.0, 'specificity': 0.23529411764705882}, {'accuracy': 0.5483870967741935, 'f1': 0.6666666666666666, 'sensitivity': 1.0, 'specificity': 0.17647058823529413}, {'accuracy': 0.5483870967741935, 'f1': 0.6666666666666666, 'sensitivity': 1.0, 'specificity': 0.17647058823529413}]",COMPLETE
