number,value,datetime_start,datetime_complete,duration,params_dropout_rate,params_learning_rate,params_weight_decay,user_attrs_best_val_metrics,user_attrs_model_name,user_attrs_train_loss_history,user_attrs_val_loss_history,user_attrs_val_overall_metrics_history,state
4,0.717948717948718,2026-08-02 15:45:29.941640,2026-08-02 15:45:39.298513,0 days 00:00:09.356873,0.2,0.0008179499475211679,3.752055855124284e-05,"{'overall': {'n': 31, 'accuracy': 0.6451612903225806, 'precision': 0.56, 'recall': 1.0, 'sensitivity': 1.0, 'specificity': 0.35294117647058826, 'balanced_accuracy': 0.6764705882352942, 'f1': 0.717948717948718, 'confusion_matrix': [[6, 11], [0, 14]], 'auc': 0.7394957983193278, 'roc_curve': {'fpr': [0.0, 0.0, 0.0, 0.11764705882352941, 0.11764705882352941, 0.17647058823529413, 0.17647058823529413, 0.29411764705882354, 0.29411764705882354, 0.35294117647058826, 0.35294117647058826, 0.47058823529411764, 0.47058823529411764, 0.5882352941176471, 0.5882352941176471, 0.6470588235294118, 0.6470588235294118, 1.0], 'tpr': [0.0, 0.07142857142857142, 0.2857142857142857, 0.2857142857142857, 0.35714285714285715, 0.35714285714285715, 0.42857142857142855, 0.42857142857142855, 0.5714285714285714, 0.5714285714285714, 0.7857142857142857, 0.7857142857142857, 0.8571428571428571, 0.8571428571428571, 0.9285714285714286, 0.9285714285714286, 1.0, 1.0]}}, 'India': {'n': 14, 'accuracy': 0.7142857142857143, 'precision': 0.7142857142857143, 'recall': 1.0, 'sensitivity': 1.0, 'specificity': 0.0, 'balanced_accuracy': 0.5, 'f1': 0.8333333333333334, 'confusion_matrix': [[0, 4], [0, 10]], 'auc': 0.525, 'roc_curve': {'fpr': [0.0, 0.0, 0.0, 0.25, 0.25, 0.5, 0.5, 0.75, 0.75, 1.0, 1.0], 'tpr': [0.0, 0.1, 0.3, 0.3, 0.4, 0.4, 0.6, 0.6, 0.8, 0.8, 1.0]}}, 'Italy': {'n': 17, 'accuracy': 0.5882352941176471, 'precision': 0.36363636363636365, 'recall': 1.0, 'sensitivity': 1.0, 'specificity': 0.46153846153846156, 'balanced_accuracy': 0.7307692307692308, 'f1': 0.5333333333333333, 'confusion_matrix': [[6, 7], [0, 4]], 'auc': 0.8269230769230769, 'roc_curve': {'fpr': [0.0, 0.0, 0.23076923076923078, 0.23076923076923078, 1.0], 'tpr': [0.0, 0.25, 0.25, 1.0, 1.0]}}}",mobilenet_v3_small_forniceal_palpebral_v2_clean,"[0.7873887496740639, 0.7650028232003556, 0.7205617062899531, 0.6899223201939849, 0.6779056377962333, 0.6553101847771885, 0.6426804483342333, 0.6281418402989706, 0.6130089374626575, 0.5915998019734208, 0.5739259752286535, 0.5639781019314617, 0.5432594264445662, 0.559611281975597, 0.5558547681691696, 0.5335273998124259, 0.5388315086867533, 0.517435684090569, 0.5454091113440844, 0.5244938684564059, 0.520939382160602, 0.5022207247156675]","[0.7921339273452759, 0.7837617993354797, 0.7740336656570435, 0.7653945684432983, 0.76177978515625, 0.7630108594894409, 0.7642446160316467, 0.7641683220863342, 0.7639436721801758, 0.7615439891815186, 0.7582504153251648, 0.7537115812301636, 0.7508429288864136, 0.7469093203544617, 0.7454419136047363, 0.7466993927955627, 0.7468708157539368, 0.7466239929199219, 0.7491343021392822, 0.7487016320228577, 0.7459187507629395, 0.7464757561683655]","[{'accuracy': 0.4838709677419355, 'f1': 0.6363636363636364, 'sensitivity': 1.0, 'specificity': 0.058823529411764705}, {'accuracy': 0.45161290322580644, 'f1': 0.6222222222222222, 'sensitivity': 1.0, 'specificity': 0.0}, {'accuracy': 0.45161290322580644, 'f1': 0.6222222222222222, 'sensitivity': 1.0, 'specificity': 0.0}, {'accuracy': 0.45161290322580644, 'f1': 0.6222222222222222, 'sensitivity': 1.0, 'specificity': 0.0}, {'accuracy': 0.45161290322580644, 'f1': 0.6222222222222222, 'sensitivity': 1.0, 'specificity': 0.0}, {'accuracy': 0.45161290322580644, 'f1': 0.6222222222222222, 'sensitivity': 1.0, 'specificity': 0.0}, {'accuracy': 0.45161290322580644, 'f1': 0.6222222222222222, 'sensitivity': 1.0, 'specificity': 0.0}, {'accuracy': 0.45161290322580644, 'f1': 0.6222222222222222, 'sensitivity': 1.0, 'specificity': 0.0}, {'accuracy': 0.45161290322580644, 'f1': 0.6222222222222222, 'sensitivity': 1.0, 'specificity': 0.0}, {'accuracy': 0.45161290322580644, 'f1': 0.6222222222222222, 'sensitivity': 1.0, 'specificity': 0.0}, {'accuracy': 0.45161290322580644, 'f1': 0.6222222222222222, 'sensitivity': 1.0, 'specificity': 0.0}, {'accuracy': 0.4838709677419355, 'f1': 0.6363636363636364, 'sensitivity': 1.0, 'specificity': 0.058823529411764705}, {'accuracy': 0.5161290322580645, 'f1': 0.6511627906976745, 'sensitivity': 1.0, 'specificity': 0.11764705882352941}, {'accuracy': 0.5161290322580645, 'f1': 0.6511627906976745, 'sensitivity': 1.0, 'specificity': 0.11764705882352941}, {'accuracy': 0.5161290322580645, 'f1': 0.6511627906976745, 'sensitivity': 1.0, 'specificity': 0.11764705882352941}, {'accuracy': 0.5161290322580645, 'f1': 0.6511627906976745, 'sensitivity': 1.0, 'specificity': 0.11764705882352941}, {'accuracy': 0.5161290322580645, 'f1': 0.6511627906976745, 'sensitivity': 1.0, 'specificity': 0.11764705882352941}, {'accuracy': 0.5483870967741935, 'f1': 0.6666666666666666, 'sensitivity': 1.0, 'specificity': 0.17647058823529413}, {'accuracy': 0.5161290322580645, 'f1': 0.6511627906976745, 'sensitivity': 1.0, 'specificity': 0.11764705882352941}, {'accuracy': 0.5483870967741935, 'f1': 0.6666666666666666, 'sensitivity': 1.0, 'specificity': 0.17647058823529413}, {'accuracy': 0.5806451612903226, 'f1': 0.6829268292682927, 'sensitivity': 1.0, 'specificity': 0.23529411764705882}, {'accuracy': 0.6451612903225806, 'f1': 0.717948717948718, 'sensitivity': 1.0, 'specificity': 0.35294117647058826}]",COMPLETE
5,0.7,2026-08-02 15:45:39.298950,2026-08-02 15:45:43.674766,0 days 00:00:04.375816,0.5,0.07734445970634252,0.00047982072674057337,"{'overall': {'n': 31, 'accuracy': 0.6129032258064516, 'precision': 0.5384615384615384, 'recall': 1.0, 'sensitivity': 1.0, 'specificity': 0.29411764705882354, 'balanced_accuracy': 0.6470588235294118, 'f1': 0.7, 'confusion_matrix': [[5, 12], [0, 14]], 'auc': 0.7394957983193278, 'roc_curve': {'fpr': [0.0, 0.0, 0.0, 0.11764705882352941, 0.11764705882352941, 0.29411764705882354, 0.29411764705882354, 0.4117647058823529, 0.4117647058823529, 0.47058823529411764, 0.47058823529411764, 0.5294117647058824, 0.5294117647058824, 0.5882352941176471, 0.5882352941176471, 1.0], 'tpr': [0.0, 0.07142857142857142, 0.2857142857142857, 0.2857142857142857, 0.5, 0.5, 0.5714285714285714, 0.5714285714285714, 0.7142857142857143, 0.7142857142857143, 0.7857142857142857, 0.7857142857142857, 0.8571428571428571, 0.8571428571428571, 1.0, 1.0]}}, 'India': {'n': 14, 'accuracy': 0.7142857142857143, 'precision': 0.7142857142857143, 'recall': 1.0, 'sensitivity': 1.0, 'specificity': 0.0, 'balanced_accuracy': 0.5, 'f1': 0.8333333333333334, 'confusion_matrix': [[0, 4], [0, 10]], 'auc': 0.6, 'roc_curve': {'fpr': [0.0, 0.0, 0.0, 0.25, 0.25, 0.75, 0.75, 1.0], 'tpr': [0.0, 0.1, 0.4, 0.4, 0.5, 0.5, 1.0, 1.0]}}, 'Italy': {'n': 17, 'accuracy': 0.5294117647058824, 'precision': 0.3333333333333333, 'recall': 1.0, 'sensitivity': 1.0, 'specificity': 0.38461538461538464, 'balanced_accuracy': 0.6923076923076923, 'f1': 0.5, 'confusion_matrix': [[5, 8], [0, 4]], 'auc': 0.75, 'roc_curve': {'fpr': [0.0, 0.07692307692307693, 0.07692307692307693, 0.38461538461538464, 0.38461538461538464, 0.46153846153846156, 0.46153846153846156, 1.0], 'tpr': [0.0, 0.0, 0.5, 0.5, 0.75, 0.75, 1.0, 1.0]}}}",mobilenet_v3_small_forniceal_palpebral_v2_clean,"[0.747740037992698, 0.9616196098781767, 1.040893588747297, 0.9418886981042874, 0.7976650705142897, 1.0379537125023044, 1.2781367114409297, 0.8712009548329983, 1.0294329215880154, 0.9534467872308225]","[0.8779842853546143, 0.8636257648468018, 0.7416791319847107, 1.5096766948699951, 2.725184679031372, 3.337453842163086, 2.417534589767456, 1.508646011352539, 1.3066229820251465, 1.2327959537506104]","[{'accuracy': 0.5483870967741935, 'f1': 0.6666666666666666, 'sensitivity': 1.0, 'specificity': 0.17647058823529413}, {'accuracy': 0.7096774193548387, 'f1': 0.6086956521739131, 'sensitivity': 0.5, 'specificity': 0.8823529411764706}, {'accuracy': 0.6129032258064516, 'f1': 0.5714285714285714, 'sensitivity': 0.5714285714285714, 'specificity': 0.6470588235294118}, {'accuracy': 0.6129032258064516, 'f1': 0.7, 'sensitivity': 1.0, 'specificity': 0.29411764705882354}, {'accuracy': 0.5161290322580645, 'f1': 0.6511627906976745, 'sensitivity': 1.0, 'specificity': 0.11764705882352941}, {'accuracy': 0.5161290322580645, 'f1': 0.6511627906976745, 'sensitivity': 1.0, 'specificity': 0.11764705882352941}, {'accuracy': 0.5806451612903226, 'f1': 0.6829268292682927, 'sensitivity': 1.0, 'specificity': 0.23529411764705882}, {'accuracy': 0.5806451612903226, 'f1': 0.6285714285714286, 'sensitivity': 0.7857142857142857, 'specificity': 0.4117647058823529}, {'accuracy': 0.6129032258064516, 'f1': 0.625, 'sensitivity': 0.7142857142857143, 'specificity': 0.5294117647058824}, {'accuracy': 0.5806451612903226, 'f1': 0.5517241379310345, 'sensitivity': 0.5714285714285714, 'specificity': 0.5882352941176471}]",COMPLETE
6,0.7222222222222222,2026-08-02 15:45:43.675117,2026-08-02 15:45:48.914253,0 days 00:00:05.239136,0.5,0.006769507640303222,4.975529116456148e-05,"{'overall': {'n': 31, 'accuracy': 0.6774193548387096, 'precision': 0.5909090909090909, 'recall': 0.9285714285714286, 'sensitivity': 0.9285714285714286, 'specificity': 0.47058823529411764, 'balanced_accuracy': 0.6995798319327731, 'f1': 0.7222222222222222, 'confusion_matrix': [[8, 9], [1, 13]], 'auc': 0.7815126050420168, 'roc_curve': {'fpr': [0.0, 0.058823529411764705, 0.11764705882352941, 0.11764705882352941, 0.29411764705882354, 0.29411764705882354, 0.47058823529411764, 0.47058823529411764, 0.8235294117647058, 0.8235294117647058, 1.0], 'tpr': [0.0, 0.0, 0.0, 0.7142857142857143, 0.7142857142857143, 0.8571428571428571, 0.8571428571428571, 0.9285714285714286, 0.9285714285714286, 1.0, 1.0]}}, 'India': {'n': 14, 'accuracy': 0.7142857142857143, 'precision': 0.75, 'recall': 0.9, 'sensitivity': 0.9, 'specificity': 0.25, 'balanced_accuracy': 0.575, 'f1': 0.8181818181818182, 'confusion_matrix': [[1, 3], [1, 9]], 'auc': 0.7250000000000001, 'roc_curve': {'fpr': [0.0, 0.0, 0.0, 0.5, 0.5, 0.75, 0.75, 1.0, 1.0], 'tpr': [0.0, 0.1, 0.6, 0.6, 0.8, 0.8, 0.9, 0.9, 1.0]}}, 'Italy': {'n': 17, 'accuracy': 0.6470588235294118, 'precision': 0.4, 'recall': 1.0, 'sensitivity': 1.0, 'specificity': 0.5384615384615384, 'balanced_accuracy': 0.7692307692307692, 'f1': 0.5714285714285714, 'confusion_matrix': [[7, 6], [0, 4]], 'auc': 0.8461538461538461, 'roc_curve': {'fpr': [0.0, 0.07692307692307693, 0.15384615384615385, 0.15384615384615385, 1.0], 'tpr': [0.0, 0.0, 0.0, 1.0, 1.0]}}}",mobilenet_v3_small_forniceal_palpebral_v2_clean,"[0.7542162253743127, 0.6366119705089907, 0.5895816862177686, 0.5406170925315545, 0.5291087493604544, 0.5147968096797969, 0.5371237770229781, 0.48188024151081943, 0.45009267228801236, 0.4846761861220509, 0.41734811460890736, 0.4073900529721967]","[0.7814164161682129, 0.7529224753379822, 0.7393252849578857, 0.7265177965164185, 0.7142289876937866, 0.7309394478797913, 0.7379278540611267, 0.7483131289482117, 0.7381552457809448, 0.7269304394721985, 0.7273683547973633, 0.7500713467597961]","[{'accuracy': 0.5806451612903226, 'f1': 0.6486486486486487, 'sensitivity': 0.8571428571428571, 'specificity': 0.35294117647058826}, {'accuracy': 0.6451612903225806, 'f1': 0.6857142857142857, 'sensitivity': 0.8571428571428571, 'specificity': 0.47058823529411764}, {'accuracy': 0.6451612903225806, 'f1': 0.6857142857142857, 'sensitivity': 0.8571428571428571, 'specificity': 0.47058823529411764}, {'accuracy': 0.6774193548387096, 'f1': 0.7058823529411765, 'sensitivity': 0.8571428571428571, 'specificity': 0.5294117647058824}, {'accuracy': 0.6774193548387096, 'f1': 0.7058823529411765, 'sensitivity': 0.8571428571428571, 'specificity': 0.5294117647058824}, {'accuracy': 0.6774193548387096, 'f1': 0.7222222222222222, 'sensitivity': 0.9285714285714286, 'specificity': 0.47058823529411764}, {'accuracy': 0.6129032258064516, 'f1': 0.6842105263157895, 'sensitivity': 0.9285714285714286, 'specificity': 0.35294117647058826}, {'accuracy': 0.6129032258064516, 'f1': 0.6842105263157895, 'sensitivity': 0.9285714285714286, 'specificity': 0.35294117647058826}, {'accuracy': 0.6129032258064516, 'f1': 0.6842105263157895, 'sensitivity': 0.9285714285714286, 'specificity': 0.35294117647058826}, {'accuracy': 0.6451612903225806, 'f1': 0.7027027027027027, 'sensitivity': 0.9285714285714286, 'specificity': 0.4117647058823529}, {'accuracy': 0.6129032258064516, 'f1': 0.6842105263157895, 'sensitivity': 0.9285714285714286, 'specificity': 0.35294117647058826}, {'accuracy': 0.6451612903225806, 'f1': 0.717948717948718, 'sensitivity': 1.0, 'specificity': 0.35294117647058826}]",COMPLETE
7,0.6222222222222222,2026-08-02 15:45:48.914668,2026-08-02 15:45:52.348315,0 days 00:00:03.433647,0.5,0.00011137414908293505,5.7709261167741526e-05,"{'overall': {'n': 31, 'accuracy': 0.45161290322580644, 'precision': 0.45161290322580644, 'recall': 1.0, 'sensitivity': 1.0, 'specificity': 0.0, 'balanced_accuracy': 0.5, 'f1': 0.6222222222222222, 'confusion_matrix': [[0, 17], [0, 14]], 'auc': 0.4705882352941176, 'roc_curve': {'fpr': [0.0, 0.058823529411764705, 0.11764705882352941, 0.11764705882352941, 0.17647058823529413, 0.17647058823529413, 0.29411764705882354, 0.29411764705882354, 0.35294117647058826, 0.35294117647058826, 0.4117647058823529, 0.4117647058823529, 0.5294117647058824, 0.5294117647058824, 0.8823529411764706, 0.8823529411764706, 0.9411764705882353, 0.9411764705882353, 1.0, 1.0], 'tpr': [0.0, 0.0, 0.0, 0.07142857142857142, 0.07142857142857142, 0.14285714285714285, 0.14285714285714285, 0.2857142857142857, 0.2857142857142857, 0.42857142857142855, 0.42857142857142855, 0.5, 0.5, 0.7142857142857143, 0.7142857142857143, 0.7857142857142857, 0.7857142857142857, 0.8571428571428571, 0.8571428571428571, 1.0]}}, 'India': {'n': 14, 'accuracy': 0.7142857142857143, 'precision': 0.7142857142857143, 'recall': 1.0, 'sensitivity': 1.0, 'specificity': 0.0, 'balanced_accuracy': 0.5, 'f1': 0.8333333333333334, 'confusion_matrix': [[0, 4], [0, 10]], 'auc': 0.5499999999999999, 'roc_curve': {'fpr': [0.0, 0.0, 0.0, 0.25, 0.25, 0.75, 0.75, 1.0, 1.0], 'tpr': [0.0, 0.1, 0.3, 0.3, 0.6, 0.6, 0.7, 0.7, 1.0]}}, 'Italy': {'n': 17, 'accuracy': 0.23529411764705882, 'precision': 0.23529411764705882, 'recall': 1.0, 'sensitivity': 1.0, 'specificity': 0.0, 'balanced_accuracy': 0.5, 'f1': 0.38095238095238093, 'confusion_matrix': [[0, 13], [0, 4]], 'auc': 0.5, 'roc_curve': {'fpr': [0.0, 0.07692307692307693, 0.38461538461538464, 0.38461538461538464, 0.6153846153846154, 0.6153846153846154, 1.0], 'tpr': [0.0, 0.0, 0.0, 0.5, 0.5, 1.0, 1.0]}}}",mobilenet_v3_small_forniceal_palpebral_v2_clean,"[0.8169177198896602, 0.7960319000036538, 0.8024507104134073, 0.7899205327844944, 0.7950939004924021, 0.7817448093777611, 0.792356826821152, 0.7725711902793573]","[0.821683406829834, 0.8224486708641052, 0.8297075629234314, 0.8361682295799255, 0.8366492986679077, 0.8374358415603638, 0.8371530175209045, 0.8380082845687866]","[{'accuracy': 0.45161290322580644, 'f1': 0.6222222222222222, 'sensitivity': 1.0, 'specificity': 0.0}, {'accuracy': 0.45161290322580644, 'f1': 0.6222222222222222, 'sensitivity': 1.0, 'specificity': 0.0}, {'accuracy': 0.45161290322580644, 'f1': 0.6222222222222222, 'sensitivity': 1.0, 'specificity': 0.0}, {'accuracy': 0.45161290322580644, 'f1': 0.6222222222222222, 'sensitivity': 1.0, 'specificity': 0.0}, {'accuracy': 0.41935483870967744, 'f1': 0.5909090909090909, 'sensitivity': 0.9285714285714286, 'specificity': 0.0}, {'accuracy': 0.3870967741935484, 'f1': 0.5581395348837209, 'sensitivity': 0.8571428571428571, 'specificity': 0.0}, {'accuracy': 0.3870967741935484, 'f1': 0.5581395348837209, 'sensitivity': 0.8571428571428571, 'specificity': 0.0}, {'accuracy': 0.3548387096774194, 'f1': 0.5238095238095238, 'sensitivity': 0.7857142857142857, 'specificity': 0.0}]",COMPLETE
8,0.7,2026-08-02 15:45:52.348670,2026-08-02 15:45:56.239235,0 days 00:00:03.890565,0.2,0.006464900601177843,1.217404417807552e-06,"{'overall': {'n': 31, 'accuracy': 0.6129032258064516, 'precision': 0.5384615384615384, 'recall': 1.0, 'sensitivity': 1.0, 'specificity': 0.29411764705882354, 'balanced_accuracy': 0.6470588235294118, 'f1': 0.7, 'confusion_matrix': [[5, 12], [0, 14]], 'auc': 0.76890756302521, 'roc_curve': {'fpr': [0.0, 0.058823529411764705, 0.11764705882352941, 0.11764705882352941, 0.23529411764705882, 0.23529411764705882, 0.29411764705882354, 0.29411764705882354, 0.35294117647058826, 0.35294117647058826, 1.0], 'tpr': [0.0, 0.0, 0.0, 0.2857142857142857, 0.2857142857142857, 0.7142857142857143, 0.7142857142857143, 0.7857142857142857, 0.7857142857142857, 1.0, 1.0]}}, 'India': {'n': 14, 'accuracy': 0.7142857142857143, 'precision': 0.7142857142857143, 'recall': 1.0, 'sensitivity': 1.0, 'specificity': 0.0, 'balanced_accuracy': 0.5, 'f1': 0.8333333333333334, 'confusion_matrix': [[0, 4], [0, 10]], 'auc': 0.7250000000000001, 'roc_curve': {'fpr': [0.0, 0.0, 0.0, 0.25, 0.25, 0.5, 0.5, 0.75, 0.75, 1.0], 'tpr': [0.0, 0.1, 0.2, 0.2, 0.8, 0.8, 0.9, 0.9, 1.0, 1.0]}}, 'Italy': {'n': 17, 'accuracy': 0.5294117647058824, 'precision': 0.3333333333333333, 'recall': 1.0, 'sensitivity': 1.0, 'specificity': 0.38461538461538464, 'balanced_accuracy': 0.6923076923076923, 'f1': 0.5, 'confusion_matrix': [[5, 8], [0, 4]], 'auc': 0.8076923076923076, 'roc_curve': {'fpr': [0.0, 0.07692307692307693, 0.15384615384615385, 0.15384615384615385, 0.23076923076923078, 0.23076923076923078, 1.0], 'tpr': [0.0, 0.0, 0.0, 0.5, 0.5, 1.0, 1.0]}}}",mobilenet_v3_small_forniceal_palpebral_v2_clean,"[0.7772168269773729, 0.6024469571048711, 0.5315070695617572, 0.5273122430658664, 0.47677241154268485, 0.43914387461279525, 0.45622797239394414, 0.44809348100707647, 0.4166186147806596]","[0.7858701944351196, 0.7542786002159119, 0.7898582220077515, 0.9148139357566833, 0.9167237877845764, 0.9311342239379883, 0.953295886516571, 1.004173994064331, 1.0210261344909668]","[{'accuracy': 0.4838709677419355, 'f1': 0.6363636363636364, 'sensitivity': 1.0, 'specificity': 0.058823529411764705}, {'accuracy': 0.6129032258064516, 'f1': 0.7, 'sensitivity': 1.0, 'specificity': 0.29411764705882354}, {'accuracy': 0.45161290322580644, 'f1': 0.6222222222222222, 'sensitivity': 1.0, 'specificity': 0.0}, {'accuracy': 0.45161290322580644, 'f1': 0.6222222222222222, 'sensitivity': 1.0, 'specificity': 0.0}, {'accuracy': 0.45161290322580644, 'f1': 0.6222222222222222, 'sensitivity': 1.0, 'specificity': 0.0}, {'accuracy': 0.45161290322580644, 'f1': 0.6222222222222222, 'sensitivity': 1.0, 'specificity': 0.0}, {'accuracy': 0.45161290322580644, 'f1': 0.6222222222222222, 'sensitivity': 1.0, 'specificity': 0.0}, {'accuracy': 0.45161290322580644, 'f1': 0.6222222222222222, 'sensitivity': 1.0, 'specificity': 0.0}, {'accuracy': 0.45161290322580644, 'f1': 0.6222222222222222, 'sensitivity': 1.0, 'specificity': 0.0}]",COMPLETE
